01/12/2018 00:09:23 Entrée dans ActionClub.php
01/12/2018 12:34:50 Entrée dans ActionContact.php
01/12/2018 15:28:55 Entrée dans ActionAccueil.php
01/12/2018 16:40:09 Entrée dans ActionJoueurs.php
01/12/2018 17:31:22 Entrée dans ActionAgenda.php
01/12/2018 17:31:24 Entrée dans ActionAccueil.php
01/12/2018 17:31:55 Entrée dans ActionClub.php
01/12/2018 17:31:58 Entrée dans ActionJoueurs.php
01/12/2018 17:32:00 Entrée dans ActionEcoleDeFoot.php
01/12/2018 17:32:02 Entrée dans ActionEvenement.php
01/12/2018 17:32:04 Entrée dans ActionSponsor.php
01/12/2018 17:32:07 Entrée dans ActionAccueil.php
01/12/2018 18:56:51 Entrée dans ActionJoueurs.php
01/12/2018 19:10:39 Entrée dans ActionEvenement.php
01/12/2018 20:17:53 Entrée dans ActionAccueil.php
01/12/2018 20:31:43 Entrée dans ActionClub.php
01/12/2018 20:37:59 Entrée dans ActionAccueil.php
01/12/2018 20:38:14 Entrée dans ActionClub.php
01/12/2018 20:38:44 Entrée dans ActionEcoleDeFoot.php
02/12/2018 03:14:51 Entrée dans ActionAccueil.php
02/12/2018 03:15:58 Entrée dans ActionJoueurs.php
02/12/2018 03:16:36 Entrée dans ActionClub.php
02/12/2018 03:32:07 Entrée dans ActionClub.php
02/12/2018 03:32:17 Entrée dans ActionJoueurs.php
02/12/2018 03:32:19 Entrée dans ActionEcoleDeFoot.php
02/12/2018 03:35:42 Entrée dans ActionAgenda.php
02/12/2018 03:36:10 Entrée dans ActionAgenda.php
02/12/2018 03:36:37 Entrée dans ActionAgenda.php
02/12/2018 12:17:58 Entrée dans ActionAccueil.php
02/12/2018 12:18:24 Entrée dans ActionAgenda.php
02/12/2018 13:32:04 Entrée dans ActionClub.php
02/12/2018 15:29:35 Entrée dans ActionAccueil.php
02/12/2018 15:29:36 Entrée dans ActionAgenda.php
02/12/2018 15:29:37 Entrée dans ActionSponsor.php
02/12/2018 15:29:38 Entrée dans ActionClub.php
02/12/2018 15:29:39 Entrée dans ActionJoueurs.php
02/12/2018 15:29:39 Entrée dans ActionEcoleDeFoot.php
02/12/2018 15:29:40 Entrée dans ActionEvenement.php
02/12/2018 15:29:41 Entrée dans ActionAccueil.php
02/12/2018 15:29:42 Entrée dans ActionAgenda.php
02/12/2018 15:29:43 Entrée dans ActionSponsor.php
02/12/2018 15:29:44 Entrée dans ActionClub.php
02/12/2018 15:29:44 Entrée dans ActionJoueurs.php
02/12/2018 15:29:45 Entrée dans ActionEcoleDeFoot.php
02/12/2018 15:29:46 Entrée dans ActionEvenement.php
02/12/2018 15:35:24 Entrée dans ActionAccueil.php
02/12/2018 15:36:15 Entrée dans ActionAgenda.php
02/12/2018 16:17:10 Entrée dans ActionAccueil.php
02/12/2018 17:26:40 Entrée dans ActionAccueil.php
02/12/2018 17:44:08 Entrée dans ActionClub.php
02/12/2018 18:29:04 Entrée dans ActionAccueil.php
02/12/2018 19:32:02 Entrée dans ActionJoueurs.php
03/12/2018 03:35:50 Entrée dans ActionClub.php
03/12/2018 03:58:34 Entrée dans ActionSponsor.php
03/12/2018 05:13:36 Entrée dans ActionAccueil.php
03/12/2018 05:13:41 Entrée dans ActionClub.php
03/12/2018 05:13:43 Entrée dans ActionJoueurs.php
03/12/2018 05:13:45 Entrée dans ActionEcoleDeFoot.php
03/12/2018 05:13:47 Entrée dans ActionAgenda.php
03/12/2018 05:13:49 Entrée dans ActionEvenement.php
03/12/2018 05:13:52 Entrée dans ActionSponsor.php
03/12/2018 05:32:09 Entrée dans ActionEvenement.php
03/12/2018 07:14:46 Entrée dans ActionClub.php
03/12/2018 09:15:58 Entrée dans ActionJoueurs.php
03/12/2018 10:22:43 Entrée dans ActionAccueil.php
03/12/2018 10:22:49 Entrée dans ActionJoueurs.php
03/12/2018 11:01:19 Entrée dans ActionClub.php
03/12/2018 11:01:34 Entrée dans ActionJoueurs.php
03/12/2018 11:01:48 Entrée dans ActionJoueurs.php
03/12/2018 11:01:53 Entrée dans ActionClub.php
03/12/2018 11:01:55 Entrée dans ActionAgenda.php
03/12/2018 11:02:11 Entrée dans ActionAgenda.php
03/12/2018 11:02:39 Entrée dans ActionClub.php
03/12/2018 11:03:47 Entrée dans ActionClub.php
03/12/2018 11:04:22 Entrée dans ActionJoueurs.php
03/12/2018 11:04:22 Entrée dans ActionClub.php
03/12/2018 11:06:45 Entrée dans ActionEcoleDeFoot.php
03/12/2018 12:43:44 Entrée dans ActionJoueurs.php
03/12/2018 21:23:01 Entrée dans ActionClub.php
04/12/2018 02:01:26 Entrée dans ActionAccueil.php
04/12/2018 05:04:20 Entrée dans ActionEvenement.php
04/12/2018 05:56:13 Entrée dans ActionAccueil.php
04/12/2018 08:10:37 Entrée dans ActionJoueurs.php
04/12/2018 11:01:00 Entrée dans ActionAccueil.php
04/12/2018 11:01:19 Entrée dans ActionSponsor.php
04/12/2018 14:11:25 Entrée dans ActionAccueil.php
04/12/2018 14:15:14 Entrée dans ActionSponsor.php
04/12/2018 14:40:17 Entrée dans ActionAccueil.php
04/12/2018 14:40:22 Entrée dans ActionSponsor.php
04/12/2018 16:16:48 Entrée dans ActionClub.php
05/12/2018 07:18:40 Entrée dans ActionJoueurs.php
05/12/2018 11:27:09 Entrée dans ActionEcoleDeFoot.php
05/12/2018 11:27:09 Entrée dans ActionClub.php
05/12/2018 11:27:09 Entrée dans ActionJoueurs.php
05/12/2018 11:27:09 Entrée dans ActionSponsor.php
05/12/2018 11:27:09 Entrée dans ActionAccueil.php
05/12/2018 11:27:09 Entrée dans ActionEvenement.php
05/12/2018 14:53:04 Entrée dans ActionEvenement.php
05/12/2018 17:03:38 Entrée dans ActionAgenda.php
05/12/2018 19:48:08 Entrée dans ActionClub.php
06/12/2018 02:21:01 Entrée dans ActionJoueurs.php
06/12/2018 13:03:39 Entrée dans ActionAccueil.php
06/12/2018 13:03:49 Entrée dans ActionEvenement.php
06/12/2018 14:14:55 Entrée dans ActionAccueil.php
06/12/2018 14:16:32 Entrée dans ActionAccueil.php
06/12/2018 14:16:39 Entrée dans ActionJoueurs.php
06/12/2018 16:07:15 Entrée dans ActionAgenda.php
06/12/2018 17:05:14 Entrée dans ActionSponsor.php
06/12/2018 17:26:39 Entrée dans ActionAccueil.php
06/12/2018 17:26:44 Entrée dans ActionEcoleDeFoot.php
06/12/2018 17:26:49 Entrée dans ActionJoueurs.php
06/12/2018 17:26:53 Entrée dans ActionAgenda.php
06/12/2018 17:27:05 Entrée dans ActionClub.php
06/12/2018 17:27:38 Entrée dans ActionJoueurs.php
06/12/2018 17:27:47 Entrée dans ActionAgenda.php
06/12/2018 21:44:45 Entrée dans ActionAccueil.php
06/12/2018 21:56:23 Entrée dans ActionClub.php
07/12/2018 01:43:32 Entrée dans ActionAccueil.php
07/12/2018 01:43:55 Entrée dans ActionAgenda.php
07/12/2018 03:55:38 Entrée dans ActionJoueurs.php
07/12/2018 04:17:32 Entrée dans ActionEcoleDeFoot.php
07/12/2018 04:53:03 Entrée dans ActionAgenda.php
07/12/2018 05:05:53 Entrée dans ActionSponsor.php
07/12/2018 05:11:35 Entrée dans ActionClub.php
07/12/2018 05:25:55 Entrée dans ActionEvenement.php
07/12/2018 07:17:23 Entrée dans ActionContact.php
07/12/2018 10:29:22 Entrée dans ActionAccueil.php
07/12/2018 10:48:56 Entrée dans ActionAccueil.php
07/12/2018 12:50:05 Entrée dans ActionClub.php
07/12/2018 13:09:26 Entrée dans ActionEcoleDeFoot.php
07/12/2018 14:39:39 Entrée dans ActionEvenement.php
07/12/2018 15:33:00 Entrée dans ActionAccueil.php
07/12/2018 15:41:33 Entrée dans ActionJoueurs.php
07/12/2018 16:47:10 Entrée dans ActionSponsor.php
07/12/2018 17:44:53 Entrée dans ActionAccueil.php
07/12/2018 17:49:44 Entrée dans ActionAccueil.php
07/12/2018 19:04:41 Entrée dans ActionAgenda.php
07/12/2018 19:49:05 Entrée dans ActionClub.php
07/12/2018 20:03:50 Entrée dans ActionSponsor.php
07/12/2018 20:43:12 Entrée dans ActionAccueil.php
07/12/2018 20:51:06 Entrée dans ActionJoueurs.php
07/12/2018 20:51:35 Entrée dans ActionEcoleDeFoot.php
07/12/2018 20:51:38 Entrée dans ActionClub.php
07/12/2018 20:51:41 Entrée dans ActionSponsor.php
07/12/2018 21:48:50 Entrée dans ActionEcoleDeFoot.php
07/12/2018 22:06:45 Entrée dans ActionAgenda.php
07/12/2018 22:46:17 Entrée dans ActionClub.php
07/12/2018 23:26:11 Entrée dans ActionEvenement.php
08/12/2018 00:07:59 Entrée dans ActionAgenda.php
08/12/2018 00:50:15 Entrée dans ActionJoueurs.php
08/12/2018 01:01:25 Entrée dans ActionSponsor.php
08/12/2018 01:33:17 Entrée dans ActionSponsor.php
08/12/2018 02:08:34 Entrée dans ActionClub.php
08/12/2018 02:40:50 Entrée dans ActionAgenda.php
08/12/2018 03:10:41 Entrée dans ActionJoueurs.php
08/12/2018 03:44:11 Entrée dans ActionEcoleDeFoot.php
08/12/2018 04:21:36 Entrée dans ActionEvenement.php
08/12/2018 05:02:09 Entrée dans ActionSponsor.php
08/12/2018 05:53:37 Entrée dans ActionAccueil.php
08/12/2018 09:06:59 Entrée dans ActionAgenda.php
08/12/2018 09:07:20 Entrée dans ActionAgenda.php
08/12/2018 09:07:41 Entrée dans ActionAgenda.php
08/12/2018 10:26:58 Entrée dans ActionAccueil.php
08/12/2018 10:27:42 Entrée dans ActionEvenement.php
08/12/2018 10:27:52 Entrée dans ActionEcoleDeFoot.php
08/12/2018 11:30:24 Entrée dans ActionAccueil.php
08/12/2018 17:10:54 Entrée dans ActionAccueil.php
08/12/2018 18:53:05 Entrée dans ActionEcoleDeFoot.php
08/12/2018 19:40:47 Entrée dans ActionAgenda.php
08/12/2018 21:36:28 Entrée dans ActionAccueil.php
08/12/2018 21:57:34 Entrée dans ActionAccueil.php
08/12/2018 21:57:59 Entrée dans ActionAccueil.php
08/12/2018 21:58:18 Entrée dans ActionEcoleDeFoot.php
08/12/2018 21:58:59 Entrée dans ActionJoueurs.php
08/12/2018 22:38:06 Entrée dans ActionEvenement.php
08/12/2018 22:42:10 Entrée dans ActionClub.php
09/12/2018 00:11:16 Entrée dans ActionAgenda.php
09/12/2018 02:45:09 Entrée dans ActionClub.php
09/12/2018 02:45:09 Entrée dans ActionAccueil.php
09/12/2018 02:45:09 Entrée dans ActionEcoleDeFoot.php
09/12/2018 02:45:11 Entrée dans ActionEvenement.php
09/12/2018 02:45:11 Entrée dans ActionSponsor.php
09/12/2018 02:45:12 Entrée dans ActionJoueurs.php
09/12/2018 08:52:36 Entrée dans ActionEcoleDeFoot.php
09/12/2018 09:03:49 Entrée dans ActionAccueil.php
09/12/2018 09:04:22 Entrée dans ActionEcoleDeFoot.php
09/12/2018 09:04:45 Entrée dans ActionJoueurs.php
09/12/2018 10:44:36 Entrée dans ActionAccueil.php
09/12/2018 10:45:17 Entrée dans ActionEvenement.php
09/12/2018 10:45:25 Entrée dans ActionAgenda.php
09/12/2018 10:45:39 Entrée dans ActionAgenda.php
09/12/2018 10:45:58 Entrée dans ActionAgenda.php
09/12/2018 10:46:06 Entrée dans ActionAgenda.php
09/12/2018 14:34:36 Entrée dans ActionAccueil.php
09/12/2018 14:35:06 Entrée dans ActionClub.php
09/12/2018 14:38:45 Entrée dans ActionEcoleDeFoot.php
09/12/2018 19:42:12 Entrée dans ActionClub.php
09/12/2018 19:56:10 Entrée dans ActionAccueil.php
09/12/2018 19:56:30 Entrée dans ActionEcoleDeFoot.php
09/12/2018 19:57:20 Entrée dans ActionJoueurs.php
09/12/2018 20:09:10 Entrée dans ActionAccueil.php
09/12/2018 20:09:56 Entrée dans ActionClub.php
09/12/2018 20:10:26 Entrée dans ActionClub.php
09/12/2018 20:11:55 Entrée dans ActionEcoleDeFoot.php
09/12/2018 21:34:39 Entrée dans ActionAccueil.php
09/12/2018 21:35:00 Entrée dans ActionEvenement.php
09/12/2018 23:16:17 Entrée dans ActionEcoleDeFoot.php
10/12/2018 14:44:35 Entrée dans ActionAgenda.php
10/12/2018 20:23:28 Entrée dans ActionAccueil.php
10/12/2018 20:23:35 Entrée dans ActionEvenement.php
10/12/2018 22:02:21 Entrée dans ActionSponsor.php
10/12/2018 23:53:59 Entrée dans ActionJoueurs.php
11/12/2018 09:47:01 Entrée dans ActionAccueil.php
11/12/2018 09:47:04 Entrée dans ActionSponsor.php
11/12/2018 10:20:19 Entrée dans ActionAgenda.php
11/12/2018 12:03:12 Entrée dans ActionJoueurs.php
11/12/2018 16:43:58 Entrée dans ActionAccueil.php
12/12/2018 10:48:42 Entrée dans ActionAccueil.php
12/12/2018 10:50:38 Entrée dans ActionSponsor.php
12/12/2018 10:50:55 Entrée dans ActionClub.php
12/12/2018 10:51:38 Entrée dans ActionClub.php
12/12/2018 15:10:50 Entrée dans ActionAgenda.php
12/12/2018 19:05:52 Entrée dans ActionEcoleDeFoot.php
12/12/2018 20:19:59 Entrée dans ActionAgenda.php
12/12/2018 20:52:06 Entrée dans ActionEcoleDeFoot.php
12/12/2018 20:52:42 Entrée dans ActionJoueurs.php
12/12/2018 20:53:06 Entrée dans ActionJoueurs.php
12/12/2018 20:53:07 Entrée dans ActionClub.php
12/12/2018 20:57:15 Entrée dans ActionEvenement.php
12/12/2018 20:57:27 Entrée dans ActionClub.php
12/12/2018 20:57:35 Entrée dans ActionJoueurs.php
12/12/2018 20:57:39 Entrée dans ActionAgenda.php
12/12/2018 20:57:42 Entrée dans ActionEvenement.php
12/12/2018 20:57:43 Entrée dans ActionAgenda.php
12/12/2018 21:12:24 Entrée dans ActionClub.php
13/12/2018 00:41:37 Entrée dans ActionEcoleDeFoot.php
13/12/2018 03:44:16 Entrée dans ActionJoueurs.php
13/12/2018 06:13:06 Entrée dans ActionLogin.php
13/12/2018 08:33:34 Entrée dans ActionEcoleDeFoot.php
13/12/2018 11:36:41 Entrée dans ActionEvenement.php
13/12/2018 22:00:30 Entrée dans ActionAccueil.php
13/12/2018 22:32:40 Entrée dans ActionAccueil.php
13/12/2018 22:52:40 Entrée dans ActionSponsor.php
14/12/2018 00:09:47 Entrée dans ActionEcoleDeFoot.php
14/12/2018 00:55:34 Entrée dans ActionEvenement.php
14/12/2018 01:37:39 Entrée dans ActionJoueurs.php
14/12/2018 02:19:38 Entrée dans ActionSponsor.php
14/12/2018 03:49:20 Entrée dans ActionAccueil.php
14/12/2018 04:28:50 Entrée dans ActionAgenda.php
14/12/2018 04:51:33 Entrée dans ActionJoueurs.php
14/12/2018 05:06:16 Entrée dans ActionAgenda.php
14/12/2018 07:04:36 Entrée dans ActionClub.php
14/12/2018 07:15:00 Entrée dans ActionAccueil.php
14/12/2018 07:21:12 Entrée dans ActionEcoleDeFoot.php
14/12/2018 07:30:07 Entrée dans ActionClub.php
14/12/2018 07:38:53 Entrée dans ActionEvenement.php
14/12/2018 07:51:12 Entrée dans ActionAgenda.php
14/12/2018 08:03:11 Entrée dans ActionAccueil.php
14/12/2018 08:06:51 Entrée dans ActionJoueurs.php
14/12/2018 08:10:42 Entrée dans ActionClub.php
14/12/2018 09:43:32 Entrée dans ActionJoueurs.php
14/12/2018 11:20:44 Entrée dans ActionClub.php
14/12/2018 19:14:16 Entrée dans ActionContact.php
14/12/2018 21:17:24 Entrée dans ActionAccueil.php
14/12/2018 21:27:32 Entrée dans ActionSponsor.php
14/12/2018 21:42:57 Entrée dans ActionClub.php
15/12/2018 00:00:22 Entrée dans ActionClub.php
15/12/2018 00:51:07 Entrée dans ActionAccueil.php
15/12/2018 08:04:46 Entrée dans ActionEcoleDeFoot.php
15/12/2018 08:04:53 Entrée dans ActionClub.php
15/12/2018 08:04:59 Entrée dans ActionAgenda.php
15/12/2018 08:05:06 Entrée dans ActionSponsor.php
15/12/2018 08:05:13 Entrée dans ActionJoueurs.php
15/12/2018 08:05:20 Entrée dans ActionEvenement.php
15/12/2018 09:23:12 Entrée dans ActionClub.php
15/12/2018 13:37:07 Entrée dans ActionEvenement.php
15/12/2018 14:57:09 Entrée dans ActionAgenda.php
15/12/2018 14:57:14 Entrée dans ActionAgenda.php
15/12/2018 17:13:33 Entrée dans ActionAccueil.php
15/12/2018 17:39:02 Entrée dans ActionAccueil.php
15/12/2018 17:39:31 Entrée dans ActionClub.php
15/12/2018 18:57:11 Entrée dans ActionAgenda.php
15/12/2018 18:57:27 Entrée dans ActionAgenda.php
15/12/2018 19:34:32 Entrée dans ActionJoueurs.php
15/12/2018 20:21:46 Entrée dans ActionAgenda.php
15/12/2018 21:14:00 Entrée dans ActionJoueurs.php
15/12/2018 23:13:47 Entrée dans ActionAccueil.php
15/12/2018 23:48:01 Entrée dans ActionAccueil.php
16/12/2018 01:57:15 Entrée dans ActionJoueurs.php
16/12/2018 01:59:07 Entrée dans ActionAccueil.php
16/12/2018 02:02:47 Entrée dans ActionAgenda.php
16/12/2018 02:12:50 Entrée dans ActionEcoleDeFoot.php
16/12/2018 02:34:04 Entrée dans ActionClub.php
16/12/2018 02:46:30 Entrée dans ActionEvenement.php
16/12/2018 03:22:02 Entrée dans ActionSponsor.php
16/12/2018 03:25:28 Entrée dans ActionJoueurs.php
16/12/2018 06:22:01 Entrée dans ActionEvenement.php
16/12/2018 08:11:12 Entrée dans ActionEvenement.php
16/12/2018 09:19:21 Entrée dans ActionContact.php
16/12/2018 11:11:48 Entrée dans ActionJoueurs.php
16/12/2018 11:52:25 Entrée dans ActionJoueurs.php
16/12/2018 15:06:09 Entrée dans ActionClub.php
16/12/2018 18:00:52 Entrée dans ActionAccueil.php
16/12/2018 18:09:24 Entrée dans ActionAccueil.php
16/12/2018 19:59:53 Entrée dans ActionAccueil.php
16/12/2018 22:43:33 Entrée dans ActionAccueil.php
16/12/2018 22:43:47 Entrée dans ActionClub.php
16/12/2018 22:44:15 Entrée dans ActionClub.php
16/12/2018 23:28:33 Entrée dans ActionEcoleDeFoot.php
16/12/2018 23:29:32 Entrée dans ActionJoueurs.php
16/12/2018 23:29:45 Entrée dans ActionEvenement.php
16/12/2018 23:30:03 Entrée dans ActionAgenda.php
16/12/2018 23:30:15 Entrée dans ActionAgenda.php
17/12/2018 02:04:05 Entrée dans ActionAccueil.php
17/12/2018 02:04:46 Entrée dans ActionAccueil.php
17/12/2018 02:04:56 Entrée dans ActionEvenement.php
17/12/2018 02:05:19 Entrée dans ActionAgenda.php
17/12/2018 02:06:27 Entrée dans ActionAgenda.php
17/12/2018 02:06:38 Entrée dans ActionAgenda.php
17/12/2018 02:10:39 Entrée dans ActionAgenda.php
17/12/2018 02:11:25 Entrée dans ActionAgenda.php
17/12/2018 02:21:52 Entrée dans ActionContact.php
17/12/2018 05:01:11 Entrée dans ActionClub.php
17/12/2018 05:06:45 Entrée dans ActionAgenda.php
17/12/2018 05:47:45 Entrée dans ActionClub.php
17/12/2018 10:38:09 Entrée dans ActionSponsor.php
17/12/2018 10:38:38 Entrée dans ActionAccueil.php
17/12/2018 10:38:42 Entrée dans ActionClub.php
17/12/2018 10:38:44 Entrée dans ActionJoueurs.php
17/12/2018 10:38:47 Entrée dans ActionEcoleDeFoot.php
17/12/2018 10:38:49 Entrée dans ActionAgenda.php
17/12/2018 10:38:51 Entrée dans ActionEvenement.php
17/12/2018 10:38:53 Entrée dans ActionSponsor.php
17/12/2018 20:28:26 Entrée dans ActionAccueil.php
17/12/2018 21:14:28 Entrée dans ActionAgenda.php
17/12/2018 22:30:36 Entrée dans ActionAccueil.php
17/12/2018 22:52:24 Entrée dans ActionAccueil.php
17/12/2018 22:52:33 Entrée dans ActionClub.php
17/12/2018 22:52:40 Entrée dans ActionClub.php
18/12/2018 02:37:33 Entrée dans ActionAccueil.php
18/12/2018 04:23:02 Entrée dans ActionAccueil.php
19/12/2018 02:48:03 Entrée dans ActionClub.php
19/12/2018 02:48:35 Entrée dans ActionClub.php
19/12/2018 08:44:28 Entrée dans ActionAccueil.php
19/12/2018 09:31:55 Entrée dans ActionAccueil.php
19/12/2018 11:19:48 Entrée dans ActionEcoleDeFoot.php
19/12/2018 13:50:23 Entrée dans ActionEcoleDeFoot.php
19/12/2018 14:22:16 Entrée dans ActionAccueil.php
19/12/2018 14:22:24 Entrée dans ActionClub.php
19/12/2018 15:44:50 Entrée dans ActionAccueil.php
19/12/2018 17:45:49 Entrée dans ActionClub.php
19/12/2018 19:06:54 Entrée dans ActionAccueil.php
19/12/2018 23:43:43 Entrée dans ActionClub.php
20/12/2018 00:48:25 Entrée dans ActionAccueil.php
20/12/2018 02:29:52 Entrée dans ActionEvenement.php
20/12/2018 04:10:31 Entrée dans ActionAccueil.php
20/12/2018 05:03:38 Entrée dans ActionSponsor.php
20/12/2018 06:40:27 Entrée dans ActionAccueil.php
20/12/2018 06:40:27 Entrée dans ActionClub.php
20/12/2018 06:40:28 Entrée dans ActionJoueurs.php
20/12/2018 06:40:29 Entrée dans ActionEcoleDeFoot.php
20/12/2018 06:40:29 Entrée dans ActionAgenda.php
20/12/2018 06:40:30 Entrée dans ActionEvenement.php
20/12/2018 06:40:31 Entrée dans ActionSponsor.php
20/12/2018 11:53:09 Entrée dans ActionAccueil.php
20/12/2018 12:50:27 Entrée dans ActionEcoleDeFoot.php
20/12/2018 13:39:25 Entrée dans ActionAccueil.php
20/12/2018 13:40:31 Entrée dans ActionLogin.php
20/12/2018 13:40:31 Authentification de fgastrini.
20/12/2018 13:40:31 Entrée dans ActionProfil.php
20/12/2018 13:40:38 Entrée dans ActionRencontre.php
20/12/2018 13:40:42 Entrée dans GestionResultats.php
20/12/2018 13:40:57 Entrée dans GestionResultats.php
20/12/2018 13:41:20 Entrée dans GestionResultats.php
20/12/2018 13:41:28 Entrée dans GestionResultats.php
20/12/2018 13:41:40 Entrée dans GestionResultats.php
20/12/2018 13:41:44 Entrée dans GestionResultats.php
20/12/2018 13:41:51 Entrée dans ActionAccueil.php
20/12/2018 13:42:24 Entrée dans ActionEcoleDeFoot.php
20/12/2018 13:43:35 Entrée dans ActionClub.php
20/12/2018 13:43:48 Entrée dans ActionProfil.php
20/12/2018 13:43:53 Entrée dans ActionRencontre.php
20/12/2018 13:43:57 Entrée dans GestionResultats.php
20/12/2018 13:44:00 Entrée dans ActionArticle.php
20/12/2018 13:44:19 Entrée dans ActionProfil.php
20/12/2018 13:44:40 Entrée dans ActionAccueil.php
20/12/2018 13:44:40 Entrée dans ActionAccueil.php
20/12/2018 15:49:02 Entrée dans ActionAccueil.php
20/12/2018 15:49:36 Entrée dans ActionAccueil.php
20/12/2018 15:49:42 Entrée dans ActionEcoleDeFoot.php
20/12/2018 15:51:45 Entrée dans ActionAccueil.php
20/12/2018 15:51:48 Entrée dans ActionClub.php
20/12/2018 15:51:51 Entrée dans ActionEcoleDeFoot.php
20/12/2018 15:52:13 Entrée dans ActionEcoleDeFoot.php
20/12/2018 15:53:59 Entrée dans ActionAccueil.php
20/12/2018 15:54:03 Entrée dans ActionEcoleDeFoot.php
20/12/2018 15:54:12 Entrée dans ActionSponsor.php
20/12/2018 18:59:09 Entrée dans ActionJoueurs.php
20/12/2018 21:43:24 Entrée dans ActionAccueil.php
20/12/2018 22:22:51 Entrée dans ActionContact.php
21/12/2018 00:13:09 Entrée dans ActionClub.php
21/12/2018 06:06:38 Entrée dans ActionAccueil.php
21/12/2018 06:06:38 Entrée dans ActionClub.php
21/12/2018 06:06:38 Entrée dans ActionJoueurs.php
21/12/2018 06:06:38 Entrée dans ActionEcoleDeFoot.php
21/12/2018 06:06:39 Entrée dans ActionAgenda.php
21/12/2018 06:06:39 Entrée dans ActionEvenement.php
21/12/2018 06:06:39 Entrée dans ActionSponsor.php
21/12/2018 07:47:22 Entrée dans ActionAccueil.php
21/12/2018 07:47:22 Entrée dans ActionClub.php
21/12/2018 07:47:23 Entrée dans ActionJoueurs.php
21/12/2018 07:47:24 Entrée dans ActionEcoleDeFoot.php
21/12/2018 07:47:25 Entrée dans ActionAgenda.php
21/12/2018 10:49:09 Entrée dans ActionAccueil.php
22/12/2018 03:46:56 Entrée dans ActionSponsor.php
22/12/2018 04:27:21 Entrée dans ActionAccueil.php
22/12/2018 05:49:40 Entrée dans ActionSponsor.php
22/12/2018 14:54:28 Entrée dans ActionAccueil.php
22/12/2018 14:54:52 Entrée dans ActionJoueurs.php
22/12/2018 14:54:52 Entrée dans ActionJoueurs.php
23/12/2018 05:24:02 Entrée dans ActionAgenda.php
23/12/2018 05:24:28 Entrée dans ActionSponsor.php
23/12/2018 05:25:05 Entrée dans ActionAgenda.php
23/12/2018 12:43:19 Entrée dans ActionEvenement.php
23/12/2018 16:30:18 Entrée dans ActionAccueil.php
23/12/2018 23:39:02 Entrée dans ActionAgenda.php
24/12/2018 02:35:14 Entrée dans ActionAccueil.php
24/12/2018 05:57:57 Entrée dans ActionSponsor.php
24/12/2018 21:32:34 Entrée dans ActionAccueil.php
24/12/2018 22:31:26 Entrée dans ActionJoueurs.php
24/12/2018 23:58:21 Entrée dans ActionClub.php
25/12/2018 03:45:16 Entrée dans ActionAgenda.php
25/12/2018 03:45:30 Entrée dans ActionClub.php
25/12/2018 03:45:45 Entrée dans ActionEcoleDeFoot.php
25/12/2018 03:45:58 Entrée dans ActionEvenement.php
25/12/2018 03:46:11 Entrée dans ActionSponsor.php
25/12/2018 06:13:05 Entrée dans ActionAccueil.php
25/12/2018 08:35:17 Entrée dans ActionAccueil.php
25/12/2018 09:25:34 Entrée dans ActionEcoleDeFoot.php
25/12/2018 10:08:29 Entrée dans ActionEcoleDeFoot.php
25/12/2018 12:02:09 Entrée dans ActionClub.php
25/12/2018 13:47:13 Entrée dans ActionAccueil.php
25/12/2018 16:41:07 Entrée dans ActionJoueurs.php
25/12/2018 19:00:01 Entrée dans ActionClub.php
25/12/2018 20:05:01 Entrée dans ActionJoueurs.php
25/12/2018 22:02:07 Entrée dans ActionAgenda.php
25/12/2018 22:29:13 Entrée dans ActionAgenda.php
26/12/2018 01:04:41 Entrée dans ActionClub.php
26/12/2018 03:32:11 Entrée dans ActionAccueil.php
26/12/2018 04:20:09 Entrée dans ActionSponsor.php
26/12/2018 05:59:21 Entrée dans ActionEvenement.php
26/12/2018 06:22:25 Entrée dans ActionJoueurs.php
26/12/2018 07:52:44 Entrée dans ActionAgenda.php
26/12/2018 12:38:27 Entrée dans ActionAgenda.php
26/12/2018 13:46:40 Entrée dans ActionAccueil.php
26/12/2018 13:46:52 Entrée dans ActionJoueurs.php
26/12/2018 13:47:53 Entrée dans ActionClub.php
26/12/2018 13:48:24 Entrée dans ActionJoueurs.php
26/12/2018 16:39:23 Entrée dans ActionAccueil.php
26/12/2018 16:43:08 Entrée dans ActionAccueil.php
26/12/2018 18:16:26 Entrée dans ActionEcoleDeFoot.php
26/12/2018 21:59:18 Entrée dans ActionJoueurs.php
27/12/2018 01:16:16 Entrée dans ActionJoueurs.php
27/12/2018 03:27:50 Entrée dans ActionEvenement.php
27/12/2018 04:19:38 Entrée dans ActionAccueil.php
27/12/2018 06:31:10 Entrée dans ActionAgenda.php
27/12/2018 08:19:31 Entrée dans ActionSponsor.php
27/12/2018 13:13:01 Entrée dans ActionAccueil.php
27/12/2018 16:12:06 Entrée dans ActionJoueurs.php
27/12/2018 16:12:11 Entrée dans ActionJoueurs.php
27/12/2018 18:45:14 Entrée dans ActionSponsor.php
27/12/2018 18:48:19 Entrée dans ActionAccueil.php
27/12/2018 19:34:47 Entrée dans ActionAccueil.php
27/12/2018 19:34:48 Entrée dans ActionAgenda.php
27/12/2018 19:34:51 Entrée dans ActionClub.php
27/12/2018 19:34:51 Entrée dans ActionEcoleDeFoot.php
27/12/2018 19:34:52 Entrée dans ActionEvenement.php
27/12/2018 19:34:52 Entrée dans ActionJoueurs.php
27/12/2018 19:34:53 Entrée dans ActionLogin.php
27/12/2018 19:34:53 Entrée dans ActionSponsor.php
27/12/2018 19:34:54 Entrée dans AfficherPopupArticle.php
27/12/2018 19:34:54 Entrée dans AfficherPopupCompteRendu.php
27/12/2018 19:34:54 Entrée dans ActionAccueil.php
27/12/2018 19:34:55 Entrée dans RechercherArticle.php
27/12/2018 19:34:55 Entrée dans ActionAccueil.php
27/12/2018 19:34:57 Entrée dans ActionAccueil.php
27/12/2018 19:34:59 Entrée dans ActionProfil.php
27/12/2018 19:34:59 Entrée dans ActionAccueil.php
27/12/2018 19:35:00 Entrée dans ActionProfil.php
27/12/2018 19:35:02 Entrée dans ActionAccueil.php
28/12/2018 00:33:10 Entrée dans ActionClub.php
28/12/2018 00:33:37 Entrée dans ActionAgenda.php
28/12/2018 04:34:40 Entrée dans ActionAccueil.php
28/12/2018 06:01:44 Entrée dans ActionEvenement.php
28/12/2018 06:02:02 Entrée dans ActionEvenement.php
28/12/2018 06:32:18 Entrée dans ActionAccueil.php
28/12/2018 13:29:23 Entrée dans ActionAgenda.php
28/12/2018 20:28:01 Entrée dans ActionAccueil.php
28/12/2018 21:00:45 Entrée dans ActionAccueil.php
28/12/2018 21:01:04 Entrée dans ActionClub.php
28/12/2018 21:01:35 Entrée dans ActionEcoleDeFoot.php
28/12/2018 21:01:59 Entrée dans ActionJoueurs.php
28/12/2018 21:02:39 Entrée dans ActionJoueurs.php
28/12/2018 22:52:43 Entrée dans ActionEcoleDeFoot.php
29/12/2018 03:27:56 Entrée dans ActionEvenement.php
29/12/2018 09:27:56 Entrée dans ActionClub.php
29/12/2018 20:51:11 Entrée dans ActionEcoleDeFoot.php
30/12/2018 00:55:48 Entrée dans ActionJoueurs.php
30/12/2018 00:56:46 Entrée dans ActionEcoleDeFoot.php
30/12/2018 02:07:44 Entrée dans ActionAccueil.php
30/12/2018 04:27:36 Entrée dans ActionSponsor.php
30/12/2018 04:27:36 Entrée dans ActionAccueil.php
30/12/2018 04:27:43 Entrée dans ActionClub.php
30/12/2018 04:27:50 Entrée dans ActionJoueurs.php
30/12/2018 04:27:56 Entrée dans ActionEcoleDeFoot.php
30/12/2018 04:28:01 Entrée dans ActionAgenda.php
30/12/2018 04:28:05 Entrée dans ActionEvenement.php
30/12/2018 16:55:23 Entrée dans ActionAgenda.php
30/12/2018 18:12:34 Entrée dans ActionClub.php
30/12/2018 19:43:12 Entrée dans ActionClub.php
30/12/2018 22:28:15 Entrée dans ActionEvenement.php
30/12/2018 23:00:56 Entrée dans ActionSponsor.php
31/12/2018 00:14:20 Entrée dans ActionClub.php
31/12/2018 03:11:49 Entrée dans ActionEvenement.php
31/12/2018 06:00:08 Entrée dans ActionAccueil.php
31/12/2018 06:00:13 Entrée dans ActionClub.php
31/12/2018 06:00:15 Entrée dans ActionJoueurs.php
31/12/2018 06:00:17 Entrée dans ActionEcoleDeFoot.php
31/12/2018 06:00:19 Entrée dans ActionAgenda.php
31/12/2018 06:00:21 Entrée dans ActionEvenement.php
31/12/2018 06:00:23 Entrée dans ActionSponsor.php
31/12/2018 09:21:07 Entrée dans ActionAccueil.php
31/12/2018 10:02:54 Entrée dans ActionAccueil.php
31/12/2018 10:34:34 Entrée dans ActionAccueil.php
31/12/2018 10:34:42 Entrée dans ActionEcoleDeFoot.php
31/12/2018 10:35:05 Entrée dans ActionAccueil.php
31/12/2018 21:00:35 Entrée dans ActionJoueurs.php
31/12/2018 23:17:38 Entrée dans ActionClub.php
