01/08/2015 08:18:28 Entrée dans ActionAccueil.php
01/08/2015 08:18:31 Entrée dans ActionJoueurs.php
01/08/2015 09:22:04 Entrée dans ActionAccueil.php
01/08/2015 15:19:58 Entrée dans ActionAccueil.php
01/08/2015 15:47:14 Entrée dans ActionAccueil.php
01/08/2015 15:47:17 Entrée dans ActionAccueil.php
01/08/2015 15:47:26 Entrée dans ActionSponsor.php
01/08/2015 15:47:30 Entrée dans ActionAccueil.php
01/08/2015 15:47:57 Entrée dans ActionEcoleDeFoot.php
01/08/2015 15:48:20 Entrée dans AfficherPopupArticle.php
01/08/2015 15:49:26 Entrée dans AfficherPopupArticle.php
01/08/2015 15:49:44 Entrée dans AfficherPopupArticle.php
01/08/2015 15:50:03 Entrée dans AfficherPopupArticle.php
01/08/2015 15:51:08 Entrée dans AfficherPopupArticle.php
01/08/2015 15:51:20 Entrée dans ActionClub.php
01/08/2015 15:51:33 Entrée dans ActionEcoleDeFoot.php
01/08/2015 15:51:40 Entrée dans ActionEcoleDeFoot.php
01/08/2015 15:51:49 Entrée dans ActionEcoleDeFoot.php
01/08/2015 22:04:05 Entrée dans ActionAccueil.php
01/08/2015 22:04:26 Entrée dans ActionJoueurs.php
01/08/2015 22:04:43 Entrée dans ActionAgenda.php
01/08/2015 22:04:52 Entrée dans ActionEvenement.php
01/08/2015 22:05:01 Entrée dans ActionSponsor.php
01/08/2015 22:41:00 Entrée dans ActionAccueil.php
01/08/2015 23:21:41 Entrée dans ActionEcoleDeFoot.php
01/08/2015 23:23:32 Entrée dans ActionAccueil.php
01/08/2015 23:23:46 Entrée dans AfficherPopupArticle.php
01/08/2015 23:25:00 Entrée dans ActionAccueil.php
01/08/2015 23:25:02 Entrée dans ActionClub.php
01/08/2015 23:25:33 Entrée dans ActionJoueurs.php
02/08/2015 01:01:17 Entrée dans ActionAgenda.php
02/08/2015 01:20:12 Entrée dans ActionClub.php
02/08/2015 02:20:26 Entrée dans ActionAccueil.php
02/08/2015 06:42:27 Entrée dans ActionAccueil.php
02/08/2015 12:29:37 Entrée dans ActionAccueil.php
02/08/2015 12:29:51 Entrée dans ActionJoueurs.php
02/08/2015 13:31:07 Entrée dans ActionAccueil.php
02/08/2015 19:15:38 Entrée dans ActionAccueil.php
02/08/2015 20:40:23 Entrée dans ActionAccueil.php
02/08/2015 20:40:53 Entrée dans ActionJoueurs.php
02/08/2015 22:03:52 Entrée dans ActionClub.php
02/08/2015 23:20:26 Entrée dans ActionAccueil.php
02/08/2015 23:36:49 Entrée dans ActionAccueil.php
03/08/2015 06:45:08 Entrée dans ActionAccueil.php
03/08/2015 06:45:59 Entrée dans ActionAccueil.php
03/08/2015 06:46:05 Entrée dans ActionJoueurs.php
03/08/2015 06:46:38 Entrée dans ActionSponsor.php
03/08/2015 06:46:57 Entrée dans ActionClub.php
03/08/2015 06:49:24 Entrée dans ActionAgenda.php
03/08/2015 06:49:26 Entrée dans ActionAgenda.php
03/08/2015 06:49:41 Entrée dans ActionAgenda.php
03/08/2015 10:24:03 Entrée dans ActionAccueil.php
03/08/2015 10:24:04 Entrée dans ActionClub.php
03/08/2015 10:24:06 Entrée dans ActionAgenda.php
03/08/2015 10:24:07 Entrée dans ActionJoueurs.php
03/08/2015 10:24:08 Entrée dans ActionSponsor.php
03/08/2015 10:24:09 Entrée dans ActionEcoleDeFoot.php
03/08/2015 10:24:10 Entrée dans ActionEvenement.php
03/08/2015 11:59:41 Entrée dans ActionAccueil.php
03/08/2015 12:00:06 Entrée dans AfficherPopupArticle.php
03/08/2015 12:00:55 Entrée dans AfficherPopupArticle.php
03/08/2015 12:01:00 Entrée dans AfficherPopupArticle.php
03/08/2015 12:01:13 Entrée dans AfficherPopupArticle.php
03/08/2015 12:01:20 Entrée dans AfficherPopupArticle.php
03/08/2015 12:01:39 Entrée dans ActionJoueurs.php
03/08/2015 12:01:50 Entrée dans ActionClub.php
03/08/2015 12:01:55 Entrée dans ActionAccueil.php
03/08/2015 12:22:19 Entrée dans ActionAccueil.php
03/08/2015 12:35:40 Entrée dans ActionAccueil.php
03/08/2015 12:35:57 Entrée dans ActionJoueurs.php
03/08/2015 12:36:07 Entrée dans ActionAgenda.php
03/08/2015 12:36:08 Entrée dans ActionAgenda.php
03/08/2015 15:41:02 Entrée dans ActionAccueil.php
03/08/2015 17:22:27 Entrée dans ActionAccueil.php
03/08/2015 17:57:12 Entrée dans ActionAccueil.php
03/08/2015 17:57:15 Entrée dans ActionClub.php
03/08/2015 17:57:18 Entrée dans ActionJoueurs.php
03/08/2015 17:57:21 Entrée dans ActionEcoleDeFoot.php
03/08/2015 17:57:23 Entrée dans ActionAgenda.php
03/08/2015 17:57:26 Entrée dans ActionEvenement.php
03/08/2015 17:57:28 Entrée dans ActionSponsor.php
03/08/2015 19:24:12 Entrée dans ActionAccueil.php
03/08/2015 19:24:38 Entrée dans AfficherPopupArticle.php
03/08/2015 19:25:10 Entrée dans ActionClub.php
03/08/2015 19:25:20 Entrée dans ActionEcoleDeFoot.php
03/08/2015 19:25:52 Entrée dans ActionEcoleDeFoot.php
03/08/2015 19:26:01 Entrée dans ActionEcoleDeFoot.php
03/08/2015 19:26:02 Entrée dans ActionEcoleDeFoot.php
03/08/2015 19:27:06 Entrée dans ActionClub.php
03/08/2015 19:27:13 Entrée dans ActionAccueil.php
03/08/2015 19:27:19 Entrée dans ActionAccueil.php
03/08/2015 19:27:26 Entrée dans ActionClub.php
03/08/2015 19:45:30 Entrée dans ActionAccueil.php
03/08/2015 19:46:27 Entrée dans ActionEcoleDeFoot.php
03/08/2015 19:46:50 Entrée dans ActionAccueil.php
03/08/2015 19:46:59 Entrée dans AfficherPopupArticle.php
03/08/2015 19:52:27 Entrée dans ActionAccueil.php
03/08/2015 22:51:54 Entrée dans ActionEcoleDeFoot.php
03/08/2015 22:52:00 Entrée dans ActionEcoleDeFoot.php
03/08/2015 22:52:03 Entrée dans ActionEcoleDeFoot.php
03/08/2015 22:52:07 Entrée dans ActionEcoleDeFoot.php
03/08/2015 22:52:15 Entrée dans ActionEcoleDeFoot.php
03/08/2015 22:52:15 Entrée dans ActionEcoleDeFoot.php
03/08/2015 22:52:17 Entrée dans ActionEcoleDeFoot.php
03/08/2015 22:52:28 Entrée dans ActionAccueil.php
04/08/2015 05:33:54 Entrée dans ActionAccueil.php
04/08/2015 09:38:15 Entrée dans ActionAccueil.php
04/08/2015 10:23:22 Entrée dans ActionAccueil.php
04/08/2015 10:23:55 Entrée dans AfficherPopupArticle.php
04/08/2015 11:15:41 Entrée dans ActionAccueil.php
04/08/2015 12:04:28 Entrée dans ActionAccueil.php
04/08/2015 12:06:50 Entrée dans ActionClub.php
04/08/2015 16:05:10 Entrée dans ActionAccueil.php
04/08/2015 16:05:22 Entrée dans ActionEvenement.php
04/08/2015 16:05:30 Entrée dans ActionJoueurs.php
04/08/2015 16:06:29 Entrée dans ActionAccueil.php
04/08/2015 16:06:54 Entrée dans AfficherPopupArticle.php
04/08/2015 16:09:17 Entrée dans AfficherPopupArticle.php
04/08/2015 16:09:47 Entrée dans AfficherPopupArticle.php
04/08/2015 16:10:04 Entrée dans ActionAccueil.php
04/08/2015 16:10:06 Entrée dans ActionClub.php
04/08/2015 16:10:25 Entrée dans ActionJoueurs.php
04/08/2015 16:10:28 Entrée dans ActionJoueurs.php
04/08/2015 16:10:30 Entrée dans ActionClub.php
04/08/2015 16:13:51 Entrée dans ActionAgenda.php
04/08/2015 16:13:52 Entrée dans ActionAgenda.php
04/08/2015 16:13:58 Entrée dans ActionAgenda.php
04/08/2015 16:14:02 Entrée dans ActionEvenement.php
04/08/2015 16:14:29 Entrée dans ActionSponsor.php
04/08/2015 16:15:17 Entrée dans ActionAgenda.php
04/08/2015 20:05:39 Entrée dans ActionAccueil.php
04/08/2015 20:05:42 Entrée dans ActionJoueurs.php
04/08/2015 20:32:45 Entrée dans ActionAccueil.php
04/08/2015 20:33:18 Entrée dans ActionClub.php
04/08/2015 20:33:24 Entrée dans ActionJoueurs.php
04/08/2015 21:26:19 Entrée dans ActionJoueurs.php
05/08/2015 11:16:02 Entrée dans ActionAccueil.php
05/08/2015 12:47:45 Entrée dans ActionAccueil.php
05/08/2015 12:48:18 Entrée dans ActionJoueurs.php
05/08/2015 15:52:34 Entrée dans ActionAccueil.php
05/08/2015 15:52:59 Entrée dans ActionClub.php
05/08/2015 15:53:03 Entrée dans ActionJoueurs.php
05/08/2015 15:53:16 Entrée dans ActionEvenement.php
05/08/2015 15:53:18 Entrée dans ActionAgenda.php
05/08/2015 15:53:20 Entrée dans ActionAgenda.php
05/08/2015 15:53:25 Entrée dans ActionAccueil.php
05/08/2015 15:53:48 Entrée dans ActionClub.php
05/08/2015 15:56:54 Entrée dans ActionEvenement.php
05/08/2015 15:57:02 Entrée dans ActionAgenda.php
06/08/2015 10:44:06 Entrée dans ActionAccueil.php
06/08/2015 10:45:36 Entrée dans ActionClub.php
06/08/2015 17:09:06 Entrée dans ActionAccueil.php
06/08/2015 17:09:58 Entrée dans AfficherPopupArticle.php
06/08/2015 17:35:50 Entrée dans ActionAccueil.php
06/08/2015 17:35:56 Entrée dans ActionClub.php
06/08/2015 17:36:00 Entrée dans ActionJoueurs.php
06/08/2015 17:36:02 Entrée dans ActionEcoleDeFoot.php
06/08/2015 17:37:07 Entrée dans ActionEvenement.php
06/08/2015 17:37:10 Entrée dans ActionAgenda.php
06/08/2015 17:37:24 Entrée dans ActionSponsor.php
06/08/2015 18:46:36 Entrée dans ActionAccueil.php
06/08/2015 18:46:40 Entrée dans ActionJoueurs.php
06/08/2015 18:47:19 Entrée dans ActionAccueil.php
06/08/2015 18:47:40 Entrée dans ActionAccueil.php
06/08/2015 18:47:41 Entrée dans ActionClub.php
06/08/2015 18:47:54 Entrée dans ActionAgenda.php
06/08/2015 18:47:56 Entrée dans ActionAgenda.php
06/08/2015 18:47:57 Entrée dans ActionJoueurs.php
06/08/2015 18:47:59 Entrée dans ActionClub.php
06/08/2015 18:48:03 Entrée dans ActionAccueil.php
06/08/2015 18:48:06 Entrée dans ActionEcoleDeFoot.php
06/08/2015 18:52:59 Entrée dans ActionJoueurs.php
07/08/2015 05:26:51 Entrée dans ActionAccueil.php
07/08/2015 10:09:40 Entrée dans ActionAgenda.php
07/08/2015 11:11:01 Entrée dans ActionAccueil.php
07/08/2015 11:11:15 Entrée dans ActionClub.php
07/08/2015 11:11:25 Entrée dans ActionAgenda.php
07/08/2015 11:11:35 Entrée dans ActionJoueurs.php
07/08/2015 11:11:40 Entrée dans ActionSponsor.php
07/08/2015 11:12:00 Entrée dans ActionEvenement.php
07/08/2015 11:12:10 Entrée dans ActionEcoleDeFoot.php
07/08/2015 12:54:09 Entrée dans ActionAgenda.php
07/08/2015 13:03:51 Entrée dans ActionAccueil.php
07/08/2015 13:39:07 Entrée dans ActionAccueil.php
07/08/2015 20:39:13 Entrée dans ActionAccueil.php
07/08/2015 20:39:17 Entrée dans ActionClub.php
07/08/2015 20:39:34 Entrée dans ActionEcoleDeFoot.php
07/08/2015 20:39:55 Entrée dans ActionEcoleDeFoot.php
07/08/2015 20:40:05 Entrée dans ActionAccueil.php
07/08/2015 20:40:35 Entrée dans ActionJoueurs.php
08/08/2015 11:48:43 Entrée dans ActionAccueil.php
08/08/2015 12:02:42 Entrée dans ActionAccueil.php
08/08/2015 17:22:22 Entrée dans ActionAccueil.php
08/08/2015 18:22:36 Entrée dans ActionAccueil.php
08/08/2015 18:22:49 Entrée dans ActionClub.php
08/08/2015 18:23:00 Entrée dans ActionEcoleDeFoot.php
08/08/2015 18:23:06 Entrée dans ActionEcoleDeFoot.php
08/08/2015 18:36:47 Entrée dans ActionAccueil.php
08/08/2015 20:39:16 Entrée dans ActionAccueil.php
08/08/2015 20:39:27 Entrée dans ActionJoueurs.php
08/08/2015 22:56:52 Entrée dans ActionAccueil.php
08/08/2015 22:57:23 Entrée dans ActionEcoleDeFoot.php
08/08/2015 22:57:30 Entrée dans ActionEcoleDeFoot.php
08/08/2015 22:57:48 Entrée dans ActionEcoleDeFoot.php
09/08/2015 08:55:04 Entrée dans ActionAccueil.php
09/08/2015 08:56:00 Entrée dans AfficherPopupArticle.php
09/08/2015 11:24:49 Entrée dans ActionAccueil.php
09/08/2015 11:25:26 Entrée dans AfficherPopupArticle.php
09/08/2015 11:25:50 Entrée dans ActionJoueurs.php
09/08/2015 16:04:03 Entrée dans ActionAccueil.php
09/08/2015 16:27:55 Entrée dans ActionAccueil.php
09/08/2015 16:28:10 Entrée dans ActionJoueurs.php
09/08/2015 16:59:26 Entrée dans ActionAgenda.php
09/08/2015 16:59:30 Entrée dans ActionClub.php
09/08/2015 16:59:34 Entrée dans ActionEcoleDeFoot.php
09/08/2015 16:59:38 Entrée dans ActionEvenement.php
09/08/2015 16:59:41 Entrée dans ActionJoueurs.php
09/08/2015 16:59:45 Entrée dans ActionSponsor.php
09/08/2015 18:01:23 Entrée dans ActionAccueil.php
09/08/2015 18:01:43 Entrée dans AfficherPopupArticle.php
09/08/2015 18:02:13 Entrée dans ActionClub.php
09/08/2015 18:02:23 Entrée dans ActionClub.php
09/08/2015 18:02:24 Entrée dans ActionJoueurs.php
09/08/2015 18:02:53 Entrée dans ActionJoueurs.php
09/08/2015 18:31:13 Entrée dans ActionAccueil.php
09/08/2015 18:31:32 Entrée dans ActionEcoleDeFoot.php
09/08/2015 18:31:52 Entrée dans ActionAccueil.php
09/08/2015 18:32:50 Entrée dans ActionClub.php
09/08/2015 18:34:15 Entrée dans ActionJoueurs.php
09/08/2015 18:35:00 Entrée dans ActionEcoleDeFoot.php
09/08/2015 18:35:07 Entrée dans ActionEcoleDeFoot.php
09/08/2015 18:35:46 Entrée dans ActionAgenda.php
09/08/2015 18:35:49 Entrée dans ActionAgenda.php
09/08/2015 20:43:08 Entrée dans ActionJoueurs.php
09/08/2015 20:45:16 Entrée dans ActionAgenda.php
09/08/2015 20:45:18 Entrée dans ActionAgenda.php
09/08/2015 20:45:25 Entrée dans ActionEvenement.php
09/08/2015 20:45:38 Entrée dans ActionSponsor.php
09/08/2015 20:45:58 Entrée dans ActionClub.php
09/08/2015 21:09:45 Entrée dans ActionAccueil.php
09/08/2015 21:10:58 Entrée dans AfficherPopupArticle.php
10/08/2015 00:27:31 Entrée dans ActionAccueil.php
10/08/2015 00:28:35 Entrée dans AfficherPopupArticle.php
10/08/2015 05:51:59 Entrée dans ActionAccueil.php
10/08/2015 05:52:03 Entrée dans ActionClub.php
10/08/2015 05:52:05 Entrée dans ActionJoueurs.php
10/08/2015 05:52:07 Entrée dans ActionEcoleDeFoot.php
10/08/2015 05:52:09 Entrée dans ActionAgenda.php
10/08/2015 05:52:12 Entrée dans ActionEvenement.php
10/08/2015 05:52:14 Entrée dans ActionSponsor.php
10/08/2015 07:09:45 Entrée dans ActionAccueil.php
10/08/2015 07:10:32 Entrée dans ActionClub.php
10/08/2015 08:57:39 Entrée dans ActionEvenement.php
10/08/2015 11:40:53 Entrée dans ActionAccueil.php
10/08/2015 11:40:54 Entrée dans ActionAccueil.php
10/08/2015 15:57:06 Entrée dans ActionAccueil.php
10/08/2015 17:24:07 Entrée dans ActionAccueil.php
10/08/2015 17:57:45 Entrée dans ActionAccueil.php
10/08/2015 17:58:49 Entrée dans ActionAgenda.php
10/08/2015 17:58:51 Entrée dans ActionAgenda.php
10/08/2015 17:58:57 Entrée dans ActionAgenda.php
10/08/2015 17:58:58 Entrée dans ActionAgenda.php
10/08/2015 17:59:03 Entrée dans ActionEcoleDeFoot.php
10/08/2015 17:59:40 Entrée dans ActionEcoleDeFoot.php
10/08/2015 17:59:50 Entrée dans ActionEcoleDeFoot.php
10/08/2015 18:00:09 Entrée dans ActionAccueil.php
10/08/2015 18:00:13 Entrée dans AfficherPopupArticle.php
10/08/2015 18:00:37 Entrée dans AfficherPopupArticle.php
10/08/2015 21:48:21 Entrée dans ActionAgenda.php
10/08/2015 21:49:47 Entrée dans ActionClub.php
10/08/2015 21:53:27 Entrée dans ActionEcoleDeFoot.php
10/08/2015 21:58:38 Entrée dans ActionEvenement.php
10/08/2015 22:02:26 Entrée dans ActionJoueurs.php
10/08/2015 22:03:54 Entrée dans ActionSponsor.php
11/08/2015 02:40:06 Entrée dans ActionSponsor.php
11/08/2015 13:08:28 Entrée dans ActionAccueil.php
11/08/2015 13:08:45 Entrée dans ActionClub.php
11/08/2015 13:09:00 Entrée dans AfficherPopupArticle.php
11/08/2015 13:09:34 Entrée dans AfficherPopupArticle.php
11/08/2015 13:09:55 Entrée dans ActionAgenda.php
11/08/2015 13:09:57 Entrée dans ActionAgenda.php
11/08/2015 14:51:52 Entrée dans ActionClub.php
11/08/2015 15:47:55 Entrée dans ActionAccueil.php
11/08/2015 15:59:34 Entrée dans ActionAccueil.php
11/08/2015 15:59:57 Entrée dans AfficherPopupArticle.php
11/08/2015 16:04:11 Entrée dans ActionClub.php
11/08/2015 22:54:02 Entrée dans ActionSponsor.php
12/08/2015 00:32:13 Entrée dans ActionAccueil.php
12/08/2015 00:36:40 Entrée dans ActionAgenda.php
12/08/2015 08:26:20 Entrée dans ActionAccueil.php
12/08/2015 09:09:41 Entrée dans ActionAccueil.php
12/08/2015 11:46:11 Entrée dans ActionAccueil.php
12/08/2015 12:08:29 Entrée dans ActionAccueil.php
12/08/2015 13:58:25 Entrée dans ActionAccueil.php
12/08/2015 14:27:53 Entrée dans ActionAccueil.php
12/08/2015 16:49:58 Entrée dans ActionEcoleDeFoot.php
12/08/2015 17:10:58 Entrée dans ActionAccueil.php
12/08/2015 18:37:18 Entrée dans ActionAccueil.php
12/08/2015 18:37:56 Entrée dans ActionAccueil.php
12/08/2015 18:38:27 Entrée dans ActionAccueil.php
12/08/2015 18:40:03 Entrée dans ActionJoueurs.php
12/08/2015 19:25:46 Entrée dans ActionAccueil.php
12/08/2015 19:51:11 Entrée dans ActionAccueil.php
12/08/2015 19:52:32 Entrée dans ActionJoueurs.php
12/08/2015 19:53:03 Entrée dans ActionAccueil.php
13/08/2015 02:02:23 Entrée dans ActionAccueil.php
13/08/2015 02:02:33 Entrée dans ActionAgenda.php
13/08/2015 02:02:38 Entrée dans ActionClub.php
13/08/2015 11:53:22 Entrée dans ActionAccueil.php
13/08/2015 11:53:59 Entrée dans AfficherPopupArticle.php
13/08/2015 12:17:54 Entrée dans ActionAccueil.php
13/08/2015 12:18:30 Entrée dans AfficherPopupArticle.php
13/08/2015 12:19:13 Entrée dans AfficherPopupArticle.php
13/08/2015 12:19:26 Entrée dans ActionClub.php
13/08/2015 12:22:45 Entrée dans ActionClub.php
13/08/2015 12:22:56 Entrée dans ActionJoueurs.php
13/08/2015 12:23:20 Entrée dans ActionJoueurs.php
13/08/2015 12:23:22 Entrée dans ActionEcoleDeFoot.php
13/08/2015 12:23:30 Entrée dans ActionAgenda.php
13/08/2015 12:23:32 Entrée dans ActionAgenda.php
13/08/2015 12:23:34 Entrée dans ActionEvenement.php
13/08/2015 12:23:40 Entrée dans ActionSponsor.php
13/08/2015 13:04:15 Entrée dans ActionAccueil.php
13/08/2015 14:19:25 Entrée dans ActionAccueil.php
13/08/2015 14:19:56 Entrée dans ActionClub.php
13/08/2015 14:20:31 Entrée dans ActionEcoleDeFoot.php
13/08/2015 14:20:40 Entrée dans ActionEcoleDeFoot.php
13/08/2015 16:42:19 Entrée dans ActionSponsor.php
13/08/2015 17:20:37 Entrée dans ActionSponsor.php
13/08/2015 17:57:43 Entrée dans ActionAccueil.php
13/08/2015 21:00:21 Entrée dans ActionAccueil.php
13/08/2015 21:00:47 Entrée dans AfficherPopupArticle.php
13/08/2015 21:01:48 Entrée dans ActionJoueurs.php
13/08/2015 21:02:14 Entrée dans ActionJoueurs.php
13/08/2015 22:00:37 Entrée dans ActionAccueil.php
13/08/2015 22:01:35 Entrée dans ActionClub.php
13/08/2015 22:03:21 Entrée dans ActionClub.php
13/08/2015 22:03:47 Entrée dans ActionEcoleDeFoot.php
13/08/2015 23:51:16 Entrée dans ActionAgenda.php
14/08/2015 07:58:01 Entrée dans ActionAccueil.php
14/08/2015 10:50:22 Entrée dans ActionAccueil.php
14/08/2015 11:26:10 Entrée dans ActionJoueurs.php
14/08/2015 15:58:53 Entrée dans ActionAccueil.php
14/08/2015 15:59:39 Entrée dans ActionAccueil.php
14/08/2015 15:59:44 Entrée dans ActionAccueil.php
14/08/2015 19:16:27 Entrée dans ActionAccueil.php
14/08/2015 19:16:32 Entrée dans ActionEcoleDeFoot.php
14/08/2015 21:39:17 Entrée dans ActionAccueil.php
14/08/2015 21:39:28 Entrée dans ActionEcoleDeFoot.php
14/08/2015 22:48:36 Entrée dans ActionAccueil.php
14/08/2015 22:48:55 Entrée dans ActionJoueurs.php
14/08/2015 22:50:12 Entrée dans ActionAccueil.php
14/08/2015 22:57:51 Entrée dans ActionAccueil.php
14/08/2015 22:57:52 Entrée dans ActionAgenda.php
14/08/2015 22:57:53 Entrée dans ActionEvenement.php
14/08/2015 22:57:54 Entrée dans ActionJoueurs.php
14/08/2015 22:57:55 Entrée dans ActionSponsor.php
14/08/2015 22:57:56 Entrée dans ActionClub.php
14/08/2015 22:57:57 Entrée dans ActionEcoleDeFoot.php
14/08/2015 23:00:47 Entrée dans ActionAccueil.php
15/08/2015 09:39:13 Entrée dans ActionAccueil.php
15/08/2015 09:39:38 Entrée dans AfficherPopupArticle.php
15/08/2015 10:17:37 Entrée dans ActionAccueil.php
15/08/2015 10:43:46 Entrée dans ActionAccueil.php
15/08/2015 10:44:46 Entrée dans AfficherPopupArticle.php
15/08/2015 11:14:13 Entrée dans ActionClub.php
15/08/2015 11:20:47 Entrée dans ActionAccueil.php
15/08/2015 11:21:10 Entrée dans ActionAgenda.php
15/08/2015 11:21:12 Entrée dans ActionAgenda.php
15/08/2015 11:21:22 Entrée dans ActionAgenda.php
15/08/2015 11:21:25 Entrée dans ActionAgenda.php
15/08/2015 11:21:25 Entrée dans ActionAgenda.php
15/08/2015 11:21:26 Entrée dans ActionEvenement.php
15/08/2015 11:21:30 Entrée dans ActionAccueil.php
15/08/2015 11:21:49 Entrée dans ActionJoueurs.php
15/08/2015 12:21:03 Entrée dans ActionAccueil.php
15/08/2015 12:31:00 Entrée dans ActionAccueil.php
15/08/2015 12:33:17 Entrée dans ActionEcoleDeFoot.php
15/08/2015 12:33:26 Entrée dans ActionEcoleDeFoot.php
15/08/2015 12:35:05 Entrée dans ActionJoueurs.php
15/08/2015 12:35:41 Entrée dans ActionSponsor.php
15/08/2015 12:36:37 Entrée dans ActionEvenement.php
15/08/2015 12:36:43 Entrée dans ActionAgenda.php
15/08/2015 12:36:44 Entrée dans ActionAgenda.php
15/08/2015 12:36:48 Entrée dans ActionAgenda.php
15/08/2015 12:36:49 Entrée dans ActionAgenda.php
15/08/2015 12:36:50 Entrée dans ActionAgenda.php
15/08/2015 12:36:50 Entrée dans ActionAccueil.php
15/08/2015 12:37:25 Entrée dans ActionClub.php
15/08/2015 12:39:03 Entrée dans ActionEcoleDeFoot.php
15/08/2015 13:47:15 Entrée dans ActionAccueil.php
15/08/2015 17:33:14 Entrée dans ActionSponsor.php
15/08/2015 17:56:50 Entrée dans ActionAccueil.php
15/08/2015 17:57:24 Entrée dans ActionAgenda.php
15/08/2015 17:57:25 Entrée dans ActionAgenda.php
15/08/2015 17:57:30 Entrée dans ActionEcoleDeFoot.php
15/08/2015 17:57:55 Entrée dans ActionEcoleDeFoot.php
15/08/2015 17:58:15 Entrée dans ActionEcoleDeFoot.php
15/08/2015 17:58:23 Entrée dans ActionAgenda.php
15/08/2015 17:58:25 Entrée dans ActionEcoleDeFoot.php
15/08/2015 17:58:28 Entrée dans ActionEcoleDeFoot.php
15/08/2015 17:59:35 Entrée dans ActionEcoleDeFoot.php
15/08/2015 17:59:39 Entrée dans ActionEcoleDeFoot.php
15/08/2015 18:00:47 Entrée dans ActionAccueil.php
15/08/2015 18:13:42 Entrée dans ActionAccueil.php
15/08/2015 18:13:48 Entrée dans AfficherPopupArticle.php
15/08/2015 18:14:03 Entrée dans AfficherPopupArticle.php
15/08/2015 20:41:27 Entrée dans ActionClub.php
15/08/2015 20:41:47 Entrée dans ActionAccueil.php
15/08/2015 20:42:00 Entrée dans ActionJoueurs.php
15/08/2015 20:42:15 Entrée dans ActionAccueil.php
15/08/2015 20:43:37 Entrée dans ActionClub.php
15/08/2015 22:27:41 Entrée dans ActionAccueil.php
15/08/2015 22:27:53 Entrée dans ActionJoueurs.php
16/08/2015 02:52:29 Entrée dans ActionEvenement.php
16/08/2015 08:49:34 Entrée dans ActionAccueil.php
16/08/2015 08:50:06 Entrée dans ActionJoueurs.php
16/08/2015 08:51:34 Entrée dans ActionEcoleDeFoot.php
16/08/2015 08:51:44 Entrée dans ActionEcoleDeFoot.php
16/08/2015 08:54:32 Entrée dans ActionAccueil.php
16/08/2015 08:55:08 Entrée dans AfficherPopupArticle.php
16/08/2015 08:55:48 Entrée dans ActionEvenement.php
16/08/2015 08:55:50 Entrée dans ActionJoueurs.php
16/08/2015 08:56:04 Entrée dans ActionClub.php
16/08/2015 08:56:18 Entrée dans ActionJoueurs.php
16/08/2015 08:56:24 Entrée dans ActionJoueurs.php
16/08/2015 08:56:52 Entrée dans AfficherPopupArticle.php
16/08/2015 08:56:58 Entrée dans ActionAgenda.php
16/08/2015 08:56:59 Entrée dans ActionAgenda.php
16/08/2015 08:57:04 Entrée dans ActionSponsor.php
16/08/2015 08:57:34 Entrée dans ActionEcoleDeFoot.php
16/08/2015 08:57:46 Entrée dans ActionEcoleDeFoot.php
16/08/2015 08:58:02 Entrée dans ActionEcoleDeFoot.php
16/08/2015 09:00:05 Entrée dans ActionAccueil.php
16/08/2015 09:00:16 Entrée dans AfficherPopupArticle.php
16/08/2015 09:00:48 Entrée dans AfficherPopupArticle.php
16/08/2015 09:17:39 Entrée dans ActionAccueil.php
16/08/2015 09:18:34 Entrée dans ActionAccueil.php
16/08/2015 09:18:42 Entrée dans ActionClub.php
16/08/2015 09:19:01 Entrée dans ActionEcoleDeFoot.php
16/08/2015 09:19:28 Entrée dans ActionEcoleDeFoot.php
16/08/2015 09:19:54 Entrée dans ActionClub.php
16/08/2015 09:20:42 Entrée dans ActionEcoleDeFoot.php
16/08/2015 09:20:55 Entrée dans ActionAgenda.php
16/08/2015 09:20:56 Entrée dans ActionAgenda.php
16/08/2015 09:21:37 Entrée dans ActionAgenda.php
16/08/2015 09:21:46 Entrée dans ActionClub.php
16/08/2015 10:51:49 Entrée dans ActionAccueil.php
16/08/2015 10:52:26 Entrée dans ActionJoueurs.php
16/08/2015 10:53:11 Entrée dans ActionClub.php
16/08/2015 11:59:05 Entrée dans ActionAccueil.php
16/08/2015 11:59:17 Entrée dans AfficherPopupArticle.php
16/08/2015 12:57:04 Entrée dans ActionAccueil.php
16/08/2015 12:57:38 Entrée dans ActionJoueurs.php
16/08/2015 12:59:21 Entrée dans ActionEvenement.php
16/08/2015 12:59:29 Entrée dans ActionAgenda.php
16/08/2015 12:59:30 Entrée dans ActionAgenda.php
16/08/2015 12:59:30 Entrée dans ActionAgenda.php
16/08/2015 12:59:32 Entrée dans ActionAgenda.php
16/08/2015 12:59:35 Entrée dans ActionEcoleDeFoot.php
16/08/2015 12:59:48 Entrée dans ActionEcoleDeFoot.php
16/08/2015 12:59:55 Entrée dans ActionEcoleDeFoot.php
16/08/2015 13:00:25 Entrée dans ActionEcoleDeFoot.php
16/08/2015 13:01:01 Entrée dans ActionClub.php
16/08/2015 13:01:03 Entrée dans ActionClub.php
16/08/2015 13:52:47 Entrée dans ActionAccueil.php
16/08/2015 13:53:01 Entrée dans ActionEcoleDeFoot.php
16/08/2015 13:53:42 Entrée dans ActionEcoleDeFoot.php
16/08/2015 13:54:25 Entrée dans ActionEcoleDeFoot.php
16/08/2015 13:54:40 Entrée dans ActionClub.php
16/08/2015 13:54:57 Entrée dans ActionClub.php
16/08/2015 13:55:07 Entrée dans ActionEcoleDeFoot.php
16/08/2015 13:55:09 Entrée dans ActionAgenda.php
16/08/2015 13:55:11 Entrée dans ActionAgenda.php
16/08/2015 13:55:35 Entrée dans ActionAgenda.php
16/08/2015 13:55:42 Entrée dans ActionEvenement.php
16/08/2015 13:55:54 Entrée dans ActionAccueil.php
16/08/2015 13:56:53 Entrée dans AfficherPopupArticle.php
16/08/2015 13:57:37 Entrée dans AfficherPopupArticle.php
16/08/2015 13:58:01 Entrée dans AfficherPopupArticle.php
16/08/2015 15:11:39 Entrée dans ActionAgenda.php
16/08/2015 18:05:20 Entrée dans ActionAccueil.php
16/08/2015 18:06:06 Entrée dans ActionAccueil.php
16/08/2015 18:06:09 Entrée dans ActionClub.php
16/08/2015 18:08:40 Entrée dans ActionClub.php
16/08/2015 18:08:43 Entrée dans ActionJoueurs.php
16/08/2015 18:09:23 Entrée dans ActionEcoleDeFoot.php
16/08/2015 18:09:35 Entrée dans ActionAgenda.php
16/08/2015 18:09:36 Entrée dans ActionAgenda.php
16/08/2015 18:09:43 Entrée dans ActionAgenda.php
16/08/2015 18:09:51 Entrée dans ActionAgenda.php
16/08/2015 18:09:52 Entrée dans ActionAgenda.php
16/08/2015 18:09:54 Entrée dans ActionEvenement.php
16/08/2015 18:10:07 Entrée dans ActionSponsor.php
16/08/2015 18:10:40 Entrée dans ActionAccueil.php
16/08/2015 18:12:03 Entrée dans ActionClub.php
16/08/2015 18:13:07 Entrée dans ActionAccueil.php
16/08/2015 18:58:46 Entrée dans ActionAccueil.php
16/08/2015 18:59:28 Entrée dans AfficherPopupArticle.php
16/08/2015 18:59:41 Entrée dans ActionEcoleDeFoot.php
16/08/2015 20:05:32 Entrée dans ActionAccueil.php
16/08/2015 20:05:41 Entrée dans ActionJoueurs.php
16/08/2015 20:30:03 Entrée dans ActionAccueil.php
16/08/2015 20:30:24 Entrée dans ActionJoueurs.php
16/08/2015 21:20:57 Entrée dans ActionAccueil.php
16/08/2015 21:21:44 Entrée dans AfficherPopupArticle.php
16/08/2015 21:25:21 Entrée dans ActionJoueurs.php
16/08/2015 22:45:32 Entrée dans ActionAccueil.php
16/08/2015 22:46:38 Entrée dans ActionClub.php
16/08/2015 22:46:51 Entrée dans ActionJoueurs.php
16/08/2015 22:47:27 Entrée dans ActionAccueil.php
16/08/2015 22:47:43 Entrée dans ActionAgenda.php
16/08/2015 22:47:46 Entrée dans ActionAgenda.php
16/08/2015 22:48:13 Entrée dans ActionAgenda.php
16/08/2015 22:48:22 Entrée dans ActionAgenda.php
17/08/2015 02:05:20 Entrée dans ActionClub.php
17/08/2015 08:38:14 Entrée dans ActionAccueil.php
17/08/2015 08:38:40 Entrée dans AfficherPopupArticle.php
17/08/2015 08:39:25 Entrée dans ActionEcoleDeFoot.php
17/08/2015 08:39:55 Entrée dans ActionEcoleDeFoot.php
17/08/2015 08:40:28 Entrée dans ActionJoueurs.php
17/08/2015 08:41:21 Entrée dans ActionAgenda.php
17/08/2015 08:41:22 Entrée dans ActionAgenda.php
17/08/2015 10:42:52 Entrée dans ActionAccueil.php
17/08/2015 10:43:03 Entrée dans AfficherPopupArticle.php
17/08/2015 10:43:27 Entrée dans ActionJoueurs.php
17/08/2015 10:49:52 Entrée dans ActionEcoleDeFoot.php
17/08/2015 10:50:09 Entrée dans ActionEcoleDeFoot.php
17/08/2015 10:50:14 Entrée dans ActionEcoleDeFoot.php
17/08/2015 10:50:16 Entrée dans ActionEcoleDeFoot.php
17/08/2015 10:50:24 Entrée dans ActionEcoleDeFoot.php
17/08/2015 13:36:03 Entrée dans ActionJoueurs.php
17/08/2015 13:36:33 Entrée dans ActionJoueurs.php
17/08/2015 14:21:08 Entrée dans ActionAccueil.php
17/08/2015 14:21:39 Entrée dans AfficherPopupArticle.php
17/08/2015 14:21:46 Entrée dans ActionEcoleDeFoot.php
17/08/2015 14:22:32 Entrée dans ActionAgenda.php
17/08/2015 14:22:33 Entrée dans ActionAgenda.php
17/08/2015 14:22:35 Entrée dans ActionEcoleDeFoot.php
17/08/2015 14:22:37 Entrée dans ActionEcoleDeFoot.php
17/08/2015 14:22:40 Entrée dans ActionEcoleDeFoot.php
17/08/2015 14:22:42 Entrée dans ActionEcoleDeFoot.php
17/08/2015 14:22:44 Entrée dans ActionEcoleDeFoot.php
17/08/2015 14:22:50 Entrée dans ActionEcoleDeFoot.php
17/08/2015 14:22:53 Entrée dans ActionEcoleDeFoot.php
17/08/2015 14:23:00 Entrée dans ActionEcoleDeFoot.php
17/08/2015 14:36:57 Entrée dans ActionAccueil.php
17/08/2015 14:37:08 Entrée dans ActionAccueil.php
17/08/2015 14:37:26 Entrée dans ActionEcoleDeFoot.php
17/08/2015 14:38:05 Entrée dans ActionAgenda.php
17/08/2015 14:38:06 Entrée dans ActionAgenda.php
17/08/2015 14:38:10 Entrée dans ActionEvenement.php
17/08/2015 14:38:15 Entrée dans ActionSponsor.php
17/08/2015 14:38:36 Entrée dans ActionClub.php
17/08/2015 14:40:37 Entrée dans ActionJoueurs.php
17/08/2015 14:41:23 Entrée dans ActionClub.php
17/08/2015 15:15:50 Entrée dans ActionAccueil.php
17/08/2015 15:16:00 Entrée dans ActionLogin.php
17/08/2015 15:16:00 Authentification de tsutter.
17/08/2015 15:16:00 Entrée dans ActionProfil.php
17/08/2015 15:16:01 Entrée dans ActionAccueil.php
17/08/2015 15:16:04 Entrée dans ActionEquipe.php
17/08/2015 15:16:11 Entrée dans RechercherEquipe.php
17/08/2015 15:16:32 Entrée dans ActionEquipe.php
17/08/2015 15:16:38 Entrée dans RechercherEquipe.php
17/08/2015 15:16:41 Entrée dans ActionEquipe.php
17/08/2015 15:16:53 Entrée dans ActionEquipe.php
17/08/2015 15:16:53 Entrée dans ActionAccueil.php
17/08/2015 15:16:57 Entrée dans RechercherEquipe.php
17/08/2015 15:17:01 Entrée dans ActionEquipe.php
17/08/2015 15:17:04 Entrée dans RechercherEquipe.php
17/08/2015 15:17:07 Entrée dans ActionEquipe.php
17/08/2015 15:17:11 Entrée dans ActionRencontre.php
17/08/2015 15:17:57 Entrée dans ActionAccueil.php
17/08/2015 15:18:05 Entrée dans ActionLogin.php
17/08/2015 15:18:05 Authentification de tsutter.
17/08/2015 15:18:05 Entrée dans ActionProfil.php
17/08/2015 15:18:05 Entrée dans ActionAccueil.php
17/08/2015 15:18:06 Entrée dans ActionRencontre.php
17/08/2015 15:18:12 Entrée dans ActionRencontre.php
17/08/2015 15:19:05 Entrée dans ActionUtilisateur.php
17/08/2015 15:19:06 Entrée dans ActionAccueil.php
17/08/2015 15:19:14 Entrée dans ActionEquipe.php
17/08/2015 15:19:16 Entrée dans ActionMembre.php
17/08/2015 15:19:18 Entrée dans ActionRencontre.php
17/08/2015 15:19:19 Entrée dans GestionResultats.php
17/08/2015 15:19:32 Entrée dans ActionArticle.php
17/08/2015 15:19:33 Entrée dans ActionPartenaire.php
17/08/2015 15:22:58 Entrée dans ActionRencontre.php
17/08/2015 15:22:59 Entrée dans ActionAccueil.php
17/08/2015 15:23:00 Entrée dans GestionResultats.php
17/08/2015 15:23:12 Entrée dans ActionRencontre.php
17/08/2015 15:29:10 Entrée dans GestionResultats.php
17/08/2015 15:29:10 Entrée dans ActionAccueil.php
17/08/2015 15:29:13 Entrée dans ActionRencontre.php
17/08/2015 15:29:16 Entrée dans ActionMembre.php
17/08/2015 15:29:17 Entrée dans ActionEquipe.php
17/08/2015 15:29:59 Entrée dans ActionEquipe.php
17/08/2015 15:29:59 Entrée dans ActionAccueil.php
17/08/2015 15:33:32 Entrée dans GestionResultats.php
17/08/2015 15:33:33 Entrée dans ActionAccueil.php
17/08/2015 15:33:34 Entrée dans ActionAccueil.php
17/08/2015 15:33:46 Entrée dans ActionProfil.php
17/08/2015 15:33:55 Entrée dans ActionAccueil.php
17/08/2015 17:12:40 Entrée dans ActionAccueil.php
17/08/2015 17:12:47 Entrée dans ActionLogin.php
17/08/2015 17:12:47 Authentification de tsutter.
17/08/2015 17:12:47 Entrée dans ActionProfil.php
17/08/2015 17:12:47 Entrée dans ActionAccueil.php
17/08/2015 17:13:07 Entrée dans ActionRencontre.php
17/08/2015 17:28:28 Entrée dans ActionAgenda.php
17/08/2015 18:32:53 Entrée dans ActionAccueil.php
17/08/2015 18:33:04 Entrée dans ActionEcoleDeFoot.php
17/08/2015 18:33:16 Entrée dans ActionEcoleDeFoot.php
17/08/2015 18:33:19 Entrée dans ActionEcoleDeFoot.php
17/08/2015 18:33:55 Entrée dans ActionEcoleDeFoot.php
17/08/2015 18:34:00 Entrée dans ActionEcoleDeFoot.php
17/08/2015 18:34:05 Entrée dans ActionEcoleDeFoot.php
17/08/2015 18:34:06 Entrée dans ActionEcoleDeFoot.php
17/08/2015 18:34:07 Entrée dans ActionEcoleDeFoot.php
17/08/2015 18:34:14 Entrée dans ActionEcoleDeFoot.php
17/08/2015 18:34:20 Entrée dans ActionEcoleDeFoot.php
17/08/2015 18:34:23 Entrée dans ActionClub.php
17/08/2015 18:53:48 Entrée dans ActionAccueil.php
17/08/2015 18:54:15 Entrée dans ActionLogin.php
17/08/2015 18:54:15 Authentification de tsutter.
17/08/2015 18:54:15 Entrée dans ActionProfil.php
17/08/2015 18:54:20 Entrée dans ActionRencontre.php
17/08/2015 18:54:27 Entrée dans ActionRencontre.php
17/08/2015 18:56:19 Entrée dans ActionRencontre.php
17/08/2015 18:56:30 Entrée dans ActionRencontre.php
17/08/2015 18:56:35 Entrée dans ActionRencontre.php
17/08/2015 18:58:25 Entrée dans ActionRencontre.php
17/08/2015 18:58:48 Entrée dans ActionRencontre.php
17/08/2015 18:59:08 Entrée dans ActionRencontre.php
17/08/2015 18:59:29 Entrée dans ActionRencontre.php
17/08/2015 19:00:06 Entrée dans ActionRencontre.php
17/08/2015 19:00:27 Entrée dans ActionRencontre.php
17/08/2015 19:00:47 Entrée dans ActionRencontre.php
17/08/2015 19:01:06 Entrée dans ActionRencontre.php
17/08/2015 19:01:35 Entrée dans ActionRencontre.php
17/08/2015 19:01:53 Entrée dans ActionRencontre.php
17/08/2015 19:02:18 Entrée dans ActionRencontre.php
17/08/2015 19:02:56 Entrée dans ActionRencontre.php
17/08/2015 19:03:00 Entrée dans ActionRencontre.php
17/08/2015 19:03:05 Entrée dans ActionRencontre.php
17/08/2015 19:03:14 Entrée dans ActionRencontre.php
17/08/2015 19:04:14 Entrée dans ActionRencontre.php
17/08/2015 19:04:23 Entrée dans ActionRencontre.php
17/08/2015 19:05:03 Entrée dans ActionRencontre.php
17/08/2015 19:05:40 Entrée dans ActionRencontre.php
17/08/2015 19:05:56 Entrée dans ActionRencontre.php
17/08/2015 19:06:17 Entrée dans ActionRencontre.php
17/08/2015 19:06:34 Entrée dans ActionRencontre.php
17/08/2015 19:06:51 Entrée dans ActionRencontre.php
17/08/2015 19:07:08 Entrée dans ActionRencontre.php
17/08/2015 19:07:22 Entrée dans ActionRencontre.php
17/08/2015 19:07:40 Entrée dans ActionRencontre.php
17/08/2015 19:07:54 Entrée dans ActionRencontre.php
17/08/2015 19:08:02 Entrée dans ActionRencontre.php
17/08/2015 19:09:04 Entrée dans ActionAccueil.php
17/08/2015 19:09:17 Entrée dans ActionAgenda.php
17/08/2015 19:09:18 Entrée dans ActionAgenda.php
17/08/2015 19:09:22 Entrée dans ActionAgenda.php
17/08/2015 19:13:03 Entrée dans ActionClub.php
17/08/2015 20:22:28 Entrée dans ActionAgenda.php
17/08/2015 20:23:28 Entrée dans ActionAgenda.php
17/08/2015 20:50:36 Entrée dans ActionAccueil.php
17/08/2015 20:51:54 Entrée dans AfficherPopupArticle.php
17/08/2015 20:52:39 Entrée dans AfficherPopupArticle.php
17/08/2015 20:53:00 Entrée dans ActionEcoleDeFoot.php
17/08/2015 20:53:08 Entrée dans ActionEcoleDeFoot.php
17/08/2015 20:56:01 Entrée dans ActionAccueil.php
17/08/2015 20:56:03 Entrée dans ActionEcoleDeFoot.php
17/08/2015 20:56:06 Entrée dans ActionEvenement.php
17/08/2015 20:56:10 Entrée dans ActionJoueurs.php
17/08/2015 20:56:15 Entrée dans ActionSponsor.php
18/08/2015 08:12:49 Entrée dans ActionAccueil.php
18/08/2015 08:13:20 Entrée dans ActionClub.php
18/08/2015 08:13:41 Entrée dans ActionAccueil.php
18/08/2015 08:13:45 Entrée dans ActionJoueurs.php
18/08/2015 09:38:44 Entrée dans ActionAccueil.php
18/08/2015 11:08:56 Entrée dans ActionAccueil.php
18/08/2015 11:09:08 Entrée dans ActionAccueil.php
18/08/2015 11:09:30 Entrée dans ActionEcoleDeFoot.php
18/08/2015 11:09:37 Entrée dans ActionClub.php
18/08/2015 12:10:19 Entrée dans ActionAccueil.php
18/08/2015 12:10:20 Entrée dans ActionAccueil.php
18/08/2015 12:10:42 Entrée dans AfficherPopupArticle.php
18/08/2015 12:11:25 Entrée dans ActionAccueil.php
18/08/2015 12:11:55 Entrée dans ActionLogin.php
18/08/2015 12:11:55 Authentification de aissadi.
18/08/2015 12:11:55 Entrée dans ActionProfil.php
18/08/2015 12:12:03 Entrée dans ActionEquipe.php
18/08/2015 12:12:20 Entrée dans RechercherEquipe.php
18/08/2015 12:12:29 Entrée dans ActionMembre.php
18/08/2015 12:12:53 Entrée dans ActionMembre.php
18/08/2015 12:12:58 Entrée dans RechercherMembre.php
18/08/2015 12:13:12 Entrée dans ActionMembre.php
18/08/2015 12:13:23 Entrée dans ActionMembre.php
18/08/2015 12:14:08 Entrée dans RechercherMembre.php
18/08/2015 12:14:26 Entrée dans ActionEquipe.php
18/08/2015 12:14:32 Entrée dans ActionEquipe.php
18/08/2015 12:14:37 Entrée dans RechercherEquipe.php
18/08/2015 12:14:45 Entrée dans ActionMembre.php
18/08/2015 12:14:58 Entrée dans ActionMembre.php
18/08/2015 12:15:25 Entrée dans ActionArticle.php
18/08/2015 12:15:39 Entrée dans RechercherArticle.php
18/08/2015 12:16:05 Entrée dans ActionRencontre.php
18/08/2015 12:16:06 Entrée dans ActionRencontre.php
18/08/2015 12:16:15 Entrée dans ActionRencontre.php
18/08/2015 12:16:18 Entrée dans ActionRencontre.php
18/08/2015 12:16:27 Entrée dans GestionResultats.php
18/08/2015 12:16:33 Entrée dans ActionRencontre.php
18/08/2015 12:16:41 Entrée dans ActionRencontre.php
18/08/2015 12:16:48 Entrée dans ActionAccueil.php
18/08/2015 12:16:51 Entrée dans ActionClub.php
18/08/2015 12:17:11 Entrée dans ActionProfil.php
18/08/2015 12:17:22 Entrée dans ActionAccueil.php
18/08/2015 12:17:22 Entrée dans ActionAccueil.php
18/08/2015 13:25:01 Entrée dans ActionAccueil.php
18/08/2015 14:07:28 Entrée dans ActionAccueil.php
18/08/2015 14:07:39 Entrée dans AfficherPopupArticle.php
18/08/2015 14:09:02 Entrée dans AfficherPopupArticle.php
18/08/2015 14:09:49 Entrée dans ActionJoueurs.php
18/08/2015 14:50:05 Entrée dans ActionAccueil.php
18/08/2015 15:09:55 Entrée dans ActionAccueil.php
18/08/2015 15:30:04 Entrée dans ActionAccueil.php
18/08/2015 15:31:09 Entrée dans ActionEcoleDeFoot.php
18/08/2015 15:31:21 Entrée dans ActionEcoleDeFoot.php
18/08/2015 16:44:30 Entrée dans ActionAccueil.php
18/08/2015 16:44:50 Entrée dans AfficherPopupArticle.php
18/08/2015 16:44:59 Entrée dans ActionJoueurs.php
18/08/2015 18:59:46 Entrée dans ActionAccueil.php
18/08/2015 19:00:11 Entrée dans AfficherPopupArticle.php
18/08/2015 19:00:31 Entrée dans AfficherPopupArticle.php
18/08/2015 19:00:49 Entrée dans ActionEcoleDeFoot.php
18/08/2015 19:01:07 Entrée dans ActionEcoleDeFoot.php
18/08/2015 19:02:11 Entrée dans ActionEcoleDeFoot.php
18/08/2015 19:03:00 Entrée dans ActionClub.php
18/08/2015 19:26:08 Entrée dans ActionAccueil.php
18/08/2015 19:26:37 Entrée dans AfficherPopupArticle.php
18/08/2015 19:26:49 Entrée dans AfficherPopupArticle.php
18/08/2015 20:25:24 Entrée dans ActionAccueil.php
18/08/2015 20:25:29 Entrée dans ActionJoueurs.php
18/08/2015 22:41:29 Entrée dans ActionAccueil.php
18/08/2015 22:42:21 Entrée dans AfficherPopupArticle.php
18/08/2015 22:42:46 Entrée dans AfficherPopupArticle.php
18/08/2015 23:56:55 Entrée dans ActionAccueil.php
19/08/2015 02:40:35 Entrée dans ActionAccueil.php
19/08/2015 02:40:55 Entrée dans ActionJoueurs.php
19/08/2015 02:41:21 Entrée dans ActionAccueil.php
19/08/2015 07:50:59 Entrée dans ActionAccueil.php
19/08/2015 08:25:05 Entrée dans ActionAccueil.php
19/08/2015 08:26:29 Entrée dans AfficherPopupArticle.php
19/08/2015 09:38:49 Entrée dans ActionAccueil.php
19/08/2015 09:39:09 Entrée dans ActionEcoleDeFoot.php
19/08/2015 09:39:31 Entrée dans ActionJoueurs.php
19/08/2015 09:39:35 Entrée dans ActionEcoleDeFoot.php
19/08/2015 09:39:38 Entrée dans ActionEcoleDeFoot.php
19/08/2015 09:41:09 Entrée dans ActionAccueil.php
19/08/2015 09:41:33 Entrée dans ActionClub.php
19/08/2015 09:41:59 Entrée dans ActionAgenda.php
19/08/2015 09:42:01 Entrée dans ActionAgenda.php
19/08/2015 09:42:06 Entrée dans ActionEvenement.php
19/08/2015 09:42:46 Entrée dans ActionAgenda.php
19/08/2015 10:36:47 Entrée dans ActionAccueil.php
19/08/2015 10:37:12 Entrée dans ActionAccueil.php
19/08/2015 10:39:55 Entrée dans ActionAccueil.php
19/08/2015 10:57:57 Entrée dans ActionAccueil.php
19/08/2015 10:58:06 Entrée dans ActionLogin.php
19/08/2015 10:58:06 Authentification de tsutter.
19/08/2015 10:58:06 Entrée dans ActionProfil.php
19/08/2015 10:58:07 Entrée dans ActionAccueil.php
19/08/2015 10:58:08 Entrée dans ActionRencontre.php
19/08/2015 10:58:37 Entrée dans ActionRencontre.php
19/08/2015 10:58:43 Entrée dans ActionAccueil.php
19/08/2015 10:59:59 Entrée dans ActionRencontre.php
19/08/2015 11:00:00 Entrée dans ActionAccueil.php
19/08/2015 11:00:01 Entrée dans ActionAccueil.php
19/08/2015 11:00:33 Entrée dans ActionRencontre.php
19/08/2015 11:00:34 Entrée dans ActionAccueil.php
19/08/2015 11:00:59 Entrée dans ActionRencontre.php
19/08/2015 11:01:19 Entrée dans ActionRencontre.php
19/08/2015 11:01:20 Entrée dans ActionAccueil.php
19/08/2015 11:01:44 Entrée dans ActionRencontre.php
19/08/2015 11:02:04 Entrée dans ActionRencontre.php
19/08/2015 11:02:05 Entrée dans ActionAccueil.php
19/08/2015 11:02:24 Entrée dans ActionRencontre.php
19/08/2015 11:02:44 Entrée dans ActionRencontre.php
19/08/2015 11:03:04 Entrée dans ActionRencontre.php
19/08/2015 11:03:05 Entrée dans ActionAccueil.php
19/08/2015 11:03:26 Entrée dans ActionRencontre.php
19/08/2015 11:03:56 Entrée dans ActionRencontre.php
19/08/2015 11:03:57 Entrée dans ActionAccueil.php
19/08/2015 11:04:15 Entrée dans ActionRencontre.php
19/08/2015 11:04:36 Entrée dans ActionRencontre.php
19/08/2015 11:04:54 Entrée dans ActionRencontre.php
19/08/2015 11:04:55 Entrée dans ActionAccueil.php
19/08/2015 11:05:16 Entrée dans ActionRencontre.php
19/08/2015 11:05:30 Entrée dans ActionRencontre.php
19/08/2015 11:05:49 Entrée dans ActionRencontre.php
19/08/2015 11:05:50 Entrée dans ActionAccueil.php
19/08/2015 11:06:06 Entrée dans ActionRencontre.php
19/08/2015 11:06:13 Entrée dans ActionJoueurs.php
19/08/2015 11:09:27 Entrée dans ActionAccueil.php
19/08/2015 11:10:05 Entrée dans ActionRencontre.php
19/08/2015 11:10:07 Entrée dans ActionAccueil.php
19/08/2015 11:10:25 Entrée dans ActionRencontre.php
19/08/2015 11:10:49 Entrée dans ActionRencontre.php
19/08/2015 11:11:05 Entrée dans ActionRencontre.php
19/08/2015 11:11:06 Entrée dans ActionAccueil.php
19/08/2015 11:11:28 Entrée dans ActionRencontre.php
19/08/2015 11:11:48 Entrée dans ActionRencontre.php
19/08/2015 11:12:05 Entrée dans ActionRencontre.php
19/08/2015 11:12:06 Entrée dans ActionAccueil.php
19/08/2015 11:12:22 Entrée dans ActionRencontre.php
19/08/2015 11:12:36 Entrée dans ActionRencontre.php
19/08/2015 11:13:31 Entrée dans ActionRencontre.php
19/08/2015 11:13:32 Entrée dans ActionAccueil.php
19/08/2015 11:14:03 Entrée dans ActionRencontre.php
19/08/2015 11:14:05 Entrée dans ActionAccueil.php
19/08/2015 11:14:20 Entrée dans ActionRencontre.php
19/08/2015 11:14:35 Entrée dans ActionRencontre.php
19/08/2015 11:14:50 Entrée dans ActionRencontre.php
19/08/2015 11:14:51 Entrée dans ActionAccueil.php
19/08/2015 11:15:06 Entrée dans ActionRencontre.php
19/08/2015 11:15:24 Entrée dans ActionRencontre.php
19/08/2015 11:15:38 Entrée dans ActionRencontre.php
19/08/2015 11:15:39 Entrée dans ActionAccueil.php
19/08/2015 11:16:16 Entrée dans ActionJoueurs.php
19/08/2015 11:16:19 Entrée dans ActionAgenda.php
19/08/2015 11:16:20 Entrée dans ActionAgenda.php
19/08/2015 11:16:35 Entrée dans ActionAgenda.php
19/08/2015 11:17:26 Entrée dans ActionAgenda.php
19/08/2015 11:17:35 Entrée dans ActionAgenda.php
19/08/2015 11:17:38 Entrée dans ActionAgenda.php
19/08/2015 11:18:29 Entrée dans ActionAccueil.php
19/08/2015 11:18:30 Entrée dans ActionAgenda.php
19/08/2015 11:18:31 Entrée dans ActionAgenda.php
19/08/2015 11:18:32 Entrée dans ActionAgenda.php
19/08/2015 11:18:34 Entrée dans ActionEvenement.php
19/08/2015 11:18:36 Entrée dans ActionEvenement.php
19/08/2015 11:23:07 Entrée dans ActionAccueil.php
19/08/2015 11:23:31 Entrée dans AfficherPopupArticle.php
19/08/2015 11:34:01 Entrée dans ActionClub.php
19/08/2015 14:08:36 Entrée dans ActionAccueil.php
19/08/2015 14:09:04 Entrée dans AfficherPopupArticle.php
19/08/2015 14:09:48 Entrée dans AfficherPopupArticle.php
19/08/2015 14:09:58 Entrée dans ActionJoueurs.php
19/08/2015 14:11:07 Entrée dans ActionAgenda.php
19/08/2015 14:11:09 Entrée dans ActionAgenda.php
19/08/2015 14:11:15 Entrée dans ActionJoueurs.php
19/08/2015 14:11:18 Entrée dans ActionAccueil.php
19/08/2015 14:11:24 Entrée dans ActionClub.php
19/08/2015 21:31:31 Entrée dans ActionAccueil.php
20/08/2015 08:49:28 Entrée dans ActionAccueil.php
20/08/2015 09:00:36 Entrée dans ActionAccueil.php
20/08/2015 09:01:24 Entrée dans ActionJoueurs.php
20/08/2015 09:01:57 Entrée dans ActionJoueurs.php
20/08/2015 09:01:59 Entrée dans ActionJoueurs.php
20/08/2015 09:02:04 Entrée dans ActionAgenda.php
20/08/2015 09:02:05 Entrée dans ActionAgenda.php
20/08/2015 09:02:08 Entrée dans ActionEvenement.php
20/08/2015 09:02:12 Entrée dans ActionSponsor.php
20/08/2015 10:25:43 Entrée dans ActionAccueil.php
20/08/2015 10:26:24 Entrée dans AfficherPopupArticle.php
20/08/2015 10:26:51 Entrée dans AfficherPopupArticle.php
20/08/2015 10:27:15 Entrée dans AfficherPopupArticle.php
20/08/2015 10:27:27 Entrée dans AfficherPopupArticle.php
20/08/2015 10:27:40 Entrée dans AfficherPopupArticle.php
20/08/2015 10:28:09 Entrée dans AfficherPopupArticle.php
20/08/2015 13:42:12 Entrée dans ActionAccueil.php
20/08/2015 14:06:06 Entrée dans ActionAccueil.php
20/08/2015 14:06:44 Entrée dans ActionLogin.php
20/08/2015 14:06:44 Authentification de aissadi.
20/08/2015 14:06:44 Entrée dans ActionProfil.php
20/08/2015 14:06:48 Entrée dans ActionAccueil.php
20/08/2015 14:07:02 Entrée dans AfficherPopupArticle.php
20/08/2015 14:07:09 Entrée dans ActionAccueil.php
20/08/2015 14:07:12 Entrée dans ActionAccueil.php
20/08/2015 14:07:16 Entrée dans ActionJoueurs.php
20/08/2015 14:09:27 Entrée dans ActionAccueil.php
20/08/2015 14:09:41 Entrée dans ActionEvenement.php
20/08/2015 14:09:47 Entrée dans ActionAgenda.php
20/08/2015 14:09:48 Entrée dans ActionAgenda.php
20/08/2015 14:09:54 Entrée dans ActionAgenda.php
20/08/2015 14:10:03 Entrée dans ActionJoueurs.php
20/08/2015 14:10:15 Entrée dans ActionEcoleDeFoot.php
20/08/2015 14:10:21 Entrée dans ActionEcoleDeFoot.php
20/08/2015 14:15:58 Entrée dans ActionEcoleDeFoot.php
20/08/2015 14:16:04 Entrée dans ActionEcoleDeFoot.php
20/08/2015 14:16:36 Entrée dans ActionEcoleDeFoot.php
20/08/2015 14:16:39 Entrée dans ActionJoueurs.php
20/08/2015 14:16:43 Entrée dans ActionAccueil.php
20/08/2015 14:16:54 Entrée dans ActionEcoleDeFoot.php
20/08/2015 14:16:58 Entrée dans ActionEcoleDeFoot.php
20/08/2015 14:23:27 Entrée dans ActionAccueil.php
20/08/2015 14:23:51 Entrée dans ActionAccueil.php
20/08/2015 14:24:06 Entrée dans ActionAgenda.php
20/08/2015 14:24:08 Entrée dans ActionAgenda.php
20/08/2015 14:24:13 Entrée dans ActionAgenda.php
20/08/2015 14:24:16 Entrée dans ActionEcoleDeFoot.php
20/08/2015 14:24:19 Entrée dans ActionJoueurs.php
20/08/2015 14:24:24 Entrée dans ActionClub.php
20/08/2015 14:24:26 Entrée dans ActionClub.php
20/08/2015 14:24:41 Entrée dans ActionEcoleDeFoot.php
20/08/2015 14:24:47 Entrée dans ActionAccueil.php
20/08/2015 14:25:17 Entrée dans ActionAccueil.php
20/08/2015 14:25:22 Entrée dans ActionAccueil.php
20/08/2015 14:25:23 Entrée dans ActionClub.php
20/08/2015 14:25:28 Entrée dans ActionAccueil.php
20/08/2015 14:25:31 Entrée dans ActionJoueurs.php
20/08/2015 14:25:34 Entrée dans ActionEcoleDeFoot.php
20/08/2015 14:25:42 Entrée dans ActionEvenement.php
20/08/2015 14:25:52 Entrée dans ActionAgenda.php
20/08/2015 14:25:54 Entrée dans ActionAgenda.php
20/08/2015 14:26:06 Entrée dans ActionAccueil.php
20/08/2015 14:26:06 Entrée dans ActionAccueil.php
20/08/2015 14:26:12 Entrée dans ActionJoueurs.php
20/08/2015 14:26:16 Entrée dans ActionEcoleDeFoot.php
20/08/2015 17:13:09 Entrée dans ActionAccueil.php
20/08/2015 17:13:50 Entrée dans AfficherPopupArticle.php
20/08/2015 17:14:20 Entrée dans ActionAccueil.php
20/08/2015 17:14:22 Entrée dans ActionClub.php
20/08/2015 17:14:41 Entrée dans ActionJoueurs.php
20/08/2015 17:15:05 Entrée dans ActionEcoleDeFoot.php
20/08/2015 17:15:41 Entrée dans ActionEcoleDeFoot.php
20/08/2015 17:16:04 Entrée dans ActionEcoleDeFoot.php
20/08/2015 17:16:23 Entrée dans ActionClub.php
20/08/2015 20:41:00 Entrée dans ActionAccueil.php
20/08/2015 21:44:14 Entrée dans ActionAccueil.php
20/08/2015 22:36:56 Entrée dans ActionAccueil.php
20/08/2015 22:37:12 Entrée dans ActionEcoleDeFoot.php
20/08/2015 22:37:27 Entrée dans ActionEcoleDeFoot.php
20/08/2015 22:38:03 Entrée dans ActionAgenda.php
20/08/2015 22:38:05 Entrée dans ActionAgenda.php
20/08/2015 22:38:10 Entrée dans ActionAgenda.php
20/08/2015 22:38:12 Entrée dans ActionAgenda.php
20/08/2015 22:38:13 Entrée dans ActionAccueil.php
20/08/2015 22:38:41 Entrée dans AfficherPopupArticle.php
20/08/2015 22:40:09 Entrée dans ActionClub.php
20/08/2015 22:40:18 Entrée dans ActionAgenda.php
20/08/2015 22:40:20 Entrée dans ActionAgenda.php
20/08/2015 22:40:29 Entrée dans ActionSponsor.php
20/08/2015 22:40:32 Entrée dans ActionEvenement.php
20/08/2015 22:40:40 Entrée dans ActionAgenda.php
20/08/2015 22:40:41 Entrée dans ActionAgenda.php
20/08/2015 22:40:51 Entrée dans ActionAgenda.php
20/08/2015 22:41:01 Entrée dans ActionAgenda.php
20/08/2015 22:41:04 Entrée dans ActionClub.php
20/08/2015 22:41:13 Entrée dans ActionAccueil.php
20/08/2015 22:41:32 Entrée dans AfficherPopupArticle.php
20/08/2015 22:41:55 Entrée dans AfficherPopupArticle.php
20/08/2015 22:42:13 Entrée dans ActionAgenda.php
20/08/2015 22:42:15 Entrée dans ActionAgenda.php
20/08/2015 22:42:17 Entrée dans ActionEvenement.php
21/08/2015 09:39:01 Entrée dans ActionAccueil.php
21/08/2015 09:39:04 Entrée dans ActionEcoleDeFoot.php
21/08/2015 09:39:06 Entrée dans ActionEcoleDeFoot.php
21/08/2015 09:39:12 Entrée dans ActionEcoleDeFoot.php
21/08/2015 09:54:26 Entrée dans ActionEvenement.php
21/08/2015 12:09:45 Entrée dans ActionAccueil.php
21/08/2015 12:10:35 Entrée dans ActionJoueurs.php
21/08/2015 12:11:00 Entrée dans ActionJoueurs.php
21/08/2015 12:11:07 Entrée dans ActionEvenement.php
21/08/2015 12:11:13 Entrée dans ActionSponsor.php
21/08/2015 12:11:21 Entrée dans ActionSponsor.php
21/08/2015 12:11:39 Entrée dans ActionSponsor.php
21/08/2015 12:11:48 Entrée dans ActionClub.php
21/08/2015 12:13:21 Entrée dans ActionEcoleDeFoot.php
21/08/2015 12:13:27 Entrée dans ActionAgenda.php
21/08/2015 12:13:28 Entrée dans ActionAgenda.php
21/08/2015 12:13:30 Entrée dans ActionEvenement.php
21/08/2015 12:38:48 Entrée dans ActionAccueil.php
21/08/2015 12:43:42 Entrée dans ActionAccueil.php
21/08/2015 13:44:47 Entrée dans ActionAccueil.php
21/08/2015 13:45:23 Entrée dans ActionEvenement.php
21/08/2015 13:45:58 Entrée dans ActionClub.php
21/08/2015 13:47:22 Entrée dans ActionSponsor.php
21/08/2015 13:48:21 Entrée dans ActionJoueurs.php
21/08/2015 13:48:51 Entrée dans ActionAgenda.php
21/08/2015 13:49:35 Entrée dans ActionEcoleDeFoot.php
21/08/2015 14:32:48 Entrée dans ActionAccueil.php
21/08/2015 14:33:23 Entrée dans AfficherPopupArticle.php
21/08/2015 15:19:38 Entrée dans ActionAccueil.php
21/08/2015 15:20:03 Entrée dans ActionJoueurs.php
21/08/2015 15:22:08 Entrée dans ActionAgenda.php
21/08/2015 15:22:30 Entrée dans ActionAgenda.php
21/08/2015 15:23:03 Entrée dans ActionAgenda.php
21/08/2015 15:23:59 Entrée dans ActionAgenda.php
21/08/2015 15:25:47 Entrée dans ActionEcoleDeFoot.php
21/08/2015 15:26:21 Entrée dans ActionJoueurs.php
21/08/2015 15:44:52 Entrée dans ActionAccueil.php
21/08/2015 15:48:08 Entrée dans ActionAccueil.php
21/08/2015 15:48:11 Entrée dans ActionClub.php
21/08/2015 16:08:56 Entrée dans ActionClub.php
21/08/2015 16:09:40 Entrée dans ActionSponsor.php
21/08/2015 19:49:39 Entrée dans ActionAccueil.php
21/08/2015 19:53:52 Entrée dans ActionAccueil.php
21/08/2015 19:54:05 Entrée dans ActionJoueurs.php
21/08/2015 23:57:03 Entrée dans ActionAccueil.php
21/08/2015 23:58:00 Entrée dans ActionJoueurs.php
21/08/2015 23:58:51 Entrée dans ActionClub.php
22/08/2015 01:55:32 Entrée dans ActionAccueil.php
22/08/2015 07:32:55 Entrée dans ActionEvenement.php
22/08/2015 08:09:17 Entrée dans ActionAccueil.php
22/08/2015 08:09:32 Entrée dans AfficherPopupArticle.php
22/08/2015 08:10:15 Entrée dans ActionJoueurs.php
22/08/2015 08:35:48 Entrée dans ActionAccueil.php
22/08/2015 08:36:42 Entrée dans ActionJoueurs.php
22/08/2015 08:37:42 Entrée dans ActionAgenda.php
22/08/2015 08:37:44 Entrée dans ActionAgenda.php
22/08/2015 08:37:51 Entrée dans ActionEvenement.php
22/08/2015 11:33:00 Entrée dans ActionAccueil.php
22/08/2015 11:33:06 Entrée dans ActionJoueurs.php
22/08/2015 11:33:23 Entrée dans ActionAccueil.php
22/08/2015 11:33:33 Entrée dans AfficherPopupArticle.php
22/08/2015 11:34:01 Entrée dans ActionSponsor.php
22/08/2015 11:34:03 Entrée dans ActionEvenement.php
22/08/2015 11:34:05 Entrée dans ActionClub.php
22/08/2015 11:34:07 Entrée dans ActionAccueil.php
22/08/2015 11:34:23 Entrée dans ActionClub.php
22/08/2015 11:36:31 Entrée dans ActionAgenda.php
22/08/2015 11:36:32 Entrée dans ActionAgenda.php
22/08/2015 11:36:34 Entrée dans ActionClub.php
22/08/2015 11:37:34 Entrée dans ActionJoueurs.php
22/08/2015 11:38:05 Entrée dans ActionEcoleDeFoot.php
22/08/2015 11:38:12 Entrée dans ActionClub.php
22/08/2015 11:38:49 Entrée dans ActionAgenda.php
22/08/2015 11:38:50 Entrée dans ActionAgenda.php
22/08/2015 11:38:52 Entrée dans ActionEvenement.php
22/08/2015 11:38:59 Entrée dans ActionAccueil.php
22/08/2015 11:43:32 Entrée dans ActionAccueil.php
22/08/2015 11:43:37 Entrée dans ActionClub.php
22/08/2015 12:18:42 Entrée dans ActionClub.php
22/08/2015 13:20:54 Entrée dans ActionClub.php
22/08/2015 14:02:28 Entrée dans ActionAccueil.php
22/08/2015 14:02:32 Entrée dans ActionEcoleDeFoot.php
22/08/2015 14:02:37 Entrée dans ActionClub.php
22/08/2015 14:03:51 Entrée dans ActionEcoleDeFoot.php
22/08/2015 14:03:54 Entrée dans ActionEcoleDeFoot.php
22/08/2015 15:10:22 Entrée dans ActionAccueil.php
22/08/2015 15:10:47 Entrée dans ActionJoueurs.php
22/08/2015 15:11:06 Entrée dans ActionAccueil.php
22/08/2015 16:01:52 Entrée dans ActionAccueil.php
22/08/2015 16:53:02 Entrée dans ActionAccueil.php
22/08/2015 20:51:24 Entrée dans ActionAccueil.php
22/08/2015 20:51:40 Entrée dans AfficherPopupArticle.php
22/08/2015 20:52:46 Entrée dans AfficherPopupArticle.php
22/08/2015 20:52:50 Entrée dans ActionEcoleDeFoot.php
22/08/2015 20:52:54 Entrée dans ActionEcoleDeFoot.php
22/08/2015 20:53:07 Entrée dans ActionEcoleDeFoot.php
22/08/2015 22:20:34 Entrée dans ActionAccueil.php
22/08/2015 22:21:37 Entrée dans ActionJoueurs.php
22/08/2015 22:22:09 Entrée dans ActionClub.php
22/08/2015 22:22:24 Entrée dans ActionAccueil.php
22/08/2015 22:22:29 Entrée dans ActionAccueil.php
22/08/2015 22:22:57 Entrée dans AfficherPopupArticle.php
22/08/2015 22:47:23 Entrée dans ActionEcoleDeFoot.php
22/08/2015 22:47:24 Entrée dans ActionAgenda.php
22/08/2015 22:47:25 Entrée dans ActionEvenement.php
22/08/2015 22:47:26 Entrée dans ActionSponsor.php
22/08/2015 22:47:26 Entrée dans ActionJoueurs.php
22/08/2015 22:47:27 Entrée dans ActionAccueil.php
22/08/2015 22:47:29 Entrée dans ActionClub.php
22/08/2015 23:14:04 Entrée dans ActionAccueil.php
23/08/2015 02:37:08 Entrée dans ActionAgenda.php
23/08/2015 03:32:27 Entrée dans ActionAccueil.php
23/08/2015 05:55:47 Entrée dans ActionEcoleDeFoot.php
23/08/2015 08:38:35 Entrée dans ActionAccueil.php
23/08/2015 08:38:54 Entrée dans ActionClub.php
23/08/2015 08:39:06 Entrée dans ActionEcoleDeFoot.php
23/08/2015 08:39:44 Entrée dans ActionEcoleDeFoot.php
23/08/2015 08:47:10 Entrée dans ActionAccueil.php
23/08/2015 08:47:23 Entrée dans ActionClub.php
23/08/2015 08:47:34 Entrée dans ActionAgenda.php
23/08/2015 08:47:44 Entrée dans ActionSponsor.php
23/08/2015 08:47:54 Entrée dans ActionJoueurs.php
23/08/2015 08:48:09 Entrée dans ActionEvenement.php
23/08/2015 08:48:19 Entrée dans ActionEcoleDeFoot.php
23/08/2015 09:15:59 Entrée dans ActionAccueil.php
23/08/2015 09:16:52 Entrée dans ActionEcoleDeFoot.php
23/08/2015 09:17:34 Entrée dans ActionEcoleDeFoot.php
23/08/2015 09:17:58 Entrée dans ActionAccueil.php
23/08/2015 09:19:15 Entrée dans ActionEcoleDeFoot.php
23/08/2015 09:19:18 Entrée dans ActionAccueil.php
23/08/2015 09:19:26 Entrée dans ActionSponsor.php
23/08/2015 09:19:33 Entrée dans ActionAccueil.php
23/08/2015 09:19:54 Entrée dans ActionAccueil.php
23/08/2015 09:20:12 Entrée dans ActionClub.php
23/08/2015 09:48:46 Entrée dans ActionAccueil.php
23/08/2015 11:38:42 Entrée dans ActionAccueil.php
23/08/2015 11:40:17 Entrée dans AfficherPopupArticle.php
23/08/2015 11:53:59 Entrée dans ActionAccueil.php
23/08/2015 11:54:25 Entrée dans AfficherPopupArticle.php
23/08/2015 11:55:10 Entrée dans AfficherPopupArticle.php
23/08/2015 11:55:33 Entrée dans AfficherPopupArticle.php
23/08/2015 11:55:44 Entrée dans AfficherPopupArticle.php
23/08/2015 11:55:58 Entrée dans AfficherPopupArticle.php
23/08/2015 13:02:52 Entrée dans ActionAccueil.php
23/08/2015 16:49:20 Entrée dans ActionAccueil.php
23/08/2015 16:50:22 Entrée dans AfficherPopupArticle.php
23/08/2015 16:54:07 Entrée dans ActionAccueil.php
23/08/2015 16:54:22 Entrée dans ActionEcoleDeFoot.php
23/08/2015 16:54:43 Entrée dans ActionAccueil.php
23/08/2015 17:03:49 Entrée dans ActionAccueil.php
23/08/2015 17:04:07 Entrée dans ActionEvenement.php
23/08/2015 17:04:13 Entrée dans ActionEcoleDeFoot.php
23/08/2015 17:04:26 Entrée dans ActionJoueurs.php
23/08/2015 17:04:34 Entrée dans ActionAccueil.php
23/08/2015 17:04:40 Entrée dans ActionClub.php
23/08/2015 17:04:43 Entrée dans ActionClub.php
23/08/2015 17:22:28 Entrée dans ActionAccueil.php
23/08/2015 17:39:40 Entrée dans ActionAccueil.php
23/08/2015 17:39:43 Entrée dans ActionEcoleDeFoot.php
23/08/2015 17:39:46 Entrée dans ActionEvenement.php
23/08/2015 17:39:49 Entrée dans ActionJoueurs.php
23/08/2015 17:39:52 Entrée dans ActionSponsor.php
23/08/2015 18:53:04 Entrée dans ActionAccueil.php
23/08/2015 18:53:28 Entrée dans ActionEvenement.php
23/08/2015 18:53:28 Entrée dans ActionJoueurs.php
23/08/2015 18:53:29 Entrée dans ActionClub.php
23/08/2015 18:53:29 Entrée dans ActionEcoleDeFoot.php
23/08/2015 18:53:29 Entrée dans ActionAgenda.php
23/08/2015 18:53:29 Entrée dans ActionSponsor.php
23/08/2015 19:20:23 Entrée dans ActionJoueurs.php
23/08/2015 19:20:36 Entrée dans ActionAgenda.php
23/08/2015 19:20:37 Entrée dans ActionAgenda.php
23/08/2015 19:20:40 Entrée dans ActionEvenement.php
23/08/2015 19:37:27 Entrée dans ActionAccueil.php
23/08/2015 19:37:46 Entrée dans AfficherPopupArticle.php
23/08/2015 21:19:32 Entrée dans ActionAccueil.php
23/08/2015 22:16:57 Entrée dans ActionAccueil.php
23/08/2015 22:17:05 Entrée dans ActionClub.php
23/08/2015 22:25:08 Entrée dans ActionClub.php
24/08/2015 02:20:33 Entrée dans ActionAccueil.php
24/08/2015 03:05:05 Entrée dans ActionAccueil.php
24/08/2015 04:41:33 Entrée dans ActionAgenda.php
24/08/2015 08:59:11 Entrée dans ActionAccueil.php
24/08/2015 08:59:16 Entrée dans ActionClub.php
24/08/2015 08:59:18 Entrée dans ActionJoueurs.php
24/08/2015 08:59:20 Entrée dans ActionEcoleDeFoot.php
24/08/2015 08:59:22 Entrée dans ActionAgenda.php
24/08/2015 08:59:25 Entrée dans ActionEvenement.php
24/08/2015 08:59:27 Entrée dans ActionSponsor.php
24/08/2015 10:20:10 Entrée dans ActionAgenda.php
24/08/2015 10:44:23 Entrée dans ActionSponsor.php
24/08/2015 11:46:34 Entrée dans ActionAccueil.php
24/08/2015 11:46:47 Entrée dans AfficherPopupArticle.php
24/08/2015 11:47:01 Entrée dans AfficherPopupArticle.php
24/08/2015 11:47:14 Entrée dans ActionJoueurs.php
24/08/2015 11:47:46 Entrée dans ActionEcoleDeFoot.php
24/08/2015 11:47:50 Entrée dans ActionAgenda.php
24/08/2015 11:47:51 Entrée dans ActionAgenda.php
24/08/2015 11:47:59 Entrée dans ActionEvenement.php
24/08/2015 12:05:13 Entrée dans ActionAccueil.php
24/08/2015 12:06:13 Entrée dans ActionJoueurs.php
24/08/2015 12:06:49 Entrée dans AfficherPopupArticle.php
24/08/2015 12:18:20 Entrée dans ActionAccueil.php
24/08/2015 12:18:53 Entrée dans AfficherPopupArticle.php
24/08/2015 12:19:01 Entrée dans AfficherPopupArticle.php
24/08/2015 12:19:07 Entrée dans AfficherPopupArticle.php
24/08/2015 12:19:23 Entrée dans ActionAgenda.php
24/08/2015 12:19:25 Entrée dans ActionAgenda.php
24/08/2015 13:23:55 Entrée dans ActionAccueil.php
24/08/2015 13:33:19 Entrée dans ActionAccueil.php
24/08/2015 13:35:30 Entrée dans ActionJoueurs.php
24/08/2015 13:36:16 Entrée dans ActionClub.php
24/08/2015 13:38:01 Entrée dans ActionAccueil.php
24/08/2015 14:08:56 Entrée dans ActionAccueil.php
24/08/2015 14:19:28 Entrée dans ActionAccueil.php
24/08/2015 14:25:39 Entrée dans ActionAccueil.php
24/08/2015 14:26:11 Entrée dans AfficherPopupArticle.php
24/08/2015 14:27:09 Entrée dans AfficherPopupArticle.php
24/08/2015 14:27:24 Entrée dans ActionClub.php
24/08/2015 14:27:33 Entrée dans ActionEcoleDeFoot.php
24/08/2015 14:27:50 Entrée dans ActionAccueil.php
24/08/2015 14:28:05 Entrée dans AfficherPopupArticle.php
24/08/2015 14:28:50 Entrée dans ActionAccueil.php
24/08/2015 14:29:01 Entrée dans ActionEcoleDeFoot.php
24/08/2015 14:29:36 Entrée dans ActionEcoleDeFoot.php
24/08/2015 14:42:47 Entrée dans ActionAccueil.php
24/08/2015 14:44:01 Entrée dans ActionClub.php
24/08/2015 14:45:41 Entrée dans ActionAccueil.php
24/08/2015 14:46:42 Entrée dans AfficherPopupArticle.php
24/08/2015 14:47:25 Entrée dans ActionEcoleDeFoot.php
24/08/2015 14:47:34 Entrée dans ActionEcoleDeFoot.php
24/08/2015 14:47:51 Entrée dans ActionEcoleDeFoot.php
24/08/2015 14:47:55 Entrée dans ActionEcoleDeFoot.php
24/08/2015 14:47:59 Entrée dans ActionEcoleDeFoot.php
24/08/2015 17:07:00 Entrée dans ActionEvenement.php
24/08/2015 17:07:20 Entrée dans ActionEcoleDeFoot.php
24/08/2015 20:15:19 Entrée dans ActionAccueil.php
24/08/2015 23:50:37 Entrée dans ActionJoueurs.php
25/08/2015 00:08:46 Entrée dans ActionAccueil.php
25/08/2015 00:09:08 Entrée dans ActionAgenda.php
25/08/2015 00:09:09 Entrée dans ActionAgenda.php
25/08/2015 00:09:16 Entrée dans ActionEcoleDeFoot.php
25/08/2015 11:01:26 Entrée dans ActionAccueil.php
25/08/2015 11:02:03 Entrée dans ActionEcoleDeFoot.php
25/08/2015 11:02:12 Entrée dans ActionEcoleDeFoot.php
25/08/2015 11:02:28 Entrée dans ActionEcoleDeFoot.php
25/08/2015 11:03:17 Entrée dans ActionClub.php
25/08/2015 11:04:31 Entrée dans ActionAccueil.php
25/08/2015 11:04:38 Entrée dans ActionClub.php
25/08/2015 11:26:31 Entrée dans ActionAccueil.php
25/08/2015 13:42:53 Entrée dans ActionAccueil.php
25/08/2015 13:43:11 Entrée dans AfficherPopupArticle.php
25/08/2015 13:43:46 Entrée dans AfficherPopupArticle.php
25/08/2015 13:44:08 Entrée dans ActionJoueurs.php
25/08/2015 13:46:18 Entrée dans ActionClub.php
25/08/2015 13:46:20 Entrée dans ActionAccueil.php
25/08/2015 13:46:32 Entrée dans AfficherPopupArticle.php
25/08/2015 13:47:38 Entrée dans ActionJoueurs.php
25/08/2015 13:49:47 Entrée dans ActionAccueil.php
25/08/2015 14:08:04 Entrée dans ActionAccueil.php
25/08/2015 14:08:09 Entrée dans ActionEcoleDeFoot.php
25/08/2015 14:08:51 Entrée dans ActionEcoleDeFoot.php
25/08/2015 15:04:18 Entrée dans ActionAccueil.php
25/08/2015 15:05:40 Entrée dans AfficherPopupArticle.php
25/08/2015 15:06:18 Entrée dans AfficherPopupArticle.php
25/08/2015 15:06:51 Entrée dans AfficherPopupArticle.php
25/08/2015 15:46:19 Entrée dans ActionAccueil.php
25/08/2015 17:55:01 Entrée dans ActionAccueil.php
25/08/2015 17:55:01 Entrée dans ActionAccueil.php
25/08/2015 17:55:25 Entrée dans ActionClub.php
25/08/2015 17:55:41 Entrée dans ActionClub.php
25/08/2015 19:37:03 Entrée dans ActionAccueil.php
25/08/2015 19:37:29 Entrée dans AfficherPopupArticle.php
25/08/2015 19:37:53 Entrée dans AfficherPopupArticle.php
25/08/2015 19:38:21 Entrée dans ActionClub.php
25/08/2015 19:38:34 Entrée dans ActionAgenda.php
25/08/2015 19:38:35 Entrée dans ActionAgenda.php
25/08/2015 19:38:41 Entrée dans ActionEcoleDeFoot.php
25/08/2015 19:57:22 Entrée dans ActionJoueurs.php
25/08/2015 20:14:18 Entrée dans ActionAccueil.php
25/08/2015 20:14:19 Entrée dans ActionAccueil.php
25/08/2015 20:15:57 Entrée dans ActionEcoleDeFoot.php
25/08/2015 20:16:11 Entrée dans ActionEcoleDeFoot.php
25/08/2015 20:16:11 Entrée dans ActionEcoleDeFoot.php
25/08/2015 20:16:43 Entrée dans ActionEcoleDeFoot.php
25/08/2015 20:16:44 Entrée dans ActionEcoleDeFoot.php
25/08/2015 20:18:20 Entrée dans ActionEcoleDeFoot.php
25/08/2015 20:18:21 Entrée dans ActionEcoleDeFoot.php
25/08/2015 20:20:22 Entrée dans ActionEcoleDeFoot.php
25/08/2015 20:21:02 Entrée dans ActionEcoleDeFoot.php
25/08/2015 20:21:03 Entrée dans ActionEcoleDeFoot.php
25/08/2015 20:21:05 Entrée dans ActionEcoleDeFoot.php
25/08/2015 20:21:05 Entrée dans ActionEcoleDeFoot.php
26/08/2015 09:26:38 Entrée dans ActionAccueil.php
26/08/2015 09:26:47 Entrée dans ActionJoueurs.php
26/08/2015 09:27:06 Entrée dans ActionEcoleDeFoot.php
26/08/2015 09:27:44 Entrée dans ActionEcoleDeFoot.php
26/08/2015 12:56:56 Entrée dans ActionAccueil.php
26/08/2015 12:57:29 Entrée dans AfficherPopupArticle.php
26/08/2015 12:57:41 Entrée dans ActionJoueurs.php
26/08/2015 13:53:04 Entrée dans ActionAccueil.php
26/08/2015 13:54:10 Entrée dans ActionEcoleDeFoot.php
26/08/2015 13:54:15 Entrée dans ActionEcoleDeFoot.php
26/08/2015 13:55:40 Entrée dans ActionEcoleDeFoot.php
26/08/2015 13:55:47 Entrée dans ActionEcoleDeFoot.php
26/08/2015 13:55:51 Entrée dans ActionEcoleDeFoot.php
26/08/2015 13:55:55 Entrée dans ActionEcoleDeFoot.php
26/08/2015 13:56:01 Entrée dans ActionEcoleDeFoot.php
26/08/2015 13:56:15 Entrée dans ActionClub.php
26/08/2015 13:56:25 Entrée dans ActionAgenda.php
26/08/2015 13:56:27 Entrée dans ActionAgenda.php
26/08/2015 13:56:46 Entrée dans ActionEvenement.php
26/08/2015 13:56:56 Entrée dans ActionSponsor.php
26/08/2015 13:58:26 Entrée dans ActionAccueil.php
26/08/2015 14:01:22 Entrée dans AfficherPopupArticle.php
26/08/2015 14:50:12 Entrée dans ActionAccueil.php
26/08/2015 14:50:22 Entrée dans AfficherPopupArticle.php
26/08/2015 14:51:21 Entrée dans ActionLogin.php
26/08/2015 14:51:21 Authentification de aissadi.
26/08/2015 14:51:21 Entrée dans ActionProfil.php
26/08/2015 14:51:26 Entrée dans ActionMembre.php
26/08/2015 14:51:50 Entrée dans ActionMembre.php
26/08/2015 14:51:52 Entrée dans ActionMembre.php
26/08/2015 14:52:02 Entrée dans ActionMembre.php
26/08/2015 14:52:23 Entrée dans RechercherMembre.php
26/08/2015 14:52:47 Entrée dans RechercherMembre.php
26/08/2015 14:53:04 Entrée dans ActionMembre.php
26/08/2015 14:53:06 Entrée dans ActionRencontre.php
26/08/2015 14:53:31 Entrée dans ActionEquipe.php
26/08/2015 14:53:51 Entrée dans ActionEquipe.php
26/08/2015 14:54:26 Entrée dans RechercherEquipe.php
26/08/2015 14:54:39 Entrée dans ActionEquipe.php
26/08/2015 14:54:50 Entrée dans RechercherEquipe.php
26/08/2015 14:55:01 Entrée dans ActionEquipe.php
26/08/2015 14:55:06 Entrée dans ActionMembre.php
26/08/2015 14:55:28 Entrée dans ActionMembre.php
26/08/2015 14:56:04 Entrée dans ActionEquipe.php
26/08/2015 14:56:15 Entrée dans RechercherEquipe.php
26/08/2015 14:56:19 Entrée dans ActionEquipe.php
26/08/2015 14:56:25 Entrée dans ActionEquipe.php
26/08/2015 14:56:33 Entrée dans ActionMembre.php
26/08/2015 14:57:09 Entrée dans RechercherMembre.php
26/08/2015 14:57:18 Entrée dans ActionMembre.php
26/08/2015 14:57:35 Entrée dans ActionMembre.php
26/08/2015 14:57:48 Entrée dans ActionArticle.php
26/08/2015 14:57:59 Entrée dans ActionArticle.php
26/08/2015 14:58:16 Entrée dans RechercherArticle.php
26/08/2015 14:58:30 Entrée dans RechercherArticle.php
26/08/2015 14:59:12 Entrée dans ActionAccueil.php
26/08/2015 14:59:46 Entrée dans ActionProfil.php
26/08/2015 14:59:55 Entrée dans ActionPartenaire.php
26/08/2015 15:00:09 Entrée dans RechercherPartenaire.php
26/08/2015 15:00:43 Entrée dans ActionArticle.php
26/08/2015 15:00:46 Entrée dans GestionResultats.php
26/08/2015 15:00:53 Entrée dans ActionRencontre.php
26/08/2015 15:01:00 Entrée dans RechercherRencontre.php
26/08/2015 15:01:58 Entrée dans ActionProfil.php
26/08/2015 15:02:06 Entrée dans ActionAccueil.php
26/08/2015 15:02:07 Entrée dans ActionAccueil.php
26/08/2015 15:02:16 Entrée dans ActionAccueil.php
26/08/2015 16:24:18 Entrée dans ActionAccueil.php
26/08/2015 16:43:48 Entrée dans ActionAccueil.php
26/08/2015 16:43:54 Entrée dans ActionAccueil.php
26/08/2015 16:47:59 Entrée dans ActionEcoleDeFoot.php
26/08/2015 16:48:16 Entrée dans ActionEcoleDeFoot.php
26/08/2015 16:48:17 Entrée dans ActionEcoleDeFoot.php
26/08/2015 16:48:26 Entrée dans ActionEcoleDeFoot.php
26/08/2015 16:48:34 Entrée dans ActionEcoleDeFoot.php
26/08/2015 16:48:40 Entrée dans ActionEcoleDeFoot.php
26/08/2015 16:48:42 Entrée dans ActionEcoleDeFoot.php
26/08/2015 16:48:44 Entrée dans ActionEcoleDeFoot.php
26/08/2015 16:48:46 Entrée dans ActionEcoleDeFoot.php
26/08/2015 16:48:50 Entrée dans ActionEcoleDeFoot.php
26/08/2015 16:48:57 Entrée dans ActionEcoleDeFoot.php
26/08/2015 16:49:02 Entrée dans ActionEcoleDeFoot.php
26/08/2015 16:49:10 Entrée dans ActionEcoleDeFoot.php
26/08/2015 16:49:15 Entrée dans ActionSponsor.php
26/08/2015 16:49:29 Entrée dans ActionAccueil.php
26/08/2015 16:49:34 Entrée dans ActionClub.php
26/08/2015 17:49:10 Entrée dans ActionEcoleDeFoot.php
26/08/2015 17:49:32 Entrée dans ActionClub.php
26/08/2015 17:49:42 Entrée dans ActionEcoleDeFoot.php
26/08/2015 17:49:58 Entrée dans ActionEcoleDeFoot.php
26/08/2015 17:50:19 Entrée dans ActionAgenda.php
26/08/2015 17:50:22 Entrée dans ActionAgenda.php
26/08/2015 17:50:26 Entrée dans ActionAgenda.php
26/08/2015 17:50:29 Entrée dans ActionAgenda.php
26/08/2015 17:50:31 Entrée dans ActionEvenement.php
26/08/2015 17:50:42 Entrée dans ActionEcoleDeFoot.php
26/08/2015 17:50:55 Entrée dans ActionEcoleDeFoot.php
26/08/2015 17:54:05 Entrée dans ActionAccueil.php
26/08/2015 17:55:09 Entrée dans ActionEcoleDeFoot.php
26/08/2015 17:56:18 Entrée dans ActionEcoleDeFoot.php
26/08/2015 17:56:24 Entrée dans ActionEcoleDeFoot.php
26/08/2015 17:57:32 Entrée dans ActionAgenda.php
26/08/2015 17:57:34 Entrée dans ActionAgenda.php
26/08/2015 17:57:54 Entrée dans ActionClub.php
26/08/2015 17:59:28 Entrée dans ActionSponsor.php
26/08/2015 17:59:41 Entrée dans ActionAccueil.php
26/08/2015 17:59:50 Entrée dans ActionEcoleDeFoot.php
26/08/2015 18:00:08 Entrée dans AfficherPopupArticle.php
26/08/2015 18:00:16 Entrée dans ActionEcoleDeFoot.php
26/08/2015 18:00:21 Entrée dans ActionEcoleDeFoot.php
26/08/2015 18:00:30 Entrée dans AfficherPopupArticle.php
26/08/2015 18:00:38 Entrée dans ActionEcoleDeFoot.php
26/08/2015 18:00:49 Entrée dans AfficherPopupArticle.php
26/08/2015 18:01:28 Entrée dans ActionEvenement.php
26/08/2015 18:01:41 Entrée dans ActionAgenda.php
26/08/2015 18:01:42 Entrée dans ActionAgenda.php
26/08/2015 18:01:47 Entrée dans ActionClub.php
26/08/2015 18:51:01 Entrée dans ActionAccueil.php
26/08/2015 19:31:50 Entrée dans ActionAccueil.php
26/08/2015 19:33:48 Entrée dans AfficherPopupArticle.php
26/08/2015 21:38:53 Entrée dans ActionAccueil.php
26/08/2015 21:39:15 Entrée dans AfficherPopupArticle.php
26/08/2015 21:41:06 Entrée dans ActionAccueil.php
26/08/2015 21:41:17 Entrée dans ActionClub.php
26/08/2015 21:41:31 Entrée dans ActionJoueurs.php
26/08/2015 21:45:33 Entrée dans ActionEvenement.php
26/08/2015 21:45:42 Entrée dans ActionAccueil.php
26/08/2015 21:46:15 Entrée dans AfficherPopupArticle.php
26/08/2015 22:17:47 Entrée dans ActionAccueil.php
26/08/2015 22:31:19 Entrée dans ActionAccueil.php
26/08/2015 22:31:50 Entrée dans ActionClub.php
26/08/2015 22:32:06 Entrée dans ActionJoueurs.php
26/08/2015 22:32:41 Entrée dans ActionAgenda.php
26/08/2015 22:32:43 Entrée dans ActionAgenda.php
27/08/2015 02:14:47 Entrée dans ActionAccueil.php
27/08/2015 09:37:29 Entrée dans ActionAccueil.php
27/08/2015 09:37:29 Entrée dans ActionAccueil.php
27/08/2015 09:37:54 Entrée dans ActionLogin.php
27/08/2015 09:37:54 Authentification de aissadi.
27/08/2015 09:37:54 Entrée dans ActionProfil.php
27/08/2015 09:37:58 Entrée dans ActionMembre.php
27/08/2015 09:38:11 Entrée dans ActionMembre.php
27/08/2015 09:38:16 Entrée dans RechercherMembre.php
27/08/2015 11:09:09 Entrée dans ActionAccueil.php
27/08/2015 11:09:46 Entrée dans ActionAccueil.php
27/08/2015 11:09:51 Entrée dans ActionAgenda.php
27/08/2015 11:09:53 Entrée dans ActionAgenda.php
27/08/2015 11:10:08 Entrée dans ActionAgenda.php
27/08/2015 11:10:19 Entrée dans ActionJoueurs.php
27/08/2015 11:11:16 Entrée dans ActionAccueil.php
27/08/2015 11:11:29 Entrée dans ActionJoueurs.php
27/08/2015 11:11:36 Entrée dans ActionJoueurs.php
27/08/2015 11:11:53 Entrée dans ActionJoueurs.php
27/08/2015 11:11:59 Entrée dans ActionAgenda.php
27/08/2015 11:12:00 Entrée dans ActionAgenda.php
27/08/2015 11:12:32 Entrée dans ActionEvenement.php
27/08/2015 11:29:40 Entrée dans ActionAccueil.php
27/08/2015 11:29:46 Entrée dans ActionClub.php
27/08/2015 11:30:10 Entrée dans ActionEcoleDeFoot.php
27/08/2015 16:51:56 Entrée dans ActionAccueil.php
27/08/2015 16:52:13 Entrée dans ActionEcoleDeFoot.php
27/08/2015 17:35:02 Entrée dans ActionAccueil.php
27/08/2015 17:35:39 Entrée dans ActionAccueil.php
27/08/2015 17:36:16 Entrée dans ActionJoueurs.php
27/08/2015 17:54:15 Entrée dans ActionAccueil.php
27/08/2015 18:02:39 Entrée dans ActionAccueil.php
27/08/2015 18:03:04 Entrée dans AfficherPopupArticle.php
27/08/2015 18:04:05 Entrée dans AfficherPopupArticle.php
27/08/2015 18:04:31 Entrée dans AfficherPopupArticle.php
27/08/2015 18:05:04 Entrée dans AfficherPopupArticle.php
27/08/2015 18:40:57 Entrée dans ActionAccueil.php
27/08/2015 18:41:42 Entrée dans AfficherPopupArticle.php
27/08/2015 18:41:54 Entrée dans ActionEcoleDeFoot.php
27/08/2015 18:42:10 Entrée dans ActionEcoleDeFoot.php
27/08/2015 18:42:13 Entrée dans ActionEcoleDeFoot.php
27/08/2015 18:42:16 Entrée dans ActionEcoleDeFoot.php
27/08/2015 18:44:04 Entrée dans ActionEcoleDeFoot.php
27/08/2015 18:44:10 Entrée dans ActionAgenda.php
27/08/2015 18:44:11 Entrée dans ActionAgenda.php
27/08/2015 18:44:15 Entrée dans ActionAccueil.php
27/08/2015 18:44:33 Entrée dans ActionSponsor.php
27/08/2015 18:44:36 Entrée dans ActionEvenement.php
27/08/2015 18:44:41 Entrée dans ActionAgenda.php
27/08/2015 18:44:43 Entrée dans ActionAgenda.php
27/08/2015 18:44:46 Entrée dans ActionEcoleDeFoot.php
27/08/2015 18:45:01 Entrée dans ActionEcoleDeFoot.php
27/08/2015 18:45:19 Entrée dans ActionClub.php
27/08/2015 18:50:06 Entrée dans ActionEcoleDeFoot.php
27/08/2015 18:50:22 Entrée dans ActionEcoleDeFoot.php
27/08/2015 21:51:23 Entrée dans ActionAccueil.php
27/08/2015 21:51:36 Entrée dans ActionJoueurs.php
27/08/2015 21:52:41 Entrée dans ActionAccueil.php
27/08/2015 21:53:09 Entrée dans AfficherPopupArticle.php
27/08/2015 21:53:20 Entrée dans ActionClub.php
28/08/2015 01:45:18 Entrée dans ActionClub.php
28/08/2015 02:55:38 Entrée dans ActionClub.php
28/08/2015 08:12:21 Entrée dans ActionAccueil.php
28/08/2015 11:58:39 Entrée dans ActionAccueil.php
28/08/2015 11:58:46 Entrée dans ActionClub.php
28/08/2015 11:59:00 Entrée dans ActionAccueil.php
28/08/2015 11:59:16 Entrée dans AfficherPopupArticle.php
28/08/2015 12:09:26 Entrée dans ActionEcoleDeFoot.php
28/08/2015 12:20:32 Entrée dans ActionAccueil.php
28/08/2015 12:21:04 Entrée dans ActionJoueurs.php
28/08/2015 13:44:46 Entrée dans ActionEvenement.php
28/08/2015 13:49:34 Entrée dans ActionAgenda.php
28/08/2015 14:14:25 Entrée dans ActionAccueil.php
28/08/2015 14:14:32 Entrée dans ActionAccueil.php
28/08/2015 14:14:45 Entrée dans ActionEcoleDeFoot.php
28/08/2015 14:14:50 Entrée dans ActionEcoleDeFoot.php
28/08/2015 14:14:53 Entrée dans ActionEcoleDeFoot.php
28/08/2015 14:14:58 Entrée dans ActionEcoleDeFoot.php
28/08/2015 14:15:01 Entrée dans ActionEcoleDeFoot.php
28/08/2015 14:15:06 Entrée dans ActionAccueil.php
28/08/2015 14:15:17 Entrée dans AfficherPopupArticle.php
28/08/2015 14:54:58 Entrée dans ActionAccueil.php
28/08/2015 14:55:32 Entrée dans ActionEcoleDeFoot.php
28/08/2015 15:10:06 Entrée dans ActionAccueil.php
28/08/2015 15:10:13 Entrée dans ActionJoueurs.php
28/08/2015 15:10:42 Entrée dans ActionJoueurs.php
28/08/2015 15:43:33 Entrée dans ActionAccueil.php
28/08/2015 15:46:49 Entrée dans ActionAccueil.php
28/08/2015 15:47:13 Entrée dans ActionLogin.php
28/08/2015 15:47:13 Authentification de tsutter.
28/08/2015 15:47:14 Entrée dans ActionProfil.php
28/08/2015 15:47:14 Entrée dans ActionAccueil.php
28/08/2015 15:47:16 Entrée dans ActionRencontre.php
28/08/2015 15:47:21 Entrée dans RechercherRencontre.php
28/08/2015 15:47:36 Entrée dans ActionAccueil.php
28/08/2015 15:50:32 Entrée dans ActionAccueil.php
28/08/2015 18:20:06 Entrée dans ActionAccueil.php
28/08/2015 18:20:11 Entrée dans ActionEcoleDeFoot.php
28/08/2015 18:20:20 Entrée dans ActionEcoleDeFoot.php
28/08/2015 18:41:31 Entrée dans ActionAccueil.php
28/08/2015 18:41:54 Entrée dans ActionAccueil.php
28/08/2015 18:42:40 Entrée dans ActionClub.php
28/08/2015 18:59:20 Entrée dans ActionAccueil.php
28/08/2015 19:00:17 Entrée dans ActionJoueurs.php
28/08/2015 19:01:37 Entrée dans ActionEcoleDeFoot.php
28/08/2015 19:01:48 Entrée dans ActionEcoleDeFoot.php
28/08/2015 19:02:13 Entrée dans ActionEcoleDeFoot.php
28/08/2015 19:02:57 Entrée dans ActionJoueurs.php
28/08/2015 21:25:03 Entrée dans ActionAccueil.php
28/08/2015 21:26:00 Entrée dans ActionClub.php
28/08/2015 21:26:14 Entrée dans ActionEcoleDeFoot.php
28/08/2015 21:26:38 Entrée dans ActionEcoleDeFoot.php
28/08/2015 21:27:20 Entrée dans ActionEcoleDeFoot.php
29/08/2015 00:07:30 Entrée dans ActionAccueil.php
29/08/2015 04:01:31 Entrée dans ActionAccueil.php
29/08/2015 10:56:29 Entrée dans ActionAccueil.php
29/08/2015 10:56:58 Entrée dans ActionEcoleDeFoot.php
29/08/2015 10:57:02 Entrée dans ActionEcoleDeFoot.php
29/08/2015 10:57:16 Entrée dans ActionEcoleDeFoot.php
29/08/2015 10:57:20 Entrée dans ActionEcoleDeFoot.php
29/08/2015 10:58:19 Entrée dans ActionEvenement.php
29/08/2015 15:58:28 Entrée dans ActionJoueurs.php
29/08/2015 15:58:54 Entrée dans ActionClub.php
29/08/2015 15:58:57 Entrée dans ActionClub.php
29/08/2015 17:48:22 Entrée dans ActionClub.php
29/08/2015 18:47:05 Entrée dans ActionAccueil.php
29/08/2015 18:47:34 Entrée dans ActionAccueil.php
29/08/2015 18:47:57 Entrée dans ActionJoueurs.php
29/08/2015 18:48:00 Entrée dans ActionJoueurs.php
29/08/2015 18:48:52 Entrée dans ActionEvenement.php
29/08/2015 18:48:54 Entrée dans ActionSponsor.php
29/08/2015 18:49:01 Entrée dans ActionEvenement.php
29/08/2015 18:49:02 Entrée dans ActionAgenda.php
29/08/2015 18:49:03 Entrée dans ActionAgenda.php
29/08/2015 18:49:21 Entrée dans ActionEcoleDeFoot.php
29/08/2015 18:49:32 Entrée dans ActionEcoleDeFoot.php
29/08/2015 18:49:59 Entrée dans ActionEcoleDeFoot.php
29/08/2015 18:50:04 Entrée dans ActionEcoleDeFoot.php
29/08/2015 18:50:06 Entrée dans ActionEcoleDeFoot.php
29/08/2015 18:50:12 Entrée dans ActionAccueil.php
29/08/2015 18:50:17 Entrée dans AfficherPopupArticle.php
29/08/2015 18:51:15 Entrée dans AfficherPopupArticle.php
29/08/2015 20:49:55 Entrée dans ActionAccueil.php
29/08/2015 20:50:04 Entrée dans ActionClub.php
29/08/2015 22:31:38 Entrée dans ActionAccueil.php
29/08/2015 23:21:29 Entrée dans ActionAccueil.php
29/08/2015 23:21:34 Entrée dans ActionJoueurs.php
29/08/2015 23:32:22 Entrée dans ActionAccueil.php
29/08/2015 23:32:54 Entrée dans ActionJoueurs.php
29/08/2015 23:35:24 Entrée dans ActionAccueil.php
29/08/2015 23:36:19 Entrée dans ActionJoueurs.php
29/08/2015 23:40:47 Entrée dans ActionAccueil.php
29/08/2015 23:40:49 Entrée dans ActionClub.php
29/08/2015 23:42:22 Entrée dans ActionAccueil.php
29/08/2015 23:42:30 Entrée dans ActionJoueurs.php
30/08/2015 00:10:39 Entrée dans ActionAccueil.php
30/08/2015 00:11:05 Entrée dans ActionJoueurs.php
30/08/2015 00:11:22 Entrée dans ActionClub.php
30/08/2015 06:20:02 Entrée dans ActionAccueil.php
30/08/2015 09:02:38 Entrée dans ActionAccueil.php
30/08/2015 09:02:52 Entrée dans ActionJoueurs.php
30/08/2015 09:03:25 Entrée dans ActionAccueil.php
30/08/2015 10:02:37 Entrée dans ActionAccueil.php
30/08/2015 10:03:32 Entrée dans ActionAgenda.php
30/08/2015 10:03:33 Entrée dans ActionAgenda.php
30/08/2015 10:03:56 Entrée dans ActionJoueurs.php
30/08/2015 10:04:29 Entrée dans ActionClub.php
30/08/2015 10:04:38 Entrée dans ActionEvenement.php
30/08/2015 11:33:19 Entrée dans ActionAccueil.php
30/08/2015 11:33:25 Entrée dans ActionAgenda.php
30/08/2015 11:33:27 Entrée dans ActionAgenda.php
30/08/2015 11:34:01 Entrée dans ActionJoueurs.php
30/08/2015 11:34:30 Entrée dans ActionAgenda.php
30/08/2015 11:34:31 Entrée dans ActionAgenda.php
30/08/2015 11:35:10 Entrée dans ActionAccueil.php
30/08/2015 11:36:55 Entrée dans ActionAccueil.php
30/08/2015 11:37:00 Entrée dans ActionJoueurs.php
30/08/2015 11:37:24 Entrée dans ActionClub.php
30/08/2015 12:16:34 Entrée dans ActionAccueil.php
30/08/2015 12:17:16 Entrée dans AfficherPopupArticle.php
30/08/2015 12:18:14 Entrée dans AfficherPopupArticle.php
30/08/2015 12:18:45 Entrée dans AfficherPopupArticle.php
30/08/2015 12:19:15 Entrée dans AfficherPopupArticle.php
30/08/2015 12:19:38 Entrée dans ActionEcoleDeFoot.php
30/08/2015 12:19:51 Entrée dans ActionEcoleDeFoot.php
30/08/2015 12:20:17 Entrée dans ActionAccueil.php
30/08/2015 12:20:36 Entrée dans ActionAgenda.php
30/08/2015 12:20:38 Entrée dans ActionAgenda.php
30/08/2015 14:47:14 Entrée dans ActionEcoleDeFoot.php
30/08/2015 16:02:26 Entrée dans ActionAccueil.php
30/08/2015 16:03:21 Entrée dans AfficherPopupArticle.php
30/08/2015 16:04:40 Entrée dans ActionAccueil.php
30/08/2015 16:04:42 Entrée dans ActionEcoleDeFoot.php
30/08/2015 16:04:53 Entrée dans ActionEcoleDeFoot.php
30/08/2015 16:07:13 Entrée dans ActionEcoleDeFoot.php
30/08/2015 16:07:19 Entrée dans ActionEcoleDeFoot.php
30/08/2015 16:09:33 Entrée dans ActionEcoleDeFoot.php
30/08/2015 16:10:17 Entrée dans ActionClub.php
30/08/2015 17:48:32 Entrée dans ActionAccueil.php
30/08/2015 17:48:49 Entrée dans ActionAccueil.php
30/08/2015 17:49:16 Entrée dans ActionAccueil.php
30/08/2015 17:49:18 Entrée dans ActionAccueil.php
30/08/2015 17:50:20 Entrée dans ActionAccueil.php
30/08/2015 17:50:39 Entrée dans ActionClub.php
30/08/2015 17:53:02 Entrée dans AfficherPopupArticle.php
30/08/2015 18:28:53 Entrée dans ActionAccueil.php
30/08/2015 19:01:54 Entrée dans ActionAccueil.php
30/08/2015 19:02:10 Entrée dans ActionJoueurs.php
30/08/2015 20:58:18 Entrée dans ActionJoueurs.php
30/08/2015 20:59:17 Entrée dans ActionEcoleDeFoot.php
30/08/2015 20:59:30 Entrée dans ActionEcoleDeFoot.php
30/08/2015 20:59:54 Entrée dans ActionClub.php
30/08/2015 21:25:17 Entrée dans ActionAccueil.php
30/08/2015 21:25:32 Entrée dans ActionJoueurs.php
30/08/2015 21:26:16 Entrée dans ActionClub.php
30/08/2015 22:46:51 Entrée dans ActionAccueil.php
30/08/2015 22:47:08 Entrée dans ActionJoueurs.php
30/08/2015 22:47:36 Entrée dans ActionJoueurs.php
30/08/2015 22:47:40 Entrée dans ActionClub.php
31/08/2015 04:24:45 Entrée dans ActionAccueil.php
31/08/2015 04:25:07 Entrée dans ActionEcoleDeFoot.php
31/08/2015 05:43:10 Entrée dans ActionSponsor.php
31/08/2015 05:56:08 Entrée dans ActionAgenda.php
31/08/2015 05:56:12 Entrée dans ActionClub.php
31/08/2015 05:56:15 Entrée dans ActionEcoleDeFoot.php
31/08/2015 05:56:17 Entrée dans ActionEvenement.php
31/08/2015 10:57:29 Entrée dans ActionAccueil.php
31/08/2015 10:57:36 Entrée dans ActionLogin.php
31/08/2015 10:57:36 Authentification de tsutter.
31/08/2015 10:57:36 Entrée dans ActionProfil.php
31/08/2015 10:57:36 Entrée dans ActionAccueil.php
31/08/2015 10:57:38 Entrée dans ActionRencontre.php
31/08/2015 10:57:50 Entrée dans GestionResultats.php
31/08/2015 10:57:58 Entrée dans GestionResultats.php
31/08/2015 10:58:01 Entrée dans ActionAccueil.php
31/08/2015 11:54:00 Entrée dans ActionAccueil.php
31/08/2015 11:54:07 Entrée dans ActionLogin.php
31/08/2015 11:54:07 Authentification de tsutter.
31/08/2015 11:54:07 Entrée dans ActionProfil.php
31/08/2015 11:54:07 Entrée dans ActionAccueil.php
31/08/2015 11:54:10 Entrée dans ActionRencontre.php
31/08/2015 12:42:44 Entrée dans ActionAccueil.php
31/08/2015 12:43:15 Entrée dans ActionEcoleDeFoot.php
31/08/2015 12:43:30 Entrée dans ActionEcoleDeFoot.php
31/08/2015 12:44:05 Entrée dans ActionAgenda.php
31/08/2015 12:44:06 Entrée dans ActionAgenda.php
31/08/2015 12:44:16 Entrée dans ActionEvenement.php
31/08/2015 12:44:30 Entrée dans ActionJoueurs.php
31/08/2015 12:44:54 Entrée dans ActionEcoleDeFoot.php
31/08/2015 12:51:50 Entrée dans ActionAccueil.php
31/08/2015 12:52:22 Entrée dans AfficherPopupArticle.php
31/08/2015 12:52:36 Entrée dans ActionEcoleDeFoot.php
31/08/2015 12:52:42 Entrée dans ActionAccueil.php
31/08/2015 12:53:00 Entrée dans ActionEcoleDeFoot.php
31/08/2015 12:53:09 Entrée dans AfficherPopupArticle.php
31/08/2015 12:53:46 Entrée dans ActionAccueil.php
31/08/2015 12:53:51 Entrée dans ActionEcoleDeFoot.php
31/08/2015 12:53:56 Entrée dans ActionAccueil.php
31/08/2015 12:54:08 Entrée dans ActionEcoleDeFoot.php
31/08/2015 13:06:49 Entrée dans ActionAccueil.php
31/08/2015 13:07:21 Entrée dans ActionSponsor.php
31/08/2015 13:07:24 Entrée dans ActionEvenement.php
31/08/2015 13:07:25 Entrée dans ActionAgenda.php
31/08/2015 13:07:26 Entrée dans ActionAgenda.php
31/08/2015 13:07:28 Entrée dans ActionEcoleDeFoot.php
31/08/2015 13:07:30 Entrée dans ActionJoueurs.php
31/08/2015 13:07:33 Entrée dans ActionClub.php
31/08/2015 13:07:40 Entrée dans ActionAccueil.php
31/08/2015 13:08:03 Entrée dans ActionAccueil.php
31/08/2015 13:08:14 Entrée dans ActionAccueil.php
31/08/2015 13:08:20 Entrée dans ActionAccueil.php
31/08/2015 13:08:24 Entrée dans ActionAccueil.php
31/08/2015 13:08:26 Entrée dans ActionClub.php
31/08/2015 13:08:29 Entrée dans ActionJoueurs.php
31/08/2015 13:08:30 Entrée dans ActionEcoleDeFoot.php
31/08/2015 13:08:33 Entrée dans ActionAgenda.php
31/08/2015 13:08:34 Entrée dans ActionAgenda.php
31/08/2015 13:08:39 Entrée dans ActionEvenement.php
31/08/2015 13:08:41 Entrée dans ActionSponsor.php
31/08/2015 13:12:14 Entrée dans ActionAccueil.php
31/08/2015 13:29:32 Entrée dans ActionAccueil.php
31/08/2015 13:30:16 Entrée dans ActionClub.php
31/08/2015 13:30:30 Entrée dans ActionAccueil.php
31/08/2015 13:30:50 Entrée dans AfficherPopupArticle.php
31/08/2015 13:31:07 Entrée dans AfficherPopupArticle.php
31/08/2015 13:31:14 Entrée dans ActionAgenda.php
31/08/2015 13:31:15 Entrée dans ActionAgenda.php
31/08/2015 13:31:22 Entrée dans ActionClub.php
31/08/2015 13:31:39 Entrée dans ActionEvenement.php
31/08/2015 13:31:48 Entrée dans ActionAccueil.php
31/08/2015 13:31:55 Entrée dans AfficherPopupArticle.php
31/08/2015 13:32:00 Entrée dans AfficherPopupArticle.php
31/08/2015 13:32:27 Entrée dans ActionClub.php
31/08/2015 13:33:15 Entrée dans ActionEcoleDeFoot.php
31/08/2015 13:33:25 Entrée dans ActionEcoleDeFoot.php
31/08/2015 13:34:08 Entrée dans ActionEcoleDeFoot.php
31/08/2015 13:34:13 Entrée dans ActionEcoleDeFoot.php
31/08/2015 13:51:29 Entrée dans ActionAccueil.php
31/08/2015 14:34:49 Entrée dans ActionAccueil.php
31/08/2015 14:35:28 Entrée dans AfficherPopupArticle.php
31/08/2015 14:36:48 Entrée dans ActionJoueurs.php
31/08/2015 14:45:56 Entrée dans ActionAccueil.php
31/08/2015 14:46:30 Entrée dans ActionAccueil.php
31/08/2015 14:46:45 Entrée dans ActionClub.php
31/08/2015 14:55:21 Entrée dans ActionAgenda.php
31/08/2015 14:55:23 Entrée dans ActionAgenda.php
31/08/2015 14:59:09 Entrée dans ActionJoueurs.php
31/08/2015 14:59:52 Entrée dans ActionAgenda.php
31/08/2015 14:59:54 Entrée dans ActionAgenda.php
31/08/2015 16:22:17 Entrée dans ActionAccueil.php
31/08/2015 16:22:45 Entrée dans ActionJoueurs.php
31/08/2015 18:08:48 Entrée dans ActionAccueil.php
31/08/2015 18:09:14 Entrée dans AfficherPopupArticle.php
31/08/2015 18:10:01 Entrée dans ActionClub.php
31/08/2015 18:10:23 Entrée dans ActionEcoleDeFoot.php
31/08/2015 18:10:32 Entrée dans ActionEcoleDeFoot.php
31/08/2015 18:10:57 Entrée dans ActionJoueurs.php
31/08/2015 18:11:07 Entrée dans ActionEcoleDeFoot.php
31/08/2015 18:11:23 Entrée dans ActionEcoleDeFoot.php
31/08/2015 18:57:44 Entrée dans ActionAccueil.php
31/08/2015 18:58:32 Entrée dans ActionClub.php
31/08/2015 20:58:49 Entrée dans ActionEcoleDeFoot.php
31/08/2015 20:59:18 Entrée dans ActionEcoleDeFoot.php
31/08/2015 21:01:05 Entrée dans ActionEvenement.php
