01/01/2018 05:23:29 Entrée dans ActionClub.php
01/01/2018 06:22:00 Entrée dans ActionSponsor.php
01/01/2018 11:41:59 Entrée dans ActionAccueil.php
01/01/2018 11:42:31 Entrée dans ActionClub.php
01/01/2018 11:43:18 Entrée dans ActionAgenda.php
01/01/2018 11:43:39 Entrée dans ActionJoueurs.php
01/01/2018 11:44:09 Entrée dans ActionSponsor.php
01/01/2018 11:45:04 Entrée dans ActionEvenement.php
01/01/2018 11:45:26 Entrée dans ActionEcoleDeFoot.php
01/01/2018 12:00:13 Entrée dans ActionAccueil.php
01/01/2018 12:00:17 Entrée dans ActionClub.php
01/01/2018 12:00:19 Entrée dans ActionJoueurs.php
01/01/2018 12:00:21 Entrée dans ActionEcoleDeFoot.php
01/01/2018 12:00:23 Entrée dans ActionAgenda.php
01/01/2018 12:00:25 Entrée dans ActionEvenement.php
01/01/2018 12:00:27 Entrée dans ActionSponsor.php
01/01/2018 14:02:56 Entrée dans ActionContact.php
01/01/2018 14:02:57 Entrée dans ActionContact.php
01/01/2018 17:05:06 Entrée dans ActionEvenement.php
01/01/2018 17:05:06 Entrée dans ActionJoueurs.php
01/01/2018 17:05:06 Entrée dans ActionAgenda.php
01/01/2018 17:20:26 Entrée dans ActionClub.php
01/01/2018 17:20:26 Entrée dans ActionAccueil.php
01/01/2018 17:20:26 Entrée dans ActionEcoleDeFoot.php
01/01/2018 17:32:34 Entrée dans ActionAccueil.php
01/01/2018 23:51:22 Entrée dans ActionJoueurs.php
02/01/2018 13:03:03 Entrée dans ActionClub.php
02/01/2018 20:13:53 Entrée dans ActionAccueil.php
02/01/2018 20:14:07 Entrée dans ActionClub.php
02/01/2018 20:14:17 Entrée dans ActionAgenda.php
02/01/2018 20:14:27 Entrée dans ActionJoueurs.php
02/01/2018 20:14:32 Entrée dans ActionSponsor.php
02/01/2018 20:14:52 Entrée dans ActionEvenement.php
02/01/2018 20:15:02 Entrée dans ActionEcoleDeFoot.php
03/01/2018 08:13:06 Entrée dans ActionContact.php
03/01/2018 08:13:08 Entrée dans ActionContact.php
03/01/2018 11:43:08 Entrée dans ActionContact.php
03/01/2018 11:43:09 Entrée dans ActionContact.php
03/01/2018 16:47:37 Entrée dans ActionAccueil.php
03/01/2018 16:48:10 Entrée dans AfficherPopupArticle.php
03/01/2018 19:12:40 Entrée dans ActionAccueil.php
03/01/2018 20:47:01 Entrée dans ActionAccueil.php
03/01/2018 21:35:42 Entrée dans ActionAccueil.php
03/01/2018 21:36:23 Entrée dans AfficherPopupArticle.php
04/01/2018 01:25:31 Entrée dans ActionClub.php
04/01/2018 01:25:35 Entrée dans ActionClub.php
04/01/2018 01:25:45 Entrée dans ActionAgenda.php
04/01/2018 01:25:53 Entrée dans ActionAccueil.php
04/01/2018 01:26:11 Entrée dans AfficherPopupArticle.php
04/01/2018 01:27:08 Entrée dans ActionJoueurs.php
04/01/2018 04:34:25 Entrée dans ActionJoueurs.php
04/01/2018 04:49:36 Entrée dans ActionAccueil.php
04/01/2018 04:55:50 Entrée dans ActionClub.php
04/01/2018 05:48:55 Entrée dans ActionContact.php
04/01/2018 05:48:56 Entrée dans ActionContact.php
04/01/2018 06:43:10 Entrée dans ActionEcoleDeFoot.php
04/01/2018 07:49:18 Entrée dans ActionClub.php
04/01/2018 13:11:49 Entrée dans ActionAccueil.php
04/01/2018 13:11:53 Entrée dans ActionAccueil.php
04/01/2018 13:12:44 Entrée dans ActionLogin.php
04/01/2018 13:12:44 Authentification de tsutter.
04/01/2018 13:12:45 Entrée dans ActionProfil.php
04/01/2018 13:12:48 Entrée dans ActionArticle.php
04/01/2018 13:22:56 Entrée dans ActionArticle.php
04/01/2018 13:22:59 Entrée dans ActionAccueil.php
04/01/2018 15:01:05 Entrée dans ActionAccueil.php
04/01/2018 18:26:47 Entrée dans ActionAccueil.php
04/01/2018 21:43:20 Entrée dans ActionAccueil.php
04/01/2018 21:44:05 Entrée dans ActionLogin.php
04/01/2018 21:44:05 Authentification de fgastrini.
04/01/2018 21:44:06 Entrée dans ActionProfil.php
04/01/2018 21:44:47 Entrée dans ActionRencontre.php
04/01/2018 21:44:51 Entrée dans GestionResultats.php
04/01/2018 21:45:01 Entrée dans GestionResultats.php
04/01/2018 21:45:11 Entrée dans ActionProfil.php
04/01/2018 21:45:19 Entrée dans ActionMembre.php
04/01/2018 21:45:26 Entrée dans ActionMembre.php
04/01/2018 21:46:07 Entrée dans ActionAccueil.php
04/01/2018 21:46:43 Entrée dans ActionProfil.php
04/01/2018 21:46:47 Entrée dans ActionAccueil.php
04/01/2018 21:46:48 Entrée dans ActionAccueil.php
04/01/2018 22:34:25 Entrée dans ActionAccueil.php
05/01/2018 11:08:15 Entrée dans ActionAgenda.php
05/01/2018 11:08:15 Entrée dans ActionJoueurs.php
05/01/2018 11:08:16 Entrée dans ActionEvenement.php
05/01/2018 11:15:28 Entrée dans ActionContact.php
05/01/2018 11:15:29 Entrée dans ActionContact.php
05/01/2018 14:40:26 Entrée dans ActionContact.php
05/01/2018 14:40:28 Entrée dans ActionContact.php
05/01/2018 22:58:32 Entrée dans ActionAccueil.php
05/01/2018 22:58:37 Entrée dans ActionClub.php
05/01/2018 22:58:38 Entrée dans ActionJoueurs.php
05/01/2018 22:58:39 Entrée dans ActionEcoleDeFoot.php
05/01/2018 22:58:41 Entrée dans ActionAgenda.php
05/01/2018 22:58:42 Entrée dans ActionEvenement.php
05/01/2018 22:58:43 Entrée dans ActionSponsor.php
06/01/2018 03:01:56 Entrée dans ActionClub.php
06/01/2018 03:01:59 Entrée dans ActionClub.php
06/01/2018 03:02:00 Entrée dans ActionAccueil.php
06/01/2018 03:02:01 Entrée dans ActionJoueurs.php
06/01/2018 03:02:02 Entrée dans ActionEcoleDeFoot.php
06/01/2018 03:02:03 Entrée dans ActionAgenda.php
06/01/2018 03:02:03 Entrée dans ActionEvenement.php
06/01/2018 03:02:03 Entrée dans ActionSponsor.php
06/01/2018 13:04:01 Entrée dans ActionContact.php
06/01/2018 13:04:02 Entrée dans ActionContact.php
06/01/2018 20:42:50 Entrée dans ActionContact.php
06/01/2018 20:42:51 Entrée dans ActionContact.php
06/01/2018 21:19:00 Entrée dans ActionContact.php
06/01/2018 21:19:01 Entrée dans ActionContact.php
07/01/2018 00:25:51 Entrée dans ActionContact.php
07/01/2018 00:25:52 Entrée dans ActionContact.php
07/01/2018 09:22:30 Entrée dans ActionSponsor.php
07/01/2018 10:43:40 Entrée dans ActionAccueil.php
07/01/2018 10:43:46 Entrée dans ActionClub.php
07/01/2018 10:44:14 Entrée dans ActionEcoleDeFoot.php
07/01/2018 10:44:28 Entrée dans ActionEcoleDeFoot.php
07/01/2018 10:44:42 Entrée dans ActionEcoleDeFoot.php
07/01/2018 10:45:12 Entrée dans ActionEcoleDeFoot.php
07/01/2018 10:45:17 Entrée dans ActionEcoleDeFoot.php
07/01/2018 10:46:01 Entrée dans ActionClub.php
07/01/2018 12:56:35 Entrée dans ActionEvenement.php
07/01/2018 14:22:36 Entrée dans ActionContact.php
07/01/2018 14:22:37 Entrée dans ActionContact.php
07/01/2018 16:23:14 Entrée dans ActionJoueurs.php
07/01/2018 16:25:13 Entrée dans ActionAccueil.php
07/01/2018 16:25:31 Entrée dans ActionJoueurs.php
07/01/2018 17:08:25 Entrée dans ActionAgenda.php
07/01/2018 17:34:58 Entrée dans ActionAccueil.php
07/01/2018 17:34:59 Entrée dans ActionClub.php
07/01/2018 17:35:00 Entrée dans ActionJoueurs.php
07/01/2018 17:35:00 Entrée dans ActionEcoleDeFoot.php
07/01/2018 17:35:01 Entrée dans ActionAgenda.php
07/01/2018 17:35:01 Entrée dans ActionEvenement.php
07/01/2018 17:35:01 Entrée dans ActionSponsor.php
07/01/2018 18:10:32 Entrée dans ActionAccueil.php
07/01/2018 20:32:52 Entrée dans ActionAccueil.php
07/01/2018 20:34:03 Entrée dans ActionClub.php
07/01/2018 20:35:25 Entrée dans ActionEcoleDeFoot.php
07/01/2018 21:08:50 Entrée dans ActionJoueurs.php
07/01/2018 21:32:47 Entrée dans ActionContact.php
07/01/2018 21:32:48 Entrée dans ActionContact.php
07/01/2018 21:44:49 Entrée dans ActionAccueil.php
07/01/2018 22:46:50 Entrée dans ActionAccueil.php
07/01/2018 23:47:58 Entrée dans ActionClub.php
07/01/2018 23:54:02 Entrée dans ActionClub.php
07/01/2018 23:54:05 Entrée dans ActionClub.php
07/01/2018 23:54:06 Entrée dans ActionAccueil.php
07/01/2018 23:54:10 Entrée dans ActionJoueurs.php
07/01/2018 23:54:11 Entrée dans ActionEcoleDeFoot.php
07/01/2018 23:54:12 Entrée dans ActionAgenda.php
07/01/2018 23:54:12 Entrée dans ActionEvenement.php
07/01/2018 23:54:14 Entrée dans ActionSponsor.php
08/01/2018 04:55:38 Entrée dans ActionAccueil.php
08/01/2018 07:05:39 Entrée dans ActionAccueil.php
08/01/2018 07:06:26 Entrée dans AfficherPopupArticle.php
08/01/2018 09:17:22 Entrée dans ActionEcoleDeFoot.php
08/01/2018 13:29:39 Entrée dans ActionContact.php
08/01/2018 13:29:42 Entrée dans ActionContact.php
08/01/2018 14:36:38 Entrée dans ActionClub.php
08/01/2018 17:25:59 Entrée dans ActionContact.php
08/01/2018 17:26:01 Entrée dans ActionContact.php
09/01/2018 07:26:59 Entrée dans ActionAccueil.php
09/01/2018 19:09:37 Entrée dans ActionContact.php
09/01/2018 19:09:38 Entrée dans ActionContact.php
10/01/2018 03:38:07 Entrée dans ActionEcoleDeFoot.php
10/01/2018 03:38:07 Entrée dans ActionClub.php
10/01/2018 03:38:07 Entrée dans ActionAccueil.php
10/01/2018 03:38:09 Entrée dans ActionSponsor.php
10/01/2018 03:38:13 Entrée dans ActionEvenement.php
10/01/2018 03:38:13 Entrée dans ActionJoueurs.php
10/01/2018 03:38:13 Entrée dans ActionAgenda.php
10/01/2018 07:02:28 Entrée dans ActionEcoleDeFoot.php
10/01/2018 07:53:28 Entrée dans ActionClub.php
10/01/2018 08:18:12 Entrée dans ActionAgenda.php
10/01/2018 08:22:31 Entrée dans ActionSponsor.php
10/01/2018 08:46:21 Entrée dans ActionAccueil.php
10/01/2018 08:46:52 Entrée dans ActionJoueurs.php
10/01/2018 08:55:15 Entrée dans ActionEvenement.php
10/01/2018 13:59:33 Entrée dans ActionClub.php
10/01/2018 15:22:34 Entrée dans ActionEcoleDeFoot.php
10/01/2018 23:28:30 Entrée dans ActionAccueil.php
10/01/2018 23:29:05 Entrée dans ActionJoueurs.php
10/01/2018 23:29:21 Entrée dans ActionAgenda.php
11/01/2018 12:13:19 Entrée dans ActionAccueil.php
11/01/2018 12:17:12 Entrée dans ActionClub.php
11/01/2018 12:17:18 Entrée dans ActionJoueurs.php
11/01/2018 16:52:50 Entrée dans ActionEvenement.php
11/01/2018 20:00:30 Entrée dans ActionClub.php
11/01/2018 20:00:39 Entrée dans ActionEcoleDeFoot.php
11/01/2018 20:00:40 Entrée dans ActionEcoleDeFoot.php
11/01/2018 23:06:50 Entrée dans ActionAccueil.php
11/01/2018 23:06:51 Entrée dans ActionAccueil.php
11/01/2018 23:06:51 Entrée dans ActionClub.php
11/01/2018 23:06:52 Entrée dans ActionJoueurs.php
11/01/2018 23:06:52 Entrée dans ActionEcoleDeFoot.php
11/01/2018 23:06:52 Entrée dans ActionAgenda.php
11/01/2018 23:06:52 Entrée dans ActionEvenement.php
11/01/2018 23:06:53 Entrée dans ActionSponsor.php
11/01/2018 23:06:53 Entrée dans ActionAccueil.php
11/01/2018 23:06:53 Entrée dans ActionClub.php
11/01/2018 23:06:54 Entrée dans ActionJoueurs.php
11/01/2018 23:06:54 Entrée dans ActionEcoleDeFoot.php
11/01/2018 23:06:54 Entrée dans ActionAgenda.php
11/01/2018 23:06:54 Entrée dans ActionEvenement.php
11/01/2018 23:06:55 Entrée dans ActionSponsor.php
11/01/2018 23:06:55 Entrée dans ActionAccueil.php
11/01/2018 23:06:55 Entrée dans ActionClub.php
11/01/2018 23:06:55 Entrée dans ActionJoueurs.php
11/01/2018 23:06:56 Entrée dans ActionEcoleDeFoot.php
11/01/2018 23:06:56 Entrée dans ActionAgenda.php
11/01/2018 23:06:56 Entrée dans ActionEvenement.php
11/01/2018 23:06:56 Entrée dans ActionAccueil.php
12/01/2018 01:36:41 Entrée dans ActionAccueil.php
12/01/2018 15:08:26 Entrée dans ActionContact.php
12/01/2018 15:08:27 Entrée dans ActionContact.php
12/01/2018 16:41:08 Entrée dans ActionClub.php
12/01/2018 18:21:47 Entrée dans ActionEcoleDeFoot.php
13/01/2018 04:19:17 Entrée dans ActionJoueurs.php
13/01/2018 07:32:55 Entrée dans ActionJoueurs.php
13/01/2018 08:14:16 Entrée dans ActionEvenement.php
13/01/2018 08:32:17 Entrée dans ActionClub.php
13/01/2018 09:05:14 Entrée dans ActionContact.php
13/01/2018 09:05:15 Entrée dans ActionContact.php
13/01/2018 10:29:05 Entrée dans ActionJoueurs.php
13/01/2018 11:00:44 Entrée dans ActionJoueurs.php
13/01/2018 12:10:58 Entrée dans ActionEcoleDeFoot.php
13/01/2018 12:22:16 Entrée dans ActionAccueil.php
13/01/2018 12:26:11 Entrée dans ActionEvenement.php
13/01/2018 12:53:42 Entrée dans ActionJoueurs.php
13/01/2018 13:03:14 Entrée dans ActionAccueil.php
13/01/2018 21:07:05 Entrée dans ActionAccueil.php
13/01/2018 21:07:17 Entrée dans AfficherPopupArticle.php
14/01/2018 00:56:55 Entrée dans ActionClub.php
14/01/2018 08:28:22 Entrée dans ActionEvenement.php
14/01/2018 10:38:15 Entrée dans ActionEvenement.php
14/01/2018 10:38:40 Entrée dans ActionEvenement.php
14/01/2018 11:37:00 Entrée dans ActionClub.php
14/01/2018 12:57:46 Entrée dans ActionEvenement.php
14/01/2018 13:51:07 Entrée dans ActionAccueil.php
14/01/2018 13:51:20 Entrée dans ActionClub.php
14/01/2018 13:51:30 Entrée dans ActionAgenda.php
14/01/2018 13:51:40 Entrée dans ActionSponsor.php
14/01/2018 13:51:51 Entrée dans ActionJoueurs.php
14/01/2018 13:52:05 Entrée dans ActionEvenement.php
14/01/2018 13:52:15 Entrée dans ActionEcoleDeFoot.php
14/01/2018 14:06:40 Entrée dans ActionEcoleDeFoot.php
14/01/2018 14:06:40 Entrée dans ActionClub.php
14/01/2018 14:06:41 Entrée dans ActionAccueil.php
14/01/2018 14:06:50 Entrée dans ActionAgenda.php
14/01/2018 14:06:50 Entrée dans ActionJoueurs.php
14/01/2018 14:47:15 Entrée dans ActionEvenement.php
14/01/2018 14:52:41 Entrée dans ActionContact.php
14/01/2018 14:52:42 Entrée dans ActionContact.php
14/01/2018 15:46:57 Entrée dans ActionAccueil.php
14/01/2018 17:05:14 Entrée dans ActionAccueil.php
14/01/2018 17:34:58 Entrée dans ActionAccueil.php
14/01/2018 17:35:02 Entrée dans ActionEvenement.php
14/01/2018 18:02:40 Entrée dans ActionSponsor.php
14/01/2018 19:07:26 Entrée dans ActionContact.php
14/01/2018 19:07:28 Entrée dans ActionContact.php
14/01/2018 19:12:30 Entrée dans ActionAccueil.php
14/01/2018 19:12:51 Entrée dans ActionSponsor.php
14/01/2018 20:18:40 Entrée dans ActionEcoleDeFoot.php
14/01/2018 20:26:06 Entrée dans ActionAccueil.php
14/01/2018 20:27:22 Entrée dans ActionSponsor.php
14/01/2018 20:46:24 Entrée dans ActionJoueurs.php
15/01/2018 00:32:29 Entrée dans ActionJoueurs.php
15/01/2018 00:37:33 Entrée dans ActionJoueurs.php
15/01/2018 04:33:50 Entrée dans ActionAccueil.php
15/01/2018 07:59:55 Entrée dans ActionSponsor.php
15/01/2018 11:23:43 Entrée dans ActionAccueil.php
15/01/2018 11:24:07 Entrée dans AfficherPopupArticle.php
15/01/2018 11:24:10 Entrée dans AfficherPopupArticle.php
15/01/2018 11:28:05 Entrée dans ActionAccueil.php
15/01/2018 11:28:09 Entrée dans ActionClub.php
15/01/2018 11:28:12 Entrée dans ActionJoueurs.php
15/01/2018 11:28:14 Entrée dans ActionEcoleDeFoot.php
15/01/2018 11:28:16 Entrée dans ActionAgenda.php
15/01/2018 11:28:18 Entrée dans ActionEvenement.php
15/01/2018 11:28:21 Entrée dans ActionSponsor.php
15/01/2018 13:44:15 Entrée dans ActionEvenement.php
15/01/2018 18:18:49 Entrée dans ActionJoueurs.php
15/01/2018 18:32:42 Entrée dans ActionAccueil.php
15/01/2018 19:55:25 Entrée dans ActionEcoleDeFoot.php
15/01/2018 20:52:52 Entrée dans ActionContact.php
15/01/2018 20:52:53 Entrée dans ActionContact.php
16/01/2018 07:23:28 Entrée dans ActionAccueil.php
16/01/2018 09:22:36 Entrée dans ActionContact.php
16/01/2018 09:22:38 Entrée dans ActionContact.php
16/01/2018 09:31:42 Entrée dans ActionAccueil.php
16/01/2018 09:31:55 Entrée dans ActionJoueurs.php
16/01/2018 09:33:03 Entrée dans ActionClub.php
16/01/2018 09:33:19 Entrée dans ActionClub.php
16/01/2018 09:33:27 Entrée dans ActionEvenement.php
16/01/2018 09:33:40 Entrée dans ActionEcoleDeFoot.php
16/01/2018 09:34:08 Entrée dans ActionSponsor.php
16/01/2018 09:34:47 Entrée dans ActionClub.php
16/01/2018 09:35:30 Entrée dans ActionAccueil.php
16/01/2018 15:32:56 Entrée dans ActionEcoleDeFoot.php
16/01/2018 17:44:11 Entrée dans ActionEvenement.php
16/01/2018 21:44:48 Entrée dans ActionContact.php
16/01/2018 21:44:49 Entrée dans ActionContact.php
16/01/2018 22:04:28 Entrée dans ActionSponsor.php
17/01/2018 02:25:54 Entrée dans ActionAgenda.php
17/01/2018 02:26:02 Entrée dans ActionJoueurs.php
17/01/2018 02:26:07 Entrée dans ActionClub.php
17/01/2018 02:26:10 Entrée dans ActionEvenement.php
17/01/2018 02:26:12 Entrée dans ActionSponsor.php
17/01/2018 02:26:14 Entrée dans ActionEcoleDeFoot.php
17/01/2018 06:42:08 Entrée dans ActionEvenement.php
17/01/2018 09:48:49 Entrée dans ActionSponsor.php
17/01/2018 13:00:38 Entrée dans ActionJoueurs.php
17/01/2018 14:51:29 Entrée dans ActionJoueurs.php
17/01/2018 16:43:46 Entrée dans ActionAccueil.php
17/01/2018 17:40:47 Entrée dans ActionEcoleDeFoot.php
17/01/2018 20:40:46 Entrée dans ActionAccueil.php
17/01/2018 22:07:15 Entrée dans ActionEcoleDeFoot.php
17/01/2018 22:07:18 Entrée dans ActionEcoleDeFoot.php
17/01/2018 22:07:51 Entrée dans ActionEcoleDeFoot.php
17/01/2018 22:07:53 Entrée dans ActionEcoleDeFoot.php
17/01/2018 22:07:55 Entrée dans ActionEcoleDeFoot.php
17/01/2018 22:08:16 Entrée dans ActionEcoleDeFoot.php
17/01/2018 23:07:49 Entrée dans ActionAccueil.php
18/01/2018 06:00:03 Entrée dans ActionClub.php
18/01/2018 06:00:04 Entrée dans ActionAccueil.php
18/01/2018 06:00:05 Entrée dans ActionEcoleDeFoot.php
18/01/2018 06:00:07 Entrée dans ActionAgenda.php
18/01/2018 06:00:07 Entrée dans ActionJoueurs.php
18/01/2018 06:00:07 Entrée dans ActionEvenement.php
18/01/2018 06:04:10 Entrée dans ActionAccueil.php
18/01/2018 13:51:32 Entrée dans ActionAccueil.php
18/01/2018 13:59:20 Entrée dans ActionContact.php
18/01/2018 13:59:22 Entrée dans ActionContact.php
18/01/2018 14:38:59 Entrée dans ActionAccueil.php
18/01/2018 14:39:15 Entrée dans ActionClub.php
18/01/2018 14:39:19 Entrée dans ActionJoueurs.php
18/01/2018 14:39:21 Entrée dans ActionEcoleDeFoot.php
18/01/2018 14:39:24 Entrée dans ActionAgenda.php
18/01/2018 14:39:26 Entrée dans ActionEvenement.php
18/01/2018 14:39:28 Entrée dans ActionSponsor.php
18/01/2018 16:44:35 Entrée dans ActionAccueil.php
18/01/2018 16:44:49 Entrée dans AfficherPopupArticle.php
18/01/2018 16:45:07 Entrée dans AfficherPopupArticle.php
18/01/2018 16:45:25 Entrée dans ActionClub.php
18/01/2018 16:45:39 Entrée dans ActionEcoleDeFoot.php
18/01/2018 16:45:43 Entrée dans ActionJoueurs.php
18/01/2018 16:45:46 Entrée dans ActionAccueil.php
18/01/2018 16:46:01 Entrée dans ActionClub.php
18/01/2018 17:11:40 Entrée dans ActionClub.php
18/01/2018 19:21:16 Entrée dans ActionJoueurs.php
19/01/2018 05:10:56 Entrée dans ActionAccueil.php
19/01/2018 10:08:06 Entrée dans ActionContact.php
19/01/2018 10:08:07 Entrée dans ActionContact.php
19/01/2018 10:29:28 Entrée dans ActionAccueil.php
19/01/2018 10:30:03 Entrée dans ActionJoueurs.php
19/01/2018 18:21:44 Entrée dans ActionAccueil.php
19/01/2018 18:24:41 Entrée dans ActionAgenda.php
19/01/2018 18:24:53 Entrée dans ActionJoueurs.php
19/01/2018 21:51:45 Entrée dans ActionJoueurs.php
20/01/2018 09:16:53 Entrée dans ActionClub.php
20/01/2018 09:16:53 Entrée dans ActionAccueil.php
20/01/2018 09:16:54 Entrée dans ActionEcoleDeFoot.php
20/01/2018 13:05:42 Entrée dans ActionSponsor.php
20/01/2018 16:24:54 Entrée dans ActionEcoleDeFoot.php
21/01/2018 01:02:46 Entrée dans ActionAccueil.php
21/01/2018 11:32:48 Entrée dans ActionJoueurs.php
21/01/2018 12:41:55 Entrée dans ActionJoueurs.php
21/01/2018 13:02:39 Entrée dans ActionJoueurs.php
21/01/2018 13:36:38 Entrée dans ActionAccueil.php
21/01/2018 13:36:49 Entrée dans ActionJoueurs.php
21/01/2018 13:37:41 Entrée dans ActionAgenda.php
21/01/2018 14:05:31 Entrée dans ActionSponsor.php
21/01/2018 18:30:00 Entrée dans ActionEvenement.php
21/01/2018 19:00:14 Entrée dans ActionContact.php
21/01/2018 19:00:15 Entrée dans ActionContact.php
21/01/2018 22:59:09 Entrée dans ActionAccueil.php
21/01/2018 23:02:02 Entrée dans ActionAccueil.php
21/01/2018 23:02:16 Entrée dans ActionJoueurs.php
22/01/2018 02:18:17 Entrée dans ActionAccueil.php
22/01/2018 03:14:24 Entrée dans ActionAccueil.php
22/01/2018 10:54:39 Entrée dans ActionAccueil.php
22/01/2018 10:55:10 Entrée dans ActionClub.php
22/01/2018 10:55:35 Entrée dans ActionJoueurs.php
22/01/2018 12:44:48 Entrée dans ActionAccueil.php
22/01/2018 12:44:56 Entrée dans AfficherPopupArticle.php
22/01/2018 12:45:25 Entrée dans AfficherPopupArticle.php
22/01/2018 12:45:29 Entrée dans AfficherPopupArticle.php
22/01/2018 12:45:34 Entrée dans AfficherPopupArticle.php
22/01/2018 12:45:52 Entrée dans AfficherPopupArticle.php
22/01/2018 16:59:26 Entrée dans ActionAccueil.php
22/01/2018 19:25:03 Entrée dans ActionContact.php
22/01/2018 19:25:04 Entrée dans ActionContact.php
22/01/2018 20:24:52 Entrée dans ActionContact.php
22/01/2018 20:24:53 Entrée dans ActionContact.php
23/01/2018 00:43:01 Entrée dans ActionEcoleDeFoot.php
23/01/2018 00:44:27 Entrée dans ActionJoueurs.php
23/01/2018 00:44:29 Entrée dans ActionJoueurs.php
23/01/2018 00:44:32 Entrée dans ActionJoueurs.php
23/01/2018 00:44:33 Entrée dans ActionJoueurs.php
23/01/2018 00:45:31 Entrée dans ActionClub.php
23/01/2018 00:45:36 Entrée dans ActionJoueurs.php
23/01/2018 00:46:10 Entrée dans ActionEvenement.php
23/01/2018 01:40:10 Entrée dans ActionJoueurs.php
23/01/2018 02:28:09 Entrée dans ActionEcoleDeFoot.php
23/01/2018 17:06:47 Entrée dans ActionAccueil.php
23/01/2018 17:07:08 Entrée dans ActionClub.php
23/01/2018 17:07:11 Entrée dans ActionJoueurs.php
23/01/2018 17:07:13 Entrée dans ActionEcoleDeFoot.php
23/01/2018 17:07:14 Entrée dans ActionAgenda.php
23/01/2018 17:07:16 Entrée dans ActionEvenement.php
23/01/2018 17:07:17 Entrée dans ActionSponsor.php
23/01/2018 20:09:06 Entrée dans ActionAccueil.php
23/01/2018 20:57:47 Entrée dans ActionContact.php
23/01/2018 20:57:48 Entrée dans ActionContact.php
24/01/2018 02:13:14 Entrée dans ActionClub.php
24/01/2018 04:42:42 Entrée dans ActionClub.php
24/01/2018 05:14:30 Entrée dans ActionSponsor.php
24/01/2018 10:54:01 Entrée dans ActionJoueurs.php
24/01/2018 11:04:20 Entrée dans ActionContact.php
24/01/2018 11:04:22 Entrée dans ActionContact.php
24/01/2018 16:32:32 Entrée dans ActionAgenda.php
24/01/2018 16:41:47 Entrée dans ActionJoueurs.php
24/01/2018 16:45:38 Entrée dans ActionJoueurs.php
24/01/2018 16:56:42 Entrée dans ActionEcoleDeFoot.php
24/01/2018 16:56:59 Entrée dans ActionEcoleDeFoot.php
24/01/2018 16:57:03 Entrée dans ActionEcoleDeFoot.php
24/01/2018 16:57:09 Entrée dans ActionEcoleDeFoot.php
24/01/2018 18:37:27 Entrée dans ActionClub.php
25/01/2018 01:51:34 Entrée dans ActionAccueil.php
25/01/2018 01:51:47 Entrée dans ActionClub.php
25/01/2018 01:51:57 Entrée dans ActionAgenda.php
25/01/2018 01:52:07 Entrée dans ActionJoueurs.php
25/01/2018 01:52:12 Entrée dans ActionSponsor.php
25/01/2018 01:52:32 Entrée dans ActionEvenement.php
25/01/2018 01:52:42 Entrée dans ActionEcoleDeFoot.php
25/01/2018 04:17:18 Entrée dans ActionEcoleDeFoot.php
25/01/2018 11:51:18 Entrée dans ActionAccueil.php
25/01/2018 11:52:15 Entrée dans ActionJoueurs.php
25/01/2018 12:09:18 Entrée dans ActionJoueurs.php
25/01/2018 12:11:32 Entrée dans ActionClub.php
25/01/2018 12:18:37 Entrée dans AfficherPopupArticle.php
25/01/2018 12:18:46 Entrée dans ActionAccueil.php
25/01/2018 12:18:51 Entrée dans ActionJoueurs.php
25/01/2018 12:19:47 Entrée dans ActionSponsor.php
25/01/2018 12:19:55 Entrée dans ActionEvenement.php
25/01/2018 12:20:05 Entrée dans ActionAgenda.php
25/01/2018 12:20:18 Entrée dans ActionEcoleDeFoot.php
25/01/2018 12:20:48 Entrée dans ActionEcoleDeFoot.php
25/01/2018 13:09:56 Entrée dans ActionContact.php
25/01/2018 13:09:57 Entrée dans ActionContact.php
25/01/2018 15:23:55 Entrée dans ActionAccueil.php
25/01/2018 15:23:59 Entrée dans AfficherPopupArticle.php
25/01/2018 15:24:06 Entrée dans ActionClub.php
25/01/2018 15:24:08 Entrée dans ActionAccueil.php
25/01/2018 15:24:11 Entrée dans AfficherPopupArticle.php
25/01/2018 15:25:03 Entrée dans ActionAccueil.php
25/01/2018 15:25:08 Entrée dans AfficherPopupArticle.php
25/01/2018 15:30:54 Entrée dans AfficherPopupArticle.php
25/01/2018 15:30:57 Entrée dans AfficherPopupArticle.php
25/01/2018 16:42:25 Entrée dans ActionAccueil.php
26/01/2018 02:34:13 Entrée dans ActionJoueurs.php
26/01/2018 02:34:13 Entrée dans ActionJoueurs.php
26/01/2018 06:09:08 Entrée dans ActionJoueurs.php
26/01/2018 07:00:07 Entrée dans ActionSponsor.php
26/01/2018 07:20:18 Entrée dans ActionAccueil.php
26/01/2018 07:20:19 Entrée dans ActionClub.php
26/01/2018 07:20:19 Entrée dans ActionEcoleDeFoot.php
26/01/2018 07:21:22 Entrée dans ActionAgenda.php
26/01/2018 07:21:22 Entrée dans ActionEvenement.php
26/01/2018 07:25:18 Entrée dans ActionJoueurs.php
26/01/2018 07:45:38 Entrée dans ActionClub.php
26/01/2018 07:45:38 Entrée dans ActionEcoleDeFoot.php
26/01/2018 07:45:39 Entrée dans ActionAccueil.php
26/01/2018 07:46:04 Entrée dans ActionAgenda.php
26/01/2018 07:46:04 Entrée dans ActionEvenement.php
26/01/2018 07:46:05 Entrée dans ActionJoueurs.php
26/01/2018 13:23:38 Entrée dans ActionContact.php
26/01/2018 13:23:39 Entrée dans ActionContact.php
26/01/2018 14:18:58 Entrée dans ActionAgenda.php
26/01/2018 15:47:31 Entrée dans ActionAccueil.php
26/01/2018 15:47:52 Entrée dans AfficherPopupArticle.php
26/01/2018 15:48:00 Entrée dans AfficherPopupArticle.php
26/01/2018 15:48:15 Entrée dans AfficherPopupArticle.php
26/01/2018 15:48:58 Entrée dans ActionAccueil.php
26/01/2018 20:49:55 Entrée dans ActionSponsor.php
26/01/2018 20:57:16 Entrée dans ActionEcoleDeFoot.php
27/01/2018 00:40:56 Entrée dans ActionAccueil.php
27/01/2018 00:41:09 Entrée dans ActionJoueurs.php
27/01/2018 00:43:10 Entrée dans ActionClub.php
27/01/2018 00:44:05 Entrée dans ActionClub.php
27/01/2018 00:44:12 Entrée dans ActionAccueil.php
27/01/2018 00:44:15 Entrée dans ActionJoueurs.php
27/01/2018 12:19:01 Entrée dans ActionContact.php
27/01/2018 12:19:03 Entrée dans ActionContact.php
27/01/2018 13:11:24 Entrée dans ActionAccueil.php
27/01/2018 13:11:29 Entrée dans ActionJoueurs.php
27/01/2018 13:12:32 Entrée dans ActionClub.php
27/01/2018 15:23:45 Entrée dans ActionContact.php
27/01/2018 15:23:46 Entrée dans ActionContact.php
27/01/2018 22:48:29 Entrée dans ActionContact.php
27/01/2018 22:48:30 Entrée dans ActionContact.php
28/01/2018 09:01:51 Entrée dans ActionAccueil.php
28/01/2018 09:02:15 Entrée dans ActionJoueurs.php
28/01/2018 09:02:16 Entrée dans ActionJoueurs.php
28/01/2018 09:40:32 Entrée dans ActionContact.php
28/01/2018 09:53:36 Entrée dans ActionAccueil.php
28/01/2018 09:55:10 Entrée dans AfficherPopupArticle.php
28/01/2018 09:57:11 Entrée dans ActionJoueurs.php
28/01/2018 10:01:26 Entrée dans ActionAgenda.php
28/01/2018 10:03:00 Entrée dans ActionAccueil.php
28/01/2018 10:03:18 Entrée dans AfficherPopupArticle.php
28/01/2018 10:07:33 Entrée dans AfficherPopupArticle.php
28/01/2018 12:58:20 Entrée dans ActionAccueil.php
28/01/2018 12:59:46 Entrée dans AfficherPopupArticle.php
28/01/2018 13:01:09 Entrée dans ActionAccueil.php
28/01/2018 13:01:23 Entrée dans AfficherPopupArticle.php
28/01/2018 13:02:32 Entrée dans ActionAccueil.php
28/01/2018 13:02:52 Entrée dans AfficherPopupArticle.php
28/01/2018 13:15:34 Entrée dans ActionEcoleDeFoot.php
28/01/2018 14:06:14 Entrée dans ActionContact.php
28/01/2018 14:06:15 Entrée dans ActionContact.php
28/01/2018 16:13:39 Entrée dans ActionAccueil.php
28/01/2018 16:13:39 Entrée dans ActionAccueil.php
28/01/2018 16:13:43 Entrée dans ActionAccueil.php
28/01/2018 17:33:04 Entrée dans ActionAccueil.php
28/01/2018 17:33:20 Entrée dans ActionClub.php
28/01/2018 17:33:21 Entrée dans ActionJoueurs.php
28/01/2018 17:33:22 Entrée dans ActionEcoleDeFoot.php
28/01/2018 17:33:22 Entrée dans ActionAgenda.php
28/01/2018 17:33:23 Entrée dans ActionEvenement.php
28/01/2018 17:33:26 Entrée dans ActionSponsor.php
28/01/2018 17:37:40 Entrée dans ActionEvenement.php
28/01/2018 17:37:43 Entrée dans ActionAgenda.php
28/01/2018 17:37:45 Entrée dans ActionEcoleDeFoot.php
28/01/2018 17:37:47 Entrée dans ActionJoueurs.php
28/01/2018 17:37:48 Entrée dans ActionEcoleDeFoot.php
28/01/2018 17:37:50 Entrée dans ActionClub.php
28/01/2018 17:37:52 Entrée dans ActionAccueil.php
28/01/2018 17:37:55 Entrée dans ActionAccueil.php
28/01/2018 17:38:25 Entrée dans ActionAgenda.php
28/01/2018 17:38:32 Entrée dans ActionAgenda.php
28/01/2018 17:39:39 Entrée dans ActionAccueil.php
28/01/2018 17:40:07 Entrée dans ActionLogin.php
28/01/2018 17:40:07 Authentification de tsutter.
28/01/2018 17:40:07 Entrée dans ActionProfil.php
28/01/2018 17:40:09 Entrée dans ActionRencontre.php
28/01/2018 17:40:13 Entrée dans ActionRencontre.php
28/01/2018 17:40:19 Entrée dans ActionRencontre.php
28/01/2018 17:40:23 Entrée dans RechercherRencontre.php
28/01/2018 17:40:35 Entrée dans ActionRencontre.php
28/01/2018 17:40:45 Entrée dans ActionAccueil.php
28/01/2018 17:41:36 Entrée dans ActionProfil.php
28/01/2018 17:41:38 Entrée dans GestionResultats.php
28/01/2018 17:41:49 Entrée dans GestionResultats.php
28/01/2018 17:41:53 Entrée dans GestionResultats.php
28/01/2018 17:41:55 Entrée dans ActionRencontre.php
28/01/2018 17:41:58 Entrée dans ActionRencontre.php
28/01/2018 17:42:05 Entrée dans ActionRencontre.php
28/01/2018 17:42:12 Entrée dans ActionRencontre.php
28/01/2018 17:42:22 Entrée dans ActionRencontre.php
28/01/2018 17:42:27 Entrée dans ActionRencontre.php
28/01/2018 17:42:35 Entrée dans ActionRencontre.php
28/01/2018 17:42:41 Entrée dans ActionRencontre.php
28/01/2018 17:42:58 Entrée dans ActionRencontre.php
28/01/2018 17:43:06 Entrée dans ActionAccueil.php
28/01/2018 17:43:06 Entrée dans ActionAccueil.php
28/01/2018 17:43:06 Entrée dans ActionAccueil.php
28/01/2018 17:55:31 Entrée dans ActionAccueil.php
29/01/2018 06:15:27 Entrée dans ActionAccueil.php
29/01/2018 06:16:06 Entrée dans ActionEvenement.php
29/01/2018 06:16:10 Entrée dans ActionClub.php
29/01/2018 06:19:30 Entrée dans ActionEcoleDeFoot.php
29/01/2018 06:22:11 Entrée dans ActionSponsor.php
29/01/2018 09:24:20 Entrée dans ActionAccueil.php
29/01/2018 09:24:24 Entrée dans ActionClub.php
29/01/2018 09:24:27 Entrée dans ActionJoueurs.php
29/01/2018 09:24:29 Entrée dans ActionEcoleDeFoot.php
29/01/2018 09:24:31 Entrée dans ActionAgenda.php
29/01/2018 09:24:33 Entrée dans ActionEvenement.php
29/01/2018 09:24:35 Entrée dans ActionSponsor.php
29/01/2018 11:16:18 Entrée dans ActionAccueil.php
29/01/2018 11:16:20 Entrée dans ActionClub.php
29/01/2018 11:16:23 Entrée dans ActionJoueurs.php
29/01/2018 11:16:27 Entrée dans ActionEcoleDeFoot.php
29/01/2018 11:16:29 Entrée dans ActionAgenda.php
29/01/2018 11:16:32 Entrée dans ActionEvenement.php
29/01/2018 11:16:36 Entrée dans ActionSponsor.php
29/01/2018 12:14:54 Entrée dans ActionAccueil.php
29/01/2018 12:15:13 Entrée dans ActionJoueurs.php
29/01/2018 14:30:55 Entrée dans ActionAccueil.php
29/01/2018 15:18:34 Entrée dans ActionAccueil.php
29/01/2018 15:19:19 Entrée dans ActionJoueurs.php
29/01/2018 15:19:44 Entrée dans ActionClub.php
29/01/2018 15:20:50 Entrée dans ActionClub.php
29/01/2018 15:20:55 Entrée dans ActionAccueil.php
29/01/2018 15:21:03 Entrée dans ActionAccueil.php
29/01/2018 16:23:16 Entrée dans ActionAccueil.php
29/01/2018 16:42:45 Entrée dans ActionAccueil.php
29/01/2018 16:43:03 Entrée dans ActionClub.php
29/01/2018 19:24:21 Entrée dans ActionAgenda.php
30/01/2018 02:33:54 Entrée dans ActionClub.php
30/01/2018 10:05:44 Entrée dans ActionClub.php
30/01/2018 10:10:48 Entrée dans ActionAccueil.php
30/01/2018 10:10:56 Entrée dans ActionEcoleDeFoot.php
30/01/2018 10:11:17 Entrée dans ActionClub.php
30/01/2018 10:31:32 Entrée dans ActionContact.php
30/01/2018 10:31:33 Entrée dans ActionContact.php
30/01/2018 12:01:42 Entrée dans ActionAgenda.php
30/01/2018 12:01:42 Entrée dans ActionEvenement.php
30/01/2018 12:01:42 Entrée dans ActionJoueurs.php
30/01/2018 12:02:00 Entrée dans ActionClub.php
30/01/2018 12:02:00 Entrée dans ActionEcoleDeFoot.php
30/01/2018 12:02:00 Entrée dans ActionAccueil.php
30/01/2018 14:34:01 Entrée dans ActionAccueil.php
30/01/2018 14:35:39 Entrée dans ActionClub.php
30/01/2018 14:36:35 Entrée dans ActionJoueurs.php
30/01/2018 14:37:27 Entrée dans ActionEcoleDeFoot.php
30/01/2018 14:38:19 Entrée dans ActionAgenda.php
30/01/2018 14:39:04 Entrée dans ActionEvenement.php
30/01/2018 14:39:56 Entrée dans ActionSponsor.php
30/01/2018 16:47:05 Entrée dans ActionContact.php
30/01/2018 16:47:06 Entrée dans ActionContact.php
30/01/2018 19:25:29 Entrée dans ActionEcoleDeFoot.php
30/01/2018 21:26:57 Entrée dans ActionAccueil.php
30/01/2018 21:26:58 Entrée dans ActionAccueil.php
30/01/2018 21:27:16 Entrée dans ActionLogin.php
30/01/2018 21:27:16 Authentification de tsutter.
30/01/2018 21:27:16 Entrée dans ActionProfil.php
30/01/2018 21:27:18 Entrée dans ActionArticle.php
30/01/2018 21:27:24 Entrée dans RechercherArticle.php
30/01/2018 21:27:57 Entrée dans ActionArticle.php
30/01/2018 21:28:03 Entrée dans ActionArticle.php
30/01/2018 21:28:06 Entrée dans RechercherArticle.php
30/01/2018 21:28:21 Entrée dans ActionArticle.php
30/01/2018 21:28:26 Entrée dans ActionArticle.php
30/01/2018 21:28:29 Entrée dans ActionArticle.php
30/01/2018 21:34:49 Entrée dans ActionArticle.php
30/01/2018 21:34:57 Entrée dans ActionArticle.php
30/01/2018 21:34:58 Entrée dans ActionArticle.php
30/01/2018 21:35:04 Entrée dans RechercherArticle.php
30/01/2018 21:35:34 Entrée dans ActionArticle.php
30/01/2018 21:35:46 Entrée dans RechercherArticle.php
30/01/2018 21:35:50 Entrée dans ActionArticle.php
30/01/2018 21:35:54 Entrée dans ActionAccueil.php
30/01/2018 21:53:42 Entrée dans ActionAccueil.php
30/01/2018 22:01:19 Entrée dans ActionLogin.php
30/01/2018 22:01:19 Authentification de tsutter.
30/01/2018 22:01:19 Entrée dans ActionProfil.php
30/01/2018 22:01:20 Entrée dans ActionArticle.php
30/01/2018 22:01:25 Entrée dans RechercherArticle.php
30/01/2018 22:01:30 Entrée dans ActionArticle.php
30/01/2018 22:01:50 Entrée dans ActionArticle.php
30/01/2018 22:01:54 Entrée dans ActionArticle.php
30/01/2018 22:01:56 Entrée dans ActionAccueil.php
31/01/2018 00:25:01 Entrée dans ActionEcoleDeFoot.php
31/01/2018 04:09:20 Entrée dans ActionJoueurs.php
31/01/2018 05:29:06 Entrée dans ActionAccueil.php
31/01/2018 05:29:20 Entrée dans ActionClub.php
31/01/2018 05:29:30 Entrée dans ActionAgenda.php
31/01/2018 05:29:39 Entrée dans ActionSponsor.php
31/01/2018 05:29:50 Entrée dans ActionJoueurs.php
31/01/2018 05:29:59 Entrée dans ActionEvenement.php
31/01/2018 05:30:10 Entrée dans ActionEcoleDeFoot.php
31/01/2018 15:26:36 Entrée dans ActionContact.php
31/01/2018 15:26:37 Entrée dans ActionContact.php
31/01/2018 17:49:53 Entrée dans ActionClub.php
31/01/2018 18:27:32 Entrée dans ActionAccueil.php
31/01/2018 18:28:30 Entrée dans ActionClub.php
31/01/2018 19:03:26 Entrée dans ActionJoueurs.php
31/01/2018 20:20:42 Entrée dans ActionContact.php
31/01/2018 20:20:43 Entrée dans ActionContact.php
