01/02/2016 02:48:21 Entrée dans ActionAccueil.php
01/02/2016 02:48:32 Entrée dans ActionJoueurs.php
01/02/2016 04:23:59 Entrée dans ActionAccueil.php
01/02/2016 04:24:04 Entrée dans ActionClub.php
01/02/2016 04:24:06 Entrée dans ActionJoueurs.php
01/02/2016 04:24:08 Entrée dans ActionEcoleDeFoot.php
01/02/2016 04:24:10 Entrée dans ActionAgenda.php
01/02/2016 04:24:13 Entrée dans ActionEvenement.php
01/02/2016 04:24:15 Entrée dans ActionSponsor.php
01/02/2016 10:08:11 Entrée dans ActionAccueil.php
01/02/2016 10:10:01 Entrée dans ActionClub.php
01/02/2016 11:23:42 Entrée dans ActionAccueil.php
01/02/2016 11:23:54 Entrée dans ActionClub.php
01/02/2016 12:06:20 Entrée dans AfficherPopupArticle.php
01/02/2016 12:09:14 Entrée dans ActionAccueil.php
01/02/2016 12:10:19 Entrée dans ActionAccueil.php
01/02/2016 12:11:07 Entrée dans AfficherPopupArticle.php
01/02/2016 12:12:14 Entrée dans ActionAccueil.php
01/02/2016 12:20:26 Entrée dans ActionAccueil.php
01/02/2016 12:20:53 Entrée dans ActionAccueil.php
01/02/2016 12:21:42 Entrée dans ActionJoueurs.php
01/02/2016 12:36:59 Entrée dans ActionAccueil.php
01/02/2016 12:48:45 Entrée dans ActionContact.php
01/02/2016 12:48:46 Entrée dans ActionContact.php
01/02/2016 12:48:46 Entrée dans ActionContact.php
01/02/2016 12:49:26 Entrée dans ActionEvenement.php
01/02/2016 14:06:33 Entrée dans ActionJoueurs.php
01/02/2016 14:41:37 Entrée dans ActionAccueil.php
01/02/2016 14:42:44 Entrée dans AfficherPopupArticle.php
01/02/2016 14:43:47 Entrée dans ActionEcoleDeFoot.php
01/02/2016 14:43:48 Entrée dans ActionEcoleDeFoot.php
01/02/2016 14:43:49 Entrée dans ActionEcoleDeFoot.php
01/02/2016 14:44:11 Entrée dans ActionEcoleDeFoot.php
01/02/2016 14:46:06 Entrée dans ActionEcoleDeFoot.php
01/02/2016 14:47:17 Entrée dans ActionEcoleDeFoot.php
01/02/2016 14:59:24 Entrée dans ActionAccueil.php
01/02/2016 14:59:43 Entrée dans ActionEcoleDeFoot.php
01/02/2016 14:59:47 Entrée dans ActionEcoleDeFoot.php
01/02/2016 15:00:11 Entrée dans ActionEvenement.php
01/02/2016 15:00:18 Entrée dans ActionEvenement.php
01/02/2016 15:00:22 Entrée dans ActionAgenda.php
01/02/2016 15:00:23 Entrée dans ActionAgenda.php
01/02/2016 15:00:29 Entrée dans ActionAccueil.php
01/02/2016 15:00:32 Entrée dans ActionAgenda.php
01/02/2016 15:00:51 Entrée dans ActionEcoleDeFoot.php
01/02/2016 15:00:55 Entrée dans ActionEcoleDeFoot.php
01/02/2016 15:02:26 Entrée dans ActionAccueil.php
01/02/2016 15:03:27 Entrée dans AfficherPopupArticle.php
01/02/2016 16:24:08 Entrée dans ActionAgenda.php
01/02/2016 16:30:06 Entrée dans ActionAccueil.php
01/02/2016 16:32:17 Entrée dans ActionAccueil.php
01/02/2016 16:32:33 Entrée dans ActionAgenda.php
01/02/2016 16:32:33 Entrée dans ActionAgenda.php
01/02/2016 16:32:35 Entrée dans ActionEvenement.php
01/02/2016 17:12:28 Entrée dans ActionEcoleDeFoot.php
01/02/2016 21:53:42 Entrée dans ActionAccueil.php
01/02/2016 22:02:01 Entrée dans ActionAccueil.php
01/02/2016 23:34:18 Entrée dans ActionAccueil.php
01/02/2016 23:34:30 Entrée dans ActionEcoleDeFoot.php
01/02/2016 23:34:36 Entrée dans ActionJoueurs.php
01/02/2016 23:34:41 Entrée dans ActionEcoleDeFoot.php
02/02/2016 04:32:50 Entrée dans ActionEvenement.php
02/02/2016 06:45:03 Entrée dans ActionAccueil.php
02/02/2016 10:39:19 Entrée dans ActionAccueil.php
02/02/2016 13:21:18 Entrée dans ActionAccueil.php
02/02/2016 13:21:49 Entrée dans AfficherPopupArticle.php
02/02/2016 13:22:11 Entrée dans ActionClub.php
02/02/2016 13:23:44 Entrée dans ActionClub.php
02/02/2016 13:23:48 Entrée dans ActionJoueurs.php
02/02/2016 13:23:54 Entrée dans ActionClub.php
02/02/2016 13:24:03 Entrée dans ActionClub.php
02/02/2016 13:25:17 Entrée dans ActionEcoleDeFoot.php
02/02/2016 13:25:21 Entrée dans ActionEcoleDeFoot.php
02/02/2016 13:26:00 Entrée dans ActionAgenda.php
02/02/2016 13:26:01 Entrée dans ActionAgenda.php
02/02/2016 13:26:06 Entrée dans ActionEvenement.php
02/02/2016 13:26:55 Entrée dans ActionSponsor.php
02/02/2016 13:36:26 Entrée dans ActionAccueil.php
02/02/2016 14:18:31 Entrée dans ActionAccueil.php
02/02/2016 14:18:40 Entrée dans ActionClub.php
02/02/2016 14:18:48 Entrée dans ActionEvenement.php
02/02/2016 18:16:10 Entrée dans ActionAccueil.php
02/02/2016 21:53:43 Entrée dans ActionAccueil.php
02/02/2016 21:54:06 Entrée dans ActionLogin.php
02/02/2016 21:54:06 Authentification de fgastrini.
02/02/2016 21:54:06 Entrée dans ActionProfil.php
02/02/2016 21:54:09 Entrée dans ActionRencontre.php
02/02/2016 21:54:20 Entrée dans RechercherEquipe.php
02/02/2016 21:54:24 Entrée dans RechercherCompetitionEquipe.php
02/02/2016 21:54:46 Entrée dans ActionRencontre.php
02/02/2016 21:55:07 Entrée dans GestionResultats.php
02/02/2016 21:55:15 Entrée dans ActionAccueil.php
02/02/2016 21:55:44 Entrée dans ActionProfil.php
02/02/2016 21:55:47 Entrée dans ActionRencontre.php
02/02/2016 21:56:11 Entrée dans ActionMembre.php
02/02/2016 21:56:14 Entrée dans ActionAccueil.php
02/02/2016 21:56:42 Entrée dans ActionAgenda.php
02/02/2016 21:56:43 Entrée dans ActionAgenda.php
02/02/2016 21:56:49 Entrée dans ActionProfil.php
02/02/2016 21:56:51 Entrée dans ActionRencontre.php
02/02/2016 21:56:57 Entrée dans GestionResultats.php
02/02/2016 21:57:06 Entrée dans ActionRencontre.php
02/02/2016 21:57:19 Entrée dans ActionRencontre.php
02/02/2016 21:57:29 Entrée dans ActionRencontre.php
02/02/2016 21:57:34 Entrée dans ActionAccueil.php
02/02/2016 21:57:56 Entrée dans ActionProfil.php
02/02/2016 21:58:01 Entrée dans ActionAccueil.php
02/02/2016 21:58:02 Entrée dans ActionAccueil.php
03/02/2016 01:11:57 Entrée dans ActionAccueil.php
03/02/2016 02:29:07 Entrée dans ActionJoueurs.php
03/02/2016 02:33:11 Entrée dans ActionSponsor.php
03/02/2016 05:48:51 Entrée dans ActionJoueurs.php
03/02/2016 05:56:48 Entrée dans ActionAccueil.php
03/02/2016 07:43:34 Entrée dans ActionClub.php
03/02/2016 07:58:38 Entrée dans ActionSponsor.php
03/02/2016 09:19:36 Entrée dans ActionAccueil.php
03/02/2016 09:19:56 Entrée dans ActionClub.php
03/02/2016 12:52:20 Entrée dans ActionAccueil.php
03/02/2016 12:54:26 Entrée dans ActionJoueurs.php
03/02/2016 12:56:32 Entrée dans ActionSponsor.php
03/02/2016 12:57:04 Entrée dans ActionEvenement.php
03/02/2016 12:57:25 Entrée dans ActionAgenda.php
03/02/2016 12:57:27 Entrée dans ActionAgenda.php
03/02/2016 12:57:55 Entrée dans ActionAccueil.php
03/02/2016 13:19:54 Entrée dans ActionAccueil.php
03/02/2016 13:20:00 Entrée dans ActionClub.php
03/02/2016 13:20:04 Entrée dans ActionJoueurs.php
03/02/2016 13:20:06 Entrée dans ActionEcoleDeFoot.php
03/02/2016 13:20:09 Entrée dans ActionAgenda.php
03/02/2016 13:20:11 Entrée dans ActionEvenement.php
03/02/2016 13:20:13 Entrée dans ActionSponsor.php
03/02/2016 14:46:11 Entrée dans ActionAccueil.php
03/02/2016 15:08:18 Entrée dans ActionContact.php
03/02/2016 15:08:26 Entrée dans ActionAccueil.php
03/02/2016 20:22:01 Entrée dans ActionAccueil.php
03/02/2016 20:22:09 Entrée dans AfficherPopupArticle.php
03/02/2016 20:22:21 Entrée dans AfficherPopupArticle.php
03/02/2016 20:22:26 Entrée dans ActionSponsor.php
03/02/2016 20:23:01 Entrée dans AfficherPopupArticle.php
03/02/2016 20:23:25 Entrée dans ActionAgenda.php
03/02/2016 20:23:27 Entrée dans ActionAgenda.php
03/02/2016 20:23:41 Entrée dans ActionAgenda.php
03/02/2016 20:24:02 Entrée dans ActionAccueil.php
03/02/2016 20:26:12 Entrée dans ActionAccueil.php
03/02/2016 20:27:00 Entrée dans AfficherPopupArticle.php
03/02/2016 20:27:37 Entrée dans ActionAgenda.php
03/02/2016 20:27:39 Entrée dans ActionAgenda.php
03/02/2016 20:27:39 Entrée dans ActionAgenda.php
03/02/2016 20:27:40 Entrée dans ActionAgenda.php
03/02/2016 20:27:40 Entrée dans ActionAgenda.php
03/02/2016 20:27:42 Entrée dans ActionAgenda.php
03/02/2016 20:28:38 Entrée dans ActionAgenda.php
03/02/2016 20:34:09 Entrée dans ActionAccueil.php
03/02/2016 20:34:28 Entrée dans ActionAccueil.php
03/02/2016 20:34:31 Entrée dans ActionAccueil.php
03/02/2016 20:34:31 Entrée dans ActionAccueil.php
03/02/2016 20:34:32 Entrée dans ActionAccueil.php
03/02/2016 20:34:32 Entrée dans ActionAccueil.php
03/02/2016 20:35:01 Entrée dans ActionClub.php
03/02/2016 20:35:03 Entrée dans ActionClub.php
03/02/2016 20:37:24 Entrée dans ActionEcoleDeFoot.php
03/02/2016 20:38:08 Entrée dans ActionEcoleDeFoot.php
03/02/2016 20:43:07 Entrée dans ActionEvenement.php
03/02/2016 20:43:07 Entrée dans ActionEvenement.php
03/02/2016 20:43:08 Entrée dans ActionEvenement.php
03/02/2016 20:44:12 Entrée dans ActionClub.php
03/02/2016 20:44:24 Entrée dans ActionAgenda.php
03/02/2016 20:44:26 Entrée dans ActionAgenda.php
03/02/2016 20:44:46 Entrée dans ActionEvenement.php
03/02/2016 20:44:59 Entrée dans ActionAgenda.php
03/02/2016 22:21:39 Entrée dans ActionAccueil.php
03/02/2016 22:21:47 Entrée dans ActionJoueurs.php
03/02/2016 22:21:52 Entrée dans ActionClub.php
03/02/2016 22:22:01 Entrée dans ActionJoueurs.php
04/02/2016 00:27:31 Entrée dans ActionAccueil.php
04/02/2016 01:50:09 Entrée dans ActionAgenda.php
04/02/2016 03:00:03 Entrée dans ActionAccueil.php
04/02/2016 13:16:59 Entrée dans ActionAccueil.php
04/02/2016 13:17:21 Entrée dans ActionEcoleDeFoot.php
04/02/2016 13:17:23 Entrée dans ActionEcoleDeFoot.php
04/02/2016 13:18:27 Entrée dans ActionAccueil.php
04/02/2016 13:18:47 Entrée dans ActionClub.php
04/02/2016 14:53:34 Entrée dans ActionAccueil.php
04/02/2016 19:17:06 Entrée dans ActionAccueil.php
04/02/2016 19:29:57 Entrée dans ActionEvenement.php
04/02/2016 19:30:39 Entrée dans ActionEvenement.php
04/02/2016 20:34:41 Entrée dans ActionAccueil.php
04/02/2016 20:35:17 Entrée dans ActionEcoleDeFoot.php
04/02/2016 20:35:22 Entrée dans ActionEcoleDeFoot.php
04/02/2016 20:35:35 Entrée dans ActionAgenda.php
04/02/2016 20:35:37 Entrée dans ActionAgenda.php
04/02/2016 20:35:53 Entrée dans ActionEcoleDeFoot.php
04/02/2016 20:35:58 Entrée dans ActionEcoleDeFoot.php
04/02/2016 20:36:01 Entrée dans ActionAgenda.php
04/02/2016 20:36:20 Entrée dans ActionAgenda.php
04/02/2016 20:36:37 Entrée dans ActionEcoleDeFoot.php
04/02/2016 20:36:40 Entrée dans ActionEcoleDeFoot.php
04/02/2016 20:36:49 Entrée dans ActionAccueil.php
04/02/2016 20:36:51 Entrée dans ActionAccueil.php
04/02/2016 20:36:53 Entrée dans ActionEcoleDeFoot.php
04/02/2016 20:36:53 Entrée dans ActionAgenda.php
04/02/2016 20:38:02 Entrée dans ActionAgenda.php
04/02/2016 20:38:08 Entrée dans ActionEvenement.php
04/02/2016 20:38:17 Entrée dans ActionAccueil.php
04/02/2016 20:38:39 Entrée dans ActionClub.php
04/02/2016 21:21:16 Entrée dans ActionAccueil.php
04/02/2016 22:13:56 Entrée dans ActionAccueil.php
04/02/2016 22:14:28 Entrée dans AfficherPopupArticle.php
04/02/2016 22:15:47 Entrée dans AfficherPopupArticle.php
04/02/2016 22:17:11 Entrée dans ActionClub.php
04/02/2016 22:17:38 Entrée dans ActionAccueil.php
04/02/2016 23:33:23 Entrée dans ActionAccueil.php
04/02/2016 23:33:27 Entrée dans ActionAccueil.php
04/02/2016 23:33:29 Entrée dans ActionAccueil.php
04/02/2016 23:33:30 Entrée dans ActionAccueil.php
04/02/2016 23:34:04 Entrée dans ActionJoueurs.php
04/02/2016 23:35:34 Entrée dans ActionAccueil.php
04/02/2016 23:35:48 Entrée dans ActionAccueil.php
04/02/2016 23:35:57 Entrée dans ActionAccueil.php
05/02/2016 12:00:32 Entrée dans ActionEvenement.php
05/02/2016 12:22:48 Entrée dans ActionAccueil.php
05/02/2016 12:23:17 Entrée dans ActionJoueurs.php
05/02/2016 17:18:21 Entrée dans ActionAccueil.php
05/02/2016 17:18:21 Entrée dans ActionAccueil.php
05/02/2016 17:54:28 Entrée dans ActionAccueil.php
05/02/2016 17:56:00 Entrée dans AfficherPopupArticle.php
05/02/2016 18:01:28 Entrée dans ActionAccueil.php
05/02/2016 18:01:58 Entrée dans AfficherPopupArticle.php
05/02/2016 18:02:35 Entrée dans AfficherPopupArticle.php
05/02/2016 18:03:08 Entrée dans AfficherPopupArticle.php
05/02/2016 18:03:27 Entrée dans AfficherPopupArticle.php
05/02/2016 18:03:39 Entrée dans AfficherPopupArticle.php
05/02/2016 18:29:24 Entrée dans ActionAccueil.php
05/02/2016 18:31:42 Entrée dans AfficherPopupArticle.php
05/02/2016 18:32:13 Entrée dans AfficherPopupArticle.php
05/02/2016 18:32:25 Entrée dans AfficherPopupArticle.php
05/02/2016 18:32:49 Entrée dans AfficherPopupArticle.php
05/02/2016 23:30:48 Entrée dans ActionAccueil.php
06/02/2016 03:29:21 Entrée dans ActionAccueil.php
06/02/2016 07:55:51 Entrée dans ActionJoueurs.php
06/02/2016 08:02:51 Entrée dans ActionAccueil.php
06/02/2016 08:11:40 Entrée dans ActionEcoleDeFoot.php
06/02/2016 08:57:21 Entrée dans ActionAccueil.php
06/02/2016 08:57:28 Entrée dans ActionAgenda.php
06/02/2016 08:57:28 Entrée dans ActionAgenda.php
06/02/2016 08:58:03 Entrée dans ActionEcoleDeFoot.php
06/02/2016 08:58:05 Entrée dans ActionEcoleDeFoot.php
06/02/2016 08:59:03 Entrée dans ActionAgenda.php
06/02/2016 08:59:07 Entrée dans ActionAgenda.php
06/02/2016 09:44:33 Entrée dans ActionAccueil.php
06/02/2016 11:20:58 Entrée dans ActionEvenement.php
06/02/2016 12:06:32 Entrée dans ActionAccueil.php
06/02/2016 12:06:40 Entrée dans ActionJoueurs.php
06/02/2016 12:20:40 Entrée dans ActionAccueil.php
06/02/2016 15:12:37 Entrée dans ActionAccueil.php
06/02/2016 15:51:33 Entrée dans ActionAccueil.php
06/02/2016 15:52:06 Entrée dans ActionJoueurs.php
06/02/2016 16:02:58 Entrée dans ActionAccueil.php
06/02/2016 16:03:42 Entrée dans ActionAgenda.php
06/02/2016 16:03:43 Entrée dans ActionAgenda.php
06/02/2016 16:04:24 Entrée dans ActionAgenda.php
06/02/2016 16:04:40 Entrée dans ActionEcoleDeFoot.php
06/02/2016 16:04:46 Entrée dans ActionEcoleDeFoot.php
06/02/2016 17:28:16 Entrée dans ActionAccueil.php
06/02/2016 17:28:17 Entrée dans ActionAccueil.php
06/02/2016 18:51:15 Entrée dans ActionAccueil.php
06/02/2016 19:16:51 Entrée dans ActionAccueil.php
06/02/2016 19:17:52 Entrée dans ActionAccueil.php
06/02/2016 21:49:25 Entrée dans ActionAccueil.php
06/02/2016 21:59:01 Entrée dans AfficherPopupArticle.php
06/02/2016 22:37:27 Entrée dans ActionAccueil.php
06/02/2016 22:37:49 Entrée dans AfficherPopupArticle.php
06/02/2016 22:38:39 Entrée dans AfficherPopupArticle.php
06/02/2016 22:39:01 Entrée dans AfficherPopupArticle.php
06/02/2016 22:39:40 Entrée dans AfficherPopupArticle.php
06/02/2016 23:52:22 Entrée dans ActionJoueurs.php
06/02/2016 23:53:24 Entrée dans ActionJoueurs.php
06/02/2016 23:53:29 Entrée dans ActionAgenda.php
06/02/2016 23:53:29 Entrée dans ActionAgenda.php
06/02/2016 23:59:41 Entrée dans ActionAccueil.php
06/02/2016 23:59:54 Entrée dans ActionAccueil.php
07/02/2016 00:00:01 Entrée dans AfficherPopupArticle.php
07/02/2016 00:19:16 Entrée dans ActionAccueil.php
07/02/2016 00:26:15 Entrée dans ActionAccueil.php
07/02/2016 00:26:50 Entrée dans ActionLogin.php
07/02/2016 00:26:50 Authentification de fgastrini.
07/02/2016 00:26:50 Entrée dans ActionProfil.php
07/02/2016 00:26:53 Entrée dans GestionResultats.php
07/02/2016 00:27:03 Entrée dans GestionResultats.php
07/02/2016 00:27:08 Entrée dans ActionAccueil.php
07/02/2016 00:27:25 Entrée dans ActionProfil.php
07/02/2016 00:27:29 Entrée dans ActionAccueil.php
07/02/2016 00:27:30 Entrée dans ActionAccueil.php
07/02/2016 05:58:38 Entrée dans ActionAccueil.php
07/02/2016 05:59:32 Entrée dans ActionJoueurs.php
07/02/2016 06:01:45 Entrée dans ActionAgenda.php
07/02/2016 06:01:47 Entrée dans ActionAgenda.php
07/02/2016 06:02:36 Entrée dans ActionAccueil.php
07/02/2016 06:02:58 Entrée dans ActionAgenda.php
07/02/2016 11:54:02 Entrée dans ActionAccueil.php
07/02/2016 11:54:28 Entrée dans ActionJoueurs.php
07/02/2016 13:16:26 Entrée dans ActionAccueil.php
07/02/2016 13:16:46 Entrée dans ActionAccueil.php
07/02/2016 15:50:16 Entrée dans ActionAccueil.php
07/02/2016 15:50:54 Entrée dans ActionAccueil.php
07/02/2016 16:00:36 Entrée dans ActionAccueil.php
07/02/2016 16:03:33 Entrée dans AfficherPopupArticle.php
07/02/2016 16:04:33 Entrée dans AfficherPopupArticle.php
07/02/2016 16:06:23 Entrée dans AfficherPopupArticle.php
07/02/2016 16:07:22 Entrée dans AfficherPopupArticle.php
07/02/2016 16:08:08 Entrée dans AfficherPopupArticle.php
07/02/2016 16:08:24 Entrée dans AfficherPopupArticle.php
07/02/2016 17:21:52 Entrée dans ActionAccueil.php
07/02/2016 17:57:33 Entrée dans ActionAccueil.php
07/02/2016 17:57:40 Entrée dans AfficherPopupArticle.php
07/02/2016 20:25:52 Entrée dans ActionAccueil.php
07/02/2016 20:26:14 Entrée dans ActionJoueurs.php
07/02/2016 20:27:01 Entrée dans ActionAccueil.php
07/02/2016 20:27:04 Entrée dans ActionJoueurs.php
07/02/2016 20:27:16 Entrée dans ActionJoueurs.php
08/02/2016 07:39:37 Entrée dans ActionAccueil.php
08/02/2016 10:42:08 Entrée dans ActionAccueil.php
08/02/2016 10:42:35 Entrée dans ActionEcoleDeFoot.php
08/02/2016 10:42:44 Entrée dans ActionEcoleDeFoot.php
08/02/2016 10:43:44 Entrée dans ActionEcoleDeFoot.php
08/02/2016 10:43:52 Entrée dans ActionEcoleDeFoot.php
08/02/2016 11:28:42 Entrée dans ActionAccueil.php
08/02/2016 11:29:56 Entrée dans ActionJoueurs.php
08/02/2016 11:30:30 Entrée dans ActionAccueil.php
08/02/2016 11:30:34 Entrée dans AfficherPopupArticle.php
08/02/2016 11:30:37 Entrée dans ActionAgenda.php
08/02/2016 11:30:39 Entrée dans ActionAgenda.php
08/02/2016 11:30:40 Entrée dans ActionAgenda.php
08/02/2016 11:30:47 Entrée dans ActionAgenda.php
08/02/2016 11:30:50 Entrée dans ActionAccueil.php
08/02/2016 11:30:57 Entrée dans ActionJoueurs.php
08/02/2016 11:33:53 Entrée dans ActionAccueil.php
08/02/2016 11:34:43 Entrée dans ActionEcoleDeFoot.php
08/02/2016 11:34:48 Entrée dans ActionClub.php
08/02/2016 11:35:01 Entrée dans ActionAccueil.php
08/02/2016 11:35:10 Entrée dans AfficherPopupArticle.php
08/02/2016 11:35:23 Entrée dans ActionLogin.php
08/02/2016 11:35:35 Entrée dans ActionLogin.php
08/02/2016 11:35:41 Entrée dans ActionEvenement.php
08/02/2016 11:35:46 Entrée dans ActionAgenda.php
08/02/2016 11:35:47 Entrée dans ActionAgenda.php
08/02/2016 11:35:56 Entrée dans ActionAgenda.php
08/02/2016 11:35:58 Entrée dans ActionAgenda.php
08/02/2016 11:35:58 Entrée dans ActionAgenda.php
08/02/2016 11:35:58 Entrée dans ActionAgenda.php
08/02/2016 11:36:05 Entrée dans ActionAgenda.php
08/02/2016 11:36:17 Entrée dans ActionAgenda.php
08/02/2016 11:36:19 Entrée dans ActionEcoleDeFoot.php
08/02/2016 13:22:23 Entrée dans ActionEvenement.php
08/02/2016 16:57:16 Entrée dans ActionAccueil.php
08/02/2016 17:36:59 Entrée dans ActionAccueil.php
08/02/2016 17:36:59 Entrée dans ActionClub.php
08/02/2016 17:37:00 Entrée dans ActionJoueurs.php
08/02/2016 17:37:01 Entrée dans ActionEcoleDeFoot.php
08/02/2016 17:37:02 Entrée dans ActionAgenda.php
08/02/2016 17:37:02 Entrée dans ActionEvenement.php
08/02/2016 17:37:03 Entrée dans ActionSponsor.php
08/02/2016 18:08:46 Entrée dans ActionAccueil.php
08/02/2016 18:08:53 Entrée dans AfficherPopupArticle.php
08/02/2016 18:09:18 Entrée dans ActionAccueil.php
08/02/2016 18:13:22 Entrée dans ActionAccueil.php
08/02/2016 18:13:32 Entrée dans AfficherPopupArticle.php
08/02/2016 18:14:21 Entrée dans AfficherPopupArticle.php
08/02/2016 18:14:41 Entrée dans AfficherPopupArticle.php
08/02/2016 18:16:37 Entrée dans ActionClub.php
08/02/2016 19:47:30 Entrée dans ActionAccueil.php
08/02/2016 20:28:57 Entrée dans ActionAccueil.php
08/02/2016 22:49:03 Entrée dans ActionAccueil.php
09/02/2016 07:24:41 Entrée dans ActionAccueil.php
09/02/2016 07:24:50 Entrée dans ActionEcoleDeFoot.php
09/02/2016 07:24:55 Entrée dans ActionEcoleDeFoot.php
09/02/2016 11:10:47 Entrée dans ActionAccueil.php
09/02/2016 11:11:01 Entrée dans ActionAgenda.php
09/02/2016 11:11:02 Entrée dans ActionAgenda.php
09/02/2016 11:11:08 Entrée dans ActionEvenement.php
09/02/2016 11:11:20 Entrée dans ActionAccueil.php
09/02/2016 11:11:37 Entrée dans AfficherPopupArticle.php
09/02/2016 11:11:47 Entrée dans ActionClub.php
09/02/2016 11:12:27 Entrée dans ActionAgenda.php
09/02/2016 11:12:28 Entrée dans ActionAgenda.php
09/02/2016 11:12:31 Entrée dans ActionEvenement.php
09/02/2016 13:02:17 Entrée dans ActionAccueil.php
09/02/2016 13:02:56 Entrée dans ActionSponsor.php
09/02/2016 13:03:00 Entrée dans ActionEvenement.php
09/02/2016 13:03:01 Entrée dans ActionAgenda.php
09/02/2016 13:03:02 Entrée dans ActionAgenda.php
09/02/2016 13:03:04 Entrée dans ActionEcoleDeFoot.php
09/02/2016 13:44:34 Entrée dans ActionAccueil.php
09/02/2016 13:44:56 Entrée dans AfficherPopupArticle.php
09/02/2016 13:45:21 Entrée dans ActionEcoleDeFoot.php
09/02/2016 13:45:35 Entrée dans ActionEcoleDeFoot.php
09/02/2016 13:45:37 Entrée dans ActionEcoleDeFoot.php
09/02/2016 13:45:40 Entrée dans ActionEcoleDeFoot.php
09/02/2016 13:45:43 Entrée dans ActionEcoleDeFoot.php
09/02/2016 13:45:47 Entrée dans ActionEcoleDeFoot.php
09/02/2016 13:45:51 Entrée dans ActionEcoleDeFoot.php
09/02/2016 13:45:54 Entrée dans ActionJoueurs.php
09/02/2016 13:54:29 Entrée dans ActionAccueil.php
09/02/2016 14:41:48 Entrée dans ActionAccueil.php
09/02/2016 14:44:58 Entrée dans ActionEvenement.php
09/02/2016 14:46:47 Entrée dans ActionAgenda.php
09/02/2016 14:46:49 Entrée dans ActionAgenda.php
09/02/2016 14:47:29 Entrée dans ActionAgenda.php
09/02/2016 14:47:42 Entrée dans ActionEcoleDeFoot.php
09/02/2016 14:47:50 Entrée dans ActionEcoleDeFoot.php
09/02/2016 14:48:26 Entrée dans ActionAgenda.php
09/02/2016 14:48:43 Entrée dans ActionEvenement.php
09/02/2016 17:59:46 Entrée dans ActionAccueil.php
09/02/2016 18:24:06 Entrée dans ActionAccueil.php
09/02/2016 18:24:52 Entrée dans ActionEcoleDeFoot.php
09/02/2016 18:24:53 Entrée dans ActionEcoleDeFoot.php
09/02/2016 18:25:03 Entrée dans ActionEcoleDeFoot.php
09/02/2016 18:26:50 Entrée dans ActionEcoleDeFoot.php
09/02/2016 18:27:47 Entrée dans ActionEcoleDeFoot.php
09/02/2016 18:27:57 Entrée dans ActionEcoleDeFoot.php
09/02/2016 18:28:08 Entrée dans ActionAccueil.php
09/02/2016 18:28:28 Entrée dans AfficherPopupArticle.php
09/02/2016 18:31:03 Entrée dans ActionJoueurs.php
09/02/2016 23:13:10 Entrée dans ActionAccueil.php
10/02/2016 02:03:35 Entrée dans ActionAccueil.php
10/02/2016 08:47:23 Entrée dans ActionAccueil.php
10/02/2016 08:47:55 Entrée dans ActionSponsor.php
10/02/2016 08:48:00 Entrée dans ActionAccueil.php
10/02/2016 08:48:29 Entrée dans ActionClub.php
10/02/2016 10:22:17 Entrée dans ActionAccueil.php
10/02/2016 10:23:12 Entrée dans ActionAccueil.php
10/02/2016 10:23:16 Entrée dans ActionAccueil.php
10/02/2016 10:23:24 Entrée dans ActionClub.php
10/02/2016 10:23:59 Entrée dans ActionEcoleDeFoot.php
10/02/2016 10:24:10 Entrée dans ActionEcoleDeFoot.php
10/02/2016 10:51:25 Entrée dans ActionAccueil.php
10/02/2016 10:51:33 Entrée dans ActionAccueil.php
10/02/2016 10:51:36 Entrée dans ActionClub.php
10/02/2016 12:39:51 Entrée dans ActionAccueil.php
10/02/2016 13:20:30 Entrée dans ActionAccueil.php
10/02/2016 13:20:51 Entrée dans AfficherPopupArticle.php
10/02/2016 13:21:00 Entrée dans AfficherPopupArticle.php
10/02/2016 13:21:14 Entrée dans AfficherPopupArticle.php
10/02/2016 13:21:18 Entrée dans AfficherPopupArticle.php
10/02/2016 13:21:23 Entrée dans AfficherPopupArticle.php
10/02/2016 13:22:32 Entrée dans ActionEcoleDeFoot.php
10/02/2016 13:22:36 Entrée dans ActionEcoleDeFoot.php
10/02/2016 13:22:45 Entrée dans ActionEcoleDeFoot.php
10/02/2016 16:19:38 Entrée dans ActionAccueil.php
10/02/2016 16:32:59 Entrée dans ActionEcoleDeFoot.php
10/02/2016 16:33:02 Entrée dans ActionEvenement.php
10/02/2016 17:13:42 Entrée dans ActionAccueil.php
10/02/2016 17:14:15 Entrée dans ActionAccueil.php
10/02/2016 17:14:34 Entrée dans ActionAccueil.php
10/02/2016 17:14:43 Entrée dans ActionClub.php
10/02/2016 17:58:39 Entrée dans ActionAgenda.php
10/02/2016 17:58:49 Entrée dans ActionAgenda.php
11/02/2016 07:56:06 Entrée dans ActionAccueil.php
11/02/2016 07:56:07 Entrée dans ActionClub.php
11/02/2016 07:56:08 Entrée dans ActionJoueurs.php
11/02/2016 07:56:09 Entrée dans ActionEcoleDeFoot.php
11/02/2016 07:56:10 Entrée dans ActionAgenda.php
11/02/2016 07:56:10 Entrée dans ActionEvenement.php
11/02/2016 07:56:11 Entrée dans ActionSponsor.php
11/02/2016 08:24:13 Entrée dans ActionAccueil.php
11/02/2016 08:34:11 Entrée dans ActionAgenda.php
11/02/2016 08:34:12 Entrée dans ActionAgenda.php
11/02/2016 08:34:21 Entrée dans ActionAccueil.php
11/02/2016 08:34:30 Entrée dans ActionClub.php
11/02/2016 08:36:54 Entrée dans ActionAgenda.php
11/02/2016 08:36:55 Entrée dans ActionAgenda.php
11/02/2016 08:36:55 Entrée dans ActionEvenement.php
11/02/2016 08:37:51 Entrée dans ActionAccueil.php
11/02/2016 11:57:17 Entrée dans ActionAccueil.php
11/02/2016 12:01:56 Entrée dans ActionAccueil.php
11/02/2016 12:02:55 Entrée dans AfficherPopupArticle.php
11/02/2016 12:03:45 Entrée dans AfficherPopupArticle.php
11/02/2016 12:03:53 Entrée dans AfficherPopupArticle.php
11/02/2016 12:24:07 Entrée dans ActionAccueil.php
11/02/2016 12:24:39 Entrée dans ActionAgenda.php
11/02/2016 12:24:40 Entrée dans ActionAgenda.php
11/02/2016 12:24:44 Entrée dans ActionAccueil.php
11/02/2016 12:24:55 Entrée dans ActionJoueurs.php
11/02/2016 18:38:46 Entrée dans ActionAccueil.php
11/02/2016 18:38:53 Entrée dans ActionJoueurs.php
11/02/2016 18:44:57 Entrée dans ActionJoueurs.php
12/02/2016 13:42:38 Entrée dans ActionAccueil.php
12/02/2016 13:44:52 Entrée dans ActionAccueil.php
12/02/2016 14:19:36 Entrée dans ActionAccueil.php
12/02/2016 14:34:47 Entrée dans ActionAccueil.php
12/02/2016 14:43:21 Entrée dans ActionAccueil.php
12/02/2016 14:43:24 Entrée dans AfficherPopupArticle.php
12/02/2016 15:07:07 Entrée dans ActionAccueil.php
12/02/2016 15:07:26 Entrée dans ActionJoueurs.php
12/02/2016 16:20:34 Entrée dans ActionAccueil.php
12/02/2016 16:20:43 Entrée dans ActionClub.php
12/02/2016 20:27:46 Entrée dans ActionAccueil.php
12/02/2016 20:45:56 Entrée dans ActionAccueil.php
12/02/2016 20:46:03 Entrée dans AfficherPopupArticle.php
12/02/2016 23:48:28 Entrée dans ActionAccueil.php
13/02/2016 00:02:19 Entrée dans ActionEcoleDeFoot.php
13/02/2016 00:02:23 Entrée dans ActionAccueil.php
13/02/2016 00:02:28 Entrée dans ActionEcoleDeFoot.php
13/02/2016 00:02:36 Entrée dans ActionAccueil.php
13/02/2016 00:03:24 Entrée dans AfficherPopupArticle.php
13/02/2016 00:04:35 Entrée dans AfficherPopupArticle.php
13/02/2016 00:13:57 Entrée dans ActionAgenda.php
13/02/2016 00:38:55 Entrée dans ActionEcoleDeFoot.php
13/02/2016 00:38:56 Entrée dans ActionEvenement.php
13/02/2016 07:24:43 Entrée dans ActionAgenda.php
13/02/2016 08:35:34 Entrée dans ActionAccueil.php
13/02/2016 08:36:41 Entrée dans AfficherPopupArticle.php
13/02/2016 08:45:51 Entrée dans AfficherPopupArticle.php
13/02/2016 08:47:25 Entrée dans AfficherPopupArticle.php
13/02/2016 09:13:17 Entrée dans AfficherPopupArticle.php
13/02/2016 09:48:25 Entrée dans ActionAccueil.php
13/02/2016 16:03:03 Entrée dans ActionAccueil.php
13/02/2016 16:03:17 Entrée dans AfficherPopupArticle.php
13/02/2016 16:03:30 Entrée dans ActionClub.php
13/02/2016 17:39:54 Entrée dans ActionAccueil.php
13/02/2016 17:40:38 Entrée dans AfficherPopupArticle.php
13/02/2016 17:40:40 Entrée dans AfficherPopupArticle.php
13/02/2016 18:44:34 Entrée dans ActionAccueil.php
13/02/2016 18:45:01 Entrée dans AfficherPopupArticle.php
13/02/2016 18:46:06 Entrée dans ActionAccueil.php
13/02/2016 21:45:27 Entrée dans ActionAccueil.php
13/02/2016 21:45:49 Entrée dans ActionAgenda.php
13/02/2016 21:45:50 Entrée dans ActionAgenda.php
13/02/2016 21:45:54 Entrée dans ActionEvenement.php
13/02/2016 21:46:04 Entrée dans ActionAgenda.php
13/02/2016 21:46:05 Entrée dans ActionAgenda.php
13/02/2016 21:46:06 Entrée dans ActionEvenement.php
13/02/2016 21:46:15 Entrée dans ActionAccueil.php
13/02/2016 22:21:19 Entrée dans ActionSponsor.php
13/02/2016 22:22:08 Entrée dans ActionClub.php
13/02/2016 22:22:25 Entrée dans ActionEcoleDeFoot.php
13/02/2016 22:35:46 Entrée dans ActionEvenement.php
14/02/2016 07:51:30 Entrée dans ActionJoueurs.php
14/02/2016 09:03:51 Entrée dans ActionAccueil.php
14/02/2016 10:00:00 Entrée dans ActionAccueil.php
14/02/2016 10:00:21 Entrée dans AfficherPopupArticle.php
14/02/2016 10:10:58 Entrée dans ActionAccueil.php
14/02/2016 10:11:12 Entrée dans ActionClub.php
14/02/2016 10:11:22 Entrée dans ActionAgenda.php
14/02/2016 10:11:32 Entrée dans ActionSponsor.php
14/02/2016 10:11:41 Entrée dans ActionJoueurs.php
14/02/2016 10:11:56 Entrée dans ActionEvenement.php
14/02/2016 10:12:07 Entrée dans ActionEcoleDeFoot.php
14/02/2016 10:58:33 Entrée dans ActionEcoleDeFoot.php
14/02/2016 10:58:39 Entrée dans ActionEcoleDeFoot.php
14/02/2016 10:59:50 Entrée dans ActionEcoleDeFoot.php
14/02/2016 10:59:53 Entrée dans ActionEcoleDeFoot.php
14/02/2016 10:59:55 Entrée dans ActionAccueil.php
14/02/2016 11:00:08 Entrée dans AfficherPopupArticle.php
14/02/2016 11:00:59 Entrée dans AfficherPopupArticle.php
14/02/2016 11:01:50 Entrée dans AfficherPopupArticle.php
14/02/2016 11:02:12 Entrée dans AfficherPopupArticle.php
14/02/2016 12:59:34 Entrée dans ActionAgenda.php
14/02/2016 13:21:26 Entrée dans ActionAccueil.php
14/02/2016 15:29:09 Entrée dans ActionEvenement.php
14/02/2016 16:00:29 Entrée dans ActionAccueil.php
14/02/2016 16:17:30 Entrée dans ActionAccueil.php
14/02/2016 19:11:16 Entrée dans ActionAccueil.php
14/02/2016 19:11:19 Entrée dans ActionAgenda.php
14/02/2016 19:11:23 Entrée dans ActionClub.php
14/02/2016 19:11:26 Entrée dans ActionEcoleDeFoot.php
14/02/2016 19:11:30 Entrée dans ActionEvenement.php
14/02/2016 19:59:04 Entrée dans ActionAccueil.php
14/02/2016 19:59:30 Entrée dans ActionEcoleDeFoot.php
14/02/2016 19:59:35 Entrée dans ActionEvenement.php
14/02/2016 19:59:44 Entrée dans ActionAgenda.php
14/02/2016 19:59:45 Entrée dans ActionAgenda.php
14/02/2016 19:59:56 Entrée dans ActionAgenda.php
14/02/2016 20:00:06 Entrée dans ActionEcoleDeFoot.php
14/02/2016 20:00:10 Entrée dans ActionEcoleDeFoot.php
14/02/2016 20:00:37 Entrée dans ActionEvenement.php
14/02/2016 20:00:43 Entrée dans ActionAccueil.php
14/02/2016 20:00:50 Entrée dans ActionEvenement.php
14/02/2016 20:01:27 Entrée dans ActionAccueil.php
15/02/2016 00:21:31 Entrée dans ActionEcoleDeFoot.php
15/02/2016 00:54:33 Entrée dans ActionAgenda.php
15/02/2016 01:02:20 Entrée dans ActionSponsor.php
15/02/2016 03:28:02 Entrée dans ActionAccueil.php
15/02/2016 03:28:04 Entrée dans ActionClub.php
15/02/2016 03:28:05 Entrée dans ActionAgenda.php
15/02/2016 03:28:06 Entrée dans ActionSponsor.php
15/02/2016 03:28:07 Entrée dans ActionJoueurs.php
15/02/2016 03:28:09 Entrée dans ActionEvenement.php
15/02/2016 04:13:22 Entrée dans ActionClub.php
15/02/2016 04:22:28 Entrée dans ActionAccueil.php
15/02/2016 04:22:32 Entrée dans ActionClub.php
15/02/2016 04:22:34 Entrée dans ActionJoueurs.php
15/02/2016 04:22:37 Entrée dans ActionEcoleDeFoot.php
15/02/2016 04:22:39 Entrée dans ActionAgenda.php
15/02/2016 04:22:41 Entrée dans ActionEvenement.php
15/02/2016 04:22:43 Entrée dans ActionSponsor.php
15/02/2016 07:58:56 Entrée dans ActionJoueurs.php
15/02/2016 08:49:26 Entrée dans ActionJoueurs.php
15/02/2016 16:55:19 Entrée dans ActionAccueil.php
15/02/2016 18:29:19 Entrée dans ActionAccueil.php
15/02/2016 18:29:21 Entrée dans ActionAccueil.php
15/02/2016 18:29:35 Entrée dans ActionEcoleDeFoot.php
15/02/2016 18:29:39 Entrée dans ActionEcoleDeFoot.php
15/02/2016 18:29:44 Entrée dans ActionEcoleDeFoot.php
15/02/2016 18:30:09 Entrée dans ActionEcoleDeFoot.php
16/02/2016 01:17:02 Entrée dans ActionAccueil.php
16/02/2016 02:23:49 Entrée dans ActionClub.php
16/02/2016 03:18:59 Entrée dans ActionClub.php
16/02/2016 03:49:34 Entrée dans ActionAccueil.php
16/02/2016 08:28:45 Entrée dans ActionClub.php
16/02/2016 11:54:47 Entrée dans ActionAccueil.php
16/02/2016 15:55:09 Entrée dans ActionAccueil.php
16/02/2016 15:55:27 Entrée dans ActionClub.php
16/02/2016 15:57:06 Entrée dans ActionAccueil.php
16/02/2016 15:57:19 Entrée dans AfficherPopupArticle.php
16/02/2016 15:57:30 Entrée dans ActionJoueurs.php
16/02/2016 16:04:03 Entrée dans ActionEvenement.php
16/02/2016 16:04:13 Entrée dans ActionSponsor.php
16/02/2016 17:20:25 Entrée dans ActionAccueil.php
16/02/2016 17:52:15 Entrée dans ActionAccueil.php
16/02/2016 18:21:12 Entrée dans ActionAccueil.php
16/02/2016 18:21:12 Entrée dans ActionAccueil.php
16/02/2016 18:22:01 Entrée dans ActionSponsor.php
16/02/2016 18:22:08 Entrée dans ActionAccueil.php
16/02/2016 18:22:34 Entrée dans ActionEcoleDeFoot.php
16/02/2016 18:22:52 Entrée dans ActionEcoleDeFoot.php
16/02/2016 20:24:11 Entrée dans ActionJoueurs.php
16/02/2016 22:27:44 Entrée dans ActionAccueil.php
17/02/2016 07:15:20 Entrée dans ActionEcoleDeFoot.php
17/02/2016 07:15:27 Entrée dans ActionEcoleDeFoot.php
17/02/2016 07:15:33 Entrée dans ActionEcoleDeFoot.php
17/02/2016 07:15:37 Entrée dans ActionEcoleDeFoot.php
17/02/2016 07:15:42 Entrée dans ActionEcoleDeFoot.php
17/02/2016 07:15:43 Entrée dans ActionEcoleDeFoot.php
17/02/2016 07:15:48 Entrée dans ActionEcoleDeFoot.php
17/02/2016 07:15:50 Entrée dans ActionEcoleDeFoot.php
17/02/2016 07:15:54 Entrée dans ActionEcoleDeFoot.php
17/02/2016 09:34:45 Entrée dans ActionContact.php
17/02/2016 09:34:46 Entrée dans ActionContact.php
17/02/2016 10:26:03 Entrée dans ActionAccueil.php
17/02/2016 10:26:42 Entrée dans AfficherPopupArticle.php
17/02/2016 10:27:01 Entrée dans AfficherPopupArticle.php
17/02/2016 10:27:42 Entrée dans ActionClub.php
17/02/2016 10:27:57 Entrée dans ActionAccueil.php
17/02/2016 10:28:20 Entrée dans AfficherPopupArticle.php
17/02/2016 10:28:39 Entrée dans ActionAgenda.php
17/02/2016 10:28:40 Entrée dans ActionAgenda.php
17/02/2016 10:28:49 Entrée dans ActionAccueil.php
17/02/2016 10:29:07 Entrée dans ActionEvenement.php
17/02/2016 10:29:22 Entrée dans ActionAgenda.php
17/02/2016 11:45:56 Entrée dans ActionAccueil.php
17/02/2016 11:46:06 Entrée dans AfficherPopupArticle.php
17/02/2016 11:46:26 Entrée dans ActionEvenement.php
17/02/2016 11:46:56 Entrée dans ActionEvenement.php
17/02/2016 11:46:59 Entrée dans ActionEvenement.php
17/02/2016 11:47:01 Entrée dans ActionAccueil.php
17/02/2016 12:32:24 Entrée dans ActionClub.php
17/02/2016 13:35:00 Entrée dans ActionAccueil.php
17/02/2016 14:20:42 Entrée dans ActionAccueil.php
17/02/2016 14:21:01 Entrée dans ActionAccueil.php
17/02/2016 14:21:08 Entrée dans ActionClub.php
17/02/2016 18:09:07 Entrée dans ActionAccueil.php
17/02/2016 18:11:01 Entrée dans ActionJoueurs.php
17/02/2016 20:07:34 Entrée dans ActionAgenda.php
17/02/2016 20:07:48 Entrée dans ActionAgenda.php
17/02/2016 20:34:09 Entrée dans ActionAccueil.php
17/02/2016 21:00:16 Entrée dans ActionAgenda.php
17/02/2016 21:00:43 Entrée dans ActionAgenda.php
17/02/2016 21:34:35 Entrée dans ActionAccueil.php
17/02/2016 21:50:19 Entrée dans ActionAccueil.php
17/02/2016 21:51:04 Entrée dans ActionAgenda.php
17/02/2016 21:51:05 Entrée dans ActionAgenda.php
17/02/2016 21:51:21 Entrée dans ActionEvenement.php
17/02/2016 21:53:48 Entrée dans ActionAccueil.php
17/02/2016 21:54:26 Entrée dans ActionEvenement.php
17/02/2016 22:21:05 Entrée dans ActionAccueil.php
17/02/2016 22:22:39 Entrée dans ActionClub.php
18/02/2016 00:20:29 Entrée dans ActionAccueil.php
18/02/2016 09:54:10 Entrée dans ActionAccueil.php
18/02/2016 11:30:14 Entrée dans ActionEcoleDeFoot.php
18/02/2016 11:34:16 Entrée dans ActionAccueil.php
18/02/2016 11:34:25 Entrée dans ActionEvenement.php
18/02/2016 17:59:51 Entrée dans ActionAccueil.php
18/02/2016 20:31:28 Entrée dans ActionAccueil.php
18/02/2016 21:16:01 Entrée dans ActionAccueil.php
18/02/2016 21:16:38 Entrée dans ActionJoueurs.php
18/02/2016 21:16:42 Entrée dans ActionJoueurs.php
19/02/2016 00:47:59 Entrée dans ActionClub.php
19/02/2016 08:28:29 Entrée dans ActionAccueil.php
19/02/2016 08:29:31 Entrée dans ActionClub.php
19/02/2016 08:29:31 Entrée dans ActionJoueurs.php
19/02/2016 08:29:31 Entrée dans ActionEcoleDeFoot.php
19/02/2016 08:29:31 Entrée dans ActionAgenda.php
19/02/2016 08:29:31 Entrée dans ActionEvenement.php
19/02/2016 08:29:31 Entrée dans ActionSponsor.php
19/02/2016 08:51:26 Entrée dans ActionClub.php
19/02/2016 08:51:47 Entrée dans ActionAgenda.php
19/02/2016 11:23:05 Entrée dans ActionAccueil.php
19/02/2016 11:23:29 Entrée dans AfficherPopupArticle.php
19/02/2016 11:25:34 Entrée dans AfficherPopupArticle.php
19/02/2016 18:50:18 Entrée dans ActionEvenement.php
19/02/2016 19:54:13 Entrée dans ActionAccueil.php
19/02/2016 19:54:13 Entrée dans ActionAccueil.php
19/02/2016 19:54:26 Entrée dans ActionClub.php
20/02/2016 00:37:49 Entrée dans ActionClub.php
20/02/2016 01:22:09 Entrée dans ActionAgenda.php
20/02/2016 08:19:46 Entrée dans ActionAccueil.php
20/02/2016 09:41:10 Entrée dans ActionAccueil.php
20/02/2016 10:33:39 Entrée dans ActionRencontre.php
20/02/2016 10:33:40 Entrée dans ActionAccueil.php
20/02/2016 10:34:43 Entrée dans AfficherPopupArticle.php
20/02/2016 10:36:28 Entrée dans AfficherPopupArticle.php
20/02/2016 10:36:44 Entrée dans AfficherPopupArticle.php
20/02/2016 13:29:23 Entrée dans ActionAccueil.php
20/02/2016 13:29:42 Entrée dans AfficherPopupArticle.php
20/02/2016 13:30:54 Entrée dans ActionAgenda.php
20/02/2016 13:30:55 Entrée dans ActionAgenda.php
20/02/2016 13:31:06 Entrée dans ActionEvenement.php
20/02/2016 13:31:17 Entrée dans ActionJoueurs.php
20/02/2016 13:32:06 Entrée dans ActionClub.php
20/02/2016 13:32:19 Entrée dans ActionAccueil.php
20/02/2016 13:32:45 Entrée dans ActionEcoleDeFoot.php
20/02/2016 13:32:56 Entrée dans ActionAgenda.php
20/02/2016 13:32:57 Entrée dans ActionAgenda.php
20/02/2016 13:32:58 Entrée dans ActionEcoleDeFoot.php
20/02/2016 13:33:02 Entrée dans ActionEcoleDeFoot.php
20/02/2016 13:33:43 Entrée dans ActionEcoleDeFoot.php
20/02/2016 13:33:57 Entrée dans ActionEcoleDeFoot.php
20/02/2016 13:39:27 Entrée dans ActionAccueil.php
20/02/2016 13:40:02 Entrée dans ActionAgenda.php
20/02/2016 13:40:03 Entrée dans ActionAgenda.php
20/02/2016 13:40:16 Entrée dans ActionAgenda.php
20/02/2016 13:40:19 Entrée dans ActionAgenda.php
20/02/2016 13:40:19 Entrée dans ActionAgenda.php
20/02/2016 13:40:25 Entrée dans ActionEcoleDeFoot.php
20/02/2016 13:40:32 Entrée dans ActionEcoleDeFoot.php
20/02/2016 15:06:03 Entrée dans ActionAccueil.php
20/02/2016 16:00:10 Entrée dans ActionAccueil.php
20/02/2016 16:00:22 Entrée dans ActionJoueurs.php
20/02/2016 17:08:35 Entrée dans ActionAccueil.php
20/02/2016 17:08:45 Entrée dans ActionEvenement.php
20/02/2016 20:21:45 Entrée dans ActionAccueil.php
20/02/2016 20:22:02 Entrée dans ActionLogin.php
20/02/2016 20:22:02 Authentification de tsutter.
20/02/2016 20:22:02 Entrée dans ActionProfil.php
20/02/2016 20:22:05 Entrée dans ActionCompetition.php
20/02/2016 20:22:12 Entrée dans ActionCompetition.php
20/02/2016 20:22:50 Entrée dans RechercherTypeCompetition.php
20/02/2016 20:22:50 Entrée dans RechercherEquipe.php
20/02/2016 20:22:53 Entrée dans RechercherEquipe.php
20/02/2016 20:22:58 Entrée dans ActionCompetition.php
20/02/2016 20:23:01 Entrée dans ActionCompetition.php
20/02/2016 20:23:08 Entrée dans RechercherCompetition.php
20/02/2016 20:23:27 Entrée dans ActionCompetition.php
20/02/2016 20:23:32 Entrée dans ActionCompetition.php
20/02/2016 20:23:45 Entrée dans RechercherEquipe.php
20/02/2016 20:23:45 Entrée dans RechercherTypeCompetition.php
20/02/2016 20:23:45 Entrée dans RechercherEquipe.php
20/02/2016 20:23:45 Entrée dans RechercherTypeCompetition.php
20/02/2016 20:23:45 Entrée dans RechercherEquipe.php
20/02/2016 20:23:45 Entrée dans RechercherTypeCompetition.php
20/02/2016 20:23:45 Entrée dans RechercherEquipe.php
20/02/2016 20:23:45 Entrée dans RechercherTypeCompetition.php
20/02/2016 20:23:49 Entrée dans RechercherEquipe.php
20/02/2016 20:23:50 Entrée dans RechercherEquipe.php
20/02/2016 20:23:54 Entrée dans ActionCompetition.php
20/02/2016 20:24:09 Entrée dans RechercherEquipe.php
20/02/2016 20:24:09 Entrée dans RechercherTypeCompetition.php
20/02/2016 20:24:12 Entrée dans RechercherEquipe.php
20/02/2016 20:24:19 Entrée dans ActionCompetition.php
20/02/2016 20:24:29 Entrée dans RechercherEquipe.php
20/02/2016 20:24:29 Entrée dans RechercherTypeCompetition.php
20/02/2016 20:24:32 Entrée dans RechercherEquipe.php
20/02/2016 20:24:32 Entrée dans ActionCompetition.php
20/02/2016 20:24:50 Entrée dans RechercherEquipe.php
20/02/2016 20:24:50 Entrée dans RechercherTypeCompetition.php
20/02/2016 20:24:52 Entrée dans RechercherEquipe.php
20/02/2016 20:24:55 Entrée dans ActionCompetition.php
20/02/2016 20:24:59 Entrée dans ActionRencontre.php
20/02/2016 20:25:09 Entrée dans RechercherEquipe.php
20/02/2016 20:25:11 Entrée dans RechercherCompetitionEquipe.php
20/02/2016 20:25:35 Entrée dans ActionRencontre.php
20/02/2016 20:25:41 Entrée dans RechercherEquipe.php
20/02/2016 20:25:44 Entrée dans RechercherCompetitionEquipe.php
20/02/2016 20:25:55 Entrée dans ActionCompetition.php
20/02/2016 20:25:58 Entrée dans ActionCompetition.php
20/02/2016 20:26:11 Entrée dans RechercherCompetition.php
20/02/2016 20:26:30 Entrée dans RechercherEquipe.php
20/02/2016 20:26:33 Entrée dans ActionCompetition.php
20/02/2016 20:26:37 Entrée dans ActionCompetition.php
20/02/2016 20:26:43 Entrée dans ActionRencontre.php
20/02/2016 20:26:52 Entrée dans RechercherEquipe.php
20/02/2016 20:26:54 Entrée dans RechercherCompetitionEquipe.php
20/02/2016 20:27:01 Entrée dans ActionRencontre.php
20/02/2016 20:27:20 Entrée dans RechercherEquipe.php
20/02/2016 20:27:21 Entrée dans RechercherCompetitionEquipe.php
20/02/2016 20:27:34 Entrée dans ActionRencontre.php
20/02/2016 20:27:45 Entrée dans RechercherEquipe.php
20/02/2016 20:27:47 Entrée dans RechercherCompetitionEquipe.php
20/02/2016 20:27:56 Entrée dans ActionRencontre.php
20/02/2016 20:28:08 Entrée dans RechercherEquipe.php
20/02/2016 20:28:09 Entrée dans RechercherCompetitionEquipe.php
20/02/2016 20:28:18 Entrée dans ActionRencontre.php
20/02/2016 20:28:30 Entrée dans RechercherEquipe.php
20/02/2016 20:28:32 Entrée dans RechercherCompetitionEquipe.php
20/02/2016 20:28:45 Entrée dans ActionRencontre.php
20/02/2016 20:28:54 Entrée dans RechercherEquipe.php
20/02/2016 20:28:55 Entrée dans RechercherCompetitionEquipe.php
20/02/2016 20:29:16 Entrée dans ActionRencontre.php
20/02/2016 20:29:32 Entrée dans RechercherEquipe.php
20/02/2016 20:29:34 Entrée dans RechercherCompetitionEquipe.php
20/02/2016 20:29:48 Entrée dans ActionRencontre.php
20/02/2016 20:29:58 Entrée dans RechercherEquipe.php
20/02/2016 20:29:58 Entrée dans RechercherEquipe.php
20/02/2016 20:29:59 Entrée dans RechercherEquipe.php
20/02/2016 20:29:59 Entrée dans RechercherEquipe.php
20/02/2016 20:30:00 Entrée dans RechercherCompetitionEquipe.php
20/02/2016 20:30:08 Entrée dans ActionRencontre.php
20/02/2016 20:30:18 Entrée dans RechercherEquipe.php
20/02/2016 20:30:18 Entrée dans RechercherEquipe.php
20/02/2016 20:30:18 Entrée dans RechercherEquipe.php
20/02/2016 20:30:18 Entrée dans RechercherEquipe.php
20/02/2016 20:30:19 Entrée dans RechercherCompetitionEquipe.php
20/02/2016 20:30:36 Entrée dans ActionRencontre.php
20/02/2016 20:30:49 Entrée dans ActionRencontre.php
20/02/2016 20:31:27 Entrée dans ActionRencontre.php
20/02/2016 20:31:38 Entrée dans GestionResultats.php
20/02/2016 20:32:51 Entrée dans GestionResultats.php
20/02/2016 20:33:13 Entrée dans GestionResultats.php
20/02/2016 20:33:24 Entrée dans GestionResultats.php
20/02/2016 20:33:38 Entrée dans GestionResultats.php
20/02/2016 20:33:58 Entrée dans GestionResultats.php
20/02/2016 20:34:23 Entrée dans GestionResultats.php
20/02/2016 20:34:30 Entrée dans ActionAccueil.php
20/02/2016 22:23:08 Entrée dans ActionAccueil.php
21/02/2016 02:33:10 Entrée dans ActionAccueil.php
21/02/2016 05:56:34 Entrée dans ActionEcoleDeFoot.php
21/02/2016 10:03:03 Entrée dans ActionAgenda.php
21/02/2016 13:52:41 Entrée dans ActionAccueil.php
21/02/2016 13:54:45 Entrée dans ActionAccueil.php
21/02/2016 13:56:37 Entrée dans ActionAccueil.php
21/02/2016 16:07:16 Entrée dans ActionAccueil.php
21/02/2016 16:07:27 Entrée dans ActionLogin.php
21/02/2016 16:07:27 Authentification de tsutter.
21/02/2016 16:07:27 Entrée dans ActionProfil.php
21/02/2016 16:07:29 Entrée dans ActionRencontre.php
21/02/2016 16:07:58 Entrée dans RechercherEquipe.php
21/02/2016 16:08:00 Entrée dans RechercherCompetitionEquipe.php
21/02/2016 16:08:00 Entrée dans RechercherCompetitionEquipe.php
21/02/2016 16:08:00 Entrée dans RechercherCompetitionEquipe.php
21/02/2016 16:08:00 Entrée dans RechercherCompetitionEquipe.php
21/02/2016 16:08:13 Entrée dans ActionRencontre.php
21/02/2016 16:08:45 Entrée dans RechercherEquipe.php
21/02/2016 16:08:45 Entrée dans RechercherEquipe.php
21/02/2016 16:08:45 Entrée dans RechercherEquipe.php
21/02/2016 16:08:45 Entrée dans RechercherEquipe.php
21/02/2016 16:08:46 Entrée dans RechercherCompetitionEquipe.php
21/02/2016 16:08:46 Entrée dans RechercherCompetitionEquipe.php
21/02/2016 16:08:54 Entrée dans ActionRencontre.php
21/02/2016 16:08:59 Entrée dans ActionRencontre.php
21/02/2016 16:09:27 Entrée dans RechercherEquipe.php
21/02/2016 16:09:27 Entrée dans RechercherEquipe.php
21/02/2016 16:09:27 Entrée dans RechercherEquipe.php
21/02/2016 16:09:27 Entrée dans RechercherEquipe.php
21/02/2016 16:09:28 Entrée dans RechercherCompetitionEquipe.php
21/02/2016 16:09:28 Entrée dans RechercherCompetitionEquipe.php
21/02/2016 16:09:39 Entrée dans RechercherCompetitionEquipe.php
21/02/2016 16:09:56 Entrée dans ActionRencontre.php
21/02/2016 16:10:08 Entrée dans RechercherEquipe.php
21/02/2016 16:10:09 Entrée dans RechercherCompetitionEquipe.php
21/02/2016 16:10:17 Entrée dans ActionRencontre.php
21/02/2016 16:10:54 Entrée dans RechercherEquipe.php
21/02/2016 16:10:56 Entrée dans RechercherCompetitionEquipe.php
21/02/2016 16:11:11 Entrée dans ActionRencontre.php
21/02/2016 16:11:23 Entrée dans RechercherEquipe.php
21/02/2016 16:11:25 Entrée dans RechercherCompetitionEquipe.php
21/02/2016 16:11:32 Entrée dans ActionRencontre.php
21/02/2016 16:11:44 Entrée dans RechercherEquipe.php
21/02/2016 16:11:46 Entrée dans RechercherEquipe.php
21/02/2016 16:11:47 Entrée dans RechercherCompetitionEquipe.php
21/02/2016 16:12:00 Entrée dans ActionRencontre.php
21/02/2016 16:12:29 Entrée dans RechercherEquipe.php
21/02/2016 16:12:31 Entrée dans RechercherCompetitionEquipe.php
21/02/2016 16:12:41 Entrée dans ActionRencontre.php
21/02/2016 16:12:51 Entrée dans ActionRencontre.php
21/02/2016 16:13:36 Entrée dans RechercherEquipe.php
21/02/2016 16:13:37 Entrée dans RechercherCompetitionEquipe.php
21/02/2016 16:13:51 Entrée dans ActionRencontre.php
21/02/2016 16:14:03 Entrée dans RechercherEquipe.php
21/02/2016 16:14:04 Entrée dans RechercherEquipe.php
21/02/2016 16:14:04 Entrée dans RechercherEquipe.php
21/02/2016 16:14:04 Entrée dans RechercherEquipe.php
21/02/2016 16:14:05 Entrée dans RechercherEquipe.php
21/02/2016 16:14:06 Entrée dans RechercherCompetitionEquipe.php
21/02/2016 16:14:20 Entrée dans ActionRencontre.php
21/02/2016 16:14:37 Entrée dans RechercherEquipe.php
21/02/2016 16:14:37 Entrée dans RechercherEquipe.php
21/02/2016 16:14:37 Entrée dans RechercherEquipe.php
21/02/2016 16:14:37 Entrée dans RechercherEquipe.php
21/02/2016 16:14:38 Entrée dans RechercherEquipe.php
21/02/2016 16:14:39 Entrée dans RechercherCompetitionEquipe.php
21/02/2016 16:14:47 Entrée dans ActionRencontre.php
21/02/2016 16:14:58 Entrée dans RechercherEquipe.php
21/02/2016 16:14:59 Entrée dans RechercherEquipe.php
21/02/2016 16:14:59 Entrée dans RechercherEquipe.php
21/02/2016 16:14:59 Entrée dans RechercherEquipe.php
21/02/2016 16:14:59 Entrée dans RechercherEquipe.php
21/02/2016 16:15:00 Entrée dans RechercherCompetitionEquipe.php
21/02/2016 16:15:00 Entrée dans RechercherCompetitionEquipe.php
21/02/2016 16:15:01 Entrée dans RechercherCompetitionEquipe.php
21/02/2016 16:15:01 Entrée dans RechercherCompetitionEquipe.php
21/02/2016 16:15:01 Entrée dans RechercherCompetitionEquipe.php
21/02/2016 16:15:12 Entrée dans ActionRencontre.php
21/02/2016 16:15:25 Entrée dans RechercherEquipe.php
21/02/2016 16:15:26 Entrée dans RechercherEquipe.php
21/02/2016 16:15:26 Entrée dans RechercherEquipe.php
21/02/2016 16:15:26 Entrée dans RechercherEquipe.php
21/02/2016 16:15:26 Entrée dans RechercherEquipe.php
21/02/2016 16:15:27 Entrée dans RechercherCompetitionEquipe.php
21/02/2016 16:15:34 Entrée dans ActionRencontre.php
21/02/2016 16:15:52 Entrée dans RechercherEquipe.php
21/02/2016 16:15:52 Entrée dans RechercherEquipe.php
21/02/2016 16:15:52 Entrée dans RechercherEquipe.php
21/02/2016 16:15:53 Entrée dans RechercherEquipe.php
21/02/2016 16:15:53 Entrée dans RechercherEquipe.php
21/02/2016 16:15:56 Entrée dans RechercherCompetitionEquipe.php
21/02/2016 16:15:57 Entrée dans RechercherCompetitionEquipe.php
21/02/2016 16:15:57 Entrée dans RechercherCompetitionEquipe.php
21/02/2016 16:15:57 Entrée dans RechercherCompetitionEquipe.php
21/02/2016 16:15:57 Entrée dans RechercherCompetitionEquipe.php
21/02/2016 16:15:57 Entrée dans RechercherCompetitionEquipe.php
21/02/2016 16:15:58 Entrée dans RechercherCompetitionEquipe.php
21/02/2016 16:15:58 Entrée dans RechercherCompetitionEquipe.php
21/02/2016 16:15:58 Entrée dans RechercherCompetitionEquipe.php
21/02/2016 16:15:58 Entrée dans RechercherCompetitionEquipe.php
21/02/2016 16:16:05 Entrée dans ActionRencontre.php
21/02/2016 16:16:17 Entrée dans RechercherEquipe.php
21/02/2016 16:16:17 Entrée dans RechercherEquipe.php
21/02/2016 16:16:17 Entrée dans RechercherEquipe.php
21/02/2016 16:16:17 Entrée dans RechercherEquipe.php
21/02/2016 16:16:17 Entrée dans RechercherEquipe.php
21/02/2016 16:16:18 Entrée dans RechercherCompetitionEquipe.php
21/02/2016 16:16:32 Entrée dans ActionRencontre.php
21/02/2016 16:16:45 Entrée dans RechercherEquipe.php
21/02/2016 16:16:45 Entrée dans RechercherEquipe.php
21/02/2016 16:16:46 Entrée dans RechercherEquipe.php
21/02/2016 16:16:46 Entrée dans RechercherEquipe.php
21/02/2016 16:16:46 Entrée dans RechercherEquipe.php
21/02/2016 16:16:47 Entrée dans RechercherCompetitionEquipe.php
21/02/2016 16:16:55 Entrée dans ActionRencontre.php
21/02/2016 16:17:05 Entrée dans RechercherEquipe.php
21/02/2016 16:17:05 Entrée dans RechercherEquipe.php
21/02/2016 16:17:05 Entrée dans RechercherEquipe.php
21/02/2016 16:17:05 Entrée dans RechercherEquipe.php
21/02/2016 16:17:06 Entrée dans RechercherEquipe.php
21/02/2016 16:17:07 Entrée dans RechercherCompetitionEquipe.php
21/02/2016 16:17:15 Entrée dans ActionRencontre.php
21/02/2016 16:17:35 Entrée dans RechercherEquipe.php
21/02/2016 16:17:35 Entrée dans RechercherEquipe.php
21/02/2016 16:17:35 Entrée dans RechercherEquipe.php
21/02/2016 16:17:35 Entrée dans RechercherEquipe.php
21/02/2016 16:17:36 Entrée dans RechercherEquipe.php
21/02/2016 16:17:36 Entrée dans RechercherEquipe.php
21/02/2016 16:17:37 Entrée dans RechercherCompetitionEquipe.php
21/02/2016 16:17:45 Entrée dans ActionRencontre.php
21/02/2016 16:17:55 Entrée dans RechercherEquipe.php
21/02/2016 16:17:55 Entrée dans RechercherEquipe.php
21/02/2016 16:17:56 Entrée dans RechercherEquipe.php
21/02/2016 16:17:56 Entrée dans RechercherEquipe.php
21/02/2016 16:17:56 Entrée dans RechercherEquipe.php
21/02/2016 16:17:57 Entrée dans RechercherEquipe.php
21/02/2016 16:17:58 Entrée dans RechercherCompetitionEquipe.php
21/02/2016 16:18:05 Entrée dans ActionRencontre.php
21/02/2016 16:18:14 Entrée dans RechercherEquipe.php
21/02/2016 16:18:14 Entrée dans RechercherEquipe.php
21/02/2016 16:18:15 Entrée dans RechercherEquipe.php
21/02/2016 16:18:15 Entrée dans RechercherEquipe.php
21/02/2016 16:18:15 Entrée dans RechercherEquipe.php
21/02/2016 16:18:16 Entrée dans RechercherEquipe.php
21/02/2016 16:18:17 Entrée dans RechercherCompetitionEquipe.php
21/02/2016 16:18:26 Entrée dans ActionRencontre.php
21/02/2016 16:18:35 Entrée dans RechercherEquipe.php
21/02/2016 16:18:35 Entrée dans RechercherEquipe.php
21/02/2016 16:18:36 Entrée dans RechercherEquipe.php
21/02/2016 16:18:36 Entrée dans RechercherEquipe.php
21/02/2016 16:18:36 Entrée dans RechercherEquipe.php
21/02/2016 16:18:37 Entrée dans RechercherEquipe.php
21/02/2016 16:18:38 Entrée dans RechercherCompetitionEquipe.php
21/02/2016 16:18:45 Entrée dans ActionRencontre.php
21/02/2016 16:19:03 Entrée dans ActionRencontre.php
21/02/2016 16:19:10 Entrée dans RechercherRencontre.php
21/02/2016 16:19:13 Entrée dans ActionRencontre.php
21/02/2016 16:19:30 Entrée dans RechercherEquipe.php
21/02/2016 16:19:30 Entrée dans RechercherEquipe.php
21/02/2016 16:19:30 Entrée dans RechercherEquipe.php
21/02/2016 16:19:30 Entrée dans RechercherEquipe.php
21/02/2016 16:19:30 Entrée dans RechercherEquipe.php
21/02/2016 16:19:31 Entrée dans RechercherEquipe.php
21/02/2016 16:19:32 Entrée dans RechercherCompetitionEquipe.php
21/02/2016 16:19:41 Entrée dans ActionRencontre.php
21/02/2016 16:19:54 Entrée dans RechercherEquipe.php
21/02/2016 16:19:54 Entrée dans RechercherEquipe.php
21/02/2016 16:19:55 Entrée dans RechercherEquipe.php
21/02/2016 16:19:55 Entrée dans RechercherEquipe.php
21/02/2016 16:19:55 Entrée dans RechercherEquipe.php
21/02/2016 16:19:56 Entrée dans RechercherEquipe.php
21/02/2016 16:19:57 Entrée dans RechercherCompetitionEquipe.php
21/02/2016 16:20:06 Entrée dans ActionRencontre.php
21/02/2016 16:20:16 Entrée dans RechercherEquipe.php
21/02/2016 16:20:16 Entrée dans RechercherEquipe.php
21/02/2016 16:20:17 Entrée dans RechercherEquipe.php
21/02/2016 16:20:17 Entrée dans RechercherEquipe.php
21/02/2016 16:20:17 Entrée dans RechercherEquipe.php
21/02/2016 16:20:18 Entrée dans RechercherEquipe.php
21/02/2016 16:20:19 Entrée dans RechercherCompetitionEquipe.php
21/02/2016 16:20:32 Entrée dans ActionRencontre.php
21/02/2016 16:20:44 Entrée dans RechercherEquipe.php
21/02/2016 16:20:45 Entrée dans RechercherEquipe.php
21/02/2016 16:20:45 Entrée dans RechercherEquipe.php
21/02/2016 16:20:45 Entrée dans RechercherEquipe.php
21/02/2016 16:20:46 Entrée dans RechercherEquipe.php
21/02/2016 16:20:46 Entrée dans RechercherEquipe.php
21/02/2016 16:20:47 Entrée dans RechercherCompetitionEquipe.php
21/02/2016 16:20:55 Entrée dans ActionRencontre.php
21/02/2016 16:21:04 Entrée dans RechercherEquipe.php
21/02/2016 16:21:04 Entrée dans RechercherEquipe.php
21/02/2016 16:21:05 Entrée dans RechercherEquipe.php
21/02/2016 16:21:06 Entrée dans RechercherEquipe.php
21/02/2016 16:21:06 Entrée dans RechercherEquipe.php
21/02/2016 16:21:07 Entrée dans RechercherEquipe.php
21/02/2016 16:21:08 Entrée dans RechercherCompetitionEquipe.php
21/02/2016 16:21:17 Entrée dans ActionRencontre.php
21/02/2016 16:21:27 Entrée dans RechercherEquipe.php
21/02/2016 16:21:27 Entrée dans RechercherEquipe.php
21/02/2016 16:21:27 Entrée dans RechercherEquipe.php
21/02/2016 16:21:27 Entrée dans RechercherEquipe.php
21/02/2016 16:21:28 Entrée dans RechercherEquipe.php
21/02/2016 16:21:28 Entrée dans RechercherEquipe.php
21/02/2016 16:21:29 Entrée dans RechercherCompetitionEquipe.php
21/02/2016 16:21:35 Entrée dans ActionRencontre.php
21/02/2016 16:21:41 Entrée dans GestionResultats.php
21/02/2016 16:23:31 Entrée dans ActionAccueil.php
21/02/2016 16:23:43 Entrée dans ActionProfil.php
21/02/2016 16:23:45 Entrée dans ActionCompetition.php
21/02/2016 16:23:52 Entrée dans ActionCompetition.php
21/02/2016 16:24:03 Entrée dans RechercherCompetition.php
21/02/2016 16:24:23 Entrée dans ActionCompetition.php
21/02/2016 16:24:28 Entrée dans ActionCompetition.php
21/02/2016 16:24:30 Entrée dans RechercherCompetition.php
21/02/2016 16:25:02 Entrée dans ActionCompetition.php
21/02/2016 16:25:04 Entrée dans ActionCompetition.php
21/02/2016 16:25:07 Entrée dans RechercherCompetition.php
21/02/2016 16:25:12 Entrée dans ActionCompetition.php
21/02/2016 16:25:15 Entrée dans ActionCompetition.php
21/02/2016 16:25:18 Entrée dans RechercherCompetition.php
21/02/2016 16:25:23 Entrée dans ActionCompetition.php
21/02/2016 16:25:23 Entrée dans ActionCompetition.php
21/02/2016 16:28:00 Entrée dans ActionAccueil.php
21/02/2016 16:28:04 Entrée dans ActionEvenement.php
21/02/2016 16:28:11 Entrée dans ActionProfil.php
21/02/2016 16:28:18 Entrée dans ActionArticle.php
21/02/2016 16:28:19 Entrée dans GestionResultats.php
21/02/2016 16:28:21 Entrée dans ActionArticle.php
21/02/2016 16:28:33 Entrée dans ActionRencontre.php
21/02/2016 16:28:35 Entrée dans ActionMembre.php
21/02/2016 16:28:36 Entrée dans ActionEquipe.php
21/02/2016 16:28:44 Entrée dans ActionCompetition.php
21/02/2016 16:28:48 Entrée dans ActionUtilisateur.php
21/02/2016 16:44:38 Entrée dans ActionAccueil.php
21/02/2016 16:44:47 Entrée dans ActionAgenda.php
21/02/2016 16:44:48 Entrée dans ActionAgenda.php
21/02/2016 16:44:59 Entrée dans ActionAgenda.php
21/02/2016 17:20:26 Entrée dans ActionAgenda.php
21/02/2016 17:20:29 Entrée dans ActionProfil.php
21/02/2016 17:20:31 Entrée dans ActionRencontre.php
21/02/2016 17:43:11 Entrée dans ActionAccueil.php
21/02/2016 17:43:16 Entrée dans ActionAgenda.php
21/02/2016 17:43:17 Entrée dans ActionAgenda.php
21/02/2016 17:43:33 Entrée dans ActionProfil.php
21/02/2016 17:43:39 Entrée dans ActionRencontre.php
21/02/2016 17:43:46 Entrée dans ActionRencontre.php
21/02/2016 17:44:06 Entrée dans GestionResultats.php
21/02/2016 17:47:08 Entrée dans ActionRencontre.php
21/02/2016 17:47:13 Entrée dans ActionRencontre.php
21/02/2016 17:47:21 Entrée dans ActionRencontre.php
21/02/2016 18:15:44 Entrée dans ActionRencontre.php
21/02/2016 18:15:45 Entrée dans ActionAccueil.php
21/02/2016 19:12:17 Entrée dans GestionResultats.php
21/02/2016 19:12:36 Entrée dans GestionResultats.php
21/02/2016 19:14:04 Entrée dans ActionAccueil.php
21/02/2016 19:15:49 Entrée dans ActionAccueil.php
21/02/2016 19:16:00 Entrée dans ActionProfil.php
21/02/2016 19:16:01 Entrée dans ActionRencontre.php
21/02/2016 19:16:05 Entrée dans ActionRencontre.php
21/02/2016 19:16:09 Entrée dans ActionRencontre.php
21/02/2016 19:16:10 Entrée dans GestionResultats.php
21/02/2016 19:16:15 Entrée dans ActionRencontre.php
21/02/2016 19:16:20 Entrée dans RechercherRencontre.php
21/02/2016 19:16:25 Entrée dans ActionAccueil.php
21/02/2016 19:16:45 Entrée dans ActionProfil.php
21/02/2016 19:16:47 Entrée dans GestionResultats.php
21/02/2016 19:16:51 Entrée dans GestionResultats.php
21/02/2016 19:17:23 Entrée dans GestionResultats.php
21/02/2016 19:17:28 Entrée dans GestionResultats.php
21/02/2016 19:18:12 Entrée dans GestionResultats.php
21/02/2016 19:18:29 Entrée dans GestionResultats.php
21/02/2016 19:18:32 Entrée dans ActionAccueil.php
21/02/2016 19:50:44 Entrée dans ActionAccueil.php
21/02/2016 19:50:53 Entrée dans ActionEvenement.php
21/02/2016 19:51:02 Entrée dans ActionAgenda.php
21/02/2016 19:51:03 Entrée dans ActionAgenda.php
21/02/2016 19:51:19 Entrée dans ActionAgenda.php
21/02/2016 20:14:00 Entrée dans ActionEcoleDeFoot.php
21/02/2016 20:15:04 Entrée dans ActionAccueil.php
21/02/2016 20:42:52 Entrée dans ActionAccueil.php
21/02/2016 20:44:21 Entrée dans ActionClub.php
21/02/2016 20:46:16 Entrée dans ActionEcoleDeFoot.php
21/02/2016 20:46:23 Entrée dans ActionEcoleDeFoot.php
21/02/2016 20:46:30 Entrée dans ActionEcoleDeFoot.php
21/02/2016 20:48:24 Entrée dans ActionAccueil.php
21/02/2016 20:48:45 Entrée dans ActionEcoleDeFoot.php
21/02/2016 20:48:47 Entrée dans ActionAgenda.php
21/02/2016 20:48:48 Entrée dans ActionAgenda.php
21/02/2016 20:48:51 Entrée dans ActionEvenement.php
21/02/2016 20:48:53 Entrée dans ActionSponsor.php
21/02/2016 20:48:55 Entrée dans ActionAccueil.php
21/02/2016 20:48:58 Entrée dans ActionClub.php
21/02/2016 20:49:03 Entrée dans ActionAccueil.php
21/02/2016 20:49:05 Entrée dans ActionEcoleDeFoot.php
21/02/2016 20:49:10 Entrée dans ActionAgenda.php
21/02/2016 20:49:10 Entrée dans ActionAgenda.php
21/02/2016 20:49:20 Entrée dans ActionEcoleDeFoot.php
21/02/2016 20:49:22 Entrée dans ActionEcoleDeFoot.php
21/02/2016 21:17:32 Entrée dans ActionAgenda.php
21/02/2016 21:17:36 Entrée dans ActionClub.php
21/02/2016 21:53:46 Entrée dans ActionAccueil.php
21/02/2016 23:14:50 Entrée dans ActionEcoleDeFoot.php
21/02/2016 23:15:03 Entrée dans ActionEcoleDeFoot.php
21/02/2016 23:15:15 Entrée dans ActionEcoleDeFoot.php
21/02/2016 23:24:06 Entrée dans ActionAccueil.php
21/02/2016 23:29:28 Entrée dans ActionEcoleDeFoot.php
22/02/2016 01:04:57 Entrée dans ActionAccueil.php
22/02/2016 01:06:07 Entrée dans ActionJoueurs.php
22/02/2016 08:09:32 Entrée dans ActionAgenda.php
22/02/2016 08:10:46 Entrée dans ActionJoueurs.php
22/02/2016 10:16:24 Entrée dans ActionAccueil.php
22/02/2016 13:19:25 Entrée dans ActionAccueil.php
22/02/2016 13:25:57 Entrée dans ActionAgenda.php
22/02/2016 13:26:24 Entrée dans ActionAgenda.php
22/02/2016 22:21:00 Entrée dans ActionAccueil.php
22/02/2016 22:21:06 Entrée dans ActionJoueurs.php
22/02/2016 22:22:24 Entrée dans ActionEcoleDeFoot.php
22/02/2016 22:22:28 Entrée dans ActionEcoleDeFoot.php
22/02/2016 22:22:47 Entrée dans ActionJoueurs.php
22/02/2016 22:27:30 Entrée dans ActionEvenement.php
22/02/2016 22:27:35 Entrée dans ActionJoueurs.php
22/02/2016 22:28:00 Entrée dans ActionEcoleDeFoot.php
22/02/2016 22:28:05 Entrée dans ActionEcoleDeFoot.php
22/02/2016 22:28:09 Entrée dans ActionJoueurs.php
22/02/2016 22:53:20 Entrée dans ActionAccueil.php
22/02/2016 23:15:09 Entrée dans ActionAccueil.php
22/02/2016 23:15:29 Entrée dans ActionJoueurs.php
22/02/2016 23:49:24 Entrée dans ActionRencontre.php
22/02/2016 23:49:24 Entrée dans ActionAccueil.php
23/02/2016 09:22:11 Entrée dans ActionAccueil.php
23/02/2016 10:32:36 Entrée dans ActionAccueil.php
23/02/2016 10:32:39 Entrée dans AfficherPopupArticle.php
23/02/2016 10:33:21 Entrée dans ActionJoueurs.php
23/02/2016 10:34:54 Entrée dans ActionAccueil.php
23/02/2016 10:35:00 Entrée dans ActionClub.php
23/02/2016 10:36:24 Entrée dans ActionSponsor.php
23/02/2016 10:36:27 Entrée dans ActionEvenement.php
23/02/2016 10:36:32 Entrée dans ActionAgenda.php
23/02/2016 10:36:34 Entrée dans ActionAgenda.php
23/02/2016 10:36:55 Entrée dans ActionJoueurs.php
23/02/2016 10:37:35 Entrée dans ActionAccueil.php
23/02/2016 10:40:36 Entrée dans ActionAccueil.php
23/02/2016 10:41:12 Entrée dans ActionJoueurs.php
23/02/2016 10:42:09 Entrée dans ActionEvenement.php
23/02/2016 10:42:10 Entrée dans ActionAgenda.php
23/02/2016 10:42:12 Entrée dans ActionAgenda.php
23/02/2016 16:09:26 Entrée dans ActionJoueurs.php
23/02/2016 17:21:49 Entrée dans ActionAccueil.php
23/02/2016 17:22:49 Entrée dans ActionAccueil.php
23/02/2016 17:38:46 Entrée dans ActionAccueil.php
23/02/2016 17:39:12 Entrée dans ActionJoueurs.php
23/02/2016 17:39:43 Entrée dans ActionSponsor.php
23/02/2016 17:39:47 Entrée dans ActionAgenda.php
23/02/2016 17:39:48 Entrée dans ActionAgenda.php
23/02/2016 19:07:09 Entrée dans ActionAccueil.php
23/02/2016 19:09:17 Entrée dans AfficherPopupArticle.php
23/02/2016 19:09:52 Entrée dans ActionEcoleDeFoot.php
23/02/2016 19:10:03 Entrée dans ActionEcoleDeFoot.php
23/02/2016 19:10:48 Entrée dans ActionClub.php
23/02/2016 20:55:08 Entrée dans ActionAccueil.php
23/02/2016 22:03:05 Entrée dans ActionAccueil.php
24/02/2016 06:45:52 Entrée dans ActionAccueil.php
24/02/2016 06:46:08 Entrée dans ActionAccueil.php
24/02/2016 06:46:12 Entrée dans ActionClub.php
24/02/2016 06:46:12 Entrée dans ActionClub.php
24/02/2016 07:31:54 Entrée dans ActionContact.php
24/02/2016 08:35:26 Entrée dans ActionClub.php
24/02/2016 08:46:00 Entrée dans ActionAccueil.php
24/02/2016 09:15:45 Entrée dans ActionAccueil.php
24/02/2016 10:59:55 Entrée dans ActionAgenda.php
24/02/2016 11:21:11 Entrée dans ActionClub.php
24/02/2016 13:29:02 Entrée dans ActionAccueil.php
24/02/2016 13:29:04 Entrée dans ActionAccueil.php
24/02/2016 13:29:13 Entrée dans AfficherPopupArticle.php
24/02/2016 13:29:52 Entrée dans ActionJoueurs.php
24/02/2016 13:40:29 Entrée dans ActionAccueil.php
24/02/2016 13:41:07 Entrée dans ActionAccueil.php
24/02/2016 13:41:08 Entrée dans ActionClub.php
24/02/2016 13:41:44 Entrée dans ActionAccueil.php
24/02/2016 13:41:53 Entrée dans ActionClub.php
24/02/2016 16:33:45 Entrée dans ActionClub.php
24/02/2016 19:48:35 Entrée dans ActionAccueil.php
24/02/2016 19:48:50 Entrée dans AfficherPopupArticle.php
24/02/2016 19:49:03 Entrée dans ActionSponsor.php
24/02/2016 19:49:03 Entrée dans AfficherPopupArticle.php
24/02/2016 19:49:56 Entrée dans AfficherPopupArticle.php
24/02/2016 20:22:28 Entrée dans ActionEcoleDeFoot.php
24/02/2016 20:22:34 Entrée dans ActionEcoleDeFoot.php
24/02/2016 20:22:47 Entrée dans ActionEcoleDeFoot.php
24/02/2016 20:51:41 Entrée dans ActionEcoleDeFoot.php
24/02/2016 21:44:03 Entrée dans ActionAccueil.php
24/02/2016 22:13:06 Entrée dans ActionAccueil.php
25/02/2016 09:36:44 Entrée dans ActionContact.php
25/02/2016 09:36:53 Entrée dans ActionContact.php
25/02/2016 09:42:14 Entrée dans ActionContact.php
25/02/2016 09:52:49 Entrée dans ActionAccueil.php
25/02/2016 09:54:03 Entrée dans AfficherPopupArticle.php
25/02/2016 09:54:03 Entrée dans AfficherPopupArticle.php
25/02/2016 09:54:04 Entrée dans AfficherPopupArticle.php
25/02/2016 11:03:55 Entrée dans ActionAccueil.php
25/02/2016 11:04:03 Entrée dans ActionLogin.php
25/02/2016 11:04:04 Authentification de tsutter.
25/02/2016 11:04:04 Entrée dans ActionProfil.php
25/02/2016 11:04:06 Entrée dans ActionArticle.php
25/02/2016 11:05:20 Entrée dans ActionArticle.php
25/02/2016 11:05:21 Entrée dans ActionAccueil.php
25/02/2016 11:05:22 Entrée dans ActionAccueil.php
25/02/2016 11:05:33 Entrée dans ActionAccueil.php
25/02/2016 11:05:46 Entrée dans AfficherPopupArticle.php
25/02/2016 11:33:31 Entrée dans ActionAccueil.php
25/02/2016 11:34:36 Entrée dans ActionEvenement.php
25/02/2016 11:35:34 Entrée dans ActionAgenda.php
25/02/2016 11:35:36 Entrée dans ActionAgenda.php
25/02/2016 11:35:58 Entrée dans ActionJoueurs.php
25/02/2016 11:36:59 Entrée dans ActionAccueil.php
25/02/2016 11:37:56 Entrée dans ActionEvenement.php
25/02/2016 11:38:20 Entrée dans ActionEcoleDeFoot.php
25/02/2016 11:38:35 Entrée dans ActionAgenda.php
25/02/2016 11:38:36 Entrée dans ActionAgenda.php
25/02/2016 11:39:16 Entrée dans ActionAgenda.php
25/02/2016 12:34:01 Entrée dans ActionAccueil.php
25/02/2016 18:19:13 Entrée dans ActionAccueil.php
25/02/2016 18:19:27 Entrée dans ActionClub.php
25/02/2016 18:19:38 Entrée dans ActionAgenda.php
25/02/2016 18:19:46 Entrée dans ActionJoueurs.php
25/02/2016 18:19:52 Entrée dans ActionSponsor.php
25/02/2016 18:20:11 Entrée dans ActionEvenement.php
25/02/2016 18:20:22 Entrée dans ActionEcoleDeFoot.php
25/02/2016 19:13:46 Entrée dans ActionAccueil.php
25/02/2016 19:14:16 Entrée dans ActionEvenement.php
25/02/2016 20:06:56 Entrée dans ActionJoueurs.php
25/02/2016 20:21:40 Entrée dans ActionAccueil.php
25/02/2016 22:28:10 Entrée dans ActionAccueil.php
25/02/2016 22:43:32 Entrée dans ActionSponsor.php
25/02/2016 22:43:46 Entrée dans ActionClub.php
25/02/2016 22:45:10 Entrée dans ActionEcoleDeFoot.php
26/02/2016 06:37:47 Entrée dans ActionAgenda.php
26/02/2016 12:17:32 Entrée dans ActionAccueil.php
26/02/2016 12:17:52 Entrée dans ActionJoueurs.php
26/02/2016 13:11:40 Entrée dans ActionAccueil.php
26/02/2016 14:47:57 Entrée dans ActionAccueil.php
26/02/2016 14:48:00 Entrée dans AfficherPopupArticle.php
26/02/2016 16:39:04 Entrée dans ActionAccueil.php
26/02/2016 16:39:57 Entrée dans ActionEcoleDeFoot.php
26/02/2016 16:40:19 Entrée dans ActionEcoleDeFoot.php
26/02/2016 19:12:08 Entrée dans ActionAccueil.php
26/02/2016 19:12:41 Entrée dans ActionAccueil.php
26/02/2016 19:12:43 Entrée dans AfficherPopupArticle.php
26/02/2016 19:12:49 Entrée dans ActionClub.php
26/02/2016 19:12:51 Entrée dans ActionJoueurs.php
26/02/2016 20:17:51 Entrée dans ActionAccueil.php
26/02/2016 20:18:39 Entrée dans AfficherPopupArticle.php
26/02/2016 20:19:50 Entrée dans AfficherPopupArticle.php
26/02/2016 20:20:22 Entrée dans ActionAccueil.php
26/02/2016 20:20:27 Entrée dans ActionAccueil.php
26/02/2016 20:20:29 Entrée dans ActionAccueil.php
26/02/2016 20:20:31 Entrée dans ActionAccueil.php
26/02/2016 20:20:32 Entrée dans ActionClub.php
26/02/2016 20:20:34 Entrée dans ActionAccueil.php
26/02/2016 20:20:37 Entrée dans ActionAccueil.php
26/02/2016 20:20:41 Entrée dans ActionAccueil.php
26/02/2016 20:20:42 Entrée dans ActionAccueil.php
26/02/2016 20:20:44 Entrée dans ActionAccueil.php
26/02/2016 20:20:46 Entrée dans ActionClub.php
26/02/2016 20:20:49 Entrée dans ActionAccueil.php
26/02/2016 20:20:52 Entrée dans ActionClub.php
26/02/2016 22:09:42 Entrée dans ActionContact.php
27/02/2016 08:53:48 Entrée dans ActionSponsor.php
27/02/2016 09:25:54 Entrée dans ActionAccueil.php
27/02/2016 09:38:24 Entrée dans ActionEcoleDeFoot.php
27/02/2016 09:38:29 Entrée dans ActionAccueil.php
27/02/2016 09:38:36 Entrée dans AfficherPopupArticle.php
27/02/2016 09:38:57 Entrée dans AfficherPopupArticle.php
27/02/2016 09:39:12 Entrée dans ActionAccueil.php
27/02/2016 09:39:14 Entrée dans ActionEcoleDeFoot.php
27/02/2016 09:39:18 Entrée dans ActionEcoleDeFoot.php
27/02/2016 09:39:59 Entrée dans ActionEcoleDeFoot.php
27/02/2016 10:11:40 Entrée dans ActionAccueil.php
27/02/2016 10:52:09 Entrée dans ActionAccueil.php
27/02/2016 10:53:30 Entrée dans ActionAccueil.php
27/02/2016 10:54:32 Entrée dans AfficherPopupArticle.php
27/02/2016 11:03:05 Entrée dans AfficherPopupArticle.php
27/02/2016 11:03:07 Entrée dans AfficherPopupArticle.php
27/02/2016 11:09:21 Entrée dans ActionEvenement.php
27/02/2016 11:56:26 Entrée dans ActionEvenement.php
27/02/2016 14:02:54 Entrée dans ActionAccueil.php
27/02/2016 14:03:48 Entrée dans AfficherPopupArticle.php
27/02/2016 14:04:03 Entrée dans AfficherPopupArticle.php
27/02/2016 17:34:15 Entrée dans ActionAccueil.php
27/02/2016 17:34:41 Entrée dans ActionJoueurs.php
27/02/2016 17:35:04 Entrée dans ActionAccueil.php
27/02/2016 18:19:35 Entrée dans ActionAccueil.php
27/02/2016 18:47:55 Entrée dans ActionJoueurs.php
27/02/2016 18:48:31 Entrée dans ActionClub.php
27/02/2016 18:49:14 Entrée dans ActionEcoleDeFoot.php
27/02/2016 18:49:27 Entrée dans ActionAgenda.php
27/02/2016 18:49:28 Entrée dans ActionAgenda.php
27/02/2016 18:49:49 Entrée dans ActionEvenement.php
27/02/2016 20:00:40 Entrée dans ActionAccueil.php
27/02/2016 20:00:57 Entrée dans ActionJoueurs.php
28/02/2016 05:51:46 Entrée dans ActionAccueil.php
28/02/2016 05:55:29 Entrée dans ActionAccueil.php
28/02/2016 13:38:26 Entrée dans ActionAccueil.php
28/02/2016 13:38:57 Entrée dans ActionLogin.php
28/02/2016 13:38:57 Authentification de fgastrini.
28/02/2016 13:38:58 Entrée dans ActionProfil.php
28/02/2016 13:39:10 Entrée dans ActionRencontre.php
28/02/2016 13:39:40 Entrée dans RechercherEquipe.php
28/02/2016 13:39:44 Entrée dans RechercherCompetitionEquipe.php
28/02/2016 13:40:32 Entrée dans ActionRencontre.php
28/02/2016 13:41:05 Entrée dans GestionResultats.php
28/02/2016 13:41:40 Entrée dans GestionResultats.php
28/02/2016 13:41:45 Entrée dans ActionAccueil.php
28/02/2016 13:46:05 Entrée dans ActionAccueil.php
28/02/2016 13:46:05 Entrée dans ActionAccueil.php
28/02/2016 15:13:20 Entrée dans ActionAccueil.php
28/02/2016 15:29:32 Entrée dans ActionAccueil.php
28/02/2016 15:29:48 Entrée dans AfficherPopupArticle.php
28/02/2016 15:30:24 Entrée dans AfficherPopupArticle.php
28/02/2016 15:30:46 Entrée dans ActionEcoleDeFoot.php
28/02/2016 15:30:50 Entrée dans ActionEcoleDeFoot.php
28/02/2016 15:31:06 Entrée dans ActionEcoleDeFoot.php
28/02/2016 16:14:02 Entrée dans ActionAccueil.php
28/02/2016 16:14:23 Entrée dans ActionAccueil.php
28/02/2016 16:14:26 Entrée dans ActionClub.php
28/02/2016 16:16:05 Entrée dans ActionEcoleDeFoot.php
28/02/2016 16:16:14 Entrée dans ActionAgenda.php
28/02/2016 16:16:15 Entrée dans ActionAgenda.php
28/02/2016 16:16:23 Entrée dans ActionEvenement.php
28/02/2016 16:32:19 Entrée dans ActionAccueil.php
28/02/2016 16:32:43 Entrée dans ActionJoueurs.php
28/02/2016 16:33:43 Entrée dans ActionLogin.php
28/02/2016 16:33:43 Authentification de tsutter.
28/02/2016 16:33:43 Entrée dans ActionProfil.php
28/02/2016 16:33:57 Entrée dans GestionResultats.php
28/02/2016 16:34:21 Entrée dans GestionResultats.php
28/02/2016 16:38:47 Entrée dans GestionResultats.php
28/02/2016 16:39:06 Entrée dans GestionResultats.php
28/02/2016 16:39:24 Entrée dans ActionAccueil.php
28/02/2016 16:40:08 Entrée dans ActionProfil.php
28/02/2016 16:43:52 Entrée dans ActionAccueil.php
28/02/2016 16:52:11 Entrée dans ActionAccueil.php
28/02/2016 17:04:58 Entrée dans ActionAccueil.php
28/02/2016 17:06:25 Entrée dans AfficherPopupArticle.php
28/02/2016 18:24:32 Entrée dans ActionEcoleDeFoot.php
28/02/2016 19:53:51 Entrée dans ActionAccueil.php
28/02/2016 19:54:19 Entrée dans ActionEvenement.php
28/02/2016 19:54:35 Entrée dans ActionAgenda.php
28/02/2016 19:54:36 Entrée dans ActionAgenda.php
28/02/2016 19:55:05 Entrée dans ActionAgenda.php
28/02/2016 19:55:09 Entrée dans ActionEcoleDeFoot.php
28/02/2016 19:55:36 Entrée dans ActionAgenda.php
28/02/2016 19:59:01 Entrée dans ActionAgenda.php
28/02/2016 23:06:43 Entrée dans ActionSponsor.php
29/02/2016 07:34:13 Entrée dans ActionEcoleDeFoot.php
29/02/2016 07:34:18 Entrée dans ActionEcoleDeFoot.php
29/02/2016 07:34:58 Entrée dans ActionEcoleDeFoot.php
29/02/2016 07:35:18 Entrée dans ActionEcoleDeFoot.php
29/02/2016 07:35:22 Entrée dans ActionEcoleDeFoot.php
29/02/2016 07:35:23 Entrée dans ActionEcoleDeFoot.php
29/02/2016 07:40:45 Entrée dans ActionEcoleDeFoot.php
29/02/2016 07:40:52 Entrée dans ActionEcoleDeFoot.php
29/02/2016 07:40:57 Entrée dans ActionEcoleDeFoot.php
29/02/2016 07:41:04 Entrée dans ActionEcoleDeFoot.php
29/02/2016 07:41:16 Entrée dans ActionEcoleDeFoot.php
29/02/2016 07:41:22 Entrée dans ActionEcoleDeFoot.php
29/02/2016 08:40:28 Entrée dans ActionAccueil.php
29/02/2016 08:40:30 Entrée dans ActionAccueil.php
29/02/2016 08:40:30 Entrée dans ActionClub.php
29/02/2016 08:40:30 Entrée dans ActionJoueurs.php
29/02/2016 08:40:31 Entrée dans ActionEcoleDeFoot.php
29/02/2016 08:40:31 Entrée dans ActionAgenda.php
29/02/2016 08:40:31 Entrée dans ActionEvenement.php
29/02/2016 08:40:32 Entrée dans ActionSponsor.php
29/02/2016 08:40:33 Entrée dans ActionClub.php
29/02/2016 08:40:33 Entrée dans ActionAccueil.php
29/02/2016 08:40:33 Entrée dans ActionJoueurs.php
29/02/2016 08:40:34 Entrée dans ActionEcoleDeFoot.php
29/02/2016 08:40:34 Entrée dans ActionAgenda.php
29/02/2016 08:40:34 Entrée dans ActionEvenement.php
29/02/2016 08:40:35 Entrée dans ActionSponsor.php
29/02/2016 08:40:35 Entrée dans ActionAccueil.php
29/02/2016 08:40:35 Entrée dans ActionClub.php
29/02/2016 08:40:36 Entrée dans ActionJoueurs.php
29/02/2016 08:40:36 Entrée dans ActionEcoleDeFoot.php
29/02/2016 08:40:36 Entrée dans ActionAgenda.php
29/02/2016 08:40:37 Entrée dans ActionAccueil.php
29/02/2016 08:40:37 Entrée dans ActionEvenement.php
29/02/2016 10:19:27 Entrée dans ActionJoueurs.php
29/02/2016 10:20:55 Entrée dans ActionJoueurs.php
29/02/2016 13:24:04 Entrée dans ActionJoueurs.php
29/02/2016 16:32:35 Entrée dans ActionAccueil.php
29/02/2016 16:32:41 Entrée dans ActionClub.php
29/02/2016 16:32:43 Entrée dans ActionJoueurs.php
29/02/2016 16:32:45 Entrée dans ActionEcoleDeFoot.php
29/02/2016 16:32:47 Entrée dans ActionAgenda.php
29/02/2016 16:32:50 Entrée dans ActionEvenement.php
29/02/2016 16:32:52 Entrée dans ActionSponsor.php
29/02/2016 16:53:36 Entrée dans ActionAccueil.php
29/02/2016 23:39:50 Entrée dans ActionAccueil.php
29/02/2016 23:39:55 Entrée dans ActionEcoleDeFoot.php
29/02/2016 23:40:01 Entrée dans ActionEcoleDeFoot.php
29/02/2016 23:40:37 Entrée dans ActionAccueil.php
29/02/2016 23:40:44 Entrée dans ActionEvenement.php
