01/03/2015 06:23:10 Entrée dans ActionAccueil.php
01/03/2015 06:26:07 Entrée dans ActionEvenement.php
01/03/2015 06:26:11 Entrée dans ActionSponsor.php
01/03/2015 06:26:12 Entrée dans ActionJoueurs.php
01/03/2015 06:26:30 Entrée dans ActionAgenda.php
01/03/2015 06:26:49 Entrée dans ActionClub.php
01/03/2015 06:27:16 Entrée dans ActionEcoleDeFoot.php
01/03/2015 08:57:20 Entrée dans ActionAccueil.php
01/03/2015 09:24:16 Entrée dans ActionAccueil.php
01/03/2015 09:24:52 Entrée dans ActionClub.php
01/03/2015 10:25:31 Entrée dans ActionAccueil.php
01/03/2015 10:25:35 Entrée dans ActionAccueil.php
01/03/2015 10:25:36 Entrée dans ActionClub.php
01/03/2015 10:42:57 Entrée dans ActionAccueil.php
01/03/2015 10:43:02 Entrée dans ActionAccueil.php
01/03/2015 10:43:37 Entrée dans ActionClub.php
01/03/2015 11:36:40 Entrée dans ActionAccueil.php
01/03/2015 11:38:44 Entrée dans AfficherPopupArticle.php
01/03/2015 11:39:09 Entrée dans ActionAccueil.php
01/03/2015 11:40:08 Entrée dans ActionClub.php
01/03/2015 11:41:22 Entrée dans ActionEvenement.php
01/03/2015 14:25:47 Entrée dans ActionAccueil.php
01/03/2015 14:25:53 Entrée dans ActionJoueurs.php
01/03/2015 14:26:02 Entrée dans ActionAgenda.php
01/03/2015 14:26:03 Entrée dans ActionAgenda.php
01/03/2015 14:27:03 Entrée dans ActionJoueurs.php
01/03/2015 14:54:37 Entrée dans ActionAccueil.php
01/03/2015 15:02:08 Entrée dans ActionAgenda.php
01/03/2015 15:03:27 Entrée dans ActionAccueil.php
01/03/2015 17:36:59 Entrée dans ActionAccueil.php
01/03/2015 19:40:20 Entrée dans ActionAccueil.php
01/03/2015 19:40:50 Entrée dans ActionClub.php
01/03/2015 21:04:30 Entrée dans ActionAccueil.php
01/03/2015 21:05:24 Entrée dans ActionEcoleDeFoot.php
01/03/2015 21:05:35 Entrée dans ActionEcoleDeFoot.php
02/03/2015 00:27:54 Entrée dans ActionSponsor.php
02/03/2015 07:53:19 Entrée dans ActionAccueil.php
02/03/2015 07:53:53 Entrée dans AfficherPopupArticle.php
02/03/2015 07:55:19 Entrée dans ActionAccueil.php
02/03/2015 07:55:45 Entrée dans AfficherPopupArticle.php
02/03/2015 07:56:36 Entrée dans ActionAccueil.php
02/03/2015 07:56:39 Entrée dans ActionAccueil.php
02/03/2015 07:57:01 Entrée dans AfficherPopupArticle.php
02/03/2015 07:57:33 Entrée dans AfficherPopupArticle.php
02/03/2015 07:58:19 Entrée dans AfficherPopupArticle.php
02/03/2015 07:59:01 Entrée dans AfficherPopupArticle.php
02/03/2015 07:59:57 Entrée dans ActionClub.php
02/03/2015 09:51:52 Entrée dans ActionAccueil.php
02/03/2015 09:52:04 Entrée dans ActionJoueurs.php
02/03/2015 10:06:58 Entrée dans ActionAccueil.php
02/03/2015 10:07:47 Entrée dans ActionJoueurs.php
02/03/2015 10:08:09 Entrée dans ActionClub.php
02/03/2015 10:08:16 Entrée dans ActionAccueil.php
02/03/2015 18:52:10 Entrée dans ActionAccueil.php
02/03/2015 18:52:31 Entrée dans ActionEcoleDeFoot.php
02/03/2015 18:53:05 Entrée dans ActionJoueurs.php
02/03/2015 18:53:17 Entrée dans ActionEcoleDeFoot.php
02/03/2015 18:53:21 Entrée dans ActionEcoleDeFoot.php
02/03/2015 18:54:00 Entrée dans ActionEcoleDeFoot.php
02/03/2015 20:10:58 Entrée dans ActionEvenement.php
02/03/2015 22:32:22 Entrée dans ActionAccueil.php
02/03/2015 22:32:43 Entrée dans ActionEcoleDeFoot.php
02/03/2015 22:32:47 Entrée dans ActionAgenda.php
02/03/2015 22:32:48 Entrée dans ActionAgenda.php
02/03/2015 22:32:59 Entrée dans ActionJoueurs.php
02/03/2015 22:33:02 Entrée dans ActionClub.php
02/03/2015 22:33:04 Entrée dans ActionAccueil.php
02/03/2015 22:53:34 Entrée dans ActionAccueil.php
02/03/2015 22:53:50 Entrée dans ActionJoueurs.php
02/03/2015 23:24:39 Entrée dans ActionAccueil.php
02/03/2015 23:24:42 Entrée dans ActionJoueurs.php
02/03/2015 23:25:05 Entrée dans ActionJoueurs.php
02/03/2015 23:26:30 Entrée dans ActionClub.php
03/03/2015 11:47:08 Entrée dans ActionAccueil.php
03/03/2015 11:47:21 Entrée dans ActionClub.php
03/03/2015 11:47:27 Entrée dans ActionJoueurs.php
03/03/2015 11:47:34 Entrée dans ActionEcoleDeFoot.php
03/03/2015 11:47:40 Entrée dans ActionAgenda.php
03/03/2015 11:47:46 Entrée dans ActionEvenement.php
03/03/2015 11:47:52 Entrée dans ActionSponsor.php
03/03/2015 15:02:58 Entrée dans ActionAccueil.php
03/03/2015 15:14:02 Entrée dans ActionAccueil.php
03/03/2015 15:14:10 Entrée dans ActionClub.php
03/03/2015 15:14:12 Entrée dans AfficherPopupArticle.php
03/03/2015 15:14:18 Entrée dans ActionJoueurs.php
03/03/2015 15:14:19 Entrée dans ActionEcoleDeFoot.php
03/03/2015 15:14:21 Entrée dans ActionLogin.php
03/03/2015 15:14:22 Entrée dans ActionAccueil.php
03/03/2015 15:14:28 Entrée dans ActionEcoleDeFoot.php
03/03/2015 15:14:36 Entrée dans ActionLogin.php
03/03/2015 15:14:37 Entrée dans ActionAccueil.php
03/03/2015 15:14:38 Entrée dans ActionProfil.php
03/03/2015 15:14:39 Entrée dans ActionAccueil.php
03/03/2015 16:01:23 Entrée dans ActionAccueil.php
03/03/2015 16:02:02 Entrée dans ActionClub.php
03/03/2015 19:09:29 Entrée dans ActionAccueil.php
03/03/2015 19:09:47 Entrée dans AfficherPopupArticle.php
03/03/2015 19:10:18 Entrée dans ActionEvenement.php
03/03/2015 19:10:36 Entrée dans ActionEvenement.php
03/03/2015 19:10:38 Entrée dans ActionAgenda.php
03/03/2015 19:10:40 Entrée dans ActionAgenda.php
03/03/2015 19:10:57 Entrée dans ActionAccueil.php
03/03/2015 19:11:45 Entrée dans ActionEcoleDeFoot.php
03/03/2015 19:12:17 Entrée dans ActionEcoleDeFoot.php
03/03/2015 19:12:51 Entrée dans ActionEcoleDeFoot.php
03/03/2015 19:13:29 Entrée dans ActionEcoleDeFoot.php
03/03/2015 19:13:30 Entrée dans ActionEcoleDeFoot.php
03/03/2015 19:14:27 Entrée dans ActionJoueurs.php
03/03/2015 20:30:25 Entrée dans ActionAccueil.php
03/03/2015 20:30:47 Entrée dans ActionEvenement.php
03/03/2015 20:38:18 Entrée dans ActionAccueil.php
03/03/2015 20:38:22 Entrée dans ActionClub.php
03/03/2015 20:38:25 Entrée dans ActionJoueurs.php
03/03/2015 20:38:27 Entrée dans ActionEcoleDeFoot.php
03/03/2015 20:38:30 Entrée dans ActionAgenda.php
03/03/2015 20:38:32 Entrée dans ActionEvenement.php
03/03/2015 20:38:35 Entrée dans ActionSponsor.php
03/03/2015 21:24:11 Entrée dans ActionAccueil.php
03/03/2015 21:24:42 Entrée dans ActionAgenda.php
03/03/2015 21:24:43 Entrée dans ActionAgenda.php
03/03/2015 21:25:38 Entrée dans ActionLogin.php
03/03/2015 21:25:54 Entrée dans ActionLogin.php
03/03/2015 21:25:54 Authentification de lsutter.
03/03/2015 21:25:54 Entrée dans ActionProfil.php
03/03/2015 21:26:04 Entrée dans ActionRencontre.php
03/03/2015 21:29:36 Entrée dans ActionRencontre.php
03/03/2015 21:29:45 Entrée dans ActionRencontre.php
03/03/2015 21:29:47 Entrée dans ActionRencontre.php
03/03/2015 21:29:52 Entrée dans ActionRencontre.php
03/03/2015 21:31:07 Entrée dans ActionRencontre.php
03/03/2015 21:31:17 Entrée dans ActionRencontre.php
03/03/2015 21:31:27 Entrée dans ActionEquipe.php
03/03/2015 21:32:03 Entrée dans ActionEquipe.php
03/03/2015 21:32:29 Entrée dans ActionEquipe.php
03/03/2015 21:32:56 Entrée dans ActionEquipe.php
03/03/2015 21:33:16 Entrée dans ActionEquipe.php
03/03/2015 21:33:31 Entrée dans RechercherEquipe.php
03/03/2015 21:33:40 Entrée dans ActionEquipe.php
03/03/2015 21:33:49 Entrée dans ActionEquipe.php
03/03/2015 21:34:00 Entrée dans ActionEquipe.php
03/03/2015 21:34:18 Entrée dans ActionEquipe.php
03/03/2015 21:34:27 Entrée dans ActionEquipe.php
03/03/2015 21:34:40 Entrée dans ActionEquipe.php
03/03/2015 21:35:11 Entrée dans ActionEquipe.php
03/03/2015 21:35:54 Entrée dans ActionEquipe.php
03/03/2015 21:36:29 Entrée dans ActionRencontre.php
03/03/2015 21:36:45 Entrée dans ActionRencontre.php
03/03/2015 21:38:45 Entrée dans ActionRencontre.php
03/03/2015 21:39:07 Entrée dans ActionAccueil.php
03/03/2015 21:39:07 Entrée dans ActionAccueil.php
04/03/2015 01:52:39 Entrée dans ActionJoueurs.php
04/03/2015 01:54:29 Entrée dans ActionClub.php
04/03/2015 07:54:21 Entrée dans ActionAccueil.php
04/03/2015 07:54:46 Entrée dans AfficherPopupArticle.php
04/03/2015 07:55:00 Entrée dans ActionEcoleDeFoot.php
04/03/2015 07:55:55 Entrée dans ActionAgenda.php
04/03/2015 07:55:57 Entrée dans ActionAgenda.php
04/03/2015 07:56:07 Entrée dans ActionClub.php
04/03/2015 07:56:47 Entrée dans ActionJoueurs.php
04/03/2015 07:56:51 Entrée dans ActionAccueil.php
04/03/2015 07:57:33 Entrée dans AfficherPopupArticle.php
04/03/2015 08:49:59 Entrée dans ActionAccueil.php
04/03/2015 08:50:50 Entrée dans AfficherPopupArticle.php
04/03/2015 08:52:39 Entrée dans ActionAccueil.php
04/03/2015 08:52:44 Entrée dans ActionJoueurs.php
04/03/2015 15:15:46 Entrée dans ActionAccueil.php
04/03/2015 19:34:50 Entrée dans ActionAccueil.php
04/03/2015 20:10:54 Entrée dans ActionEcoleDeFoot.php
04/03/2015 20:11:06 Entrée dans ActionEcoleDeFoot.php
04/03/2015 20:11:38 Entrée dans ActionAgenda.php
04/03/2015 20:11:40 Entrée dans ActionAgenda.php
04/03/2015 21:06:08 Entrée dans ActionAccueil.php
04/03/2015 21:36:08 Entrée dans ActionAccueil.php
04/03/2015 21:36:47 Entrée dans ActionAccueil.php
05/03/2015 08:02:02 Entrée dans ActionAccueil.php
05/03/2015 08:02:13 Entrée dans ActionJoueurs.php
05/03/2015 08:02:24 Entrée dans ActionAgenda.php
05/03/2015 08:02:38 Entrée dans ActionEvenement.php
05/03/2015 08:02:49 Entrée dans ActionSponsor.php
05/03/2015 14:37:09 Entrée dans ActionAccueil.php
05/03/2015 14:37:35 Entrée dans ActionEcoleDeFoot.php
05/03/2015 14:37:45 Entrée dans ActionEcoleDeFoot.php
05/03/2015 14:38:15 Entrée dans ActionClub.php
05/03/2015 14:39:13 Entrée dans ActionEvenement.php
05/03/2015 14:40:00 Entrée dans ActionAgenda.php
05/03/2015 14:40:01 Entrée dans ActionAgenda.php
05/03/2015 14:40:07 Entrée dans ActionSponsor.php
05/03/2015 16:26:22 Entrée dans ActionAccueil.php
05/03/2015 16:26:56 Entrée dans AfficherPopupArticle.php
05/03/2015 16:28:33 Entrée dans ActionClub.php
05/03/2015 16:28:59 Entrée dans ActionEcoleDeFoot.php
05/03/2015 16:29:13 Entrée dans ActionEcoleDeFoot.php
05/03/2015 16:30:37 Entrée dans ActionEcoleDeFoot.php
05/03/2015 16:31:43 Entrée dans ActionAgenda.php
05/03/2015 16:31:44 Entrée dans ActionAgenda.php
05/03/2015 16:31:59 Entrée dans ActionEvenement.php
05/03/2015 16:32:44 Entrée dans ActionSponsor.php
05/03/2015 16:35:21 Entrée dans ActionAccueil.php
05/03/2015 16:35:31 Entrée dans ActionJoueurs.php
05/03/2015 16:36:24 Entrée dans ActionClub.php
05/03/2015 16:38:05 Entrée dans ActionClub.php
05/03/2015 16:38:08 Entrée dans ActionAccueil.php
05/03/2015 17:47:58 Entrée dans ActionAccueil.php
05/03/2015 17:48:13 Entrée dans ActionAccueil.php
05/03/2015 17:48:37 Entrée dans ActionClub.php
05/03/2015 20:33:42 Entrée dans ActionAccueil.php
05/03/2015 20:34:00 Entrée dans ActionLogin.php
05/03/2015 20:34:00 Authentification de lsutter.
05/03/2015 20:34:00 Entrée dans ActionProfil.php
05/03/2015 20:34:06 Entrée dans ActionRencontre.php
05/03/2015 21:19:03 Entrée dans ActionAccueil.php
05/03/2015 21:19:16 Entrée dans ActionAccueil.php
05/03/2015 21:19:18 Entrée dans ActionClub.php
05/03/2015 21:19:21 Entrée dans ActionEcoleDeFoot.php
05/03/2015 21:19:25 Entrée dans ActionAgenda.php
05/03/2015 21:19:25 Entrée dans ActionAgenda.php
05/03/2015 21:35:05 Entrée dans ActionAccueil.php
05/03/2015 21:36:30 Entrée dans ActionAccueil.php
05/03/2015 21:36:33 Entrée dans ActionClub.php
05/03/2015 21:37:04 Entrée dans ActionAgenda.php
05/03/2015 21:37:06 Entrée dans ActionAgenda.php
05/03/2015 21:37:23 Entrée dans ActionSponsor.php
05/03/2015 21:37:33 Entrée dans ActionClub.php
05/03/2015 22:00:14 Entrée dans ActionAccueil.php
06/03/2015 05:36:26 Entrée dans ActionJoueurs.php
06/03/2015 05:46:41 Entrée dans ActionAccueil.php
06/03/2015 05:47:33 Entrée dans ActionEcoleDeFoot.php
06/03/2015 05:48:34 Entrée dans ActionEcoleDeFoot.php
06/03/2015 05:48:56 Entrée dans ActionEcoleDeFoot.php
06/03/2015 05:48:58 Entrée dans ActionEcoleDeFoot.php
06/03/2015 05:50:46 Entrée dans ActionEcoleDeFoot.php
06/03/2015 05:51:55 Entrée dans ActionEcoleDeFoot.php
06/03/2015 05:51:57 Entrée dans ActionEcoleDeFoot.php
06/03/2015 05:52:31 Entrée dans ActionClub.php
06/03/2015 06:00:17 Entrée dans ActionEvenement.php
06/03/2015 07:44:46 Entrée dans ActionAccueil.php
06/03/2015 07:44:59 Entrée dans ActionClub.php
06/03/2015 07:45:09 Entrée dans ActionAgenda.php
06/03/2015 07:45:19 Entrée dans ActionSponsor.php
06/03/2015 07:45:29 Entrée dans ActionJoueurs.php
06/03/2015 07:45:45 Entrée dans ActionEvenement.php
06/03/2015 07:45:54 Entrée dans ActionEcoleDeFoot.php
06/03/2015 13:24:56 Entrée dans ActionAccueil.php
06/03/2015 13:25:12 Entrée dans AfficherPopupArticle.php
06/03/2015 14:25:35 Entrée dans ActionAccueil.php
06/03/2015 14:36:46 Entrée dans ActionAccueil.php
06/03/2015 14:46:28 Entrée dans ActionLogin.php
06/03/2015 15:15:26 Entrée dans ActionAccueil.php
06/03/2015 15:15:36 Entrée dans AfficherPopupArticle.php
06/03/2015 15:16:12 Entrée dans AfficherPopupArticle.php
06/03/2015 15:16:43 Entrée dans AfficherPopupArticle.php
06/03/2015 15:42:51 Entrée dans ActionAccueil.php
06/03/2015 15:43:27 Entrée dans ActionEcoleDeFoot.php
06/03/2015 15:43:40 Entrée dans ActionEcoleDeFoot.php
06/03/2015 15:43:45 Entrée dans ActionEcoleDeFoot.php
06/03/2015 19:38:57 Entrée dans ActionAgenda.php
06/03/2015 20:33:07 Entrée dans ActionAccueil.php
06/03/2015 20:33:47 Entrée dans ActionClub.php
06/03/2015 20:35:11 Entrée dans ActionAccueil.php
06/03/2015 20:35:15 Entrée dans ActionClub.php
06/03/2015 20:38:51 Entrée dans ActionAccueil.php
06/03/2015 20:39:11 Entrée dans ActionClub.php
06/03/2015 22:19:04 Entrée dans ActionAccueil.php
06/03/2015 22:19:09 Entrée dans ActionEcoleDeFoot.php
06/03/2015 22:19:13 Entrée dans ActionAgenda.php
06/03/2015 22:19:14 Entrée dans ActionAgenda.php
07/03/2015 06:11:05 Entrée dans ActionAccueil.php
07/03/2015 06:11:14 Entrée dans ActionClub.php
07/03/2015 08:30:51 Entrée dans ActionAccueil.php
07/03/2015 09:54:23 Entrée dans ActionAccueil.php
07/03/2015 10:20:37 Entrée dans ActionAccueil.php
07/03/2015 10:20:51 Entrée dans ActionClub.php
07/03/2015 10:57:50 Entrée dans ActionAccueil.php
07/03/2015 12:42:16 Entrée dans ActionAccueil.php
07/03/2015 12:42:59 Entrée dans ActionAccueil.php
07/03/2015 12:43:03 Entrée dans ActionClub.php
07/03/2015 13:26:58 Entrée dans ActionClub.php
07/03/2015 13:29:11 Entrée dans ActionAccueil.php
07/03/2015 13:29:15 Entrée dans ActionAccueil.php
07/03/2015 14:12:01 Entrée dans ActionAccueil.php
07/03/2015 14:12:33 Entrée dans ActionClub.php
07/03/2015 14:36:30 Entrée dans ActionAccueil.php
07/03/2015 14:36:53 Entrée dans ActionClub.php
07/03/2015 15:16:48 Entrée dans ActionClub.php
07/03/2015 20:13:42 Entrée dans ActionAccueil.php
07/03/2015 21:03:48 Entrée dans ActionAccueil.php
07/03/2015 21:35:47 Entrée dans ActionAccueil.php
07/03/2015 23:44:31 Entrée dans ActionAccueil.php
07/03/2015 23:45:41 Entrée dans ActionEcoleDeFoot.php
07/03/2015 23:46:42 Entrée dans ActionEcoleDeFoot.php
07/03/2015 23:48:25 Entrée dans ActionEcoleDeFoot.php
07/03/2015 23:48:46 Entrée dans ActionClub.php
07/03/2015 23:49:10 Entrée dans ActionEcoleDeFoot.php
07/03/2015 23:50:46 Entrée dans ActionEcoleDeFoot.php
07/03/2015 23:50:55 Entrée dans ActionEcoleDeFoot.php
07/03/2015 23:51:16 Entrée dans ActionEcoleDeFoot.php
07/03/2015 23:51:34 Entrée dans ActionEcoleDeFoot.php
07/03/2015 23:52:03 Entrée dans ActionEcoleDeFoot.php
07/03/2015 23:52:38 Entrée dans ActionAgenda.php
07/03/2015 23:52:41 Entrée dans ActionAgenda.php
07/03/2015 23:53:08 Entrée dans ActionAccueil.php
07/03/2015 23:53:22 Entrée dans ActionClub.php
07/03/2015 23:53:54 Entrée dans ActionSponsor.php
07/03/2015 23:55:32 Entrée dans ActionEcoleDeFoot.php
08/03/2015 03:40:09 Entrée dans ActionAccueil.php
08/03/2015 03:41:01 Entrée dans AfficherPopupArticle.php
08/03/2015 03:41:18 Entrée dans AfficherPopupArticle.php
08/03/2015 03:41:29 Entrée dans AfficherPopupArticle.php
08/03/2015 03:41:34 Entrée dans AfficherPopupArticle.php
08/03/2015 03:41:40 Entrée dans AfficherPopupArticle.php
08/03/2015 03:41:58 Entrée dans AfficherPopupArticle.php
08/03/2015 03:42:11 Entrée dans ActionEvenement.php
08/03/2015 03:42:26 Entrée dans ActionLogin.php
08/03/2015 03:42:26 Authentification de bpigeot.
08/03/2015 03:42:26 Entrée dans ActionProfil.php
08/03/2015 03:42:43 Entrée dans ActionRencontre.php
08/03/2015 03:42:51 Entrée dans ActionRencontre.php
08/03/2015 03:43:22 Entrée dans ActionMembre.php
08/03/2015 03:43:26 Entrée dans ActionRencontre.php
08/03/2015 03:43:44 Entrée dans ActionMembre.php
08/03/2015 03:43:50 Entrée dans ActionRencontre.php
08/03/2015 03:44:38 Entrée dans ActionEvenement.php
08/03/2015 03:44:42 Entrée dans ActionAgenda.php
08/03/2015 03:44:43 Entrée dans ActionAgenda.php
08/03/2015 03:45:07 Entrée dans ActionJoueurs.php
08/03/2015 03:45:08 Entrée dans ActionJoueurs.php
08/03/2015 03:45:32 Entrée dans ActionClub.php
08/03/2015 03:45:38 Entrée dans ActionAccueil.php
08/03/2015 03:45:45 Entrée dans ActionAgenda.php
08/03/2015 03:45:46 Entrée dans ActionAgenda.php
08/03/2015 03:45:54 Entrée dans ActionEvenement.php
08/03/2015 03:46:01 Entrée dans ActionEcoleDeFoot.php
08/03/2015 03:46:04 Entrée dans ActionAgenda.php
08/03/2015 03:46:04 Entrée dans ActionAgenda.php
08/03/2015 03:46:16 Entrée dans ActionClub.php
08/03/2015 03:46:18 Entrée dans ActionJoueurs.php
08/03/2015 03:46:39 Entrée dans ActionJoueurs.php
08/03/2015 03:46:42 Entrée dans ActionClub.php
08/03/2015 03:46:45 Entrée dans ActionAgenda.php
08/03/2015 03:46:46 Entrée dans ActionAgenda.php
08/03/2015 03:46:53 Entrée dans ActionEvenement.php
08/03/2015 03:47:26 Entrée dans ActionAccueil.php
08/03/2015 03:47:45 Entrée dans ActionEcoleDeFoot.php
08/03/2015 03:47:57 Entrée dans ActionLogin.php
08/03/2015 03:47:57 Authentification de bpigeot.
08/03/2015 03:47:57 Entrée dans ActionProfil.php
08/03/2015 03:48:04 Entrée dans ActionRencontre.php
08/03/2015 03:50:25 Entrée dans ActionAccueil.php
08/03/2015 03:50:29 Entrée dans ActionJoueurs.php
08/03/2015 03:50:43 Entrée dans ActionLogin.php
08/03/2015 03:50:43 Authentification de bpigeot.
08/03/2015 03:50:43 Entrée dans ActionProfil.php
08/03/2015 03:50:49 Entrée dans ActionRencontre.php
08/03/2015 03:51:04 Entrée dans ActionRencontre.php
08/03/2015 03:51:12 Entrée dans ActionRencontre.php
08/03/2015 03:52:38 Entrée dans ActionProfil.php
08/03/2015 03:52:49 Entrée dans ActionPartenaire.php
08/03/2015 03:52:57 Entrée dans ActionArticle.php
08/03/2015 03:53:01 Entrée dans GestionResultats.php
08/03/2015 03:53:11 Entrée dans ActionRencontre.php
08/03/2015 03:53:21 Entrée dans ActionAccueil.php
08/03/2015 03:53:59 Entrée dans ActionAccueil.php
08/03/2015 03:54:06 Entrée dans ActionAgenda.php
08/03/2015 03:54:07 Entrée dans ActionAgenda.php
08/03/2015 03:54:18 Entrée dans ActionAgenda.php
08/03/2015 03:54:28 Entrée dans ActionLogin.php
08/03/2015 03:54:28 Authentification de bpigeot.
08/03/2015 03:54:29 Entrée dans ActionProfil.php
08/03/2015 03:54:31 Entrée dans ActionRencontre.php
08/03/2015 03:56:51 Entrée dans GestionResultats.php
08/03/2015 03:56:57 Entrée dans ActionMembre.php
08/03/2015 03:57:00 Entrée dans ActionEquipe.php
08/03/2015 03:57:04 Entrée dans ActionAccueil.php
08/03/2015 03:57:13 Entrée dans ActionEvenement.php
08/03/2015 09:08:05 Entrée dans ActionAccueil.php
08/03/2015 09:10:33 Entrée dans ActionClub.php
08/03/2015 09:10:47 Entrée dans ActionEcoleDeFoot.php
08/03/2015 09:12:39 Entrée dans ActionAccueil.php
08/03/2015 09:13:09 Entrée dans AfficherPopupArticle.php
08/03/2015 10:12:50 Entrée dans ActionAccueil.php
08/03/2015 10:13:20 Entrée dans ActionClub.php
08/03/2015 10:13:24 Entrée dans ActionEcoleDeFoot.php
08/03/2015 10:13:47 Entrée dans ActionEcoleDeFoot.php
08/03/2015 12:09:01 Entrée dans ActionAccueil.php
08/03/2015 12:10:09 Entrée dans ActionEcoleDeFoot.php
08/03/2015 12:10:23 Entrée dans ActionEcoleDeFoot.php
08/03/2015 14:15:09 Entrée dans ActionAccueil.php
08/03/2015 14:15:29 Entrée dans ActionEvenement.php
08/03/2015 15:34:45 Entrée dans ActionClub.php
08/03/2015 17:47:04 Entrée dans ActionAccueil.php
08/03/2015 17:47:27 Entrée dans ActionEcoleDeFoot.php
08/03/2015 17:47:31 Entrée dans ActionEcoleDeFoot.php
08/03/2015 17:47:46 Entrée dans ActionAccueil.php
08/03/2015 17:48:03 Entrée dans ActionClub.php
08/03/2015 17:48:49 Entrée dans ActionEvenement.php
08/03/2015 17:49:35 Entrée dans ActionEcoleDeFoot.php
08/03/2015 17:49:45 Entrée dans ActionEcoleDeFoot.php
08/03/2015 17:49:48 Entrée dans ActionEcoleDeFoot.php
08/03/2015 17:50:06 Entrée dans ActionAccueil.php
08/03/2015 17:50:34 Entrée dans AfficherPopupArticle.php
08/03/2015 17:50:57 Entrée dans ActionSponsor.php
08/03/2015 17:51:04 Entrée dans ActionAgenda.php
08/03/2015 17:51:05 Entrée dans ActionAgenda.php
08/03/2015 17:51:36 Entrée dans ActionAgenda.php
08/03/2015 18:04:38 Entrée dans ActionAccueil.php
08/03/2015 18:05:24 Entrée dans ActionClub.php
08/03/2015 18:54:03 Entrée dans ActionAccueil.php
08/03/2015 18:54:37 Entrée dans ActionLogin.php
08/03/2015 18:54:37 Authentification de fgastrini.
08/03/2015 18:54:37 Entrée dans ActionProfil.php
08/03/2015 18:54:50 Entrée dans ActionProfil.php
08/03/2015 18:54:56 Entrée dans ActionEquipe.php
08/03/2015 18:55:01 Entrée dans ActionRencontre.php
08/03/2015 18:55:15 Entrée dans ActionArticle.php
08/03/2015 18:56:01 Entrée dans GestionResultats.php
08/03/2015 18:56:28 Entrée dans ActionRencontre.php
08/03/2015 18:56:32 Entrée dans ActionAccueil.php
08/03/2015 18:56:49 Entrée dans ActionEvenement.php
08/03/2015 18:56:56 Entrée dans ActionAgenda.php
08/03/2015 18:56:57 Entrée dans ActionAgenda.php
08/03/2015 18:57:11 Entrée dans ActionAgenda.php
08/03/2015 18:57:22 Entrée dans ActionClub.php
08/03/2015 18:59:05 Entrée dans ActionProfil.php
08/03/2015 18:59:14 Entrée dans ActionEquipe.php
08/03/2015 18:59:20 Entrée dans ActionRencontre.php
08/03/2015 18:59:28 Entrée dans RechercherRencontre.php
08/03/2015 18:59:37 Entrée dans GestionResultats.php
08/03/2015 19:00:15 Entrée dans ActionAccueil.php
08/03/2015 19:00:15 Entrée dans ActionAccueil.php
08/03/2015 19:00:32 Entrée dans ActionAccueil.php
08/03/2015 19:00:46 Entrée dans ActionEcoleDeFoot.php
08/03/2015 19:00:49 Entrée dans ActionEcoleDeFoot.php
08/03/2015 19:01:25 Entrée dans ActionEcoleDeFoot.php
08/03/2015 20:06:24 Entrée dans ActionAccueil.php
08/03/2015 20:25:21 Entrée dans ActionAccueil.php
08/03/2015 20:25:55 Entrée dans ActionClub.php
08/03/2015 20:44:40 Entrée dans ActionAccueil.php
08/03/2015 20:45:23 Entrée dans ActionEcoleDeFoot.php
08/03/2015 20:45:42 Entrée dans ActionClub.php
08/03/2015 20:48:27 Entrée dans ActionClub.php
08/03/2015 20:48:46 Entrée dans ActionSponsor.php
08/03/2015 20:55:47 Entrée dans ActionAccueil.php
08/03/2015 21:28:20 Entrée dans ActionAccueil.php
08/03/2015 21:32:51 Entrée dans ActionEcoleDeFoot.php
08/03/2015 22:09:28 Entrée dans ActionAccueil.php
08/03/2015 22:10:44 Entrée dans ActionAccueil.php
08/03/2015 22:10:50 Entrée dans ActionAccueil.php
08/03/2015 22:11:19 Entrée dans ActionAgenda.php
08/03/2015 22:11:20 Entrée dans ActionAgenda.php
08/03/2015 22:11:36 Entrée dans ActionClub.php
08/03/2015 22:11:44 Entrée dans ActionEcoleDeFoot.php
08/03/2015 22:11:56 Entrée dans ActionEcoleDeFoot.php
09/03/2015 08:27:07 Entrée dans ActionAccueil.php
09/03/2015 08:27:11 Entrée dans ActionClub.php
09/03/2015 08:27:14 Entrée dans ActionJoueurs.php
09/03/2015 08:27:16 Entrée dans ActionEcoleDeFoot.php
09/03/2015 08:27:18 Entrée dans ActionAgenda.php
09/03/2015 08:27:21 Entrée dans ActionEvenement.php
09/03/2015 08:27:23 Entrée dans ActionSponsor.php
09/03/2015 09:14:19 Entrée dans ActionAccueil.php
09/03/2015 09:15:24 Entrée dans ActionJoueurs.php
09/03/2015 09:16:00 Entrée dans ActionAccueil.php
09/03/2015 09:16:49 Entrée dans ActionJoueurs.php
09/03/2015 09:16:55 Entrée dans ActionAgenda.php
09/03/2015 09:16:56 Entrée dans ActionAgenda.php
09/03/2015 11:19:59 Entrée dans ActionAccueil.php
09/03/2015 11:20:11 Entrée dans ActionJoueurs.php
09/03/2015 11:42:01 Entrée dans ActionAccueil.php
09/03/2015 11:44:14 Entrée dans AfficherPopupArticle.php
09/03/2015 11:44:23 Entrée dans ActionJoueurs.php
09/03/2015 11:44:44 Entrée dans ActionClub.php
09/03/2015 11:44:53 Entrée dans ActionEvenement.php
09/03/2015 11:44:56 Entrée dans ActionAgenda.php
09/03/2015 11:44:56 Entrée dans ActionAgenda.php
09/03/2015 11:45:05 Entrée dans ActionEcoleDeFoot.php
09/03/2015 11:45:16 Entrée dans ActionEcoleDeFoot.php
09/03/2015 11:51:34 Entrée dans ActionAccueil.php
09/03/2015 11:51:52 Entrée dans ActionAccueil.php
09/03/2015 11:52:38 Entrée dans AfficherPopupArticle.php
09/03/2015 11:52:52 Entrée dans ActionClub.php
09/03/2015 15:53:08 Entrée dans ActionAccueil.php
09/03/2015 16:09:00 Entrée dans ActionAccueil.php
09/03/2015 20:29:46 Entrée dans ActionAccueil.php
09/03/2015 20:30:35 Entrée dans AfficherPopupArticle.php
09/03/2015 20:31:10 Entrée dans ActionEvenement.php
10/03/2015 05:13:54 Entrée dans ActionAccueil.php
10/03/2015 05:15:32 Entrée dans ActionClub.php
10/03/2015 05:15:51 Entrée dans ActionEcoleDeFoot.php
10/03/2015 05:16:10 Entrée dans ActionEcoleDeFoot.php
10/03/2015 10:20:27 Entrée dans ActionAccueil.php
10/03/2015 14:09:28 Entrée dans ActionAccueil.php
10/03/2015 14:09:42 Entrée dans AfficherPopupArticle.php
10/03/2015 14:09:51 Entrée dans AfficherPopupArticle.php
10/03/2015 14:10:00 Entrée dans AfficherPopupArticle.php
10/03/2015 14:10:11 Entrée dans ActionClub.php
10/03/2015 14:10:16 Entrée dans ActionJoueurs.php
10/03/2015 14:11:01 Entrée dans ActionJoueurs.php
10/03/2015 14:11:06 Entrée dans ActionAgenda.php
10/03/2015 14:11:07 Entrée dans ActionAgenda.php
10/03/2015 14:11:13 Entrée dans ActionAgenda.php
10/03/2015 14:11:14 Entrée dans ActionAgenda.php
10/03/2015 14:11:18 Entrée dans ActionClub.php
10/03/2015 14:14:38 Entrée dans ActionAccueil.php
10/03/2015 14:48:19 Entrée dans ActionEcoleDeFoot.php
10/03/2015 14:48:37 Entrée dans ActionEcoleDeFoot.php
10/03/2015 14:48:39 Entrée dans ActionEcoleDeFoot.php
10/03/2015 14:48:41 Entrée dans ActionEcoleDeFoot.php
10/03/2015 14:48:45 Entrée dans ActionEcoleDeFoot.php
10/03/2015 14:51:44 Entrée dans ActionEcoleDeFoot.php
10/03/2015 14:52:04 Entrée dans ActionEcoleDeFoot.php
10/03/2015 14:52:36 Entrée dans ActionEcoleDeFoot.php
10/03/2015 14:54:47 Entrée dans ActionEcoleDeFoot.php
10/03/2015 14:55:23 Entrée dans ActionClub.php
10/03/2015 14:55:28 Entrée dans ActionAccueil.php
10/03/2015 14:55:40 Entrée dans AfficherPopupArticle.php
10/03/2015 14:57:16 Entrée dans AfficherPopupArticle.php
10/03/2015 14:58:04 Entrée dans AfficherPopupArticle.php
10/03/2015 14:58:39 Entrée dans AfficherPopupArticle.php
10/03/2015 15:28:03 Entrée dans ActionAccueil.php
10/03/2015 16:42:51 Entrée dans ActionAccueil.php
10/03/2015 16:43:14 Entrée dans AfficherPopupArticle.php
10/03/2015 16:43:41 Entrée dans AfficherPopupArticle.php
10/03/2015 16:44:10 Entrée dans ActionEcoleDeFoot.php
10/03/2015 16:44:27 Entrée dans ActionEcoleDeFoot.php
10/03/2015 17:46:59 Entrée dans ActionAccueil.php
10/03/2015 17:48:12 Entrée dans AfficherPopupArticle.php
10/03/2015 17:48:49 Entrée dans ActionJoueurs.php
10/03/2015 17:49:01 Entrée dans ActionAgenda.php
10/03/2015 17:49:02 Entrée dans ActionAgenda.php
10/03/2015 17:49:24 Entrée dans ActionAgenda.php
10/03/2015 17:49:49 Entrée dans ActionEvenement.php
10/03/2015 17:50:15 Entrée dans ActionClub.php
10/03/2015 17:54:24 Entrée dans ActionAccueil.php
10/03/2015 17:57:53 Entrée dans ActionAccueil.php
10/03/2015 17:58:33 Entrée dans ActionAccueil.php
10/03/2015 20:23:17 Entrée dans ActionAccueil.php
10/03/2015 20:29:27 Entrée dans ActionAccueil.php
10/03/2015 20:29:30 Entrée dans ActionClub.php
10/03/2015 20:29:33 Entrée dans ActionJoueurs.php
10/03/2015 20:29:38 Entrée dans ActionEcoleDeFoot.php
10/03/2015 20:29:42 Entrée dans ActionAgenda.php
10/03/2015 20:29:43 Entrée dans ActionAgenda.php
10/03/2015 22:21:22 Entrée dans ActionAccueil.php
10/03/2015 22:21:26 Entrée dans ActionEvenement.php
10/03/2015 22:21:34 Entrée dans ActionJoueurs.php
11/03/2015 09:45:20 Entrée dans ActionAccueil.php
11/03/2015 09:45:27 Entrée dans ActionClub.php
11/03/2015 09:45:33 Entrée dans ActionAccueil.php
11/03/2015 12:54:18 Entrée dans ActionAccueil.php
11/03/2015 12:56:19 Entrée dans AfficherPopupArticle.php
11/03/2015 15:13:15 Entrée dans ActionAccueil.php
11/03/2015 15:13:16 Entrée dans ActionClub.php
11/03/2015 15:13:17 Entrée dans ActionJoueurs.php
11/03/2015 15:13:19 Entrée dans ActionEcoleDeFoot.php
11/03/2015 15:13:20 Entrée dans ActionAgenda.php
11/03/2015 15:13:21 Entrée dans ActionEvenement.php
11/03/2015 15:13:23 Entrée dans ActionSponsor.php
11/03/2015 15:57:10 Entrée dans ActionAccueil.php
11/03/2015 18:05:11 Entrée dans ActionAccueil.php
11/03/2015 18:05:14 Entrée dans ActionJoueurs.php
11/03/2015 18:09:40 Entrée dans ActionAccueil.php
11/03/2015 18:09:40 Entrée dans ActionClub.php
11/03/2015 18:09:41 Entrée dans ActionJoueurs.php
11/03/2015 18:09:41 Entrée dans ActionEcoleDeFoot.php
11/03/2015 18:09:41 Entrée dans ActionAgenda.php
11/03/2015 18:09:42 Entrée dans ActionEvenement.php
11/03/2015 18:09:42 Entrée dans ActionSponsor.php
12/03/2015 10:07:52 Entrée dans ActionAccueil.php
12/03/2015 10:08:37 Entrée dans ActionJoueurs.php
12/03/2015 10:56:09 Entrée dans ActionEvenement.php
12/03/2015 15:51:52 Entrée dans ActionAccueil.php
12/03/2015 15:52:31 Entrée dans AfficherPopupArticle.php
12/03/2015 16:21:28 Entrée dans ActionAgenda.php
12/03/2015 16:52:26 Entrée dans ActionAccueil.php
12/03/2015 16:53:16 Entrée dans AfficherPopupArticle.php
12/03/2015 16:53:25 Entrée dans ActionJoueurs.php
12/03/2015 16:55:26 Entrée dans ActionAccueil.php
12/03/2015 16:55:29 Entrée dans ActionAgenda.php
12/03/2015 16:55:31 Entrée dans ActionAgenda.php
12/03/2015 17:01:23 Entrée dans ActionClub.php
12/03/2015 21:09:43 Entrée dans ActionAccueil.php
12/03/2015 21:09:57 Entrée dans AfficherPopupArticle.php
12/03/2015 21:53:50 Entrée dans ActionAccueil.php
12/03/2015 21:53:57 Entrée dans ActionEcoleDeFoot.php
12/03/2015 21:54:03 Entrée dans ActionAccueil.php
12/03/2015 22:42:41 Entrée dans ActionAccueil.php
12/03/2015 22:51:54 Entrée dans ActionEcoleDeFoot.php
12/03/2015 22:51:57 Entrée dans ActionAgenda.php
12/03/2015 22:51:58 Entrée dans ActionAgenda.php
12/03/2015 22:52:14 Entrée dans ActionAgenda.php
12/03/2015 23:50:24 Entrée dans ActionAccueil.php
12/03/2015 23:50:24 Entrée dans ActionAccueil.php
12/03/2015 23:50:24 Entrée dans ActionClub.php
12/03/2015 23:50:24 Entrée dans ActionClub.php
12/03/2015 23:50:24 Entrée dans ActionJoueurs.php
12/03/2015 23:50:25 Entrée dans ActionJoueurs.php
12/03/2015 23:50:25 Entrée dans ActionEcoleDeFoot.php
12/03/2015 23:50:25 Entrée dans ActionAgenda.php
12/03/2015 23:50:25 Entrée dans ActionEcoleDeFoot.php
12/03/2015 23:50:25 Entrée dans ActionAgenda.php
12/03/2015 23:50:25 Entrée dans ActionEvenement.php
12/03/2015 23:50:25 Entrée dans ActionSponsor.php
12/03/2015 23:50:25 Entrée dans ActionEvenement.php
12/03/2015 23:50:25 Entrée dans ActionSponsor.php
12/03/2015 23:50:25 Entrée dans RechercherArticle.php
12/03/2015 23:50:25 Entrée dans RechercherArticle.php
13/03/2015 09:30:40 Entrée dans ActionAccueil.php
13/03/2015 09:31:08 Entrée dans ActionJoueurs.php
13/03/2015 09:32:22 Entrée dans ActionAccueil.php
13/03/2015 09:35:01 Entrée dans ActionClub.php
13/03/2015 11:05:10 Entrée dans ActionAccueil.php
13/03/2015 11:05:15 Entrée dans ActionClub.php
13/03/2015 11:08:03 Entrée dans ActionEcoleDeFoot.php
13/03/2015 11:08:42 Entrée dans ActionEcoleDeFoot.php
13/03/2015 11:08:43 Entrée dans ActionAccueil.php
13/03/2015 11:08:45 Entrée dans ActionEcoleDeFoot.php
13/03/2015 11:08:48 Entrée dans ActionEcoleDeFoot.php
13/03/2015 11:59:36 Entrée dans ActionJoueurs.php
13/03/2015 13:54:00 Entrée dans ActionAccueil.php
13/03/2015 13:54:20 Entrée dans AfficherPopupArticle.php
13/03/2015 13:54:53 Entrée dans AfficherPopupArticle.php
13/03/2015 13:55:02 Entrée dans AfficherPopupArticle.php
13/03/2015 13:55:36 Entrée dans AfficherPopupArticle.php
13/03/2015 13:56:17 Entrée dans AfficherPopupArticle.php
13/03/2015 13:56:43 Entrée dans AfficherPopupArticle.php
13/03/2015 13:57:14 Entrée dans AfficherPopupArticle.php
13/03/2015 13:57:44 Entrée dans ActionEcoleDeFoot.php
13/03/2015 13:57:58 Entrée dans ActionEcoleDeFoot.php
13/03/2015 13:58:52 Entrée dans ActionAgenda.php
13/03/2015 13:58:53 Entrée dans ActionAgenda.php
13/03/2015 13:59:16 Entrée dans ActionSponsor.php
13/03/2015 13:59:18 Entrée dans ActionAccueil.php
13/03/2015 13:59:30 Entrée dans ActionClub.php
13/03/2015 17:06:02 Entrée dans ActionAccueil.php
13/03/2015 17:37:26 Entrée dans ActionAccueil.php
13/03/2015 17:37:59 Entrée dans AfficherPopupArticle.php
13/03/2015 17:38:27 Entrée dans AfficherPopupArticle.php
13/03/2015 17:39:20 Entrée dans AfficherPopupArticle.php
13/03/2015 19:30:05 Entrée dans ActionAccueil.php
13/03/2015 20:42:30 Entrée dans ActionClub.php
13/03/2015 21:05:12 Entrée dans ActionEcoleDeFoot.php
13/03/2015 21:07:50 Entrée dans ActionEcoleDeFoot.php
13/03/2015 21:07:52 Entrée dans ActionEcoleDeFoot.php
13/03/2015 21:07:58 Entrée dans ActionAgenda.php
13/03/2015 21:08:00 Entrée dans ActionAgenda.php
13/03/2015 21:09:02 Entrée dans ActionEcoleDeFoot.php
13/03/2015 21:09:14 Entrée dans ActionEcoleDeFoot.php
13/03/2015 21:23:48 Entrée dans ActionAccueil.php
13/03/2015 21:24:06 Entrée dans ActionLogin.php
13/03/2015 21:24:14 Entrée dans ActionLogin.php
13/03/2015 21:24:19 Entrée dans ActionLogin.php
13/03/2015 21:24:31 Entrée dans ActionLogin.php
13/03/2015 21:24:31 Entrée dans ActionLogin.php
13/03/2015 21:24:45 Entrée dans ActionLogin.php
13/03/2015 21:24:51 Entrée dans ActionLogin.php
13/03/2015 21:25:18 Entrée dans ActionLogin.php
13/03/2015 21:25:26 Entrée dans ActionEcoleDeFoot.php
13/03/2015 21:25:30 Entrée dans ActionEcoleDeFoot.php
13/03/2015 21:27:17 Entrée dans ActionLogin.php
13/03/2015 21:27:26 Entrée dans ActionLogin.php
13/03/2015 21:27:43 Entrée dans ActionLogin.php
14/03/2015 08:27:23 Entrée dans ActionAccueil.php
14/03/2015 08:27:30 Entrée dans ActionClub.php
14/03/2015 08:27:54 Entrée dans ActionEcoleDeFoot.php
14/03/2015 08:28:45 Entrée dans ActionClub.php
14/03/2015 08:29:36 Entrée dans ActionAgenda.php
14/03/2015 08:29:37 Entrée dans ActionAgenda.php
14/03/2015 08:29:41 Entrée dans ActionEvenement.php
14/03/2015 08:29:48 Entrée dans ActionClub.php
14/03/2015 08:30:08 Entrée dans ActionAgenda.php
14/03/2015 08:43:47 Entrée dans ActionAccueil.php
14/03/2015 08:44:30 Entrée dans ActionEcoleDeFoot.php
14/03/2015 08:44:40 Entrée dans ActionEcoleDeFoot.php
14/03/2015 08:45:20 Entrée dans ActionEcoleDeFoot.php
14/03/2015 08:45:44 Entrée dans ActionAgenda.php
14/03/2015 08:45:46 Entrée dans ActionAgenda.php
14/03/2015 09:20:16 Entrée dans ActionAgenda.php
14/03/2015 09:23:22 Entrée dans ActionAgenda.php
14/03/2015 10:09:07 Entrée dans ActionAccueil.php
14/03/2015 12:29:36 Entrée dans ActionAccueil.php
14/03/2015 12:30:10 Entrée dans ActionAgenda.php
14/03/2015 12:30:11 Entrée dans ActionAgenda.php
14/03/2015 13:04:12 Entrée dans ActionAccueil.php
14/03/2015 13:17:35 Entrée dans ActionAccueil.php
14/03/2015 13:17:58 Entrée dans ActionAccueil.php
14/03/2015 13:18:14 Entrée dans ActionAccueil.php
14/03/2015 13:18:15 Entrée dans ActionClub.php
14/03/2015 14:11:15 Entrée dans ActionAccueil.php
14/03/2015 14:11:56 Entrée dans ActionSponsor.php
14/03/2015 14:43:09 Entrée dans ActionAccueil.php
14/03/2015 14:43:16 Entrée dans ActionClub.php
14/03/2015 14:43:18 Entrée dans ActionJoueurs.php
14/03/2015 14:43:18 Entrée dans ActionEcoleDeFoot.php
14/03/2015 14:43:19 Entrée dans ActionAgenda.php
14/03/2015 14:43:20 Entrée dans ActionEvenement.php
14/03/2015 14:43:21 Entrée dans ActionSponsor.php
14/03/2015 14:59:11 Entrée dans ActionJoueurs.php
14/03/2015 17:57:01 Entrée dans ActionAccueil.php
14/03/2015 17:57:23 Entrée dans AfficherPopupArticle.php
14/03/2015 17:57:45 Entrée dans ActionAccueil.php
14/03/2015 17:58:08 Entrée dans ActionClub.php
14/03/2015 17:59:17 Entrée dans ActionEvenement.php
14/03/2015 18:32:06 Entrée dans ActionAccueil.php
14/03/2015 18:32:22 Entrée dans ActionEcoleDeFoot.php
14/03/2015 18:32:25 Entrée dans ActionEcoleDeFoot.php
14/03/2015 20:20:26 Entrée dans ActionAccueil.php
14/03/2015 20:20:31 Entrée dans ActionClub.php
14/03/2015 20:20:33 Entrée dans ActionJoueurs.php
15/03/2015 12:52:33 Entrée dans ActionAccueil.php
15/03/2015 12:53:27 Entrée dans ActionEcoleDeFoot.php
15/03/2015 12:53:54 Entrée dans ActionEcoleDeFoot.php
15/03/2015 13:44:03 Entrée dans ActionAccueil.php
15/03/2015 13:44:34 Entrée dans ActionClub.php
15/03/2015 13:44:42 Entrée dans ActionEcoleDeFoot.php
15/03/2015 13:44:48 Entrée dans ActionEcoleDeFoot.php
15/03/2015 13:44:55 Entrée dans ActionEcoleDeFoot.php
15/03/2015 13:45:47 Entrée dans ActionEcoleDeFoot.php
15/03/2015 13:46:11 Entrée dans ActionAccueil.php
15/03/2015 13:46:24 Entrée dans ActionAccueil.php
15/03/2015 13:46:51 Entrée dans AfficherPopupArticle.php
15/03/2015 13:48:01 Entrée dans ActionEcoleDeFoot.php
15/03/2015 13:48:35 Entrée dans ActionEcoleDeFoot.php
15/03/2015 13:49:48 Entrée dans ActionEcoleDeFoot.php
15/03/2015 13:50:06 Entrée dans ActionEcoleDeFoot.php
15/03/2015 13:59:47 Entrée dans ActionAccueil.php
15/03/2015 15:28:01 Entrée dans ActionAccueil.php
15/03/2015 15:28:11 Entrée dans ActionClub.php
15/03/2015 15:33:47 Entrée dans ActionAccueil.php
15/03/2015 16:40:15 Entrée dans ActionAccueil.php
15/03/2015 16:40:21 Entrée dans ActionJoueurs.php
15/03/2015 20:04:58 Entrée dans ActionAccueil.php
15/03/2015 20:05:15 Entrée dans ActionJoueurs.php
15/03/2015 20:41:17 Entrée dans ActionAccueil.php
15/03/2015 20:41:29 Entrée dans AfficherPopupArticle.php
15/03/2015 21:06:48 Entrée dans ActionAccueil.php
15/03/2015 21:06:57 Entrée dans ActionEcoleDeFoot.php
15/03/2015 21:07:02 Entrée dans ActionEcoleDeFoot.php
15/03/2015 21:07:06 Entrée dans ActionEcoleDeFoot.php
15/03/2015 21:07:31 Entrée dans ActionAccueil.php
15/03/2015 21:08:46 Entrée dans ActionEcoleDeFoot.php
15/03/2015 21:09:07 Entrée dans ActionEcoleDeFoot.php
15/03/2015 21:42:05 Entrée dans ActionAccueil.php
15/03/2015 21:42:11 Entrée dans ActionJoueurs.php
15/03/2015 21:42:24 Entrée dans ActionEcoleDeFoot.php
15/03/2015 21:42:27 Entrée dans ActionEcoleDeFoot.php
15/03/2015 21:42:35 Entrée dans ActionJoueurs.php
15/03/2015 21:42:38 Entrée dans ActionClub.php
15/03/2015 21:43:17 Entrée dans ActionAgenda.php
15/03/2015 21:43:18 Entrée dans ActionAgenda.php
15/03/2015 21:43:21 Entrée dans ActionEvenement.php
15/03/2015 21:43:24 Entrée dans ActionSponsor.php
15/03/2015 21:43:29 Entrée dans ActionClub.php
16/03/2015 07:15:07 Entrée dans ActionAccueil.php
16/03/2015 10:03:39 Entrée dans ActionAccueil.php
16/03/2015 10:04:00 Entrée dans AfficherPopupArticle.php
16/03/2015 12:24:14 Entrée dans ActionAccueil.php
16/03/2015 12:24:39 Entrée dans ActionClub.php
16/03/2015 12:24:42 Entrée dans ActionJoueurs.php
16/03/2015 12:24:46 Entrée dans ActionAgenda.php
16/03/2015 12:24:47 Entrée dans ActionAgenda.php
16/03/2015 12:25:10 Entrée dans ActionAgenda.php
16/03/2015 12:25:23 Entrée dans ActionAgenda.php
16/03/2015 12:25:56 Entrée dans ActionAgenda.php
16/03/2015 15:06:57 Entrée dans ActionAccueil.php
16/03/2015 15:07:54 Entrée dans ActionJoueurs.php
16/03/2015 17:31:08 Entrée dans ActionAccueil.php
16/03/2015 17:31:50 Entrée dans AfficherPopupArticle.php
16/03/2015 17:34:19 Entrée dans ActionAccueil.php
16/03/2015 17:35:51 Entrée dans ActionJoueurs.php
16/03/2015 17:39:35 Entrée dans ActionAccueil.php
16/03/2015 17:47:04 Entrée dans ActionEcoleDeFoot.php
16/03/2015 17:48:25 Entrée dans ActionAccueil.php
16/03/2015 17:49:27 Entrée dans AfficherPopupArticle.php
16/03/2015 17:50:18 Entrée dans AfficherPopupArticle.php
16/03/2015 17:51:09 Entrée dans AfficherPopupArticle.php
16/03/2015 17:51:36 Entrée dans AfficherPopupArticle.php
16/03/2015 17:51:56 Entrée dans AfficherPopupArticle.php
16/03/2015 17:52:07 Entrée dans ActionJoueurs.php
16/03/2015 17:53:24 Entrée dans ActionAgenda.php
16/03/2015 17:53:26 Entrée dans ActionAgenda.php
16/03/2015 17:53:48 Entrée dans ActionAgenda.php
16/03/2015 17:53:48 Entrée dans ActionAgenda.php
16/03/2015 17:53:55 Entrée dans ActionJoueurs.php
16/03/2015 17:54:03 Entrée dans ActionClub.php
16/03/2015 17:54:04 Entrée dans ActionSponsor.php
16/03/2015 17:54:15 Entrée dans ActionEvenement.php
16/03/2015 17:54:27 Entrée dans ActionJoueurs.php
16/03/2015 17:54:43 Entrée dans ActionClub.php
16/03/2015 17:55:28 Entrée dans ActionAccueil.php
16/03/2015 17:55:32 Entrée dans ActionClub.php
16/03/2015 17:55:33 Entrée dans ActionAgenda.php
16/03/2015 17:55:34 Entrée dans ActionAgenda.php
16/03/2015 17:55:51 Entrée dans ActionClub.php
16/03/2015 17:55:53 Entrée dans ActionEcoleDeFoot.php
16/03/2015 18:17:59 Entrée dans ActionAccueil.php
16/03/2015 18:18:02 Entrée dans ActionEcoleDeFoot.php
16/03/2015 18:21:49 Entrée dans ActionAccueil.php
16/03/2015 18:22:35 Entrée dans AfficherPopupArticle.php
16/03/2015 18:23:10 Entrée dans ActionAccueil.php
16/03/2015 18:23:48 Entrée dans ActionLogin.php
16/03/2015 18:23:48 Authentification de fgastrini.
16/03/2015 18:23:48 Entrée dans ActionProfil.php
16/03/2015 18:23:59 Entrée dans GestionResultats.php
16/03/2015 18:24:16 Entrée dans GestionResultats.php
16/03/2015 18:24:30 Entrée dans ActionAccueil.php
16/03/2015 18:24:49 Entrée dans ActionEcoleDeFoot.php
16/03/2015 18:24:53 Entrée dans ActionAgenda.php
16/03/2015 18:24:53 Entrée dans ActionAgenda.php
16/03/2015 18:25:18 Entrée dans ActionEvenement.php
16/03/2015 18:25:51 Entrée dans ActionAccueil.php
16/03/2015 18:25:57 Entrée dans ActionProfil.php
16/03/2015 18:26:05 Entrée dans ActionEquipe.php
16/03/2015 18:26:20 Entrée dans ActionRencontre.php
16/03/2015 18:26:37 Entrée dans ActionRencontre.php
16/03/2015 18:26:43 Entrée dans ActionArticle.php
16/03/2015 18:26:55 Entrée dans ActionProfil.php
16/03/2015 18:27:01 Entrée dans ActionAccueil.php
16/03/2015 18:27:01 Entrée dans ActionAccueil.php
16/03/2015 19:34:12 Entrée dans ActionAccueil.php
16/03/2015 19:35:39 Entrée dans ActionAccueil.php
16/03/2015 19:35:42 Entrée dans ActionClub.php
16/03/2015 19:35:50 Entrée dans ActionJoueurs.php
16/03/2015 19:36:02 Entrée dans ActionEcoleDeFoot.php
16/03/2015 19:36:06 Entrée dans ActionAgenda.php
16/03/2015 19:36:06 Entrée dans ActionAgenda.php
16/03/2015 19:36:37 Entrée dans ActionAgenda.php
16/03/2015 19:36:39 Entrée dans ActionAgenda.php
16/03/2015 19:36:40 Entrée dans ActionAgenda.php
16/03/2015 19:42:43 Entrée dans ActionAccueil.php
16/03/2015 19:43:13 Entrée dans ActionClub.php
16/03/2015 19:43:29 Entrée dans ActionAgenda.php
16/03/2015 19:43:30 Entrée dans ActionAgenda.php
16/03/2015 19:43:47 Entrée dans ActionEvenement.php
16/03/2015 19:43:53 Entrée dans ActionAgenda.php
16/03/2015 20:06:10 Entrée dans ActionAccueil.php
16/03/2015 20:06:23 Entrée dans ActionJoueurs.php
16/03/2015 22:44:21 Entrée dans ActionAccueil.php
16/03/2015 22:44:38 Entrée dans AfficherPopupArticle.php
16/03/2015 22:45:05 Entrée dans AfficherPopupArticle.php
16/03/2015 22:45:24 Entrée dans AfficherPopupArticle.php
16/03/2015 22:45:48 Entrée dans ActionClub.php
16/03/2015 22:45:53 Entrée dans ActionEcoleDeFoot.php
16/03/2015 22:46:19 Entrée dans ActionEcoleDeFoot.php
16/03/2015 22:46:23 Entrée dans ActionEcoleDeFoot.php
16/03/2015 22:46:26 Entrée dans ActionEcoleDeFoot.php
16/03/2015 22:46:27 Entrée dans ActionEcoleDeFoot.php
16/03/2015 22:46:53 Entrée dans ActionEcoleDeFoot.php
16/03/2015 22:47:46 Entrée dans ActionEcoleDeFoot.php
16/03/2015 22:47:49 Entrée dans ActionEcoleDeFoot.php
16/03/2015 22:48:09 Entrée dans ActionEvenement.php
16/03/2015 22:48:20 Entrée dans ActionSponsor.php
16/03/2015 22:48:30 Entrée dans ActionAccueil.php
17/03/2015 01:29:26 Entrée dans ActionAccueil.php
17/03/2015 01:30:01 Entrée dans ActionClub.php
17/03/2015 01:30:08 Entrée dans ActionJoueurs.php
17/03/2015 02:35:51 Entrée dans ActionAccueil.php
17/03/2015 02:35:52 Entrée dans ActionClub.php
17/03/2015 02:35:52 Entrée dans ActionJoueurs.php
17/03/2015 02:35:52 Entrée dans ActionEcoleDeFoot.php
17/03/2015 02:35:53 Entrée dans ActionAgenda.php
17/03/2015 02:35:53 Entrée dans ActionEvenement.php
17/03/2015 02:35:54 Entrée dans ActionSponsor.php
17/03/2015 05:43:38 Entrée dans ActionEcoleDeFoot.php
17/03/2015 09:14:20 Entrée dans ActionAccueil.php
17/03/2015 09:14:50 Entrée dans ActionLogin.php
17/03/2015 09:14:50 Authentification de tsutter.
17/03/2015 09:14:50 Entrée dans ActionProfil.php
17/03/2015 09:14:51 Entrée dans ActionAccueil.php
17/03/2015 09:14:54 Entrée dans GestionResultats.php
17/03/2015 09:15:47 Entrée dans GestionResultats.php
17/03/2015 09:15:47 Entrée dans ActionAccueil.php
17/03/2015 09:16:00 Entrée dans ActionAccueil.php
17/03/2015 09:16:23 Entrée dans GestionResultats.php
17/03/2015 09:16:23 Entrée dans ActionAccueil.php
17/03/2015 09:16:26 Entrée dans ActionAccueil.php
17/03/2015 09:16:41 Entrée dans GestionResultats.php
17/03/2015 09:25:30 Entrée dans ActionRencontre.php
17/03/2015 09:25:30 Entrée dans ActionAccueil.php
17/03/2015 09:26:37 Entrée dans ActionAccueil.php
17/03/2015 09:26:39 Entrée dans ActionProfil.php
17/03/2015 09:26:39 Entrée dans ActionAccueil.php
17/03/2015 09:26:40 Entrée dans ActionArticle.php
17/03/2015 09:31:57 Entrée dans ActionArticle.php
17/03/2015 09:31:58 Entrée dans ActionAccueil.php
17/03/2015 09:32:03 Entrée dans ActionAccueil.php
17/03/2015 10:43:47 Entrée dans ActionAccueil.php
17/03/2015 10:50:05 Entrée dans ActionAccueil.php
17/03/2015 10:50:18 Entrée dans ActionAccueil.php
17/03/2015 10:50:20 Entrée dans ActionAgenda.php
17/03/2015 10:50:21 Entrée dans ActionAgenda.php
17/03/2015 10:50:33 Entrée dans ActionAgenda.php
17/03/2015 11:12:17 Entrée dans ActionAccueil.php
17/03/2015 11:12:20 Entrée dans ActionJoueurs.php
17/03/2015 11:12:33 Entrée dans ActionClub.php
17/03/2015 11:40:15 Entrée dans ActionAccueil.php
17/03/2015 11:40:22 Entrée dans ActionAccueil.php
17/03/2015 11:41:01 Entrée dans AfficherPopupArticle.php
17/03/2015 11:41:30 Entrée dans ActionAccueil.php
17/03/2015 11:42:09 Entrée dans ActionClub.php
17/03/2015 11:42:25 Entrée dans ActionEcoleDeFoot.php
17/03/2015 11:42:56 Entrée dans ActionEcoleDeFoot.php
17/03/2015 11:44:19 Entrée dans ActionAgenda.php
17/03/2015 11:44:21 Entrée dans ActionAgenda.php
17/03/2015 11:44:44 Entrée dans ActionEcoleDeFoot.php
17/03/2015 11:44:59 Entrée dans ActionEvenement.php
17/03/2015 13:37:32 Entrée dans ActionAccueil.php
17/03/2015 14:20:36 Entrée dans ActionSponsor.php
17/03/2015 14:20:43 Entrée dans ActionClub.php
17/03/2015 15:08:57 Entrée dans ActionAccueil.php
17/03/2015 15:18:54 Entrée dans ActionAgenda.php
17/03/2015 15:18:55 Entrée dans ActionAgenda.php
17/03/2015 15:36:11 Entrée dans ActionAccueil.php
17/03/2015 15:37:09 Entrée dans ActionLogin.php
17/03/2015 15:37:09 Authentification de epetot.
17/03/2015 15:37:10 Entrée dans ActionProfil.php
17/03/2015 15:37:14 Entrée dans ActionArticle.php
17/03/2015 15:37:25 Entrée dans RechercherArticle.php
17/03/2015 15:38:09 Entrée dans ActionArticle.php
17/03/2015 15:38:13 Entrée dans RechercherArticle.php
17/03/2015 15:38:20 Entrée dans ActionArticle.php
17/03/2015 15:38:23 Entrée dans RechercherArticle.php
17/03/2015 15:38:26 Entrée dans ActionArticle.php
17/03/2015 15:38:31 Entrée dans RechercherArticle.php
17/03/2015 15:38:39 Entrée dans ActionPartenaire.php
17/03/2015 15:38:43 Entrée dans GestionResultats.php
17/03/2015 15:40:05 Entrée dans ActionMembre.php
17/03/2015 15:40:41 Entrée dans ActionMembre.php
17/03/2015 15:41:15 Entrée dans ActionMembre.php
17/03/2015 21:16:05 Entrée dans ActionAccueil.php
17/03/2015 21:53:00 Entrée dans ActionAccueil.php
18/03/2015 05:36:40 Entrée dans ActionEvenement.php
18/03/2015 07:58:05 Entrée dans ActionAgenda.php
18/03/2015 14:34:15 Entrée dans ActionAccueil.php
18/03/2015 14:35:53 Entrée dans ActionJoueurs.php
18/03/2015 14:36:05 Entrée dans ActionEcoleDeFoot.php
18/03/2015 14:36:21 Entrée dans ActionEcoleDeFoot.php
18/03/2015 14:37:03 Entrée dans ActionEcoleDeFoot.php
18/03/2015 14:37:16 Entrée dans ActionAgenda.php
18/03/2015 14:37:17 Entrée dans ActionAgenda.php
18/03/2015 14:38:38 Entrée dans ActionAgenda.php
18/03/2015 21:37:05 Entrée dans ActionAccueil.php
18/03/2015 22:38:55 Entrée dans ActionAccueil.php
18/03/2015 22:38:58 Entrée dans ActionAccueil.php
18/03/2015 22:38:59 Entrée dans ActionClub.php
18/03/2015 22:39:02 Entrée dans ActionAgenda.php
18/03/2015 22:39:02 Entrée dans ActionAgenda.php
18/03/2015 22:39:31 Entrée dans ActionJoueurs.php
19/03/2015 04:34:50 Entrée dans ActionClub.php
19/03/2015 17:03:20 Entrée dans ActionAccueil.php
19/03/2015 17:04:38 Entrée dans ActionSponsor.php
19/03/2015 17:04:47 Entrée dans ActionAccueil.php
19/03/2015 17:04:49 Entrée dans ActionClub.php
19/03/2015 17:04:53 Entrée dans ActionJoueurs.php
19/03/2015 17:05:01 Entrée dans ActionEcoleDeFoot.php
19/03/2015 19:10:04 Entrée dans ActionClub.php
19/03/2015 19:10:11 Entrée dans ActionEvenement.php
19/03/2015 19:10:16 Entrée dans ActionAccueil.php
19/03/2015 19:10:29 Entrée dans AfficherPopupArticle.php
19/03/2015 19:11:25 Entrée dans ActionSponsor.php
19/03/2015 19:11:41 Entrée dans ActionJoueurs.php
19/03/2015 19:25:21 Entrée dans ActionSponsor.php
19/03/2015 19:47:26 Entrée dans ActionAccueil.php
20/03/2015 01:35:49 Entrée dans ActionAgenda.php
20/03/2015 06:43:15 Entrée dans ActionAgenda.php
20/03/2015 06:47:55 Entrée dans ActionAgenda.php
20/03/2015 07:39:54 Entrée dans ActionAccueil.php
20/03/2015 07:40:29 Entrée dans ActionClub.php
20/03/2015 10:01:21 Entrée dans ActionSponsor.php
20/03/2015 11:51:23 Entrée dans ActionAccueil.php
20/03/2015 11:52:13 Entrée dans ActionEvenement.php
20/03/2015 13:07:19 Entrée dans ActionEcoleDeFoot.php
20/03/2015 14:05:50 Entrée dans ActionAccueil.php
20/03/2015 14:05:53 Entrée dans ActionClub.php
20/03/2015 14:09:07 Entrée dans ActionAccueil.php
20/03/2015 14:09:09 Entrée dans ActionClub.php
20/03/2015 17:10:51 Entrée dans ActionAccueil.php
20/03/2015 17:30:46 Entrée dans ActionClub.php
20/03/2015 17:30:47 Entrée dans ActionAgenda.php
20/03/2015 17:30:48 Entrée dans ActionSponsor.php
20/03/2015 17:30:48 Entrée dans ActionJoueurs.php
20/03/2015 17:30:48 Entrée dans ActionEcoleDeFoot.php
20/03/2015 17:30:49 Entrée dans ActionAccueil.php
20/03/2015 17:30:49 Entrée dans ActionEvenement.php
20/03/2015 18:14:10 Entrée dans ActionAccueil.php
20/03/2015 18:14:24 Entrée dans ActionClub.php
20/03/2015 18:14:34 Entrée dans ActionAgenda.php
20/03/2015 18:14:44 Entrée dans ActionJoueurs.php
20/03/2015 18:14:49 Entrée dans ActionSponsor.php
20/03/2015 18:15:09 Entrée dans ActionEvenement.php
20/03/2015 18:15:19 Entrée dans ActionEcoleDeFoot.php
20/03/2015 19:41:21 Entrée dans ActionAccueil.php
20/03/2015 19:42:07 Entrée dans AfficherPopupArticle.php
20/03/2015 19:42:08 Entrée dans AfficherPopupArticle.php
20/03/2015 21:15:36 Entrée dans ActionAccueil.php
20/03/2015 21:17:50 Entrée dans ActionEcoleDeFoot.php
20/03/2015 21:17:57 Entrée dans ActionEcoleDeFoot.php
20/03/2015 21:17:59 Entrée dans ActionEcoleDeFoot.php
20/03/2015 21:18:01 Entrée dans ActionEcoleDeFoot.php
20/03/2015 21:19:15 Entrée dans ActionAgenda.php
20/03/2015 21:19:16 Entrée dans ActionAgenda.php
20/03/2015 21:20:43 Entrée dans ActionAgenda.php
20/03/2015 21:20:54 Entrée dans ActionAgenda.php
20/03/2015 21:24:08 Entrée dans ActionAgenda.php
20/03/2015 21:24:09 Entrée dans ActionAgenda.php
20/03/2015 21:25:51 Entrée dans ActionAgenda.php
20/03/2015 21:25:57 Entrée dans ActionAgenda.php
20/03/2015 21:26:08 Entrée dans ActionAgenda.php
20/03/2015 21:26:18 Entrée dans ActionEcoleDeFoot.php
20/03/2015 21:26:23 Entrée dans ActionEcoleDeFoot.php
20/03/2015 22:45:55 Entrée dans ActionLogin.php
20/03/2015 22:45:55 Authentification de lsutter.
20/03/2015 22:45:55 Entrée dans ActionProfil.php
20/03/2015 22:45:58 Entrée dans GestionResultats.php
20/03/2015 22:46:49 Entrée dans GestionResultats.php
20/03/2015 22:47:06 Entrée dans GestionResultats.php
20/03/2015 22:47:36 Entrée dans GestionResultats.php
20/03/2015 22:48:00 Entrée dans ActionRencontre.php
20/03/2015 22:48:27 Entrée dans ActionAccueil.php
20/03/2015 22:48:28 Entrée dans ActionAccueil.php
21/03/2015 09:05:35 Entrée dans ActionAccueil.php
21/03/2015 09:05:49 Entrée dans ActionAgenda.php
21/03/2015 09:05:51 Entrée dans ActionAgenda.php
21/03/2015 09:06:32 Entrée dans ActionAgenda.php
21/03/2015 09:07:07 Entrée dans ActionEcoleDeFoot.php
21/03/2015 09:07:28 Entrée dans ActionEcoleDeFoot.php
21/03/2015 09:08:21 Entrée dans ActionAccueil.php
21/03/2015 09:08:26 Entrée dans ActionEcoleDeFoot.php
21/03/2015 09:08:38 Entrée dans ActionClub.php
21/03/2015 09:09:00 Entrée dans ActionEcoleDeFoot.php
21/03/2015 09:09:50 Entrée dans ActionEcoleDeFoot.php
21/03/2015 09:10:52 Entrée dans ActionAgenda.php
21/03/2015 09:10:53 Entrée dans ActionAgenda.php
21/03/2015 10:02:29 Entrée dans ActionAccueil.php
21/03/2015 10:35:43 Entrée dans ActionAccueil.php
21/03/2015 10:35:53 Entrée dans ActionEcoleDeFoot.php
21/03/2015 10:35:56 Entrée dans ActionEcoleDeFoot.php
21/03/2015 10:40:02 Entrée dans ActionAccueil.php
21/03/2015 11:11:39 Entrée dans ActionAccueil.php
21/03/2015 14:15:25 Entrée dans ActionAccueil.php
21/03/2015 14:17:15 Entrée dans AfficherPopupArticle.php
21/03/2015 14:31:24 Entrée dans ActionAccueil.php
21/03/2015 14:32:32 Entrée dans AfficherPopupArticle.php
21/03/2015 14:33:12 Entrée dans ActionAccueil.php
21/03/2015 14:33:15 Entrée dans ActionAccueil.php
21/03/2015 14:33:19 Entrée dans ActionClub.php
21/03/2015 14:33:32 Entrée dans ActionEcoleDeFoot.php
21/03/2015 14:34:05 Entrée dans ActionEcoleDeFoot.php
21/03/2015 16:50:46 Entrée dans ActionAccueil.php
21/03/2015 19:38:11 Entrée dans ActionAccueil.php
21/03/2015 19:38:13 Entrée dans ActionAccueil.php
21/03/2015 19:38:16 Entrée dans ActionAccueil.php
21/03/2015 21:42:30 Entrée dans ActionAccueil.php
21/03/2015 22:14:11 Entrée dans ActionAccueil.php
21/03/2015 22:15:47 Entrée dans ActionEvenement.php
21/03/2015 22:15:52 Entrée dans ActionAgenda.php
21/03/2015 22:15:54 Entrée dans ActionAgenda.php
21/03/2015 22:16:20 Entrée dans ActionClub.php
21/03/2015 22:16:36 Entrée dans ActionJoueurs.php
21/03/2015 22:17:21 Entrée dans ActionEcoleDeFoot.php
21/03/2015 22:17:35 Entrée dans ActionEcoleDeFoot.php
21/03/2015 22:19:05 Entrée dans ActionEcoleDeFoot.php
21/03/2015 22:19:15 Entrée dans ActionEcoleDeFoot.php
21/03/2015 22:19:45 Entrée dans ActionEcoleDeFoot.php
21/03/2015 22:20:07 Entrée dans ActionJoueurs.php
21/03/2015 22:20:20 Entrée dans ActionSponsor.php
21/03/2015 22:21:27 Entrée dans ActionEcoleDeFoot.php
21/03/2015 22:21:45 Entrée dans ActionEcoleDeFoot.php
21/03/2015 22:21:55 Entrée dans ActionAccueil.php
21/03/2015 22:22:26 Entrée dans AfficherPopupArticle.php
22/03/2015 11:43:33 Entrée dans ActionAccueil.php
22/03/2015 14:06:01 Entrée dans ActionAccueil.php
22/03/2015 14:06:45 Entrée dans ActionClub.php
22/03/2015 14:06:57 Entrée dans ActionClub.php
22/03/2015 14:09:17 Entrée dans ActionEcoleDeFoot.php
22/03/2015 14:09:51 Entrée dans ActionEcoleDeFoot.php
22/03/2015 14:10:09 Entrée dans ActionEcoleDeFoot.php
22/03/2015 14:10:27 Entrée dans ActionEcoleDeFoot.php
22/03/2015 14:10:47 Entrée dans ActionEcoleDeFoot.php
22/03/2015 14:10:55 Entrée dans ActionEcoleDeFoot.php
22/03/2015 14:11:30 Entrée dans ActionEcoleDeFoot.php
22/03/2015 14:12:45 Entrée dans ActionEcoleDeFoot.php
22/03/2015 14:13:13 Entrée dans ActionJoueurs.php
22/03/2015 14:29:41 Entrée dans ActionAccueil.php
22/03/2015 17:37:11 Entrée dans ActionAccueil.php
23/03/2015 03:38:15 Entrée dans ActionAccueil.php
23/03/2015 09:01:14 Entrée dans ActionAccueil.php
23/03/2015 09:02:24 Entrée dans ActionEcoleDeFoot.php
23/03/2015 09:02:54 Entrée dans ActionEcoleDeFoot.php
23/03/2015 09:03:38 Entrée dans ActionEcoleDeFoot.php
23/03/2015 09:04:43 Entrée dans ActionClub.php
23/03/2015 09:23:24 Entrée dans ActionAccueil.php
23/03/2015 09:23:29 Entrée dans ActionEcoleDeFoot.php
23/03/2015 09:23:55 Entrée dans ActionEcoleDeFoot.php
23/03/2015 09:24:06 Entrée dans ActionAgenda.php
23/03/2015 09:24:06 Entrée dans ActionAgenda.php
23/03/2015 09:24:09 Entrée dans ActionEcoleDeFoot.php
23/03/2015 09:24:16 Entrée dans ActionAccueil.php
23/03/2015 09:24:20 Entrée dans ActionClub.php
23/03/2015 09:25:34 Entrée dans ActionSponsor.php
23/03/2015 09:25:37 Entrée dans ActionEvenement.php
23/03/2015 09:25:38 Entrée dans ActionAgenda.php
23/03/2015 09:25:39 Entrée dans ActionAgenda.php
23/03/2015 09:25:40 Entrée dans ActionEvenement.php
23/03/2015 09:25:46 Entrée dans ActionAgenda.php
23/03/2015 09:25:47 Entrée dans ActionAgenda.php
23/03/2015 09:26:00 Entrée dans ActionEcoleDeFoot.php
23/03/2015 09:26:05 Entrée dans ActionJoueurs.php
23/03/2015 10:13:56 Entrée dans ActionAccueil.php
23/03/2015 10:14:27 Entrée dans ActionJoueurs.php
23/03/2015 10:17:44 Entrée dans ActionAccueil.php
23/03/2015 10:17:53 Entrée dans ActionAccueil.php
23/03/2015 10:18:17 Entrée dans AfficherPopupArticle.php
23/03/2015 10:18:43 Entrée dans AfficherPopupArticle.php
23/03/2015 10:18:55 Entrée dans AfficherPopupArticle.php
23/03/2015 10:18:59 Entrée dans AfficherPopupArticle.php
23/03/2015 10:19:16 Entrée dans AfficherPopupArticle.php
23/03/2015 10:19:38 Entrée dans AfficherPopupArticle.php
23/03/2015 10:19:45 Entrée dans AfficherPopupArticle.php
23/03/2015 10:20:17 Entrée dans AfficherPopupArticle.php
23/03/2015 10:20:51 Entrée dans ActionClub.php
23/03/2015 10:24:07 Entrée dans ActionClub.php
23/03/2015 10:24:11 Entrée dans ActionJoueurs.php
23/03/2015 10:24:49 Entrée dans ActionJoueurs.php
23/03/2015 10:24:55 Entrée dans ActionAgenda.php
23/03/2015 10:24:56 Entrée dans ActionAgenda.php
23/03/2015 10:25:29 Entrée dans ActionEvenement.php
23/03/2015 10:25:32 Entrée dans ActionSponsor.php
23/03/2015 10:25:58 Entrée dans ActionAgenda.php
23/03/2015 10:26:05 Entrée dans ActionAccueil.php
23/03/2015 12:55:00 Entrée dans ActionAccueil.php
23/03/2015 12:55:36 Entrée dans AfficherPopupArticle.php
23/03/2015 14:47:22 Entrée dans ActionAccueil.php
23/03/2015 14:47:49 Entrée dans ActionLogin.php
23/03/2015 14:47:51 Entrée dans ActionLogin.php
23/03/2015 14:47:53 Entrée dans ActionLogin.php
23/03/2015 14:47:57 Entrée dans ActionEvenement.php
23/03/2015 14:48:04 Entrée dans ActionEcoleDeFoot.php
23/03/2015 14:48:08 Entrée dans ActionEcoleDeFoot.php
23/03/2015 14:48:42 Entrée dans ActionLogin.php
23/03/2015 14:48:56 Entrée dans ActionLogin.php
23/03/2015 14:48:59 Entrée dans ActionLogin.php
23/03/2015 14:49:36 Entrée dans ActionAccueil.php
23/03/2015 14:51:51 Entrée dans ActionAccueil.php
23/03/2015 14:51:52 Entrée dans ActionAccueil.php
23/03/2015 14:53:34 Entrée dans ActionAccueil.php
23/03/2015 14:53:46 Entrée dans ActionLogin.php
23/03/2015 14:54:04 Entrée dans ActionLogin.php
23/03/2015 14:54:08 Entrée dans ActionLogin.php
23/03/2015 14:54:31 Entrée dans ActionEvenement.php
23/03/2015 14:54:37 Entrée dans ActionEcoleDeFoot.php
23/03/2015 14:54:45 Entrée dans ActionEcoleDeFoot.php
23/03/2015 14:54:47 Entrée dans ActionEcoleDeFoot.php
23/03/2015 14:54:53 Entrée dans ActionEcoleDeFoot.php
23/03/2015 14:55:22 Entrée dans ActionAccueil.php
23/03/2015 14:55:54 Entrée dans ActionEvenement.php
23/03/2015 14:55:59 Entrée dans ActionAgenda.php
23/03/2015 14:56:00 Entrée dans ActionAgenda.php
23/03/2015 14:57:14 Entrée dans ActionLogin.php
23/03/2015 14:57:28 Entrée dans ActionLogin.php
23/03/2015 14:57:32 Entrée dans ActionLogin.php
23/03/2015 14:57:48 Entrée dans ActionLogin.php
23/03/2015 14:57:49 Entrée dans ActionLogin.php
23/03/2015 14:57:50 Entrée dans ActionLogin.php
23/03/2015 14:58:19 Entrée dans ActionLogin.php
23/03/2015 14:58:22 Entrée dans ActionLogin.php
23/03/2015 14:58:33 Entrée dans ActionAgenda.php
23/03/2015 14:58:34 Entrée dans ActionAgenda.php
23/03/2015 14:58:39 Entrée dans ActionEcoleDeFoot.php
23/03/2015 14:58:39 Entrée dans ActionEcoleDeFoot.php
23/03/2015 14:58:43 Entrée dans ActionEcoleDeFoot.php
23/03/2015 15:01:46 Entrée dans ActionLogin.php
23/03/2015 15:01:50 Entrée dans ActionLogin.php
23/03/2015 15:04:23 Entrée dans ActionLogin.php
23/03/2015 15:04:41 Entrée dans ActionClub.php
23/03/2015 15:05:47 Entrée dans ActionAccueil.php
23/03/2015 15:05:51 Entrée dans ActionClub.php
23/03/2015 15:05:54 Entrée dans ActionJoueurs.php
23/03/2015 15:05:56 Entrée dans ActionEcoleDeFoot.php
23/03/2015 15:05:58 Entrée dans ActionAgenda.php
23/03/2015 15:06:01 Entrée dans ActionEvenement.php
23/03/2015 15:06:03 Entrée dans ActionSponsor.php
23/03/2015 15:06:24 Entrée dans ActionJoueurs.php
23/03/2015 15:08:29 Entrée dans ActionSponsor.php
23/03/2015 15:08:36 Entrée dans ActionEvenement.php
23/03/2015 15:09:12 Entrée dans ActionLogin.php
23/03/2015 16:37:01 Entrée dans ActionEvenement.php
23/03/2015 17:37:33 Entrée dans ActionAccueil.php
23/03/2015 19:16:54 Entrée dans ActionAccueil.php
23/03/2015 19:17:24 Entrée dans ActionLogin.php
23/03/2015 19:17:24 Authentification de lsutter.
23/03/2015 19:17:24 Entrée dans ActionProfil.php
23/03/2015 19:17:28 Entrée dans GestionResultats.php
23/03/2015 19:18:11 Entrée dans GestionResultats.php
23/03/2015 19:18:22 Entrée dans GestionResultats.php
23/03/2015 19:19:14 Entrée dans ActionRencontre.php
23/03/2015 19:19:20 Entrée dans ActionMembre.php
23/03/2015 19:19:30 Entrée dans ActionProfil.php
23/03/2015 19:19:33 Entrée dans ActionAccueil.php
23/03/2015 19:19:33 Entrée dans ActionAccueil.php
23/03/2015 20:51:40 Entrée dans ActionAccueil.php
23/03/2015 21:42:21 Entrée dans ActionAccueil.php
23/03/2015 21:42:29 Entrée dans ActionEcoleDeFoot.php
23/03/2015 21:42:34 Entrée dans ActionEcoleDeFoot.php
23/03/2015 21:42:41 Entrée dans ActionEcoleDeFoot.php
24/03/2015 11:41:34 Entrée dans ActionAccueil.php
24/03/2015 11:41:47 Entrée dans ActionAccueil.php
24/03/2015 11:42:03 Entrée dans ActionClub.php
24/03/2015 11:42:05 Entrée dans ActionAgenda.php
24/03/2015 11:42:06 Entrée dans ActionAgenda.php
24/03/2015 11:42:08 Entrée dans ActionClub.php
24/03/2015 13:03:50 Entrée dans ActionEcoleDeFoot.php
24/03/2015 13:03:57 Entrée dans ActionAccueil.php
24/03/2015 15:02:28 Entrée dans ActionLogin.php
24/03/2015 15:02:28 Authentification de epetot.
24/03/2015 15:02:28 Entrée dans ActionProfil.php
24/03/2015 15:02:31 Entrée dans GestionResultats.php
24/03/2015 15:03:28 Entrée dans GestionResultats.php
24/03/2015 15:03:36 Entrée dans GestionResultats.php
24/03/2015 15:03:39 Entrée dans ActionRencontre.php
24/03/2015 15:04:11 Entrée dans GestionResultats.php
24/03/2015 15:37:29 Entrée dans ActionJoueurs.php
24/03/2015 16:08:15 Entrée dans ActionAccueil.php
24/03/2015 16:39:29 Entrée dans ActionClub.php
24/03/2015 16:44:55 Entrée dans ActionAccueil.php
24/03/2015 16:45:03 Entrée dans ActionJoueurs.php
24/03/2015 16:45:34 Entrée dans ActionEcoleDeFoot.php
24/03/2015 16:45:35 Entrée dans ActionEcoleDeFoot.php
24/03/2015 16:45:47 Entrée dans ActionEcoleDeFoot.php
24/03/2015 16:46:10 Entrée dans ActionClub.php
24/03/2015 16:46:17 Entrée dans ActionSponsor.php
24/03/2015 16:46:23 Entrée dans ActionEvenement.php
24/03/2015 21:05:21 Entrée dans ActionAccueil.php
24/03/2015 21:05:28 Entrée dans ActionAccueil.php
24/03/2015 21:53:33 Entrée dans ActionAccueil.php
24/03/2015 21:54:09 Entrée dans ActionEcoleDeFoot.php
24/03/2015 21:54:14 Entrée dans ActionEcoleDeFoot.php
24/03/2015 21:55:31 Entrée dans ActionAgenda.php
24/03/2015 21:55:32 Entrée dans ActionAgenda.php
24/03/2015 21:56:27 Entrée dans ActionAgenda.php
24/03/2015 21:56:36 Entrée dans ActionJoueurs.php
24/03/2015 21:57:26 Entrée dans ActionClub.php
24/03/2015 22:10:24 Entrée dans ActionAccueil.php
24/03/2015 22:10:31 Entrée dans ActionClub.php
25/03/2015 09:03:02 Entrée dans ActionJoueurs.php
25/03/2015 09:05:16 Entrée dans ActionEcoleDeFoot.php
25/03/2015 09:05:21 Entrée dans ActionEcoleDeFoot.php
25/03/2015 09:05:28 Entrée dans ActionEcoleDeFoot.php
25/03/2015 09:05:28 Entrée dans ActionEcoleDeFoot.php
25/03/2015 09:05:58 Entrée dans ActionLogin.php
25/03/2015 09:06:01 Entrée dans ActionLogin.php
25/03/2015 09:06:08 Entrée dans ActionLogin.php
25/03/2015 09:06:13 Entrée dans ActionLogin.php
25/03/2015 09:06:38 Entrée dans ActionLogin.php
25/03/2015 09:06:56 Entrée dans ActionSponsor.php
25/03/2015 09:07:12 Entrée dans ActionAgenda.php
25/03/2015 09:07:13 Entrée dans ActionAgenda.php
25/03/2015 11:46:40 Entrée dans ActionAccueil.php
25/03/2015 12:31:58 Entrée dans ActionLogin.php
25/03/2015 14:17:05 Entrée dans ActionAccueil.php
25/03/2015 14:41:05 Entrée dans ActionAccueil.php
25/03/2015 14:41:47 Entrée dans ActionAccueil.php
25/03/2015 14:42:19 Entrée dans ActionAccueil.php
25/03/2015 14:43:59 Entrée dans ActionAccueil.php
25/03/2015 14:44:13 Entrée dans ActionAccueil.php
25/03/2015 14:44:41 Entrée dans ActionEcoleDeFoot.php
25/03/2015 14:44:43 Entrée dans ActionEcoleDeFoot.php
25/03/2015 21:38:27 Entrée dans ActionAccueil.php
25/03/2015 23:50:47 Entrée dans ActionAccueil.php
25/03/2015 23:50:56 Entrée dans ActionJoueurs.php
25/03/2015 23:52:12 Entrée dans ActionEvenement.php
25/03/2015 23:52:15 Entrée dans ActionAgenda.php
25/03/2015 23:52:16 Entrée dans ActionAgenda.php
25/03/2015 23:52:19 Entrée dans ActionClub.php
26/03/2015 01:09:52 Entrée dans ActionClub.php
26/03/2015 01:18:57 Entrée dans ActionEcoleDeFoot.php
26/03/2015 09:22:48 Entrée dans ActionLogin.php
26/03/2015 09:24:07 Entrée dans ActionAccueil.php
26/03/2015 09:24:42 Entrée dans ActionLogin.php
26/03/2015 09:24:59 Entrée dans ActionLogin.php
26/03/2015 09:25:03 Entrée dans ActionLogin.php
26/03/2015 09:28:33 Entrée dans ActionAgenda.php
26/03/2015 09:28:44 Entrée dans ActionAgenda.php
26/03/2015 10:29:06 Entrée dans ActionAccueil.php
26/03/2015 13:38:38 Entrée dans ActionAccueil.php
26/03/2015 13:38:47 Entrée dans ActionLogin.php
26/03/2015 13:38:47 Authentification de aissadi.
26/03/2015 13:38:47 Entrée dans ActionProfil.php
26/03/2015 13:38:47 Entrée dans ActionAccueil.php
26/03/2015 13:38:55 Entrée dans ActionAccueil.php
26/03/2015 13:38:55 Entrée dans ActionAccueil.php
26/03/2015 13:55:26 Entrée dans ActionAccueil.php
26/03/2015 13:55:50 Entrée dans ActionLogin.php
26/03/2015 13:55:50 Authentification de aissadi.
26/03/2015 13:55:50 Entrée dans ActionProfil.php
26/03/2015 13:56:55 Entrée dans ActionProfil.php
26/03/2015 13:57:18 Entrée dans ActionArticle.php
26/03/2015 13:57:28 Entrée dans ActionMembre.php
26/03/2015 13:57:34 Entrée dans GestionResultats.php
26/03/2015 13:57:52 Entrée dans GestionResultats.php
26/03/2015 13:57:55 Entrée dans ActionEquipe.php
26/03/2015 13:58:05 Entrée dans ActionEquipe.php
26/03/2015 13:58:11 Entrée dans RechercherEquipe.php
26/03/2015 13:58:17 Entrée dans GestionResultats.php
26/03/2015 13:58:23 Entrée dans ActionEquipe.php
26/03/2015 13:58:52 Entrée dans ActionArticle.php
26/03/2015 13:59:37 Entrée dans ActionArticle.php
26/03/2015 13:59:40 Entrée dans ActionArticle.php
26/03/2015 13:59:47 Entrée dans ActionArticle.php
26/03/2015 13:59:50 Entrée dans ActionAccueil.php
26/03/2015 14:00:37 Entrée dans AfficherPopupArticle.php
26/03/2015 14:01:05 Entrée dans AfficherPopupArticle.php
26/03/2015 14:01:28 Entrée dans AfficherPopupArticle.php
26/03/2015 14:01:40 Entrée dans AfficherPopupArticle.php
26/03/2015 14:02:39 Entrée dans ActionLogin.php
26/03/2015 14:02:39 Authentification de aissadi.
26/03/2015 14:02:39 Entrée dans ActionProfil.php
26/03/2015 14:02:50 Entrée dans ActionArticle.php
26/03/2015 14:03:23 Entrée dans GestionResultats.php
26/03/2015 14:05:14 Entrée dans ActionEquipe.php
26/03/2015 14:05:25 Entrée dans RechercherEquipe.php
26/03/2015 14:05:32 Entrée dans GestionResultats.php
26/03/2015 14:05:42 Entrée dans GestionResultats.php
26/03/2015 14:05:43 Entrée dans GestionResultats.php
26/03/2015 14:05:43 Entrée dans GestionResultats.php
26/03/2015 14:05:46 Entrée dans ActionRencontre.php
26/03/2015 14:05:55 Entrée dans ActionRencontre.php
26/03/2015 14:06:29 Entrée dans ActionLogin.php
26/03/2015 14:06:29 Authentification de aissadi.
26/03/2015 14:06:29 Entrée dans ActionProfil.php
26/03/2015 14:06:42 Entrée dans GestionResultats.php
26/03/2015 14:07:52 Entrée dans ActionEquipe.php
26/03/2015 14:08:14 Entrée dans ActionEquipe.php
26/03/2015 14:08:18 Entrée dans GestionResultats.php
26/03/2015 14:08:29 Entrée dans ActionArticle.php
26/03/2015 14:08:38 Entrée dans ActionEquipe.php
26/03/2015 14:08:45 Entrée dans ActionEquipe.php
26/03/2015 14:08:53 Entrée dans ActionMembre.php
26/03/2015 14:09:04 Entrée dans ActionMembre.php
26/03/2015 14:09:16 Entrée dans RechercherMembre.php
26/03/2015 14:09:48 Entrée dans RechercherMembre.php
26/03/2015 14:10:14 Entrée dans ActionMembre.php
26/03/2015 14:10:28 Entrée dans ActionMembre.php
26/03/2015 14:10:33 Entrée dans RechercherMembre.php
26/03/2015 14:11:11 Entrée dans RechercherMembre.php
26/03/2015 14:22:51 Entrée dans ActionLogin.php
26/03/2015 14:22:51 Authentification de aissadi.
26/03/2015 14:22:51 Entrée dans ActionProfil.php
26/03/2015 14:22:56 Entrée dans ActionProfil.php
26/03/2015 14:23:12 Entrée dans GestionResultats.php
26/03/2015 14:23:23 Entrée dans GestionResultats.php
26/03/2015 14:23:25 Entrée dans GestionResultats.php
26/03/2015 14:23:25 Entrée dans GestionResultats.php
26/03/2015 14:23:28 Entrée dans ActionEquipe.php
26/03/2015 14:23:34 Entrée dans ActionEquipe.php
26/03/2015 14:23:41 Entrée dans GestionResultats.php
26/03/2015 14:23:51 Entrée dans ActionMembre.php
26/03/2015 14:23:52 Entrée dans ActionMembre.php
26/03/2015 14:25:24 Entrée dans ActionMembre.php
26/03/2015 14:27:00 Entrée dans ActionMembre.php
26/03/2015 15:15:11 Entrée dans ActionAccueil.php
26/03/2015 15:15:26 Entrée dans AfficherPopupArticle.php
26/03/2015 15:15:52 Entrée dans ActionEcoleDeFoot.php
26/03/2015 15:16:00 Entrée dans ActionEcoleDeFoot.php
26/03/2015 15:49:09 Entrée dans ActionLogin.php
26/03/2015 15:49:10 Authentification de epetot.
26/03/2015 15:49:10 Entrée dans ActionProfil.php
26/03/2015 15:49:15 Entrée dans GestionResultats.php
26/03/2015 15:49:20 Entrée dans ActionArticle.php
26/03/2015 15:49:24 Entrée dans RechercherArticle.php
26/03/2015 15:49:55 Entrée dans ActionPartenaire.php
26/03/2015 15:49:57 Entrée dans ActionProfil.php
26/03/2015 15:50:00 Entrée dans ActionPartenaire.php
26/03/2015 15:50:04 Entrée dans ActionArticle.php
26/03/2015 15:50:08 Entrée dans ActionArticle.php
26/03/2015 15:50:12 Entrée dans GestionResultats.php
26/03/2015 15:50:15 Entrée dans ActionRencontre.php
26/03/2015 15:50:22 Entrée dans ActionMembre.php
26/03/2015 15:50:27 Entrée dans RechercherMembre.php
26/03/2015 15:50:38 Entrée dans ActionEquipe.php
26/03/2015 15:50:43 Entrée dans RechercherEquipe.php
26/03/2015 15:50:49 Entrée dans ActionEquipe.php
26/03/2015 15:50:58 Entrée dans RechercherEquipe.php
26/03/2015 15:51:06 Entrée dans ActionEquipe.php
26/03/2015 15:51:22 Entrée dans ActionProfil.php
26/03/2015 16:12:50 Entrée dans ActionLogin.php
26/03/2015 16:13:10 Entrée dans ActionLogin.php
26/03/2015 16:13:10 Authentification de aissadi.
26/03/2015 16:13:10 Entrée dans ActionProfil.php
26/03/2015 16:13:14 Entrée dans ActionProfil.php
26/03/2015 16:13:21 Entrée dans GestionResultats.php
26/03/2015 16:13:39 Entrée dans ActionMembre.php
26/03/2015 16:13:56 Entrée dans ActionMembre.php
26/03/2015 16:14:05 Entrée dans ActionMembre.php
26/03/2015 16:14:16 Entrée dans ActionMembre.php
26/03/2015 16:14:26 Entrée dans ActionMembre.php
26/03/2015 16:14:35 Entrée dans ActionMembre.php
26/03/2015 16:14:43 Entrée dans ActionMembre.php
26/03/2015 16:14:49 Entrée dans ActionMembre.php
26/03/2015 16:15:00 Entrée dans ActionMembre.php
26/03/2015 16:15:06 Entrée dans ActionMembre.php
26/03/2015 16:15:12 Entrée dans ActionMembre.php
26/03/2015 16:15:19 Entrée dans ActionMembre.php
26/03/2015 16:15:44 Entrée dans ActionMembre.php
26/03/2015 16:16:10 Entrée dans ActionMembre.php
26/03/2015 16:16:41 Entrée dans ActionMembre.php
26/03/2015 17:23:50 Entrée dans ActionAccueil.php
26/03/2015 17:27:49 Entrée dans ActionAccueil.php
26/03/2015 17:28:34 Entrée dans ActionJoueurs.php
26/03/2015 17:30:32 Entrée dans ActionClub.php
26/03/2015 17:31:37 Entrée dans ActionJoueurs.php
26/03/2015 17:31:45 Entrée dans ActionAgenda.php
26/03/2015 17:31:46 Entrée dans ActionAgenda.php
26/03/2015 17:31:49 Entrée dans ActionEvenement.php
26/03/2015 17:32:06 Entrée dans ActionAccueil.php
26/03/2015 19:37:28 Entrée dans ActionAccueil.php
26/03/2015 19:39:31 Entrée dans ActionEcoleDeFoot.php
26/03/2015 19:39:38 Entrée dans ActionEcoleDeFoot.php
26/03/2015 21:28:09 Entrée dans ActionAccueil.php
26/03/2015 23:14:10 Entrée dans ActionAccueil.php
26/03/2015 23:14:11 Entrée dans ActionAccueil.php
27/03/2015 06:44:29 Entrée dans ActionAccueil.php
27/03/2015 09:39:40 Entrée dans ActionJoueurs.php
27/03/2015 09:57:53 Entrée dans ActionAccueil.php
27/03/2015 09:58:39 Entrée dans ActionSponsor.php
27/03/2015 09:59:00 Entrée dans ActionAccueil.php
27/03/2015 09:59:04 Entrée dans ActionClub.php
27/03/2015 11:48:22 Entrée dans ActionAccueil.php
27/03/2015 11:50:35 Entrée dans AfficherPopupArticle.php
27/03/2015 11:51:05 Entrée dans AfficherPopupArticle.php
27/03/2015 11:52:12 Entrée dans AfficherPopupArticle.php
27/03/2015 11:52:28 Entrée dans AfficherPopupArticle.php
27/03/2015 14:20:40 Entrée dans ActionLogin.php
27/03/2015 14:20:40 Authentification de aissadi.
27/03/2015 14:20:41 Entrée dans ActionProfil.php
27/03/2015 14:20:45 Entrée dans ActionEquipe.php
27/03/2015 14:20:53 Entrée dans ActionEquipe.php
27/03/2015 14:21:02 Entrée dans ActionMembre.php
27/03/2015 14:21:29 Entrée dans ActionMembre.php
27/03/2015 14:21:37 Entrée dans RechercherMembre.php
27/03/2015 14:23:33 Entrée dans RechercherMembre.php
27/03/2015 14:23:46 Entrée dans ActionRencontre.php
27/03/2015 14:24:02 Entrée dans ActionProfil.php
27/03/2015 14:24:07 Entrée dans ActionArticle.php
27/03/2015 14:24:16 Entrée dans ActionArticle.php
27/03/2015 14:24:19 Entrée dans GestionResultats.php
27/03/2015 14:24:37 Entrée dans ActionEquipe.php
27/03/2015 14:24:46 Entrée dans RechercherEquipe.php
27/03/2015 14:24:56 Entrée dans ActionMembre.php
27/03/2015 14:25:08 Entrée dans GestionResultats.php
27/03/2015 15:41:46 Entrée dans ActionSponsor.php
27/03/2015 16:11:38 Entrée dans ActionAccueil.php
27/03/2015 16:29:31 Entrée dans ActionAccueil.php
27/03/2015 16:31:15 Entrée dans ActionLogin.php
27/03/2015 16:31:15 Authentification de MMELZER.
27/03/2015 16:31:15 Entrée dans ActionProfil.php
27/03/2015 16:31:45 Entrée dans ActionMembre.php
27/03/2015 16:31:49 Entrée dans ActionRencontre.php
27/03/2015 16:31:58 Entrée dans GestionResultats.php
27/03/2015 16:32:22 Entrée dans ActionPartenaire.php
27/03/2015 16:32:52 Entrée dans ActionProfil.php
27/03/2015 16:33:01 Entrée dans ActionEquipe.php
27/03/2015 16:33:12 Entrée dans ActionPartenaire.php
27/03/2015 16:33:22 Entrée dans ActionPartenaire.php
27/03/2015 16:34:16 Entrée dans GestionResultats.php
27/03/2015 16:34:22 Entrée dans ActionAccueil.php
27/03/2015 16:34:23 Entrée dans ActionAccueil.php
27/03/2015 17:44:50 Entrée dans ActionAccueil.php
27/03/2015 18:41:26 Entrée dans ActionAccueil.php
27/03/2015 18:42:00 Entrée dans AfficherPopupArticle.php
27/03/2015 18:42:24 Entrée dans AfficherPopupArticle.php
27/03/2015 18:42:46 Entrée dans AfficherPopupArticle.php
27/03/2015 18:43:16 Entrée dans AfficherPopupArticle.php
27/03/2015 18:43:36 Entrée dans AfficherPopupArticle.php
27/03/2015 18:43:57 Entrée dans AfficherPopupArticle.php
27/03/2015 18:44:01 Entrée dans AfficherPopupArticle.php
27/03/2015 18:44:07 Entrée dans AfficherPopupArticle.php
27/03/2015 18:44:19 Entrée dans AfficherPopupArticle.php
27/03/2015 18:44:26 Entrée dans ActionClub.php
27/03/2015 22:41:26 Entrée dans ActionAccueil.php
28/03/2015 02:49:15 Entrée dans ActionAccueil.php
28/03/2015 02:49:45 Entrée dans AfficherPopupArticle.php
28/03/2015 02:50:06 Entrée dans ActionClub.php
28/03/2015 02:54:12 Entrée dans ActionEcoleDeFoot.php
28/03/2015 02:54:47 Entrée dans ActionEcoleDeFoot.php
28/03/2015 02:55:05 Entrée dans ActionEcoleDeFoot.php
28/03/2015 02:55:36 Entrée dans ActionEcoleDeFoot.php
28/03/2015 02:56:38 Entrée dans ActionEcoleDeFoot.php
28/03/2015 02:57:54 Entrée dans ActionEcoleDeFoot.php
28/03/2015 02:58:05 Entrée dans ActionEvenement.php
28/03/2015 02:58:18 Entrée dans ActionSponsor.php
28/03/2015 06:25:37 Entrée dans ActionAccueil.php
28/03/2015 08:08:08 Entrée dans ActionAccueil.php
28/03/2015 11:48:40 Entrée dans ActionAccueil.php
28/03/2015 12:07:19 Entrée dans ActionAccueil.php
28/03/2015 13:47:44 Entrée dans ActionSponsor.php
28/03/2015 19:03:17 Entrée dans ActionAccueil.php
28/03/2015 19:04:22 Entrée dans AfficherPopupArticle.php
28/03/2015 19:04:35 Entrée dans AfficherPopupArticle.php
28/03/2015 19:05:06 Entrée dans AfficherPopupArticle.php
28/03/2015 19:05:39 Entrée dans AfficherPopupArticle.php
28/03/2015 19:06:42 Entrée dans ActionAccueil.php
28/03/2015 19:06:44 Entrée dans ActionClub.php
28/03/2015 19:07:06 Entrée dans ActionJoueurs.php
28/03/2015 19:09:19 Entrée dans ActionEcoleDeFoot.php
28/03/2015 19:09:31 Entrée dans ActionAgenda.php
28/03/2015 19:09:32 Entrée dans ActionAgenda.php
28/03/2015 19:09:36 Entrée dans ActionEvenement.php
28/03/2015 19:10:17 Entrée dans ActionSponsor.php
28/03/2015 19:10:42 Entrée dans ActionAccueil.php
29/03/2015 07:01:31 Entrée dans ActionAgenda.php
29/03/2015 07:01:32 Entrée dans ActionAgenda.php
29/03/2015 10:17:52 Entrée dans ActionAccueil.php
29/03/2015 10:17:56 Entrée dans ActionJoueurs.php
29/03/2015 11:56:29 Entrée dans ActionAccueil.php
29/03/2015 11:56:56 Entrée dans ActionAgenda.php
29/03/2015 11:56:57 Entrée dans ActionAgenda.php
29/03/2015 11:57:01 Entrée dans ActionEvenement.php
29/03/2015 12:06:24 Entrée dans ActionAccueil.php
29/03/2015 12:06:35 Entrée dans ActionJoueurs.php
29/03/2015 12:07:51 Entrée dans ActionAccueil.php
29/03/2015 12:08:31 Entrée dans ActionEcoleDeFoot.php
29/03/2015 12:08:35 Entrée dans ActionEcoleDeFoot.php
29/03/2015 12:08:39 Entrée dans ActionEcoleDeFoot.php
29/03/2015 15:34:15 Entrée dans ActionEvenement.php
29/03/2015 15:50:10 Entrée dans ActionSponsor.php
29/03/2015 16:03:58 Entrée dans ActionAccueil.php
29/03/2015 16:04:38 Entrée dans AfficherPopupArticle.php
29/03/2015 17:08:04 Entrée dans ActionAgenda.php
29/03/2015 17:31:11 Entrée dans ActionAccueil.php
29/03/2015 17:31:26 Entrée dans ActionAccueil.php
29/03/2015 18:50:08 Entrée dans ActionAccueil.php
29/03/2015 18:50:13 Entrée dans ActionJoueurs.php
29/03/2015 19:30:43 Entrée dans ActionAccueil.php
29/03/2015 19:31:10 Entrée dans ActionJoueurs.php
29/03/2015 19:32:45 Entrée dans ActionEvenement.php
29/03/2015 20:39:26 Entrée dans ActionEcoleDeFoot.php
29/03/2015 21:44:18 Entrée dans ActionAccueil.php
29/03/2015 21:45:13 Entrée dans ActionClub.php
29/03/2015 21:45:37 Entrée dans ActionEcoleDeFoot.php
29/03/2015 21:45:55 Entrée dans ActionEcoleDeFoot.php
29/03/2015 22:54:12 Entrée dans ActionAccueil.php
29/03/2015 22:54:56 Entrée dans ActionJoueurs.php
29/03/2015 22:57:03 Entrée dans ActionAccueil.php
29/03/2015 23:59:35 Entrée dans ActionClub.php
30/03/2015 00:44:36 Entrée dans ActionJoueurs.php
30/03/2015 13:25:53 Entrée dans ActionAccueil.php
30/03/2015 13:52:14 Entrée dans ActionClub.php
30/03/2015 15:52:46 Entrée dans ActionAccueil.php
30/03/2015 15:53:05 Entrée dans ActionEcoleDeFoot.php
30/03/2015 15:53:18 Entrée dans ActionEcoleDeFoot.php
30/03/2015 15:53:24 Entrée dans ActionEcoleDeFoot.php
30/03/2015 15:53:53 Entrée dans ActionEcoleDeFoot.php
30/03/2015 15:53:53 Entrée dans ActionEcoleDeFoot.php
30/03/2015 15:54:20 Entrée dans ActionEcoleDeFoot.php
30/03/2015 15:54:38 Entrée dans ActionEcoleDeFoot.php
30/03/2015 15:54:41 Entrée dans ActionEcoleDeFoot.php
30/03/2015 15:55:08 Entrée dans ActionJoueurs.php
30/03/2015 20:11:57 Entrée dans ActionJoueurs.php
30/03/2015 20:50:40 Entrée dans ActionAccueil.php
30/03/2015 20:50:41 Entrée dans ActionAccueil.php
31/03/2015 15:02:03 Entrée dans ActionLogin.php
31/03/2015 15:02:04 Authentification de aissadi.
31/03/2015 15:02:04 Entrée dans ActionProfil.php
31/03/2015 15:02:11 Entrée dans GestionResultats.php
31/03/2015 15:02:52 Entrée dans GestionResultats.php
31/03/2015 15:03:28 Entrée dans ActionRencontre.php
31/03/2015 15:04:07 Entrée dans ActionAccueil.php
31/03/2015 15:05:05 Entrée dans ActionLogin.php
31/03/2015 15:05:05 Authentification de aissadi.
31/03/2015 15:05:06 Entrée dans ActionProfil.php
31/03/2015 15:05:13 Entrée dans GestionResultats.php
31/03/2015 15:05:22 Entrée dans ActionAccueil.php
31/03/2015 15:06:35 Entrée dans ActionAgenda.php
31/03/2015 15:06:38 Entrée dans ActionAgenda.php
31/03/2015 15:06:41 Entrée dans ActionAgenda.php
31/03/2015 15:06:45 Entrée dans ActionAgenda.php
31/03/2015 15:06:48 Entrée dans ActionAgenda.php
31/03/2015 15:06:54 Entrée dans ActionEcoleDeFoot.php
31/03/2015 15:06:58 Entrée dans ActionEcoleDeFoot.php
31/03/2015 15:08:15 Entrée dans ActionEvenement.php
31/03/2015 15:08:29 Entrée dans ActionEcoleDeFoot.php
31/03/2015 15:08:37 Entrée dans ActionEcoleDeFoot.php
31/03/2015 15:10:53 Entrée dans ActionEcoleDeFoot.php
31/03/2015 15:11:02 Entrée dans ActionEcoleDeFoot.php
31/03/2015 15:12:41 Entrée dans ActionEcoleDeFoot.php
31/03/2015 15:14:37 Entrée dans ActionEcoleDeFoot.php
31/03/2015 15:15:54 Entrée dans ActionEcoleDeFoot.php
31/03/2015 15:16:41 Entrée dans ActionAccueil.php
31/03/2015 15:17:25 Entrée dans AfficherPopupArticle.php
31/03/2015 15:17:43 Entrée dans AfficherPopupArticle.php
31/03/2015 15:17:56 Entrée dans AfficherPopupArticle.php
31/03/2015 15:18:36 Entrée dans RechercherArticle.php
31/03/2015 15:18:40 Entrée dans ActionArticle.php
31/03/2015 15:18:56 Entrée dans RechercherArticle.php
31/03/2015 15:19:34 Entrée dans GestionResultats.php
31/03/2015 15:20:53 Entrée dans GestionResultats.php
31/03/2015 15:20:53 Entrée dans ActionEquipe.php
31/03/2015 15:21:03 Entrée dans RechercherEquipe.php
31/03/2015 15:21:09 Entrée dans GestionResultats.php
31/03/2015 15:21:26 Entrée dans GestionResultats.php
31/03/2015 15:21:31 Entrée dans ActionEquipe.php
31/03/2015 15:21:39 Entrée dans ActionEquipe.php
31/03/2015 15:21:49 Entrée dans ActionEquipe.php
31/03/2015 15:21:55 Entrée dans RechercherEquipe.php
31/03/2015 15:22:00 Entrée dans ActionProfil.php
31/03/2015 15:22:27 Entrée dans ActionProfil.php
31/03/2015 17:29:47 Entrée dans ActionAccueil.php
31/03/2015 17:30:14 Entrée dans ActionLogin.php
31/03/2015 17:30:14 Authentification de tsutter.
31/03/2015 17:30:14 Entrée dans ActionProfil.php
31/03/2015 17:30:33 Entrée dans ActionAccueil.php
31/03/2015 17:30:37 Entrée dans GestionResultats.php
31/03/2015 17:31:32 Entrée dans GestionResultats.php
31/03/2015 17:32:03 Entrée dans ActionAccueil.php
31/03/2015 18:48:06 Entrée dans ActionAccueil.php
31/03/2015 19:11:12 Entrée dans ActionAccueil.php
31/03/2015 19:11:12 Entrée dans ActionAccueil.php
31/03/2015 19:11:53 Entrée dans ActionAccueil.php
31/03/2015 19:11:59 Entrée dans ActionAccueil.php
31/03/2015 19:12:17 Entrée dans ActionClub.php
31/03/2015 19:12:42 Entrée dans ActionEcoleDeFoot.php
31/03/2015 19:12:56 Entrée dans ActionEcoleDeFoot.php
31/03/2015 19:13:13 Entrée dans ActionEcoleDeFoot.php
31/03/2015 19:13:15 Entrée dans ActionEcoleDeFoot.php
31/03/2015 21:56:15 Entrée dans ActionAgenda.php
31/03/2015 21:58:25 Entrée dans ActionAgenda.php
31/03/2015 21:58:25 Entrée dans ActionAgenda.php
31/03/2015 23:21:05 Entrée dans ActionAccueil.php
