03/03/2015 15:14:21 Erreur lors de l'authentification de .
03/03/2015 15:14:36 Erreur lors de l'authentification de .
03/03/2015 21:25:38 Erreur lors de l'authentification de lsutter.
06/03/2015 14:46:28 Erreur lors de l'authentification de alain.
13/03/2015 21:24:06 Erreur lors de l'authentification de alain.
13/03/2015 21:24:14 Erreur lors de l'authentification de alain.
13/03/2015 21:24:19 Erreur lors de l'authentification de alain.
13/03/2015 21:24:31 Erreur lors de l'authentification de alain.
13/03/2015 21:24:31 Erreur lors de l'authentification de alain.
13/03/2015 21:24:45 Erreur lors de l'authentification de issadi.
13/03/2015 21:24:51 Erreur lors de l'authentification de issadi.
13/03/2015 21:25:18 Erreur lors de l'authentification de aissadi.
13/03/2015 21:27:18 Erreur lors de l'authentification de alain.
13/03/2015 21:27:26 Erreur lors de l'authentification de alain.
13/03/2015 21:27:43 Erreur lors de l'authentification de ialain.
23/03/2015 14:47:49 Erreur lors de l'authentification de alain.
23/03/2015 14:47:51 Erreur lors de l'authentification de alain.
23/03/2015 14:47:53 Erreur lors de l'authentification de alain.
23/03/2015 14:48:42 Erreur lors de l'authentification de aissadi.
23/03/2015 14:48:56 Erreur lors de l'authentification de aissadi.
23/03/2015 14:48:59 Erreur lors de l'authentification de aissadi.
23/03/2015 14:53:46 Erreur lors de l'authentification de alain.
23/03/2015 14:54:04 Erreur lors de l'authentification de aissadi.
23/03/2015 14:54:08 Erreur lors de l'authentification de aissadi.
23/03/2015 14:57:14 Erreur lors de l'authentification de alain.
23/03/2015 14:57:28 Erreur lors de l'authentification de issadi.
23/03/2015 14:57:32 Erreur lors de l'authentification de issadi.
23/03/2015 14:57:48 Erreur lors de l'authentification de alain.
23/03/2015 14:57:49 Erreur lors de l'authentification de alain.
23/03/2015 14:57:50 Erreur lors de l'authentification de alain.
23/03/2015 14:58:19 Erreur lors de l'authentification de alain.
23/03/2015 14:58:22 Erreur lors de l'authentification de alain.
23/03/2015 15:01:46 Erreur lors de l'authentification de aissadi.
23/03/2015 15:01:50 Erreur lors de l'authentification de aissadi.
23/03/2015 15:04:23 Erreur lors de l'authentification de alain.
23/03/2015 15:09:12 Erreur lors de l'authentification de alain.
25/03/2015 09:05:58 Erreur lors de l'authentification de alain.
25/03/2015 09:06:01 Erreur lors de l'authentification de alain.
25/03/2015 09:06:08 Erreur lors de l'authentification de alain.
25/03/2015 09:06:13 Erreur lors de l'authentification de alain.
25/03/2015 09:06:38 Erreur lors de l'authentification de aissadi.
25/03/2015 12:31:58 Erreur lors de l'authentification de alain.
26/03/2015 09:22:48 Erreur lors de l'authentification de aissadi.
26/03/2015 09:24:42 Erreur lors de l'authentification de aissadi.
26/03/2015 09:24:59 Erreur lors de l'authentification de alain.
26/03/2015 09:25:03 Erreur lors de l'authentification de alain.
26/03/2015 16:12:50 Erreur lors de l'authentification de issadi.
