01/06/2016 01:57:40 Entrée dans ActionAccueil.php
01/06/2016 01:57:45 Entrée dans ActionClub.php
01/06/2016 01:57:46 Entrée dans ActionJoueurs.php
01/06/2016 01:57:48 Entrée dans ActionEcoleDeFoot.php
01/06/2016 01:57:50 Entrée dans ActionAgenda.php
01/06/2016 01:57:54 Entrée dans ActionEvenement.php
01/06/2016 01:57:56 Entrée dans ActionSponsor.php
01/06/2016 05:05:54 Entrée dans ActionContact.php
01/06/2016 05:05:54 Entrée dans ActionContact.php
01/06/2016 06:27:51 Entrée dans ActionContact.php
01/06/2016 06:27:51 Entrée dans ActionContact.php
01/06/2016 07:11:57 Entrée dans ActionAccueil.php
01/06/2016 07:35:00 Entrée dans ActionContact.php
01/06/2016 07:35:00 Entrée dans ActionContact.php
01/06/2016 07:55:00 Entrée dans ActionContact.php
01/06/2016 07:55:00 Entrée dans ActionContact.php
01/06/2016 09:49:06 Entrée dans ActionAgenda.php
01/06/2016 09:49:08 Entrée dans ActionClub.php
01/06/2016 09:49:13 Entrée dans ActionAccueil.php
01/06/2016 09:49:14 Entrée dans ActionAccueil.php
01/06/2016 09:49:20 Entrée dans ActionJoueurs.php
01/06/2016 09:49:22 Entrée dans ActionSponsor.php
01/06/2016 09:49:25 Entrée dans ActionEvenement.php
01/06/2016 09:49:27 Entrée dans ActionEcoleDeFoot.php
01/06/2016 09:49:28 Entrée dans ActionAccueil.php
01/06/2016 09:49:32 Entrée dans AfficherPopupCompteRendu.php
01/06/2016 09:49:33 Entrée dans AfficherPopupArticle.php
01/06/2016 09:49:37 Entrée dans ActionLogin.php
01/06/2016 09:49:39 Entrée dans AfficherPopupArticle.php
01/06/2016 09:49:41 Entrée dans ActionAgenda.php
01/06/2016 09:49:43 Entrée dans ActionClub.php
01/06/2016 09:49:47 Entrée dans ActionAccueil.php
01/06/2016 09:49:48 Entrée dans ActionAccueil.php
01/06/2016 09:49:54 Entrée dans ActionJoueurs.php
01/06/2016 09:49:56 Entrée dans ActionSponsor.php
01/06/2016 09:49:59 Entrée dans ActionEvenement.php
01/06/2016 09:50:01 Entrée dans ActionEcoleDeFoot.php
01/06/2016 09:50:03 Entrée dans ActionAccueil.php
01/06/2016 09:50:08 Entrée dans ActionLogin.php
01/06/2016 09:50:09 Entrée dans AfficherPopupArticle.php
01/06/2016 09:50:37 Entrée dans ActionProfil.php
01/06/2016 09:50:37 Entrée dans ActionAccueil.php
01/06/2016 09:50:40 Entrée dans AfficherPopupCompteRendu.php
01/06/2016 09:50:42 Entrée dans AfficherPopupArticle.php
01/06/2016 09:50:44 Entrée dans ActionProfil.php
01/06/2016 09:50:45 Entrée dans ActionAccueil.php
01/06/2016 09:55:12 Entrée dans ActionAccueil.php
01/06/2016 10:01:30 Entrée dans ActionContact.php
01/06/2016 10:04:08 Entrée dans ActionContact.php
01/06/2016 10:04:08 Entrée dans ActionContact.php
01/06/2016 10:14:03 Entrée dans ActionAccueil.php
01/06/2016 10:14:39 Entrée dans ActionAccueil.php
01/06/2016 12:27:27 Entrée dans ActionContact.php
01/06/2016 12:27:27 Entrée dans ActionContact.php
01/06/2016 14:35:26 Entrée dans ActionJoueurs.php
01/06/2016 14:35:42 Entrée dans ActionJoueurs.php
01/06/2016 14:39:31 Entrée dans ActionContact.php
01/06/2016 14:39:32 Entrée dans ActionContact.php
01/06/2016 14:39:35 Entrée dans ActionContact.php
01/06/2016 14:39:38 Entrée dans ActionContact.php
01/06/2016 14:39:50 Entrée dans ActionContact.php
01/06/2016 14:40:48 Entrée dans ActionContact.php
01/06/2016 14:40:49 Entrée dans ActionContact.php
01/06/2016 14:40:50 Entrée dans ActionContact.php
01/06/2016 14:40:50 Entrée dans ActionContact.php
01/06/2016 15:27:27 Entrée dans ActionContact.php
01/06/2016 15:27:27 Entrée dans ActionContact.php
01/06/2016 15:35:33 Entrée dans ActionContact.php
01/06/2016 15:35:34 Entrée dans ActionContact.php
01/06/2016 15:35:36 Entrée dans ActionContact.php
01/06/2016 15:39:26 Entrée dans ActionJoueurs.php
01/06/2016 15:49:03 Entrée dans ActionContact.php
01/06/2016 15:49:05 Entrée dans ActionContact.php
01/06/2016 15:49:22 Entrée dans ActionContact.php
01/06/2016 15:49:23 Entrée dans ActionContact.php
01/06/2016 15:49:24 Entrée dans ActionContact.php
01/06/2016 16:28:05 Entrée dans ActionContact.php
01/06/2016 16:32:23 Entrée dans ActionAccueil.php
01/06/2016 16:32:36 Entrée dans ActionContact.php
01/06/2016 16:32:37 Entrée dans ActionContact.php
01/06/2016 16:32:39 Entrée dans ActionContact.php
01/06/2016 16:32:50 Entrée dans ActionLogin.php
01/06/2016 16:32:50 Authentification de tsutter.
01/06/2016 16:32:50 Entrée dans ActionProfil.php
01/06/2016 16:33:55 Entrée dans ActionArticle.php
01/06/2016 16:53:34 Entrée dans ActionArticle.php
01/06/2016 16:54:07 Entrée dans ActionContact.php
01/06/2016 16:54:08 Entrée dans ActionContact.php
01/06/2016 16:58:16 Entrée dans ActionContact.php
01/06/2016 19:36:08 Entrée dans ActionAccueil.php
01/06/2016 20:09:09 Entrée dans ActionContact.php
01/06/2016 20:09:09 Entrée dans ActionContact.php
01/06/2016 20:41:00 Entrée dans ActionAccueil.php
01/06/2016 20:41:34 Entrée dans ActionClub.php
01/06/2016 21:28:07 Entrée dans ActionContact.php
01/06/2016 21:28:07 Entrée dans ActionContact.php
01/06/2016 21:28:44 Entrée dans ActionAccueil.php
01/06/2016 21:29:13 Entrée dans ActionClub.php
01/06/2016 21:29:42 Entrée dans ActionEcoleDeFoot.php
01/06/2016 21:30:37 Entrée dans ActionAccueil.php
01/06/2016 21:31:51 Entrée dans ActionAccueil.php
01/06/2016 21:31:54 Entrée dans ActionClub.php
01/06/2016 21:33:19 Entrée dans ActionAccueil.php
01/06/2016 21:44:17 Entrée dans ActionContact.php
01/06/2016 21:44:17 Entrée dans ActionContact.php
01/06/2016 21:44:21 Entrée dans ActionContact.php
01/06/2016 21:44:22 Entrée dans ActionContact.php
01/06/2016 21:44:22 Entrée dans ActionContact.php
01/06/2016 21:44:26 Entrée dans ActionContact.php
01/06/2016 21:44:30 Entrée dans ActionContact.php
01/06/2016 21:45:51 Entrée dans ActionContact.php
01/06/2016 22:34:36 Entrée dans ActionContact.php
01/06/2016 22:34:36 Entrée dans ActionContact.php
01/06/2016 22:58:21 Entrée dans ActionContact.php
01/06/2016 22:58:21 Entrée dans ActionContact.php
01/06/2016 23:30:38 Entrée dans ActionAccueil.php
01/06/2016 23:31:41 Entrée dans ActionClub.php
02/06/2016 05:42:16 Entrée dans ActionAgenda.php
02/06/2016 06:56:41 Entrée dans ActionContact.php
02/06/2016 07:43:28 Entrée dans ActionEcoleDeFoot.php
02/06/2016 07:43:32 Entrée dans ActionEcoleDeFoot.php
02/06/2016 07:43:52 Entrée dans ActionEcoleDeFoot.php
02/06/2016 07:44:36 Entrée dans ActionJoueurs.php
02/06/2016 10:17:44 Entrée dans ActionEvenement.php
02/06/2016 11:04:44 Entrée dans ActionContact.php
02/06/2016 11:04:46 Entrée dans ActionContact.php
02/06/2016 11:04:48 Entrée dans ActionContact.php
02/06/2016 11:04:58 Entrée dans ActionContact.php
02/06/2016 11:04:59 Entrée dans ActionContact.php
02/06/2016 11:05:00 Entrée dans ActionContact.php
02/06/2016 11:05:05 Entrée dans ActionContact.php
02/06/2016 11:08:30 Entrée dans ActionContact.php
02/06/2016 11:08:31 Entrée dans ActionContact.php
02/06/2016 11:08:33 Entrée dans ActionContact.php
02/06/2016 11:08:34 Entrée dans ActionContact.php
02/06/2016 11:09:39 Entrée dans ActionContact.php
02/06/2016 11:09:41 Entrée dans ActionContact.php
02/06/2016 11:34:33 Entrée dans ActionAccueil.php
02/06/2016 11:34:47 Entrée dans ActionLogin.php
02/06/2016 11:34:47 Authentification de tsutter.
02/06/2016 11:34:47 Entrée dans ActionProfil.php
02/06/2016 11:34:49 Entrée dans GestionResultats.php
02/06/2016 11:35:06 Entrée dans ActionContact.php
02/06/2016 11:35:07 Entrée dans ActionContact.php
02/06/2016 11:35:08 Entrée dans ActionContact.php
02/06/2016 11:35:10 Entrée dans ActionContact.php
02/06/2016 11:35:47 Entrée dans GestionResultats.php
02/06/2016 11:35:52 Entrée dans ActionRencontre.php
02/06/2016 11:35:57 Entrée dans ActionRencontre.php
02/06/2016 11:36:06 Entrée dans ActionConvocation.php
02/06/2016 11:36:12 Entrée dans RechercherRencontre.php
02/06/2016 11:36:21 Entrée dans ActionRencontre.php
02/06/2016 11:36:25 Entrée dans GestionResultats.php
02/06/2016 11:36:27 Entrée dans ActionAccueil.php
02/06/2016 11:36:31 Entrée dans AfficherPopupCompteRendu.php
02/06/2016 11:48:07 Entrée dans ActionAccueil.php
02/06/2016 11:48:22 Entrée dans ActionJoueurs.php
02/06/2016 12:03:44 Entrée dans ActionAccueil.php
02/06/2016 12:04:12 Entrée dans AfficherPopupArticle.php
02/06/2016 12:04:20 Entrée dans ActionEcoleDeFoot.php
02/06/2016 12:04:37 Entrée dans ActionClub.php
02/06/2016 12:04:48 Entrée dans ActionJoueurs.php
02/06/2016 12:06:06 Entrée dans ActionContact.php
02/06/2016 12:38:58 Entrée dans ActionAccueil.php
02/06/2016 12:39:18 Entrée dans AfficherPopupArticle.php
02/06/2016 12:39:31 Entrée dans AfficherPopupArticle.php
02/06/2016 12:39:49 Entrée dans ActionJoueurs.php
02/06/2016 12:55:10 Entrée dans ActionAccueil.php
02/06/2016 12:55:21 Entrée dans ActionClub.php
02/06/2016 16:59:06 Entrée dans ActionContact.php
02/06/2016 20:52:15 Entrée dans ActionContact.php
02/06/2016 20:52:16 Entrée dans ActionContact.php
02/06/2016 20:52:18 Entrée dans ActionContact.php
02/06/2016 20:52:19 Entrée dans ActionContact.php
02/06/2016 21:03:46 Entrée dans ActionContact.php
02/06/2016 21:03:47 Entrée dans ActionContact.php
02/06/2016 21:03:49 Entrée dans ActionContact.php
02/06/2016 21:03:49 Entrée dans ActionContact.php
02/06/2016 21:09:45 Entrée dans ActionAccueil.php
02/06/2016 21:10:24 Entrée dans ActionAccueil.php
02/06/2016 21:11:34 Entrée dans ActionAccueil.php
02/06/2016 21:11:44 Entrée dans ActionClub.php
02/06/2016 21:11:55 Entrée dans ActionAgenda.php
02/06/2016 21:11:57 Entrée dans ActionAgenda.php
02/06/2016 21:12:13 Entrée dans ActionEvenement.php
02/06/2016 21:12:39 Entrée dans ActionAgenda.php
02/06/2016 21:12:40 Entrée dans ActionAgenda.php
02/06/2016 22:20:53 Entrée dans ActionAccueil.php
02/06/2016 22:21:24 Entrée dans AfficherPopupArticle.php
03/06/2016 04:17:00 Entrée dans ActionSponsor.php
03/06/2016 05:43:30 Entrée dans ActionEcoleDeFoot.php
03/06/2016 07:55:21 Entrée dans ActionAccueil.php
03/06/2016 07:55:30 Entrée dans AfficherPopupArticle.php
03/06/2016 07:55:58 Entrée dans ActionAgenda.php
03/06/2016 07:56:00 Entrée dans ActionAgenda.php
03/06/2016 07:56:03 Entrée dans ActionEvenement.php
03/06/2016 07:56:16 Entrée dans ActionAgenda.php
03/06/2016 10:51:11 Entrée dans ActionAccueil.php
03/06/2016 10:52:15 Entrée dans ActionClub.php
03/06/2016 10:52:51 Entrée dans ActionEcoleDeFoot.php
03/06/2016 10:53:30 Entrée dans ActionAgenda.php
03/06/2016 10:53:32 Entrée dans ActionAgenda.php
03/06/2016 10:53:47 Entrée dans ActionEvenement.php
03/06/2016 10:54:10 Entrée dans ActionAccueil.php
03/06/2016 12:46:38 Entrée dans ActionAccueil.php
03/06/2016 12:46:44 Entrée dans ActionClub.php
03/06/2016 12:46:48 Entrée dans ActionJoueurs.php
03/06/2016 12:46:51 Entrée dans ActionEcoleDeFoot.php
03/06/2016 12:46:53 Entrée dans ActionAgenda.php
03/06/2016 12:46:56 Entrée dans ActionEvenement.php
03/06/2016 12:46:58 Entrée dans ActionSponsor.php
03/06/2016 13:16:34 Entrée dans ActionAccueil.php
03/06/2016 13:17:45 Entrée dans AfficherPopupCompteRendu.php
03/06/2016 13:38:04 Entrée dans ActionContact.php
03/06/2016 15:13:46 Entrée dans ActionAccueil.php
03/06/2016 16:54:59 Entrée dans ActionContact.php
03/06/2016 16:55:00 Entrée dans ActionContact.php
03/06/2016 16:55:03 Entrée dans ActionContact.php
03/06/2016 16:55:04 Entrée dans ActionContact.php
03/06/2016 16:55:27 Entrée dans ActionContact.php
03/06/2016 16:55:27 Entrée dans ActionContact.php
03/06/2016 16:55:29 Entrée dans ActionContact.php
03/06/2016 17:47:12 Entrée dans ActionAccueil.php
03/06/2016 19:10:53 Entrée dans ActionAccueil.php
03/06/2016 19:11:15 Entrée dans AfficherPopupCompteRendu.php
03/06/2016 19:12:12 Entrée dans AfficherPopupArticle.php
03/06/2016 19:26:31 Entrée dans ActionAccueil.php
03/06/2016 20:15:43 Entrée dans ActionAccueil.php
03/06/2016 20:16:48 Entrée dans ActionClub.php
03/06/2016 20:17:50 Entrée dans ActionJoueurs.php
03/06/2016 20:30:44 Entrée dans ActionContact.php
03/06/2016 21:43:22 Entrée dans ActionEcoleDeFoot.php
03/06/2016 21:43:28 Entrée dans ActionEvenement.php
03/06/2016 23:01:19 Entrée dans ActionContact.php
03/06/2016 23:01:21 Entrée dans ActionContact.php
03/06/2016 23:01:23 Entrée dans ActionContact.php
03/06/2016 23:01:24 Entrée dans ActionContact.php
04/06/2016 01:55:56 Entrée dans ActionJoueurs.php
04/06/2016 03:52:54 Entrée dans ActionEcoleDeFoot.php
04/06/2016 03:52:57 Entrée dans ActionEvenement.php
04/06/2016 03:53:00 Entrée dans ActionJoueurs.php
04/06/2016 03:53:03 Entrée dans ActionSponsor.php
04/06/2016 07:28:45 Entrée dans ActionEcoleDeFoot.php
04/06/2016 07:28:49 Entrée dans ActionEvenement.php
04/06/2016 07:28:52 Entrée dans ActionJoueurs.php
04/06/2016 07:28:56 Entrée dans ActionSponsor.php
04/06/2016 08:50:50 Entrée dans ActionAccueil.php
04/06/2016 08:51:32 Entrée dans ActionAccueil.php
04/06/2016 09:51:10 Entrée dans ActionContact.php
04/06/2016 09:51:11 Entrée dans ActionContact.php
04/06/2016 09:51:13 Entrée dans ActionContact.php
04/06/2016 09:51:14 Entrée dans ActionContact.php
04/06/2016 10:25:32 Entrée dans ActionClub.php
04/06/2016 15:02:27 Entrée dans ActionAccueil.php
04/06/2016 16:18:07 Entrée dans ActionContact.php
04/06/2016 17:23:45 Entrée dans ActionAccueil.php
04/06/2016 17:49:10 Entrée dans ActionAccueil.php
04/06/2016 17:49:20 Entrée dans ActionClub.php
04/06/2016 17:52:26 Entrée dans ActionAccueil.php
04/06/2016 17:52:51 Entrée dans AfficherPopupArticle.php
04/06/2016 17:53:20 Entrée dans ActionClub.php
04/06/2016 17:54:52 Entrée dans ActionJoueurs.php
04/06/2016 17:55:17 Entrée dans ActionAgenda.php
04/06/2016 17:55:18 Entrée dans ActionAgenda.php
04/06/2016 17:55:28 Entrée dans ActionEvenement.php
04/06/2016 17:55:46 Entrée dans ActionAccueil.php
04/06/2016 18:16:48 Entrée dans ActionContact.php
04/06/2016 18:16:49 Entrée dans ActionContact.php
04/06/2016 18:31:52 Entrée dans ActionContact.php
04/06/2016 18:34:45 Entrée dans ActionContact.php
04/06/2016 18:34:46 Entrée dans ActionContact.php
04/06/2016 20:47:28 Entrée dans ActionContact.php
05/06/2016 00:41:19 Entrée dans ActionAgenda.php
05/06/2016 00:49:43 Entrée dans ActionEcoleDeFoot.php
05/06/2016 08:06:04 Entrée dans ActionContact.php
05/06/2016 08:06:06 Entrée dans ActionContact.php
05/06/2016 08:06:06 Entrée dans ActionContact.php
05/06/2016 08:06:08 Entrée dans ActionContact.php
05/06/2016 08:06:12 Entrée dans ActionContact.php
05/06/2016 08:55:46 Entrée dans ActionContact.php
05/06/2016 09:52:05 Entrée dans ActionAccueil.php
05/06/2016 09:52:43 Entrée dans AfficherPopupArticle.php
05/06/2016 09:53:03 Entrée dans AfficherPopupArticle.php
05/06/2016 11:13:04 Entrée dans ActionContact.php
05/06/2016 11:13:05 Entrée dans ActionContact.php
05/06/2016 11:13:08 Entrée dans ActionContact.php
05/06/2016 11:13:08 Entrée dans ActionContact.php
05/06/2016 17:10:01 Entrée dans ActionContact.php
05/06/2016 17:10:02 Entrée dans ActionContact.php
05/06/2016 17:10:04 Entrée dans ActionContact.php
05/06/2016 17:10:05 Entrée dans ActionContact.php
05/06/2016 18:06:59 Entrée dans ActionContact.php
05/06/2016 18:06:59 Entrée dans ActionContact.php
05/06/2016 18:07:02 Entrée dans ActionContact.php
05/06/2016 18:07:02 Entrée dans ActionContact.php
05/06/2016 18:09:37 Entrée dans ActionAccueil.php
05/06/2016 18:27:25 Entrée dans ActionContact.php
05/06/2016 18:27:26 Entrée dans ActionContact.php
05/06/2016 18:27:27 Entrée dans ActionContact.php
05/06/2016 18:27:28 Entrée dans ActionContact.php
05/06/2016 18:27:39 Entrée dans ActionContact.php
05/06/2016 18:27:40 Entrée dans ActionContact.php
05/06/2016 18:27:41 Entrée dans ActionContact.php
05/06/2016 18:27:41 Entrée dans ActionContact.php
05/06/2016 18:49:53 Entrée dans ActionContact.php
05/06/2016 19:01:29 Entrée dans ActionAccueil.php
05/06/2016 19:01:55 Entrée dans AfficherPopupArticle.php
05/06/2016 19:58:19 Entrée dans ActionAccueil.php
05/06/2016 20:29:28 Entrée dans ActionContact.php
05/06/2016 20:29:30 Entrée dans ActionContact.php
05/06/2016 20:29:33 Entrée dans ActionContact.php
05/06/2016 20:29:33 Entrée dans ActionContact.php
05/06/2016 20:29:35 Entrée dans ActionContact.php
05/06/2016 20:34:17 Entrée dans ActionAccueil.php
05/06/2016 20:34:57 Entrée dans AfficherPopupCompteRendu.php
05/06/2016 20:36:30 Entrée dans AfficherPopupArticle.php
05/06/2016 20:59:49 Entrée dans ActionContact.php
05/06/2016 22:32:05 Entrée dans ActionAccueil.php
05/06/2016 22:32:35 Entrée dans AfficherPopupArticle.php
05/06/2016 22:33:00 Entrée dans ActionAccueil.php
05/06/2016 22:33:06 Entrée dans ActionJoueurs.php
05/06/2016 22:49:01 Entrée dans ActionAccueil.php
05/06/2016 22:49:41 Entrée dans ActionEvenement.php
06/06/2016 00:20:16 Entrée dans ActionEcoleDeFoot.php
06/06/2016 03:36:59 Entrée dans ActionAccueil.php
06/06/2016 05:01:07 Entrée dans ActionAccueil.php
06/06/2016 05:58:42 Entrée dans ActionAccueil.php
06/06/2016 05:58:56 Entrée dans ActionClub.php
06/06/2016 05:59:06 Entrée dans ActionAgenda.php
06/06/2016 05:59:15 Entrée dans ActionJoueurs.php
06/06/2016 05:59:20 Entrée dans ActionSponsor.php
06/06/2016 05:59:41 Entrée dans ActionEvenement.php
06/06/2016 05:59:50 Entrée dans ActionEcoleDeFoot.php
06/06/2016 06:48:21 Entrée dans ActionAccueil.php
06/06/2016 06:48:26 Entrée dans ActionClub.php
06/06/2016 06:48:28 Entrée dans ActionJoueurs.php
06/06/2016 06:48:30 Entrée dans ActionEcoleDeFoot.php
06/06/2016 06:48:32 Entrée dans ActionAgenda.php
06/06/2016 06:48:34 Entrée dans ActionEvenement.php
06/06/2016 06:48:36 Entrée dans ActionSponsor.php
06/06/2016 07:55:38 Entrée dans ActionContact.php
06/06/2016 07:55:39 Entrée dans ActionContact.php
06/06/2016 07:55:39 Entrée dans ActionContact.php
06/06/2016 07:55:42 Entrée dans ActionContact.php
06/06/2016 07:55:57 Entrée dans ActionContact.php
06/06/2016 07:56:08 Entrée dans ActionContact.php
06/06/2016 08:52:37 Entrée dans ActionAccueil.php
06/06/2016 09:28:42 Entrée dans ActionAccueil.php
06/06/2016 09:29:02 Entrée dans ActionAccueil.php
06/06/2016 09:29:03 Entrée dans ActionClub.php
06/06/2016 13:59:00 Entrée dans ActionAccueil.php
06/06/2016 14:19:33 Entrée dans ActionContact.php
06/06/2016 14:19:34 Entrée dans ActionContact.php
06/06/2016 14:19:37 Entrée dans ActionContact.php
06/06/2016 14:19:38 Entrée dans ActionContact.php
06/06/2016 14:22:11 Entrée dans ActionContact.php
06/06/2016 14:22:12 Entrée dans ActionContact.php
06/06/2016 14:22:14 Entrée dans ActionContact.php
06/06/2016 14:22:17 Entrée dans ActionContact.php
06/06/2016 15:48:56 Entrée dans ActionAccueil.php
06/06/2016 15:49:24 Entrée dans ActionAgenda.php
06/06/2016 15:49:25 Entrée dans ActionAgenda.php
06/06/2016 15:49:31 Entrée dans ActionEvenement.php
06/06/2016 15:49:40 Entrée dans ActionAccueil.php
06/06/2016 16:39:28 Entrée dans ActionEcoleDeFoot.php
06/06/2016 16:39:31 Entrée dans ActionEcoleDeFoot.php
06/06/2016 16:56:01 Entrée dans ActionContact.php
06/06/2016 16:56:02 Entrée dans ActionContact.php
06/06/2016 16:56:03 Entrée dans ActionContact.php
06/06/2016 16:56:06 Entrée dans ActionContact.php
06/06/2016 17:09:45 Entrée dans ActionSponsor.php
06/06/2016 17:25:13 Entrée dans ActionEvenement.php
06/06/2016 18:10:09 Entrée dans ActionEcoleDeFoot.php
06/06/2016 18:10:16 Entrée dans ActionEvenement.php
06/06/2016 18:10:20 Entrée dans ActionJoueurs.php
06/06/2016 18:10:23 Entrée dans ActionSponsor.php
06/06/2016 19:31:56 Entrée dans ActionContact.php
06/06/2016 20:22:36 Entrée dans ActionAccueil.php
06/06/2016 20:24:57 Entrée dans ActionContact.php
06/06/2016 20:25:35 Entrée dans ActionAccueil.php
06/06/2016 20:26:25 Entrée dans ActionEvenement.php
06/06/2016 20:44:36 Entrée dans ActionAccueil.php
06/06/2016 20:45:35 Entrée dans AfficherPopupArticle.php
06/06/2016 20:46:10 Entrée dans ActionAccueil.php
06/06/2016 20:46:17 Entrée dans ActionAgenda.php
06/06/2016 20:46:19 Entrée dans ActionAgenda.php
06/06/2016 20:46:28 Entrée dans ActionAgenda.php
06/06/2016 20:46:35 Entrée dans ActionEvenement.php
06/06/2016 21:10:32 Entrée dans ActionAccueil.php
06/06/2016 21:24:31 Entrée dans ActionContact.php
07/06/2016 02:07:14 Entrée dans ActionAccueil.php
07/06/2016 02:07:36 Entrée dans AfficherPopupArticle.php
07/06/2016 02:07:50 Entrée dans AfficherPopupArticle.php
07/06/2016 02:08:39 Entrée dans ActionClub.php
07/06/2016 06:41:12 Entrée dans ActionContact.php
07/06/2016 06:41:15 Entrée dans ActionContact.php
07/06/2016 06:41:20 Entrée dans ActionContact.php
07/06/2016 08:17:43 Entrée dans ActionAccueil.php
07/06/2016 09:03:53 Entrée dans ActionAgenda.php
07/06/2016 09:03:54 Entrée dans ActionAgenda.php
07/06/2016 09:04:02 Entrée dans ActionEvenement.php
07/06/2016 09:04:13 Entrée dans ActionSponsor.php
07/06/2016 09:14:49 Entrée dans ActionAccueil.php
07/06/2016 09:14:49 Entrée dans ActionAgenda.php
07/06/2016 09:14:50 Entrée dans ActionClub.php
07/06/2016 09:14:51 Entrée dans ActionEcoleDeFoot.php
07/06/2016 09:14:52 Entrée dans ActionEvenement.php
07/06/2016 09:14:53 Entrée dans ActionJoueurs.php
07/06/2016 09:14:53 Entrée dans ActionSponsor.php
07/06/2016 10:30:51 Entrée dans ActionAccueil.php
07/06/2016 11:24:05 Entrée dans ActionContact.php
07/06/2016 11:24:07 Entrée dans ActionContact.php
07/06/2016 11:24:09 Entrée dans ActionContact.php
07/06/2016 11:24:29 Entrée dans ActionContact.php
07/06/2016 11:57:10 Entrée dans ActionClub.php
07/06/2016 11:57:22 Entrée dans ActionSponsor.php
07/06/2016 11:57:25 Entrée dans ActionEvenement.php
07/06/2016 11:57:28 Entrée dans ActionAgenda.php
07/06/2016 11:57:29 Entrée dans ActionAgenda.php
07/06/2016 11:57:45 Entrée dans ActionEcoleDeFoot.php
07/06/2016 11:57:53 Entrée dans ActionEcoleDeFoot.php
07/06/2016 12:11:57 Entrée dans ActionEcoleDeFoot.php
07/06/2016 14:15:44 Entrée dans ActionEvenement.php
07/06/2016 14:48:46 Entrée dans ActionAccueil.php
07/06/2016 14:59:40 Entrée dans ActionAccueil.php
07/06/2016 16:16:34 Entrée dans ActionAccueil.php
07/06/2016 16:16:49 Entrée dans ActionLogin.php
07/06/2016 16:16:49 Authentification de tsutter.
07/06/2016 16:16:49 Entrée dans ActionProfil.php
07/06/2016 16:16:52 Entrée dans GestionResultats.php
07/06/2016 16:16:57 Entrée dans GestionResultats.php
07/06/2016 16:17:00 Entrée dans ActionAccueil.php
07/06/2016 16:17:05 Entrée dans AfficherPopupCompteRendu.php
07/06/2016 16:19:31 Entrée dans ActionProfil.php
07/06/2016 16:19:32 Entrée dans ActionArticle.php
07/06/2016 16:37:55 Entrée dans ActionArticle.php
07/06/2016 16:37:58 Entrée dans ActionAccueil.php
07/06/2016 16:38:01 Entrée dans AfficherPopupArticle.php
07/06/2016 16:38:10 Entrée dans ActionProfil.php
07/06/2016 16:38:11 Entrée dans ActionArticle.php
07/06/2016 16:38:12 Entrée dans RechercherArticle.php
07/06/2016 16:38:35 Entrée dans ActionArticle.php
07/06/2016 16:38:37 Entrée dans ActionAccueil.php
07/06/2016 16:38:39 Entrée dans AfficherPopupArticle.php
07/06/2016 16:38:47 Entrée dans ActionProfil.php
07/06/2016 16:38:49 Entrée dans ActionArticle.php
07/06/2016 16:38:51 Entrée dans RechercherArticle.php
07/06/2016 16:39:05 Entrée dans ActionArticle.php
07/06/2016 16:39:06 Entrée dans ActionAccueil.php
07/06/2016 16:39:11 Entrée dans AfficherPopupArticle.php
07/06/2016 16:39:16 Entrée dans ActionProfil.php
07/06/2016 16:39:18 Entrée dans ActionArticle.php
07/06/2016 16:39:20 Entrée dans RechercherArticle.php
07/06/2016 16:39:41 Entrée dans ActionArticle.php
07/06/2016 16:39:43 Entrée dans ActionAccueil.php
07/06/2016 16:39:46 Entrée dans AfficherPopupArticle.php
07/06/2016 16:39:55 Entrée dans ActionProfil.php
07/06/2016 16:39:56 Entrée dans ActionArticle.php
07/06/2016 16:39:58 Entrée dans RechercherArticle.php
07/06/2016 16:40:20 Entrée dans ActionArticle.php
07/06/2016 16:40:22 Entrée dans ActionAccueil.php
07/06/2016 16:40:24 Entrée dans AfficherPopupArticle.php
07/06/2016 16:40:29 Entrée dans ActionProfil.php
07/06/2016 16:40:30 Entrée dans ActionArticle.php
07/06/2016 16:40:32 Entrée dans RechercherArticle.php
07/06/2016 16:40:36 Entrée dans ActionArticle.php
07/06/2016 16:40:38 Entrée dans ActionAccueil.php
07/06/2016 16:40:41 Entrée dans AfficherPopupArticle.php
07/06/2016 16:40:45 Entrée dans ActionProfil.php
07/06/2016 16:40:47 Entrée dans ActionArticle.php
07/06/2016 16:40:48 Entrée dans RechercherArticle.php
07/06/2016 16:41:01 Entrée dans ActionArticle.php
07/06/2016 16:41:03 Entrée dans ActionAccueil.php
07/06/2016 16:41:05 Entrée dans AfficherPopupArticle.php
07/06/2016 16:41:09 Entrée dans ActionProfil.php
07/06/2016 16:41:10 Entrée dans ActionArticle.php
07/06/2016 16:41:12 Entrée dans RechercherArticle.php
07/06/2016 16:41:18 Entrée dans ActionArticle.php
07/06/2016 16:41:19 Entrée dans ActionAccueil.php
07/06/2016 16:41:23 Entrée dans AfficherPopupArticle.php
07/06/2016 16:41:27 Entrée dans ActionProfil.php
07/06/2016 16:41:29 Entrée dans ActionArticle.php
07/06/2016 16:41:30 Entrée dans RechercherArticle.php
07/06/2016 16:41:46 Entrée dans ActionArticle.php
07/06/2016 16:41:48 Entrée dans ActionAccueil.php
07/06/2016 16:41:50 Entrée dans AfficherPopupArticle.php
07/06/2016 16:45:44 Entrée dans ActionAgenda.php
07/06/2016 16:47:59 Entrée dans ActionJoueurs.php
07/06/2016 16:48:04 Entrée dans ActionJoueurs.php
07/06/2016 18:54:35 Entrée dans ActionContact.php
07/06/2016 18:54:37 Entrée dans ActionContact.php
07/06/2016 18:54:39 Entrée dans ActionContact.php
07/06/2016 18:55:00 Entrée dans ActionContact.php
07/06/2016 19:36:27 Entrée dans ActionContact.php
07/06/2016 19:49:18 Entrée dans ActionAccueil.php
07/06/2016 19:49:39 Entrée dans AfficherPopupArticle.php
07/06/2016 21:12:33 Entrée dans ActionContact.php
07/06/2016 21:12:35 Entrée dans ActionContact.php
07/06/2016 21:12:38 Entrée dans ActionContact.php
07/06/2016 21:12:59 Entrée dans ActionContact.php
07/06/2016 21:13:00 Entrée dans ActionContact.php
07/06/2016 21:13:01 Entrée dans ActionContact.php
07/06/2016 21:13:03 Entrée dans ActionContact.php
07/06/2016 21:13:06 Entrée dans ActionContact.php
07/06/2016 21:13:17 Entrée dans ActionContact.php
07/06/2016 21:14:32 Entrée dans ActionContact.php
07/06/2016 21:14:32 Entrée dans ActionContact.php
07/06/2016 21:14:35 Entrée dans ActionContact.php
07/06/2016 21:14:53 Entrée dans ActionContact.php
07/06/2016 21:23:11 Entrée dans ActionAccueil.php
07/06/2016 21:40:38 Entrée dans ActionContact.php
07/06/2016 21:40:39 Entrée dans ActionContact.php
07/06/2016 21:40:41 Entrée dans ActionContact.php
07/06/2016 21:41:00 Entrée dans ActionContact.php
07/06/2016 21:52:21 Entrée dans ActionContact.php
07/06/2016 21:54:17 Entrée dans ActionContact.php
07/06/2016 21:54:18 Entrée dans ActionContact.php
07/06/2016 21:54:20 Entrée dans ActionContact.php
07/06/2016 21:54:39 Entrée dans ActionContact.php
07/06/2016 22:02:38 Entrée dans ActionContact.php
07/06/2016 22:02:39 Entrée dans ActionContact.php
07/06/2016 22:02:41 Entrée dans ActionContact.php
07/06/2016 22:03:01 Entrée dans ActionContact.php
07/06/2016 22:03:10 Entrée dans ActionContact.php
07/06/2016 22:03:12 Entrée dans ActionContact.php
07/06/2016 22:03:13 Entrée dans ActionContact.php
07/06/2016 22:03:33 Entrée dans ActionContact.php
07/06/2016 22:05:52 Entrée dans ActionContact.php
07/06/2016 22:29:44 Entrée dans ActionContact.php
07/06/2016 22:29:45 Entrée dans ActionContact.php
07/06/2016 22:29:47 Entrée dans ActionContact.php
07/06/2016 22:30:07 Entrée dans ActionContact.php
07/06/2016 23:06:36 Entrée dans ActionJoueurs.php
08/06/2016 10:41:45 Entrée dans ActionJoueurs.php
08/06/2016 11:39:23 Entrée dans ActionAccueil.php
08/06/2016 11:39:42 Entrée dans AfficherPopupArticle.php
08/06/2016 11:40:00 Entrée dans AfficherPopupArticle.php
08/06/2016 11:42:02 Entrée dans AfficherPopupArticle.php
08/06/2016 11:42:48 Entrée dans ActionEvenement.php
08/06/2016 11:42:58 Entrée dans ActionEvenement.php
08/06/2016 11:43:02 Entrée dans ActionSponsor.php
08/06/2016 11:43:05 Entrée dans ActionEcoleDeFoot.php
08/06/2016 11:43:13 Entrée dans ActionEcoleDeFoot.php
08/06/2016 12:29:09 Entrée dans ActionEcoleDeFoot.php
08/06/2016 17:01:21 Entrée dans ActionEvenement.php
08/06/2016 17:11:23 Entrée dans ActionContact.php
08/06/2016 17:12:16 Entrée dans ActionAccueil.php
08/06/2016 17:12:35 Entrée dans AfficherPopupArticle.php
08/06/2016 17:12:51 Entrée dans AfficherPopupArticle.php
08/06/2016 17:13:18 Entrée dans AfficherPopupCompteRendu.php
08/06/2016 17:14:20 Entrée dans ActionAccueil.php
08/06/2016 18:12:19 Entrée dans ActionContact.php
08/06/2016 18:12:20 Entrée dans ActionContact.php
08/06/2016 18:12:40 Entrée dans ActionContact.php
08/06/2016 18:12:41 Entrée dans ActionContact.php
08/06/2016 18:12:42 Entrée dans ActionContact.php
08/06/2016 19:45:29 Entrée dans ActionContact.php
08/06/2016 20:19:15 Entrée dans ActionAccueil.php
08/06/2016 20:19:44 Entrée dans AfficherPopupArticle.php
08/06/2016 20:20:02 Entrée dans AfficherPopupArticle.php
08/06/2016 20:20:12 Entrée dans AfficherPopupArticle.php
08/06/2016 20:20:13 Entrée dans AfficherPopupArticle.php
08/06/2016 20:21:17 Entrée dans ActionContact.php
08/06/2016 20:45:31 Entrée dans ActionEcoleDeFoot.php
08/06/2016 20:45:35 Entrée dans ActionEvenement.php
08/06/2016 20:45:38 Entrée dans ActionJoueurs.php
08/06/2016 20:45:41 Entrée dans ActionSponsor.php
08/06/2016 21:23:55 Entrée dans ActionContact.php
08/06/2016 21:23:55 Entrée dans ActionContact.php
08/06/2016 21:23:56 Entrée dans ActionContact.php
08/06/2016 21:23:57 Entrée dans ActionContact.php
08/06/2016 21:58:43 Entrée dans ActionContact.php
08/06/2016 22:20:51 Entrée dans ActionClub.php
08/06/2016 22:20:53 Entrée dans ActionAccueil.php
08/06/2016 22:21:04 Entrée dans AfficherPopupArticle.php
08/06/2016 22:21:12 Entrée dans AfficherPopupArticle.php
08/06/2016 22:51:56 Entrée dans ActionEcoleDeFoot.php
09/06/2016 00:12:29 Entrée dans ActionAccueil.php
09/06/2016 00:12:50 Entrée dans ActionClub.php
09/06/2016 00:14:44 Entrée dans ActionAccueil.php
09/06/2016 00:15:50 Entrée dans AfficherPopupArticle.php
09/06/2016 02:32:36 Entrée dans ActionAccueil.php
09/06/2016 02:54:11 Entrée dans ActionEvenement.php
09/06/2016 03:55:35 Entrée dans ActionSponsor.php
09/06/2016 05:53:23 Entrée dans ActionContact.php
09/06/2016 07:23:16 Entrée dans ActionContact.php
09/06/2016 07:53:50 Entrée dans ActionEcoleDeFoot.php
09/06/2016 09:43:06 Entrée dans ActionAccueil.php
09/06/2016 09:43:16 Entrée dans AfficherPopupArticle.php
09/06/2016 12:13:28 Entrée dans ActionAccueil.php
09/06/2016 12:13:42 Entrée dans AfficherPopupArticle.php
09/06/2016 12:14:32 Entrée dans ActionClub.php
09/06/2016 12:32:22 Entrée dans ActionContact.php
09/06/2016 12:32:23 Entrée dans ActionContact.php
09/06/2016 12:32:24 Entrée dans ActionContact.php
09/06/2016 12:32:26 Entrée dans ActionContact.php
09/06/2016 12:40:21 Entrée dans ActionContact.php
09/06/2016 12:40:22 Entrée dans ActionContact.php
09/06/2016 12:40:22 Entrée dans ActionContact.php
09/06/2016 12:40:23 Entrée dans ActionContact.php
09/06/2016 12:41:50 Entrée dans ActionContact.php
09/06/2016 12:41:51 Entrée dans ActionContact.php
09/06/2016 12:46:54 Entrée dans ActionAccueil.php
09/06/2016 12:59:25 Entrée dans ActionAccueil.php
09/06/2016 12:59:36 Entrée dans AfficherPopupCompteRendu.php
09/06/2016 13:06:55 Entrée dans ActionSponsor.php
09/06/2016 14:55:04 Entrée dans ActionEcoleDeFoot.php
09/06/2016 17:38:53 Entrée dans ActionAccueil.php
09/06/2016 18:25:16 Entrée dans ActionAccueil.php
09/06/2016 19:35:10 Entrée dans ActionAccueil.php
09/06/2016 20:25:59 Entrée dans ActionAccueil.php
09/06/2016 20:26:14 Entrée dans AfficherPopupArticle.php
09/06/2016 20:45:52 Entrée dans ActionContact.php
09/06/2016 20:45:52 Entrée dans ActionContact.php
09/06/2016 20:45:53 Entrée dans ActionContact.php
09/06/2016 20:45:54 Entrée dans ActionContact.php
09/06/2016 20:46:08 Entrée dans ActionContact.php
09/06/2016 20:46:08 Entrée dans ActionContact.php
09/06/2016 20:46:08 Entrée dans ActionContact.php
09/06/2016 20:46:11 Entrée dans ActionContact.php
09/06/2016 22:28:56 Entrée dans ActionContact.php
09/06/2016 22:28:56 Entrée dans ActionContact.php
09/06/2016 22:28:57 Entrée dans ActionContact.php
09/06/2016 22:29:00 Entrée dans ActionContact.php
09/06/2016 22:51:44 Entrée dans ActionContact.php
10/06/2016 03:49:13 Entrée dans ActionClub.php
10/06/2016 07:36:14 Entrée dans ActionContact.php
10/06/2016 10:07:40 Entrée dans ActionAccueil.php
10/06/2016 10:51:14 Entrée dans ActionContact.php
10/06/2016 11:16:54 Entrée dans ActionClub.php
10/06/2016 11:17:00 Entrée dans ActionEvenement.php
10/06/2016 11:24:02 Entrée dans ActionAgenda.php
10/06/2016 11:54:00 Entrée dans ActionAccueil.php
10/06/2016 11:54:18 Entrée dans AfficherPopupArticle.php
10/06/2016 11:54:41 Entrée dans AfficherPopupArticle.php
10/06/2016 11:54:49 Entrée dans ActionClub.php
10/06/2016 11:55:55 Entrée dans ActionAccueil.php
10/06/2016 12:45:11 Entrée dans ActionAccueil.php
10/06/2016 12:45:33 Entrée dans ActionAccueil.php
10/06/2016 12:45:56 Entrée dans ActionClub.php
10/06/2016 12:47:37 Entrée dans ActionClub.php
10/06/2016 12:48:45 Entrée dans ActionAccueil.php
10/06/2016 12:48:46 Entrée dans ActionAgenda.php
10/06/2016 12:48:47 Entrée dans ActionClub.php
10/06/2016 12:48:48 Entrée dans ActionEcoleDeFoot.php
10/06/2016 12:48:49 Entrée dans ActionEvenement.php
10/06/2016 12:48:50 Entrée dans ActionJoueurs.php
10/06/2016 12:48:50 Entrée dans ActionSponsor.php
10/06/2016 12:50:51 Entrée dans ActionEcoleDeFoot.php
10/06/2016 12:51:49 Entrée dans ActionEcoleDeFoot.php
10/06/2016 12:51:53 Entrée dans ActionEcoleDeFoot.php
10/06/2016 12:51:59 Entrée dans ActionEcoleDeFoot.php
10/06/2016 12:52:22 Entrée dans ActionClub.php
10/06/2016 12:52:55 Entrée dans ActionAccueil.php
10/06/2016 12:54:18 Entrée dans ActionEcoleDeFoot.php
10/06/2016 12:54:45 Entrée dans ActionAccueil.php
10/06/2016 12:55:05 Entrée dans AfficherPopupArticle.php
10/06/2016 14:03:36 Entrée dans ActionAccueil.php
10/06/2016 14:03:51 Entrée dans AfficherPopupArticle.php
10/06/2016 14:04:03 Entrée dans AfficherPopupArticle.php
10/06/2016 14:04:31 Entrée dans ActionEvenement.php
10/06/2016 14:05:30 Entrée dans AfficherPopupArticle.php
10/06/2016 14:29:13 Entrée dans ActionAccueil.php
10/06/2016 14:29:26 Entrée dans ActionClub.php
10/06/2016 14:31:25 Entrée dans ActionAccueil.php
10/06/2016 16:11:07 Entrée dans ActionAccueil.php
10/06/2016 16:42:18 Entrée dans ActionContact.php
10/06/2016 16:42:18 Entrée dans ActionContact.php
10/06/2016 16:42:24 Entrée dans ActionContact.php
10/06/2016 16:42:26 Entrée dans ActionContact.php
10/06/2016 19:27:10 Entrée dans ActionContact.php
10/06/2016 19:27:21 Entrée dans ActionContact.php
10/06/2016 19:37:23 Entrée dans ActionContact.php
10/06/2016 19:37:27 Entrée dans ActionContact.php
10/06/2016 19:37:27 Entrée dans ActionContact.php
10/06/2016 19:37:27 Entrée dans ActionContact.php
10/06/2016 21:39:26 Entrée dans ActionAccueil.php
10/06/2016 21:39:57 Entrée dans ActionAgenda.php
10/06/2016 21:39:57 Entrée dans ActionClub.php
10/06/2016 21:39:57 Entrée dans ActionEcoleDeFoot.php
10/06/2016 21:39:57 Entrée dans ActionEvenement.php
10/06/2016 21:39:57 Entrée dans ActionSponsor.php
10/06/2016 21:39:58 Entrée dans ActionJoueurs.php
10/06/2016 21:54:32 Entrée dans ActionAccueil.php
10/06/2016 21:54:41 Entrée dans AfficherPopupArticle.php
10/06/2016 21:55:52 Entrée dans ActionContact.php
10/06/2016 21:55:52 Entrée dans ActionContact.php
10/06/2016 21:55:53 Entrée dans ActionContact.php
10/06/2016 21:55:55 Entrée dans ActionContact.php
11/06/2016 05:34:02 Entrée dans ActionClub.php
11/06/2016 06:36:06 Entrée dans ActionJoueurs.php
11/06/2016 06:47:41 Entrée dans ActionContact.php
11/06/2016 10:04:58 Entrée dans ActionContact.php
11/06/2016 10:28:05 Entrée dans ActionAccueil.php
11/06/2016 10:28:32 Entrée dans AfficherPopupArticle.php
11/06/2016 12:24:38 Entrée dans ActionContact.php
11/06/2016 12:28:13 Entrée dans ActionAccueil.php
11/06/2016 12:35:02 Entrée dans ActionContact.php
11/06/2016 13:44:33 Entrée dans ActionAgenda.php
11/06/2016 13:44:40 Entrée dans ActionClub.php
11/06/2016 14:26:37 Entrée dans ActionContact.php
11/06/2016 14:52:57 Entrée dans ActionAccueil.php
11/06/2016 14:53:11 Entrée dans ActionJoueurs.php
11/06/2016 14:54:18 Entrée dans ActionClub.php
11/06/2016 15:06:47 Entrée dans ActionSponsor.php
11/06/2016 15:11:12 Entrée dans ActionAccueil.php
11/06/2016 15:27:55 Entrée dans ActionEcoleDeFoot.php
11/06/2016 15:27:59 Entrée dans ActionEvenement.php
11/06/2016 15:28:02 Entrée dans ActionJoueurs.php
11/06/2016 15:28:06 Entrée dans ActionSponsor.php
11/06/2016 16:30:24 Entrée dans ActionJoueurs.php
11/06/2016 16:30:32 Entrée dans ActionJoueurs.php
11/06/2016 17:09:59 Entrée dans ActionAccueil.php
11/06/2016 17:10:17 Entrée dans ActionClub.php
11/06/2016 17:10:25 Entrée dans ActionJoueurs.php
11/06/2016 17:10:33 Entrée dans ActionEcoleDeFoot.php
11/06/2016 17:10:40 Entrée dans ActionAgenda.php
11/06/2016 17:10:49 Entrée dans ActionEvenement.php
11/06/2016 17:10:56 Entrée dans ActionSponsor.php
11/06/2016 19:48:13 Entrée dans ActionAccueil.php
11/06/2016 19:48:26 Entrée dans ActionJoueurs.php
11/06/2016 20:11:35 Entrée dans ActionContact.php
11/06/2016 20:35:54 Entrée dans ActionAccueil.php
11/06/2016 20:37:08 Entrée dans ActionAccueil.php
11/06/2016 20:37:18 Entrée dans ActionClub.php
11/06/2016 20:39:52 Entrée dans ActionContact.php
11/06/2016 20:39:53 Entrée dans ActionContact.php
11/06/2016 20:39:53 Entrée dans ActionContact.php
11/06/2016 20:39:54 Entrée dans ActionContact.php
11/06/2016 21:35:45 Entrée dans ActionAccueil.php
11/06/2016 21:36:12 Entrée dans AfficherPopupArticle.php
11/06/2016 21:37:50 Entrée dans ActionAccueil.php
11/06/2016 21:47:49 Entrée dans ActionAccueil.php
11/06/2016 21:48:09 Entrée dans AfficherPopupArticle.php
11/06/2016 21:49:17 Entrée dans ActionClub.php
11/06/2016 21:49:39 Entrée dans ActionEcoleDeFoot.php
11/06/2016 21:50:11 Entrée dans ActionEcoleDeFoot.php
11/06/2016 21:50:37 Entrée dans ActionAccueil.php
11/06/2016 22:13:18 Entrée dans ActionAccueil.php
11/06/2016 22:13:27 Entrée dans AfficherPopupArticle.php
11/06/2016 22:13:43 Entrée dans AfficherPopupArticle.php
11/06/2016 22:14:07 Entrée dans ActionClub.php
11/06/2016 22:14:18 Entrée dans ActionClub.php
11/06/2016 22:14:36 Entrée dans ActionEcoleDeFoot.php
11/06/2016 22:14:42 Entrée dans ActionEcoleDeFoot.php
11/06/2016 22:14:47 Entrée dans ActionEcoleDeFoot.php
12/06/2016 00:16:25 Entrée dans ActionAccueil.php
12/06/2016 00:16:47 Entrée dans ActionAccueil.php
12/06/2016 00:18:13 Entrée dans ActionClub.php
12/06/2016 00:18:29 Entrée dans ActionEcoleDeFoot.php
12/06/2016 00:18:48 Entrée dans ActionEcoleDeFoot.php
12/06/2016 00:19:26 Entrée dans ActionEcoleDeFoot.php
12/06/2016 00:19:45 Entrée dans ActionEcoleDeFoot.php
12/06/2016 00:22:22 Entrée dans ActionEcoleDeFoot.php
12/06/2016 04:01:30 Entrée dans ActionClub.php
12/06/2016 05:38:15 Entrée dans ActionAccueil.php
12/06/2016 08:26:33 Entrée dans ActionAccueil.php
12/06/2016 08:26:49 Entrée dans ActionAccueil.php
12/06/2016 08:40:26 Entrée dans ActionAccueil.php
12/06/2016 08:40:58 Entrée dans AfficherPopupArticle.php
12/06/2016 08:42:01 Entrée dans AfficherPopupArticle.php
12/06/2016 08:46:46 Entrée dans ActionAccueil.php
12/06/2016 08:46:51 Entrée dans ActionClub.php
12/06/2016 09:16:48 Entrée dans ActionAccueil.php
12/06/2016 09:17:19 Entrée dans AfficherPopupArticle.php
12/06/2016 09:17:56 Entrée dans ActionClub.php
12/06/2016 09:56:42 Entrée dans ActionAccueil.php
12/06/2016 11:24:14 Entrée dans ActionAccueil.php
12/06/2016 11:41:57 Entrée dans ActionAccueil.php
12/06/2016 11:42:29 Entrée dans AfficherPopupArticle.php
12/06/2016 11:42:38 Entrée dans ActionJoueurs.php
12/06/2016 11:43:44 Entrée dans ActionEcoleDeFoot.php
12/06/2016 11:43:46 Entrée dans ActionAgenda.php
12/06/2016 11:43:47 Entrée dans ActionAgenda.php
12/06/2016 11:43:48 Entrée dans ActionEvenement.php
12/06/2016 11:43:49 Entrée dans ActionSponsor.php
12/06/2016 11:43:56 Entrée dans ActionSponsor.php
12/06/2016 11:43:57 Entrée dans ActionAccueil.php
12/06/2016 11:43:59 Entrée dans ActionClub.php
12/06/2016 11:55:07 Entrée dans ActionAccueil.php
12/06/2016 11:56:26 Entrée dans AfficherPopupArticle.php
12/06/2016 13:01:14 Entrée dans ActionAccueil.php
12/06/2016 13:42:44 Entrée dans ActionEvenement.php
12/06/2016 13:48:53 Entrée dans ActionAccueil.php
12/06/2016 13:49:08 Entrée dans ActionEcoleDeFoot.php
12/06/2016 13:49:20 Entrée dans ActionEcoleDeFoot.php
12/06/2016 13:49:34 Entrée dans ActionClub.php
12/06/2016 13:50:29 Entrée dans ActionEcoleDeFoot.php
12/06/2016 13:50:35 Entrée dans ActionAccueil.php
12/06/2016 13:51:09 Entrée dans AfficherPopupArticle.php
12/06/2016 14:23:48 Entrée dans ActionAccueil.php
12/06/2016 14:23:54 Entrée dans ActionJoueurs.php
12/06/2016 15:17:37 Entrée dans ActionSponsor.php
12/06/2016 15:59:28 Entrée dans ActionAccueil.php
12/06/2016 16:18:15 Entrée dans ActionAccueil.php
12/06/2016 16:18:27 Entrée dans ActionAccueil.php
12/06/2016 16:18:32 Entrée dans AfficherPopupArticle.php
12/06/2016 19:10:14 Entrée dans ActionContact.php
12/06/2016 19:21:00 Entrée dans ActionAgenda.php
12/06/2016 20:27:29 Entrée dans ActionContact.php
12/06/2016 21:01:55 Entrée dans ActionContact.php
12/06/2016 21:15:32 Entrée dans ActionContact.php
12/06/2016 21:15:32 Entrée dans ActionContact.php
12/06/2016 21:15:33 Entrée dans ActionContact.php
12/06/2016 21:15:34 Entrée dans ActionContact.php
12/06/2016 21:15:42 Entrée dans ActionContact.php
12/06/2016 21:15:44 Entrée dans ActionContact.php
12/06/2016 21:16:24 Entrée dans ActionContact.php
12/06/2016 21:43:03 Entrée dans ActionEcoleDeFoot.php
12/06/2016 21:43:07 Entrée dans ActionEcoleDeFoot.php
12/06/2016 21:43:15 Entrée dans ActionEcoleDeFoot.php
12/06/2016 21:43:33 Entrée dans ActionEcoleDeFoot.php
12/06/2016 21:43:38 Entrée dans ActionEcoleDeFoot.php
12/06/2016 21:43:46 Entrée dans ActionEcoleDeFoot.php
12/06/2016 21:43:52 Entrée dans ActionEcoleDeFoot.php
12/06/2016 22:06:02 Entrée dans ActionContact.php
12/06/2016 22:06:03 Entrée dans ActionContact.php
12/06/2016 22:06:26 Entrée dans ActionContact.php
12/06/2016 22:06:26 Entrée dans ActionContact.php
12/06/2016 22:06:28 Entrée dans ActionContact.php
12/06/2016 22:06:29 Entrée dans ActionContact.php
12/06/2016 22:06:56 Entrée dans ActionContact.php
12/06/2016 22:06:56 Entrée dans ActionContact.php
12/06/2016 22:07:01 Entrée dans ActionContact.php
12/06/2016 22:07:01 Entrée dans ActionContact.php
12/06/2016 22:07:02 Entrée dans ActionContact.php
12/06/2016 22:07:03 Entrée dans ActionContact.php
12/06/2016 22:07:54 Entrée dans ActionContact.php
12/06/2016 22:07:54 Entrée dans ActionContact.php
12/06/2016 22:07:55 Entrée dans ActionContact.php
12/06/2016 22:07:56 Entrée dans ActionContact.php
12/06/2016 22:08:00 Entrée dans ActionContact.php
12/06/2016 22:08:03 Entrée dans ActionContact.php
12/06/2016 22:08:49 Entrée dans ActionContact.php
12/06/2016 22:08:49 Entrée dans ActionContact.php
12/06/2016 22:08:50 Entrée dans ActionContact.php
12/06/2016 22:08:51 Entrée dans ActionContact.php
12/06/2016 22:09:00 Entrée dans ActionContact.php
12/06/2016 22:09:19 Entrée dans ActionContact.php
12/06/2016 22:10:07 Entrée dans ActionContact.php
12/06/2016 22:17:09 Entrée dans ActionEcoleDeFoot.php
12/06/2016 22:17:09 Entrée dans ActionSponsor.php
12/06/2016 22:17:14 Entrée dans ActionEcoleDeFoot.php
12/06/2016 22:17:40 Entrée dans ActionEcoleDeFoot.php
12/06/2016 22:19:14 Entrée dans ActionEcoleDeFoot.php
12/06/2016 22:19:30 Entrée dans ActionEcoleDeFoot.php
12/06/2016 23:40:15 Entrée dans ActionEcoleDeFoot.php
12/06/2016 23:50:08 Entrée dans ActionAccueil.php
13/06/2016 01:05:41 Entrée dans ActionAccueil.php
13/06/2016 01:06:20 Entrée dans ActionJoueurs.php
13/06/2016 01:06:56 Entrée dans ActionAgenda.php
13/06/2016 01:06:57 Entrée dans ActionAgenda.php
13/06/2016 01:07:01 Entrée dans ActionClub.php
13/06/2016 04:47:39 Entrée dans ActionJoueurs.php
13/06/2016 05:42:52 Entrée dans ActionContact.php
13/06/2016 09:15:30 Entrée dans ActionAccueil.php
13/06/2016 09:18:33 Entrée dans ActionContact.php
13/06/2016 09:18:34 Entrée dans ActionContact.php
13/06/2016 09:18:34 Entrée dans ActionContact.php
13/06/2016 09:18:50 Entrée dans ActionContact.php
13/06/2016 11:10:11 Entrée dans ActionContact.php
13/06/2016 11:37:24 Entrée dans ActionAccueil.php
13/06/2016 11:38:02 Entrée dans AfficherPopupArticle.php
13/06/2016 11:38:16 Entrée dans AfficherPopupArticle.php
13/06/2016 11:38:20 Entrée dans AfficherPopupArticle.php
13/06/2016 11:38:23 Entrée dans AfficherPopupArticle.php
13/06/2016 11:38:56 Entrée dans ActionSponsor.php
13/06/2016 11:39:08 Entrée dans ActionJoueurs.php
13/06/2016 11:48:37 Entrée dans ActionJoueurs.php
13/06/2016 12:22:50 Entrée dans ActionAccueil.php
13/06/2016 12:23:22 Entrée dans AfficherPopupArticle.php
13/06/2016 12:28:28 Entrée dans ActionAccueil.php
13/06/2016 12:29:09 Entrée dans ActionClub.php
13/06/2016 12:47:40 Entrée dans ActionAccueil.php
13/06/2016 12:49:18 Entrée dans AfficherPopupArticle.php
13/06/2016 12:50:12 Entrée dans AfficherPopupArticle.php
13/06/2016 13:40:33 Entrée dans ActionContact.php
13/06/2016 13:40:34 Entrée dans ActionContact.php
13/06/2016 13:40:34 Entrée dans ActionContact.php
13/06/2016 13:40:35 Entrée dans ActionContact.php
13/06/2016 13:40:41 Entrée dans ActionContact.php
13/06/2016 13:40:41 Entrée dans ActionContact.php
13/06/2016 13:40:56 Entrée dans ActionContact.php
13/06/2016 13:41:58 Entrée dans ActionContact.php
13/06/2016 13:42:00 Entrée dans ActionContact.php
13/06/2016 14:51:05 Entrée dans ActionAccueil.php
13/06/2016 14:51:11 Entrée dans AfficherPopupArticle.php
13/06/2016 14:59:27 Entrée dans ActionEvenement.php
13/06/2016 15:26:18 Entrée dans ActionAccueil.php
13/06/2016 15:26:25 Entrée dans ActionAccueil.php
13/06/2016 15:26:27 Entrée dans ActionEvenement.php
13/06/2016 15:26:30 Entrée dans ActionSponsor.php
13/06/2016 16:41:43 Entrée dans ActionAccueil.php
13/06/2016 16:45:43 Entrée dans ActionAccueil.php
13/06/2016 16:47:37 Entrée dans ActionAccueil.php
13/06/2016 16:50:22 Entrée dans AfficherPopupArticle.php
13/06/2016 19:58:22 Entrée dans ActionAccueil.php
13/06/2016 19:58:29 Entrée dans ActionEcoleDeFoot.php
13/06/2016 19:58:34 Entrée dans ActionEcoleDeFoot.php
13/06/2016 20:00:04 Entrée dans ActionClub.php
13/06/2016 20:02:07 Entrée dans ActionEcoleDeFoot.php
13/06/2016 20:02:10 Entrée dans ActionEcoleDeFoot.php
13/06/2016 20:02:18 Entrée dans ActionEcoleDeFoot.php
13/06/2016 20:12:06 Entrée dans ActionContact.php
13/06/2016 20:12:06 Entrée dans ActionContact.php
13/06/2016 20:12:28 Entrée dans ActionContact.php
13/06/2016 20:12:29 Entrée dans ActionContact.php
13/06/2016 20:12:30 Entrée dans ActionContact.php
13/06/2016 20:37:54 Entrée dans ActionContact.php
13/06/2016 20:37:54 Entrée dans ActionContact.php
13/06/2016 20:37:58 Entrée dans ActionContact.php
13/06/2016 20:38:17 Entrée dans ActionContact.php
13/06/2016 20:38:20 Entrée dans ActionContact.php
13/06/2016 20:40:45 Entrée dans ActionClub.php
13/06/2016 20:40:47 Entrée dans ActionJoueurs.php
13/06/2016 20:40:54 Entrée dans ActionEcoleDeFoot.php
13/06/2016 20:40:58 Entrée dans ActionEcoleDeFoot.php
13/06/2016 20:41:02 Entrée dans ActionEvenement.php
13/06/2016 20:41:04 Entrée dans ActionAccueil.php
13/06/2016 20:41:34 Entrée dans ActionEvenement.php
13/06/2016 21:09:04 Entrée dans ActionContact.php
13/06/2016 21:09:06 Entrée dans ActionContact.php
13/06/2016 21:09:06 Entrée dans ActionContact.php
13/06/2016 21:09:08 Entrée dans ActionContact.php
13/06/2016 21:47:09 Entrée dans ActionContact.php
13/06/2016 21:49:18 Entrée dans ActionClub.php
13/06/2016 22:07:47 Entrée dans ActionAccueil.php
13/06/2016 22:08:28 Entrée dans AfficherPopupArticle.php
13/06/2016 22:09:03 Entrée dans AfficherPopupArticle.php
13/06/2016 22:09:38 Entrée dans ActionJoueurs.php
13/06/2016 22:13:18 Entrée dans ActionEvenement.php
13/06/2016 22:16:08 Entrée dans ActionAccueil.php
13/06/2016 22:16:19 Entrée dans AfficherPopupArticle.php
13/06/2016 22:16:33 Entrée dans ActionClub.php
13/06/2016 22:16:43 Entrée dans ActionEcoleDeFoot.php
13/06/2016 22:17:00 Entrée dans ActionEvenement.php
13/06/2016 22:17:04 Entrée dans ActionSponsor.php
13/06/2016 22:17:08 Entrée dans ActionEvenement.php
13/06/2016 22:17:09 Entrée dans ActionAgenda.php
13/06/2016 22:17:10 Entrée dans ActionAgenda.php
13/06/2016 22:38:50 Entrée dans ActionContact.php
13/06/2016 23:27:35 Entrée dans ActionAgenda.php
13/06/2016 23:27:39 Entrée dans ActionClub.php
14/06/2016 00:17:38 Entrée dans ActionJoueurs.php
14/06/2016 03:35:27 Entrée dans ActionClub.php
14/06/2016 03:35:36 Entrée dans ActionAgenda.php
14/06/2016 05:19:26 Entrée dans ActionEcoleDeFoot.php
14/06/2016 05:19:30 Entrée dans ActionEvenement.php
14/06/2016 05:19:34 Entrée dans ActionJoueurs.php
14/06/2016 05:19:38 Entrée dans ActionSponsor.php
14/06/2016 06:43:26 Entrée dans ActionAccueil.php
14/06/2016 09:27:27 Entrée dans ActionAccueil.php
14/06/2016 09:27:38 Entrée dans ActionJoueurs.php
14/06/2016 09:29:01 Entrée dans ActionAccueil.php
14/06/2016 09:29:01 Entrée dans ActionAccueil.php
14/06/2016 09:29:04 Entrée dans ActionJoueurs.php
14/06/2016 09:29:06 Entrée dans ActionEcoleDeFoot.php
14/06/2016 09:29:09 Entrée dans ActionEcoleDeFoot.php
14/06/2016 09:29:12 Entrée dans ActionAgenda.php
14/06/2016 09:29:13 Entrée dans ActionAgenda.php
14/06/2016 09:29:16 Entrée dans ActionSponsor.php
14/06/2016 09:41:51 Entrée dans ActionContact.php
14/06/2016 09:41:52 Entrée dans ActionContact.php
14/06/2016 09:41:52 Entrée dans ActionContact.php
14/06/2016 09:41:53 Entrée dans ActionContact.php
14/06/2016 11:58:10 Entrée dans ActionAccueil.php
14/06/2016 12:01:32 Entrée dans ActionAccueil.php
14/06/2016 12:58:44 Entrée dans ActionAccueil.php
14/06/2016 13:15:27 Entrée dans ActionContact.php
14/06/2016 13:15:28 Entrée dans ActionContact.php
14/06/2016 13:15:29 Entrée dans ActionContact.php
14/06/2016 13:15:39 Entrée dans ActionContact.php
14/06/2016 13:36:19 Entrée dans ActionContact.php
14/06/2016 14:01:49 Entrée dans ActionAccueil.php
14/06/2016 14:30:56 Entrée dans ActionAccueil.php
14/06/2016 15:52:35 Entrée dans ActionAccueil.php
14/06/2016 16:48:55 Entrée dans ActionContact.php
14/06/2016 16:48:55 Entrée dans ActionContact.php
14/06/2016 16:49:03 Entrée dans ActionContact.php
14/06/2016 16:49:04 Entrée dans ActionContact.php
14/06/2016 16:49:05 Entrée dans ActionContact.php
14/06/2016 16:49:24 Entrée dans ActionContact.php
14/06/2016 16:49:29 Entrée dans ActionContact.php
14/06/2016 16:49:31 Entrée dans ActionContact.php
14/06/2016 16:49:44 Entrée dans ActionContact.php
14/06/2016 17:17:50 Entrée dans ActionAccueil.php
14/06/2016 17:18:05 Entrée dans AfficherPopupArticle.php
14/06/2016 17:18:23 Entrée dans ActionClub.php
14/06/2016 17:18:33 Entrée dans ActionEcoleDeFoot.php
14/06/2016 17:18:51 Entrée dans ActionEcoleDeFoot.php
14/06/2016 17:18:55 Entrée dans ActionEcoleDeFoot.php
14/06/2016 17:20:33 Entrée dans ActionAgenda.php
14/06/2016 17:20:35 Entrée dans ActionAgenda.php
14/06/2016 17:20:47 Entrée dans ActionAgenda.php
14/06/2016 17:20:48 Entrée dans ActionAgenda.php
14/06/2016 17:20:52 Entrée dans ActionAgenda.php
14/06/2016 17:20:53 Entrée dans ActionAgenda.php
14/06/2016 17:20:59 Entrée dans ActionAccueil.php
14/06/2016 17:21:35 Entrée dans ActionAgenda.php
14/06/2016 17:21:37 Entrée dans ActionClub.php
14/06/2016 17:21:43 Entrée dans ActionEcoleDeFoot.php
14/06/2016 17:32:25 Entrée dans ActionAccueil.php
14/06/2016 17:47:07 Entrée dans ActionAccueil.php
14/06/2016 18:38:40 Entrée dans ActionAccueil.php
14/06/2016 18:39:08 Entrée dans ActionEcoleDeFoot.php
14/06/2016 18:39:20 Entrée dans ActionEcoleDeFoot.php
14/06/2016 18:39:34 Entrée dans ActionClub.php
14/06/2016 18:45:32 Entrée dans ActionEcoleDeFoot.php
14/06/2016 18:45:34 Entrée dans ActionEcoleDeFoot.php
14/06/2016 18:45:56 Entrée dans ActionEcoleDeFoot.php
14/06/2016 18:45:59 Entrée dans ActionEcoleDeFoot.php
14/06/2016 18:46:08 Entrée dans ActionEcoleDeFoot.php
14/06/2016 21:24:42 Entrée dans ActionContact.php
14/06/2016 22:24:38 Entrée dans ActionContact.php
14/06/2016 22:58:40 Entrée dans ActionContact.php
15/06/2016 06:56:40 Entrée dans ActionJoueurs.php
15/06/2016 06:56:40 Entrée dans ActionEvenement.php
15/06/2016 09:10:40 Entrée dans ActionAgenda.php
15/06/2016 09:15:46 Entrée dans ActionContact.php
15/06/2016 09:25:16 Entrée dans ActionEcoleDeFoot.php
15/06/2016 09:25:17 Entrée dans ActionClub.php
15/06/2016 12:24:27 Entrée dans ActionAccueil.php
15/06/2016 12:24:54 Entrée dans ActionClub.php
15/06/2016 12:26:31 Entrée dans ActionJoueurs.php
15/06/2016 12:27:17 Entrée dans ActionAgenda.php
15/06/2016 12:27:17 Entrée dans ActionAgenda.php
15/06/2016 12:27:21 Entrée dans ActionEvenement.php
15/06/2016 12:27:30 Entrée dans ActionAccueil.php
15/06/2016 12:29:32 Entrée dans ActionClub.php
15/06/2016 12:29:34 Entrée dans ActionJoueurs.php
15/06/2016 12:35:14 Entrée dans ActionAccueil.php
15/06/2016 12:35:35 Entrée dans ActionEcoleDeFoot.php
15/06/2016 12:35:39 Entrée dans ActionEcoleDeFoot.php
15/06/2016 13:34:06 Entrée dans ActionAccueil.php
15/06/2016 15:55:36 Entrée dans ActionAccueil.php
15/06/2016 15:55:47 Entrée dans ActionClub.php
15/06/2016 16:52:46 Entrée dans ActionAccueil.php
15/06/2016 18:19:55 Entrée dans ActionAccueil.php
15/06/2016 20:16:52 Entrée dans ActionAccueil.php
15/06/2016 20:17:34 Entrée dans ActionJoueurs.php
15/06/2016 20:22:00 Entrée dans ActionContact.php
15/06/2016 20:36:12 Entrée dans ActionJoueurs.php
15/06/2016 20:49:57 Entrée dans ActionContact.php
15/06/2016 21:37:29 Entrée dans ActionContact.php
15/06/2016 21:37:57 Entrée dans ActionContact.php
15/06/2016 22:50:39 Entrée dans ActionContact.php
15/06/2016 23:08:20 Entrée dans ActionContact.php
15/06/2016 23:08:20 Entrée dans ActionContact.php
15/06/2016 23:08:21 Entrée dans ActionContact.php
15/06/2016 23:08:21 Entrée dans ActionContact.php
15/06/2016 23:08:24 Entrée dans ActionContact.php
15/06/2016 23:12:36 Entrée dans ActionAccueil.php
15/06/2016 23:13:19 Entrée dans AfficherPopupArticle.php
15/06/2016 23:17:32 Entrée dans ActionContact.php
16/06/2016 03:09:55 Entrée dans ActionAccueil.php
16/06/2016 03:11:45 Entrée dans ActionJoueurs.php
16/06/2016 03:12:54 Entrée dans ActionSponsor.php
16/06/2016 03:13:43 Entrée dans ActionEvenement.php
16/06/2016 03:14:00 Entrée dans ActionAccueil.php
16/06/2016 05:05:34 Entrée dans ActionAgenda.php
16/06/2016 05:05:40 Entrée dans ActionClub.php
16/06/2016 06:46:55 Entrée dans ActionEcoleDeFoot.php
16/06/2016 06:46:58 Entrée dans ActionEvenement.php
16/06/2016 06:47:01 Entrée dans ActionJoueurs.php
16/06/2016 06:47:05 Entrée dans ActionSponsor.php
16/06/2016 06:54:53 Entrée dans ActionJoueurs.php
16/06/2016 10:10:52 Entrée dans ActionAccueil.php
16/06/2016 10:11:05 Entrée dans ActionClub.php
16/06/2016 10:11:15 Entrée dans ActionAgenda.php
16/06/2016 10:11:25 Entrée dans ActionJoueurs.php
16/06/2016 10:11:30 Entrée dans ActionSponsor.php
16/06/2016 10:11:50 Entrée dans ActionEvenement.php
16/06/2016 10:12:01 Entrée dans ActionEcoleDeFoot.php
16/06/2016 17:25:30 Entrée dans ActionAccueil.php
16/06/2016 17:25:52 Entrée dans ActionEcoleDeFoot.php
16/06/2016 17:26:13 Entrée dans ActionEcoleDeFoot.php
16/06/2016 17:28:18 Entrée dans ActionEcoleDeFoot.php
16/06/2016 18:42:34 Entrée dans ActionContact.php
16/06/2016 18:42:34 Entrée dans ActionContact.php
16/06/2016 18:42:34 Entrée dans ActionContact.php
16/06/2016 18:42:50 Entrée dans ActionContact.php
16/06/2016 18:42:51 Entrée dans ActionContact.php
16/06/2016 18:42:52 Entrée dans ActionContact.php
16/06/2016 18:42:52 Entrée dans ActionContact.php
16/06/2016 19:48:30 Entrée dans ActionContact.php
16/06/2016 20:15:10 Entrée dans ActionEvenement.php
16/06/2016 20:31:19 Entrée dans ActionContact.php
16/06/2016 20:35:19 Entrée dans ActionJoueurs.php
16/06/2016 20:35:49 Entrée dans ActionJoueurs.php
16/06/2016 20:35:51 Entrée dans ActionEcoleDeFoot.php
16/06/2016 20:59:22 Entrée dans ActionSponsor.php
16/06/2016 21:31:53 Entrée dans ActionAccueil.php
16/06/2016 21:32:11 Entrée dans ActionJoueurs.php
16/06/2016 21:33:03 Entrée dans ActionClub.php
17/06/2016 01:03:24 Entrée dans ActionAccueil.php
17/06/2016 05:59:25 Entrée dans ActionContact.php
17/06/2016 06:18:45 Entrée dans ActionContact.php
17/06/2016 06:18:48 Entrée dans ActionContact.php
17/06/2016 06:18:53 Entrée dans ActionContact.php
17/06/2016 07:24:57 Entrée dans ActionContact.php
17/06/2016 09:46:10 Entrée dans ActionContact.php
17/06/2016 09:46:13 Entrée dans ActionContact.php
17/06/2016 09:46:17 Entrée dans ActionContact.php
17/06/2016 09:49:37 Entrée dans ActionAccueil.php
17/06/2016 11:13:44 Entrée dans ActionSponsor.php
17/06/2016 12:27:36 Entrée dans ActionAccueil.php
17/06/2016 15:10:08 Entrée dans ActionAccueil.php
17/06/2016 15:17:16 Entrée dans ActionAccueil.php
17/06/2016 16:42:53 Entrée dans ActionContact.php
17/06/2016 16:42:53 Entrée dans ActionContact.php
17/06/2016 16:42:54 Entrée dans ActionContact.php
17/06/2016 16:43:05 Entrée dans ActionContact.php
17/06/2016 16:43:06 Entrée dans ActionContact.php
17/06/2016 19:26:26 Entrée dans ActionAccueil.php
17/06/2016 19:53:12 Entrée dans ActionAccueil.php
17/06/2016 19:53:21 Entrée dans ActionJoueurs.php
17/06/2016 19:54:10 Entrée dans ActionContact.php
17/06/2016 20:31:09 Entrée dans ActionAccueil.php
17/06/2016 20:31:30 Entrée dans AfficherPopupArticle.php
17/06/2016 20:32:35 Entrée dans ActionAccueil.php
17/06/2016 20:32:38 Entrée dans ActionAccueil.php
17/06/2016 20:32:41 Entrée dans ActionAccueil.php
17/06/2016 20:32:42 Entrée dans ActionAccueil.php
17/06/2016 20:32:51 Entrée dans ActionClub.php
17/06/2016 20:32:53 Entrée dans ActionAccueil.php
17/06/2016 20:32:55 Entrée dans ActionEcoleDeFoot.php
17/06/2016 20:32:57 Entrée dans ActionEcoleDeFoot.php
17/06/2016 20:32:59 Entrée dans ActionEcoleDeFoot.php
17/06/2016 20:32:59 Entrée dans ActionEcoleDeFoot.php
17/06/2016 20:32:59 Entrée dans ActionEcoleDeFoot.php
17/06/2016 20:33:00 Entrée dans ActionEcoleDeFoot.php
17/06/2016 20:33:01 Entrée dans ActionEcoleDeFoot.php
17/06/2016 20:33:04 Entrée dans ActionEcoleDeFoot.php
17/06/2016 20:33:06 Entrée dans ActionAgenda.php
17/06/2016 20:33:08 Entrée dans ActionEcoleDeFoot.php
17/06/2016 20:33:08 Entrée dans ActionEcoleDeFoot.php
17/06/2016 20:33:15 Entrée dans ActionEcoleDeFoot.php
17/06/2016 20:33:20 Entrée dans ActionEcoleDeFoot.php
17/06/2016 20:49:08 Entrée dans ActionAccueil.php
17/06/2016 22:44:23 Entrée dans ActionContact.php
17/06/2016 22:44:24 Entrée dans ActionContact.php
17/06/2016 22:44:24 Entrée dans ActionContact.php
17/06/2016 22:44:24 Entrée dans ActionContact.php
17/06/2016 22:44:26 Entrée dans ActionContact.php
17/06/2016 22:44:28 Entrée dans ActionContact.php
18/06/2016 00:20:44 Entrée dans ActionAgenda.php
18/06/2016 00:20:48 Entrée dans ActionClub.php
18/06/2016 00:25:40 Entrée dans ActionJoueurs.php
18/06/2016 01:41:57 Entrée dans ActionJoueurs.php
18/06/2016 02:11:16 Entrée dans ActionAccueil.php
18/06/2016 02:11:24 Entrée dans ActionJoueurs.php
18/06/2016 02:13:31 Entrée dans ActionClub.php
18/06/2016 02:20:33 Entrée dans ActionAccueil.php
18/06/2016 02:20:56 Entrée dans ActionJoueurs.php
18/06/2016 02:21:54 Entrée dans ActionClub.php
18/06/2016 06:06:19 Entrée dans ActionContact.php
18/06/2016 06:46:45 Entrée dans ActionJoueurs.php
18/06/2016 08:35:31 Entrée dans ActionAccueil.php
18/06/2016 09:37:18 Entrée dans ActionAccueil.php
18/06/2016 09:37:36 Entrée dans AfficherPopupArticle.php
18/06/2016 09:38:16 Entrée dans AfficherPopupArticle.php
18/06/2016 09:38:31 Entrée dans AfficherPopupArticle.php
18/06/2016 09:38:53 Entrée dans AfficherPopupArticle.php
18/06/2016 09:38:56 Entrée dans AfficherPopupArticle.php
18/06/2016 09:39:15 Entrée dans AfficherPopupArticle.php
18/06/2016 09:39:29 Entrée dans ActionEvenement.php
18/06/2016 09:39:37 Entrée dans ActionAgenda.php
18/06/2016 09:39:38 Entrée dans ActionAgenda.php
18/06/2016 09:39:54 Entrée dans ActionClub.php
18/06/2016 10:18:30 Entrée dans ActionAccueil.php
18/06/2016 11:32:57 Entrée dans ActionAccueil.php
18/06/2016 12:08:23 Entrée dans ActionAccueil.php
18/06/2016 12:57:33 Entrée dans ActionClub.php
18/06/2016 12:57:35 Entrée dans ActionAccueil.php
18/06/2016 12:57:39 Entrée dans ActionEcoleDeFoot.php
18/06/2016 12:57:45 Entrée dans ActionJoueurs.php
18/06/2016 12:57:47 Entrée dans ActionAccueil.php
18/06/2016 12:57:50 Entrée dans ActionJoueurs.php
18/06/2016 12:58:06 Entrée dans ActionAccueil.php
18/06/2016 13:44:24 Entrée dans ActionEvenement.php
18/06/2016 14:01:18 Entrée dans ActionContact.php
18/06/2016 14:21:12 Entrée dans ActionAccueil.php
18/06/2016 14:21:42 Entrée dans AfficherPopupArticle.php
18/06/2016 14:23:49 Entrée dans AfficherPopupArticle.php
18/06/2016 14:24:37 Entrée dans ActionJoueurs.php
18/06/2016 18:09:40 Entrée dans ActionAccueil.php
18/06/2016 20:29:38 Entrée dans ActionEcoleDeFoot.php
18/06/2016 20:29:41 Entrée dans ActionEvenement.php
18/06/2016 20:29:44 Entrée dans ActionJoueurs.php
18/06/2016 20:29:47 Entrée dans ActionSponsor.php
19/06/2016 04:58:59 Entrée dans ActionAccueil.php
19/06/2016 04:59:22 Entrée dans AfficherPopupArticle.php
19/06/2016 04:59:41 Entrée dans AfficherPopupArticle.php
19/06/2016 05:00:54 Entrée dans ActionJoueurs.php
19/06/2016 10:11:18 Entrée dans ActionContact.php
19/06/2016 10:11:18 Entrée dans ActionContact.php
19/06/2016 10:11:19 Entrée dans ActionContact.php
19/06/2016 10:11:21 Entrée dans ActionContact.php
19/06/2016 10:11:23 Entrée dans ActionContact.php
19/06/2016 11:30:24 Entrée dans ActionContact.php
19/06/2016 13:06:35 Entrée dans ActionContact.php
19/06/2016 13:13:12 Entrée dans ActionAccueil.php
19/06/2016 15:16:56 Entrée dans ActionAccueil.php
19/06/2016 15:16:58 Entrée dans ActionAgenda.php
19/06/2016 15:16:59 Entrée dans ActionClub.php
19/06/2016 15:17:00 Entrée dans ActionEcoleDeFoot.php
19/06/2016 15:17:01 Entrée dans ActionEvenement.php
19/06/2016 15:17:01 Entrée dans ActionJoueurs.php
19/06/2016 15:17:02 Entrée dans ActionSponsor.php
19/06/2016 15:17:02 Entrée dans AfficherPopupArticle.php
19/06/2016 15:17:03 Entrée dans AfficherPopupArticle.php
19/06/2016 15:17:03 Entrée dans AfficherPopupCompteRendu.php
19/06/2016 15:17:03 Entrée dans ActionAccueil.php
19/06/2016 15:17:04 Entrée dans RechercherArticle.php
19/06/2016 15:17:04 Entrée dans ActionAccueil.php
19/06/2016 15:17:07 Entrée dans ActionAccueil.php
19/06/2016 15:22:19 Entrée dans ActionAccueil.php
19/06/2016 16:58:51 Entrée dans ActionAccueil.php
19/06/2016 19:15:42 Entrée dans ActionContact.php
19/06/2016 19:43:26 Entrée dans ActionClub.php
19/06/2016 19:45:59 Entrée dans ActionAccueil.php
19/06/2016 19:45:59 Entrée dans ActionAccueil.php
19/06/2016 20:07:50 Entrée dans ActionAccueil.php
19/06/2016 20:36:42 Entrée dans ActionContact.php
19/06/2016 20:36:42 Entrée dans ActionContact.php
19/06/2016 20:36:43 Entrée dans ActionContact.php
19/06/2016 20:36:47 Entrée dans ActionContact.php
19/06/2016 20:36:48 Entrée dans ActionContact.php
19/06/2016 20:37:07 Entrée dans ActionContact.php
19/06/2016 20:37:08 Entrée dans ActionContact.php
19/06/2016 21:55:44 Entrée dans ActionAccueil.php
19/06/2016 21:59:14 Entrée dans ActionContact.php
19/06/2016 23:02:47 Entrée dans ActionAccueil.php
19/06/2016 23:02:58 Entrée dans AfficherPopupArticle.php
19/06/2016 23:03:17 Entrée dans AfficherPopupArticle.php
19/06/2016 23:03:32 Entrée dans AfficherPopupArticle.php
19/06/2016 23:03:47 Entrée dans AfficherPopupArticle.php
20/06/2016 04:02:47 Entrée dans ActionSponsor.php
20/06/2016 06:33:43 Entrée dans ActionEcoleDeFoot.php
20/06/2016 06:55:12 Entrée dans ActionClub.php
20/06/2016 07:00:56 Entrée dans ActionContact.php
20/06/2016 07:00:58 Entrée dans ActionContact.php
20/06/2016 07:01:02 Entrée dans ActionContact.php
20/06/2016 07:01:29 Entrée dans ActionContact.php
20/06/2016 07:15:08 Entrée dans ActionSponsor.php
20/06/2016 07:25:18 Entrée dans ActionJoueurs.php
20/06/2016 07:25:19 Entrée dans ActionAgenda.php
20/06/2016 07:25:19 Entrée dans ActionEvenement.php
20/06/2016 08:20:40 Entrée dans ActionAccueil.php
20/06/2016 08:21:04 Entrée dans ActionEcoleDeFoot.php
20/06/2016 08:21:09 Entrée dans ActionEcoleDeFoot.php
20/06/2016 11:57:53 Entrée dans ActionAccueil.php
20/06/2016 13:26:46 Entrée dans AfficherPopupArticle.php
20/06/2016 13:27:18 Entrée dans AfficherPopupArticle.php
20/06/2016 13:27:49 Entrée dans AfficherPopupArticle.php
20/06/2016 14:30:23 Entrée dans ActionAccueil.php
20/06/2016 14:30:28 Entrée dans ActionClub.php
20/06/2016 14:30:31 Entrée dans ActionJoueurs.php
20/06/2016 14:30:33 Entrée dans ActionEcoleDeFoot.php
20/06/2016 14:30:35 Entrée dans ActionAgenda.php
20/06/2016 14:30:38 Entrée dans ActionEvenement.php
20/06/2016 14:30:40 Entrée dans ActionSponsor.php
20/06/2016 14:34:12 Entrée dans ActionEcoleDeFoot.php
20/06/2016 14:34:17 Entrée dans ActionEvenement.php
20/06/2016 14:34:21 Entrée dans ActionJoueurs.php
20/06/2016 14:34:24 Entrée dans ActionSponsor.php
20/06/2016 17:06:49 Entrée dans ActionAccueil.php
20/06/2016 18:54:21 Entrée dans ActionAccueil.php
20/06/2016 18:55:17 Entrée dans ActionClub.php
20/06/2016 18:55:27 Entrée dans ActionEcoleDeFoot.php
20/06/2016 18:56:32 Entrée dans ActionEcoleDeFoot.php
20/06/2016 18:56:35 Entrée dans ActionEcoleDeFoot.php
20/06/2016 18:56:43 Entrée dans ActionEcoleDeFoot.php
20/06/2016 18:57:04 Entrée dans ActionAgenda.php
20/06/2016 18:57:05 Entrée dans ActionAgenda.php
20/06/2016 18:57:08 Entrée dans ActionEvenement.php
20/06/2016 18:57:17 Entrée dans ActionAccueil.php
20/06/2016 18:57:22 Entrée dans AfficherPopupArticle.php
20/06/2016 18:57:50 Entrée dans ActionAccueil.php
20/06/2016 18:57:59 Entrée dans AfficherPopupArticle.php
20/06/2016 18:58:10 Entrée dans ActionEcoleDeFoot.php
20/06/2016 18:58:27 Entrée dans ActionAccueil.php
20/06/2016 18:59:02 Entrée dans ActionClub.php
20/06/2016 19:30:54 Entrée dans ActionContact.php
20/06/2016 21:15:33 Entrée dans ActionAccueil.php
20/06/2016 21:48:48 Entrée dans ActionContact.php
21/06/2016 04:50:18 Entrée dans ActionAccueil.php
21/06/2016 07:34:14 Entrée dans ActionAccueil.php
21/06/2016 10:24:11 Entrée dans ActionContact.php
21/06/2016 12:06:25 Entrée dans ActionAccueil.php
21/06/2016 12:07:40 Entrée dans ActionEcoleDeFoot.php
21/06/2016 17:13:38 Entrée dans ActionAccueil.php
21/06/2016 18:12:20 Entrée dans ActionAccueil.php
21/06/2016 20:42:18 Entrée dans ActionContact.php
21/06/2016 21:01:56 Entrée dans ActionAccueil.php
21/06/2016 21:07:20 Entrée dans ActionContact.php
21/06/2016 21:07:21 Entrée dans ActionContact.php
21/06/2016 21:07:21 Entrée dans ActionContact.php
21/06/2016 21:07:22 Entrée dans ActionContact.php
21/06/2016 21:07:23 Entrée dans ActionContact.php
21/06/2016 22:04:41 Entrée dans ActionContact.php
21/06/2016 22:07:41 Entrée dans ActionContact.php
21/06/2016 22:12:45 Entrée dans ActionContact.php
21/06/2016 23:33:45 Entrée dans ActionJoueurs.php
22/06/2016 06:16:18 Entrée dans ActionContact.php
22/06/2016 07:26:53 Entrée dans ActionAgenda.php
22/06/2016 08:23:49 Entrée dans ActionAccueil.php
22/06/2016 13:55:47 Entrée dans ActionContact.php
22/06/2016 14:20:09 Entrée dans ActionAccueil.php
22/06/2016 14:20:27 Entrée dans ActionAgenda.php
22/06/2016 14:20:28 Entrée dans ActionAgenda.php
22/06/2016 14:20:38 Entrée dans ActionClub.php
22/06/2016 14:20:40 Entrée dans ActionEcoleDeFoot.php
22/06/2016 14:20:48 Entrée dans ActionAgenda.php
22/06/2016 14:38:43 Entrée dans ActionContact.php
22/06/2016 14:44:36 Entrée dans ActionAccueil.php
22/06/2016 15:05:37 Entrée dans ActionContact.php
22/06/2016 15:16:37 Entrée dans ActionAccueil.php
22/06/2016 16:08:55 Entrée dans ActionAccueil.php
22/06/2016 16:09:06 Entrée dans ActionJoueurs.php
22/06/2016 16:10:00 Entrée dans ActionJoueurs.php
22/06/2016 17:18:57 Entrée dans ActionContact.php
22/06/2016 18:48:20 Entrée dans ActionContact.php
22/06/2016 18:48:21 Entrée dans ActionContact.php
22/06/2016 18:48:21 Entrée dans ActionContact.php
22/06/2016 18:48:22 Entrée dans ActionContact.php
22/06/2016 18:48:23 Entrée dans ActionContact.php
22/06/2016 22:36:01 Entrée dans ActionContact.php
22/06/2016 22:37:39 Entrée dans ActionAccueil.php
22/06/2016 23:52:24 Entrée dans ActionContact.php
23/06/2016 00:22:44 Entrée dans ActionEvenement.php
23/06/2016 10:28:26 Entrée dans ActionEcoleDeFoot.php
23/06/2016 10:28:57 Entrée dans ActionEcoleDeFoot.php
23/06/2016 10:29:01 Entrée dans ActionEcoleDeFoot.php
23/06/2016 10:29:08 Entrée dans ActionAccueil.php
23/06/2016 10:29:20 Entrée dans ActionAccueil.php
23/06/2016 10:29:22 Entrée dans ActionClub.php
23/06/2016 10:34:02 Entrée dans ActionAccueil.php
23/06/2016 11:28:36 Entrée dans ActionContact.php
23/06/2016 11:28:36 Entrée dans ActionContact.php
23/06/2016 11:28:38 Entrée dans ActionContact.php
23/06/2016 13:38:32 Entrée dans ActionAccueil.php
23/06/2016 13:39:08 Entrée dans AfficherPopupArticle.php
23/06/2016 14:21:46 Entrée dans ActionAccueil.php
23/06/2016 14:21:55 Entrée dans ActionJoueurs.php
23/06/2016 14:22:56 Entrée dans ActionAccueil.php
23/06/2016 14:22:59 Entrée dans AfficherPopupArticle.php
23/06/2016 14:23:10 Entrée dans ActionClub.php
23/06/2016 14:33:22 Entrée dans ActionContact.php
23/06/2016 15:13:20 Entrée dans ActionContact.php
23/06/2016 17:59:34 Entrée dans ActionAccueil.php
23/06/2016 20:50:01 Entrée dans ActionContact.php
23/06/2016 20:50:02 Entrée dans ActionContact.php
23/06/2016 20:50:02 Entrée dans ActionContact.php
23/06/2016 20:50:04 Entrée dans ActionContact.php
23/06/2016 20:50:05 Entrée dans ActionContact.php
23/06/2016 20:50:08 Entrée dans ActionContact.php
23/06/2016 20:50:13 Entrée dans ActionClub.php
23/06/2016 20:50:16 Entrée dans ActionAccueil.php
23/06/2016 20:50:18 Entrée dans ActionAccueil.php
23/06/2016 20:50:36 Entrée dans ActionContact.php
23/06/2016 20:50:37 Entrée dans ActionContact.php
23/06/2016 20:50:37 Entrée dans ActionContact.php
23/06/2016 20:50:37 Entrée dans ActionContact.php
23/06/2016 20:50:38 Entrée dans ActionContact.php
23/06/2016 21:31:11 Entrée dans ActionAccueil.php
23/06/2016 21:48:27 Entrée dans ActionContact.php
23/06/2016 22:34:14 Entrée dans ActionContact.php
23/06/2016 22:34:15 Entrée dans ActionContact.php
23/06/2016 22:46:26 Entrée dans ActionAccueil.php
23/06/2016 22:46:46 Entrée dans ActionAccueil.php
23/06/2016 22:46:53 Entrée dans ActionJoueurs.php
23/06/2016 22:47:57 Entrée dans ActionClub.php
23/06/2016 22:48:43 Entrée dans ActionAgenda.php
23/06/2016 22:48:46 Entrée dans ActionAgenda.php
23/06/2016 22:48:52 Entrée dans ActionEcoleDeFoot.php
23/06/2016 22:49:04 Entrée dans ActionEcoleDeFoot.php
23/06/2016 22:49:46 Entrée dans ActionEcoleDeFoot.php
23/06/2016 23:01:34 Entrée dans ActionEcoleDeFoot.php
23/06/2016 23:01:37 Entrée dans ActionSponsor.php
23/06/2016 23:12:23 Entrée dans ActionContact.php
24/06/2016 05:36:38 Entrée dans ActionAccueil.php
24/06/2016 06:26:13 Entrée dans ActionAccueil.php
24/06/2016 06:26:23 Entrée dans ActionAgenda.php
24/06/2016 06:26:31 Entrée dans ActionClub.php
24/06/2016 06:26:35 Entrée dans ActionEcoleDeFoot.php
24/06/2016 06:26:41 Entrée dans ActionEvenement.php
24/06/2016 06:26:46 Entrée dans ActionJoueurs.php
24/06/2016 06:26:54 Entrée dans ActionSponsor.php
24/06/2016 11:37:34 Entrée dans ActionAccueil.php
24/06/2016 11:39:38 Entrée dans ActionAccueil.php
24/06/2016 14:07:56 Entrée dans ActionAccueil.php
24/06/2016 15:21:12 Entrée dans ActionEvenement.php
24/06/2016 15:39:10 Entrée dans ActionSponsor.php
24/06/2016 17:44:22 Entrée dans ActionEcoleDeFoot.php
24/06/2016 18:27:55 Entrée dans ActionContact.php
24/06/2016 19:22:45 Entrée dans ActionContact.php
24/06/2016 19:46:42 Entrée dans ActionContact.php
24/06/2016 20:27:14 Entrée dans ActionAccueil.php
24/06/2016 20:34:29 Entrée dans ActionContact.php
24/06/2016 20:51:12 Entrée dans ActionAccueil.php
24/06/2016 21:18:43 Entrée dans ActionAccueil.php
24/06/2016 21:52:58 Entrée dans ActionJoueurs.php
24/06/2016 22:16:08 Entrée dans ActionContact.php
25/06/2016 01:56:08 Entrée dans ActionEvenement.php
25/06/2016 08:02:24 Entrée dans ActionContact.php
25/06/2016 10:57:46 Entrée dans ActionAccueil.php
25/06/2016 10:58:12 Entrée dans ActionSponsor.php
25/06/2016 10:58:14 Entrée dans ActionEvenement.php
25/06/2016 10:58:15 Entrée dans ActionAgenda.php
25/06/2016 10:58:16 Entrée dans ActionAgenda.php
25/06/2016 10:58:17 Entrée dans ActionJoueurs.php
25/06/2016 10:58:33 Entrée dans ActionAccueil.php
25/06/2016 13:20:45 Entrée dans ActionContact.php
25/06/2016 15:12:34 Entrée dans ActionClub.php
25/06/2016 15:12:34 Entrée dans ActionEcoleDeFoot.php
25/06/2016 16:49:33 Entrée dans ActionClub.php
25/06/2016 17:14:44 Entrée dans ActionContact.php
25/06/2016 22:19:13 Entrée dans ActionAccueil.php
25/06/2016 22:45:23 Entrée dans ActionAccueil.php
25/06/2016 22:49:30 Entrée dans ActionAccueil.php
25/06/2016 22:50:54 Entrée dans AfficherPopupArticle.php
25/06/2016 22:51:03 Entrée dans AfficherPopupArticle.php
25/06/2016 22:52:42 Entrée dans AfficherPopupArticle.php
26/06/2016 08:47:53 Entrée dans ActionContact.php
26/06/2016 08:47:53 Entrée dans ActionContact.php
26/06/2016 08:47:54 Entrée dans ActionContact.php
26/06/2016 08:47:55 Entrée dans ActionContact.php
26/06/2016 08:47:57 Entrée dans ActionContact.php
26/06/2016 08:48:08 Entrée dans ActionContact.php
26/06/2016 10:16:14 Entrée dans ActionAccueil.php
26/06/2016 11:04:21 Entrée dans ActionContact.php
26/06/2016 11:05:49 Entrée dans ActionContact.php
26/06/2016 11:05:49 Entrée dans ActionContact.php
26/06/2016 11:05:49 Entrée dans ActionContact.php
26/06/2016 11:05:54 Entrée dans ActionContact.php
26/06/2016 11:05:55 Entrée dans ActionContact.php
26/06/2016 11:13:03 Entrée dans ActionEcoleDeFoot.php
26/06/2016 11:13:06 Entrée dans ActionSponsor.php
26/06/2016 11:38:05 Entrée dans ActionAccueil.php
26/06/2016 13:53:32 Entrée dans ActionContact.php
26/06/2016 14:44:00 Entrée dans ActionEvenement.php
26/06/2016 14:50:35 Entrée dans ActionAccueil.php
26/06/2016 14:50:38 Entrée dans AfficherPopupArticle.php
26/06/2016 16:05:04 Entrée dans ActionContact.php
26/06/2016 18:19:42 Entrée dans ActionAccueil.php
26/06/2016 18:25:22 Entrée dans ActionContact.php
26/06/2016 18:45:16 Entrée dans ActionContact.php
26/06/2016 18:45:17 Entrée dans ActionContact.php
26/06/2016 18:45:17 Entrée dans ActionContact.php
26/06/2016 18:45:19 Entrée dans ActionContact.php
26/06/2016 18:45:20 Entrée dans ActionContact.php
26/06/2016 19:55:45 Entrée dans ActionEvenement.php
26/06/2016 21:18:42 Entrée dans ActionAccueil.php
26/06/2016 21:18:56 Entrée dans ActionClub.php
26/06/2016 21:19:05 Entrée dans ActionAgenda.php
26/06/2016 21:19:15 Entrée dans ActionJoueurs.php
26/06/2016 21:19:20 Entrée dans ActionSponsor.php
26/06/2016 21:19:40 Entrée dans ActionEvenement.php
26/06/2016 21:19:50 Entrée dans ActionEcoleDeFoot.php
26/06/2016 21:38:01 Entrée dans ActionAccueil.php
26/06/2016 21:38:07 Entrée dans ActionClub.php
26/06/2016 21:38:25 Entrée dans ActionClub.php
26/06/2016 21:38:47 Entrée dans ActionClub.php
26/06/2016 21:38:59 Entrée dans ActionEcoleDeFoot.php
26/06/2016 21:39:30 Entrée dans ActionAccueil.php
26/06/2016 21:39:34 Entrée dans ActionClub.php
26/06/2016 21:39:37 Entrée dans ActionClub.php
26/06/2016 21:40:36 Entrée dans ActionAgenda.php
26/06/2016 21:40:57 Entrée dans ActionClub.php
26/06/2016 21:41:27 Entrée dans ActionEcoleDeFoot.php
26/06/2016 21:41:52 Entrée dans ActionEcoleDeFoot.php
26/06/2016 21:41:58 Entrée dans ActionEvenement.php
26/06/2016 21:42:05 Entrée dans ActionAgenda.php
26/06/2016 21:42:07 Entrée dans ActionAgenda.php
26/06/2016 21:42:15 Entrée dans ActionAccueil.php
26/06/2016 21:43:53 Entrée dans AfficherPopupArticle.php
26/06/2016 21:50:08 Entrée dans ActionAgenda.php
26/06/2016 22:53:25 Entrée dans ActionContact.php
26/06/2016 23:14:01 Entrée dans ActionAccueil.php
27/06/2016 04:44:34 Entrée dans ActionClub.php
27/06/2016 08:17:31 Entrée dans ActionClub.php
27/06/2016 12:22:34 Entrée dans ActionJoueurs.php
27/06/2016 12:22:47 Entrée dans ActionJoueurs.php
27/06/2016 12:41:41 Entrée dans ActionContact.php
27/06/2016 13:08:32 Entrée dans ActionAccueil.php
27/06/2016 13:10:07 Entrée dans ActionAccueil.php
27/06/2016 13:40:05 Entrée dans ActionAccueil.php
27/06/2016 14:28:46 Entrée dans ActionAccueil.php
27/06/2016 15:27:05 Entrée dans ActionAccueil.php
27/06/2016 15:27:23 Entrée dans ActionAccueil.php
27/06/2016 15:27:31 Entrée dans ActionClub.php
27/06/2016 15:27:52 Entrée dans ActionEcoleDeFoot.php
27/06/2016 15:28:07 Entrée dans ActionEcoleDeFoot.php
27/06/2016 16:10:02 Entrée dans ActionClub.php
27/06/2016 16:48:31 Entrée dans ActionEvenement.php
27/06/2016 18:31:38 Entrée dans ActionContact.php
27/06/2016 18:39:51 Entrée dans ActionContact.php
27/06/2016 18:39:51 Entrée dans ActionContact.php
27/06/2016 18:39:52 Entrée dans ActionContact.php
27/06/2016 18:39:56 Entrée dans ActionContact.php
27/06/2016 18:39:58 Entrée dans ActionContact.php
27/06/2016 19:34:07 Entrée dans ActionSponsor.php
27/06/2016 19:45:49 Entrée dans ActionAccueil.php
27/06/2016 19:46:15 Entrée dans ActionClub.php
27/06/2016 20:19:15 Entrée dans ActionContact.php
27/06/2016 20:19:15 Entrée dans ActionContact.php
27/06/2016 20:19:16 Entrée dans ActionContact.php
27/06/2016 20:19:17 Entrée dans ActionContact.php
27/06/2016 21:50:51 Entrée dans ActionJoueurs.php
27/06/2016 22:31:03 Entrée dans ActionContact.php
28/06/2016 00:07:28 Entrée dans ActionAccueil.php
28/06/2016 07:50:23 Entrée dans ActionContact.php
28/06/2016 10:23:25 Entrée dans ActionAccueil.php
28/06/2016 10:23:41 Entrée dans AfficherPopupArticle.php
28/06/2016 10:23:54 Entrée dans AfficherPopupArticle.php
28/06/2016 10:42:39 Entrée dans ActionContact.php
28/06/2016 12:59:25 Entrée dans ActionAccueil.php
28/06/2016 13:27:19 Entrée dans ActionContact.php
28/06/2016 14:12:13 Entrée dans ActionAccueil.php
28/06/2016 14:12:25 Entrée dans ActionJoueurs.php
28/06/2016 14:26:47 Entrée dans ActionAccueil.php
28/06/2016 14:26:59 Entrée dans AfficherPopupArticle.php
28/06/2016 14:29:21 Entrée dans AfficherPopupArticle.php
28/06/2016 16:08:21 Entrée dans ActionAccueil.php
28/06/2016 17:29:43 Entrée dans ActionAccueil.php
28/06/2016 17:48:25 Entrée dans ActionAccueil.php
28/06/2016 17:48:54 Entrée dans ActionJoueurs.php
28/06/2016 18:38:45 Entrée dans ActionEcoleDeFoot.php
28/06/2016 18:38:51 Entrée dans ActionEcoleDeFoot.php
28/06/2016 18:38:55 Entrée dans ActionEcoleDeFoot.php
28/06/2016 18:40:11 Entrée dans ActionEcoleDeFoot.php
28/06/2016 18:40:28 Entrée dans ActionEcoleDeFoot.php
28/06/2016 18:57:02 Entrée dans ActionContact.php
28/06/2016 19:07:38 Entrée dans ActionContact.php
28/06/2016 19:07:39 Entrée dans ActionContact.php
28/06/2016 19:07:39 Entrée dans ActionContact.php
28/06/2016 19:07:41 Entrée dans ActionContact.php
28/06/2016 19:07:43 Entrée dans ActionContact.php
28/06/2016 19:08:05 Entrée dans ActionContact.php
28/06/2016 19:27:35 Entrée dans ActionAccueil.php
28/06/2016 21:23:07 Entrée dans ActionEcoleDeFoot.php
28/06/2016 21:23:10 Entrée dans ActionSponsor.php
28/06/2016 21:53:28 Entrée dans ActionJoueurs.php
28/06/2016 21:55:12 Entrée dans ActionEcoleDeFoot.php
28/06/2016 21:55:14 Entrée dans ActionEvenement.php
28/06/2016 21:57:29 Entrée dans ActionAccueil.php
28/06/2016 21:58:47 Entrée dans ActionContact.php
29/06/2016 00:18:32 Entrée dans ActionAccueil.php
29/06/2016 00:19:09 Entrée dans ActionAgenda.php
29/06/2016 00:19:29 Entrée dans ActionClub.php
29/06/2016 00:19:43 Entrée dans ActionEcoleDeFoot.php
29/06/2016 00:19:46 Entrée dans ActionEvenement.php
29/06/2016 00:19:47 Entrée dans ActionJoueurs.php
29/06/2016 00:19:52 Entrée dans ActionSponsor.php
29/06/2016 00:19:53 Entrée dans AfficherPopupArticle.php
29/06/2016 00:19:54 Entrée dans AfficherPopupArticle.php
29/06/2016 00:20:08 Entrée dans AfficherPopupCompteRendu.php
29/06/2016 00:20:09 Entrée dans ActionAccueil.php
29/06/2016 00:20:14 Entrée dans RechercherArticle.php
29/06/2016 00:20:14 Entrée dans ActionAccueil.php
29/06/2016 00:20:41 Entrée dans ActionAccueil.php
29/06/2016 00:21:11 Entrée dans ActionProfil.php
29/06/2016 00:21:15 Entrée dans ActionAccueil.php
29/06/2016 00:21:19 Entrée dans ActionLogin.php
29/06/2016 00:21:22 Entrée dans ActionProfil.php
29/06/2016 00:21:24 Entrée dans ActionAccueil.php
29/06/2016 06:01:25 Entrée dans ActionAccueil.php
29/06/2016 06:40:59 Entrée dans ActionAccueil.php
29/06/2016 06:41:15 Entrée dans AfficherPopupArticle.php
29/06/2016 06:42:14 Entrée dans ActionClub.php
29/06/2016 07:38:47 Entrée dans ActionAccueil.php
29/06/2016 07:39:02 Entrée dans ActionEcoleDeFoot.php
29/06/2016 07:39:14 Entrée dans ActionClub.php
29/06/2016 07:39:18 Entrée dans ActionEcoleDeFoot.php
29/06/2016 07:39:21 Entrée dans ActionEcoleDeFoot.php
29/06/2016 09:55:19 Entrée dans ActionAccueil.php
29/06/2016 09:55:26 Entrée dans ActionEcoleDeFoot.php
29/06/2016 09:55:30 Entrée dans ActionEcoleDeFoot.php
29/06/2016 09:57:50 Entrée dans ActionAccueil.php
29/06/2016 09:58:10 Entrée dans ActionEvenement.php
29/06/2016 09:58:16 Entrée dans ActionAccueil.php
29/06/2016 11:05:33 Entrée dans ActionJoueurs.php
29/06/2016 11:05:57 Entrée dans ActionJoueurs.php
29/06/2016 14:07:09 Entrée dans ActionAgenda.php
29/06/2016 14:07:09 Entrée dans ActionEvenement.php
29/06/2016 14:07:09 Entrée dans ActionJoueurs.php
29/06/2016 14:36:29 Entrée dans ActionContact.php
29/06/2016 17:40:38 Entrée dans ActionContact.php
29/06/2016 18:04:01 Entrée dans ActionContact.php
29/06/2016 18:18:58 Entrée dans ActionAccueil.php
29/06/2016 18:19:11 Entrée dans AfficherPopupArticle.php
29/06/2016 21:37:28 Entrée dans ActionSponsor.php
30/06/2016 00:15:43 Entrée dans ActionAgenda.php
30/06/2016 02:36:00 Entrée dans ActionJoueurs.php
30/06/2016 06:51:37 Entrée dans ActionAccueil.php
30/06/2016 07:29:22 Entrée dans ActionEcoleDeFoot.php
30/06/2016 07:30:28 Entrée dans ActionJoueurs.php
30/06/2016 12:21:25 Entrée dans ActionJoueurs.php
30/06/2016 12:21:41 Entrée dans ActionJoueurs.php
30/06/2016 13:19:39 Entrée dans ActionContact.php
30/06/2016 13:19:40 Entrée dans ActionContact.php
30/06/2016 13:19:40 Entrée dans ActionContact.php
30/06/2016 13:19:40 Entrée dans ActionContact.php
30/06/2016 13:19:42 Entrée dans ActionContact.php
30/06/2016 13:19:43 Entrée dans ActionContact.php
30/06/2016 15:25:15 Entrée dans ActionAccueil.php
30/06/2016 15:26:08 Entrée dans ActionClub.php
30/06/2016 15:26:30 Entrée dans ActionJoueurs.php
30/06/2016 15:27:05 Entrée dans ActionEcoleDeFoot.php
30/06/2016 15:27:25 Entrée dans ActionAgenda.php
30/06/2016 15:27:56 Entrée dans ActionEvenement.php
30/06/2016 15:28:19 Entrée dans ActionSponsor.php
30/06/2016 16:56:17 Entrée dans ActionAgenda.php
30/06/2016 16:57:10 Entrée dans ActionAgenda.php
30/06/2016 16:57:13 Entrée dans ActionEcoleDeFoot.php
30/06/2016 17:06:09 Entrée dans ActionContact.php
30/06/2016 18:02:52 Entrée dans ActionAccueil.php
30/06/2016 18:12:41 Entrée dans ActionContact.php
30/06/2016 18:55:49 Entrée dans ActionContact.php
30/06/2016 19:32:24 Entrée dans ActionContact.php
30/06/2016 19:36:54 Entrée dans ActionContact.php
30/06/2016 19:51:37 Entrée dans ActionContact.php
30/06/2016 20:10:33 Entrée dans ActionAccueil.php
30/06/2016 20:11:16 Entrée dans ActionClub.php
30/06/2016 21:01:45 Entrée dans ActionContact.php
30/06/2016 21:01:46 Entrée dans ActionContact.php
30/06/2016 21:01:46 Entrée dans ActionContact.php
30/06/2016 21:01:48 Entrée dans ActionContact.php
30/06/2016 21:01:50 Entrée dans ActionContact.php
30/06/2016 21:08:47 Entrée dans ActionContact.php
30/06/2016 21:08:48 Entrée dans ActionContact.php
30/06/2016 21:08:48 Entrée dans ActionContact.php
30/06/2016 21:08:49 Entrée dans ActionContact.php
30/06/2016 21:15:19 Entrée dans ActionEvenement.php
30/06/2016 21:24:45 Entrée dans ActionClub.php
30/06/2016 21:24:47 Entrée dans ActionAccueil.php
30/06/2016 21:24:53 Entrée dans ActionEcoleDeFoot.php
30/06/2016 21:24:56 Entrée dans ActionAgenda.php
30/06/2016 21:24:57 Entrée dans ActionAgenda.php
30/06/2016 21:24:59 Entrée dans ActionEvenement.php
30/06/2016 23:02:54 Entrée dans ActionEcoleDeFoot.php
30/06/2016 23:03:05 Entrée dans ActionSponsor.php
30/06/2016 23:05:47 Entrée dans ActionEcoleDeFoot.php
30/06/2016 23:05:57 Entrée dans ActionSponsor.php
30/06/2016 23:15:53 Entrée dans ActionContact.php
