01/02/2017 05:16:33 Entrée dans ActionEcoleDeFoot.php
01/02/2017 14:22:20 Entrée dans ActionAccueil.php
01/02/2017 14:23:34 Entrée dans ActionJoueurs.php
01/02/2017 14:24:13 Entrée dans ActionEcoleDeFoot.php
01/02/2017 14:24:20 Entrée dans ActionEcoleDeFoot.php
01/02/2017 14:24:37 Entrée dans ActionEcoleDeFoot.php
01/02/2017 14:24:44 Entrée dans ActionAgenda.php
01/02/2017 14:25:42 Entrée dans ActionAccueil.php
01/02/2017 14:25:44 Entrée dans ActionEvenement.php
01/02/2017 15:54:08 Entrée dans ActionAccueil.php
01/02/2017 16:07:49 Entrée dans ActionClub.php
01/02/2017 18:31:28 Entrée dans ActionAccueil.php
01/02/2017 20:18:07 Entrée dans ActionJoueurs.php
02/02/2017 03:54:50 Entrée dans ActionJoueurs.php
02/02/2017 04:32:29 Entrée dans ActionJoueurs.php
02/02/2017 04:37:50 Entrée dans ActionAccueil.php
02/02/2017 09:38:48 Entrée dans ActionAccueil.php
02/02/2017 11:46:00 Entrée dans ActionAccueil.php
02/02/2017 11:46:22 Entrée dans ActionSponsor.php
02/02/2017 13:19:13 Entrée dans ActionAccueil.php
02/02/2017 13:23:09 Entrée dans ActionAccueil.php
02/02/2017 13:23:26 Entrée dans ActionClub.php
02/02/2017 14:30:18 Entrée dans ActionAccueil.php
02/02/2017 14:30:25 Entrée dans ActionJoueurs.php
02/02/2017 14:31:54 Entrée dans ActionClub.php
02/02/2017 14:32:30 Entrée dans ActionEvenement.php
02/02/2017 14:32:38 Entrée dans ActionAgenda.php
02/02/2017 14:32:43 Entrée dans ActionEcoleDeFoot.php
02/02/2017 14:32:46 Entrée dans ActionJoueurs.php
02/02/2017 18:30:57 Entrée dans ActionAccueil.php
02/02/2017 18:31:03 Entrée dans ActionJoueurs.php
02/02/2017 18:31:31 Entrée dans ActionClub.php
02/02/2017 18:34:09 Entrée dans ActionJoueurs.php
02/02/2017 18:34:41 Entrée dans ActionEvenement.php
02/02/2017 18:34:49 Entrée dans ActionSponsor.php
02/02/2017 18:35:18 Entrée dans ActionAccueil.php
02/02/2017 18:35:41 Entrée dans AfficherPopupArticle.php
03/02/2017 04:25:01 Entrée dans ActionAccueil.php
03/02/2017 04:25:10 Entrée dans ActionAgenda.php
03/02/2017 04:25:13 Entrée dans ActionClub.php
03/02/2017 04:25:17 Entrée dans ActionJoueurs.php
03/02/2017 04:25:18 Entrée dans AfficherPopupArticle.php
03/02/2017 04:25:20 Entrée dans ActionAccueil.php
03/02/2017 04:25:21 Entrée dans AfficherPopupArticle.php
03/02/2017 04:25:25 Entrée dans ActionSponsor.php
03/02/2017 04:25:29 Entrée dans ActionEvenement.php
03/02/2017 04:25:30 Entrée dans ActionEcoleDeFoot.php
03/02/2017 04:25:32 Entrée dans AfficherPopupCompteRendu.php
03/02/2017 04:25:35 Entrée dans ActionAccueil.php
03/02/2017 04:25:38 Entrée dans ActionLogin.php
03/02/2017 04:26:04 Entrée dans ActionAgenda.php
03/02/2017 04:26:07 Entrée dans ActionClub.php
03/02/2017 04:26:09 Entrée dans ActionAccueil.php
03/02/2017 04:26:11 Entrée dans ActionAccueil.php
03/02/2017 04:26:12 Entrée dans ActionJoueurs.php
03/02/2017 04:26:17 Entrée dans ActionSponsor.php
03/02/2017 04:26:20 Entrée dans ActionEvenement.php
03/02/2017 04:26:21 Entrée dans ActionEcoleDeFoot.php
03/02/2017 04:26:24 Entrée dans ActionAccueil.php
03/02/2017 04:26:40 Entrée dans ActionLogin.php
03/02/2017 04:26:41 Entrée dans AfficherPopupArticle.php
03/02/2017 04:26:42 Entrée dans ActionProfil.php
03/02/2017 04:26:44 Entrée dans ActionAccueil.php
03/02/2017 04:26:50 Entrée dans AfficherPopupCompteRendu.php
03/02/2017 04:26:51 Entrée dans AfficherPopupArticle.php
03/02/2017 04:26:52 Entrée dans ActionProfil.php
03/02/2017 04:26:53 Entrée dans ActionAccueil.php
03/02/2017 04:31:20 Entrée dans ActionAccueil.php
03/02/2017 10:13:49 Entrée dans ActionAccueil.php
03/02/2017 12:04:40 Entrée dans ActionAccueil.php
03/02/2017 12:04:56 Entrée dans ActionClub.php
03/02/2017 12:05:03 Entrée dans ActionJoueurs.php
03/02/2017 12:05:08 Entrée dans ActionEcoleDeFoot.php
03/02/2017 12:05:12 Entrée dans ActionAgenda.php
03/02/2017 12:05:14 Entrée dans ActionEvenement.php
03/02/2017 12:05:17 Entrée dans ActionSponsor.php
03/02/2017 15:19:20 Entrée dans ActionAccueil.php
03/02/2017 15:19:59 Entrée dans AfficherPopupArticle.php
03/02/2017 15:20:32 Entrée dans ActionAccueil.php
03/02/2017 15:20:43 Entrée dans ActionClub.php
03/02/2017 15:20:58 Entrée dans ActionAgenda.php
03/02/2017 15:21:08 Entrée dans ActionEvenement.php
03/02/2017 15:21:18 Entrée dans ActionEcoleDeFoot.php
03/02/2017 15:21:58 Entrée dans ActionEcoleDeFoot.php
03/02/2017 15:22:27 Entrée dans ActionEcoleDeFoot.php
03/02/2017 15:57:21 Entrée dans ActionJoueurs.php
03/02/2017 18:04:36 Entrée dans ActionEcoleDeFoot.php
03/02/2017 18:15:37 Entrée dans ActionAccueil.php
03/02/2017 18:16:03 Entrée dans ActionClub.php
03/02/2017 19:24:25 Entrée dans ActionClub.php
03/02/2017 20:24:06 Entrée dans ActionSponsor.php
03/02/2017 20:56:28 Entrée dans ActionAccueil.php
03/02/2017 20:56:31 Entrée dans ActionClub.php
03/02/2017 20:56:47 Entrée dans ActionAgenda.php
03/02/2017 20:56:54 Entrée dans ActionAccueil.php
03/02/2017 21:08:42 Entrée dans ActionAccueil.php
03/02/2017 21:09:36 Entrée dans ActionJoueurs.php
03/02/2017 21:25:09 Entrée dans ActionEvenement.php
04/02/2017 05:48:56 Entrée dans ActionJoueurs.php
04/02/2017 07:02:12 Entrée dans ActionAgenda.php
04/02/2017 11:00:29 Entrée dans ActionJoueurs.php
04/02/2017 13:13:17 Entrée dans ActionClub.php
04/02/2017 13:19:11 Entrée dans ActionAccueil.php
04/02/2017 13:19:36 Entrée dans ActionAccueil.php
04/02/2017 13:20:12 Entrée dans ActionAgenda.php
04/02/2017 13:20:45 Entrée dans ActionJoueurs.php
04/02/2017 13:21:24 Entrée dans ActionAccueil.php
04/02/2017 13:21:25 Entrée dans ActionJoueurs.php
04/02/2017 18:56:13 Entrée dans ActionAccueil.php
04/02/2017 18:57:34 Entrée dans ActionJoueurs.php
04/02/2017 19:01:01 Entrée dans ActionClub.php
04/02/2017 19:01:43 Entrée dans ActionEcoleDeFoot.php
04/02/2017 19:02:05 Entrée dans ActionAccueil.php
04/02/2017 19:20:15 Entrée dans ActionAccueil.php
04/02/2017 19:21:03 Entrée dans AfficherPopupArticle.php
04/02/2017 20:55:47 Entrée dans ActionAccueil.php
04/02/2017 20:56:25 Entrée dans ActionClub.php
04/02/2017 20:56:38 Entrée dans ActionAgenda.php
04/02/2017 20:56:55 Entrée dans ActionAgenda.php
04/02/2017 20:58:22 Entrée dans ActionAccueil.php
04/02/2017 20:58:24 Entrée dans ActionEcoleDeFoot.php
04/02/2017 20:58:29 Entrée dans ActionEcoleDeFoot.php
04/02/2017 20:58:34 Entrée dans ActionEcoleDeFoot.php
04/02/2017 20:58:37 Entrée dans ActionEcoleDeFoot.php
04/02/2017 20:58:50 Entrée dans ActionEcoleDeFoot.php
04/02/2017 20:59:06 Entrée dans ActionClub.php
04/02/2017 21:03:46 Entrée dans ActionEcoleDeFoot.php
04/02/2017 21:03:57 Entrée dans ActionEvenement.php
04/02/2017 22:40:06 Entrée dans ActionAccueil.php
05/02/2017 06:01:12 Entrée dans ActionAgenda.php
05/02/2017 07:57:45 Entrée dans ActionJoueurs.php
05/02/2017 07:57:53 Entrée dans ActionJoueurs.php
05/02/2017 09:14:17 Entrée dans ActionClub.php
05/02/2017 10:12:10 Entrée dans ActionAccueil.php
05/02/2017 11:13:42 Entrée dans ActionJoueurs.php
05/02/2017 12:41:17 Entrée dans ActionAccueil.php
05/02/2017 12:41:39 Entrée dans ActionAccueil.php
05/02/2017 12:41:45 Entrée dans ActionClub.php
05/02/2017 19:20:26 Entrée dans ActionAccueil.php
05/02/2017 19:36:58 Entrée dans ActionAccueil.php
05/02/2017 19:37:11 Entrée dans ActionClub.php
05/02/2017 19:40:00 Entrée dans ActionJoueurs.php
05/02/2017 19:41:34 Entrée dans ActionClub.php
05/02/2017 19:41:38 Entrée dans ActionAccueil.php
05/02/2017 21:19:19 Entrée dans ActionEcoleDeFoot.php
05/02/2017 21:19:23 Entrée dans ActionEcoleDeFoot.php
05/02/2017 21:19:35 Entrée dans ActionEcoleDeFoot.php
05/02/2017 21:19:41 Entrée dans ActionEcoleDeFoot.php
05/02/2017 22:26:38 Entrée dans ActionAccueil.php
06/02/2017 13:04:52 Entrée dans ActionEvenement.php
06/02/2017 18:29:37 Entrée dans ActionAccueil.php
06/02/2017 18:30:05 Entrée dans AfficherPopupArticle.php
06/02/2017 19:57:32 Entrée dans ActionEcoleDeFoot.php
07/02/2017 03:41:47 Entrée dans ActionJoueurs.php
07/02/2017 03:41:48 Entrée dans ActionEvenement.php
07/02/2017 03:41:48 Entrée dans ActionAgenda.php
07/02/2017 03:43:09 Entrée dans ActionSponsor.php
07/02/2017 10:05:44 Entrée dans ActionAccueil.php
07/02/2017 10:59:47 Entrée dans ActionJoueurs.php
07/02/2017 13:44:07 Entrée dans ActionAccueil.php
07/02/2017 15:10:05 Entrée dans ActionAgenda.php
07/02/2017 15:10:11 Entrée dans ActionEvenement.php
07/02/2017 15:10:13 Entrée dans ActionSponsor.php
07/02/2017 15:21:26 Entrée dans ActionAccueil.php
07/02/2017 15:21:27 Entrée dans ActionClub.php
07/02/2017 15:21:27 Entrée dans ActionJoueurs.php
07/02/2017 15:21:27 Entrée dans ActionEcoleDeFoot.php
07/02/2017 17:11:36 Entrée dans ActionAccueil.php
07/02/2017 17:11:56 Entrée dans ActionJoueurs.php
07/02/2017 17:13:02 Entrée dans ActionAgenda.php
07/02/2017 17:13:22 Entrée dans ActionEvenement.php
07/02/2017 17:13:30 Entrée dans ActionClub.php
07/02/2017 17:13:58 Entrée dans ActionAccueil.php
07/02/2017 17:14:16 Entrée dans AfficherPopupArticle.php
07/02/2017 17:15:04 Entrée dans ActionJoueurs.php
07/02/2017 19:10:36 Entrée dans ActionAccueil.php
07/02/2017 20:25:22 Entrée dans ActionSponsor.php
07/02/2017 20:52:30 Entrée dans ActionJoueurs.php
07/02/2017 21:54:50 Entrée dans ActionAccueil.php
07/02/2017 21:54:57 Entrée dans ActionJoueurs.php
07/02/2017 22:17:11 Entrée dans ActionAccueil.php
07/02/2017 22:17:27 Entrée dans ActionAgenda.php
07/02/2017 22:18:04 Entrée dans ActionAgenda.php
07/02/2017 22:18:17 Entrée dans ActionAgenda.php
07/02/2017 22:18:27 Entrée dans ActionAccueil.php
07/02/2017 22:18:51 Entrée dans AfficherPopupArticle.php
07/02/2017 22:53:11 Entrée dans ActionAgenda.php
07/02/2017 23:52:58 Entrée dans ActionAccueil.php
08/02/2017 00:14:10 Entrée dans ActionJoueurs.php
08/02/2017 00:16:36 Entrée dans ActionSponsor.php
08/02/2017 08:58:32 Entrée dans ActionEcoleDeFoot.php
08/02/2017 08:58:34 Entrée dans ActionEcoleDeFoot.php
08/02/2017 08:58:35 Entrée dans ActionEcoleDeFoot.php
08/02/2017 09:05:18 Entrée dans ActionEvenement.php
08/02/2017 18:25:36 Entrée dans ActionAccueil.php
08/02/2017 18:29:56 Entrée dans ActionAccueil.php
08/02/2017 18:30:05 Entrée dans ActionClub.php
08/02/2017 20:15:08 Entrée dans ActionAccueil.php
08/02/2017 20:16:14 Entrée dans ActionClub.php
08/02/2017 21:39:40 Entrée dans ActionAccueil.php
08/02/2017 21:40:42 Entrée dans ActionClub.php
09/02/2017 02:49:45 Entrée dans ActionClub.php
09/02/2017 10:53:31 Entrée dans ActionAccueil.php
09/02/2017 15:46:04 Entrée dans ActionJoueurs.php
09/02/2017 16:18:38 Entrée dans ActionAccueil.php
09/02/2017 16:18:41 Entrée dans ActionClub.php
09/02/2017 16:18:48 Entrée dans ActionAgenda.php
09/02/2017 16:19:10 Entrée dans ActionJoueurs.php
09/02/2017 16:19:11 Entrée dans ActionSponsor.php
09/02/2017 16:19:24 Entrée dans ActionEvenement.php
09/02/2017 16:19:33 Entrée dans ActionEcoleDeFoot.php
09/02/2017 18:59:04 Entrée dans ActionJoueurs.php
09/02/2017 20:28:09 Entrée dans ActionSponsor.php
09/02/2017 20:57:57 Entrée dans ActionAccueil.php
09/02/2017 20:57:58 Entrée dans ActionAgenda.php
09/02/2017 20:58:08 Entrée dans ActionClub.php
09/02/2017 20:58:09 Entrée dans ActionEcoleDeFoot.php
09/02/2017 20:58:13 Entrée dans ActionEvenement.php
09/02/2017 20:58:13 Entrée dans ActionJoueurs.php
09/02/2017 20:58:14 Entrée dans ActionSponsor.php
09/02/2017 20:58:14 Entrée dans AfficherPopupArticle.php
09/02/2017 20:58:14 Entrée dans AfficherPopupArticle.php
09/02/2017 20:58:14 Entrée dans AfficherPopupCompteRendu.php
09/02/2017 20:58:15 Entrée dans ActionAccueil.php
09/02/2017 20:58:16 Entrée dans RechercherArticle.php
09/02/2017 20:58:16 Entrée dans ActionAccueil.php
09/02/2017 20:58:23 Entrée dans ActionAccueil.php
09/02/2017 20:58:27 Entrée dans ActionProfil.php
09/02/2017 20:58:30 Entrée dans ActionAccueil.php
09/02/2017 20:58:31 Entrée dans ActionLogin.php
09/02/2017 20:58:31 Entrée dans ActionProfil.php
09/02/2017 20:58:34 Entrée dans ActionAccueil.php
09/02/2017 22:55:52 Entrée dans ActionJoueurs.php
10/02/2017 00:28:23 Entrée dans ActionJoueurs.php
10/02/2017 00:29:44 Entrée dans ActionJoueurs.php
10/02/2017 00:29:46 Entrée dans ActionEcoleDeFoot.php
10/02/2017 00:29:49 Entrée dans ActionAgenda.php
10/02/2017 00:29:52 Entrée dans ActionEvenement.php
10/02/2017 00:29:55 Entrée dans ActionSponsor.php
10/02/2017 00:31:29 Entrée dans ActionEcoleDeFoot.php
10/02/2017 07:37:00 Entrée dans ActionEvenement.php
10/02/2017 16:40:40 Entrée dans ActionAccueil.php
10/02/2017 16:40:48 Entrée dans ActionJoueurs.php
10/02/2017 20:29:36 Entrée dans ActionEcoleDeFoot.php
10/02/2017 20:29:38 Entrée dans ActionEcoleDeFoot.php
10/02/2017 20:29:57 Entrée dans ActionEcoleDeFoot.php
10/02/2017 20:33:36 Entrée dans ActionEcoleDeFoot.php
10/02/2017 20:33:37 Entrée dans ActionEcoleDeFoot.php
10/02/2017 21:32:55 Entrée dans ActionAccueil.php
10/02/2017 21:33:33 Entrée dans ActionAccueil.php
10/02/2017 21:33:38 Entrée dans ActionClub.php
10/02/2017 21:33:53 Entrée dans ActionEcoleDeFoot.php
10/02/2017 21:34:04 Entrée dans ActionEcoleDeFoot.php
10/02/2017 22:09:37 Entrée dans ActionAccueil.php
10/02/2017 22:09:55 Entrée dans ActionClub.php
10/02/2017 22:10:32 Entrée dans AfficherPopupArticle.php
10/02/2017 22:11:09 Entrée dans AfficherPopupArticle.php
10/02/2017 22:13:41 Entrée dans AfficherPopupArticle.php
11/02/2017 02:24:29 Entrée dans ActionAccueil.php
11/02/2017 10:02:32 Entrée dans ActionAccueil.php
11/02/2017 10:03:12 Entrée dans AfficherPopupArticle.php
11/02/2017 11:12:05 Entrée dans ActionAccueil.php
11/02/2017 12:19:14 Entrée dans ActionAccueil.php
11/02/2017 12:20:08 Entrée dans ActionClub.php
11/02/2017 12:20:17 Entrée dans ActionAccueil.php
11/02/2017 12:20:33 Entrée dans AfficherPopupArticle.php
11/02/2017 12:20:42 Entrée dans ActionAccueil.php
11/02/2017 12:20:45 Entrée dans AfficherPopupArticle.php
11/02/2017 12:20:56 Entrée dans ActionJoueurs.php
11/02/2017 12:21:30 Entrée dans ActionClub.php
11/02/2017 12:21:33 Entrée dans ActionJoueurs.php
11/02/2017 12:27:48 Entrée dans ActionJoueurs.php
11/02/2017 12:31:21 Entrée dans ActionAccueil.php
11/02/2017 12:31:25 Entrée dans ActionAgenda.php
11/02/2017 12:31:35 Entrée dans ActionAgenda.php
11/02/2017 12:31:40 Entrée dans ActionAgenda.php
11/02/2017 12:31:49 Entrée dans AfficherPopupArticle.php
11/02/2017 12:41:17 Entrée dans ActionAgenda.php
11/02/2017 14:31:04 Entrée dans ActionClub.php
11/02/2017 15:24:59 Entrée dans ActionAccueil.php
11/02/2017 16:55:30 Entrée dans ActionAccueil.php
11/02/2017 16:55:54 Entrée dans AfficherPopupArticle.php
11/02/2017 17:19:29 Entrée dans ActionAccueil.php
11/02/2017 20:49:33 Entrée dans ActionJoueurs.php
12/02/2017 00:53:25 Entrée dans ActionAccueil.php
12/02/2017 14:04:33 Entrée dans ActionAccueil.php
12/02/2017 14:05:10 Entrée dans ActionAccueil.php
12/02/2017 14:13:25 Entrée dans ActionAccueil.php
12/02/2017 16:45:22 Entrée dans ActionAccueil.php
12/02/2017 18:13:50 Entrée dans ActionJoueurs.php
12/02/2017 20:16:22 Entrée dans ActionAgenda.php
12/02/2017 20:16:23 Entrée dans ActionJoueurs.php
12/02/2017 20:16:24 Entrée dans ActionEvenement.php
12/02/2017 20:36:43 Entrée dans ActionAccueil.php
12/02/2017 20:36:44 Entrée dans ActionClub.php
12/02/2017 20:36:47 Entrée dans ActionClub.php
12/02/2017 20:36:47 Entrée dans ActionEcoleDeFoot.php
12/02/2017 21:37:06 Entrée dans ActionAccueil.php
12/02/2017 23:49:14 Entrée dans ActionAccueil.php
13/02/2017 00:22:26 Entrée dans ActionAccueil.php
13/02/2017 00:24:26 Entrée dans ActionClub.php
13/02/2017 00:26:38 Entrée dans ActionEcoleDeFoot.php
13/02/2017 00:26:44 Entrée dans ActionEcoleDeFoot.php
13/02/2017 02:16:05 Entrée dans ActionAgenda.php
13/02/2017 03:09:41 Entrée dans ActionEvenement.php
13/02/2017 04:05:14 Entrée dans ActionAccueil.php
13/02/2017 04:05:18 Entrée dans ActionClub.php
13/02/2017 04:05:21 Entrée dans ActionJoueurs.php
13/02/2017 04:05:23 Entrée dans ActionEcoleDeFoot.php
13/02/2017 04:05:25 Entrée dans ActionAgenda.php
13/02/2017 04:05:27 Entrée dans ActionEvenement.php
13/02/2017 04:05:29 Entrée dans ActionSponsor.php
13/02/2017 07:24:33 Entrée dans ActionAccueil.php
13/02/2017 13:30:11 Entrée dans ActionAccueil.php
13/02/2017 13:30:30 Entrée dans ActionAccueil.php
13/02/2017 13:31:07 Entrée dans ActionAccueil.php
13/02/2017 21:06:23 Entrée dans ActionEcoleDeFoot.php
13/02/2017 21:06:26 Entrée dans ActionEcoleDeFoot.php
13/02/2017 21:07:38 Entrée dans ActionEcoleDeFoot.php
13/02/2017 21:19:29 Entrée dans ActionAccueil.php
13/02/2017 21:19:55 Entrée dans ActionAccueil.php
13/02/2017 21:19:57 Entrée dans ActionClub.php
13/02/2017 21:24:10 Entrée dans ActionJoueurs.php
13/02/2017 21:26:09 Entrée dans AfficherPopupArticle.php
