01/04/2018 00:44:36 Entrée dans ActionAccueil.php
01/04/2018 00:45:17 Entrée dans ActionJoueurs.php
01/04/2018 05:55:07 Entrée dans ActionClub.php
01/04/2018 10:06:54 Entrée dans ActionAccueil.php
01/04/2018 11:03:48 Entrée dans ActionClub.php
01/04/2018 13:12:59 Entrée dans ActionClub.php
01/04/2018 13:12:59 Entrée dans ActionJoueurs.php
01/04/2018 13:12:59 Entrée dans ActionEcoleDeFoot.php
01/04/2018 13:12:59 Entrée dans ActionAgenda.php
01/04/2018 13:48:51 Entrée dans ActionEvenement.php
01/04/2018 14:27:13 Entrée dans ActionSponsor.php
01/04/2018 18:12:02 Entrée dans ActionAccueil.php
01/04/2018 18:13:04 Entrée dans ActionEcoleDeFoot.php
01/04/2018 18:13:11 Entrée dans ActionJoueurs.php
01/04/2018 18:13:23 Entrée dans ActionClub.php
01/04/2018 18:13:52 Entrée dans ActionClub.php
01/04/2018 19:52:45 Entrée dans ActionContact.php
01/04/2018 21:38:40 Entrée dans ActionAccueil.php
01/04/2018 21:38:51 Entrée dans ActionJoueurs.php
01/04/2018 21:39:01 Entrée dans ActionSponsor.php
01/04/2018 21:39:20 Entrée dans ActionAccueil.php
02/04/2018 15:40:08 Entrée dans ActionAccueil.php
02/04/2018 15:40:09 Entrée dans ActionClub.php
02/04/2018 15:40:09 Entrée dans ActionEcoleDeFoot.php
02/04/2018 15:40:22 Entrée dans ActionJoueurs.php
02/04/2018 15:40:22 Entrée dans ActionAgenda.php
02/04/2018 15:40:23 Entrée dans ActionEvenement.php
02/04/2018 15:41:35 Entrée dans ActionSponsor.php
02/04/2018 16:25:47 Entrée dans ActionAccueil.php
02/04/2018 16:26:17 Entrée dans ActionJoueurs.php
02/04/2018 18:53:59 Entrée dans ActionAccueil.php
02/04/2018 18:54:01 Entrée dans ActionLogin.php
02/04/2018 18:54:01 Authentification de tsutter.
02/04/2018 18:54:01 Entrée dans ActionProfil.php
02/04/2018 18:54:04 Entrée dans GestionResultats.php
02/04/2018 18:55:06 Entrée dans GestionResultats.php
02/04/2018 18:55:50 Entrée dans GestionResultats.php
02/04/2018 18:56:34 Entrée dans ActionRencontre.php
02/04/2018 18:56:42 Entrée dans ActionRencontre.php
02/04/2018 18:56:46 Entrée dans RechercherRencontre.php
02/04/2018 18:56:59 Entrée dans ActionRencontre.php
02/04/2018 18:57:07 Entrée dans ActionRencontre.php
02/04/2018 18:57:11 Entrée dans RechercherRencontre.php
02/04/2018 18:57:17 Entrée dans ActionRencontre.php
02/04/2018 18:57:23 Entrée dans ActionRencontre.php
02/04/2018 18:57:28 Entrée dans RechercherRencontre.php
02/04/2018 18:57:39 Entrée dans ActionRencontre.php
02/04/2018 18:57:44 Entrée dans ActionRencontre.php
02/04/2018 18:58:01 Entrée dans RechercherRencontre.php
02/04/2018 18:58:05 Entrée dans ActionRencontre.php
02/04/2018 18:58:10 Entrée dans ActionRencontre.php
02/04/2018 18:58:12 Entrée dans RechercherRencontre.php
02/04/2018 18:58:17 Entrée dans ActionRencontre.php
02/04/2018 18:58:25 Entrée dans ActionRencontre.php
02/04/2018 18:58:45 Entrée dans GestionResultats.php
02/04/2018 18:59:09 Entrée dans GestionResultats.php
02/04/2018 20:47:35 Entrée dans ActionAccueil.php
02/04/2018 20:47:38 Entrée dans ActionAccueil.php
03/04/2018 11:42:00 Entrée dans ActionAccueil.php
03/04/2018 11:42:08 Entrée dans ActionAccueil.php
03/04/2018 11:43:06 Entrée dans ActionAgenda.php
03/04/2018 11:43:12 Entrée dans ActionEvenement.php
03/04/2018 11:43:46 Entrée dans ActionEcoleDeFoot.php
03/04/2018 20:49:31 Entrée dans ActionAccueil.php
03/04/2018 20:49:34 Entrée dans ActionAccueil.php
03/04/2018 20:49:35 Entrée dans ActionAccueil.php
03/04/2018 20:49:35 Entrée dans ActionAccueil.php
03/04/2018 20:50:55 Entrée dans ActionEcoleDeFoot.php
03/04/2018 20:51:33 Entrée dans ActionJoueurs.php
04/04/2018 10:49:03 Entrée dans ActionClub.php
04/04/2018 17:11:55 Entrée dans ActionAccueil.php
04/04/2018 17:12:23 Entrée dans ActionJoueurs.php
04/04/2018 17:12:33 Entrée dans ActionClub.php
04/04/2018 18:14:44 Entrée dans ActionSponsor.php
04/04/2018 18:30:35 Entrée dans ActionAccueil.php
04/04/2018 23:29:24 Entrée dans ActionClub.php
05/04/2018 00:24:55 Entrée dans ActionJoueurs.php
05/04/2018 00:34:46 Entrée dans ActionAccueil.php
05/04/2018 00:54:36 Entrée dans ActionClub.php
05/04/2018 00:54:37 Entrée dans ActionJoueurs.php
05/04/2018 00:54:37 Entrée dans ActionEcoleDeFoot.php
05/04/2018 00:54:37 Entrée dans ActionAgenda.php
05/04/2018 00:59:46 Entrée dans ActionEvenement.php
05/04/2018 00:59:46 Entrée dans ActionSponsor.php
05/04/2018 08:03:34 Entrée dans ActionSponsor.php
05/04/2018 11:02:32 Entrée dans ActionJoueurs.php
05/04/2018 14:49:59 Entrée dans ActionAccueil.php
05/04/2018 14:50:36 Entrée dans ActionJoueurs.php
05/04/2018 14:51:01 Entrée dans ActionClub.php
05/04/2018 15:05:13 Entrée dans ActionAccueil.php
05/04/2018 15:05:57 Entrée dans ActionJoueurs.php
05/04/2018 15:06:24 Entrée dans ActionJoueurs.php
05/04/2018 15:11:35 Entrée dans ActionEcoleDeFoot.php
05/04/2018 19:04:37 Entrée dans ActionAccueil.php
05/04/2018 19:31:25 Entrée dans ActionAccueil.php
05/04/2018 19:32:19 Entrée dans ActionAgenda.php
05/04/2018 19:32:32 Entrée dans ActionAgenda.php
05/04/2018 19:32:44 Entrée dans ActionAgenda.php
05/04/2018 19:32:56 Entrée dans ActionAgenda.php
05/04/2018 20:38:27 Entrée dans ActionAccueil.php
06/04/2018 05:48:32 Entrée dans ActionAccueil.php
06/04/2018 06:28:56 Entrée dans ActionAccueil.php
06/04/2018 06:53:51 Entrée dans ActionAccueil.php
06/04/2018 07:16:33 Entrée dans ActionAccueil.php
06/04/2018 07:16:50 Entrée dans ActionClub.php
06/04/2018 08:39:08 Entrée dans ActionAccueil.php
06/04/2018 08:41:12 Entrée dans ActionClub.php
06/04/2018 08:41:12 Entrée dans ActionJoueurs.php
06/04/2018 08:42:14 Entrée dans ActionEcoleDeFoot.php
06/04/2018 08:42:14 Entrée dans ActionAgenda.php
06/04/2018 08:42:14 Entrée dans ActionEvenement.php
06/04/2018 08:42:15 Entrée dans ActionSponsor.php
06/04/2018 09:24:14 Entrée dans ActionAccueil.php
06/04/2018 09:49:19 Entrée dans ActionEcoleDeFoot.php
06/04/2018 09:49:22 Entrée dans ActionSponsor.php
06/04/2018 11:31:07 Entrée dans ActionAccueil.php
06/04/2018 11:31:08 Entrée dans ActionAgenda.php
06/04/2018 11:31:08 Entrée dans ActionEvenement.php
06/04/2018 11:31:09 Entrée dans ActionJoueurs.php
06/04/2018 11:31:09 Entrée dans ActionClub.php
06/04/2018 11:31:09 Entrée dans ActionSponsor.php
06/04/2018 11:31:09 Entrée dans ActionEcoleDeFoot.php
06/04/2018 22:23:17 Entrée dans ActionContact.php
07/04/2018 06:38:55 Entrée dans ActionAccueil.php
07/04/2018 06:39:56 Entrée dans ActionClub.php
07/04/2018 06:39:56 Entrée dans ActionJoueurs.php
07/04/2018 06:39:57 Entrée dans ActionEcoleDeFoot.php
07/04/2018 06:39:57 Entrée dans ActionAgenda.php
07/04/2018 06:39:57 Entrée dans ActionEvenement.php
07/04/2018 06:39:57 Entrée dans ActionSponsor.php
07/04/2018 08:04:49 Entrée dans ActionAgenda.php
07/04/2018 13:02:34 Entrée dans ActionAccueil.php
07/04/2018 13:02:35 Entrée dans ActionClub.php
07/04/2018 13:02:35 Entrée dans ActionEcoleDeFoot.php
07/04/2018 13:04:45 Entrée dans ActionAgenda.php
07/04/2018 13:04:47 Entrée dans ActionEvenement.php
07/04/2018 13:04:48 Entrée dans ActionJoueurs.php
07/04/2018 13:12:28 Entrée dans ActionAccueil.php
07/04/2018 13:12:39 Entrée dans ActionClub.php
07/04/2018 13:12:45 Entrée dans ActionEcoleDeFoot.php
07/04/2018 13:22:15 Entrée dans ActionAccueil.php
07/04/2018 13:23:27 Entrée dans ActionJoueurs.php
07/04/2018 13:29:40 Entrée dans ActionJoueurs.php
07/04/2018 13:29:56 Entrée dans ActionClub.php
07/04/2018 14:08:55 Entrée dans ActionAccueil.php
07/04/2018 14:09:31 Entrée dans ActionJoueurs.php
07/04/2018 14:09:51 Entrée dans ActionClub.php
07/04/2018 15:12:06 Entrée dans ActionJoueurs.php
07/04/2018 16:26:11 Entrée dans ActionAccueil.php
07/04/2018 17:57:34 Entrée dans ActionAccueil.php
07/04/2018 21:06:47 Entrée dans ActionAccueil.php
07/04/2018 23:26:28 Entrée dans ActionJoueurs.php
08/04/2018 03:46:31 Entrée dans ActionAccueil.php
08/04/2018 14:55:31 Entrée dans ActionAccueil.php
08/04/2018 14:55:45 Entrée dans ActionClub.php
08/04/2018 14:55:55 Entrée dans ActionAgenda.php
08/04/2018 14:56:04 Entrée dans ActionJoueurs.php
08/04/2018 14:56:10 Entrée dans ActionSponsor.php
08/04/2018 14:56:24 Entrée dans ActionEvenement.php
08/04/2018 14:56:35 Entrée dans ActionEcoleDeFoot.php
08/04/2018 22:34:48 Entrée dans ActionAccueil.php
09/04/2018 03:43:28 Entrée dans ActionClub.php
09/04/2018 06:49:09 Entrée dans ActionAccueil.php
09/04/2018 06:49:20 Entrée dans ActionClub.php
09/04/2018 06:49:24 Entrée dans ActionJoueurs.php
09/04/2018 06:49:27 Entrée dans ActionEcoleDeFoot.php
09/04/2018 06:49:29 Entrée dans ActionAgenda.php
09/04/2018 06:49:31 Entrée dans ActionEvenement.php
09/04/2018 06:49:33 Entrée dans ActionSponsor.php
09/04/2018 08:04:24 Entrée dans ActionAccueil.php
09/04/2018 08:04:40 Entrée dans ActionLogin.php
09/04/2018 08:04:40 Authentification de tsutter.
09/04/2018 08:04:40 Entrée dans ActionProfil.php
09/04/2018 08:04:45 Entrée dans GestionResultats.php
09/04/2018 08:05:09 Entrée dans GestionResultats.php
09/04/2018 08:05:22 Entrée dans ActionProfil.php
09/04/2018 08:05:26 Entrée dans ActionAccueil.php
09/04/2018 08:05:26 Entrée dans ActionAccueil.php
09/04/2018 08:05:29 Entrée dans ActionAccueil.php
09/04/2018 11:37:01 Entrée dans ActionAccueil.php
09/04/2018 15:32:18 Entrée dans ActionAccueil.php
09/04/2018 15:32:22 Entrée dans ActionJoueurs.php
09/04/2018 15:32:38 Entrée dans ActionAccueil.php
09/04/2018 15:32:45 Entrée dans ActionClub.php
09/04/2018 15:33:39 Entrée dans ActionClub.php
09/04/2018 15:34:26 Entrée dans ActionClub.php
09/04/2018 15:34:30 Entrée dans ActionClub.php
09/04/2018 15:34:34 Entrée dans ActionJoueurs.php
09/04/2018 15:34:38 Entrée dans ActionEcoleDeFoot.php
09/04/2018 15:34:40 Entrée dans ActionAgenda.php
09/04/2018 15:34:45 Entrée dans ActionAgenda.php
09/04/2018 15:34:48 Entrée dans ActionEvenement.php
09/04/2018 15:34:51 Entrée dans ActionSponsor.php
09/04/2018 15:35:08 Entrée dans ActionClub.php
09/04/2018 15:35:09 Entrée dans ActionAccueil.php
09/04/2018 15:35:20 Entrée dans ActionAgenda.php
09/04/2018 15:35:21 Entrée dans ActionEvenement.php
09/04/2018 15:35:23 Entrée dans ActionSponsor.php
09/04/2018 15:35:24 Entrée dans ActionJoueurs.php
09/04/2018 15:35:29 Entrée dans ActionClub.php
09/04/2018 17:34:56 Entrée dans ActionJoueurs.php
09/04/2018 18:41:16 Entrée dans ActionAccueil.php
09/04/2018 20:16:27 Entrée dans ActionAccueil.php
09/04/2018 20:16:36 Entrée dans ActionLogin.php
09/04/2018 20:16:36 Authentification de tsutter.
09/04/2018 20:16:36 Entrée dans ActionProfil.php
09/04/2018 20:17:01 Entrée dans GestionResultats.php
09/04/2018 20:18:29 Entrée dans GestionResultats.php
09/04/2018 23:54:41 Entrée dans ActionAccueil.php
09/04/2018 23:54:52 Entrée dans ActionEvenement.php
09/04/2018 23:55:12 Entrée dans ActionAgenda.php
09/04/2018 23:55:22 Entrée dans ActionClub.php
09/04/2018 23:55:33 Entrée dans ActionEcoleDeFoot.php
10/04/2018 06:50:06 Entrée dans ActionAccueil.php
10/04/2018 06:52:13 Entrée dans ActionClub.php
10/04/2018 06:52:43 Entrée dans ActionJoueurs.php
10/04/2018 06:52:43 Entrée dans ActionEcoleDeFoot.php
10/04/2018 06:52:43 Entrée dans ActionAgenda.php
10/04/2018 06:52:43 Entrée dans ActionEvenement.php
10/04/2018 06:52:43 Entrée dans ActionSponsor.php
10/04/2018 15:26:20 Entrée dans ActionAccueil.php
10/04/2018 16:05:49 Entrée dans ActionAccueil.php
10/04/2018 16:05:50 Entrée dans ActionClub.php
10/04/2018 16:05:50 Entrée dans ActionEcoleDeFoot.php
10/04/2018 16:06:12 Entrée dans ActionAgenda.php
10/04/2018 16:06:48 Entrée dans ActionEvenement.php
10/04/2018 16:06:48 Entrée dans ActionJoueurs.php
10/04/2018 18:08:30 Entrée dans ActionContact.php
10/04/2018 18:10:11 Entrée dans ActionAccueil.php
10/04/2018 21:45:07 Entrée dans ActionClub.php
10/04/2018 21:50:35 Entrée dans ActionClub.php
10/04/2018 21:50:40 Entrée dans ActionEcoleDeFoot.php
10/04/2018 21:52:31 Entrée dans ActionAgenda.php
10/04/2018 21:53:36 Entrée dans ActionEvenement.php
10/04/2018 21:53:59 Entrée dans ActionAccueil.php
10/04/2018 21:55:10 Entrée dans ActionSponsor.php
10/04/2018 21:55:38 Entrée dans ActionEcoleDeFoot.php
10/04/2018 21:57:19 Entrée dans ActionAccueil.php
10/04/2018 21:59:48 Entrée dans ActionClub.php
10/04/2018 22:01:17 Entrée dans ActionEcoleDeFoot.php
10/04/2018 22:09:04 Entrée dans ActionEcoleDeFoot.php
10/04/2018 22:16:26 Entrée dans ActionAccueil.php
10/04/2018 22:18:45 Entrée dans ActionEcoleDeFoot.php
10/04/2018 22:18:49 Entrée dans ActionClub.php
10/04/2018 22:52:07 Entrée dans ActionAccueil.php
11/04/2018 00:45:31 Entrée dans ActionAccueil.php
11/04/2018 01:48:34 Entrée dans ActionSponsor.php
11/04/2018 01:49:00 Entrée dans ActionAccueil.php
11/04/2018 01:49:14 Entrée dans ActionEvenement.php
11/04/2018 01:49:28 Entrée dans ActionJoueurs.php
11/04/2018 01:49:41 Entrée dans ActionClub.php
11/04/2018 16:02:40 Entrée dans ActionAccueil.php
11/04/2018 16:03:47 Entrée dans ActionLogin.php
11/04/2018 16:03:48 Authentification de fgastrini.
11/04/2018 16:03:48 Entrée dans ActionProfil.php
11/04/2018 16:04:19 Entrée dans ActionMembre.php
11/04/2018 16:04:28 Entrée dans ActionMembre.php
11/04/2018 16:05:16 Entrée dans RechercherMembre.php
11/04/2018 16:05:39 Entrée dans RechercherMembre.php
11/04/2018 16:05:53 Entrée dans ActionRencontre.php
11/04/2018 16:06:29 Entrée dans GestionResultats.php
11/04/2018 16:06:40 Entrée dans GestionResultats.php
11/04/2018 16:06:53 Entrée dans ActionProfil.php
11/04/2018 16:06:58 Entrée dans ActionRencontre.php
11/04/2018 16:07:06 Entrée dans ActionAccueil.php
11/04/2018 16:07:24 Entrée dans ActionProfil.php
11/04/2018 16:07:29 Entrée dans ActionAccueil.php
11/04/2018 16:07:29 Entrée dans ActionAccueil.php
11/04/2018 19:00:05 Entrée dans ActionEvenement.php
11/04/2018 19:00:08 Entrée dans ActionSponsor.php
11/04/2018 19:01:22 Entrée dans ActionEcoleDeFoot.php
11/04/2018 19:31:36 Entrée dans ActionAccueil.php
11/04/2018 19:32:04 Entrée dans ActionAgenda.php
11/04/2018 19:32:36 Entrée dans ActionAgenda.php
11/04/2018 19:32:51 Entrée dans ActionAccueil.php
12/04/2018 08:30:15 Entrée dans ActionSponsor.php
12/04/2018 08:30:36 Entrée dans ActionAgenda.php
12/04/2018 08:30:36 Entrée dans ActionEvenement.php
12/04/2018 08:30:37 Entrée dans ActionJoueurs.php
12/04/2018 08:31:38 Entrée dans ActionClub.php
12/04/2018 08:31:38 Entrée dans ActionEcoleDeFoot.php
12/04/2018 08:31:38 Entrée dans ActionAccueil.php
12/04/2018 11:41:19 Entrée dans ActionAccueil.php
12/04/2018 11:41:42 Entrée dans ActionJoueurs.php
12/04/2018 14:56:39 Entrée dans ActionClub.php
12/04/2018 15:03:27 Entrée dans ActionAccueil.php
12/04/2018 19:11:20 Entrée dans ActionAccueil.php
13/04/2018 01:55:35 Entrée dans ActionAccueil.php
13/04/2018 01:55:55 Entrée dans ActionClub.php
13/04/2018 01:56:03 Entrée dans ActionJoueurs.php
13/04/2018 01:56:04 Entrée dans ActionEcoleDeFoot.php
13/04/2018 01:56:05 Entrée dans ActionAgenda.php
13/04/2018 01:56:10 Entrée dans ActionEvenement.php
13/04/2018 01:56:11 Entrée dans ActionSponsor.php
13/04/2018 06:10:25 Entrée dans ActionJoueurs.php
13/04/2018 14:19:20 Entrée dans ActionAccueil.php
13/04/2018 14:20:09 Entrée dans ActionAccueil.php
13/04/2018 16:15:47 Entrée dans ActionAccueil.php
13/04/2018 17:11:28 Entrée dans ActionAccueil.php
13/04/2018 17:33:45 Entrée dans ActionAccueil.php
13/04/2018 17:34:27 Entrée dans ActionAccueil.php
13/04/2018 17:35:38 Entrée dans ActionAccueil.php
13/04/2018 17:35:44 Entrée dans ActionAccueil.php
13/04/2018 17:35:58 Entrée dans ActionAccueil.php
13/04/2018 19:45:38 Entrée dans ActionClub.php
13/04/2018 22:21:38 Entrée dans ActionClub.php
13/04/2018 23:15:05 Entrée dans ActionAccueil.php
13/04/2018 23:15:18 Entrée dans ActionAgenda.php
13/04/2018 23:15:33 Entrée dans ActionAgenda.php
13/04/2018 23:15:39 Entrée dans ActionEvenement.php
13/04/2018 23:15:47 Entrée dans ActionAccueil.php
14/04/2018 10:26:52 Entrée dans ActionSponsor.php
14/04/2018 10:27:02 Entrée dans ActionEcoleDeFoot.php
14/04/2018 10:27:11 Entrée dans ActionAccueil.php
14/04/2018 10:27:21 Entrée dans ActionAgenda.php
14/04/2018 11:21:44 Entrée dans ActionClub.php
14/04/2018 11:21:45 Entrée dans ActionEcoleDeFoot.php
14/04/2018 11:21:45 Entrée dans ActionAccueil.php
14/04/2018 11:21:47 Entrée dans ActionAgenda.php
14/04/2018 11:21:48 Entrée dans ActionEvenement.php
14/04/2018 11:21:48 Entrée dans ActionJoueurs.php
14/04/2018 15:20:28 Entrée dans ActionAccueil.php
14/04/2018 15:21:39 Entrée dans ActionEvenement.php
14/04/2018 20:03:33 Entrée dans ActionContact.php
15/04/2018 12:45:11 Entrée dans ActionAccueil.php
15/04/2018 12:45:36 Entrée dans ActionAgenda.php
15/04/2018 12:45:51 Entrée dans ActionEvenement.php
15/04/2018 12:53:41 Entrée dans ActionSponsor.php
15/04/2018 14:47:03 Entrée dans ActionAccueil.php
15/04/2018 15:09:52 Entrée dans ActionAccueil.php
15/04/2018 15:09:59 Entrée dans ActionLogin.php
15/04/2018 15:09:59 Authentification de tsutter.
15/04/2018 15:09:59 Entrée dans ActionProfil.php
15/04/2018 15:10:07 Entrée dans GestionResultats.php
15/04/2018 15:10:29 Entrée dans GestionResultats.php
15/04/2018 15:10:42 Entrée dans ActionAccueil.php
15/04/2018 15:16:43 Entrée dans ActionAgenda.php
15/04/2018 20:29:58 Entrée dans ActionAccueil.php
15/04/2018 23:35:15 Entrée dans ActionAccueil.php
16/04/2018 00:13:25 Entrée dans ActionClub.php
16/04/2018 00:45:41 Entrée dans ActionAccueil.php
16/04/2018 09:34:46 Entrée dans ActionJoueurs.php
16/04/2018 13:04:38 Entrée dans ActionJoueurs.php
16/04/2018 16:54:54 Entrée dans ActionAgenda.php
16/04/2018 20:10:37 Entrée dans ActionJoueurs.php
16/04/2018 22:32:02 Entrée dans ActionClub.php
16/04/2018 23:14:05 Entrée dans ActionAccueil.php
17/04/2018 01:49:01 Entrée dans ActionAccueil.php
17/04/2018 01:49:06 Entrée dans ActionClub.php
17/04/2018 01:49:14 Entrée dans ActionJoueurs.php
17/04/2018 01:49:26 Entrée dans ActionEcoleDeFoot.php
17/04/2018 01:49:30 Entrée dans ActionAgenda.php
17/04/2018 01:49:33 Entrée dans ActionEvenement.php
17/04/2018 01:49:35 Entrée dans ActionSponsor.php
17/04/2018 03:30:08 Entrée dans ActionJoueurs.php
17/04/2018 03:30:16 Entrée dans ActionJoueurs.php
17/04/2018 06:22:01 Entrée dans ActionEcoleDeFoot.php
18/04/2018 04:45:35 Entrée dans ActionClub.php
18/04/2018 09:36:58 Entrée dans ActionJoueurs.php
18/04/2018 13:40:25 Entrée dans ActionAccueil.php
18/04/2018 13:42:21 Entrée dans ActionJoueurs.php
18/04/2018 15:45:37 Entrée dans ActionAccueil.php
18/04/2018 15:45:53 Entrée dans ActionClub.php
18/04/2018 16:10:45 Entrée dans ActionEcoleDeFoot.php
18/04/2018 17:37:39 Entrée dans ActionAccueil.php
18/04/2018 17:37:53 Entrée dans ActionClub.php
18/04/2018 17:38:03 Entrée dans ActionAgenda.php
18/04/2018 17:38:12 Entrée dans ActionJoueurs.php
18/04/2018 17:38:18 Entrée dans ActionSponsor.php
18/04/2018 17:38:33 Entrée dans ActionEvenement.php
18/04/2018 17:38:43 Entrée dans ActionEcoleDeFoot.php
18/04/2018 22:06:06 Entrée dans ActionSponsor.php
18/04/2018 22:06:23 Entrée dans ActionJoueurs.php
18/04/2018 22:06:23 Entrée dans ActionEvenement.php
18/04/2018 22:06:24 Entrée dans ActionAgenda.php
18/04/2018 22:06:30 Entrée dans ActionEcoleDeFoot.php
18/04/2018 22:06:31 Entrée dans ActionAccueil.php
18/04/2018 22:06:31 Entrée dans ActionClub.php
19/04/2018 09:17:48 Entrée dans ActionAccueil.php
19/04/2018 11:08:09 Entrée dans ActionAgenda.php
19/04/2018 13:00:47 Entrée dans ActionAccueil.php
19/04/2018 13:01:34 Entrée dans ActionEcoleDeFoot.php
19/04/2018 13:01:35 Entrée dans ActionEcoleDeFoot.php
19/04/2018 13:02:26 Entrée dans ActionEvenement.php
19/04/2018 13:04:54 Entrée dans ActionSponsor.php
19/04/2018 13:05:04 Entrée dans ActionEvenement.php
19/04/2018 13:05:10 Entrée dans ActionAgenda.php
19/04/2018 13:05:21 Entrée dans ActionAgenda.php
19/04/2018 13:05:29 Entrée dans ActionAgenda.php
19/04/2018 13:05:41 Entrée dans ActionAgenda.php
19/04/2018 13:05:41 Entrée dans ActionAgenda.php
19/04/2018 13:05:45 Entrée dans ActionAgenda.php
19/04/2018 13:05:47 Entrée dans ActionEcoleDeFoot.php
19/04/2018 13:06:10 Entrée dans ActionJoueurs.php
19/04/2018 13:23:15 Entrée dans ActionAccueil.php
19/04/2018 13:26:30 Entrée dans ActionEcoleDeFoot.php
19/04/2018 13:26:41 Entrée dans ActionClub.php
19/04/2018 13:29:09 Entrée dans ActionClub.php
19/04/2018 13:29:11 Entrée dans ActionJoueurs.php
19/04/2018 13:29:14 Entrée dans ActionEcoleDeFoot.php
19/04/2018 13:29:14 Entrée dans ActionAgenda.php
19/04/2018 13:29:26 Entrée dans ActionAgenda.php
19/04/2018 13:29:32 Entrée dans ActionAgenda.php
19/04/2018 13:29:33 Entrée dans ActionAgenda.php
19/04/2018 13:29:44 Entrée dans ActionAgenda.php
19/04/2018 13:29:45 Entrée dans ActionAgenda.php
19/04/2018 13:29:49 Entrée dans ActionAgenda.php
19/04/2018 13:29:53 Entrée dans ActionAgenda.php
19/04/2018 13:29:54 Entrée dans ActionAgenda.php
19/04/2018 13:29:54 Entrée dans ActionAgenda.php
19/04/2018 13:30:01 Entrée dans ActionAgenda.php
19/04/2018 13:30:06 Entrée dans ActionAgenda.php
19/04/2018 13:30:31 Entrée dans ActionAgenda.php
19/04/2018 13:30:43 Entrée dans ActionAgenda.php
19/04/2018 13:30:49 Entrée dans ActionAgenda.php
19/04/2018 13:31:23 Entrée dans ActionAccueil.php
19/04/2018 15:07:40 Entrée dans ActionAccueil.php
19/04/2018 18:03:54 Entrée dans ActionClub.php
19/04/2018 18:03:54 Entrée dans ActionAccueil.php
19/04/2018 18:03:54 Entrée dans ActionEcoleDeFoot.php
19/04/2018 18:04:33 Entrée dans ActionAgenda.php
19/04/2018 18:04:34 Entrée dans ActionJoueurs.php
19/04/2018 18:04:34 Entrée dans ActionEvenement.php
19/04/2018 21:23:20 Entrée dans ActionAgenda.php
19/04/2018 21:23:29 Entrée dans ActionClub.php
19/04/2018 21:23:41 Entrée dans ActionEcoleDeFoot.php
19/04/2018 21:23:54 Entrée dans ActionEvenement.php
19/04/2018 21:24:05 Entrée dans ActionSponsor.php
20/04/2018 04:25:21 Entrée dans ActionAccueil.php
20/04/2018 07:54:47 Entrée dans ActionClub.php
20/04/2018 23:53:25 Entrée dans ActionSponsor.php
21/04/2018 00:57:52 Entrée dans ActionEcoleDeFoot.php
21/04/2018 00:58:11 Entrée dans ActionAgenda.php
21/04/2018 07:37:41 Entrée dans ActionAccueil.php
21/04/2018 07:37:43 Entrée dans ActionAccueil.php
21/04/2018 07:37:43 Entrée dans ActionClub.php
21/04/2018 07:37:43 Entrée dans ActionJoueurs.php
21/04/2018 07:37:43 Entrée dans ActionEcoleDeFoot.php
21/04/2018 07:37:44 Entrée dans ActionAgenda.php
21/04/2018 07:37:44 Entrée dans ActionEvenement.php
21/04/2018 07:37:44 Entrée dans ActionSponsor.php
21/04/2018 07:37:45 Entrée dans ActionAccueil.php
21/04/2018 07:37:45 Entrée dans ActionClub.php
21/04/2018 07:37:45 Entrée dans ActionJoueurs.php
21/04/2018 07:37:45 Entrée dans ActionEcoleDeFoot.php
21/04/2018 07:37:46 Entrée dans ActionEvenement.php
21/04/2018 07:37:46 Entrée dans ActionAgenda.php
21/04/2018 07:37:46 Entrée dans ActionSponsor.php
21/04/2018 07:37:46 Entrée dans ActionAccueil.php
21/04/2018 07:37:47 Entrée dans ActionClub.php
21/04/2018 07:37:47 Entrée dans ActionJoueurs.php
21/04/2018 07:37:47 Entrée dans ActionEcoleDeFoot.php
21/04/2018 07:37:47 Entrée dans ActionEvenement.php
21/04/2018 07:37:48 Entrée dans ActionAgenda.php
21/04/2018 07:37:48 Entrée dans ActionAccueil.php
21/04/2018 07:37:48 Entrée dans ActionSponsor.php
21/04/2018 09:11:00 Entrée dans ActionAccueil.php
21/04/2018 14:39:55 Entrée dans ActionEvenement.php
21/04/2018 15:19:04 Entrée dans ActionAccueil.php
21/04/2018 15:19:16 Entrée dans ActionEvenement.php
21/04/2018 15:19:57 Entrée dans ActionAccueil.php
21/04/2018 15:20:01 Entrée dans ActionAgenda.php
21/04/2018 15:20:08 Entrée dans ActionEvenement.php
21/04/2018 17:52:10 Entrée dans ActionAccueil.php
21/04/2018 17:53:15 Entrée dans ActionEcoleDeFoot.php
21/04/2018 17:53:38 Entrée dans ActionAgenda.php
21/04/2018 17:55:18 Entrée dans ActionAgenda.php
21/04/2018 17:55:28 Entrée dans ActionAgenda.php
21/04/2018 17:55:38 Entrée dans ActionAgenda.php
21/04/2018 20:38:35 Entrée dans ActionAccueil.php
22/04/2018 01:54:48 Entrée dans ActionAccueil.php
22/04/2018 08:41:59 Entrée dans ActionAccueil.php
22/04/2018 11:13:34 Entrée dans ActionContact.php
22/04/2018 14:48:17 Entrée dans ActionJoueurs.php
22/04/2018 15:00:12 Entrée dans ActionAccueil.php
22/04/2018 15:08:51 Entrée dans ActionAccueil.php
22/04/2018 20:36:32 Entrée dans ActionAccueil.php
22/04/2018 21:53:12 Entrée dans ActionAccueil.php
22/04/2018 21:53:15 Entrée dans ActionLogin.php
22/04/2018 21:53:15 Authentification de tsutter.
22/04/2018 21:53:15 Entrée dans ActionProfil.php
22/04/2018 21:53:16 Entrée dans GestionResultats.php
22/04/2018 21:54:04 Entrée dans GestionResultats.php
22/04/2018 21:54:25 Entrée dans GestionResultats.php
22/04/2018 21:54:34 Entrée dans GestionResultats.php
22/04/2018 21:54:45 Entrée dans GestionResultats.php
22/04/2018 21:55:02 Entrée dans GestionResultats.php
22/04/2018 21:55:24 Entrée dans GestionResultats.php
22/04/2018 21:55:29 Entrée dans GestionResultats.php
22/04/2018 21:55:57 Entrée dans ActionRencontre.php
22/04/2018 21:56:02 Entrée dans ActionRencontre.php
22/04/2018 21:56:14 Entrée dans ActionRencontre.php
22/04/2018 21:56:20 Entrée dans RechercherRencontre.php
22/04/2018 21:56:31 Entrée dans ActionRencontre.php
22/04/2018 21:56:34 Entrée dans GestionResultats.php
22/04/2018 21:56:55 Entrée dans GestionResultats.php
22/04/2018 21:57:36 Entrée dans GestionResultats.php
22/04/2018 21:57:43 Entrée dans GestionResultats.php
22/04/2018 21:57:52 Entrée dans GestionResultats.php
22/04/2018 21:58:47 Entrée dans ActionRencontre.php
22/04/2018 21:58:55 Entrée dans RechercherRencontre.php
22/04/2018 21:59:02 Entrée dans ActionRencontre.php
23/04/2018 00:45:25 Entrée dans ActionSponsor.php
23/04/2018 05:14:15 Entrée dans ActionAccueil.php
23/04/2018 05:14:19 Entrée dans ActionClub.php
23/04/2018 05:14:21 Entrée dans ActionJoueurs.php
23/04/2018 05:14:23 Entrée dans ActionEcoleDeFoot.php
23/04/2018 05:14:25 Entrée dans ActionAgenda.php
23/04/2018 05:14:27 Entrée dans ActionEvenement.php
23/04/2018 05:14:29 Entrée dans ActionSponsor.php
23/04/2018 08:40:33 Entrée dans ActionEcoleDeFoot.php
23/04/2018 09:32:20 Entrée dans ActionAccueil.php
23/04/2018 12:22:45 Entrée dans ActionAccueil.php
23/04/2018 12:49:55 Entrée dans ActionClub.php
23/04/2018 14:02:15 Entrée dans ActionAccueil.php
23/04/2018 14:02:28 Entrée dans ActionClub.php
23/04/2018 15:24:08 Entrée dans ActionAccueil.php
23/04/2018 15:24:52 Entrée dans ActionEvenement.php
23/04/2018 15:25:13 Entrée dans ActionClub.php
23/04/2018 15:25:34 Entrée dans ActionSponsor.php
23/04/2018 15:25:54 Entrée dans ActionJoueurs.php
23/04/2018 15:26:13 Entrée dans ActionEcoleDeFoot.php
23/04/2018 15:26:32 Entrée dans ActionAgenda.php
23/04/2018 18:39:28 Entrée dans ActionAccueil.php
24/04/2018 10:48:59 Entrée dans ActionAccueil.php
24/04/2018 12:45:40 Entrée dans ActionAccueil.php
24/04/2018 12:45:42 Entrée dans ActionAccueil.php
24/04/2018 14:07:11 Entrée dans ActionAccueil.php
24/04/2018 21:48:17 Entrée dans ActionAccueil.php
24/04/2018 21:49:08 Entrée dans ActionClub.php
24/04/2018 21:49:36 Entrée dans ActionAgenda.php
24/04/2018 21:49:37 Entrée dans ActionEcoleDeFoot.php
24/04/2018 22:39:08 Entrée dans ActionEvenement.php
24/04/2018 22:39:49 Entrée dans ActionAccueil.php
25/04/2018 01:20:30 Entrée dans ActionEcoleDeFoot.php
25/04/2018 02:27:19 Entrée dans ActionClub.php
25/04/2018 02:56:52 Entrée dans ActionAgenda.php
25/04/2018 03:01:23 Entrée dans ActionSponsor.php
25/04/2018 03:27:34 Entrée dans ActionJoueurs.php
25/04/2018 03:36:11 Entrée dans ActionEvenement.php
25/04/2018 04:57:44 Entrée dans ActionJoueurs.php
25/04/2018 10:46:54 Entrée dans ActionAccueil.php
25/04/2018 10:49:14 Entrée dans ActionClub.php
25/04/2018 10:49:19 Entrée dans ActionJoueurs.php
25/04/2018 10:49:22 Entrée dans ActionEcoleDeFoot.php
25/04/2018 10:49:26 Entrée dans ActionAgenda.php
25/04/2018 10:49:32 Entrée dans ActionEvenement.php
25/04/2018 10:49:36 Entrée dans ActionSponsor.php
25/04/2018 14:34:47 Entrée dans ActionAccueil.php
25/04/2018 14:35:42 Entrée dans ActionEvenement.php
25/04/2018 20:57:18 Entrée dans ActionAccueil.php
25/04/2018 20:57:37 Entrée dans ActionEvenement.php
25/04/2018 20:57:46 Entrée dans ActionEvenement.php
25/04/2018 21:05:53 Entrée dans ActionAccueil.php
25/04/2018 21:07:17 Entrée dans ActionEvenement.php
26/04/2018 00:21:30 Entrée dans ActionAccueil.php
26/04/2018 00:21:42 Entrée dans ActionJoueurs.php
26/04/2018 00:24:10 Entrée dans ActionClub.php
26/04/2018 00:24:43 Entrée dans ActionJoueurs.php
26/04/2018 00:25:10 Entrée dans ActionClub.php
26/04/2018 00:54:15 Entrée dans ActionAccueil.php
26/04/2018 13:25:55 Entrée dans ActionClub.php
26/04/2018 15:03:04 Entrée dans ActionAccueil.php
26/04/2018 16:37:51 Entrée dans ActionClub.php
26/04/2018 16:37:56 Entrée dans ActionEcoleDeFoot.php
26/04/2018 16:37:58 Entrée dans ActionJoueurs.php
26/04/2018 16:38:02 Entrée dans ActionClub.php
26/04/2018 22:51:14 Entrée dans ActionAgenda.php
27/04/2018 11:29:11 Entrée dans ActionSponsor.php
27/04/2018 12:05:22 Entrée dans ActionEcoleDeFoot.php
27/04/2018 12:17:46 Entrée dans ActionAccueil.php
27/04/2018 13:14:42 Entrée dans ActionClub.php
27/04/2018 13:37:25 Entrée dans ActionAccueil.php
27/04/2018 13:46:25 Entrée dans ActionAgenda.php
27/04/2018 13:51:09 Entrée dans ActionSponsor.php
27/04/2018 14:18:11 Entrée dans ActionJoueurs.php
27/04/2018 14:27:31 Entrée dans ActionEvenement.php
27/04/2018 15:09:31 Entrée dans ActionAccueil.php
27/04/2018 15:10:08 Entrée dans ActionJoueurs.php
27/04/2018 15:11:03 Entrée dans ActionClub.php
27/04/2018 15:11:26 Entrée dans ActionAgenda.php
27/04/2018 18:40:38 Entrée dans ActionJoueurs.php
27/04/2018 19:32:28 Entrée dans ActionAccueil.php
27/04/2018 19:33:19 Entrée dans ActionEcoleDeFoot.php
27/04/2018 23:19:05 Entrée dans ActionAccueil.php
27/04/2018 23:20:02 Entrée dans ActionClub.php
28/04/2018 02:54:36 Entrée dans ActionJoueurs.php
28/04/2018 02:54:36 Entrée dans ActionEvenement.php
28/04/2018 02:54:36 Entrée dans ActionAgenda.php
28/04/2018 02:54:55 Entrée dans ActionEcoleDeFoot.php
28/04/2018 02:54:56 Entrée dans ActionAccueil.php
28/04/2018 02:54:56 Entrée dans ActionClub.php
28/04/2018 11:00:41 Entrée dans ActionAccueil.php
28/04/2018 14:19:42 Entrée dans ActionAccueil.php
28/04/2018 14:19:45 Entrée dans ActionEvenement.php
28/04/2018 16:35:31 Entrée dans ActionAccueil.php
28/04/2018 16:35:46 Entrée dans ActionEvenement.php
28/04/2018 17:05:38 Entrée dans ActionAccueil.php
28/04/2018 17:06:15 Entrée dans ActionJoueurs.php
28/04/2018 17:06:35 Entrée dans ActionEvenement.php
28/04/2018 18:46:31 Entrée dans ActionEcoleDeFoot.php
28/04/2018 18:46:37 Entrée dans ActionClub.php
28/04/2018 18:46:39 Entrée dans ActionAgenda.php
28/04/2018 18:46:45 Entrée dans ActionSponsor.php
28/04/2018 18:47:24 Entrée dans ActionJoueurs.php
28/04/2018 18:47:38 Entrée dans ActionEvenement.php
28/04/2018 21:14:32 Entrée dans ActionClub.php
28/04/2018 21:31:56 Entrée dans ActionAccueil.php
28/04/2018 21:32:07 Entrée dans ActionEcoleDeFoot.php
28/04/2018 22:08:40 Entrée dans ActionAccueil.php
29/04/2018 00:32:45 Entrée dans ActionAccueil.php
29/04/2018 00:33:47 Entrée dans ActionEcoleDeFoot.php
29/04/2018 00:35:07 Entrée dans ActionEvenement.php
29/04/2018 04:53:10 Entrée dans ActionAgenda.php
29/04/2018 04:53:18 Entrée dans ActionClub.php
29/04/2018 05:31:38 Entrée dans ActionAccueil.php
29/04/2018 05:32:48 Entrée dans ActionSponsor.php
29/04/2018 05:33:02 Entrée dans ActionEcoleDeFoot.php
29/04/2018 05:34:22 Entrée dans ActionAgenda.php
29/04/2018 05:35:15 Entrée dans ActionAccueil.php
29/04/2018 06:01:02 Entrée dans ActionAccueil.php
29/04/2018 06:02:04 Entrée dans ActionClub.php
29/04/2018 06:02:23 Entrée dans ActionAgenda.php
29/04/2018 06:02:38 Entrée dans ActionEcoleDeFoot.php
29/04/2018 07:03:27 Entrée dans ActionEvenement.php
29/04/2018 08:07:04 Entrée dans ActionClub.php
29/04/2018 11:02:04 Entrée dans ActionAccueil.php
29/04/2018 11:03:24 Entrée dans ActionClub.php
29/04/2018 11:03:28 Entrée dans ActionEcoleDeFoot.php
29/04/2018 11:04:15 Entrée dans ActionEvenement.php
29/04/2018 11:10:23 Entrée dans ActionAccueil.php
29/04/2018 11:11:00 Entrée dans ActionAgenda.php
29/04/2018 11:11:42 Entrée dans ActionAgenda.php
29/04/2018 11:11:51 Entrée dans ActionEvenement.php
29/04/2018 11:45:58 Entrée dans ActionAccueil.php
29/04/2018 11:53:15 Entrée dans ActionAccueil.php
29/04/2018 11:53:50 Entrée dans ActionEcoleDeFoot.php
29/04/2018 14:47:07 Entrée dans ActionAccueil.php
29/04/2018 14:48:25 Entrée dans ActionEcoleDeFoot.php
29/04/2018 14:48:57 Entrée dans ActionClub.php
29/04/2018 14:49:16 Entrée dans ActionEvenement.php
29/04/2018 14:49:23 Entrée dans ActionSponsor.php
29/04/2018 14:53:16 Entrée dans ActionEcoleDeFoot.php
29/04/2018 14:53:58 Entrée dans ActionEvenement.php
29/04/2018 14:54:16 Entrée dans ActionAgenda.php
29/04/2018 16:05:16 Entrée dans ActionContact.php
29/04/2018 18:12:29 Entrée dans ActionAccueil.php
29/04/2018 22:13:39 Entrée dans ActionAccueil.php
29/04/2018 22:13:53 Entrée dans ActionClub.php
30/04/2018 01:22:08 Entrée dans ActionSponsor.php
30/04/2018 06:29:30 Entrée dans ActionAccueil.php
30/04/2018 06:29:43 Entrée dans ActionClub.php
30/04/2018 06:29:53 Entrée dans ActionAgenda.php
30/04/2018 06:30:04 Entrée dans ActionJoueurs.php
30/04/2018 06:30:08 Entrée dans ActionSponsor.php
30/04/2018 06:30:24 Entrée dans ActionEvenement.php
30/04/2018 06:30:34 Entrée dans ActionEcoleDeFoot.php
30/04/2018 08:49:39 Entrée dans ActionEcoleDeFoot.php
30/04/2018 08:54:08 Entrée dans ActionAccueil.php
30/04/2018 09:54:01 Entrée dans ActionAccueil.php
30/04/2018 09:54:46 Entrée dans ActionAgenda.php
30/04/2018 09:55:13 Entrée dans ActionAccueil.php
30/04/2018 09:55:32 Entrée dans ActionEcoleDeFoot.php
30/04/2018 09:56:00 Entrée dans ActionEvenement.php
30/04/2018 09:56:15 Entrée dans ActionEvenement.php
30/04/2018 09:56:20 Entrée dans ActionEvenement.php
30/04/2018 09:56:27 Entrée dans ActionAgenda.php
30/04/2018 09:56:32 Entrée dans ActionEcoleDeFoot.php
30/04/2018 09:56:35 Entrée dans ActionJoueurs.php
30/04/2018 09:56:40 Entrée dans ActionClub.php
30/04/2018 09:56:48 Entrée dans ActionClub.php
30/04/2018 09:57:00 Entrée dans ActionAgenda.php
30/04/2018 09:57:21 Entrée dans ActionAgenda.php
30/04/2018 09:57:34 Entrée dans ActionAgenda.php
30/04/2018 09:57:46 Entrée dans ActionAgenda.php
30/04/2018 09:57:57 Entrée dans ActionAccueil.php
30/04/2018 14:27:21 Entrée dans ActionAccueil.php
30/04/2018 14:55:40 Entrée dans ActionAccueil.php
30/04/2018 14:57:10 Entrée dans ActionEcoleDeFoot.php
30/04/2018 16:09:09 Entrée dans ActionAccueil.php
30/04/2018 16:09:09 Entrée dans ActionAccueil.php
30/04/2018 16:09:21 Entrée dans ActionEcoleDeFoot.php
30/04/2018 16:10:25 Entrée dans ActionClub.php
30/04/2018 16:29:12 Entrée dans ActionAccueil.php
30/04/2018 18:50:02 Entrée dans ActionAccueil.php
30/04/2018 20:50:15 Entrée dans ActionAccueil.php
30/04/2018 20:54:34 Entrée dans ActionAccueil.php
30/04/2018 20:55:25 Entrée dans ActionJoueurs.php
30/04/2018 21:03:19 Entrée dans ActionClub.php
30/04/2018 21:05:51 Entrée dans ActionEcoleDeFoot.php
30/04/2018 21:06:51 Entrée dans ActionJoueurs.php
30/04/2018 21:07:22 Entrée dans ActionClub.php
30/04/2018 21:07:58 Entrée dans ActionEvenement.php
30/04/2018 21:18:32 Entrée dans ActionAccueil.php
30/04/2018 21:35:44 Entrée dans ActionJoueurs.php
30/04/2018 21:44:06 Entrée dans ActionSponsor.php
