01/11/2016 00:26:33 Entrée dans ActionClub.php
01/11/2016 09:47:00 Entrée dans ActionAgenda.php
01/11/2016 10:54:41 Entrée dans ActionAccueil.php
01/11/2016 10:55:18 Entrée dans ActionEvenement.php
01/11/2016 10:55:22 Entrée dans ActionJoueurs.php
01/11/2016 10:56:14 Entrée dans ActionClub.php
01/11/2016 10:57:59 Entrée dans ActionSponsor.php
01/11/2016 10:58:37 Entrée dans ActionSponsor.php
01/11/2016 10:58:38 Entrée dans ActionEvenement.php
01/11/2016 10:58:39 Entrée dans ActionAgenda.php
01/11/2016 10:58:46 Entrée dans ActionEcoleDeFoot.php
01/11/2016 10:58:59 Entrée dans ActionEcoleDeFoot.php
01/11/2016 10:59:00 Entrée dans ActionEcoleDeFoot.php
01/11/2016 10:59:02 Entrée dans ActionEcoleDeFoot.php
01/11/2016 10:59:04 Entrée dans ActionEcoleDeFoot.php
01/11/2016 10:59:04 Entrée dans ActionEcoleDeFoot.php
01/11/2016 10:59:10 Entrée dans ActionEcoleDeFoot.php
01/11/2016 10:59:16 Entrée dans ActionEcoleDeFoot.php
01/11/2016 10:59:25 Entrée dans ActionEcoleDeFoot.php
01/11/2016 10:59:32 Entrée dans ActionEcoleDeFoot.php
01/11/2016 10:59:46 Entrée dans ActionEcoleDeFoot.php
01/11/2016 10:59:59 Entrée dans ActionEcoleDeFoot.php
01/11/2016 11:00:04 Entrée dans ActionEcoleDeFoot.php
01/11/2016 11:00:05 Entrée dans ActionAccueil.php
01/11/2016 11:00:13 Entrée dans AfficherPopupArticle.php
01/11/2016 11:00:23 Entrée dans AfficherPopupArticle.php
01/11/2016 12:18:04 Entrée dans ActionJoueurs.php
01/11/2016 13:44:01 Entrée dans ActionAccueil.php
01/11/2016 13:44:06 Entrée dans ActionJoueurs.php
01/11/2016 13:44:23 Entrée dans ActionAccueil.php
01/11/2016 18:32:16 Entrée dans ActionAccueil.php
01/11/2016 18:32:29 Entrée dans ActionClub.php
01/11/2016 18:32:39 Entrée dans ActionAgenda.php
01/11/2016 18:32:49 Entrée dans ActionSponsor.php
01/11/2016 18:32:59 Entrée dans ActionJoueurs.php
01/11/2016 18:33:15 Entrée dans ActionEvenement.php
01/11/2016 18:33:24 Entrée dans ActionEcoleDeFoot.php
01/11/2016 19:17:13 Entrée dans ActionSponsor.php
02/11/2016 03:33:07 Entrée dans ActionJoueurs.php
02/11/2016 13:13:29 Entrée dans ActionSponsor.php
02/11/2016 15:31:04 Entrée dans ActionSponsor.php
02/11/2016 15:43:14 Entrée dans ActionAccueil.php
02/11/2016 15:43:31 Entrée dans ActionClub.php
02/11/2016 15:52:47 Entrée dans ActionJoueurs.php
02/11/2016 16:01:54 Entrée dans ActionAccueil.php
02/11/2016 16:02:18 Entrée dans AfficherPopupCompteRendu.php
02/11/2016 16:39:10 Entrée dans ActionEvenement.php
02/11/2016 22:33:36 Entrée dans ActionAccueil.php
02/11/2016 22:33:46 Entrée dans ActionJoueurs.php
03/11/2016 01:08:11 Entrée dans ActionAccueil.php
03/11/2016 01:08:20 Entrée dans ActionEcoleDeFoot.php
03/11/2016 01:08:23 Entrée dans ActionEcoleDeFoot.php
03/11/2016 01:09:11 Entrée dans ActionClub.php
03/11/2016 05:28:52 Entrée dans ActionEvenement.php
03/11/2016 06:57:26 Entrée dans ActionEcoleDeFoot.php
03/11/2016 06:57:30 Entrée dans ActionEcoleDeFoot.php
03/11/2016 06:58:27 Entrée dans ActionEcoleDeFoot.php
03/11/2016 06:58:34 Entrée dans ActionEcoleDeFoot.php
03/11/2016 07:01:17 Entrée dans ActionEcoleDeFoot.php
03/11/2016 07:13:25 Entrée dans ActionEcoleDeFoot.php
03/11/2016 07:13:46 Entrée dans ActionEcoleDeFoot.php
03/11/2016 07:14:22 Entrée dans ActionEvenement.php
03/11/2016 08:13:51 Entrée dans ActionAccueil.php
03/11/2016 09:53:59 Entrée dans ActionAccueil.php
03/11/2016 09:54:19 Entrée dans ActionJoueurs.php
03/11/2016 11:27:47 Entrée dans ActionAccueil.php
03/11/2016 11:27:53 Entrée dans ActionClub.php
03/11/2016 11:27:57 Entrée dans ActionJoueurs.php
03/11/2016 11:27:59 Entrée dans ActionEcoleDeFoot.php
03/11/2016 11:28:01 Entrée dans ActionAgenda.php
03/11/2016 11:28:04 Entrée dans ActionEvenement.php
03/11/2016 11:28:07 Entrée dans ActionSponsor.php
03/11/2016 15:06:25 Entrée dans ActionEcoleDeFoot.php
03/11/2016 15:06:25 Entrée dans ActionClub.php
03/11/2016 15:06:25 Entrée dans ActionAccueil.php
03/11/2016 16:34:13 Entrée dans ActionSponsor.php
03/11/2016 17:56:05 Entrée dans ActionAccueil.php
03/11/2016 17:56:22 Entrée dans ActionJoueurs.php
03/11/2016 17:56:25 Entrée dans AfficherPopupArticle.php
03/11/2016 17:56:34 Entrée dans AfficherPopupArticle.php
03/11/2016 17:56:49 Entrée dans ActionJoueurs.php
03/11/2016 17:58:06 Entrée dans ActionJoueurs.php
03/11/2016 18:13:21 Entrée dans ActionAgenda.php
03/11/2016 18:13:22 Entrée dans ActionJoueurs.php
03/11/2016 18:13:23 Entrée dans ActionEvenement.php
03/11/2016 22:10:39 Entrée dans ActionClub.php
03/11/2016 22:10:48 Entrée dans ActionEvenement.php
03/11/2016 22:11:21 Entrée dans ActionEcoleDeFoot.php
03/11/2016 22:11:27 Entrée dans ActionEcoleDeFoot.php
03/11/2016 22:11:45 Entrée dans ActionAccueil.php
04/11/2016 02:11:05 Entrée dans ActionAccueil.php
04/11/2016 04:02:13 Entrée dans ActionJoueurs.php
04/11/2016 05:44:41 Entrée dans ActionSponsor.php
04/11/2016 08:01:10 Entrée dans ActionContact.php
04/11/2016 08:36:40 Entrée dans ActionAccueil.php
04/11/2016 08:37:41 Entrée dans ActionJoueurs.php
04/11/2016 09:10:39 Entrée dans ActionEcoleDeFoot.php
04/11/2016 11:14:04 Entrée dans ActionAccueil.php
04/11/2016 15:04:45 Entrée dans ActionJoueurs.php
04/11/2016 16:55:17 Entrée dans ActionAccueil.php
04/11/2016 16:56:25 Entrée dans ActionLogin.php
04/11/2016 16:56:25 Authentification de fgastrini.
04/11/2016 16:56:25 Entrée dans ActionProfil.php
04/11/2016 16:56:28 Entrée dans ActionRencontre.php
04/11/2016 16:56:51 Entrée dans RechercherEquipe.php
04/11/2016 16:56:54 Entrée dans RechercherCompetitionEquipe.php
04/11/2016 16:57:24 Entrée dans ActionRencontre.php
04/11/2016 16:57:48 Entrée dans ActionAccueil.php
04/11/2016 16:58:03 Entrée dans ActionAccueil.php
04/11/2016 16:58:03 Entrée dans ActionAccueil.php
04/11/2016 17:08:28 Entrée dans ActionAccueil.php
04/11/2016 17:15:28 Entrée dans ActionAccueil.php
04/11/2016 17:16:44 Entrée dans ActionClub.php
04/11/2016 17:17:56 Entrée dans ActionEcoleDeFoot.php
04/11/2016 18:51:18 Entrée dans ActionAccueil.php
04/11/2016 18:52:05 Entrée dans AfficherPopupArticle.php
04/11/2016 18:52:36 Entrée dans AfficherPopupArticle.php
04/11/2016 18:52:59 Entrée dans AfficherPopupArticle.php
04/11/2016 19:31:34 Entrée dans ActionAccueil.php
04/11/2016 19:31:34 Entrée dans ActionAccueil.php
04/11/2016 19:31:50 Entrée dans AfficherPopupArticle.php
04/11/2016 19:32:42 Entrée dans ActionAccueil.php
04/11/2016 19:32:45 Entrée dans ActionJoueurs.php
04/11/2016 19:34:24 Entrée dans AfficherPopupArticle.php
04/11/2016 20:55:59 Entrée dans ActionAccueil.php
04/11/2016 20:56:04 Entrée dans ActionJoueurs.php
05/11/2016 02:20:29 Entrée dans ActionAccueil.php
05/11/2016 02:20:40 Entrée dans ActionJoueurs.php
05/11/2016 03:29:23 Entrée dans ActionAccueil.php
05/11/2016 07:49:20 Entrée dans ActionAccueil.php
05/11/2016 07:51:14 Entrée dans AfficherPopupArticle.php
05/11/2016 07:53:17 Entrée dans ActionEcoleDeFoot.php
05/11/2016 07:53:21 Entrée dans ActionEcoleDeFoot.php
05/11/2016 07:53:42 Entrée dans ActionEcoleDeFoot.php
05/11/2016 07:53:55 Entrée dans ActionEcoleDeFoot.php
05/11/2016 08:24:47 Entrée dans ActionAccueil.php
05/11/2016 08:26:42 Entrée dans ActionJoueurs.php
05/11/2016 09:50:27 Entrée dans ActionAccueil.php
05/11/2016 09:50:46 Entrée dans AfficherPopupArticle.php
05/11/2016 09:51:24 Entrée dans ActionClub.php
05/11/2016 09:51:34 Entrée dans ActionEcoleDeFoot.php
05/11/2016 09:51:59 Entrée dans ActionEcoleDeFoot.php
05/11/2016 09:52:59 Entrée dans ActionEcoleDeFoot.php
05/11/2016 11:38:10 Entrée dans ActionAccueil.php
05/11/2016 13:52:37 Entrée dans ActionAgenda.php
05/11/2016 18:05:41 Entrée dans ActionAccueil.php
05/11/2016 18:06:09 Entrée dans AfficherPopupArticle.php
05/11/2016 18:08:26 Entrée dans ActionAccueil.php
05/11/2016 18:08:35 Entrée dans ActionAccueil.php
05/11/2016 18:08:35 Entrée dans ActionAccueil.php
05/11/2016 18:08:38 Entrée dans ActionClub.php
05/11/2016 18:08:44 Entrée dans AfficherPopupArticle.php
05/11/2016 18:08:45 Entrée dans ActionAgenda.php
05/11/2016 18:28:01 Entrée dans ActionSponsor.php
05/11/2016 18:34:13 Entrée dans ActionAccueil.php
05/11/2016 18:34:29 Entrée dans ActionJoueurs.php
05/11/2016 18:34:35 Entrée dans ActionAgenda.php
05/11/2016 18:34:43 Entrée dans ActionAgenda.php
05/11/2016 18:35:19 Entrée dans ActionClub.php
05/11/2016 18:35:21 Entrée dans ActionJoueurs.php
05/11/2016 19:11:46 Entrée dans ActionSponsor.php
05/11/2016 19:36:21 Entrée dans ActionAgenda.php
05/11/2016 19:36:22 Entrée dans ActionJoueurs.php
05/11/2016 19:36:23 Entrée dans ActionEvenement.php
05/11/2016 19:36:23 Entrée dans ActionAgenda.php
05/11/2016 19:36:24 Entrée dans ActionJoueurs.php
05/11/2016 19:36:24 Entrée dans ActionEvenement.php
05/11/2016 19:40:44 Entrée dans ActionClub.php
05/11/2016 19:40:45 Entrée dans ActionEcoleDeFoot.php
05/11/2016 19:40:45 Entrée dans ActionClub.php
05/11/2016 19:40:45 Entrée dans ActionAccueil.php
05/11/2016 19:40:46 Entrée dans ActionEcoleDeFoot.php
05/11/2016 19:40:46 Entrée dans ActionClub.php
05/11/2016 19:47:52 Entrée dans ActionAccueil.php
05/11/2016 20:32:15 Entrée dans ActionAccueil.php
05/11/2016 20:32:19 Entrée dans ActionClub.php
05/11/2016 20:32:21 Entrée dans ActionJoueurs.php
05/11/2016 20:32:24 Entrée dans ActionEcoleDeFoot.php
05/11/2016 21:35:27 Entrée dans ActionAccueil.php
05/11/2016 21:35:32 Entrée dans ActionJoueurs.php
05/11/2016 23:57:14 Entrée dans ActionAccueil.php
05/11/2016 23:57:52 Entrée dans ActionLogin.php
05/11/2016 23:57:52 Authentification de fgastrini.
05/11/2016 23:57:52 Entrée dans ActionProfil.php
05/11/2016 23:57:56 Entrée dans GestionResultats.php
05/11/2016 23:58:23 Entrée dans AfficherPopupCompteRendu.php
06/11/2016 00:04:53 Entrée dans GestionResultats.php
06/11/2016 00:05:03 Entrée dans GestionResultats.php
06/11/2016 00:05:12 Entrée dans ActionMembre.php
06/11/2016 00:05:20 Entrée dans ActionMembre.php
06/11/2016 00:06:08 Entrée dans ActionAccueil.php
06/11/2016 00:06:08 Entrée dans ActionAccueil.php
06/11/2016 04:16:58 Entrée dans ActionAccueil.php
06/11/2016 04:17:14 Entrée dans AfficherPopupCompteRendu.php
06/11/2016 04:19:11 Entrée dans ActionEcoleDeFoot.php
06/11/2016 04:19:18 Entrée dans ActionJoueurs.php
06/11/2016 04:19:40 Entrée dans ActionEcoleDeFoot.php
06/11/2016 04:19:48 Entrée dans ActionJoueurs.php
06/11/2016 04:25:43 Entrée dans ActionAccueil.php
06/11/2016 04:25:47 Entrée dans ActionEcoleDeFoot.php
06/11/2016 04:30:39 Entrée dans ActionAccueil.php
06/11/2016 05:02:58 Entrée dans ActionEvenement.php
06/11/2016 06:38:29 Entrée dans ActionEcoleDeFoot.php
06/11/2016 06:38:32 Entrée dans ActionEcoleDeFoot.php
06/11/2016 09:28:00 Entrée dans ActionAgenda.php
06/11/2016 10:46:54 Entrée dans ActionEcoleDeFoot.php
06/11/2016 10:46:59 Entrée dans ActionEcoleDeFoot.php
06/11/2016 10:47:16 Entrée dans ActionAccueil.php
06/11/2016 10:47:24 Entrée dans AfficherPopupCompteRendu.php
06/11/2016 11:10:05 Entrée dans ActionAccueil.php
06/11/2016 11:20:49 Entrée dans ActionAccueil.php
06/11/2016 11:21:11 Entrée dans AfficherPopupCompteRendu.php
06/11/2016 11:56:23 Entrée dans ActionAccueil.php
06/11/2016 11:57:26 Entrée dans ActionEcoleDeFoot.php
06/11/2016 11:57:32 Entrée dans ActionEcoleDeFoot.php
06/11/2016 12:00:04 Entrée dans ActionEvenement.php
06/11/2016 12:00:28 Entrée dans ActionAgenda.php
06/11/2016 13:11:53 Entrée dans ActionAccueil.php
06/11/2016 13:12:02 Entrée dans AfficherPopupCompteRendu.php
06/11/2016 13:55:59 Entrée dans ActionAccueil.php
06/11/2016 17:34:09 Entrée dans ActionEcoleDeFoot.php
06/11/2016 17:34:26 Entrée dans ActionAccueil.php
06/11/2016 17:34:42 Entrée dans AfficherPopupCompteRendu.php
06/11/2016 18:39:07 Entrée dans ActionEcoleDeFoot.php
06/11/2016 18:39:11 Entrée dans ActionAccueil.php
06/11/2016 18:39:17 Entrée dans AfficherPopupCompteRendu.php
06/11/2016 19:51:08 Entrée dans ActionAccueil.php
06/11/2016 19:51:24 Entrée dans ActionJoueurs.php
06/11/2016 19:52:46 Entrée dans ActionJoueurs.php
06/11/2016 19:52:59 Entrée dans ActionEcoleDeFoot.php
06/11/2016 19:53:03 Entrée dans ActionEcoleDeFoot.php
06/11/2016 20:11:30 Entrée dans ActionAccueil.php
06/11/2016 21:08:17 Entrée dans ActionAccueil.php
06/11/2016 21:08:41 Entrée dans ActionJoueurs.php
06/11/2016 21:31:18 Entrée dans ActionAccueil.php
06/11/2016 22:51:22 Entrée dans ActionAccueil.php
07/11/2016 05:30:19 Entrée dans ActionAccueil.php
07/11/2016 06:20:11 Entrée dans ActionAccueil.php
07/11/2016 08:00:47 Entrée dans ActionEcoleDeFoot.php
07/11/2016 08:35:14 Entrée dans ActionEvenement.php
07/11/2016 08:35:15 Entrée dans ActionJoueurs.php
07/11/2016 11:20:47 Entrée dans ActionAccueil.php
07/11/2016 12:08:18 Entrée dans ActionAccueil.php
07/11/2016 12:08:22 Entrée dans ActionClub.php
07/11/2016 12:08:24 Entrée dans ActionJoueurs.php
07/11/2016 12:08:26 Entrée dans ActionEcoleDeFoot.php
07/11/2016 12:08:28 Entrée dans ActionAgenda.php
07/11/2016 12:08:31 Entrée dans ActionEvenement.php
07/11/2016 12:08:33 Entrée dans ActionSponsor.php
07/11/2016 12:35:18 Entrée dans ActionClub.php
07/11/2016 13:17:38 Entrée dans ActionAccueil.php
07/11/2016 13:18:16 Entrée dans ActionSponsor.php
07/11/2016 13:18:20 Entrée dans ActionEcoleDeFoot.php
07/11/2016 13:18:24 Entrée dans ActionEcoleDeFoot.php
07/11/2016 13:20:05 Entrée dans ActionAgenda.php
07/11/2016 13:20:26 Entrée dans ActionJoueurs.php
07/11/2016 13:22:25 Entrée dans ActionAccueil.php
07/11/2016 13:22:32 Entrée dans AfficherPopupArticle.php
07/11/2016 13:22:41 Entrée dans AfficherPopupArticle.php
07/11/2016 13:22:57 Entrée dans AfficherPopupArticle.php
07/11/2016 13:23:15 Entrée dans AfficherPopupArticle.php
07/11/2016 13:23:40 Entrée dans AfficherPopupArticle.php
07/11/2016 13:24:04 Entrée dans AfficherPopupArticle.php
07/11/2016 13:24:25 Entrée dans AfficherPopupArticle.php
07/11/2016 13:24:38 Entrée dans AfficherPopupArticle.php
07/11/2016 13:55:06 Entrée dans ActionAccueil.php
07/11/2016 13:55:19 Entrée dans ActionJoueurs.php
07/11/2016 13:55:30 Entrée dans ActionAccueil.php
07/11/2016 14:03:59 Entrée dans ActionAccueil.php
07/11/2016 14:04:55 Entrée dans AfficherPopupArticle.php
07/11/2016 14:51:40 Entrée dans ActionAccueil.php
07/11/2016 19:22:32 Entrée dans ActionAccueil.php
07/11/2016 19:23:22 Entrée dans AfficherPopupArticle.php
07/11/2016 19:23:38 Entrée dans AfficherPopupArticle.php
07/11/2016 19:23:59 Entrée dans ActionEcoleDeFoot.php
07/11/2016 19:24:31 Entrée dans ActionEcoleDeFoot.php
07/11/2016 19:24:53 Entrée dans ActionAgenda.php
07/11/2016 19:25:10 Entrée dans ActionAgenda.php
07/11/2016 19:25:18 Entrée dans ActionAgenda.php
07/11/2016 19:25:51 Entrée dans ActionAgenda.php
07/11/2016 19:26:08 Entrée dans ActionAgenda.php
07/11/2016 19:26:24 Entrée dans ActionAgenda.php
07/11/2016 19:26:33 Entrée dans ActionAgenda.php
07/11/2016 19:26:42 Entrée dans ActionAccueil.php
07/11/2016 19:26:56 Entrée dans AfficherPopupArticle.php
07/11/2016 20:27:17 Entrée dans ActionJoueurs.php
07/11/2016 20:28:15 Entrée dans ActionAccueil.php
07/11/2016 20:28:16 Entrée dans ActionAccueil.php
08/11/2016 00:18:50 Entrée dans ActionJoueurs.php
08/11/2016 00:19:22 Entrée dans ActionJoueurs.php
08/11/2016 00:35:17 Entrée dans ActionAccueil.php
08/11/2016 15:44:39 Entrée dans ActionAccueil.php
08/11/2016 15:44:48 Entrée dans AfficherPopupArticle.php
08/11/2016 15:45:26 Entrée dans ActionJoueurs.php
08/11/2016 16:19:15 Entrée dans ActionAccueil.php
08/11/2016 17:45:01 Entrée dans ActionAccueil.php
08/11/2016 18:03:49 Entrée dans ActionAccueil.php
08/11/2016 18:04:14 Entrée dans ActionClub.php
08/11/2016 18:05:19 Entrée dans ActionJoueurs.php
08/11/2016 18:08:01 Entrée dans ActionAccueil.php
08/11/2016 18:08:24 Entrée dans ActionEcoleDeFoot.php
08/11/2016 18:08:31 Entrée dans ActionEvenement.php
08/11/2016 18:08:36 Entrée dans ActionAccueil.php
08/11/2016 19:55:07 Entrée dans ActionAccueil.php
08/11/2016 20:42:14 Entrée dans ActionAccueil.php
08/11/2016 20:58:56 Entrée dans ActionAccueil.php
08/11/2016 20:59:13 Entrée dans ActionJoueurs.php
08/11/2016 21:37:54 Entrée dans ActionAccueil.php
08/11/2016 21:38:06 Entrée dans ActionJoueurs.php
08/11/2016 21:39:16 Entrée dans ActionAccueil.php
08/11/2016 21:51:57 Entrée dans ActionAccueil.php
09/11/2016 06:17:10 Entrée dans ActionEcoleDeFoot.php
09/11/2016 06:38:19 Entrée dans ActionClub.php
09/11/2016 08:44:54 Entrée dans ActionAccueil.php
09/11/2016 09:49:57 Entrée dans ActionAccueil.php
09/11/2016 14:06:32 Entrée dans ActionAccueil.php
09/11/2016 14:06:50 Entrée dans AfficherPopupArticle.php
09/11/2016 14:07:31 Entrée dans ActionLogin.php
09/11/2016 14:07:31 Authentification de aissadi.
09/11/2016 14:07:32 Entrée dans ActionLogin.php
09/11/2016 14:07:32 Authentification de aissadi.
09/11/2016 14:07:32 Entrée dans ActionProfil.php
09/11/2016 14:07:32 Entrée dans ActionAccueil.php
09/11/2016 14:07:47 Entrée dans ActionLogin.php
09/11/2016 14:07:47 Authentification de aissadi.
09/11/2016 14:07:47 Entrée dans ActionProfil.php
09/11/2016 14:07:51 Entrée dans GestionResultats.php
09/11/2016 14:08:49 Entrée dans ActionAccueil.php
09/11/2016 14:09:25 Entrée dans ActionEcoleDeFoot.php
09/11/2016 14:09:31 Entrée dans ActionEcoleDeFoot.php
09/11/2016 14:09:34 Entrée dans ActionEcoleDeFoot.php
09/11/2016 14:09:44 Entrée dans ActionSponsor.php
09/11/2016 14:09:51 Entrée dans ActionEvenement.php
09/11/2016 14:09:54 Entrée dans ActionAgenda.php
09/11/2016 14:10:15 Entrée dans ActionAccueil.php
09/11/2016 14:10:42 Entrée dans ActionAgenda.php
09/11/2016 14:10:47 Entrée dans ActionEvenement.php
09/11/2016 14:10:49 Entrée dans ActionAgenda.php
09/11/2016 14:11:15 Entrée dans ActionAgenda.php
09/11/2016 14:11:42 Entrée dans ActionClub.php
09/11/2016 14:11:49 Entrée dans ActionEcoleDeFoot.php
09/11/2016 14:11:53 Entrée dans ActionAccueil.php
09/11/2016 14:11:53 Entrée dans ActionAccueil.php
09/11/2016 14:12:28 Entrée dans ActionLogin.php
09/11/2016 14:12:37 Entrée dans ActionLogin.php
09/11/2016 14:12:37 Authentification de aissadi.
09/11/2016 14:12:37 Entrée dans ActionProfil.php
09/11/2016 14:12:40 Entrée dans GestionResultats.php
09/11/2016 14:12:59 Entrée dans GestionResultats.php
09/11/2016 14:13:05 Entrée dans GestionResultats.php
09/11/2016 14:13:08 Entrée dans GestionResultats.php
09/11/2016 14:13:21 Entrée dans ActionAccueil.php
09/11/2016 14:13:49 Entrée dans ActionEcoleDeFoot.php
09/11/2016 14:13:51 Entrée dans ActionEcoleDeFoot.php
09/11/2016 14:19:41 Entrée dans ActionEcoleDeFoot.php
09/11/2016 14:19:42 Entrée dans ActionEcoleDeFoot.php
09/11/2016 14:19:48 Entrée dans ActionEcoleDeFoot.php
09/11/2016 14:19:49 Entrée dans ActionEcoleDeFoot.php
09/11/2016 14:20:00 Entrée dans ActionEcoleDeFoot.php
09/11/2016 14:20:07 Entrée dans ActionEcoleDeFoot.php
09/11/2016 14:20:22 Entrée dans ActionEcoleDeFoot.php
09/11/2016 14:20:26 Entrée dans ActionEcoleDeFoot.php
09/11/2016 14:20:32 Entrée dans ActionAgenda.php
09/11/2016 14:20:59 Entrée dans ActionEcoleDeFoot.php
09/11/2016 14:21:02 Entrée dans ActionEcoleDeFoot.php
09/11/2016 14:21:12 Entrée dans ActionEvenement.php
09/11/2016 14:21:17 Entrée dans ActionEcoleDeFoot.php
09/11/2016 14:21:27 Entrée dans ActionEcoleDeFoot.php
09/11/2016 14:21:39 Entrée dans ActionEcoleDeFoot.php
09/11/2016 14:21:47 Entrée dans ActionEcoleDeFoot.php
09/11/2016 14:26:16 Entrée dans ActionProfil.php
09/11/2016 14:26:50 Entrée dans ActionMembre.php
09/11/2016 14:27:02 Entrée dans ActionMembre.php
09/11/2016 14:27:33 Entrée dans ActionMembre.php
09/11/2016 14:27:58 Entrée dans RechercherMembre.php
09/11/2016 14:28:35 Entrée dans RechercherMembre.php
09/11/2016 14:29:00 Entrée dans ActionAccueil.php
09/11/2016 17:51:08 Entrée dans ActionAccueil.php
09/11/2016 17:51:32 Entrée dans ActionClub.php
09/11/2016 20:04:19 Entrée dans ActionJoueurs.php
09/11/2016 20:04:19 Entrée dans ActionEvenement.php
09/11/2016 20:04:19 Entrée dans ActionAgenda.php
09/11/2016 21:22:37 Entrée dans ActionAccueil.php
09/11/2016 22:10:11 Entrée dans ActionAgenda.php
09/11/2016 22:10:28 Entrée dans ActionEcoleDeFoot.php
09/11/2016 22:10:31 Entrée dans ActionSponsor.php
10/11/2016 08:19:53 Entrée dans ActionJoueurs.php
10/11/2016 09:22:39 Entrée dans ActionAccueil.php
10/11/2016 10:14:35 Entrée dans ActionJoueurs.php
10/11/2016 18:06:36 Entrée dans ActionJoueurs.php
10/11/2016 20:39:27 Entrée dans ActionAccueil.php
10/11/2016 20:40:48 Entrée dans ActionEcoleDeFoot.php
10/11/2016 20:40:52 Entrée dans ActionEcoleDeFoot.php
10/11/2016 20:42:13 Entrée dans ActionEcoleDeFoot.php
10/11/2016 20:42:17 Entrée dans ActionEcoleDeFoot.php
10/11/2016 20:42:19 Entrée dans ActionEcoleDeFoot.php
11/11/2016 00:09:41 Entrée dans ActionClub.php
11/11/2016 00:09:59 Entrée dans ActionJoueurs.php
11/11/2016 00:42:56 Entrée dans ActionAccueil.php
11/11/2016 00:43:18 Entrée dans AfficherPopupArticle.php
11/11/2016 00:44:07 Entrée dans ActionAccueil.php
11/11/2016 00:44:48 Entrée dans AfficherPopupArticle.php
11/11/2016 00:47:07 Entrée dans ActionAccueil.php
11/11/2016 00:47:32 Entrée dans AfficherPopupArticle.php
11/11/2016 00:49:00 Entrée dans ActionEcoleDeFoot.php
11/11/2016 00:49:12 Entrée dans ActionEcoleDeFoot.php
11/11/2016 00:51:16 Entrée dans ActionEcoleDeFoot.php
11/11/2016 00:52:41 Entrée dans ActionEcoleDeFoot.php
11/11/2016 08:39:44 Entrée dans ActionContact.php
11/11/2016 12:02:50 Entrée dans ActionAccueil.php
11/11/2016 12:03:25 Entrée dans ActionClub.php
11/11/2016 12:03:34 Entrée dans ActionEcoleDeFoot.php
11/11/2016 12:03:43 Entrée dans ActionEcoleDeFoot.php
11/11/2016 14:08:09 Entrée dans ActionAccueil.php
11/11/2016 16:53:25 Entrée dans ActionAccueil.php
11/11/2016 16:53:32 Entrée dans ActionClub.php
11/11/2016 16:53:43 Entrée dans ActionEcoleDeFoot.php
11/11/2016 16:54:04 Entrée dans ActionEvenement.php
11/11/2016 16:54:13 Entrée dans ActionEcoleDeFoot.php
11/11/2016 16:54:25 Entrée dans ActionAccueil.php
11/11/2016 16:54:53 Entrée dans AfficherPopupArticle.php
11/11/2016 18:26:08 Entrée dans ActionAccueil.php
11/11/2016 19:31:37 Entrée dans ActionAccueil.php
11/11/2016 21:24:30 Entrée dans ActionAccueil.php
11/11/2016 21:25:01 Entrée dans ActionLogin.php
11/11/2016 21:25:01 Authentification de fgastrini.
11/11/2016 21:25:01 Entrée dans ActionProfil.php
11/11/2016 21:25:13 Entrée dans ActionRencontre.php
11/11/2016 21:25:29 Entrée dans ActionConvocation.php
11/11/2016 21:26:21 Entrée dans ActionAccueil.php
11/11/2016 21:26:44 Entrée dans ActionRencontre.php
11/11/2016 21:26:59 Entrée dans ActionAccueil.php
11/11/2016 21:27:00 Entrée dans ActionAccueil.php
11/11/2016 21:27:13 Entrée dans ActionAccueil.php
11/11/2016 21:33:49 Entrée dans ActionEcoleDeFoot.php
11/11/2016 21:33:50 Entrée dans ActionClub.php
11/11/2016 21:33:50 Entrée dans ActionAccueil.php
11/11/2016 22:03:14 Entrée dans ActionSponsor.php
11/11/2016 22:36:31 Entrée dans ActionAccueil.php
11/11/2016 22:36:46 Entrée dans AfficherPopupArticle.php
11/11/2016 22:38:08 Entrée dans ActionClub.php
11/11/2016 22:49:24 Entrée dans ActionContact.php
11/11/2016 22:58:01 Entrée dans ActionJoueurs.php
11/11/2016 22:58:01 Entrée dans ActionEvenement.php
11/11/2016 22:58:01 Entrée dans ActionAgenda.php
12/11/2016 09:01:21 Entrée dans ActionJoueurs.php
12/11/2016 10:27:38 Entrée dans ActionAccueil.php
12/11/2016 10:27:52 Entrée dans ActionClub.php
12/11/2016 10:28:02 Entrée dans ActionAgenda.php
12/11/2016 10:28:11 Entrée dans ActionSponsor.php
12/11/2016 10:28:22 Entrée dans ActionJoueurs.php
12/11/2016 10:28:36 Entrée dans ActionEvenement.php
12/11/2016 10:28:46 Entrée dans ActionEcoleDeFoot.php
12/11/2016 10:41:46 Entrée dans ActionClub.php
12/11/2016 15:03:34 Entrée dans ActionAccueil.php
12/11/2016 15:04:16 Entrée dans AfficherPopupArticle.php
12/11/2016 19:05:48 Entrée dans ActionAccueil.php
12/11/2016 19:05:53 Entrée dans ActionJoueurs.php
12/11/2016 19:07:10 Entrée dans ActionAgenda.php
12/11/2016 19:07:16 Entrée dans ActionAgenda.php
12/11/2016 19:07:21 Entrée dans ActionAgenda.php
12/11/2016 19:07:26 Entrée dans ActionAgenda.php
12/11/2016 19:07:29 Entrée dans ActionAgenda.php
12/11/2016 19:07:31 Entrée dans ActionJoueurs.php
12/11/2016 20:08:27 Entrée dans ActionAccueil.php
12/11/2016 20:08:41 Entrée dans ActionLogin.php
12/11/2016 20:08:41 Authentification de fgastrini.
12/11/2016 20:08:41 Entrée dans ActionProfil.php
12/11/2016 20:08:44 Entrée dans ActionRencontre.php
12/11/2016 20:08:48 Entrée dans GestionResultats.php
12/11/2016 20:09:00 Entrée dans GestionResultats.php
12/11/2016 20:09:25 Entrée dans GestionResultats.php
12/11/2016 20:09:33 Entrée dans GestionResultats.php
12/11/2016 20:09:44 Entrée dans GestionResultats.php
12/11/2016 20:09:52 Entrée dans ActionAccueil.php
12/11/2016 20:09:52 Entrée dans ActionAccueil.php
12/11/2016 20:09:55 Entrée dans ActionAccueil.php
12/11/2016 21:00:12 Entrée dans ActionAccueil.php
12/11/2016 21:00:15 Entrée dans ActionClub.php
12/11/2016 21:00:17 Entrée dans ActionJoueurs.php
12/11/2016 21:00:19 Entrée dans ActionEcoleDeFoot.php
12/11/2016 21:00:20 Entrée dans ActionAgenda.php
12/11/2016 21:00:22 Entrée dans ActionEvenement.php
12/11/2016 21:00:23 Entrée dans ActionSponsor.php
12/11/2016 23:25:33 Entrée dans ActionAccueil.php
12/11/2016 23:25:51 Entrée dans AfficherPopupCompteRendu.php
13/11/2016 02:17:38 Entrée dans ActionEcoleDeFoot.php
13/11/2016 02:41:20 Entrée dans ActionJoueurs.php
13/11/2016 03:15:41 Entrée dans ActionAgenda.php
13/11/2016 03:31:50 Entrée dans ActionSponsor.php
13/11/2016 06:43:47 Entrée dans ActionAccueil.php
13/11/2016 06:46:58 Entrée dans ActionClub.php
13/11/2016 09:11:39 Entrée dans ActionClub.php
13/11/2016 09:14:23 Entrée dans ActionAccueil.php
13/11/2016 11:02:52 Entrée dans ActionAccueil.php
13/11/2016 11:03:04 Entrée dans ActionLogin.php
13/11/2016 11:03:04 Authentification de fgastrini.
13/11/2016 11:03:04 Entrée dans ActionProfil.php
13/11/2016 11:03:10 Entrée dans ActionArticle.php
13/11/2016 11:10:45 Entrée dans ActionArticle.php
13/11/2016 11:10:56 Entrée dans ActionAccueil.php
13/11/2016 11:11:36 Entrée dans ActionProfil.php
13/11/2016 11:11:38 Entrée dans ActionArticle.php
13/11/2016 11:11:44 Entrée dans RechercherArticle.php
13/11/2016 11:11:50 Entrée dans ActionArticle.php
13/11/2016 11:11:55 Entrée dans RechercherArticle.php
13/11/2016 11:12:05 Entrée dans ActionArticle.php
13/11/2016 11:12:20 Entrée dans ActionArticle.php
13/11/2016 11:12:31 Entrée dans RechercherArticle.php
13/11/2016 11:12:38 Entrée dans ActionArticle.php
13/11/2016 11:13:04 Entrée dans RechercherArticle.php
13/11/2016 11:13:09 Entrée dans ActionArticle.php
13/11/2016 11:13:19 Entrée dans RechercherArticle.php
13/11/2016 11:13:35 Entrée dans ActionArticle.php
13/11/2016 11:13:45 Entrée dans ActionArticle.php
13/11/2016 11:13:56 Entrée dans ActionAccueil.php
13/11/2016 11:14:05 Entrée dans AfficherPopupArticle.php
13/11/2016 11:14:57 Entrée dans ActionProfil.php
13/11/2016 11:15:02 Entrée dans ActionArticle.php
13/11/2016 11:15:07 Entrée dans ActionArticle.php
13/11/2016 11:15:32 Entrée dans ActionAccueil.php
13/11/2016 11:15:49 Entrée dans ActionAccueil.php
13/11/2016 11:15:49 Entrée dans ActionAccueil.php
13/11/2016 12:25:22 Entrée dans ActionAccueil.php
13/11/2016 12:25:45 Entrée dans ActionJoueurs.php
13/11/2016 12:26:15 Entrée dans ActionAgenda.php
13/11/2016 12:26:56 Entrée dans ActionAgenda.php
13/11/2016 12:27:38 Entrée dans ActionAccueil.php
13/11/2016 12:28:19 Entrée dans ActionJoueurs.php
13/11/2016 12:42:42 Entrée dans ActionAccueil.php
13/11/2016 12:43:03 Entrée dans ActionJoueurs.php
13/11/2016 13:00:57 Entrée dans ActionAccueil.php
13/11/2016 13:04:09 Entrée dans ActionAccueil.php
13/11/2016 13:04:12 Entrée dans ActionClub.php
13/11/2016 16:30:07 Entrée dans ActionAccueil.php
13/11/2016 18:00:05 Entrée dans ActionAccueil.php
13/11/2016 18:10:21 Entrée dans ActionAccueil.php
13/11/2016 18:28:57 Entrée dans ActionEcoleDeFoot.php
13/11/2016 18:29:03 Entrée dans ActionEcoleDeFoot.php
13/11/2016 18:30:49 Entrée dans ActionEcoleDeFoot.php
13/11/2016 18:31:37 Entrée dans ActionEcoleDeFoot.php
13/11/2016 18:32:27 Entrée dans ActionEcoleDeFoot.php
13/11/2016 18:33:04 Entrée dans ActionEcoleDeFoot.php
13/11/2016 18:33:21 Entrée dans ActionEcoleDeFoot.php
13/11/2016 19:10:32 Entrée dans ActionAgenda.php
13/11/2016 19:11:04 Entrée dans ActionJoueurs.php
13/11/2016 19:11:58 Entrée dans ActionEvenement.php
13/11/2016 19:12:11 Entrée dans ActionAccueil.php
14/11/2016 02:38:24 Entrée dans ActionAccueil.php
14/11/2016 02:39:08 Entrée dans ActionClub.php
14/11/2016 03:13:48 Entrée dans ActionJoueurs.php
14/11/2016 05:20:25 Entrée dans ActionSponsor.php
14/11/2016 07:13:11 Entrée dans ActionEvenement.php
14/11/2016 09:20:50 Entrée dans ActionAccueil.php
14/11/2016 09:21:04 Entrée dans ActionJoueurs.php
14/11/2016 11:07:03 Entrée dans ActionAccueil.php
14/11/2016 11:07:19 Entrée dans AfficherPopupArticle.php
14/11/2016 11:07:34 Entrée dans ActionAccueil.php
14/11/2016 11:07:52 Entrée dans ActionClub.php
14/11/2016 11:14:55 Entrée dans AfficherPopupArticle.php
14/11/2016 11:15:20 Entrée dans ActionAccueil.php
14/11/2016 12:50:51 Entrée dans ActionAccueil.php
14/11/2016 12:51:03 Entrée dans ActionJoueurs.php
14/11/2016 12:51:47 Entrée dans ActionClub.php
14/11/2016 12:52:19 Entrée dans ActionClub.php
14/11/2016 12:52:19 Entrée dans ActionAccueil.php
14/11/2016 13:54:49 Entrée dans ActionJoueurs.php
14/11/2016 16:27:04 Entrée dans ActionAccueil.php
14/11/2016 16:27:34 Entrée dans AfficherPopupArticle.php
14/11/2016 16:27:54 Entrée dans ActionAccueil.php
14/11/2016 16:28:29 Entrée dans ActionAccueil.php
14/11/2016 17:25:15 Entrée dans ActionAccueil.php
14/11/2016 17:26:04 Entrée dans ActionLogin.php
14/11/2016 17:26:04 Authentification de fgastrini.
14/11/2016 17:26:04 Entrée dans ActionProfil.php
14/11/2016 17:26:08 Entrée dans ActionArticle.php
14/11/2016 17:26:18 Entrée dans RechercherArticle.php
14/11/2016 17:26:30 Entrée dans ActionArticle.php
14/11/2016 17:31:25 Entrée dans ActionArticle.php
14/11/2016 17:31:33 Entrée dans ActionAccueil.php
14/11/2016 17:31:56 Entrée dans ActionProfil.php
14/11/2016 17:31:59 Entrée dans ActionArticle.php
14/11/2016 17:32:03 Entrée dans RechercherArticle.php
14/11/2016 17:32:11 Entrée dans ActionArticle.php
14/11/2016 17:32:24 Entrée dans ActionAccueil.php
14/11/2016 17:32:43 Entrée dans ActionAccueil.php
14/11/2016 17:32:43 Entrée dans ActionAccueil.php
14/11/2016 17:33:20 Entrée dans AfficherPopupArticle.php
14/11/2016 18:45:23 Entrée dans ActionJoueurs.php
14/11/2016 18:45:46 Entrée dans ActionJoueurs.php
14/11/2016 18:45:48 Entrée dans ActionAgenda.php
14/11/2016 18:45:51 Entrée dans ActionSponsor.php
14/11/2016 18:46:06 Entrée dans ActionEcoleDeFoot.php
14/11/2016 18:46:09 Entrée dans ActionEvenement.php
14/11/2016 20:37:03 Entrée dans ActionEcoleDeFoot.php
14/11/2016 20:37:04 Entrée dans ActionEcoleDeFoot.php
14/11/2016 20:37:11 Entrée dans ActionEcoleDeFoot.php
14/11/2016 20:37:37 Entrée dans ActionClub.php
14/11/2016 20:37:41 Entrée dans ActionAccueil.php
14/11/2016 20:38:06 Entrée dans AfficherPopupArticle.php
14/11/2016 22:44:23 Entrée dans ActionJoueurs.php
14/11/2016 23:02:06 Entrée dans ActionAgenda.php
14/11/2016 23:24:01 Entrée dans ActionAccueil.php
14/11/2016 23:24:10 Entrée dans ActionClub.php
15/11/2016 02:39:39 Entrée dans ActionEvenement.php
15/11/2016 03:43:34 Entrée dans ActionEcoleDeFoot.php
15/11/2016 03:43:37 Entrée dans ActionEvenement.php
15/11/2016 03:43:42 Entrée dans ActionSponsor.php
15/11/2016 05:44:52 Entrée dans ActionAgenda.php
15/11/2016 09:54:30 Entrée dans ActionAccueil.php
15/11/2016 09:56:07 Entrée dans ActionJoueurs.php
15/11/2016 11:33:44 Entrée dans ActionJoueurs.php
15/11/2016 14:19:59 Entrée dans ActionAccueil.php
15/11/2016 14:20:05 Entrée dans ActionEvenement.php
15/11/2016 14:20:05 Entrée dans ActionJoueurs.php
15/11/2016 14:20:05 Entrée dans ActionAgenda.php
15/11/2016 14:20:45 Entrée dans ActionAccueil.php
15/11/2016 16:25:00 Entrée dans ActionAccueil.php
15/11/2016 16:25:24 Entrée dans AfficherPopupArticle.php
15/11/2016 16:26:53 Entrée dans ActionClub.php
15/11/2016 16:38:26 Entrée dans ActionClub.php
15/11/2016 16:38:26 Entrée dans ActionEcoleDeFoot.php
15/11/2016 17:37:33 Entrée dans ActionAccueil.php
15/11/2016 19:38:31 Entrée dans ActionClub.php
15/11/2016 23:37:51 Entrée dans ActionJoueurs.php
16/11/2016 06:51:01 Entrée dans ActionAccueil.php
16/11/2016 06:52:13 Entrée dans AfficherPopupArticle.php
16/11/2016 06:53:26 Entrée dans AfficherPopupArticle.php
16/11/2016 06:55:38 Entrée dans ActionAccueil.php
16/11/2016 06:57:36 Entrée dans ActionAccueil.php
16/11/2016 06:57:52 Entrée dans AfficherPopupArticle.php
16/11/2016 06:58:34 Entrée dans ActionAccueil.php
16/11/2016 07:49:25 Entrée dans ActionAccueil.php
16/11/2016 07:56:18 Entrée dans ActionAccueil.php
16/11/2016 08:22:15 Entrée dans AfficherPopupArticle.php
16/11/2016 08:24:59 Entrée dans ActionEcoleDeFoot.php
16/11/2016 08:25:18 Entrée dans ActionEcoleDeFoot.php
16/11/2016 08:25:40 Entrée dans ActionEcoleDeFoot.php
16/11/2016 08:26:00 Entrée dans ActionSponsor.php
16/11/2016 09:32:18 Entrée dans ActionAccueil.php
16/11/2016 09:32:35 Entrée dans ActionJoueurs.php
16/11/2016 09:36:22 Entrée dans ActionEcoleDeFoot.php
16/11/2016 09:36:44 Entrée dans ActionEcoleDeFoot.php
16/11/2016 09:36:47 Entrée dans ActionEcoleDeFoot.php
16/11/2016 09:37:04 Entrée dans ActionEcoleDeFoot.php
16/11/2016 09:37:14 Entrée dans ActionEcoleDeFoot.php
16/11/2016 09:37:23 Entrée dans ActionEcoleDeFoot.php
16/11/2016 09:37:29 Entrée dans ActionEcoleDeFoot.php
16/11/2016 09:37:45 Entrée dans ActionEcoleDeFoot.php
16/11/2016 09:40:05 Entrée dans ActionAgenda.php
16/11/2016 13:07:01 Entrée dans ActionAccueil.php
16/11/2016 13:08:00 Entrée dans ActionAccueil.php
16/11/2016 13:08:19 Entrée dans ActionAccueil.php
16/11/2016 14:37:41 Entrée dans ActionAccueil.php
16/11/2016 14:37:53 Entrée dans AfficherPopupArticle.php
16/11/2016 14:52:06 Entrée dans ActionAccueil.php
16/11/2016 14:52:34 Entrée dans ActionClub.php
16/11/2016 14:52:47 Entrée dans ActionAccueil.php
16/11/2016 14:53:00 Entrée dans AfficherPopupArticle.php
16/11/2016 14:53:46 Entrée dans ActionAccueil.php
16/11/2016 14:53:54 Entrée dans ActionClub.php
16/11/2016 14:54:07 Entrée dans ActionAccueil.php
16/11/2016 14:54:51 Entrée dans AfficherPopupArticle.php
16/11/2016 14:55:09 Entrée dans AfficherPopupArticle.php
16/11/2016 14:55:24 Entrée dans AfficherPopupArticle.php
16/11/2016 14:55:57 Entrée dans ActionAgenda.php
16/11/2016 14:56:33 Entrée dans ActionAccueil.php
16/11/2016 14:56:39 Entrée dans ActionClub.php
16/11/2016 14:56:46 Entrée dans ActionEcoleDeFoot.php
16/11/2016 14:57:02 Entrée dans ActionEcoleDeFoot.php
16/11/2016 14:57:32 Entrée dans ActionEcoleDeFoot.php
16/11/2016 16:46:32 Entrée dans ActionAccueil.php
16/11/2016 16:46:45 Entrée dans ActionAccueil.php
16/11/2016 19:16:12 Entrée dans ActionAccueil.php
16/11/2016 19:54:17 Entrée dans ActionEvenement.php
16/11/2016 20:02:19 Entrée dans ActionAccueil.php
16/11/2016 22:30:49 Entrée dans ActionAccueil.php
16/11/2016 22:31:03 Entrée dans AfficherPopupCompteRendu.php
16/11/2016 22:36:07 Entrée dans AfficherPopupArticle.php
16/11/2016 23:27:17 Entrée dans ActionClub.php
16/11/2016 23:57:57 Entrée dans ActionAccueil.php
16/11/2016 23:58:10 Entrée dans AfficherPopupArticle.php
16/11/2016 23:58:24 Entrée dans AfficherPopupArticle.php
16/11/2016 23:58:47 Entrée dans ActionEcoleDeFoot.php
16/11/2016 23:58:50 Entrée dans ActionAgenda.php
16/11/2016 23:59:03 Entrée dans ActionEvenement.php
16/11/2016 23:59:09 Entrée dans ActionSponsor.php
16/11/2016 23:59:16 Entrée dans ActionClub.php
16/11/2016 23:59:58 Entrée dans ActionJoueurs.php
17/11/2016 00:00:06 Entrée dans ActionAccueil.php
17/11/2016 00:00:14 Entrée dans AfficherPopupArticle.php
17/11/2016 00:00:33 Entrée dans AfficherPopupArticle.php
17/11/2016 01:22:09 Entrée dans ActionAgenda.php
17/11/2016 09:23:24 Entrée dans ActionSponsor.php
17/11/2016 16:01:43 Entrée dans ActionEcoleDeFoot.php
17/11/2016 16:01:44 Entrée dans ActionClub.php
17/11/2016 16:01:45 Entrée dans ActionEcoleDeFoot.php
17/11/2016 16:52:10 Entrée dans ActionAccueil.php
17/11/2016 16:52:41 Entrée dans ActionAccueil.php
17/11/2016 16:52:44 Entrée dans ActionClub.php
17/11/2016 16:53:23 Entrée dans ActionEcoleDeFoot.php
17/11/2016 16:53:37 Entrée dans ActionJoueurs.php
17/11/2016 16:54:38 Entrée dans ActionClub.php
17/11/2016 16:54:53 Entrée dans ActionAccueil.php
17/11/2016 16:55:38 Entrée dans ActionJoueurs.php
17/11/2016 16:55:45 Entrée dans ActionEcoleDeFoot.php
17/11/2016 16:56:03 Entrée dans ActionEvenement.php
17/11/2016 16:56:03 Entrée dans ActionJoueurs.php
17/11/2016 16:56:03 Entrée dans ActionAgenda.php
17/11/2016 16:56:05 Entrée dans ActionEcoleDeFoot.php
17/11/2016 16:56:22 Entrée dans ActionEcoleDeFoot.php
17/11/2016 16:56:52 Entrée dans ActionEcoleDeFoot.php
17/11/2016 18:57:30 Entrée dans ActionAccueil.php
17/11/2016 19:00:12 Entrée dans ActionAccueil.php
17/11/2016 19:00:12 Entrée dans ActionAccueil.php
17/11/2016 19:01:32 Entrée dans ActionAccueil.php
17/11/2016 19:01:58 Entrée dans AfficherPopupArticle.php
17/11/2016 21:22:38 Entrée dans ActionEcoleDeFoot.php
17/11/2016 21:22:40 Entrée dans ActionAccueil.php
17/11/2016 21:23:11 Entrée dans AfficherPopupArticle.php
18/11/2016 10:56:50 Entrée dans ActionAccueil.php
18/11/2016 11:48:52 Entrée dans ActionAccueil.php
18/11/2016 12:22:33 Entrée dans ActionJoueurs.php
18/11/2016 13:53:55 Entrée dans ActionAccueil.php
18/11/2016 13:54:24 Entrée dans ActionAccueil.php
18/11/2016 16:32:41 Entrée dans ActionContact.php
18/11/2016 19:03:22 Entrée dans ActionEcoleDeFoot.php
18/11/2016 19:04:13 Entrée dans ActionJoueurs.php
18/11/2016 19:04:15 Entrée dans ActionEvenement.php
18/11/2016 23:22:13 Entrée dans ActionEcoleDeFoot.php
18/11/2016 23:22:19 Entrée dans ActionEcoleDeFoot.php
18/11/2016 23:23:20 Entrée dans ActionAccueil.php
18/11/2016 23:24:23 Entrée dans AfficherPopupArticle.php
19/11/2016 01:25:56 Entrée dans ActionAccueil.php
19/11/2016 01:26:22 Entrée dans ActionClub.php
19/11/2016 01:26:35 Entrée dans ActionAgenda.php
19/11/2016 01:26:47 Entrée dans ActionJoueurs.php
19/11/2016 01:27:00 Entrée dans ActionSponsor.php
19/11/2016 01:27:25 Entrée dans ActionEvenement.php
19/11/2016 01:27:39 Entrée dans ActionEcoleDeFoot.php
19/11/2016 02:45:27 Entrée dans ActionJoueurs.php
19/11/2016 02:47:25 Entrée dans ActionClub.php
19/11/2016 05:18:39 Entrée dans ActionClub.php
19/11/2016 06:24:53 Entrée dans ActionAccueil.php
19/11/2016 06:40:44 Entrée dans ActionAccueil.php
19/11/2016 09:04:41 Entrée dans ActionAgenda.php
19/11/2016 11:48:39 Entrée dans ActionAccueil.php
19/11/2016 11:50:09 Entrée dans ActionJoueurs.php
19/11/2016 11:51:28 Entrée dans ActionAgenda.php
19/11/2016 12:14:32 Entrée dans ActionEcoleDeFoot.php
19/11/2016 12:14:35 Entrée dans ActionEcoleDeFoot.php
19/11/2016 17:30:20 Entrée dans ActionAccueil.php
19/11/2016 17:47:28 Entrée dans ActionJoueurs.php
19/11/2016 18:31:30 Entrée dans ActionJoueurs.php
19/11/2016 18:33:27 Entrée dans ActionClub.php
19/11/2016 19:56:42 Entrée dans ActionJoueurs.php
19/11/2016 20:06:45 Entrée dans ActionAccueil.php
19/11/2016 20:06:57 Entrée dans AfficherPopupArticle.php
19/11/2016 21:43:48 Entrée dans ActionAccueil.php
19/11/2016 21:44:58 Entrée dans AfficherPopupArticle.php
19/11/2016 22:00:05 Entrée dans ActionAccueil.php
19/11/2016 22:11:14 Entrée dans ActionAccueil.php
19/11/2016 22:16:18 Entrée dans ActionAccueil.php
19/11/2016 22:16:40 Entrée dans ActionAccueil.php
19/11/2016 22:17:09 Entrée dans AfficherPopupArticle.php
19/11/2016 22:18:37 Entrée dans AfficherPopupArticle.php
19/11/2016 22:47:33 Entrée dans ActionAccueil.php
19/11/2016 22:48:15 Entrée dans AfficherPopupArticle.php
19/11/2016 23:56:32 Entrée dans ActionAccueil.php
20/11/2016 01:37:18 Entrée dans ActionAccueil.php
20/11/2016 01:37:23 Entrée dans ActionJoueurs.php
20/11/2016 10:32:29 Entrée dans ActionAccueil.php
20/11/2016 11:53:40 Entrée dans ActionAccueil.php
20/11/2016 11:53:40 Entrée dans ActionAccueil.php
20/11/2016 11:53:40 Entrée dans ActionClub.php
20/11/2016 11:53:40 Entrée dans ActionJoueurs.php
20/11/2016 11:53:41 Entrée dans ActionEcoleDeFoot.php
20/11/2016 11:53:41 Entrée dans ActionAgenda.php
20/11/2016 11:53:42 Entrée dans ActionEvenement.php
20/11/2016 11:53:42 Entrée dans ActionSponsor.php
20/11/2016 11:53:43 Entrée dans ActionAccueil.php
20/11/2016 11:53:43 Entrée dans ActionClub.php
20/11/2016 11:53:43 Entrée dans ActionJoueurs.php
20/11/2016 11:53:43 Entrée dans ActionEcoleDeFoot.php
20/11/2016 11:53:44 Entrée dans ActionAgenda.php
20/11/2016 11:53:44 Entrée dans ActionEvenement.php
20/11/2016 11:53:44 Entrée dans ActionSponsor.php
20/11/2016 11:53:45 Entrée dans ActionAccueil.php
20/11/2016 11:53:45 Entrée dans ActionClub.php
20/11/2016 11:53:45 Entrée dans ActionJoueurs.php
20/11/2016 11:53:45 Entrée dans ActionAccueil.php
20/11/2016 11:53:46 Entrée dans ActionEcoleDeFoot.php
20/11/2016 11:53:46 Entrée dans ActionAgenda.php
20/11/2016 11:53:46 Entrée dans ActionEvenement.php
20/11/2016 13:11:45 Entrée dans ActionClub.php
20/11/2016 13:12:03 Entrée dans ActionEcoleDeFoot.php
20/11/2016 13:12:16 Entrée dans ActionEcoleDeFoot.php
20/11/2016 13:12:29 Entrée dans ActionEcoleDeFoot.php
20/11/2016 13:12:44 Entrée dans ActionEcoleDeFoot.php
20/11/2016 13:12:55 Entrée dans ActionEcoleDeFoot.php
20/11/2016 13:13:01 Entrée dans ActionEcoleDeFoot.php
20/11/2016 13:13:21 Entrée dans ActionEcoleDeFoot.php
20/11/2016 13:13:38 Entrée dans ActionAccueil.php
20/11/2016 14:24:55 Entrée dans ActionAccueil.php
20/11/2016 14:25:30 Entrée dans ActionClub.php
20/11/2016 14:25:56 Entrée dans ActionEvenement.php
20/11/2016 14:26:02 Entrée dans ActionAgenda.php
20/11/2016 14:26:12 Entrée dans ActionAccueil.php
20/11/2016 14:26:16 Entrée dans AfficherPopupArticle.php
20/11/2016 14:34:29 Entrée dans ActionAccueil.php
20/11/2016 14:36:10 Entrée dans ActionEcoleDeFoot.php
20/11/2016 14:36:15 Entrée dans ActionEcoleDeFoot.php
20/11/2016 14:36:20 Entrée dans ActionAccueil.php
20/11/2016 14:36:53 Entrée dans AfficherPopupArticle.php
20/11/2016 14:51:05 Entrée dans ActionJoueurs.php
20/11/2016 15:10:13 Entrée dans ActionEcoleDeFoot.php
20/11/2016 15:13:57 Entrée dans ActionEvenement.php
20/11/2016 15:17:36 Entrée dans ActionEcoleDeFoot.php
20/11/2016 15:17:46 Entrée dans ActionEcoleDeFoot.php
20/11/2016 15:18:26 Entrée dans ActionAccueil.php
20/11/2016 15:19:16 Entrée dans ActionAgenda.php
20/11/2016 15:19:50 Entrée dans ActionAccueil.php
20/11/2016 15:19:57 Entrée dans ActionClub.php
20/11/2016 16:42:37 Entrée dans ActionAccueil.php
20/11/2016 16:42:45 Entrée dans ActionClub.php
20/11/2016 16:43:16 Entrée dans ActionClub.php
20/11/2016 16:43:23 Entrée dans ActionAccueil.php
20/11/2016 16:43:43 Entrée dans AfficherPopupArticle.php
20/11/2016 16:44:45 Entrée dans ActionJoueurs.php
20/11/2016 16:45:23 Entrée dans ActionEvenement.php
20/11/2016 16:45:32 Entrée dans ActionEcoleDeFoot.php
20/11/2016 16:45:38 Entrée dans ActionEcoleDeFoot.php
20/11/2016 16:46:16 Entrée dans ActionEcoleDeFoot.php
20/11/2016 16:47:00 Entrée dans ActionEcoleDeFoot.php
20/11/2016 16:47:27 Entrée dans ActionAccueil.php
20/11/2016 16:47:30 Entrée dans ActionAccueil.php
20/11/2016 20:20:29 Entrée dans ActionAccueil.php
20/11/2016 20:20:39 Entrée dans ActionJoueurs.php
20/11/2016 21:26:52 Entrée dans ActionAccueil.php
20/11/2016 21:27:30 Entrée dans ActionEcoleDeFoot.php
20/11/2016 21:27:51 Entrée dans ActionEcoleDeFoot.php
20/11/2016 21:44:43 Entrée dans ActionAccueil.php
20/11/2016 21:45:39 Entrée dans ActionClub.php
21/11/2016 03:52:50 Entrée dans ActionAgenda.php
21/11/2016 04:56:17 Entrée dans ActionAccueil.php
21/11/2016 04:56:22 Entrée dans ActionClub.php
21/11/2016 04:56:24 Entrée dans ActionJoueurs.php
21/11/2016 04:56:26 Entrée dans ActionEcoleDeFoot.php
21/11/2016 04:56:28 Entrée dans ActionAgenda.php
21/11/2016 04:56:31 Entrée dans ActionEvenement.php
21/11/2016 04:56:33 Entrée dans ActionSponsor.php
21/11/2016 09:16:43 Entrée dans ActionAgenda.php
21/11/2016 11:10:20 Entrée dans ActionAccueil.php
21/11/2016 11:12:13 Entrée dans AfficherPopupArticle.php
21/11/2016 11:12:51 Entrée dans ActionEvenement.php
21/11/2016 11:13:56 Entrée dans ActionAccueil.php
21/11/2016 11:34:00 Entrée dans ActionAccueil.php
21/11/2016 15:10:40 Entrée dans ActionAccueil.php
21/11/2016 15:11:10 Entrée dans ActionJoueurs.php
21/11/2016 17:04:11 Entrée dans ActionSponsor.php
21/11/2016 19:08:09 Entrée dans ActionAccueil.php
21/11/2016 19:08:37 Entrée dans ActionJoueurs.php
21/11/2016 19:11:58 Entrée dans ActionClub.php
21/11/2016 19:11:59 Entrée dans ActionEcoleDeFoot.php
21/11/2016 21:14:37 Entrée dans ActionEcoleDeFoot.php
21/11/2016 21:14:39 Entrée dans ActionAccueil.php
21/11/2016 21:15:02 Entrée dans ActionClub.php
21/11/2016 21:15:22 Entrée dans ActionEvenement.php
21/11/2016 21:15:22 Entrée dans ActionAgenda.php
21/11/2016 21:15:23 Entrée dans ActionJoueurs.php
21/11/2016 21:15:46 Entrée dans ActionJoueurs.php
21/11/2016 21:15:55 Entrée dans ActionEcoleDeFoot.php
21/11/2016 21:15:59 Entrée dans ActionAgenda.php
21/11/2016 21:18:39 Entrée dans ActionAccueil.php
21/11/2016 21:19:27 Entrée dans ActionLogin.php
21/11/2016 21:19:27 Authentification de fgastrini.
21/11/2016 21:19:27 Entrée dans ActionProfil.php
21/11/2016 21:19:32 Entrée dans GestionResultats.php
21/11/2016 21:19:55 Entrée dans GestionResultats.php
21/11/2016 21:20:09 Entrée dans ActionRencontre.php
21/11/2016 21:20:29 Entrée dans RechercherEquipe.php
21/11/2016 21:20:32 Entrée dans RechercherCompetitionEquipe.php
21/11/2016 21:20:51 Entrée dans ActionRencontre.php
21/11/2016 21:21:02 Entrée dans ActionRencontre.php
21/11/2016 21:21:13 Entrée dans RechercherRencontre.php
21/11/2016 21:21:23 Entrée dans ActionRencontre.php
21/11/2016 21:23:01 Entrée dans ActionAccueil.php
21/11/2016 21:23:01 Entrée dans ActionAccueil.php
22/11/2016 05:21:31 Entrée dans ActionClub.php
22/11/2016 07:50:19 Entrée dans ActionJoueurs.php
22/11/2016 09:02:19 Entrée dans ActionAccueil.php
22/11/2016 09:58:39 Entrée dans ActionClub.php
22/11/2016 09:58:48 Entrée dans ActionEcoleDeFoot.php
22/11/2016 09:59:44 Entrée dans ActionEcoleDeFoot.php
22/11/2016 09:59:52 Entrée dans ActionEcoleDeFoot.php
22/11/2016 10:00:17 Entrée dans ActionEcoleDeFoot.php
22/11/2016 10:00:27 Entrée dans ActionEcoleDeFoot.php
22/11/2016 10:00:34 Entrée dans ActionEcoleDeFoot.php
22/11/2016 10:00:38 Entrée dans ActionEcoleDeFoot.php
22/11/2016 10:00:45 Entrée dans ActionEcoleDeFoot.php
22/11/2016 10:52:02 Entrée dans ActionClub.php
22/11/2016 10:52:08 Entrée dans ActionClub.php
22/11/2016 10:57:13 Entrée dans ActionClub.php
22/11/2016 10:57:21 Entrée dans ActionClub.php
22/11/2016 10:57:23 Entrée dans ActionClub.php
22/11/2016 10:57:27 Entrée dans ActionClub.php
22/11/2016 10:57:28 Entrée dans ActionClub.php
22/11/2016 10:57:29 Entrée dans ActionClub.php
22/11/2016 10:57:30 Entrée dans ActionClub.php
22/11/2016 10:57:30 Entrée dans ActionClub.php
22/11/2016 10:57:32 Entrée dans ActionClub.php
22/11/2016 10:57:33 Entrée dans ActionClub.php
22/11/2016 10:57:35 Entrée dans ActionClub.php
22/11/2016 10:57:38 Entrée dans ActionClub.php
22/11/2016 10:57:39 Entrée dans ActionClub.php
22/11/2016 10:57:43 Entrée dans ActionClub.php
22/11/2016 10:57:45 Entrée dans ActionClub.php
22/11/2016 10:57:49 Entrée dans ActionClub.php
22/11/2016 10:57:50 Entrée dans ActionClub.php
22/11/2016 10:57:52 Entrée dans ActionClub.php
22/11/2016 10:57:52 Entrée dans ActionClub.php
22/11/2016 10:57:59 Entrée dans ActionClub.php
22/11/2016 10:58:04 Entrée dans ActionClub.php
22/11/2016 10:58:26 Entrée dans ActionClub.php
22/11/2016 10:58:29 Entrée dans ActionClub.php
22/11/2016 10:58:30 Entrée dans ActionClub.php
22/11/2016 10:58:33 Entrée dans ActionClub.php
22/11/2016 10:58:36 Entrée dans ActionClub.php
22/11/2016 10:58:39 Entrée dans ActionClub.php
22/11/2016 11:00:09 Entrée dans ActionClub.php
22/11/2016 11:00:09 Entrée dans ActionClub.php
22/11/2016 11:00:11 Entrée dans ActionClub.php
22/11/2016 11:00:12 Entrée dans ActionClub.php
22/11/2016 11:00:16 Entrée dans ActionClub.php
22/11/2016 11:00:18 Entrée dans ActionClub.php
22/11/2016 11:00:23 Entrée dans ActionClub.php
22/11/2016 11:00:26 Entrée dans ActionClub.php
22/11/2016 11:00:29 Entrée dans ActionClub.php
22/11/2016 11:00:34 Entrée dans ActionClub.php
22/11/2016 11:00:52 Entrée dans ActionClub.php
22/11/2016 11:00:57 Entrée dans ActionClub.php
22/11/2016 11:01:01 Entrée dans ActionClub.php
22/11/2016 11:01:15 Entrée dans ActionClub.php
22/11/2016 11:01:17 Entrée dans ActionClub.php
22/11/2016 11:01:18 Entrée dans ActionClub.php
22/11/2016 11:01:27 Entrée dans ActionClub.php
22/11/2016 11:01:29 Entrée dans ActionClub.php
22/11/2016 11:01:29 Entrée dans ActionClub.php
22/11/2016 11:01:30 Entrée dans ActionClub.php
22/11/2016 11:02:48 Entrée dans ActionClub.php
22/11/2016 11:02:49 Entrée dans ActionClub.php
22/11/2016 11:02:50 Entrée dans ActionClub.php
22/11/2016 11:02:55 Entrée dans ActionClub.php
22/11/2016 11:55:06 Entrée dans ActionAgenda.php
22/11/2016 15:07:41 Entrée dans ActionAccueil.php
22/11/2016 15:24:53 Entrée dans ActionAccueil.php
22/11/2016 15:25:30 Entrée dans AfficherPopupArticle.php
22/11/2016 20:42:42 Entrée dans ActionEvenement.php
22/11/2016 21:02:17 Entrée dans ActionClub.php
23/11/2016 04:20:27 Entrée dans ActionEcoleDeFoot.php
23/11/2016 04:20:38 Entrée dans ActionAccueil.php
23/11/2016 04:20:51 Entrée dans ActionClub.php
23/11/2016 04:21:01 Entrée dans ActionAgenda.php
23/11/2016 04:21:11 Entrée dans ActionSponsor.php
23/11/2016 04:21:22 Entrée dans ActionJoueurs.php
23/11/2016 04:21:36 Entrée dans ActionEvenement.php
23/11/2016 04:21:46 Entrée dans ActionEcoleDeFoot.php
23/11/2016 07:24:34 Entrée dans ActionAccueil.php
23/11/2016 09:17:35 Entrée dans ActionClub.php
23/11/2016 11:19:01 Entrée dans ActionAccueil.php
23/11/2016 11:19:33 Entrée dans ActionClub.php
23/11/2016 16:54:56 Entrée dans ActionEvenement.php
23/11/2016 17:19:19 Entrée dans ActionAccueil.php
23/11/2016 17:19:29 Entrée dans ActionJoueurs.php
23/11/2016 17:50:56 Entrée dans ActionAccueil.php
23/11/2016 17:51:01 Entrée dans ActionEcoleDeFoot.php
23/11/2016 17:51:13 Entrée dans ActionEcoleDeFoot.php
23/11/2016 17:52:16 Entrée dans ActionSponsor.php
23/11/2016 17:52:23 Entrée dans ActionEcoleDeFoot.php
23/11/2016 17:52:26 Entrée dans ActionEcoleDeFoot.php
23/11/2016 17:52:30 Entrée dans ActionEcoleDeFoot.php
23/11/2016 17:52:34 Entrée dans ActionEcoleDeFoot.php
23/11/2016 17:52:45 Entrée dans ActionEcoleDeFoot.php
23/11/2016 19:38:15 Entrée dans ActionJoueurs.php
23/11/2016 20:41:36 Entrée dans ActionClub.php
23/11/2016 20:45:53 Entrée dans ActionEcoleDeFoot.php
23/11/2016 20:47:22 Entrée dans ActionEvenement.php
23/11/2016 20:47:24 Entrée dans ActionAgenda.php
23/11/2016 20:47:25 Entrée dans ActionJoueurs.php
23/11/2016 21:58:18 Entrée dans ActionJoueurs.php
23/11/2016 22:55:39 Entrée dans ActionAccueil.php
24/11/2016 06:29:53 Entrée dans ActionAccueil.php
24/11/2016 11:09:51 Entrée dans ActionJoueurs.php
24/11/2016 14:49:24 Entrée dans ActionAccueil.php
24/11/2016 14:49:39 Entrée dans AfficherPopupArticle.php
24/11/2016 14:50:36 Entrée dans ActionEcoleDeFoot.php
24/11/2016 14:50:40 Entrée dans ActionEcoleDeFoot.php
24/11/2016 18:41:24 Entrée dans ActionJoueurs.php
24/11/2016 22:44:46 Entrée dans ActionAgenda.php
25/11/2016 02:55:42 Entrée dans ActionSponsor.php
25/11/2016 04:47:00 Entrée dans ActionEvenement.php
25/11/2016 04:47:19 Entrée dans ActionEcoleDeFoot.php
25/11/2016 04:55:42 Entrée dans ActionEvenement.php
25/11/2016 04:55:43 Entrée dans ActionAgenda.php
25/11/2016 05:34:05 Entrée dans ActionAgenda.php
25/11/2016 05:48:27 Entrée dans ActionClub.php
25/11/2016 06:15:55 Entrée dans ActionAgenda.php
25/11/2016 06:20:00 Entrée dans ActionSponsor.php
25/11/2016 06:43:42 Entrée dans ActionJoueurs.php
25/11/2016 06:51:41 Entrée dans ActionEvenement.php
25/11/2016 07:03:09 Entrée dans ActionEcoleDeFoot.php
25/11/2016 07:03:09 Entrée dans ActionClub.php
25/11/2016 07:20:47 Entrée dans ActionSponsor.php
25/11/2016 07:40:01 Entrée dans ActionEcoleDeFoot.php
25/11/2016 08:58:44 Entrée dans ActionAgenda.php
25/11/2016 11:02:28 Entrée dans ActionAccueil.php
25/11/2016 11:02:30 Entrée dans ActionAccueil.php
25/11/2016 11:02:44 Entrée dans ActionAccueil.php
25/11/2016 11:03:05 Entrée dans ActionAccueil.php
25/11/2016 11:03:07 Entrée dans ActionAccueil.php
25/11/2016 11:03:07 Entrée dans ActionAccueil.php
25/11/2016 11:56:36 Entrée dans ActionAccueil.php
25/11/2016 11:57:32 Entrée dans ActionAccueil.php
25/11/2016 11:58:10 Entrée dans ActionClub.php
25/11/2016 11:58:21 Entrée dans ActionAccueil.php
25/11/2016 12:00:41 Entrée dans ActionAccueil.php
25/11/2016 12:00:47 Entrée dans ActionAccueil.php
25/11/2016 12:01:14 Entrée dans ActionAccueil.php
25/11/2016 12:01:31 Entrée dans ActionClub.php
25/11/2016 12:01:34 Entrée dans ActionJoueurs.php
25/11/2016 12:03:10 Entrée dans ActionAccueil.php
25/11/2016 12:03:12 Entrée dans ActionAccueil.php
25/11/2016 12:03:22 Entrée dans ActionClub.php
25/11/2016 12:05:56 Entrée dans ActionAccueil.php
25/11/2016 12:06:04 Entrée dans ActionSponsor.php
25/11/2016 16:28:16 Entrée dans ActionAccueil.php
25/11/2016 16:44:16 Entrée dans ActionAccueil.php
25/11/2016 20:55:34 Entrée dans ActionEvenement.php
25/11/2016 21:08:35 Entrée dans ActionClub.php
26/11/2016 04:24:54 Entrée dans ActionAccueil.php
26/11/2016 06:21:40 Entrée dans ActionEvenement.php
26/11/2016 10:58:57 Entrée dans ActionJoueurs.php
26/11/2016 11:28:34 Entrée dans ActionContact.php
26/11/2016 11:55:57 Entrée dans ActionAccueil.php
26/11/2016 11:56:27 Entrée dans ActionEvenement.php
26/11/2016 11:56:39 Entrée dans ActionEcoleDeFoot.php
26/11/2016 11:56:42 Entrée dans ActionEcoleDeFoot.php
26/11/2016 11:56:43 Entrée dans ActionEcoleDeFoot.php
26/11/2016 11:56:53 Entrée dans ActionEcoleDeFoot.php
26/11/2016 11:57:48 Entrée dans ActionAgenda.php
26/11/2016 12:03:26 Entrée dans ActionAccueil.php
26/11/2016 12:33:54 Entrée dans ActionSponsor.php
26/11/2016 17:56:55 Entrée dans ActionJoueurs.php
26/11/2016 21:37:01 Entrée dans ActionEcoleDeFoot.php
26/11/2016 21:42:31 Entrée dans ActionAccueil.php
26/11/2016 21:42:50 Entrée dans ActionJoueurs.php
27/11/2016 08:13:32 Entrée dans ActionEcoleDeFoot.php
27/11/2016 08:13:37 Entrée dans ActionEcoleDeFoot.php
27/11/2016 08:20:50 Entrée dans ActionEcoleDeFoot.php
27/11/2016 08:21:00 Entrée dans ActionEcoleDeFoot.php
27/11/2016 13:08:14 Entrée dans ActionAccueil.php
27/11/2016 13:10:17 Entrée dans ActionClub.php
27/11/2016 13:10:24 Entrée dans ActionAccueil.php
27/11/2016 13:10:45 Entrée dans AfficherPopupArticle.php
27/11/2016 13:28:54 Entrée dans ActionAccueil.php
27/11/2016 13:29:07 Entrée dans ActionEvenement.php
27/11/2016 13:29:15 Entrée dans ActionAccueil.php
27/11/2016 14:17:52 Entrée dans ActionJoueurs.php
27/11/2016 14:27:20 Entrée dans ActionAccueil.php
27/11/2016 16:09:06 Entrée dans ActionAccueil.php
27/11/2016 16:10:10 Entrée dans AfficherPopupArticle.php
27/11/2016 16:11:26 Entrée dans ActionAccueil.php
27/11/2016 16:13:42 Entrée dans AfficherPopupArticle.php
27/11/2016 16:59:33 Entrée dans ActionAgenda.php
27/11/2016 16:59:58 Entrée dans ActionEcoleDeFoot.php
27/11/2016 17:00:04 Entrée dans ActionEcoleDeFoot.php
27/11/2016 17:01:00 Entrée dans ActionAgenda.php
27/11/2016 17:18:16 Entrée dans ActionEcoleDeFoot.php
27/11/2016 17:55:52 Entrée dans ActionAccueil.php
27/11/2016 17:57:26 Entrée dans AfficherPopupArticle.php
27/11/2016 18:05:44 Entrée dans ActionAccueil.php
27/11/2016 18:20:15 Entrée dans ActionAccueil.php
27/11/2016 19:13:52 Entrée dans ActionAccueil.php
27/11/2016 19:14:27 Entrée dans ActionAccueil.php
27/11/2016 19:14:41 Entrée dans AfficherPopupArticle.php
27/11/2016 19:15:15 Entrée dans AfficherPopupArticle.php
27/11/2016 19:15:18 Entrée dans AfficherPopupArticle.php
27/11/2016 19:16:08 Entrée dans ActionAccueil.php
27/11/2016 19:16:28 Entrée dans ActionAccueil.php
27/11/2016 20:29:36 Entrée dans ActionAccueil.php
27/11/2016 20:29:46 Entrée dans ActionClub.php
27/11/2016 20:29:48 Entrée dans ActionJoueurs.php
27/11/2016 20:29:50 Entrée dans ActionEcoleDeFoot.php
27/11/2016 20:36:50 Entrée dans ActionAccueil.php
27/11/2016 20:37:14 Entrée dans ActionAccueil.php
27/11/2016 20:37:22 Entrée dans AfficherPopupArticle.php
27/11/2016 20:41:54 Entrée dans AfficherPopupArticle.php
27/11/2016 22:26:48 Entrée dans ActionAccueil.php
27/11/2016 22:27:06 Entrée dans ActionLogin.php
27/11/2016 22:27:06 Authentification de fgastrini.
27/11/2016 22:27:06 Entrée dans ActionProfil.php
27/11/2016 22:27:11 Entrée dans GestionResultats.php
27/11/2016 22:27:25 Entrée dans GestionResultats.php
27/11/2016 22:27:30 Entrée dans ActionAccueil.php
27/11/2016 22:27:44 Entrée dans ActionAccueil.php
27/11/2016 22:27:45 Entrée dans ActionAccueil.php
27/11/2016 22:57:10 Entrée dans ActionAccueil.php
28/11/2016 07:27:09 Entrée dans ActionClub.php
28/11/2016 08:14:25 Entrée dans ActionAccueil.php
28/11/2016 08:14:49 Entrée dans ActionClub.php
28/11/2016 11:11:17 Entrée dans ActionSponsor.php
28/11/2016 11:44:24 Entrée dans ActionAccueil.php
28/11/2016 14:36:47 Entrée dans ActionEcoleDeFoot.php
28/11/2016 15:33:09 Entrée dans ActionEvenement.php
28/11/2016 15:38:41 Entrée dans ActionAccueil.php
28/11/2016 15:39:02 Entrée dans ActionClub.php
28/11/2016 15:39:05 Entrée dans ActionSponsor.php
28/11/2016 15:42:56 Entrée dans ActionAccueil.php
28/11/2016 16:21:25 Entrée dans ActionJoueurs.php
29/11/2016 05:36:05 Entrée dans ActionAccueil.php
29/11/2016 06:44:23 Entrée dans ActionEcoleDeFoot.php
29/11/2016 08:06:09 Entrée dans ActionAgenda.php
29/11/2016 18:40:36 Entrée dans ActionEcoleDeFoot.php
29/11/2016 18:40:40 Entrée dans ActionEcoleDeFoot.php
29/11/2016 18:41:16 Entrée dans ActionAccueil.php
29/11/2016 18:41:21 Entrée dans ActionAccueil.php
29/11/2016 18:41:58 Entrée dans AfficherPopupArticle.php
29/11/2016 20:57:31 Entrée dans ActionAccueil.php
29/11/2016 20:57:34 Entrée dans AfficherPopupArticle.php
29/11/2016 23:15:22 Entrée dans ActionAccueil.php
30/11/2016 00:57:45 Entrée dans ActionAccueil.php
30/11/2016 01:54:39 Entrée dans ActionJoueurs.php
30/11/2016 03:10:06 Entrée dans ActionJoueurs.php
30/11/2016 06:21:17 Entrée dans ActionAgenda.php
30/11/2016 06:21:21 Entrée dans ActionClub.php
30/11/2016 09:25:59 Entrée dans ActionAccueil.php
30/11/2016 10:57:36 Entrée dans ActionAccueil.php
30/11/2016 10:57:40 Entrée dans ActionJoueurs.php
30/11/2016 10:58:00 Entrée dans ActionAccueil.php
30/11/2016 14:29:29 Entrée dans ActionAccueil.php
30/11/2016 15:39:13 Entrée dans ActionJoueurs.php
30/11/2016 17:07:14 Entrée dans ActionAccueil.php
30/11/2016 19:23:47 Entrée dans ActionAccueil.php
30/11/2016 19:24:43 Entrée dans ActionClub.php
30/11/2016 21:04:09 Entrée dans ActionAccueil.php
30/11/2016 21:04:36 Entrée dans ActionJoueurs.php
30/11/2016 21:45:36 Entrée dans ActionEcoleDeFoot.php
30/11/2016 23:08:56 Entrée dans ActionEvenement.php
30/11/2016 23:08:57 Entrée dans ActionJoueurs.php
