01/10/2017 03:29:39 Entrée dans ActionAccueil.php
01/10/2017 05:21:27 Entrée dans ActionAgenda.php
01/10/2017 05:58:44 Entrée dans ActionEcoleDeFoot.php
01/10/2017 12:44:31 Entrée dans ActionAccueil.php
01/10/2017 12:45:46 Entrée dans ActionJoueurs.php
01/10/2017 12:57:06 Entrée dans ActionAccueil.php
01/10/2017 12:57:20 Entrée dans ActionClub.php
01/10/2017 12:57:29 Entrée dans ActionAgenda.php
01/10/2017 12:57:39 Entrée dans ActionSponsor.php
01/10/2017 12:57:50 Entrée dans ActionJoueurs.php
01/10/2017 12:58:04 Entrée dans ActionEvenement.php
01/10/2017 12:58:14 Entrée dans ActionEcoleDeFoot.php
01/10/2017 17:48:47 Entrée dans ActionAccueil.php
01/10/2017 17:49:55 Entrée dans ActionJoueurs.php
01/10/2017 19:02:46 Entrée dans ActionEvenement.php
01/10/2017 19:02:47 Entrée dans ActionJoueurs.php
01/10/2017 19:34:39 Entrée dans ActionAccueil.php
01/10/2017 19:34:50 Entrée dans AfficherPopupArticle.php
01/10/2017 19:35:21 Entrée dans ActionAccueil.php
01/10/2017 22:45:43 Entrée dans ActionAccueil.php
02/10/2017 11:08:54 Entrée dans ActionJoueurs.php
02/10/2017 11:16:45 Entrée dans ActionAccueil.php
02/10/2017 11:16:56 Entrée dans ActionJoueurs.php
02/10/2017 11:17:36 Entrée dans ActionJoueurs.php
02/10/2017 11:17:42 Entrée dans ActionJoueurs.php
02/10/2017 13:41:45 Entrée dans ActionClub.php
02/10/2017 15:58:56 Entrée dans ActionAccueil.php
02/10/2017 15:59:46 Entrée dans ActionJoueurs.php
02/10/2017 15:59:54 Entrée dans ActionAgenda.php
02/10/2017 18:07:54 Entrée dans ActionClub.php
02/10/2017 18:07:57 Entrée dans ActionAccueil.php
02/10/2017 18:35:02 Entrée dans ActionAccueil.php
02/10/2017 19:33:26 Entrée dans ActionAccueil.php
02/10/2017 19:34:06 Entrée dans ActionJoueurs.php
02/10/2017 23:04:57 Entrée dans ActionAccueil.php
02/10/2017 23:05:29 Entrée dans ActionEcoleDeFoot.php
02/10/2017 23:05:43 Entrée dans ActionJoueurs.php
03/10/2017 02:55:30 Entrée dans ActionClub.php
03/10/2017 06:31:40 Entrée dans ActionAgenda.php
03/10/2017 06:59:29 Entrée dans ActionEcoleDeFoot.php
03/10/2017 08:36:15 Entrée dans ActionAgenda.php
03/10/2017 08:38:49 Entrée dans ActionAccueil.php
03/10/2017 08:39:10 Entrée dans AfficherPopupArticle.php
03/10/2017 08:39:40 Entrée dans ActionJoueurs.php
03/10/2017 08:39:57 Entrée dans ActionAgenda.php
03/10/2017 11:45:30 Entrée dans ActionClub.php
03/10/2017 11:45:50 Entrée dans ActionEcoleDeFoot.php
03/10/2017 11:45:59 Entrée dans ActionClub.php
03/10/2017 11:46:12 Entrée dans ActionEvenement.php
03/10/2017 11:46:19 Entrée dans ActionAccueil.php
03/10/2017 11:46:29 Entrée dans AfficherPopupArticle.php
03/10/2017 11:46:38 Entrée dans AfficherPopupArticle.php
03/10/2017 11:46:55 Entrée dans ActionJoueurs.php
03/10/2017 17:29:52 Entrée dans ActionAccueil.php
03/10/2017 17:33:18 Entrée dans ActionJoueurs.php
03/10/2017 18:12:30 Entrée dans ActionAccueil.php
03/10/2017 19:46:39 Entrée dans ActionEvenement.php
03/10/2017 20:40:41 Entrée dans ActionAccueil.php
03/10/2017 20:40:43 Entrée dans ActionClub.php
03/10/2017 20:40:46 Entrée dans ActionAccueil.php
03/10/2017 20:40:51 Entrée dans ActionJoueurs.php
03/10/2017 22:42:57 Entrée dans ActionAccueil.php
04/10/2017 06:17:52 Entrée dans ActionAccueil.php
04/10/2017 08:59:47 Entrée dans ActionEvenement.php
04/10/2017 11:55:13 Entrée dans ActionAccueil.php
04/10/2017 12:18:00 Entrée dans ActionJoueurs.php
04/10/2017 15:21:04 Entrée dans ActionAccueil.php
04/10/2017 15:21:24 Entrée dans ActionAccueil.php
04/10/2017 15:48:43 Entrée dans ActionJoueurs.php
04/10/2017 18:04:01 Entrée dans ActionAccueil.php
04/10/2017 18:46:01 Entrée dans ActionEcoleDeFoot.php
04/10/2017 18:49:29 Entrée dans ActionAccueil.php
04/10/2017 18:59:52 Entrée dans ActionClub.php
04/10/2017 18:59:52 Entrée dans ActionClub.php
04/10/2017 18:59:54 Entrée dans ActionAccueil.php
04/10/2017 19:01:06 Entrée dans ActionLogin.php
04/10/2017 19:01:06 Authentification de tsutter.
04/10/2017 19:01:06 Entrée dans ActionProfil.php
04/10/2017 19:01:09 Entrée dans ActionArticle.php
04/10/2017 19:01:27 Entrée dans ActionAccueil.php
04/10/2017 20:28:09 Entrée dans ActionAccueil.php
04/10/2017 20:42:45 Entrée dans ActionClub.php
04/10/2017 22:37:53 Entrée dans ActionJoueurs.php
04/10/2017 22:38:08 Entrée dans ActionClub.php
04/10/2017 22:39:09 Entrée dans ActionClub.php
04/10/2017 22:39:17 Entrée dans ActionAccueil.php
04/10/2017 22:40:19 Entrée dans ActionJoueurs.php
04/10/2017 22:40:41 Entrée dans ActionAgenda.php
04/10/2017 22:40:50 Entrée dans ActionClub.php
04/10/2017 22:41:19 Entrée dans ActionEcoleDeFoot.php
04/10/2017 22:41:48 Entrée dans ActionEcoleDeFoot.php
04/10/2017 22:42:27 Entrée dans ActionEcoleDeFoot.php
04/10/2017 22:42:54 Entrée dans ActionEcoleDeFoot.php
04/10/2017 22:43:13 Entrée dans ActionEcoleDeFoot.php
04/10/2017 22:43:40 Entrée dans ActionEcoleDeFoot.php
04/10/2017 22:44:32 Entrée dans ActionClub.php
05/10/2017 00:15:11 Entrée dans ActionEcoleDeFoot.php
05/10/2017 01:13:16 Entrée dans ActionClub.php
05/10/2017 01:39:28 Entrée dans ActionAgenda.php
05/10/2017 01:43:15 Entrée dans ActionSponsor.php
05/10/2017 02:05:45 Entrée dans ActionJoueurs.php
05/10/2017 02:13:24 Entrée dans ActionEvenement.php
05/10/2017 05:19:10 Entrée dans ActionClub.php
05/10/2017 11:25:16 Entrée dans ActionEcoleDeFoot.php
05/10/2017 15:24:51 Entrée dans ActionAccueil.php
05/10/2017 16:29:02 Entrée dans ActionJoueurs.php
05/10/2017 16:29:03 Entrée dans ActionEvenement.php
05/10/2017 16:29:03 Entrée dans ActionAgenda.php
05/10/2017 16:42:29 Entrée dans ActionAgenda.php
05/10/2017 17:38:18 Entrée dans ActionAccueil.php
05/10/2017 17:39:27 Entrée dans ActionAccueil.php
05/10/2017 19:11:13 Entrée dans ActionAccueil.php
05/10/2017 19:11:56 Entrée dans ActionEvenement.php
05/10/2017 20:02:35 Entrée dans ActionJoueurs.php
06/10/2017 11:38:25 Entrée dans ActionAccueil.php
06/10/2017 14:27:15 Entrée dans ActionAccueil.php
06/10/2017 18:09:55 Entrée dans ActionAccueil.php
06/10/2017 18:10:35 Entrée dans ActionJoueurs.php
06/10/2017 18:12:06 Entrée dans ActionEcoleDeFoot.php
06/10/2017 18:12:16 Entrée dans ActionEcoleDeFoot.php
06/10/2017 18:12:26 Entrée dans ActionEcoleDeFoot.php
06/10/2017 18:12:52 Entrée dans ActionJoueurs.php
06/10/2017 18:29:43 Entrée dans ActionJoueurs.php
06/10/2017 20:46:44 Entrée dans ActionAccueil.php
07/10/2017 09:27:58 Entrée dans ActionEcoleDeFoot.php
07/10/2017 09:53:29 Entrée dans ActionEcoleDeFoot.php
07/10/2017 10:39:13 Entrée dans ActionAccueil.php
07/10/2017 10:39:14 Entrée dans ActionAccueil.php
07/10/2017 10:42:03 Entrée dans ActionAccueil.php
07/10/2017 10:44:34 Entrée dans ActionAccueil.php
07/10/2017 11:26:18 Entrée dans ActionAccueil.php
07/10/2017 11:26:19 Entrée dans ActionAccueil.php
07/10/2017 13:19:13 Entrée dans ActionContact.php
07/10/2017 13:19:15 Entrée dans ActionContact.php
07/10/2017 13:19:19 Entrée dans ActionContact.php
07/10/2017 13:19:19 Entrée dans ActionContact.php
07/10/2017 13:19:23 Entrée dans ActionContact.php
07/10/2017 13:19:24 Entrée dans ActionContact.php
07/10/2017 13:19:41 Entrée dans ActionAgenda.php
07/10/2017 14:50:19 Entrée dans ActionContact.php
07/10/2017 14:50:20 Entrée dans ActionContact.php
07/10/2017 14:50:24 Entrée dans ActionContact.php
07/10/2017 14:50:25 Entrée dans ActionContact.php
07/10/2017 14:50:28 Entrée dans ActionContact.php
07/10/2017 14:50:28 Entrée dans ActionContact.php
07/10/2017 17:56:04 Entrée dans ActionAccueil.php
07/10/2017 17:56:18 Entrée dans ActionAccueil.php
07/10/2017 17:56:40 Entrée dans AfficherPopupArticle.php
07/10/2017 17:57:11 Entrée dans ActionClub.php
07/10/2017 18:09:54 Entrée dans ActionClub.php
07/10/2017 19:03:10 Entrée dans ActionAccueil.php
07/10/2017 19:03:47 Entrée dans ActionEcoleDeFoot.php
07/10/2017 20:07:18 Entrée dans ActionAccueil.php
07/10/2017 20:14:48 Entrée dans ActionAccueil.php
07/10/2017 20:14:51 Entrée dans ActionEcoleDeFoot.php
07/10/2017 20:14:54 Entrée dans ActionEcoleDeFoot.php
07/10/2017 20:14:55 Entrée dans ActionEcoleDeFoot.php
07/10/2017 20:36:18 Entrée dans ActionEcoleDeFoot.php
07/10/2017 20:37:08 Entrée dans ActionEcoleDeFoot.php
07/10/2017 20:37:26 Entrée dans ActionEcoleDeFoot.php
07/10/2017 20:38:49 Entrée dans ActionEcoleDeFoot.php
07/10/2017 20:59:09 Entrée dans ActionAccueil.php
07/10/2017 21:22:01 Entrée dans ActionAccueil.php
08/10/2017 08:45:16 Entrée dans ActionContact.php
08/10/2017 09:59:46 Entrée dans ActionContact.php
08/10/2017 09:59:47 Entrée dans ActionContact.php
08/10/2017 09:59:51 Entrée dans ActionContact.php
08/10/2017 09:59:52 Entrée dans ActionContact.php
08/10/2017 11:05:52 Entrée dans ActionJoueurs.php
08/10/2017 11:39:24 Entrée dans ActionEvenement.php
08/10/2017 12:14:46 Entrée dans ActionJoueurs.php
08/10/2017 17:41:55 Entrée dans ActionClub.php
08/10/2017 17:42:12 Entrée dans ActionJoueurs.php
08/10/2017 17:47:03 Entrée dans ActionClub.php
08/10/2017 17:47:12 Entrée dans ActionJoueurs.php
08/10/2017 17:47:33 Entrée dans ActionSponsor.php
08/10/2017 17:58:13 Entrée dans ActionAccueil.php
08/10/2017 17:58:38 Entrée dans AfficherPopupArticle.php
08/10/2017 18:01:18 Entrée dans ActionJoueurs.php
08/10/2017 18:01:35 Entrée dans ActionEcoleDeFoot.php
08/10/2017 18:01:45 Entrée dans ActionClub.php
08/10/2017 18:01:57 Entrée dans ActionAccueil.php
08/10/2017 21:22:55 Entrée dans ActionJoueurs.php
08/10/2017 22:09:53 Entrée dans ActionAccueil.php
08/10/2017 22:10:49 Entrée dans ActionAccueil.php
08/10/2017 23:22:01 Entrée dans ActionAccueil.php
08/10/2017 23:22:02 Entrée dans ActionAccueil.php
09/10/2017 03:08:49 Entrée dans ActionAccueil.php
09/10/2017 04:58:59 Entrée dans ActionAccueil.php
09/10/2017 04:59:04 Entrée dans ActionClub.php
09/10/2017 04:59:06 Entrée dans ActionJoueurs.php
09/10/2017 04:59:08 Entrée dans ActionEcoleDeFoot.php
09/10/2017 04:59:10 Entrée dans ActionAgenda.php
09/10/2017 04:59:13 Entrée dans ActionEvenement.php
09/10/2017 04:59:15 Entrée dans ActionSponsor.php
09/10/2017 10:23:59 Entrée dans ActionAccueil.php
09/10/2017 10:24:02 Entrée dans ActionAccueil.php
09/10/2017 10:24:05 Entrée dans ActionAccueil.php
09/10/2017 10:24:19 Entrée dans ActionAccueil.php
09/10/2017 10:24:21 Entrée dans ActionAccueil.php
09/10/2017 10:24:24 Entrée dans ActionAccueil.php
09/10/2017 10:24:50 Entrée dans ActionAccueil.php
09/10/2017 10:25:31 Entrée dans ActionAccueil.php
09/10/2017 10:25:42 Entrée dans ActionAccueil.php
09/10/2017 10:25:48 Entrée dans ActionAccueil.php
09/10/2017 10:26:08 Entrée dans ActionAccueil.php
09/10/2017 10:26:14 Entrée dans ActionAccueil.php
09/10/2017 10:27:02 Entrée dans ActionAccueil.php
09/10/2017 10:27:17 Entrée dans ActionAccueil.php
09/10/2017 10:27:18 Entrée dans ActionAccueil.php
09/10/2017 10:27:21 Entrée dans ActionAccueil.php
09/10/2017 10:27:25 Entrée dans ActionAccueil.php
09/10/2017 10:27:34 Entrée dans ActionAccueil.php
09/10/2017 10:27:37 Entrée dans ActionAccueil.php
09/10/2017 10:27:38 Entrée dans ActionAccueil.php
09/10/2017 10:27:43 Entrée dans ActionAccueil.php
09/10/2017 10:27:45 Entrée dans ActionAccueil.php
09/10/2017 10:27:48 Entrée dans ActionAccueil.php
09/10/2017 10:27:51 Entrée dans ActionAccueil.php
09/10/2017 10:27:57 Entrée dans ActionAccueil.php
09/10/2017 10:27:59 Entrée dans ActionAccueil.php
09/10/2017 10:28:01 Entrée dans ActionAccueil.php
09/10/2017 10:28:10 Entrée dans ActionAccueil.php
09/10/2017 10:28:19 Entrée dans ActionAccueil.php
09/10/2017 10:28:26 Entrée dans ActionAccueil.php
09/10/2017 10:28:51 Entrée dans ActionAccueil.php
09/10/2017 10:29:08 Entrée dans ActionAccueil.php
09/10/2017 10:29:20 Entrée dans ActionAccueil.php
09/10/2017 10:29:22 Entrée dans ActionAccueil.php
09/10/2017 10:29:27 Entrée dans ActionAccueil.php
09/10/2017 10:29:28 Entrée dans ActionAccueil.php
09/10/2017 10:29:30 Entrée dans ActionAccueil.php
09/10/2017 10:29:37 Entrée dans ActionAccueil.php
09/10/2017 10:29:41 Entrée dans ActionAccueil.php
09/10/2017 10:29:42 Entrée dans ActionAccueil.php
09/10/2017 10:29:50 Entrée dans ActionAccueil.php
09/10/2017 10:30:05 Entrée dans ActionAccueil.php
09/10/2017 10:30:07 Entrée dans ActionAccueil.php
09/10/2017 10:30:10 Entrée dans ActionAccueil.php
09/10/2017 10:30:13 Entrée dans ActionAccueil.php
09/10/2017 10:30:31 Entrée dans ActionAccueil.php
09/10/2017 10:30:34 Entrée dans ActionAccueil.php
09/10/2017 10:30:37 Entrée dans ActionAccueil.php
09/10/2017 10:31:19 Entrée dans ActionAccueil.php
09/10/2017 10:31:20 Entrée dans ActionAccueil.php
09/10/2017 10:31:22 Entrée dans ActionAccueil.php
09/10/2017 10:31:27 Entrée dans ActionAccueil.php
09/10/2017 10:31:28 Entrée dans ActionAccueil.php
09/10/2017 10:31:37 Entrée dans ActionAccueil.php
09/10/2017 10:31:48 Entrée dans ActionAccueil.php
09/10/2017 10:31:51 Entrée dans ActionAccueil.php
09/10/2017 10:31:51 Entrée dans ActionAccueil.php
09/10/2017 10:31:55 Entrée dans ActionAccueil.php
09/10/2017 10:31:58 Entrée dans ActionAccueil.php
09/10/2017 10:32:01 Entrée dans ActionAccueil.php
09/10/2017 10:32:03 Entrée dans ActionAccueil.php
09/10/2017 10:32:05 Entrée dans ActionAccueil.php
09/10/2017 10:32:09 Entrée dans ActionAccueil.php
09/10/2017 10:32:11 Entrée dans ActionAccueil.php
09/10/2017 10:32:32 Entrée dans ActionAccueil.php
09/10/2017 10:32:34 Entrée dans ActionAccueil.php
09/10/2017 10:32:36 Entrée dans ActionAccueil.php
09/10/2017 10:32:38 Entrée dans ActionAccueil.php
09/10/2017 10:32:39 Entrée dans ActionAccueil.php
09/10/2017 10:32:46 Entrée dans ActionAccueil.php
09/10/2017 10:32:51 Entrée dans ActionAccueil.php
09/10/2017 10:32:53 Entrée dans ActionAccueil.php
09/10/2017 10:32:54 Entrée dans ActionAccueil.php
09/10/2017 10:33:03 Entrée dans ActionAccueil.php
09/10/2017 10:33:06 Entrée dans ActionAccueil.php
09/10/2017 10:33:33 Entrée dans ActionAccueil.php
09/10/2017 10:34:10 Entrée dans ActionAccueil.php
09/10/2017 10:34:17 Entrée dans ActionAccueil.php
09/10/2017 10:34:18 Entrée dans ActionAccueil.php
09/10/2017 10:34:20 Entrée dans ActionAccueil.php
09/10/2017 10:35:06 Entrée dans ActionAccueil.php
09/10/2017 10:35:09 Entrée dans ActionAccueil.php
09/10/2017 10:35:25 Entrée dans ActionAccueil.php
09/10/2017 10:35:27 Entrée dans ActionAccueil.php
09/10/2017 10:35:32 Entrée dans ActionAccueil.php
09/10/2017 10:35:34 Entrée dans ActionAccueil.php
09/10/2017 10:35:36 Entrée dans ActionAccueil.php
09/10/2017 10:35:38 Entrée dans ActionAccueil.php
09/10/2017 10:35:39 Entrée dans ActionAccueil.php
09/10/2017 10:35:54 Entrée dans ActionAccueil.php
09/10/2017 10:35:55 Entrée dans ActionAccueil.php
09/10/2017 10:35:58 Entrée dans ActionAccueil.php
09/10/2017 10:36:15 Entrée dans ActionAccueil.php
09/10/2017 10:36:17 Entrée dans ActionAccueil.php
09/10/2017 10:36:21 Entrée dans ActionAccueil.php
09/10/2017 10:36:23 Entrée dans ActionAccueil.php
09/10/2017 10:36:26 Entrée dans ActionAccueil.php
09/10/2017 10:36:28 Entrée dans ActionAccueil.php
09/10/2017 10:36:46 Entrée dans ActionAccueil.php
09/10/2017 10:36:47 Entrée dans ActionAccueil.php
09/10/2017 11:24:03 Entrée dans ActionClub.php
09/10/2017 11:31:56 Entrée dans ActionAccueil.php
09/10/2017 11:32:11 Entrée dans AfficherPopupArticle.php
09/10/2017 11:32:11 Entrée dans AfficherPopupArticle.php
09/10/2017 11:32:14 Entrée dans AfficherPopupArticle.php
09/10/2017 11:32:18 Entrée dans AfficherPopupArticle.php
09/10/2017 11:32:19 Entrée dans AfficherPopupArticle.php
09/10/2017 11:32:24 Entrée dans AfficherPopupArticle.php
09/10/2017 11:32:25 Entrée dans AfficherPopupArticle.php
09/10/2017 11:32:27 Entrée dans AfficherPopupArticle.php
09/10/2017 11:32:41 Entrée dans AfficherPopupArticle.php
09/10/2017 11:32:41 Entrée dans AfficherPopupArticle.php
09/10/2017 11:32:41 Entrée dans AfficherPopupArticle.php
09/10/2017 11:32:41 Entrée dans AfficherPopupArticle.php
09/10/2017 11:32:42 Entrée dans AfficherPopupArticle.php
09/10/2017 11:33:40 Entrée dans AfficherPopupArticle.php
09/10/2017 15:58:45 Entrée dans ActionAgenda.php
09/10/2017 16:36:02 Entrée dans ActionAccueil.php
09/10/2017 16:36:13 Entrée dans AfficherPopupArticle.php
09/10/2017 16:38:04 Entrée dans ActionClub.php
09/10/2017 16:38:40 Entrée dans ActionAgenda.php
09/10/2017 17:05:38 Entrée dans ActionClub.php
09/10/2017 20:25:58 Entrée dans ActionJoueurs.php
09/10/2017 20:32:03 Entrée dans ActionJoueurs.php
09/10/2017 21:12:50 Entrée dans ActionAccueil.php
09/10/2017 21:26:15 Entrée dans ActionAccueil.php
09/10/2017 21:26:18 Entrée dans ActionJoueurs.php
09/10/2017 22:20:22 Entrée dans ActionClub.php
10/10/2017 07:34:45 Entrée dans ActionEvenement.php
10/10/2017 12:11:56 Entrée dans ActionAccueil.php
10/10/2017 13:16:50 Entrée dans ActionAccueil.php
10/10/2017 13:17:09 Entrée dans ActionJoueurs.php
10/10/2017 15:49:30 Entrée dans ActionAccueil.php
10/10/2017 15:49:41 Entrée dans AfficherPopupArticle.php
10/10/2017 15:50:16 Entrée dans ActionClub.php
10/10/2017 15:50:29 Entrée dans ActionClub.php
10/10/2017 15:50:35 Entrée dans ActionEvenement.php
10/10/2017 15:51:17 Entrée dans ActionAccueil.php
10/10/2017 15:51:42 Entrée dans AfficherPopupArticle.php
10/10/2017 15:52:13 Entrée dans AfficherPopupArticle.php
10/10/2017 15:52:22 Entrée dans AfficherPopupArticle.php
10/10/2017 15:52:38 Entrée dans ActionEcoleDeFoot.php
10/10/2017 15:52:44 Entrée dans ActionEcoleDeFoot.php
10/10/2017 18:05:05 Entrée dans ActionAccueil.php
10/10/2017 20:23:39 Entrée dans ActionAccueil.php
10/10/2017 20:23:45 Entrée dans ActionClub.php
10/10/2017 20:24:31 Entrée dans ActionEcoleDeFoot.php
10/10/2017 20:24:41 Entrée dans ActionJoueurs.php
10/10/2017 20:27:44 Entrée dans ActionSponsor.php
10/10/2017 20:28:03 Entrée dans ActionClub.php
10/10/2017 20:29:24 Entrée dans ActionAccueil.php
10/10/2017 20:31:46 Entrée dans ActionClub.php
10/10/2017 20:31:53 Entrée dans ActionSponsor.php
10/10/2017 20:31:56 Entrée dans ActionSponsor.php
10/10/2017 20:31:59 Entrée dans ActionAccueil.php
10/10/2017 20:32:01 Entrée dans ActionClub.php
11/10/2017 03:03:53 Entrée dans ActionClub.php
11/10/2017 06:00:26 Entrée dans ActionJoueurs.php
11/10/2017 06:00:26 Entrée dans ActionJoueurs.php
11/10/2017 10:14:25 Entrée dans ActionContact.php
11/10/2017 10:52:33 Entrée dans ActionAgenda.php
11/10/2017 11:06:03 Entrée dans ActionAccueil.php
11/10/2017 11:06:13 Entrée dans ActionEcoleDeFoot.php
11/10/2017 11:06:47 Entrée dans ActionEcoleDeFoot.php
11/10/2017 11:08:29 Entrée dans ActionEcoleDeFoot.php
11/10/2017 11:08:39 Entrée dans ActionClub.php
11/10/2017 11:09:20 Entrée dans ActionAccueil.php
11/10/2017 11:10:03 Entrée dans ActionClub.php
11/10/2017 11:10:27 Entrée dans ActionAgenda.php
11/10/2017 11:10:38 Entrée dans ActionSponsor.php
11/10/2017 11:10:42 Entrée dans ActionAgenda.php
11/10/2017 11:10:45 Entrée dans ActionAccueil.php
11/10/2017 11:57:27 Entrée dans ActionClub.php
11/10/2017 12:14:44 Entrée dans ActionAccueil.php
11/10/2017 12:14:49 Entrée dans ActionClub.php
11/10/2017 12:14:51 Entrée dans ActionJoueurs.php
11/10/2017 12:14:54 Entrée dans ActionEcoleDeFoot.php
11/10/2017 12:14:56 Entrée dans ActionAgenda.php
11/10/2017 12:15:00 Entrée dans ActionEvenement.php
11/10/2017 12:15:02 Entrée dans ActionSponsor.php
11/10/2017 13:05:00 Entrée dans ActionAccueil.php
11/10/2017 13:05:51 Entrée dans ActionJoueurs.php
11/10/2017 13:07:41 Entrée dans ActionAgenda.php
11/10/2017 13:26:06 Entrée dans ActionAgenda.php
11/10/2017 17:23:19 Entrée dans ActionEcoleDeFoot.php
11/10/2017 18:55:48 Entrée dans ActionEcoleDeFoot.php
11/10/2017 18:55:48 Entrée dans ActionAccueil.php
11/10/2017 18:55:50 Entrée dans ActionAgenda.php
11/10/2017 18:55:51 Entrée dans ActionJoueurs.php
11/10/2017 18:56:38 Entrée dans ActionSponsor.php
11/10/2017 20:18:55 Entrée dans ActionJoueurs.php
11/10/2017 20:43:21 Entrée dans ActionAccueil.php
11/10/2017 20:43:35 Entrée dans ActionClub.php
11/10/2017 20:43:37 Entrée dans ActionJoueurs.php
11/10/2017 20:43:39 Entrée dans ActionEcoleDeFoot.php
11/10/2017 20:43:41 Entrée dans ActionAgenda.php
11/10/2017 20:43:43 Entrée dans ActionEvenement.php
11/10/2017 20:43:45 Entrée dans ActionSponsor.php
12/10/2017 00:02:32 Entrée dans ActionAccueil.php
12/10/2017 00:02:45 Entrée dans ActionAccueil.php
12/10/2017 00:02:54 Entrée dans AfficherPopupArticle.php
12/10/2017 01:19:49 Entrée dans ActionAccueil.php
12/10/2017 01:20:03 Entrée dans ActionClub.php
12/10/2017 01:20:13 Entrée dans ActionAgenda.php
12/10/2017 01:20:22 Entrée dans ActionSponsor.php
12/10/2017 01:20:32 Entrée dans ActionJoueurs.php
12/10/2017 01:20:47 Entrée dans ActionEvenement.php
12/10/2017 01:20:57 Entrée dans ActionEcoleDeFoot.php
12/10/2017 03:34:50 Entrée dans ActionJoueurs.php
12/10/2017 07:21:54 Entrée dans ActionEvenement.php
12/10/2017 08:24:42 Entrée dans ActionClub.php
12/10/2017 13:22:40 Entrée dans ActionClub.php
12/10/2017 13:41:41 Entrée dans ActionAccueil.php
12/10/2017 13:41:49 Entrée dans AfficherPopupArticle.php
12/10/2017 13:41:49 Entrée dans AfficherPopupArticle.php
12/10/2017 13:42:27 Entrée dans AfficherPopupArticle.php
12/10/2017 13:42:37 Entrée dans AfficherPopupArticle.php
12/10/2017 13:43:03 Entrée dans AfficherPopupArticle.php
12/10/2017 13:43:11 Entrée dans AfficherPopupArticle.php
12/10/2017 15:14:37 Entrée dans ActionJoueurs.php
12/10/2017 15:14:40 Entrée dans ActionSponsor.php
12/10/2017 16:20:58 Entrée dans ActionAccueil.php
12/10/2017 16:43:58 Entrée dans ActionAgenda.php
12/10/2017 17:04:46 Entrée dans ActionAccueil.php
12/10/2017 17:05:52 Entrée dans ActionJoueurs.php
12/10/2017 17:56:00 Entrée dans ActionContact.php
12/10/2017 17:56:02 Entrée dans ActionContact.php
12/10/2017 17:56:06 Entrée dans ActionContact.php
12/10/2017 17:56:07 Entrée dans ActionContact.php
12/10/2017 17:56:10 Entrée dans ActionContact.php
12/10/2017 17:56:10 Entrée dans ActionContact.php
12/10/2017 19:03:40 Entrée dans ActionJoueurs.php
12/10/2017 19:24:11 Entrée dans ActionAccueil.php
12/10/2017 19:24:53 Entrée dans AfficherPopupArticle.php
12/10/2017 20:01:17 Entrée dans ActionAccueil.php
12/10/2017 20:40:17 Entrée dans ActionContact.php
12/10/2017 20:40:19 Entrée dans ActionContact.php
12/10/2017 20:40:22 Entrée dans ActionContact.php
12/10/2017 20:40:23 Entrée dans ActionContact.php
12/10/2017 20:40:26 Entrée dans ActionContact.php
12/10/2017 20:40:27 Entrée dans ActionContact.php
12/10/2017 22:26:09 Entrée dans ActionAgenda.php
12/10/2017 22:26:21 Entrée dans ActionEcoleDeFoot.php
12/10/2017 22:26:31 Entrée dans ActionJoueurs.php
12/10/2017 22:26:34 Entrée dans ActionClub.php
12/10/2017 22:26:38 Entrée dans ActionSponsor.php
12/10/2017 22:26:41 Entrée dans ActionEvenement.php
13/10/2017 05:57:34 Entrée dans ActionAccueil.php
13/10/2017 08:30:32 Entrée dans ActionEcoleDeFoot.php
13/10/2017 08:30:32 Entrée dans ActionAccueil.php
13/10/2017 08:30:56 Entrée dans ActionSponsor.php
13/10/2017 08:31:30 Entrée dans ActionAgenda.php
13/10/2017 08:31:31 Entrée dans ActionJoueurs.php
13/10/2017 08:31:31 Entrée dans ActionEvenement.php
13/10/2017 09:20:45 Entrée dans ActionAccueil.php
13/10/2017 09:43:51 Entrée dans ActionAgenda.php
13/10/2017 13:31:56 Entrée dans ActionEcoleDeFoot.php
13/10/2017 15:59:28 Entrée dans ActionAccueil.php
13/10/2017 17:43:21 Entrée dans ActionAccueil.php
13/10/2017 17:43:24 Entrée dans ActionSponsor.php
13/10/2017 17:44:59 Entrée dans ActionAccueil.php
13/10/2017 17:45:23 Entrée dans ActionSponsor.php
13/10/2017 19:16:32 Entrée dans ActionEvenement.php
13/10/2017 19:23:46 Entrée dans ActionAccueil.php
13/10/2017 19:28:26 Entrée dans ActionEvenement.php
13/10/2017 20:25:44 Entrée dans ActionJoueurs.php
13/10/2017 21:40:13 Entrée dans ActionEvenement.php
13/10/2017 23:57:52 Entrée dans ActionAccueil.php
13/10/2017 23:58:02 Entrée dans ActionJoueurs.php
14/10/2017 04:23:41 Entrée dans ActionAccueil.php
14/10/2017 04:23:41 Entrée dans ActionClub.php
14/10/2017 08:47:18 Entrée dans ActionAccueil.php
14/10/2017 09:12:36 Entrée dans ActionClub.php
14/10/2017 09:12:48 Entrée dans ActionEcoleDeFoot.php
14/10/2017 09:12:51 Entrée dans ActionEcoleDeFoot.php
14/10/2017 09:13:07 Entrée dans ActionEcoleDeFoot.php
14/10/2017 09:13:17 Entrée dans ActionEcoleDeFoot.php
14/10/2017 09:13:32 Entrée dans ActionEcoleDeFoot.php
14/10/2017 09:13:36 Entrée dans ActionEcoleDeFoot.php
14/10/2017 09:13:50 Entrée dans ActionEcoleDeFoot.php
14/10/2017 09:13:55 Entrée dans ActionEcoleDeFoot.php
14/10/2017 09:14:02 Entrée dans ActionEcoleDeFoot.php
14/10/2017 11:01:20 Entrée dans ActionEcoleDeFoot.php
14/10/2017 11:01:39 Entrée dans ActionEcoleDeFoot.php
14/10/2017 11:02:55 Entrée dans ActionEcoleDeFoot.php
14/10/2017 11:04:11 Entrée dans ActionEcoleDeFoot.php
14/10/2017 12:31:02 Entrée dans ActionContact.php
14/10/2017 12:46:43 Entrée dans ActionAccueil.php
14/10/2017 12:48:42 Entrée dans ActionLogin.php
14/10/2017 12:48:42 Authentification de tsutter.
14/10/2017 12:48:42 Entrée dans ActionProfil.php
14/10/2017 12:48:45 Entrée dans ActionArticle.php
14/10/2017 12:52:42 Entrée dans ActionArticle.php
14/10/2017 12:52:48 Entrée dans ActionAccueil.php
14/10/2017 12:52:52 Entrée dans AfficherPopupArticle.php
14/10/2017 12:53:43 Entrée dans ActionArticle.php
14/10/2017 12:53:45 Entrée dans ActionAccueil.php
14/10/2017 12:53:56 Entrée dans RechercherArticle.php
14/10/2017 12:54:10 Entrée dans ActionArticle.php
14/10/2017 12:54:12 Entrée dans RechercherArticle.php
14/10/2017 12:54:15 Entrée dans ActionArticle.php
14/10/2017 12:54:18 Entrée dans ActionAccueil.php
14/10/2017 12:54:40 Entrée dans ActionPartenaire.php
14/10/2017 12:56:49 Entrée dans ActionPartenaire.php
14/10/2017 12:57:06 Entrée dans ActionPartenaire.php
14/10/2017 12:57:14 Entrée dans ActionPartenaire.php
14/10/2017 12:57:21 Entrée dans ActionPartenaire.php
14/10/2017 12:57:28 Entrée dans ActionPartenaire.php
14/10/2017 12:57:34 Entrée dans ActionPartenaire.php
14/10/2017 12:57:47 Entrée dans ActionAccueil.php
14/10/2017 12:57:59 Entrée dans ActionAccueil.php
14/10/2017 12:58:04 Entrée dans ActionSponsor.php
14/10/2017 12:58:25 Entrée dans ActionSponsor.php
14/10/2017 12:58:26 Entrée dans ActionProfil.php
14/10/2017 12:58:27 Entrée dans ActionPartenaire.php
14/10/2017 12:58:51 Entrée dans ActionAccueil.php
14/10/2017 13:50:39 Entrée dans ActionAccueil.php
14/10/2017 13:50:52 Entrée dans ActionClub.php
14/10/2017 16:05:19 Entrée dans ActionClub.php
14/10/2017 17:41:20 Entrée dans ActionAccueil.php
14/10/2017 17:42:31 Entrée dans ActionClub.php
14/10/2017 17:44:56 Entrée dans ActionEcoleDeFoot.php
14/10/2017 17:45:20 Entrée dans ActionEcoleDeFoot.php
14/10/2017 17:53:32 Entrée dans ActionClub.php
14/10/2017 17:55:37 Entrée dans ActionEcoleDeFoot.php
14/10/2017 17:56:21 Entrée dans ActionClub.php
14/10/2017 17:59:28 Entrée dans ActionAccueil.php
14/10/2017 18:00:11 Entrée dans ActionClub.php
14/10/2017 18:00:39 Entrée dans ActionEcoleDeFoot.php
14/10/2017 18:01:09 Entrée dans ActionEcoleDeFoot.php
14/10/2017 18:11:17 Entrée dans ActionAccueil.php
14/10/2017 18:11:50 Entrée dans AfficherPopupArticle.php
14/10/2017 18:12:35 Entrée dans AfficherPopupArticle.php
14/10/2017 18:13:33 Entrée dans AfficherPopupArticle.php
14/10/2017 18:15:35 Entrée dans AfficherPopupArticle.php
14/10/2017 18:18:59 Entrée dans AfficherPopupArticle.php
14/10/2017 18:19:43 Entrée dans AfficherPopupArticle.php
14/10/2017 18:20:42 Entrée dans ActionClub.php
14/10/2017 19:13:01 Entrée dans ActionAccueil.php
14/10/2017 20:41:10 Entrée dans ActionAccueil.php
14/10/2017 20:42:34 Entrée dans ActionAccueil.php
14/10/2017 20:43:06 Entrée dans ActionSponsor.php
14/10/2017 20:43:27 Entrée dans ActionAccueil.php
14/10/2017 22:31:48 Entrée dans ActionEcoleDeFoot.php
14/10/2017 22:31:52 Entrée dans ActionEcoleDeFoot.php
14/10/2017 23:00:46 Entrée dans ActionAccueil.php
15/10/2017 02:25:04 Entrée dans ActionAccueil.php
15/10/2017 07:03:58 Entrée dans ActionAgenda.php
15/10/2017 07:09:31 Entrée dans ActionSponsor.php
15/10/2017 12:08:24 Entrée dans ActionAccueil.php
15/10/2017 12:09:14 Entrée dans ActionAccueil.php
15/10/2017 12:10:24 Entrée dans ActionEcoleDeFoot.php
15/10/2017 12:10:32 Entrée dans ActionEcoleDeFoot.php
15/10/2017 12:11:02 Entrée dans ActionEcoleDeFoot.php
15/10/2017 14:05:40 Entrée dans ActionClub.php
15/10/2017 14:05:44 Entrée dans ActionAccueil.php
15/10/2017 14:06:22 Entrée dans AfficherPopupArticle.php
15/10/2017 14:19:48 Entrée dans ActionJoueurs.php
15/10/2017 15:52:26 Entrée dans ActionContact.php
15/10/2017 15:52:27 Entrée dans ActionContact.php
15/10/2017 15:52:31 Entrée dans ActionContact.php
15/10/2017 15:52:32 Entrée dans ActionContact.php
15/10/2017 15:52:36 Entrée dans ActionContact.php
15/10/2017 15:52:36 Entrée dans ActionContact.php
15/10/2017 17:46:08 Entrée dans ActionContact.php
15/10/2017 17:46:10 Entrée dans ActionContact.php
15/10/2017 17:46:13 Entrée dans ActionContact.php
15/10/2017 17:46:14 Entrée dans ActionContact.php
15/10/2017 17:55:05 Entrée dans ActionContact.php
15/10/2017 17:55:06 Entrée dans ActionContact.php
15/10/2017 17:55:08 Entrée dans ActionContact.php
15/10/2017 17:55:08 Entrée dans ActionContact.php
15/10/2017 18:05:04 Entrée dans ActionContact.php
15/10/2017 18:05:06 Entrée dans ActionContact.php
15/10/2017 18:05:07 Entrée dans ActionContact.php
15/10/2017 18:05:08 Entrée dans ActionContact.php
15/10/2017 18:20:42 Entrée dans ActionEvenement.php
15/10/2017 18:58:40 Entrée dans ActionAccueil.php
15/10/2017 20:03:56 Entrée dans ActionAccueil.php
15/10/2017 20:04:10 Entrée dans AfficherPopupArticle.php
15/10/2017 23:45:15 Entrée dans ActionClub.php
16/10/2017 01:47:43 Entrée dans ActionAccueil.php
16/10/2017 04:22:11 Entrée dans ActionAccueil.php
16/10/2017 04:22:29 Entrée dans AfficherPopupArticle.php
16/10/2017 04:23:15 Entrée dans AfficherPopupArticle.php
16/10/2017 04:24:07 Entrée dans ActionLogin.php
16/10/2017 04:24:07 Authentification de fgastrini.
16/10/2017 04:24:07 Entrée dans ActionProfil.php
16/10/2017 04:24:13 Entrée dans GestionResultats.php
16/10/2017 04:24:35 Entrée dans GestionResultats.php
16/10/2017 04:24:40 Entrée dans ActionMembre.php
16/10/2017 04:24:52 Entrée dans ActionMembre.php
16/10/2017 04:25:02 Entrée dans ActionMembre.php
16/10/2017 04:25:04 Entrée dans ActionMembre.php
16/10/2017 04:25:07 Entrée dans ActionMembre.php
16/10/2017 04:25:08 Entrée dans ActionMembre.php
16/10/2017 04:25:10 Entrée dans ActionMembre.php
16/10/2017 04:25:12 Entrée dans ActionMembre.php
16/10/2017 04:25:15 Entrée dans ActionMembre.php
16/10/2017 04:25:20 Entrée dans ActionMembre.php
16/10/2017 04:25:30 Entrée dans ActionMembre.php
16/10/2017 04:25:39 Entrée dans ActionMembre.php
16/10/2017 04:25:44 Entrée dans ActionMembre.php
16/10/2017 04:25:50 Entrée dans ActionMembre.php
16/10/2017 04:25:54 Entrée dans ActionMembre.php
16/10/2017 04:25:58 Entrée dans ActionMembre.php
16/10/2017 04:26:01 Entrée dans ActionMembre.php
16/10/2017 04:26:07 Entrée dans ActionMembre.php
16/10/2017 04:26:10 Entrée dans ActionMembre.php
16/10/2017 04:26:14 Entrée dans ActionMembre.php
16/10/2017 04:26:17 Entrée dans ActionMembre.php
16/10/2017 04:26:20 Entrée dans ActionMembre.php
16/10/2017 04:26:24 Entrée dans ActionMembre.php
16/10/2017 04:26:30 Entrée dans ActionMembre.php
16/10/2017 04:26:33 Entrée dans ActionMembre.php
16/10/2017 04:26:44 Entrée dans ActionMembre.php
16/10/2017 04:26:47 Entrée dans ActionMembre.php
16/10/2017 04:26:51 Entrée dans ActionMembre.php
16/10/2017 04:26:54 Entrée dans ActionMembre.php
16/10/2017 04:26:57 Entrée dans ActionMembre.php
16/10/2017 04:28:03 Entrée dans ActionMembre.php
16/10/2017 04:28:10 Entrée dans GestionResultats.php
16/10/2017 04:28:18 Entrée dans ActionRencontre.php
16/10/2017 04:28:25 Entrée dans ActionAccueil.php
16/10/2017 04:29:07 Entrée dans ActionProfil.php
16/10/2017 04:29:20 Entrée dans ActionAccueil.php
16/10/2017 04:29:21 Entrée dans ActionAccueil.php
16/10/2017 06:01:47 Entrée dans ActionEcoleDeFoot.php
16/10/2017 06:01:53 Entrée dans ActionEcoleDeFoot.php
16/10/2017 06:02:51 Entrée dans ActionEcoleDeFoot.php
16/10/2017 06:03:18 Entrée dans ActionEcoleDeFoot.php
16/10/2017 06:03:33 Entrée dans ActionEcoleDeFoot.php
16/10/2017 06:03:58 Entrée dans ActionEcoleDeFoot.php
16/10/2017 06:04:13 Entrée dans ActionEcoleDeFoot.php
16/10/2017 06:04:50 Entrée dans ActionEcoleDeFoot.php
16/10/2017 06:04:53 Entrée dans ActionEcoleDeFoot.php
16/10/2017 06:05:02 Entrée dans ActionEcoleDeFoot.php
16/10/2017 06:05:04 Entrée dans ActionEcoleDeFoot.php
16/10/2017 06:06:02 Entrée dans ActionJoueurs.php
16/10/2017 07:41:41 Entrée dans ActionContact.php
16/10/2017 07:41:42 Entrée dans ActionContact.php
16/10/2017 07:41:46 Entrée dans ActionContact.php
16/10/2017 07:41:47 Entrée dans ActionContact.php
16/10/2017 07:41:50 Entrée dans ActionContact.php
16/10/2017 07:41:51 Entrée dans ActionContact.php
16/10/2017 07:43:11 Entrée dans ActionContact.php
16/10/2017 07:43:12 Entrée dans ActionContact.php
16/10/2017 07:43:16 Entrée dans ActionContact.php
16/10/2017 07:43:17 Entrée dans ActionContact.php
16/10/2017 07:43:20 Entrée dans ActionContact.php
16/10/2017 07:43:21 Entrée dans ActionContact.php
16/10/2017 08:29:26 Entrée dans ActionAccueil.php
16/10/2017 10:22:57 Entrée dans ActionClub.php
16/10/2017 13:13:08 Entrée dans ActionJoueurs.php
16/10/2017 13:13:09 Entrée dans ActionAgenda.php
16/10/2017 13:13:10 Entrée dans ActionEvenement.php
16/10/2017 13:13:19 Entrée dans ActionAccueil.php
16/10/2017 13:13:19 Entrée dans ActionEcoleDeFoot.php
16/10/2017 13:13:30 Entrée dans ActionSponsor.php
16/10/2017 14:51:10 Entrée dans ActionAccueil.php
16/10/2017 14:51:17 Entrée dans ActionJoueurs.php
16/10/2017 16:29:16 Entrée dans ActionAccueil.php
16/10/2017 17:11:57 Entrée dans ActionAccueil.php
16/10/2017 17:12:31 Entrée dans ActionEcoleDeFoot.php
16/10/2017 17:12:35 Entrée dans ActionEcoleDeFoot.php
16/10/2017 21:41:48 Entrée dans ActionContact.php
16/10/2017 21:41:50 Entrée dans ActionContact.php
16/10/2017 21:41:53 Entrée dans ActionContact.php
16/10/2017 21:41:54 Entrée dans ActionContact.php
16/10/2017 21:41:57 Entrée dans ActionContact.php
16/10/2017 21:41:58 Entrée dans ActionContact.php
17/10/2017 04:49:47 Entrée dans ActionAgenda.php
17/10/2017 04:50:30 Entrée dans ActionClub.php
17/10/2017 13:38:45 Entrée dans ActionAccueil.php
17/10/2017 15:32:48 Entrée dans ActionAccueil.php
17/10/2017 15:33:33 Entrée dans ActionEcoleDeFoot.php
17/10/2017 15:33:38 Entrée dans ActionClub.php
17/10/2017 15:33:49 Entrée dans ActionClub.php
17/10/2017 15:33:50 Entrée dans ActionSponsor.php
17/10/2017 15:34:16 Entrée dans ActionEcoleDeFoot.php
17/10/2017 15:34:19 Entrée dans ActionEcoleDeFoot.php
17/10/2017 15:34:35 Entrée dans ActionEcoleDeFoot.php
17/10/2017 15:35:06 Entrée dans AfficherPopupArticle.php
17/10/2017 15:35:25 Entrée dans ActionAccueil.php
17/10/2017 15:51:12 Entrée dans ActionEcoleDeFoot.php
17/10/2017 15:52:38 Entrée dans ActionAccueil.php
17/10/2017 16:20:26 Entrée dans ActionAccueil.php
17/10/2017 17:02:04 Entrée dans ActionAccueil.php
17/10/2017 17:02:33 Entrée dans AfficherPopupArticle.php
17/10/2017 17:02:56 Entrée dans ActionEcoleDeFoot.php
17/10/2017 17:02:59 Entrée dans ActionEcoleDeFoot.php
17/10/2017 17:04:18 Entrée dans ActionAccueil.php
17/10/2017 17:04:19 Entrée dans ActionAgenda.php
17/10/2017 17:04:20 Entrée dans ActionClub.php
17/10/2017 17:04:21 Entrée dans ActionEcoleDeFoot.php
17/10/2017 17:04:21 Entrée dans ActionEvenement.php
17/10/2017 17:04:22 Entrée dans ActionJoueurs.php
17/10/2017 17:04:23 Entrée dans ActionSponsor.php
17/10/2017 17:04:23 Entrée dans AfficherPopupArticle.php
17/10/2017 17:04:23 Entrée dans AfficherPopupArticle.php
17/10/2017 17:04:23 Entrée dans AfficherPopupCompteRendu.php
17/10/2017 17:04:23 Entrée dans ActionAccueil.php
17/10/2017 17:04:24 Entrée dans RechercherArticle.php
17/10/2017 17:04:24 Entrée dans ActionAccueil.php
17/10/2017 17:04:26 Entrée dans ActionAccueil.php
17/10/2017 17:04:28 Entrée dans ActionProfil.php
17/10/2017 17:04:29 Entrée dans ActionAccueil.php
17/10/2017 17:04:29 Entrée dans ActionLogin.php
17/10/2017 17:04:30 Entrée dans ActionProfil.php
17/10/2017 17:04:30 Entrée dans ActionAccueil.php
17/10/2017 17:38:37 Entrée dans ActionEcoleDeFoot.php
17/10/2017 17:38:40 Entrée dans ActionClub.php
17/10/2017 17:38:43 Entrée dans ActionAccueil.php
17/10/2017 20:55:34 Entrée dans ActionEvenement.php
17/10/2017 22:57:14 Entrée dans ActionJoueurs.php
17/10/2017 23:19:00 Entrée dans ActionContact.php
17/10/2017 23:19:01 Entrée dans ActionContact.php
17/10/2017 23:19:04 Entrée dans ActionContact.php
17/10/2017 23:19:05 Entrée dans ActionContact.php
17/10/2017 23:19:08 Entrée dans ActionContact.php
17/10/2017 23:19:09 Entrée dans ActionContact.php
17/10/2017 23:45:54 Entrée dans ActionAccueil.php
17/10/2017 23:46:39 Entrée dans AfficherPopupArticle.php
17/10/2017 23:46:46 Entrée dans AfficherPopupArticle.php
17/10/2017 23:47:25 Entrée dans AfficherPopupArticle.php
18/10/2017 00:28:49 Entrée dans ActionSponsor.php
18/10/2017 00:32:33 Entrée dans ActionJoueurs.php
18/10/2017 00:32:35 Entrée dans ActionEvenement.php
18/10/2017 00:32:36 Entrée dans ActionAgenda.php
18/10/2017 01:14:37 Entrée dans ActionJoueurs.php
18/10/2017 02:25:35 Entrée dans ActionEvenement.php
18/10/2017 11:36:16 Entrée dans ActionAccueil.php
18/10/2017 11:36:33 Entrée dans AfficherPopupArticle.php
18/10/2017 11:37:10 Entrée dans ActionEcoleDeFoot.php
18/10/2017 11:37:26 Entrée dans ActionEcoleDeFoot.php
18/10/2017 11:37:31 Entrée dans ActionEcoleDeFoot.php
18/10/2017 11:37:49 Entrée dans ActionEcoleDeFoot.php
18/10/2017 11:37:52 Entrée dans ActionEvenement.php
18/10/2017 11:58:32 Entrée dans ActionEcoleDeFoot.php
18/10/2017 11:58:35 Entrée dans ActionClub.php
18/10/2017 11:59:20 Entrée dans ActionAccueil.php
18/10/2017 11:59:29 Entrée dans AfficherPopupArticle.php
18/10/2017 13:07:06 Entrée dans ActionClub.php
18/10/2017 13:30:11 Entrée dans ActionAccueil.php
18/10/2017 15:27:36 Entrée dans ActionAgenda.php
18/10/2017 17:56:24 Entrée dans ActionAccueil.php
18/10/2017 17:56:41 Entrée dans ActionClub.php
18/10/2017 17:58:37 Entrée dans ActionJoueurs.php
18/10/2017 22:13:46 Entrée dans ActionJoueurs.php
19/10/2017 00:49:44 Entrée dans ActionAccueil.php
19/10/2017 00:50:12 Entrée dans ActionClub.php
19/10/2017 00:50:17 Entrée dans ActionJoueurs.php
19/10/2017 04:13:28 Entrée dans ActionAccueil.php
19/10/2017 05:31:04 Entrée dans ActionAccueil.php
19/10/2017 07:04:40 Entrée dans ActionEcoleDeFoot.php
19/10/2017 07:36:14 Entrée dans ActionAgenda.php
19/10/2017 09:15:33 Entrée dans ActionEcoleDeFoot.php
19/10/2017 09:15:41 Entrée dans ActionEcoleDeFoot.php
19/10/2017 11:19:15 Entrée dans ActionAccueil.php
19/10/2017 11:19:56 Entrée dans ActionJoueurs.php
19/10/2017 11:20:42 Entrée dans ActionAgenda.php
19/10/2017 11:20:58 Entrée dans ActionAccueil.php
19/10/2017 13:13:30 Entrée dans ActionClub.php
19/10/2017 16:27:55 Entrée dans ActionEvenement.php
19/10/2017 16:27:55 Entrée dans ActionJoueurs.php
19/10/2017 16:27:56 Entrée dans ActionAgenda.php
19/10/2017 16:27:57 Entrée dans ActionSponsor.php
19/10/2017 16:28:43 Entrée dans ActionAccueil.php
20/10/2017 09:42:52 Entrée dans ActionClub.php
20/10/2017 11:16:48 Entrée dans ActionAccueil.php
20/10/2017 11:17:05 Entrée dans AfficherPopupArticle.php
20/10/2017 13:55:58 Entrée dans ActionAccueil.php
20/10/2017 13:56:04 Entrée dans ActionClub.php
20/10/2017 13:56:07 Entrée dans ActionJoueurs.php
20/10/2017 13:56:09 Entrée dans ActionEcoleDeFoot.php
20/10/2017 13:56:12 Entrée dans ActionAgenda.php
20/10/2017 13:56:15 Entrée dans ActionEvenement.php
20/10/2017 13:56:17 Entrée dans ActionSponsor.php
20/10/2017 15:03:38 Entrée dans ActionAccueil.php
20/10/2017 15:03:56 Entrée dans ActionJoueurs.php
20/10/2017 15:56:55 Entrée dans ActionAccueil.php
20/10/2017 15:57:22 Entrée dans AfficherPopupArticle.php
20/10/2017 15:57:56 Entrée dans ActionClub.php
20/10/2017 15:58:00 Entrée dans ActionJoueurs.php
20/10/2017 15:58:09 Entrée dans ActionEcoleDeFoot.php
20/10/2017 15:58:11 Entrée dans ActionEcoleDeFoot.php
20/10/2017 15:58:18 Entrée dans ActionEvenement.php
20/10/2017 15:58:25 Entrée dans ActionSponsor.php
20/10/2017 19:45:19 Entrée dans ActionAccueil.php
20/10/2017 19:45:25 Entrée dans ActionClub.php
20/10/2017 19:45:28 Entrée dans ActionJoueurs.php
20/10/2017 19:45:32 Entrée dans ActionEcoleDeFoot.php
20/10/2017 19:45:34 Entrée dans ActionAgenda.php
20/10/2017 19:45:39 Entrée dans ActionEvenement.php
20/10/2017 19:45:41 Entrée dans ActionSponsor.php
20/10/2017 22:48:08 Entrée dans ActionAccueil.php
20/10/2017 23:13:09 Entrée dans ActionJoueurs.php
21/10/2017 01:48:05 Entrée dans ActionAccueil.php
21/10/2017 07:40:14 Entrée dans ActionAccueil.php
21/10/2017 07:40:18 Entrée dans AfficherPopupArticle.php
21/10/2017 07:41:23 Entrée dans ActionClub.php
21/10/2017 07:59:55 Entrée dans ActionJoueurs.php
21/10/2017 07:59:55 Entrée dans ActionEvenement.php
21/10/2017 07:59:55 Entrée dans ActionAgenda.php
21/10/2017 07:59:57 Entrée dans ActionEcoleDeFoot.php
21/10/2017 07:59:57 Entrée dans ActionAccueil.php
21/10/2017 11:02:34 Entrée dans ActionAccueil.php
21/10/2017 11:03:13 Entrée dans ActionAccueil.php
21/10/2017 11:03:20 Entrée dans ActionClub.php
21/10/2017 11:03:21 Entrée dans ActionJoueurs.php
21/10/2017 12:11:50 Entrée dans ActionClub.php
21/10/2017 12:18:48 Entrée dans ActionAccueil.php
21/10/2017 12:19:21 Entrée dans ActionEcoleDeFoot.php
21/10/2017 12:19:26 Entrée dans ActionEcoleDeFoot.php
21/10/2017 12:23:07 Entrée dans ActionEcoleDeFoot.php
21/10/2017 12:23:15 Entrée dans ActionEcoleDeFoot.php
21/10/2017 12:23:21 Entrée dans ActionEcoleDeFoot.php
21/10/2017 12:23:38 Entrée dans ActionEcoleDeFoot.php
21/10/2017 12:23:39 Entrée dans ActionEcoleDeFoot.php
21/10/2017 12:23:42 Entrée dans ActionEcoleDeFoot.php
21/10/2017 12:23:57 Entrée dans ActionEcoleDeFoot.php
21/10/2017 12:24:29 Entrée dans ActionEcoleDeFoot.php
21/10/2017 12:24:38 Entrée dans ActionEcoleDeFoot.php
21/10/2017 12:24:56 Entrée dans ActionAgenda.php
21/10/2017 12:25:05 Entrée dans ActionEcoleDeFoot.php
21/10/2017 12:25:09 Entrée dans ActionEcoleDeFoot.php
21/10/2017 12:25:14 Entrée dans ActionEcoleDeFoot.php
21/10/2017 12:25:17 Entrée dans ActionEcoleDeFoot.php
21/10/2017 12:25:18 Entrée dans ActionEcoleDeFoot.php
21/10/2017 12:25:23 Entrée dans ActionEcoleDeFoot.php
21/10/2017 12:25:30 Entrée dans ActionEcoleDeFoot.php
21/10/2017 12:25:57 Entrée dans ActionClub.php
21/10/2017 12:26:00 Entrée dans ActionAccueil.php
21/10/2017 12:26:18 Entrée dans AfficherPopupArticle.php
21/10/2017 12:27:00 Entrée dans AfficherPopupArticle.php
21/10/2017 13:24:58 Entrée dans ActionAccueil.php
21/10/2017 13:26:11 Entrée dans ActionAccueil.php
21/10/2017 13:26:15 Entrée dans ActionClub.php
21/10/2017 13:26:36 Entrée dans ActionEcoleDeFoot.php
21/10/2017 13:26:53 Entrée dans ActionEcoleDeFoot.php
21/10/2017 13:45:13 Entrée dans ActionAccueil.php
21/10/2017 13:45:15 Entrée dans ActionClub.php
21/10/2017 13:45:15 Entrée dans ActionJoueurs.php
21/10/2017 13:45:16 Entrée dans ActionEcoleDeFoot.php
21/10/2017 13:45:16 Entrée dans ActionAgenda.php
21/10/2017 13:45:17 Entrée dans ActionEvenement.php
21/10/2017 13:45:17 Entrée dans ActionSponsor.php
21/10/2017 14:34:58 Entrée dans ActionJoueurs.php
21/10/2017 15:05:11 Entrée dans ActionAccueil.php
21/10/2017 16:38:27 Entrée dans ActionAccueil.php
21/10/2017 16:39:26 Entrée dans AfficherPopupArticle.php
21/10/2017 16:40:06 Entrée dans ActionAccueil.php
21/10/2017 16:40:30 Entrée dans ActionAccueil.php
21/10/2017 16:42:09 Entrée dans AfficherPopupArticle.php
21/10/2017 16:42:25 Entrée dans ActionAccueil.php
21/10/2017 19:33:05 Entrée dans ActionEcoleDeFoot.php
21/10/2017 21:51:46 Entrée dans ActionEcoleDeFoot.php
21/10/2017 21:51:50 Entrée dans ActionEcoleDeFoot.php
21/10/2017 21:51:55 Entrée dans ActionEcoleDeFoot.php
21/10/2017 23:02:18 Entrée dans ActionAccueil.php
21/10/2017 23:02:20 Entrée dans ActionAccueil.php
21/10/2017 23:02:23 Entrée dans AfficherPopupArticle.php
21/10/2017 23:02:31 Entrée dans ActionEcoleDeFoot.php
21/10/2017 23:02:37 Entrée dans ActionEcoleDeFoot.php
21/10/2017 23:03:09 Entrée dans ActionEcoleDeFoot.php
21/10/2017 23:05:56 Entrée dans ActionJoueurs.php
21/10/2017 23:06:25 Entrée dans ActionJoueurs.php
21/10/2017 23:06:36 Entrée dans ActionJoueurs.php
21/10/2017 23:06:41 Entrée dans ActionJoueurs.php
21/10/2017 23:06:41 Entrée dans ActionJoueurs.php
21/10/2017 23:06:46 Entrée dans ActionAgenda.php
21/10/2017 23:07:09 Entrée dans ActionAgenda.php
21/10/2017 23:07:42 Entrée dans ActionEcoleDeFoot.php
21/10/2017 23:08:11 Entrée dans ActionClub.php
21/10/2017 23:09:11 Entrée dans ActionAgenda.php
21/10/2017 23:09:21 Entrée dans ActionSponsor.php
21/10/2017 23:10:18 Entrée dans ActionJoueurs.php
21/10/2017 23:10:38 Entrée dans ActionEvenement.php
21/10/2017 23:24:09 Entrée dans ActionAccueil.php
22/10/2017 05:21:02 Entrée dans ActionClub.php
22/10/2017 07:27:04 Entrée dans ActionAccueil.php
22/10/2017 07:27:28 Entrée dans AfficherPopupArticle.php
22/10/2017 07:28:42 Entrée dans AfficherPopupArticle.php
22/10/2017 07:29:16 Entrée dans ActionAccueil.php
22/10/2017 07:29:36 Entrée dans ActionClub.php
22/10/2017 07:35:33 Entrée dans ActionAgenda.php
22/10/2017 07:35:43 Entrée dans ActionAgenda.php
22/10/2017 07:36:13 Entrée dans ActionAgenda.php
22/10/2017 07:36:21 Entrée dans ActionAgenda.php
22/10/2017 07:36:30 Entrée dans ActionAgenda.php
22/10/2017 07:36:39 Entrée dans ActionAgenda.php
22/10/2017 07:36:48 Entrée dans ActionAgenda.php
22/10/2017 07:36:51 Entrée dans ActionAgenda.php
22/10/2017 07:36:53 Entrée dans ActionClub.php
22/10/2017 07:36:57 Entrée dans ActionEcoleDeFoot.php
22/10/2017 07:38:04 Entrée dans ActionEcoleDeFoot.php
22/10/2017 07:38:15 Entrée dans ActionEcoleDeFoot.php
22/10/2017 07:38:23 Entrée dans ActionEcoleDeFoot.php
22/10/2017 07:38:27 Entrée dans ActionEcoleDeFoot.php
22/10/2017 07:38:37 Entrée dans ActionEcoleDeFoot.php
22/10/2017 07:39:28 Entrée dans ActionEcoleDeFoot.php
22/10/2017 07:39:44 Entrée dans ActionEcoleDeFoot.php
22/10/2017 10:31:36 Entrée dans ActionJoueurs.php
22/10/2017 12:06:59 Entrée dans ActionAccueil.php
22/10/2017 13:19:25 Entrée dans ActionEcoleDeFoot.php
22/10/2017 13:19:27 Entrée dans ActionEcoleDeFoot.php
22/10/2017 13:20:07 Entrée dans ActionEcoleDeFoot.php
22/10/2017 13:20:31 Entrée dans ActionEcoleDeFoot.php
22/10/2017 13:21:26 Entrée dans ActionEcoleDeFoot.php
22/10/2017 15:19:14 Entrée dans ActionClub.php
22/10/2017 15:19:15 Entrée dans ActionClub.php
22/10/2017 15:19:16 Entrée dans ActionAccueil.php
22/10/2017 15:19:17 Entrée dans ActionJoueurs.php
22/10/2017 15:19:17 Entrée dans ActionEcoleDeFoot.php
22/10/2017 15:19:18 Entrée dans ActionAgenda.php
22/10/2017 15:19:19 Entrée dans ActionEvenement.php
22/10/2017 15:19:19 Entrée dans ActionSponsor.php
22/10/2017 15:51:44 Entrée dans ActionAccueil.php
22/10/2017 21:46:36 Entrée dans ActionAccueil.php
22/10/2017 21:46:44 Entrée dans ActionEcoleDeFoot.php
22/10/2017 21:46:46 Entrée dans ActionEcoleDeFoot.php
22/10/2017 21:47:00 Entrée dans ActionEcoleDeFoot.php
22/10/2017 22:16:13 Entrée dans ActionAccueil.php
22/10/2017 22:16:20 Entrée dans AfficherPopupArticle.php
22/10/2017 22:17:31 Entrée dans AfficherPopupArticle.php
22/10/2017 22:17:36 Entrée dans AfficherPopupArticle.php
22/10/2017 22:17:45 Entrée dans AfficherPopupArticle.php
22/10/2017 22:18:03 Entrée dans ActionClub.php
22/10/2017 22:18:09 Entrée dans ActionSponsor.php
22/10/2017 22:18:12 Entrée dans ActionAccueil.php
22/10/2017 22:35:09 Entrée dans ActionAccueil.php
22/10/2017 22:36:36 Entrée dans AfficherPopupArticle.php
22/10/2017 23:32:45 Entrée dans ActionJoueurs.php
22/10/2017 23:32:45 Entrée dans ActionEvenement.php
22/10/2017 23:32:45 Entrée dans ActionAgenda.php
23/10/2017 01:42:56 Entrée dans ActionAccueil.php
23/10/2017 02:04:34 Entrée dans ActionEcoleDeFoot.php
23/10/2017 02:04:37 Entrée dans ActionEcoleDeFoot.php
23/10/2017 02:05:02 Entrée dans ActionEcoleDeFoot.php
23/10/2017 02:05:11 Entrée dans ActionEcoleDeFoot.php
23/10/2017 02:05:21 Entrée dans ActionEcoleDeFoot.php
23/10/2017 10:51:00 Entrée dans ActionAccueil.php
23/10/2017 10:51:05 Entrée dans AfficherPopupArticle.php
23/10/2017 10:52:34 Entrée dans ActionAccueil.php
23/10/2017 10:52:59 Entrée dans AfficherPopupArticle.php
23/10/2017 11:37:11 Entrée dans ActionAccueil.php
23/10/2017 11:37:16 Entrée dans ActionClub.php
23/10/2017 11:37:18 Entrée dans ActionJoueurs.php
23/10/2017 11:37:20 Entrée dans ActionEcoleDeFoot.php
23/10/2017 11:37:22 Entrée dans ActionAgenda.php
23/10/2017 11:37:25 Entrée dans ActionEvenement.php
23/10/2017 11:37:27 Entrée dans ActionSponsor.php
23/10/2017 12:51:14 Entrée dans ActionAccueil.php
23/10/2017 12:51:55 Entrée dans AfficherPopupArticle.php
23/10/2017 13:31:01 Entrée dans ActionAccueil.php
23/10/2017 14:53:58 Entrée dans ActionAccueil.php
23/10/2017 14:54:08 Entrée dans AfficherPopupArticle.php
23/10/2017 14:54:31 Entrée dans ActionSponsor.php
23/10/2017 15:50:24 Entrée dans ActionAccueil.php
23/10/2017 18:57:18 Entrée dans ActionAccueil.php
23/10/2017 18:57:20 Entrée dans ActionAccueil.php
23/10/2017 18:57:39 Entrée dans ActionJoueurs.php
23/10/2017 18:58:40 Entrée dans ActionJoueurs.php
23/10/2017 22:33:12 Entrée dans ActionContact.php
24/10/2017 06:11:24 Entrée dans ActionClub.php
24/10/2017 06:11:41 Entrée dans ActionAccueil.php
24/10/2017 07:30:31 Entrée dans ActionContact.php
24/10/2017 07:30:34 Entrée dans ActionContact.php
24/10/2017 07:30:38 Entrée dans ActionContact.php
24/10/2017 07:30:39 Entrée dans ActionContact.php
24/10/2017 07:30:42 Entrée dans ActionContact.php
24/10/2017 07:30:43 Entrée dans ActionContact.php
24/10/2017 10:53:00 Entrée dans ActionAccueil.php
24/10/2017 10:53:06 Entrée dans ActionJoueurs.php
24/10/2017 10:53:25 Entrée dans ActionJoueurs.php
24/10/2017 10:54:15 Entrée dans ActionAccueil.php
24/10/2017 10:54:40 Entrée dans AfficherPopupArticle.php
24/10/2017 10:56:31 Entrée dans ActionClub.php
24/10/2017 11:29:53 Entrée dans ActionJoueurs.php
24/10/2017 17:39:51 Entrée dans ActionJoueurs.php
24/10/2017 17:48:37 Entrée dans ActionEcoleDeFoot.php
24/10/2017 17:48:43 Entrée dans ActionAccueil.php
24/10/2017 17:48:51 Entrée dans AfficherPopupArticle.php
24/10/2017 21:22:06 Entrée dans ActionEcoleDeFoot.php
24/10/2017 21:22:09 Entrée dans ActionEcoleDeFoot.php
24/10/2017 21:22:16 Entrée dans ActionEcoleDeFoot.php
24/10/2017 21:22:26 Entrée dans ActionEcoleDeFoot.php
24/10/2017 21:22:41 Entrée dans ActionEcoleDeFoot.php
24/10/2017 21:22:47 Entrée dans ActionEcoleDeFoot.php
24/10/2017 21:23:05 Entrée dans ActionEcoleDeFoot.php
24/10/2017 21:23:08 Entrée dans ActionEcoleDeFoot.php
24/10/2017 21:23:12 Entrée dans ActionEcoleDeFoot.php
24/10/2017 23:31:15 Entrée dans ActionAccueil.php
24/10/2017 23:31:29 Entrée dans AfficherPopupArticle.php
24/10/2017 23:32:06 Entrée dans ActionEcoleDeFoot.php
24/10/2017 23:32:18 Entrée dans ActionEcoleDeFoot.php
24/10/2017 23:32:45 Entrée dans ActionEcoleDeFoot.php
24/10/2017 23:33:01 Entrée dans ActionEcoleDeFoot.php
24/10/2017 23:33:33 Entrée dans ActionEcoleDeFoot.php
24/10/2017 23:33:36 Entrée dans ActionEcoleDeFoot.php
24/10/2017 23:34:14 Entrée dans ActionEcoleDeFoot.php
24/10/2017 23:34:59 Entrée dans ActionEcoleDeFoot.php
24/10/2017 23:35:05 Entrée dans ActionEcoleDeFoot.php
24/10/2017 23:35:12 Entrée dans ActionEcoleDeFoot.php
24/10/2017 23:42:01 Entrée dans ActionAccueil.php
25/10/2017 15:18:46 Entrée dans ActionEcoleDeFoot.php
25/10/2017 15:18:46 Entrée dans ActionAccueil.php
25/10/2017 15:18:57 Entrée dans ActionSponsor.php
25/10/2017 18:27:56 Entrée dans ActionJoueurs.php
25/10/2017 18:27:57 Entrée dans ActionEvenement.php
25/10/2017 18:27:57 Entrée dans ActionAgenda.php
25/10/2017 18:27:57 Entrée dans ActionSponsor.php
25/10/2017 18:28:01 Entrée dans ActionEcoleDeFoot.php
25/10/2017 18:28:01 Entrée dans ActionAccueil.php
25/10/2017 18:28:01 Entrée dans ActionClub.php
26/10/2017 03:15:02 Entrée dans ActionClub.php
26/10/2017 03:59:21 Entrée dans ActionJoueurs.php
26/10/2017 04:34:52 Entrée dans ActionEvenement.php
26/10/2017 13:14:40 Entrée dans ActionJoueurs.php
26/10/2017 18:43:32 Entrée dans ActionContact.php
26/10/2017 18:43:34 Entrée dans ActionContact.php
26/10/2017 18:43:38 Entrée dans ActionContact.php
26/10/2017 18:43:39 Entrée dans ActionContact.php
26/10/2017 18:43:43 Entrée dans ActionContact.php
26/10/2017 18:43:44 Entrée dans ActionContact.php
26/10/2017 22:26:30 Entrée dans ActionClub.php
26/10/2017 22:26:32 Entrée dans ActionEcoleDeFoot.php
26/10/2017 22:26:36 Entrée dans ActionAccueil.php
26/10/2017 23:46:13 Entrée dans ActionContact.php
26/10/2017 23:46:14 Entrée dans ActionContact.php
26/10/2017 23:46:19 Entrée dans ActionContact.php
26/10/2017 23:46:20 Entrée dans ActionContact.php
26/10/2017 23:46:24 Entrée dans ActionContact.php
26/10/2017 23:46:25 Entrée dans ActionContact.php
27/10/2017 05:34:04 Entrée dans ActionAccueil.php
27/10/2017 05:54:21 Entrée dans ActionClub.php
27/10/2017 08:33:31 Entrée dans ActionAccueil.php
27/10/2017 08:34:13 Entrée dans ActionJoueurs.php
27/10/2017 11:49:33 Entrée dans ActionJoueurs.php
27/10/2017 11:51:43 Entrée dans ActionEcoleDeFoot.php
27/10/2017 11:59:33 Entrée dans ActionJoueurs.php
27/10/2017 12:00:04 Entrée dans ActionEvenement.php
27/10/2017 13:23:57 Entrée dans ActionClub.php
27/10/2017 14:53:06 Entrée dans ActionAccueil.php
27/10/2017 14:53:16 Entrée dans ActionClub.php
27/10/2017 14:53:33 Entrée dans ActionAccueil.php
27/10/2017 14:54:04 Entrée dans AfficherPopupArticle.php
27/10/2017 14:55:35 Entrée dans ActionEcoleDeFoot.php
27/10/2017 14:55:42 Entrée dans ActionEcoleDeFoot.php
27/10/2017 16:07:02 Entrée dans ActionAccueil.php
27/10/2017 16:07:10 Entrée dans AfficherPopupArticle.php
27/10/2017 18:18:20 Entrée dans ActionContact.php
27/10/2017 18:18:22 Entrée dans ActionContact.php
27/10/2017 18:18:28 Entrée dans ActionContact.php
27/10/2017 18:18:28 Entrée dans ActionContact.php
27/10/2017 18:18:32 Entrée dans ActionContact.php
27/10/2017 18:18:33 Entrée dans ActionContact.php
27/10/2017 22:10:35 Entrée dans ActionJoueurs.php
28/10/2017 09:26:22 Entrée dans ActionContact.php
28/10/2017 09:26:24 Entrée dans ActionContact.php
28/10/2017 09:26:28 Entrée dans ActionContact.php
28/10/2017 09:26:29 Entrée dans ActionContact.php
28/10/2017 09:26:33 Entrée dans ActionContact.php
28/10/2017 09:26:34 Entrée dans ActionContact.php
28/10/2017 10:35:36 Entrée dans ActionAgenda.php
28/10/2017 12:17:18 Entrée dans ActionAccueil.php
28/10/2017 12:17:40 Entrée dans ActionLogin.php
28/10/2017 12:17:40 Authentification de fgastrini.
28/10/2017 12:17:40 Entrée dans ActionProfil.php
28/10/2017 12:17:44 Entrée dans GestionResultats.php
28/10/2017 12:17:53 Entrée dans GestionResultats.php
28/10/2017 12:17:58 Entrée dans ActionMembre.php
28/10/2017 12:18:14 Entrée dans ActionMembre.php
28/10/2017 12:18:20 Entrée dans RechercherMembre.php
28/10/2017 12:18:27 Entrée dans ActionMembre.php
28/10/2017 12:21:15 Entrée dans ActionMembre.php
28/10/2017 12:21:22 Entrée dans RechercherMembre.php
28/10/2017 12:21:26 Entrée dans ActionMembre.php
28/10/2017 12:21:30 Entrée dans RechercherMembre.php
28/10/2017 12:21:32 Entrée dans ActionMembre.php
28/10/2017 13:05:27 Entrée dans ActionMembre.php
28/10/2017 13:05:36 Entrée dans RechercherMembre.php
28/10/2017 13:06:24 Entrée dans ActionMembre.php
28/10/2017 13:06:32 Entrée dans RechercherMembre.php
28/10/2017 13:06:36 Entrée dans ActionMembre.php
28/10/2017 13:08:00 Entrée dans ActionMembre.php
28/10/2017 13:08:11 Entrée dans RechercherMembre.php
28/10/2017 13:08:42 Entrée dans ActionMembre.php
28/10/2017 13:08:49 Entrée dans RechercherMembre.php
28/10/2017 13:09:24 Entrée dans ActionMembre.php
28/10/2017 13:09:29 Entrée dans RechercherMembre.php
28/10/2017 13:09:58 Entrée dans ActionMembre.php
28/10/2017 13:10:03 Entrée dans RechercherMembre.php
28/10/2017 13:10:33 Entrée dans ActionMembre.php
28/10/2017 13:11:14 Entrée dans ActionMembre.php
28/10/2017 13:11:27 Entrée dans RechercherMembre.php
28/10/2017 13:11:50 Entrée dans ActionMembre.php
28/10/2017 13:11:55 Entrée dans RechercherMembre.php
28/10/2017 13:12:24 Entrée dans ActionMembre.php
28/10/2017 13:12:29 Entrée dans RechercherMembre.php
28/10/2017 13:14:21 Entrée dans ActionMembre.php
28/10/2017 13:14:26 Entrée dans RechercherMembre.php
28/10/2017 13:14:59 Entrée dans ActionMembre.php
28/10/2017 13:16:01 Entrée dans ActionMembre.php
28/10/2017 13:17:34 Entrée dans ActionMembre.php
28/10/2017 13:18:16 Entrée dans ActionMembre.php
28/10/2017 13:18:46 Entrée dans ActionMembre.php
28/10/2017 13:19:32 Entrée dans ActionMembre.php
28/10/2017 13:20:04 Entrée dans ActionMembre.php
28/10/2017 13:20:51 Entrée dans ActionMembre.php
28/10/2017 13:21:51 Entrée dans ActionMembre.php
28/10/2017 13:23:20 Entrée dans ActionRencontre.php
28/10/2017 13:23:50 Entrée dans ActionArticle.php
28/10/2017 13:24:12 Entrée dans ActionAccueil.php
28/10/2017 13:24:16 Entrée dans AfficherPopupArticle.php
28/10/2017 13:25:05 Entrée dans ActionClub.php
28/10/2017 13:25:11 Entrée dans ActionEcoleDeFoot.php
28/10/2017 13:25:20 Entrée dans ActionEcoleDeFoot.php
28/10/2017 13:25:54 Entrée dans ActionEcoleDeFoot.php
28/10/2017 13:26:14 Entrée dans ActionEcoleDeFoot.php
28/10/2017 13:26:17 Entrée dans ActionEcoleDeFoot.php
28/10/2017 13:26:23 Entrée dans ActionEcoleDeFoot.php
28/10/2017 13:26:29 Entrée dans ActionClub.php
28/10/2017 13:26:31 Entrée dans ActionAccueil.php
28/10/2017 13:26:42 Entrée dans ActionProfil.php
28/10/2017 13:26:47 Entrée dans ActionMembre.php
28/10/2017 13:27:02 Entrée dans ActionMembre.php
28/10/2017 13:27:16 Entrée dans ActionMembre.php
28/10/2017 13:27:18 Entrée dans ActionMembre.php
28/10/2017 13:27:20 Entrée dans ActionMembre.php
28/10/2017 13:27:23 Entrée dans ActionMembre.php
28/10/2017 13:27:26 Entrée dans ActionMembre.php
28/10/2017 13:27:28 Entrée dans ActionMembre.php
28/10/2017 13:27:30 Entrée dans ActionMembre.php
28/10/2017 13:27:32 Entrée dans ActionMembre.php
28/10/2017 13:27:34 Entrée dans ActionMembre.php
28/10/2017 13:27:37 Entrée dans ActionMembre.php
28/10/2017 13:27:39 Entrée dans ActionMembre.php
28/10/2017 13:27:42 Entrée dans ActionMembre.php
28/10/2017 13:27:46 Entrée dans ActionMembre.php
28/10/2017 13:27:49 Entrée dans ActionMembre.php
28/10/2017 13:27:50 Entrée dans ActionMembre.php
28/10/2017 13:27:52 Entrée dans ActionMembre.php
28/10/2017 13:27:54 Entrée dans ActionMembre.php
28/10/2017 13:27:55 Entrée dans ActionMembre.php
28/10/2017 13:27:59 Entrée dans ActionMembre.php
28/10/2017 13:28:01 Entrée dans RechercherMembre.php
28/10/2017 13:28:03 Entrée dans ActionMembre.php
28/10/2017 13:28:07 Entrée dans ActionMembre.php
28/10/2017 13:28:09 Entrée dans ActionMembre.php
28/10/2017 13:28:11 Entrée dans ActionMembre.php
28/10/2017 13:28:20 Entrée dans ActionMembre.php
28/10/2017 13:28:30 Entrée dans ActionMembre.php
28/10/2017 13:28:34 Entrée dans ActionMembre.php
28/10/2017 13:28:36 Entrée dans ActionMembre.php
28/10/2017 13:28:39 Entrée dans ActionMembre.php
28/10/2017 13:28:41 Entrée dans ActionMembre.php
28/10/2017 13:28:42 Entrée dans ActionMembre.php
28/10/2017 13:28:45 Entrée dans ActionMembre.php
28/10/2017 13:28:46 Entrée dans ActionMembre.php
28/10/2017 13:28:48 Entrée dans ActionMembre.php
28/10/2017 13:28:50 Entrée dans ActionMembre.php
28/10/2017 13:28:56 Entrée dans ActionMembre.php
28/10/2017 13:29:03 Entrée dans ActionMembre.php
28/10/2017 13:29:09 Entrée dans ActionMembre.php
28/10/2017 13:29:21 Entrée dans ActionAccueil.php
28/10/2017 13:29:21 Entrée dans ActionAccueil.php
28/10/2017 15:59:03 Entrée dans ActionClub.php
28/10/2017 17:14:05 Entrée dans ActionAccueil.php
28/10/2017 17:47:10 Entrée dans ActionAccueil.php
28/10/2017 17:47:30 Entrée dans ActionAccueil.php
28/10/2017 19:34:05 Entrée dans ActionClub.php
28/10/2017 23:33:25 Entrée dans ActionAccueil.php
28/10/2017 23:33:57 Entrée dans ActionClub.php
28/10/2017 23:34:18 Entrée dans ActionAccueil.php
29/10/2017 00:53:03 Entrée dans ActionAccueil.php
29/10/2017 00:54:24 Entrée dans ActionClub.php
29/10/2017 00:54:45 Entrée dans ActionJoueurs.php
29/10/2017 00:57:08 Entrée dans ActionEcoleDeFoot.php
29/10/2017 00:57:13 Entrée dans ActionJoueurs.php
29/10/2017 00:58:58 Entrée dans ActionClub.php
29/10/2017 01:02:48 Entrée dans ActionAccueil.php
29/10/2017 07:11:41 Entrée dans ActionEcoleDeFoot.php
29/10/2017 07:11:41 Entrée dans ActionAccueil.php
29/10/2017 07:16:02 Entrée dans ActionSponsor.php
29/10/2017 09:31:36 Entrée dans ActionAccueil.php
29/10/2017 09:40:21 Entrée dans ActionAccueil.php
29/10/2017 09:40:27 Entrée dans ActionJoueurs.php
29/10/2017 10:01:25 Entrée dans ActionSponsor.php
29/10/2017 10:02:19 Entrée dans ActionAccueil.php
29/10/2017 10:02:26 Entrée dans AfficherPopupArticle.php
29/10/2017 11:24:02 Entrée dans ActionAccueil.php
29/10/2017 17:00:40 Entrée dans ActionClub.php
29/10/2017 17:00:42 Entrée dans ActionAccueil.php
29/10/2017 17:00:46 Entrée dans ActionEcoleDeFoot.php
29/10/2017 20:01:23 Entrée dans ActionAccueil.php
29/10/2017 20:03:08 Entrée dans ActionClub.php
30/10/2017 03:24:06 Entrée dans ActionAccueil.php
30/10/2017 08:39:17 Entrée dans ActionAgenda.php
30/10/2017 09:28:14 Entrée dans ActionAccueil.php
30/10/2017 09:28:21 Entrée dans ActionJoueurs.php
30/10/2017 09:29:15 Entrée dans ActionClub.php
30/10/2017 14:01:47 Entrée dans ActionContact.php
30/10/2017 14:01:47 Entrée dans ActionContact.php
30/10/2017 14:01:48 Entrée dans ActionContact.php
30/10/2017 14:01:56 Entrée dans ActionClub.php
30/10/2017 14:02:02 Entrée dans ActionJoueurs.php
30/10/2017 14:02:08 Entrée dans ActionAgenda.php
31/10/2017 01:56:17 Entrée dans ActionAccueil.php
31/10/2017 04:33:23 Entrée dans ActionClub.php
31/10/2017 23:26:05 Entrée dans ActionAgenda.php
