01/12/2015 04:17:47 Entrée dans ActionAccueil.php
01/12/2015 07:10:04 Entrée dans ActionEcoleDeFoot.php
01/12/2015 07:10:24 Entrée dans ActionEcoleDeFoot.php
01/12/2015 07:10:32 Entrée dans ActionEcoleDeFoot.php
01/12/2015 07:12:25 Entrée dans ActionAccueil.php
01/12/2015 07:12:50 Entrée dans AfficherPopupArticle.php
01/12/2015 07:13:33 Entrée dans AfficherPopupArticle.php
01/12/2015 07:13:42 Entrée dans AfficherPopupArticle.php
01/12/2015 07:14:00 Entrée dans AfficherPopupArticle.php
01/12/2015 07:14:52 Entrée dans AfficherPopupArticle.php
01/12/2015 07:15:35 Entrée dans AfficherPopupArticle.php
01/12/2015 11:18:13 Entrée dans ActionAccueil.php
01/12/2015 11:26:20 Entrée dans ActionClub.php
01/12/2015 11:26:51 Entrée dans ActionJoueurs.php
01/12/2015 11:29:44 Entrée dans ActionJoueurs.php
01/12/2015 14:53:32 Entrée dans ActionAccueil.php
01/12/2015 14:53:39 Entrée dans ActionJoueurs.php
01/12/2015 14:58:39 Entrée dans ActionAccueil.php
01/12/2015 14:59:01 Entrée dans ActionAccueil.php
01/12/2015 15:34:37 Entrée dans ActionLogin.php
01/12/2015 15:34:37 Authentification de epetot.
01/12/2015 15:34:37 Entrée dans ActionProfil.php
01/12/2015 15:34:40 Entrée dans ActionAccueil.php
01/12/2015 15:34:57 Entrée dans AfficherPopupCompteRendu.php
01/12/2015 15:36:04 Entrée dans ActionAccueil.php
01/12/2015 15:36:14 Entrée dans ActionEvenement.php
01/12/2015 15:36:16 Entrée dans ActionAgenda.php
01/12/2015 15:36:17 Entrée dans ActionAgenda.php
01/12/2015 15:36:19 Entrée dans ActionEcoleDeFoot.php
01/12/2015 15:36:33 Entrée dans ActionEcoleDeFoot.php
01/12/2015 15:37:03 Entrée dans ActionAccueil.php
01/12/2015 15:37:24 Entrée dans AfficherPopupArticle.php
01/12/2015 15:37:30 Entrée dans AfficherPopupArticle.php
01/12/2015 15:37:54 Entrée dans ActionAccueil.php
01/12/2015 15:38:01 Entrée dans AfficherPopupArticle.php
01/12/2015 15:38:07 Entrée dans ActionEvenement.php
01/12/2015 15:38:10 Entrée dans ActionAgenda.php
01/12/2015 15:38:11 Entrée dans ActionAgenda.php
01/12/2015 15:38:13 Entrée dans ActionEcoleDeFoot.php
01/12/2015 17:16:27 Entrée dans ActionAccueil.php
01/12/2015 17:16:46 Entrée dans ActionJoueurs.php
01/12/2015 17:58:13 Entrée dans ActionAccueil.php
01/12/2015 17:58:14 Entrée dans ActionClub.php
01/12/2015 17:58:14 Entrée dans ActionJoueurs.php
01/12/2015 17:58:14 Entrée dans ActionEcoleDeFoot.php
01/12/2015 17:58:14 Entrée dans ActionAgenda.php
01/12/2015 17:58:15 Entrée dans ActionEvenement.php
01/12/2015 18:53:31 Entrée dans ActionAccueil.php
01/12/2015 18:53:56 Entrée dans AfficherPopupArticle.php
01/12/2015 18:54:28 Entrée dans AfficherPopupArticle.php
01/12/2015 18:54:34 Entrée dans AfficherPopupArticle.php
01/12/2015 18:55:07 Entrée dans AfficherPopupCompteRendu.php
01/12/2015 19:21:43 Entrée dans AfficherPopupArticle.php
01/12/2015 19:23:02 Entrée dans ActionLogin.php
01/12/2015 19:23:02 Authentification de fgastrini.
01/12/2015 19:23:03 Entrée dans ActionProfil.php
01/12/2015 19:23:07 Entrée dans ActionArticle.php
01/12/2015 19:26:49 Entrée dans ActionArticle.php
01/12/2015 19:27:07 Entrée dans ActionArticle.php
01/12/2015 19:27:10 Entrée dans ActionArticle.php
01/12/2015 19:27:13 Entrée dans ActionAccueil.php
01/12/2015 19:27:49 Entrée dans ActionProfil.php
01/12/2015 19:27:53 Entrée dans ActionArticle.php
01/12/2015 19:28:18 Entrée dans ActionProfil.php
01/12/2015 19:28:22 Entrée dans ActionRencontre.php
01/12/2015 19:28:31 Entrée dans ActionAccueil.php
01/12/2015 19:28:32 Entrée dans ActionAccueil.php
02/12/2015 12:38:39 Entrée dans ActionAccueil.php
02/12/2015 15:26:36 Entrée dans ActionAccueil.php
02/12/2015 15:27:12 Entrée dans AfficherPopupArticle.php
02/12/2015 15:30:13 Entrée dans ActionJoueurs.php
02/12/2015 15:30:30 Entrée dans ActionEcoleDeFoot.php
02/12/2015 15:30:57 Entrée dans ActionAgenda.php
02/12/2015 15:31:00 Entrée dans ActionAgenda.php
02/12/2015 15:31:18 Entrée dans ActionAccueil.php
02/12/2015 15:31:37 Entrée dans ActionClub.php
02/12/2015 15:32:12 Entrée dans ActionAccueil.php
02/12/2015 15:32:35 Entrée dans ActionJoueurs.php
02/12/2015 15:32:56 Entrée dans ActionSponsor.php
02/12/2015 15:33:07 Entrée dans ActionAgenda.php
02/12/2015 15:33:09 Entrée dans ActionAgenda.php
02/12/2015 15:33:13 Entrée dans ActionJoueurs.php
02/12/2015 15:36:58 Entrée dans ActionAgenda.php
02/12/2015 15:37:07 Entrée dans ActionAgenda.php
02/12/2015 17:31:05 Entrée dans ActionAccueil.php
02/12/2015 17:31:09 Entrée dans ActionClub.php
02/12/2015 17:31:11 Entrée dans ActionJoueurs.php
02/12/2015 17:31:13 Entrée dans ActionEcoleDeFoot.php
02/12/2015 17:31:14 Entrée dans ActionAgenda.php
02/12/2015 17:31:17 Entrée dans ActionEvenement.php
02/12/2015 17:31:19 Entrée dans ActionSponsor.php
02/12/2015 18:13:14 Entrée dans ActionAccueil.php
02/12/2015 18:13:42 Entrée dans ActionJoueurs.php
02/12/2015 18:49:52 Entrée dans ActionAccueil.php
02/12/2015 18:50:03 Entrée dans ActionClub.php
02/12/2015 21:24:22 Entrée dans ActionAccueil.php
02/12/2015 22:53:22 Entrée dans ActionJoueurs.php
03/12/2015 11:52:48 Entrée dans ActionAccueil.php
03/12/2015 11:53:01 Entrée dans ActionJoueurs.php
03/12/2015 11:54:05 Entrée dans ActionClub.php
03/12/2015 13:23:40 Entrée dans ActionAccueil.php
03/12/2015 13:23:44 Entrée dans ActionClub.php
03/12/2015 13:23:47 Entrée dans ActionJoueurs.php
03/12/2015 13:23:49 Entrée dans ActionEcoleDeFoot.php
03/12/2015 13:23:52 Entrée dans ActionAgenda.php
03/12/2015 13:23:55 Entrée dans ActionEvenement.php
03/12/2015 13:23:57 Entrée dans ActionSponsor.php
03/12/2015 14:02:30 Entrée dans ActionAccueil.php
03/12/2015 17:08:47 Entrée dans ActionAccueil.php
03/12/2015 21:45:31 Entrée dans ActionAccueil.php
03/12/2015 21:45:54 Entrée dans ActionJoueurs.php
03/12/2015 22:20:24 Entrée dans ActionJoueurs.php
03/12/2015 22:22:28 Entrée dans ActionClub.php
03/12/2015 22:23:16 Entrée dans ActionAgenda.php
03/12/2015 22:23:18 Entrée dans ActionAgenda.php
04/12/2015 08:28:50 Entrée dans ActionAgenda.php
04/12/2015 10:58:38 Entrée dans ActionAgenda.php
04/12/2015 12:18:07 Entrée dans ActionAccueil.php
04/12/2015 12:47:08 Entrée dans ActionAccueil.php
04/12/2015 12:48:58 Entrée dans ActionEcoleDeFoot.php
04/12/2015 12:49:14 Entrée dans ActionEcoleDeFoot.php
04/12/2015 12:49:18 Entrée dans ActionEcoleDeFoot.php
04/12/2015 12:49:22 Entrée dans ActionEcoleDeFoot.php
04/12/2015 12:49:43 Entrée dans ActionEcoleDeFoot.php
04/12/2015 12:50:08 Entrée dans ActionEcoleDeFoot.php
04/12/2015 12:50:22 Entrée dans ActionEcoleDeFoot.php
04/12/2015 12:50:30 Entrée dans ActionEcoleDeFoot.php
04/12/2015 12:50:52 Entrée dans ActionEcoleDeFoot.php
04/12/2015 12:51:20 Entrée dans ActionEcoleDeFoot.php
04/12/2015 12:52:09 Entrée dans ActionJoueurs.php
04/12/2015 12:53:54 Entrée dans ActionClub.php
04/12/2015 16:06:38 Entrée dans ActionEcoleDeFoot.php
04/12/2015 16:07:55 Entrée dans ActionClub.php
04/12/2015 16:09:18 Entrée dans ActionAgenda.php
04/12/2015 16:09:29 Entrée dans ActionSponsor.php
04/12/2015 16:10:36 Entrée dans ActionJoueurs.php
04/12/2015 16:10:58 Entrée dans ActionEvenement.php
04/12/2015 16:14:12 Entrée dans ActionEcoleDeFoot.php
04/12/2015 16:14:24 Entrée dans ActionEcoleDeFoot.php
04/12/2015 16:14:37 Entrée dans ActionEcoleDeFoot.php
04/12/2015 16:14:38 Entrée dans ActionEcoleDeFoot.php
04/12/2015 16:42:17 Entrée dans ActionAccueil.php
04/12/2015 16:42:38 Entrée dans AfficherPopupArticle.php
04/12/2015 16:43:29 Entrée dans ActionLogin.php
04/12/2015 16:43:29 Authentification de aissadi.
04/12/2015 16:43:30 Entrée dans ActionProfil.php
04/12/2015 16:43:37 Entrée dans ActionArticle.php
04/12/2015 16:43:41 Entrée dans ActionMembre.php
04/12/2015 16:43:51 Entrée dans ActionMembre.php
04/12/2015 16:44:04 Entrée dans ActionRencontre.php
04/12/2015 18:37:30 Entrée dans ActionAccueil.php
04/12/2015 18:37:36 Entrée dans ActionAgenda.php
04/12/2015 18:37:40 Entrée dans ActionClub.php
04/12/2015 18:37:44 Entrée dans ActionEcoleDeFoot.php
04/12/2015 18:37:51 Entrée dans ActionEvenement.php
04/12/2015 20:18:00 Entrée dans ActionAccueil.php
04/12/2015 20:18:13 Entrée dans AfficherPopupArticle.php
04/12/2015 20:18:53 Entrée dans ActionAccueil.php
04/12/2015 20:18:57 Entrée dans ActionClub.php
04/12/2015 20:19:14 Entrée dans ActionJoueurs.php
04/12/2015 20:20:02 Entrée dans ActionEcoleDeFoot.php
04/12/2015 20:20:11 Entrée dans ActionEcoleDeFoot.php
04/12/2015 20:36:02 Entrée dans ActionAccueil.php
04/12/2015 20:36:20 Entrée dans AfficherPopupCompteRendu.php
04/12/2015 22:49:02 Entrée dans ActionRencontre.php
04/12/2015 22:49:04 Entrée dans ActionAccueil.php
04/12/2015 22:49:32 Entrée dans AfficherPopupArticle.php
04/12/2015 22:49:43 Entrée dans AfficherPopupArticle.php
04/12/2015 23:07:33 Entrée dans ActionAccueil.php
05/12/2015 01:35:24 Entrée dans ActionAccueil.php
05/12/2015 01:35:27 Entrée dans ActionJoueurs.php
05/12/2015 09:13:16 Entrée dans ActionAccueil.php
05/12/2015 09:13:30 Entrée dans ActionClub.php
05/12/2015 10:50:38 Entrée dans ActionAccueil.php
05/12/2015 10:51:32 Entrée dans ActionJoueurs.php
05/12/2015 11:53:20 Entrée dans ActionAgenda.php
05/12/2015 11:55:01 Entrée dans ActionAgenda.php
05/12/2015 15:00:07 Entrée dans ActionAccueil.php
05/12/2015 15:35:14 Entrée dans ActionEcoleDeFoot.php
05/12/2015 15:35:18 Entrée dans ActionEcoleDeFoot.php
05/12/2015 15:36:31 Entrée dans ActionEcoleDeFoot.php
05/12/2015 15:36:34 Entrée dans ActionEcoleDeFoot.php
05/12/2015 15:37:41 Entrée dans ActionEvenement.php
05/12/2015 19:58:06 Entrée dans ActionAccueil.php
05/12/2015 19:58:08 Entrée dans ActionAgenda.php
05/12/2015 19:58:11 Entrée dans ActionClub.php
05/12/2015 19:58:13 Entrée dans ActionEcoleDeFoot.php
05/12/2015 19:58:14 Entrée dans ActionEvenement.php
05/12/2015 19:58:14 Entrée dans ActionJoueurs.php
05/12/2015 19:58:15 Entrée dans ActionSponsor.php
05/12/2015 20:44:02 Entrée dans ActionAccueil.php
05/12/2015 20:52:10 Entrée dans ActionAccueil.php
06/12/2015 00:10:02 Entrée dans ActionEcoleDeFoot.php
06/12/2015 00:22:53 Entrée dans ActionEcoleDeFoot.php
06/12/2015 00:25:10 Entrée dans ActionClub.php
06/12/2015 00:26:57 Entrée dans ActionAgenda.php
06/12/2015 00:27:06 Entrée dans ActionSponsor.php
06/12/2015 00:28:12 Entrée dans ActionJoueurs.php
06/12/2015 00:29:08 Entrée dans ActionEvenement.php
06/12/2015 06:03:48 Entrée dans ActionAccueil.php
06/12/2015 06:03:51 Entrée dans ActionAgenda.php
06/12/2015 06:03:55 Entrée dans ActionClub.php
06/12/2015 06:03:58 Entrée dans ActionEcoleDeFoot.php
06/12/2015 06:04:02 Entrée dans ActionEvenement.php
06/12/2015 08:45:19 Entrée dans ActionAccueil.php
06/12/2015 08:46:16 Entrée dans ActionClub.php
06/12/2015 08:47:03 Entrée dans ActionEvenement.php
06/12/2015 08:47:22 Entrée dans ActionAgenda.php
06/12/2015 08:47:25 Entrée dans ActionAgenda.php
06/12/2015 08:47:37 Entrée dans ActionAgenda.php
06/12/2015 08:47:44 Entrée dans ActionAgenda.php
06/12/2015 09:04:39 Entrée dans ActionAccueil.php
06/12/2015 10:16:43 Entrée dans ActionAccueil.php
06/12/2015 13:19:10 Entrée dans ActionAccueil.php
06/12/2015 13:19:11 Entrée dans ActionAccueil.php
06/12/2015 13:20:14 Entrée dans AfficherPopupArticle.php
06/12/2015 13:21:58 Entrée dans ActionClub.php
06/12/2015 13:24:49 Entrée dans AfficherPopupArticle.php
06/12/2015 13:26:38 Entrée dans ActionAccueil.php
06/12/2015 13:26:46 Entrée dans ActionClub.php
06/12/2015 13:27:10 Entrée dans ActionAccueil.php
06/12/2015 17:04:06 Entrée dans ActionEcoleDeFoot.php
06/12/2015 17:04:47 Entrée dans ActionJoueurs.php
06/12/2015 18:27:12 Entrée dans ActionAccueil.php
06/12/2015 18:27:15 Entrée dans ActionJoueurs.php
06/12/2015 20:08:28 Entrée dans ActionRencontre.php
06/12/2015 20:08:29 Entrée dans ActionAccueil.php
06/12/2015 21:32:10 Entrée dans ActionAccueil.php
06/12/2015 21:32:42 Entrée dans AfficherPopupArticle.php
06/12/2015 21:35:56 Entrée dans ActionAccueil.php
06/12/2015 23:12:20 Entrée dans ActionAccueil.php
06/12/2015 23:13:14 Entrée dans AfficherPopupArticle.php
07/12/2015 04:34:19 Entrée dans ActionClub.php
07/12/2015 07:38:44 Entrée dans ActionJoueurs.php
07/12/2015 07:38:55 Entrée dans ActionJoueurs.php
07/12/2015 13:25:15 Entrée dans ActionAccueil.php
07/12/2015 15:48:36 Entrée dans ActionAgenda.php
07/12/2015 16:26:02 Entrée dans ActionAccueil.php
07/12/2015 16:26:06 Entrée dans ActionJoueurs.php
07/12/2015 17:13:22 Entrée dans ActionAccueil.php
07/12/2015 18:14:15 Entrée dans ActionAccueil.php
07/12/2015 18:16:04 Entrée dans ActionJoueurs.php
07/12/2015 18:19:52 Entrée dans ActionAgenda.php
07/12/2015 18:20:06 Entrée dans ActionAgenda.php
07/12/2015 21:24:45 Entrée dans ActionRencontre.php
07/12/2015 21:24:46 Entrée dans ActionAccueil.php
07/12/2015 21:25:21 Entrée dans ActionLogin.php
07/12/2015 21:25:21 Authentification de rernesti.
07/12/2015 21:25:21 Entrée dans ActionProfil.php
07/12/2015 21:25:37 Entrée dans ActionArticle.php
07/12/2015 21:31:42 Entrée dans ActionArticle.php
07/12/2015 21:31:51 Entrée dans ActionAccueil.php
07/12/2015 21:32:01 Entrée dans AfficherPopupArticle.php
07/12/2015 21:32:13 Entrée dans ActionAccueil.php
07/12/2015 21:32:20 Entrée dans ActionAccueil.php
07/12/2015 21:32:21 Entrée dans ActionAccueil.php
07/12/2015 21:32:24 Entrée dans ActionAccueil.php
07/12/2015 21:32:24 Entrée dans ActionAccueil.php
07/12/2015 21:32:27 Entrée dans ActionClub.php
07/12/2015 21:32:30 Entrée dans ActionAccueil.php
07/12/2015 21:32:46 Entrée dans ActionLogin.php
07/12/2015 21:32:47 Authentification de rernesti.
07/12/2015 21:32:47 Entrée dans ActionProfil.php
07/12/2015 21:32:51 Entrée dans ActionArticle.php
07/12/2015 21:32:55 Entrée dans RechercherArticle.php
07/12/2015 21:33:17 Entrée dans ActionArticle.php
07/12/2015 21:33:21 Entrée dans RechercherArticle.php
07/12/2015 21:33:45 Entrée dans ActionArticle.php
07/12/2015 21:33:50 Entrée dans RechercherArticle.php
07/12/2015 21:33:57 Entrée dans ActionArticle.php
07/12/2015 21:33:59 Entrée dans ActionArticle.php
07/12/2015 21:34:05 Entrée dans ActionArticle.php
07/12/2015 21:34:07 Entrée dans RechercherArticle.php
07/12/2015 21:34:13 Entrée dans ActionArticle.php
07/12/2015 21:34:20 Entrée dans ActionArticle.php
07/12/2015 21:34:25 Entrée dans RechercherArticle.php
07/12/2015 21:34:31 Entrée dans RechercherArticle.php
07/12/2015 21:35:03 Entrée dans ActionAccueil.php
07/12/2015 21:35:11 Entrée dans ActionProfil.php
07/12/2015 21:35:14 Entrée dans ActionArticle.php
07/12/2015 21:35:16 Entrée dans ActionArticle.php
07/12/2015 21:35:25 Entrée dans ActionAccueil.php
07/12/2015 21:35:31 Entrée dans RechercherArticle.php
07/12/2015 21:35:39 Entrée dans AfficherPopupArticle.php
07/12/2015 21:35:57 Entrée dans AfficherPopupArticle.php
07/12/2015 21:36:09 Entrée dans ActionProfil.php
07/12/2015 21:36:11 Entrée dans ActionArticle.php
07/12/2015 21:36:19 Entrée dans RechercherArticle.php
07/12/2015 21:37:53 Entrée dans ActionArticle.php
07/12/2015 21:37:57 Entrée dans ActionArticle.php
07/12/2015 21:37:59 Entrée dans RechercherArticle.php
07/12/2015 21:38:19 Entrée dans ActionAccueil.php
07/12/2015 21:38:29 Entrée dans ActionJoueurs.php
07/12/2015 21:38:30 Entrée dans ActionArticle.php
07/12/2015 21:38:38 Entrée dans ActionArticle.php
07/12/2015 21:38:42 Entrée dans RechercherArticle.php
07/12/2015 21:38:48 Entrée dans ActionArticle.php
07/12/2015 21:39:39 Entrée dans ActionArticle.php
07/12/2015 21:39:43 Entrée dans ActionAccueil.php
07/12/2015 21:39:52 Entrée dans ActionProfil.php
07/12/2015 21:39:54 Entrée dans ActionArticle.php
07/12/2015 21:39:59 Entrée dans ActionArticle.php
07/12/2015 21:40:03 Entrée dans ActionArticle.php
07/12/2015 21:40:19 Entrée dans ActionArticle.php
07/12/2015 21:40:29 Entrée dans RechercherArticle.php
07/12/2015 21:40:36 Entrée dans ActionArticle.php
07/12/2015 21:40:47 Entrée dans ActionAccueil.php
07/12/2015 21:40:47 Entrée dans ActionAccueil.php
07/12/2015 21:41:12 Entrée dans ActionAccueil.php
07/12/2015 21:41:19 Entrée dans ActionLogin.php
07/12/2015 21:41:19 Authentification de rernesti.
07/12/2015 21:41:19 Entrée dans ActionProfil.php
07/12/2015 21:41:20 Entrée dans ActionAccueil.php
07/12/2015 21:41:25 Entrée dans ActionAccueil.php
07/12/2015 21:41:31 Entrée dans ActionLogin.php
07/12/2015 21:41:31 Authentification de rernesti.
07/12/2015 21:41:31 Entrée dans ActionProfil.php
07/12/2015 21:41:31 Entrée dans ActionAccueil.php
07/12/2015 21:41:36 Entrée dans ActionEcoleDeFoot.php
07/12/2015 21:41:39 Entrée dans ActionJoueurs.php
07/12/2015 21:41:42 Entrée dans ActionClub.php
07/12/2015 21:43:42 Entrée dans ActionLogin.php
07/12/2015 21:43:42 Authentification de rernesti.
07/12/2015 21:43:42 Entrée dans ActionProfil.php
07/12/2015 21:43:45 Entrée dans ActionArticle.php
07/12/2015 21:43:50 Entrée dans RechercherArticle.php
07/12/2015 21:43:56 Entrée dans ActionArticle.php
07/12/2015 21:45:19 Entrée dans ActionArticle.php
07/12/2015 21:45:37 Entrée dans ActionAccueil.php
07/12/2015 21:45:41 Entrée dans ActionRencontre.php
07/12/2015 21:45:42 Entrée dans ActionAccueil.php
07/12/2015 21:45:58 Entrée dans AfficherPopupArticle.php
07/12/2015 21:46:45 Entrée dans ActionLogin.php
07/12/2015 21:46:45 Authentification de rernesti.
07/12/2015 21:46:46 Entrée dans ActionProfil.php
07/12/2015 21:46:51 Entrée dans ActionArticle.php
07/12/2015 21:46:57 Entrée dans ActionArticle.php
07/12/2015 21:48:42 Entrée dans ActionAccueil.php
07/12/2015 21:48:48 Entrée dans ActionProfil.php
07/12/2015 21:48:50 Entrée dans ActionArticle.php
07/12/2015 21:48:52 Entrée dans ActionArticle.php
07/12/2015 21:48:54 Entrée dans ActionAccueil.php
07/12/2015 21:49:01 Entrée dans RechercherArticle.php
07/12/2015 21:49:04 Entrée dans RechercherArticle.php
07/12/2015 21:49:10 Entrée dans ActionProfil.php
07/12/2015 21:49:11 Entrée dans ActionArticle.php
07/12/2015 21:49:13 Entrée dans ActionArticle.php
07/12/2015 22:09:24 Entrée dans ActionAccueil.php
07/12/2015 22:47:43 Entrée dans ActionAccueil.php
08/12/2015 03:59:49 Entrée dans ActionEcoleDeFoot.php
08/12/2015 06:49:46 Entrée dans ActionAccueil.php
08/12/2015 06:49:50 Entrée dans ActionAgenda.php
08/12/2015 06:49:53 Entrée dans ActionClub.php
08/12/2015 06:49:56 Entrée dans ActionEcoleDeFoot.php
08/12/2015 06:49:59 Entrée dans ActionEvenement.php
08/12/2015 07:25:55 Entrée dans ActionAccueil.php
08/12/2015 07:26:32 Entrée dans ActionEcoleDeFoot.php
08/12/2015 07:26:38 Entrée dans ActionEcoleDeFoot.php
08/12/2015 07:27:37 Entrée dans ActionEcoleDeFoot.php
08/12/2015 07:33:12 Entrée dans ActionSponsor.php
08/12/2015 07:33:21 Entrée dans ActionSponsor.php
08/12/2015 12:08:47 Entrée dans ActionAccueil.php
08/12/2015 13:48:57 Entrée dans ActionAccueil.php
08/12/2015 13:58:41 Entrée dans ActionAccueil.php
08/12/2015 13:58:52 Entrée dans ActionJoueurs.php
08/12/2015 13:59:33 Entrée dans ActionClub.php
08/12/2015 13:59:40 Entrée dans ActionEvenement.php
08/12/2015 13:59:47 Entrée dans ActionAccueil.php
08/12/2015 16:41:23 Entrée dans ActionAccueil.php
08/12/2015 18:28:47 Entrée dans ActionAccueil.php
08/12/2015 18:29:12 Entrée dans AfficherPopupArticle.php
08/12/2015 18:30:12 Entrée dans ActionAccueil.php
08/12/2015 18:30:17 Entrée dans ActionJoueurs.php
08/12/2015 18:32:13 Entrée dans ActionJoueurs.php
08/12/2015 18:33:13 Entrée dans ActionJoueurs.php
08/12/2015 18:33:25 Entrée dans ActionEvenement.php
08/12/2015 18:35:18 Entrée dans ActionAccueil.php
08/12/2015 19:37:19 Entrée dans ActionJoueurs.php
08/12/2015 20:17:09 Entrée dans ActionEvenement.php
08/12/2015 21:12:24 Entrée dans ActionRencontre.php
08/12/2015 21:12:26 Entrée dans ActionAccueil.php
08/12/2015 21:58:28 Entrée dans ActionAccueil.php
08/12/2015 21:58:36 Entrée dans AfficherPopupArticle.php
08/12/2015 21:59:49 Entrée dans AfficherPopupArticle.php
08/12/2015 22:51:04 Entrée dans ActionAccueil.php
08/12/2015 22:51:22 Entrée dans AfficherPopupCompteRendu.php
09/12/2015 05:52:06 Entrée dans ActionAccueil.php
09/12/2015 05:52:10 Entrée dans ActionJoueurs.php
09/12/2015 08:51:44 Entrée dans ActionAccueil.php
09/12/2015 08:51:46 Entrée dans ActionAccueil.php
09/12/2015 08:52:52 Entrée dans ActionAccueil.php
09/12/2015 08:53:50 Entrée dans AfficherPopupArticle.php
09/12/2015 08:53:50 Entrée dans AfficherPopupArticle.php
09/12/2015 08:53:51 Entrée dans AfficherPopupArticle.php
09/12/2015 08:53:51 Entrée dans AfficherPopupArticle.php
09/12/2015 08:53:51 Entrée dans AfficherPopupArticle.php
09/12/2015 08:54:57 Entrée dans AfficherPopupArticle.php
09/12/2015 08:55:45 Entrée dans AfficherPopupArticle.php
09/12/2015 08:56:08 Entrée dans AfficherPopupArticle.php
09/12/2015 08:56:26 Entrée dans ActionAccueil.php
09/12/2015 08:56:44 Entrée dans AfficherPopupArticle.php
09/12/2015 08:57:05 Entrée dans ActionAccueil.php
09/12/2015 11:42:44 Entrée dans ActionAccueil.php
09/12/2015 14:42:55 Entrée dans ActionAgenda.php
09/12/2015 14:43:28 Entrée dans ActionAgenda.php
09/12/2015 16:54:44 Entrée dans ActionAccueil.php
09/12/2015 20:10:50 Entrée dans ActionRencontre.php
09/12/2015 20:10:52 Entrée dans ActionAccueil.php
09/12/2015 20:26:24 Entrée dans ActionAccueil.php
09/12/2015 21:09:44 Entrée dans ActionAccueil.php
09/12/2015 22:53:29 Entrée dans ActionAccueil.php
09/12/2015 22:53:45 Entrée dans ActionClub.php
09/12/2015 22:54:05 Entrée dans ActionEcoleDeFoot.php
09/12/2015 22:54:14 Entrée dans ActionEcoleDeFoot.php
09/12/2015 22:54:24 Entrée dans ActionEcoleDeFoot.php
09/12/2015 23:07:55 Entrée dans ActionAccueil.php
10/12/2015 06:18:07 Entrée dans ActionAccueil.php
10/12/2015 06:18:10 Entrée dans ActionJoueurs.php
10/12/2015 06:39:47 Entrée dans ActionEvenement.php
10/12/2015 07:54:42 Entrée dans ActionAccueil.php
10/12/2015 11:43:24 Entrée dans ActionAccueil.php
10/12/2015 11:43:27 Entrée dans ActionAgenda.php
10/12/2015 11:43:31 Entrée dans ActionClub.php
10/12/2015 11:43:34 Entrée dans ActionEcoleDeFoot.php
10/12/2015 11:43:37 Entrée dans ActionEvenement.php
10/12/2015 11:55:15 Entrée dans ActionAccueil.php
10/12/2015 11:55:34 Entrée dans AfficherPopupArticle.php
10/12/2015 11:56:20 Entrée dans AfficherPopupArticle.php
10/12/2015 11:56:56 Entrée dans AfficherPopupArticle.php
10/12/2015 11:57:00 Entrée dans AfficherPopupArticle.php
10/12/2015 11:57:41 Entrée dans AfficherPopupArticle.php
10/12/2015 11:58:00 Entrée dans ActionAgenda.php
10/12/2015 11:58:02 Entrée dans ActionAgenda.php
10/12/2015 11:58:06 Entrée dans ActionEvenement.php
10/12/2015 11:58:13 Entrée dans ActionEcoleDeFoot.php
10/12/2015 11:58:22 Entrée dans ActionEcoleDeFoot.php
10/12/2015 11:58:33 Entrée dans ActionClub.php
10/12/2015 17:21:44 Entrée dans ActionAccueil.php
10/12/2015 18:24:27 Entrée dans ActionAccueil.php
10/12/2015 18:25:13 Entrée dans AfficherPopupCompteRendu.php
10/12/2015 18:25:43 Entrée dans ActionEcoleDeFoot.php
10/12/2015 18:25:54 Entrée dans ActionEcoleDeFoot.php
10/12/2015 18:26:42 Entrée dans ActionEcoleDeFoot.php
10/12/2015 18:54:59 Entrée dans ActionAccueil.php
10/12/2015 18:54:59 Entrée dans ActionAccueil.php
10/12/2015 18:55:15 Entrée dans AfficherPopupCompteRendu.php
10/12/2015 20:27:56 Entrée dans ActionAccueil.php
10/12/2015 20:28:03 Entrée dans ActionJoueurs.php
10/12/2015 20:28:03 Entrée dans ActionEcoleDeFoot.php
10/12/2015 20:28:03 Entrée dans ActionSponsor.php
10/12/2015 20:28:03 Entrée dans ActionAgenda.php
10/12/2015 20:28:03 Entrée dans ActionClub.php
10/12/2015 20:28:03 Entrée dans ActionEvenement.php
10/12/2015 21:01:44 Entrée dans ActionJoueurs.php
10/12/2015 21:01:48 Entrée dans ActionSponsor.php
10/12/2015 21:01:56 Entrée dans ActionSponsor.php
10/12/2015 22:24:18 Entrée dans ActionJoueurs.php
10/12/2015 22:24:30 Entrée dans ActionSponsor.php
10/12/2015 23:30:01 Entrée dans ActionAccueil.php
10/12/2015 23:52:31 Entrée dans ActionClub.php
11/12/2015 01:04:30 Entrée dans ActionAccueil.php
11/12/2015 01:56:13 Entrée dans ActionJoueurs.php
11/12/2015 08:08:03 Entrée dans ActionAccueil.php
11/12/2015 08:08:19 Entrée dans ActionAccueil.php
11/12/2015 08:08:22 Entrée dans ActionClub.php
11/12/2015 09:22:12 Entrée dans ActionClub.php
11/12/2015 09:51:55 Entrée dans ActionAccueil.php
11/12/2015 16:21:26 Entrée dans ActionAccueil.php
11/12/2015 20:27:26 Entrée dans ActionAccueil.php
11/12/2015 23:36:04 Entrée dans ActionAccueil.php
12/12/2015 00:08:23 Entrée dans ActionEcoleDeFoot.php
12/12/2015 00:11:48 Entrée dans ActionSponsor.php
12/12/2015 04:17:50 Entrée dans ActionAccueil.php
12/12/2015 04:17:55 Entrée dans ActionJoueurs.php
12/12/2015 11:01:47 Entrée dans ActionAccueil.php
12/12/2015 11:29:34 Entrée dans ActionAccueil.php
12/12/2015 11:30:05 Entrée dans AfficherPopupArticle.php
12/12/2015 11:30:48 Entrée dans AfficherPopupArticle.php
12/12/2015 12:54:31 Entrée dans ActionAccueil.php
12/12/2015 13:53:33 Entrée dans ActionAccueil.php
12/12/2015 13:54:22 Entrée dans ActionAccueil.php
12/12/2015 13:55:11 Entrée dans ActionAgenda.php
12/12/2015 13:55:17 Entrée dans ActionAgenda.php
12/12/2015 14:08:31 Entrée dans ActionAccueil.php
12/12/2015 14:08:36 Entrée dans ActionAgenda.php
12/12/2015 14:08:40 Entrée dans ActionClub.php
12/12/2015 14:08:45 Entrée dans ActionEcoleDeFoot.php
12/12/2015 14:08:49 Entrée dans ActionEvenement.php
12/12/2015 14:23:14 Entrée dans ActionJoueurs.php
12/12/2015 16:58:18 Entrée dans ActionAccueil.php
12/12/2015 19:35:18 Entrée dans ActionAccueil.php
13/12/2015 05:18:32 Entrée dans ActionJoueurs.php
13/12/2015 05:18:37 Entrée dans ActionSponsor.php
13/12/2015 05:18:57 Entrée dans ActionSponsor.php
13/12/2015 06:40:35 Entrée dans ActionAgenda.php
13/12/2015 06:40:47 Entrée dans ActionAgenda.php
13/12/2015 07:09:46 Entrée dans ActionClub.php
13/12/2015 09:26:20 Entrée dans ActionAccueil.php
13/12/2015 10:04:58 Entrée dans ActionAccueil.php
13/12/2015 10:05:27 Entrée dans AfficherPopupArticle.php
13/12/2015 11:06:42 Entrée dans ActionAccueil.php
13/12/2015 11:07:48 Entrée dans ActionEcoleDeFoot.php
13/12/2015 11:07:58 Entrée dans ActionEcoleDeFoot.php
13/12/2015 11:08:03 Entrée dans ActionEcoleDeFoot.php
13/12/2015 11:11:38 Entrée dans ActionEcoleDeFoot.php
13/12/2015 11:21:26 Entrée dans ActionJoueurs.php
13/12/2015 11:22:14 Entrée dans ActionAgenda.php
13/12/2015 11:22:15 Entrée dans ActionAgenda.php
13/12/2015 11:22:38 Entrée dans ActionClub.php
13/12/2015 11:24:13 Entrée dans ActionAccueil.php
13/12/2015 11:40:42 Entrée dans ActionSponsor.php
13/12/2015 12:18:27 Entrée dans ActionAccueil.php
13/12/2015 12:19:34 Entrée dans ActionAccueil.php
13/12/2015 12:20:02 Entrée dans AfficherPopupArticle.php
13/12/2015 12:25:17 Entrée dans ActionLogin.php
13/12/2015 12:25:30 Entrée dans ActionLogin.php
13/12/2015 12:25:30 Authentification de rernesti.
13/12/2015 12:25:31 Entrée dans ActionProfil.php
13/12/2015 12:25:36 Entrée dans ActionArticle.php
13/12/2015 12:25:44 Entrée dans ActionArticle.php
13/12/2015 12:25:49 Entrée dans ActionAccueil.php
13/12/2015 12:26:03 Entrée dans ActionProfil.php
13/12/2015 12:26:05 Entrée dans ActionArticle.php
13/12/2015 12:26:18 Entrée dans ActionArticle.php
13/12/2015 12:41:05 Entrée dans ActionAccueil.php
13/12/2015 12:53:41 Entrée dans ActionAccueil.php
13/12/2015 13:19:33 Entrée dans ActionAccueil.php
13/12/2015 17:22:38 Entrée dans ActionAgenda.php
13/12/2015 17:25:26 Entrée dans ActionAccueil.php
13/12/2015 17:25:40 Entrée dans ActionJoueurs.php
13/12/2015 17:29:27 Entrée dans ActionLogin.php
13/12/2015 17:29:27 Authentification de tsutter.
13/12/2015 17:29:27 Entrée dans ActionProfil.php
13/12/2015 17:30:50 Entrée dans ActionMembre.php
13/12/2015 17:30:58 Entrée dans ActionMembre.php
13/12/2015 17:31:03 Entrée dans RechercherMembre.php
13/12/2015 17:31:10 Entrée dans ActionMembre.php
13/12/2015 17:31:19 Entrée dans ActionMembre.php
13/12/2015 17:31:25 Entrée dans ActionAccueil.php
13/12/2015 17:32:21 Entrée dans ActionJoueurs.php
13/12/2015 17:36:53 Entrée dans ActionAccueil.php
13/12/2015 17:37:14 Entrée dans ActionEvenement.php
13/12/2015 17:37:41 Entrée dans ActionClub.php
13/12/2015 17:37:50 Entrée dans ActionEcoleDeFoot.php
13/12/2015 17:43:03 Entrée dans ActionJoueurs.php
13/12/2015 17:47:40 Entrée dans ActionJoueurs.php
13/12/2015 17:48:22 Entrée dans ActionAccueil.php
13/12/2015 17:48:40 Entrée dans ActionProfil.php
13/12/2015 17:48:42 Entrée dans GestionResultats.php
13/12/2015 17:49:41 Entrée dans GestionResultats.php
13/12/2015 17:50:14 Entrée dans GestionResultats.php
13/12/2015 17:50:51 Entrée dans ActionAccueil.php
13/12/2015 17:50:51 Entrée dans GestionResultats.php
13/12/2015 17:50:54 Entrée dans GestionResultats.php
13/12/2015 17:50:59 Entrée dans ActionAccueil.php
13/12/2015 18:33:18 Entrée dans ActionAccueil.php
13/12/2015 18:33:19 Entrée dans ActionAccueil.php
13/12/2015 18:33:28 Entrée dans ActionJoueurs.php
13/12/2015 19:34:08 Entrée dans ActionJoueurs.php
13/12/2015 20:47:07 Entrée dans ActionAccueil.php
13/12/2015 20:47:45 Entrée dans ActionClub.php
13/12/2015 20:47:50 Entrée dans ActionJoueurs.php
13/12/2015 21:08:08 Entrée dans ActionAccueil.php
13/12/2015 21:08:29 Entrée dans AfficherPopupArticle.php
13/12/2015 23:11:38 Entrée dans ActionAccueil.php
13/12/2015 23:11:49 Entrée dans AfficherPopupArticle.php
14/12/2015 06:14:33 Entrée dans ActionAccueil.php
14/12/2015 08:23:25 Entrée dans ActionAccueil.php
14/12/2015 08:23:29 Entrée dans ActionClub.php
14/12/2015 08:23:32 Entrée dans ActionJoueurs.php
14/12/2015 08:23:34 Entrée dans ActionEcoleDeFoot.php
14/12/2015 08:23:36 Entrée dans ActionAgenda.php
14/12/2015 08:23:39 Entrée dans ActionEvenement.php
14/12/2015 08:23:41 Entrée dans ActionSponsor.php
14/12/2015 08:50:41 Entrée dans ActionAccueil.php
14/12/2015 08:51:22 Entrée dans ActionJoueurs.php
14/12/2015 08:52:20 Entrée dans ActionClub.php
14/12/2015 08:52:46 Entrée dans ActionJoueurs.php
14/12/2015 08:58:42 Entrée dans ActionAccueil.php
14/12/2015 08:58:56 Entrée dans AfficherPopupArticle.php
14/12/2015 10:10:51 Entrée dans ActionAccueil.php
14/12/2015 10:11:26 Entrée dans ActionJoueurs.php
14/12/2015 10:12:41 Entrée dans ActionAccueil.php
14/12/2015 10:12:47 Entrée dans ActionEcoleDeFoot.php
14/12/2015 10:13:06 Entrée dans ActionAccueil.php
14/12/2015 10:13:08 Entrée dans ActionAccueil.php
14/12/2015 10:13:57 Entrée dans ActionAccueil.php
14/12/2015 14:11:16 Entrée dans ActionAccueil.php
14/12/2015 14:12:38 Entrée dans ActionEvenement.php
14/12/2015 14:12:42 Entrée dans ActionEcoleDeFoot.php
14/12/2015 14:12:51 Entrée dans ActionEcoleDeFoot.php
14/12/2015 16:24:41 Entrée dans ActionAccueil.php
14/12/2015 16:25:47 Entrée dans ActionEvenement.php
14/12/2015 16:25:54 Entrée dans ActionAgenda.php
14/12/2015 16:25:56 Entrée dans ActionAgenda.php
14/12/2015 16:26:00 Entrée dans ActionEcoleDeFoot.php
14/12/2015 16:26:05 Entrée dans ActionClub.php
14/12/2015 23:45:52 Entrée dans ActionEcoleDeFoot.php
14/12/2015 23:45:55 Entrée dans ActionSponsor.php
15/12/2015 01:56:06 Entrée dans ActionAccueil.php
15/12/2015 01:56:09 Entrée dans ActionAgenda.php
15/12/2015 01:56:13 Entrée dans ActionClub.php
15/12/2015 01:56:17 Entrée dans ActionEcoleDeFoot.php
15/12/2015 01:56:20 Entrée dans ActionEvenement.php
15/12/2015 02:42:42 Entrée dans ActionAccueil.php
15/12/2015 03:44:47 Entrée dans ActionAgenda.php
15/12/2015 08:04:30 Entrée dans ActionAccueil.php
15/12/2015 12:02:33 Entrée dans ActionAccueil.php
15/12/2015 12:02:35 Entrée dans ActionAccueil.php
15/12/2015 14:36:46 Entrée dans ActionAccueil.php
15/12/2015 14:41:04 Entrée dans ActionLogin.php
15/12/2015 14:41:05 Authentification de rernesti.
15/12/2015 14:41:05 Entrée dans ActionProfil.php
15/12/2015 14:41:09 Entrée dans ActionArticle.php
15/12/2015 14:41:21 Entrée dans RechercherArticle.php
15/12/2015 14:41:34 Entrée dans ActionArticle.php
15/12/2015 14:41:40 Entrée dans ActionArticle.php
15/12/2015 14:41:48 Entrée dans RechercherArticle.php
15/12/2015 14:43:03 Entrée dans ActionArticle.php
15/12/2015 14:43:08 Entrée dans ActionArticle.php
15/12/2015 14:43:16 Entrée dans ActionArticle.php
15/12/2015 14:43:19 Entrée dans ActionArticle.php
15/12/2015 14:43:32 Entrée dans RechercherArticle.php
15/12/2015 14:44:40 Entrée dans ActionArticle.php
15/12/2015 14:44:43 Entrée dans ActionAccueil.php
15/12/2015 14:44:49 Entrée dans ActionProfil.php
15/12/2015 14:44:52 Entrée dans ActionArticle.php
15/12/2015 14:49:38 Entrée dans ActionAccueil.php
15/12/2015 14:54:43 Entrée dans ActionArticle.php
15/12/2015 14:54:48 Entrée dans ActionAccueil.php
15/12/2015 14:55:12 Entrée dans ActionProfil.php
15/12/2015 14:55:14 Entrée dans ActionArticle.php
15/12/2015 14:59:27 Entrée dans ActionArticle.php
15/12/2015 14:59:39 Entrée dans RechercherArticle.php
15/12/2015 14:59:47 Entrée dans ActionArticle.php
15/12/2015 15:00:01 Entrée dans ActionAccueil.php
15/12/2015 15:00:28 Entrée dans RechercherArticle.php
15/12/2015 15:00:44 Entrée dans AfficherPopupArticle.php
15/12/2015 15:00:50 Entrée dans ActionProfil.php
15/12/2015 15:00:53 Entrée dans ActionArticle.php
15/12/2015 15:00:56 Entrée dans ActionArticle.php
15/12/2015 15:01:02 Entrée dans ActionAccueil.php
15/12/2015 18:34:11 Entrée dans ActionAccueil.php
15/12/2015 18:52:27 Entrée dans ActionEcoleDeFoot.php
15/12/2015 18:52:31 Entrée dans ActionEcoleDeFoot.php
15/12/2015 19:40:15 Entrée dans ActionAccueil.php
15/12/2015 21:29:20 Entrée dans ActionAccueil.php
15/12/2015 21:31:59 Entrée dans ActionAgenda.php
15/12/2015 21:32:36 Entrée dans ActionAgenda.php
16/12/2015 00:19:20 Entrée dans ActionAgenda.php
16/12/2015 05:40:44 Entrée dans ActionJoueurs.php
16/12/2015 13:40:24 Entrée dans ActionAccueil.php
16/12/2015 15:34:02 Entrée dans ActionAccueil.php
16/12/2015 15:34:05 Entrée dans ActionAccueil.php
16/12/2015 15:34:54 Entrée dans ActionEvenement.php
17/12/2015 01:00:00 Entrée dans ActionAccueil.php
17/12/2015 02:06:45 Entrée dans ActionAccueil.php
17/12/2015 02:06:48 Entrée dans ActionJoueurs.php
17/12/2015 13:31:59 Entrée dans ActionJoueurs.php
17/12/2015 16:23:16 Entrée dans ActionClub.php
17/12/2015 19:09:33 Entrée dans ActionAccueil.php
17/12/2015 19:09:37 Entrée dans ActionAgenda.php
17/12/2015 19:09:41 Entrée dans ActionClub.php
17/12/2015 19:09:44 Entrée dans ActionEcoleDeFoot.php
17/12/2015 19:09:48 Entrée dans ActionEvenement.php
17/12/2015 23:20:32 Entrée dans ActionJoueurs.php
17/12/2015 23:20:38 Entrée dans ActionSponsor.php
17/12/2015 23:21:21 Entrée dans ActionJoueurs.php
17/12/2015 23:21:31 Entrée dans ActionSponsor.php
17/12/2015 23:21:43 Entrée dans ActionSponsor.php
18/12/2015 05:51:58 Entrée dans ActionAccueil.php
18/12/2015 08:23:51 Entrée dans ActionAccueil.php
18/12/2015 08:24:07 Entrée dans ActionAccueil.php
18/12/2015 20:33:48 Entrée dans ActionAccueil.php
18/12/2015 20:33:49 Entrée dans ActionAccueil.php
18/12/2015 20:35:33 Entrée dans ActionEcoleDeFoot.php
18/12/2015 20:35:38 Entrée dans ActionEcoleDeFoot.php
19/12/2015 02:24:52 Entrée dans ActionEcoleDeFoot.php
19/12/2015 03:21:07 Entrée dans ActionAccueil.php
19/12/2015 06:37:17 Entrée dans ActionEcoleDeFoot.php
19/12/2015 06:37:28 Entrée dans ActionEcoleDeFoot.php
19/12/2015 07:20:00 Entrée dans ActionEcoleDeFoot.php
19/12/2015 07:20:06 Entrée dans ActionEcoleDeFoot.php
19/12/2015 07:20:38 Entrée dans ActionEcoleDeFoot.php
19/12/2015 07:21:07 Entrée dans ActionEcoleDeFoot.php
19/12/2015 07:21:35 Entrée dans ActionAccueil.php
19/12/2015 07:23:22 Entrée dans AfficherPopupArticle.php
19/12/2015 07:24:07 Entrée dans AfficherPopupArticle.php
19/12/2015 07:24:47 Entrée dans ActionAccueil.php
19/12/2015 07:24:50 Entrée dans ActionAccueil.php
19/12/2015 07:24:53 Entrée dans ActionClub.php
19/12/2015 08:58:11 Entrée dans ActionAccueil.php
19/12/2015 08:58:38 Entrée dans AfficherPopupArticle.php
19/12/2015 08:59:12 Entrée dans ActionAccueil.php
19/12/2015 08:59:29 Entrée dans ActionAccueil.php
19/12/2015 08:59:45 Entrée dans ActionClub.php
19/12/2015 09:03:50 Entrée dans ActionEcoleDeFoot.php
19/12/2015 09:03:59 Entrée dans ActionEcoleDeFoot.php
19/12/2015 09:04:25 Entrée dans ActionEcoleDeFoot.php
19/12/2015 09:04:27 Entrée dans ActionEcoleDeFoot.php
19/12/2015 09:04:30 Entrée dans ActionEcoleDeFoot.php
19/12/2015 09:04:33 Entrée dans ActionEcoleDeFoot.php
19/12/2015 09:04:36 Entrée dans ActionEcoleDeFoot.php
19/12/2015 09:04:38 Entrée dans ActionEcoleDeFoot.php
19/12/2015 09:04:43 Entrée dans ActionEcoleDeFoot.php
19/12/2015 09:04:47 Entrée dans ActionEcoleDeFoot.php
19/12/2015 09:05:01 Entrée dans ActionEcoleDeFoot.php
19/12/2015 09:05:10 Entrée dans ActionEcoleDeFoot.php
19/12/2015 09:05:15 Entrée dans ActionEcoleDeFoot.php
19/12/2015 09:05:16 Entrée dans ActionEcoleDeFoot.php
19/12/2015 09:05:33 Entrée dans ActionSponsor.php
19/12/2015 09:05:35 Entrée dans ActionAccueil.php
19/12/2015 09:06:01 Entrée dans AfficherPopupArticle.php
19/12/2015 09:06:03 Entrée dans AfficherPopupArticle.php
19/12/2015 09:06:07 Entrée dans AfficherPopupArticle.php
19/12/2015 09:06:59 Entrée dans ActionAccueil.php
19/12/2015 09:07:03 Entrée dans ActionJoueurs.php
19/12/2015 09:07:04 Entrée dans ActionEcoleDeFoot.php
19/12/2015 09:07:08 Entrée dans ActionEcoleDeFoot.php
19/12/2015 09:07:15 Entrée dans ActionEcoleDeFoot.php
19/12/2015 09:07:24 Entrée dans ActionEcoleDeFoot.php
19/12/2015 09:07:29 Entrée dans ActionEcoleDeFoot.php
19/12/2015 09:07:32 Entrée dans ActionEcoleDeFoot.php
19/12/2015 09:07:34 Entrée dans ActionAccueil.php
19/12/2015 09:07:38 Entrée dans ActionAccueil.php
19/12/2015 09:07:40 Entrée dans ActionClub.php
19/12/2015 10:33:15 Entrée dans ActionAccueil.php
19/12/2015 15:43:03 Entrée dans ActionAccueil.php
19/12/2015 15:44:04 Entrée dans ActionClub.php
19/12/2015 15:44:26 Entrée dans ActionJoueurs.php
19/12/2015 18:02:56 Entrée dans ActionAccueil.php
19/12/2015 19:28:04 Entrée dans ActionAccueil.php
19/12/2015 19:28:22 Entrée dans ActionJoueurs.php
19/12/2015 19:28:44 Entrée dans ActionAccueil.php
19/12/2015 19:28:59 Entrée dans AfficherPopupArticle.php
19/12/2015 19:29:10 Entrée dans AfficherPopupArticle.php
19/12/2015 19:29:28 Entrée dans ActionClub.php
19/12/2015 19:30:02 Entrée dans ActionJoueurs.php
19/12/2015 19:30:32 Entrée dans ActionJoueurs.php
19/12/2015 19:30:44 Entrée dans ActionEcoleDeFoot.php
19/12/2015 19:30:50 Entrée dans ActionEcoleDeFoot.php
19/12/2015 19:31:03 Entrée dans ActionEcoleDeFoot.php
19/12/2015 19:31:20 Entrée dans ActionEcoleDeFoot.php
19/12/2015 19:31:32 Entrée dans ActionEvenement.php
19/12/2015 19:31:46 Entrée dans ActionJoueurs.php
19/12/2015 19:39:01 Entrée dans ActionAccueil.php
19/12/2015 19:39:02 Entrée dans ActionAccueil.php
19/12/2015 19:41:09 Entrée dans AfficherPopupArticle.php
19/12/2015 19:41:25 Entrée dans AfficherPopupArticle.php
19/12/2015 19:46:21 Entrée dans ActionAccueil.php
19/12/2015 19:46:22 Entrée dans ActionAgenda.php
19/12/2015 19:46:23 Entrée dans ActionClub.php
19/12/2015 19:46:24 Entrée dans ActionEcoleDeFoot.php
19/12/2015 19:46:24 Entrée dans ActionEvenement.php
19/12/2015 19:46:25 Entrée dans ActionJoueurs.php
19/12/2015 19:46:25 Entrée dans ActionSponsor.php
19/12/2015 19:46:26 Entrée dans AfficherPopupArticle.php
19/12/2015 19:46:26 Entrée dans AfficherPopupArticle.php
19/12/2015 19:46:26 Entrée dans AfficherPopupCompteRendu.php
19/12/2015 19:46:26 Entrée dans ActionAccueil.php
19/12/2015 19:46:27 Entrée dans RechercherArticle.php
19/12/2015 19:46:27 Entrée dans ActionAccueil.php
19/12/2015 19:46:29 Entrée dans ActionAccueil.php
19/12/2015 19:46:31 Entrée dans ActionProfil.php
19/12/2015 19:46:31 Entrée dans ActionAccueil.php
19/12/2015 19:46:32 Entrée dans ActionLogin.php
19/12/2015 19:46:32 Entrée dans ActionProfil.php
19/12/2015 19:46:33 Entrée dans ActionAccueil.php
19/12/2015 21:42:28 Entrée dans ActionAgenda.php
19/12/2015 21:46:21 Entrée dans ActionAccueil.php
19/12/2015 21:46:38 Entrée dans ActionClub.php
19/12/2015 22:28:17 Entrée dans ActionAccueil.php
19/12/2015 23:56:22 Entrée dans ActionAccueil.php
20/12/2015 07:22:18 Entrée dans ActionAccueil.php
20/12/2015 07:22:21 Entrée dans ActionAgenda.php
20/12/2015 07:22:30 Entrée dans ActionClub.php
20/12/2015 07:22:33 Entrée dans ActionEcoleDeFoot.php
20/12/2015 07:22:36 Entrée dans ActionEvenement.php
20/12/2015 11:02:33 Entrée dans ActionAccueil.php
20/12/2015 11:42:54 Entrée dans ActionJoueurs.php
20/12/2015 14:08:14 Entrée dans ActionAccueil.php
20/12/2015 15:15:38 Entrée dans ActionEvenement.php
20/12/2015 19:35:19 Entrée dans ActionAccueil.php
20/12/2015 19:35:42 Entrée dans ActionJoueurs.php
20/12/2015 19:37:29 Entrée dans ActionClub.php
20/12/2015 19:37:37 Entrée dans ActionJoueurs.php
20/12/2015 19:38:00 Entrée dans ActionAgenda.php
20/12/2015 19:38:02 Entrée dans ActionAgenda.php
20/12/2015 20:36:48 Entrée dans ActionAgenda.php
20/12/2015 20:59:03 Entrée dans ActionAccueil.php
21/12/2015 03:43:19 Entrée dans ActionSponsor.php
21/12/2015 11:42:31 Entrée dans ActionJoueurs.php
21/12/2015 12:34:01 Entrée dans ActionAccueil.php
21/12/2015 14:05:29 Entrée dans ActionAccueil.php
21/12/2015 16:44:54 Entrée dans ActionAccueil.php
21/12/2015 16:44:58 Entrée dans ActionJoueurs.php
21/12/2015 20:08:35 Entrée dans ActionAccueil.php
21/12/2015 20:09:29 Entrée dans AfficherPopupArticle.php
21/12/2015 20:10:02 Entrée dans AfficherPopupArticle.php
21/12/2015 20:10:12 Entrée dans AfficherPopupArticle.php
21/12/2015 20:10:22 Entrée dans AfficherPopupArticle.php
21/12/2015 20:11:12 Entrée dans AfficherPopupArticle.php
21/12/2015 20:59:03 Entrée dans ActionEcoleDeFoot.php
21/12/2015 20:59:05 Entrée dans ActionAccueil.php
21/12/2015 20:59:24 Entrée dans AfficherPopupArticle.php
21/12/2015 20:59:44 Entrée dans ActionClub.php
21/12/2015 20:59:53 Entrée dans ActionJoueurs.php
21/12/2015 21:00:10 Entrée dans ActionClub.php
22/12/2015 04:04:35 Entrée dans ActionClub.php
22/12/2015 07:08:35 Entrée dans ActionJoueurs.php
22/12/2015 07:08:39 Entrée dans ActionSponsor.php
22/12/2015 07:08:46 Entrée dans ActionSponsor.php
22/12/2015 07:37:06 Entrée dans ActionAccueil.php
22/12/2015 07:59:58 Entrée dans ActionAccueil.php
22/12/2015 10:09:38 Entrée dans ActionAgenda.php
22/12/2015 11:57:26 Entrée dans ActionAccueil.php
22/12/2015 12:01:02 Entrée dans ActionAccueil.php
22/12/2015 20:31:20 Entrée dans ActionAccueil.php
22/12/2015 20:49:29 Entrée dans ActionAccueil.php
22/12/2015 20:50:09 Entrée dans ActionEvenement.php
22/12/2015 20:50:13 Entrée dans ActionSponsor.php
22/12/2015 20:50:16 Entrée dans ActionAccueil.php
22/12/2015 20:50:28 Entrée dans ActionSponsor.php
22/12/2015 20:50:41 Entrée dans AfficherPopupArticle.php
22/12/2015 20:50:53 Entrée dans AfficherPopupArticle.php
22/12/2015 20:51:05 Entrée dans ActionEcoleDeFoot.php
22/12/2015 20:51:16 Entrée dans ActionEcoleDeFoot.php
22/12/2015 22:13:49 Entrée dans ActionAgenda.php
23/12/2015 02:08:12 Entrée dans ActionAccueil.php
23/12/2015 02:08:15 Entrée dans ActionClub.php
23/12/2015 02:08:18 Entrée dans ActionJoueurs.php
23/12/2015 02:08:20 Entrée dans ActionEcoleDeFoot.php
23/12/2015 02:08:22 Entrée dans ActionAgenda.php
23/12/2015 02:08:26 Entrée dans ActionEvenement.php
23/12/2015 02:08:27 Entrée dans ActionSponsor.php
23/12/2015 07:42:32 Entrée dans ActionAccueil.php
23/12/2015 11:13:07 Entrée dans ActionAccueil.php
23/12/2015 12:14:22 Entrée dans ActionAgenda.php
23/12/2015 13:36:55 Entrée dans ActionAccueil.php
23/12/2015 13:37:20 Entrée dans ActionAgenda.php
23/12/2015 13:37:23 Entrée dans ActionAgenda.php
23/12/2015 14:29:23 Entrée dans ActionAccueil.php
23/12/2015 14:30:01 Entrée dans ActionEcoleDeFoot.php
23/12/2015 14:30:08 Entrée dans ActionJoueurs.php
23/12/2015 14:30:14 Entrée dans ActionClub.php
23/12/2015 14:30:30 Entrée dans ActionAccueil.php
23/12/2015 14:30:48 Entrée dans ActionAccueil.php
23/12/2015 14:31:02 Entrée dans ActionClub.php
23/12/2015 14:31:05 Entrée dans ActionJoueurs.php
23/12/2015 14:36:54 Entrée dans ActionAccueil.php
23/12/2015 21:28:03 Entrée dans ActionAccueil.php
24/12/2015 10:23:13 Entrée dans ActionAccueil.php
24/12/2015 10:23:17 Entrée dans ActionAgenda.php
24/12/2015 10:23:18 Entrée dans ActionClub.php
24/12/2015 10:23:20 Entrée dans ActionEcoleDeFoot.php
24/12/2015 10:23:22 Entrée dans ActionEvenement.php
24/12/2015 10:23:24 Entrée dans ActionJoueurs.php
24/12/2015 10:23:27 Entrée dans ActionSponsor.php
24/12/2015 10:23:28 Entrée dans AfficherPopupArticle.php
24/12/2015 10:23:29 Entrée dans AfficherPopupArticle.php
24/12/2015 10:23:31 Entrée dans AfficherPopupCompteRendu.php
24/12/2015 10:23:33 Entrée dans ActionAccueil.php
24/12/2015 10:23:35 Entrée dans RechercherArticle.php
24/12/2015 10:23:35 Entrée dans ActionAccueil.php
24/12/2015 10:23:40 Entrée dans ActionAccueil.php
24/12/2015 10:23:44 Entrée dans ActionProfil.php
24/12/2015 10:23:45 Entrée dans ActionAccueil.php
24/12/2015 10:23:45 Entrée dans ActionLogin.php
24/12/2015 10:23:46 Entrée dans ActionProfil.php
24/12/2015 10:23:47 Entrée dans ActionAccueil.php
24/12/2015 12:45:48 Entrée dans ActionAccueil.php
24/12/2015 13:56:03 Entrée dans ActionJoueurs.php
24/12/2015 13:56:08 Entrée dans ActionSponsor.php
24/12/2015 13:56:18 Entrée dans ActionSponsor.php
24/12/2015 16:27:16 Entrée dans ActionAccueil.php
24/12/2015 16:27:21 Entrée dans AfficherPopupArticle.php
24/12/2015 16:27:31 Entrée dans AfficherPopupArticle.php
24/12/2015 16:27:35 Entrée dans AfficherPopupArticle.php
24/12/2015 16:27:35 Entrée dans AfficherPopupArticle.php
24/12/2015 18:54:25 Entrée dans ActionAccueil.php
24/12/2015 18:56:54 Entrée dans ActionEcoleDeFoot.php
24/12/2015 18:57:09 Entrée dans ActionEcoleDeFoot.php
24/12/2015 20:16:41 Entrée dans ActionAccueil.php
24/12/2015 20:17:15 Entrée dans AfficherPopupArticle.php
24/12/2015 22:19:45 Entrée dans ActionClub.php
24/12/2015 22:54:03 Entrée dans ActionAccueil.php
25/12/2015 01:31:23 Entrée dans ActionAccueil.php
25/12/2015 05:30:53 Entrée dans ActionJoueurs.php
25/12/2015 06:09:17 Entrée dans ActionAgenda.php
25/12/2015 12:55:24 Entrée dans ActionEvenement.php
25/12/2015 13:55:16 Entrée dans ActionAccueil.php
25/12/2015 16:55:45 Entrée dans ActionClub.php
25/12/2015 16:55:57 Entrée dans ActionClub.php
25/12/2015 17:40:01 Entrée dans ActionAccueil.php
25/12/2015 17:40:40 Entrée dans ActionJoueurs.php
25/12/2015 19:02:57 Entrée dans ActionJoueurs.php
25/12/2015 19:19:00 Entrée dans ActionAccueil.php
25/12/2015 23:03:16 Entrée dans ActionAccueil.php
26/12/2015 13:36:42 Entrée dans ActionAccueil.php
26/12/2015 13:50:55 Entrée dans ActionJoueurs.php
26/12/2015 13:50:58 Entrée dans ActionSponsor.php
26/12/2015 13:51:04 Entrée dans ActionSponsor.php
26/12/2015 18:48:13 Entrée dans ActionAccueil.php
27/12/2015 01:34:27 Entrée dans ActionAccueil.php
27/12/2015 01:34:27 Entrée dans AfficherPopupArticle.php
27/12/2015 01:34:28 Entrée dans AfficherPopupArticle.php
27/12/2015 01:34:28 Entrée dans AfficherPopupCompteRendu.php
27/12/2015 01:34:28 Entrée dans ActionAccueil.php
27/12/2015 01:34:29 Entrée dans RechercherArticle.php
27/12/2015 01:34:29 Entrée dans ActionAccueil.php
27/12/2015 01:34:30 Entrée dans ActionAgenda.php
27/12/2015 01:34:31 Entrée dans ActionClub.php
27/12/2015 01:34:32 Entrée dans ActionEcoleDeFoot.php
27/12/2015 01:34:33 Entrée dans ActionEvenement.php
27/12/2015 01:34:33 Entrée dans ActionJoueurs.php
27/12/2015 01:34:33 Entrée dans ActionSponsor.php
27/12/2015 01:34:35 Entrée dans ActionAccueil.php
27/12/2015 01:34:36 Entrée dans ActionProfil.php
27/12/2015 01:34:37 Entrée dans ActionAccueil.php
27/12/2015 01:34:37 Entrée dans ActionLogin.php
27/12/2015 01:34:38 Entrée dans ActionProfil.php
27/12/2015 01:34:38 Entrée dans ActionAccueil.php
27/12/2015 15:52:54 Entrée dans ActionAccueil.php
27/12/2015 18:47:50 Entrée dans ActionAccueil.php
27/12/2015 23:36:56 Entrée dans ActionAccueil.php
28/12/2015 06:54:49 Entrée dans ActionAccueil.php
28/12/2015 07:19:56 Entrée dans ActionAccueil.php
28/12/2015 08:17:51 Entrée dans ActionAccueil.php
28/12/2015 11:25:10 Entrée dans ActionAccueil.php
28/12/2015 11:25:14 Entrée dans ActionClub.php
28/12/2015 11:25:17 Entrée dans ActionJoueurs.php
28/12/2015 11:25:19 Entrée dans ActionEcoleDeFoot.php
28/12/2015 11:25:22 Entrée dans ActionAgenda.php
28/12/2015 11:25:25 Entrée dans ActionEvenement.php
28/12/2015 11:25:27 Entrée dans ActionSponsor.php
28/12/2015 16:20:38 Entrée dans ActionAccueil.php
28/12/2015 16:21:07 Entrée dans ActionJoueurs.php
28/12/2015 16:21:35 Entrée dans ActionClub.php
28/12/2015 16:26:41 Entrée dans ActionAccueil.php
28/12/2015 16:26:52 Entrée dans ActionClub.php
28/12/2015 16:27:16 Entrée dans ActionJoueurs.php
28/12/2015 16:27:19 Entrée dans ActionEcoleDeFoot.php
28/12/2015 16:27:28 Entrée dans ActionSponsor.php
28/12/2015 16:27:31 Entrée dans ActionEvenement.php
28/12/2015 19:36:41 Entrée dans ActionClub.php
28/12/2015 20:52:01 Entrée dans ActionAccueil.php
28/12/2015 21:24:55 Entrée dans ActionAccueil.php
29/12/2015 00:25:36 Entrée dans ActionAccueil.php
29/12/2015 08:10:50 Entrée dans ActionEvenement.php
29/12/2015 10:04:00 Entrée dans ActionAccueil.php
29/12/2015 10:04:10 Entrée dans ActionClub.php
29/12/2015 10:04:10 Entrée dans ActionEcoleDeFoot.php
29/12/2015 10:04:10 Entrée dans ActionAgenda.php
29/12/2015 10:04:11 Entrée dans ActionJoueurs.php
29/12/2015 10:04:11 Entrée dans ActionSponsor.php
29/12/2015 10:04:11 Entrée dans ActionEvenement.php
29/12/2015 10:04:26 Entrée dans ActionAccueil.php
29/12/2015 10:04:28 Entrée dans ActionJoueurs.php
29/12/2015 10:04:28 Entrée dans ActionEcoleDeFoot.php
29/12/2015 10:04:28 Entrée dans ActionAgenda.php
29/12/2015 10:04:28 Entrée dans ActionSponsor.php
29/12/2015 10:04:28 Entrée dans ActionEvenement.php
29/12/2015 10:04:28 Entrée dans ActionClub.php
29/12/2015 11:43:24 Entrée dans ActionAccueil.php
29/12/2015 11:47:07 Entrée dans ActionLogin.php
29/12/2015 11:47:08 Authentification de tsutter.
29/12/2015 11:47:08 Entrée dans ActionProfil.php
29/12/2015 11:48:08 Entrée dans ActionArticle.php
29/12/2015 11:48:29 Entrée dans ActionArticle.php
29/12/2015 11:48:33 Entrée dans ActionAccueil.php
29/12/2015 11:49:25 Entrée dans ActionArticle.php
29/12/2015 11:49:32 Entrée dans RechercherArticle.php
29/12/2015 11:49:43 Entrée dans ActionArticle.php
29/12/2015 11:49:46 Entrée dans ActionArticle.php
29/12/2015 11:49:48 Entrée dans ActionArticle.php
29/12/2015 11:49:50 Entrée dans ActionArticle.php
29/12/2015 11:50:44 Entrée dans ActionArticle.php
29/12/2015 11:50:49 Entrée dans ActionAccueil.php
29/12/2015 11:50:51 Entrée dans ActionAccueil.php
29/12/2015 11:55:59 Entrée dans ActionAccueil.php
29/12/2015 11:56:42 Entrée dans AfficherPopupArticle.php
29/12/2015 11:56:53 Entrée dans ActionClub.php
29/12/2015 11:56:55 Entrée dans ActionAccueil.php
29/12/2015 13:18:48 Entrée dans ActionAccueil.php
29/12/2015 13:22:36 Entrée dans ActionLogin.php
29/12/2015 13:22:36 Authentification de testu15.
29/12/2015 13:22:36 Entrée dans ActionProfil.php
29/12/2015 13:22:39 Entrée dans ActionArticle.php
29/12/2015 13:23:29 Entrée dans ActionArticle.php
29/12/2015 13:23:32 Entrée dans ActionAccueil.php
29/12/2015 13:24:55 Entrée dans ActionAccueil.php
29/12/2015 13:29:42 Entrée dans ActionAccueil.php
29/12/2015 13:29:44 Entrée dans ActionProfil.php
29/12/2015 13:29:48 Entrée dans ActionArticle.php
29/12/2015 13:29:53 Entrée dans ActionArticle.php
29/12/2015 13:30:02 Entrée dans ActionAccueil.php
29/12/2015 15:39:39 Entrée dans ActionAccueil.php
29/12/2015 15:56:56 Entrée dans ActionEcoleDeFoot.php
29/12/2015 15:58:57 Entrée dans ActionClub.php
29/12/2015 16:00:12 Entrée dans ActionAgenda.php
29/12/2015 16:00:22 Entrée dans ActionSponsor.php
29/12/2015 16:01:25 Entrée dans ActionJoueurs.php
29/12/2015 16:01:48 Entrée dans ActionEvenement.php
29/12/2015 17:36:07 Entrée dans ActionAccueil.php
29/12/2015 19:28:44 Entrée dans ActionAccueil.php
30/12/2015 00:57:50 Entrée dans ActionEcoleDeFoot.php
30/12/2015 04:33:40 Entrée dans ActionJoueurs.php
30/12/2015 04:34:04 Entrée dans ActionSponsor.php
30/12/2015 08:28:49 Entrée dans ActionAccueil.php
30/12/2015 16:25:09 Entrée dans ActionAccueil.php
30/12/2015 17:27:00 Entrée dans ActionAccueil.php
30/12/2015 17:27:14 Entrée dans ActionJoueurs.php
30/12/2015 18:34:06 Entrée dans ActionAccueil.php
30/12/2015 18:34:11 Entrée dans ActionJoueurs.php
30/12/2015 21:30:49 Entrée dans ActionAccueil.php
30/12/2015 21:59:30 Entrée dans ActionAgenda.php
31/12/2015 06:11:37 Entrée dans ActionJoueurs.php
31/12/2015 12:12:50 Entrée dans ActionAccueil.php
31/12/2015 16:56:23 Entrée dans ActionAccueil.php
31/12/2015 18:14:12 Entrée dans ActionEcoleDeFoot.php
