01/06/2018 00:21:30 Entrée dans ActionSponsor.php
01/06/2018 09:42:51 Entrée dans ActionClub.php
01/06/2018 11:35:44 Entrée dans ActionEcoleDeFoot.php
01/06/2018 16:55:06 Entrée dans ActionJoueurs.php
01/06/2018 17:24:46 Entrée dans ActionEvenement.php
01/06/2018 17:26:27 Entrée dans ActionClub.php
01/06/2018 18:33:20 Entrée dans ActionAccueil.php
01/06/2018 18:33:31 Entrée dans ActionJoueurs.php
01/06/2018 20:11:17 Entrée dans ActionAgenda.php
01/06/2018 20:55:18 Entrée dans ActionAccueil.php
02/06/2018 09:41:16 Entrée dans ActionAccueil.php
02/06/2018 09:43:55 Entrée dans ActionEcoleDeFoot.php
02/06/2018 10:22:30 Entrée dans ActionAccueil.php
02/06/2018 10:22:45 Entrée dans ActionLogin.php
02/06/2018 10:22:45 Authentification de aissadi.
02/06/2018 10:22:45 Entrée dans ActionProfil.php
02/06/2018 10:22:52 Entrée dans ActionMembre.php
02/06/2018 10:23:02 Entrée dans ActionProfil.php
02/06/2018 10:23:18 Entrée dans ActionMembre.php
02/06/2018 10:24:16 Entrée dans ActionMembre.php
02/06/2018 10:25:42 Entrée dans ActionMembre.php
02/06/2018 10:25:46 Entrée dans ActionMembre.php
02/06/2018 10:25:56 Entrée dans RechercherMembre.php
02/06/2018 10:26:11 Entrée dans GestionResultats.php
02/06/2018 19:31:27 Entrée dans ActionAccueil.php
02/06/2018 19:31:28 Entrée dans ActionAgenda.php
02/06/2018 19:31:29 Entrée dans ActionClub.php
02/06/2018 19:31:30 Entrée dans ActionEcoleDeFoot.php
02/06/2018 19:31:31 Entrée dans ActionEvenement.php
02/06/2018 19:31:34 Entrée dans ActionJoueurs.php
02/06/2018 19:31:35 Entrée dans ActionLogin.php
02/06/2018 19:31:36 Entrée dans ActionSponsor.php
02/06/2018 19:31:36 Entrée dans AfficherPopupArticle.php
02/06/2018 19:31:36 Entrée dans AfficherPopupCompteRendu.php
02/06/2018 19:31:37 Entrée dans ActionAccueil.php
02/06/2018 19:31:37 Entrée dans RechercherArticle.php
02/06/2018 19:31:38 Entrée dans ActionAccueil.php
02/06/2018 19:31:39 Entrée dans ActionAccueil.php
02/06/2018 19:31:42 Entrée dans ActionProfil.php
02/06/2018 19:31:43 Entrée dans ActionAccueil.php
02/06/2018 19:31:43 Entrée dans ActionProfil.php
02/06/2018 19:31:44 Entrée dans ActionAccueil.php
02/06/2018 20:10:04 Entrée dans ActionClub.php
02/06/2018 20:10:04 Entrée dans ActionAccueil.php
02/06/2018 20:10:05 Entrée dans ActionEcoleDeFoot.php
02/06/2018 20:10:56 Entrée dans ActionClub.php
02/06/2018 20:14:08 Entrée dans ActionAccueil.php
02/06/2018 20:21:31 Entrée dans ActionAccueil.php
02/06/2018 20:22:15 Entrée dans ActionEcoleDeFoot.php
02/06/2018 20:23:21 Entrée dans ActionJoueurs.php
02/06/2018 20:47:43 Entrée dans ActionClub.php
02/06/2018 23:52:57 Entrée dans ActionEcoleDeFoot.php
03/06/2018 10:00:19 Entrée dans ActionAccueil.php
03/06/2018 10:00:31 Entrée dans ActionEcoleDeFoot.php
03/06/2018 15:45:21 Entrée dans ActionEvenement.php
03/06/2018 19:57:00 Entrée dans ActionEcoleDeFoot.php
03/06/2018 20:12:26 Entrée dans ActionAccueil.php
03/06/2018 20:12:40 Entrée dans ActionEcoleDeFoot.php
03/06/2018 20:12:47 Entrée dans ActionJoueurs.php
03/06/2018 20:12:54 Entrée dans ActionClub.php
03/06/2018 21:16:27 Entrée dans ActionAccueil.php
04/06/2018 02:35:39 Entrée dans ActionAccueil.php
04/06/2018 02:35:53 Entrée dans ActionClub.php
04/06/2018 02:36:03 Entrée dans ActionAgenda.php
04/06/2018 02:36:13 Entrée dans ActionSponsor.php
04/06/2018 02:36:22 Entrée dans ActionJoueurs.php
04/06/2018 02:36:32 Entrée dans ActionEvenement.php
04/06/2018 02:36:42 Entrée dans ActionEcoleDeFoot.php
04/06/2018 03:40:29 Entrée dans ActionAccueil.php
04/06/2018 05:31:04 Entrée dans ActionAccueil.php
04/06/2018 05:31:08 Entrée dans ActionClub.php
04/06/2018 05:31:10 Entrée dans ActionJoueurs.php
04/06/2018 05:31:12 Entrée dans ActionEcoleDeFoot.php
04/06/2018 05:31:15 Entrée dans ActionAgenda.php
04/06/2018 05:31:17 Entrée dans ActionEvenement.php
04/06/2018 05:31:19 Entrée dans ActionSponsor.php
04/06/2018 12:14:41 Entrée dans ActionAccueil.php
04/06/2018 18:06:06 Entrée dans ActionClub.php
04/06/2018 19:24:04 Entrée dans ActionClub.php
04/06/2018 19:24:11 Entrée dans ActionJoueurs.php
04/06/2018 19:24:40 Entrée dans ActionEcoleDeFoot.php
04/06/2018 19:25:14 Entrée dans ActionAgenda.php
04/06/2018 19:25:37 Entrée dans ActionAgenda.php
04/06/2018 19:25:45 Entrée dans ActionEvenement.php
04/06/2018 19:26:04 Entrée dans ActionSponsor.php
04/06/2018 19:26:57 Entrée dans ActionAccueil.php
04/06/2018 19:27:46 Entrée dans ActionClub.php
04/06/2018 20:19:28 Entrée dans ActionAccueil.php
04/06/2018 22:15:31 Entrée dans ActionEcoleDeFoot.php
05/06/2018 04:51:02 Entrée dans ActionJoueurs.php
05/06/2018 14:44:57 Entrée dans ActionAccueil.php
05/06/2018 14:45:37 Entrée dans ActionAccueil.php
05/06/2018 14:47:11 Entrée dans ActionJoueurs.php
05/06/2018 14:48:07 Entrée dans ActionClub.php
05/06/2018 14:50:51 Entrée dans ActionClub.php
05/06/2018 14:50:54 Entrée dans ActionJoueurs.php
05/06/2018 16:27:26 Entrée dans ActionAccueil.php
05/06/2018 16:27:32 Entrée dans ActionClub.php
05/06/2018 16:27:33 Entrée dans ActionAgenda.php
05/06/2018 16:27:35 Entrée dans ActionEvenement.php
05/06/2018 16:27:36 Entrée dans ActionEcoleDeFoot.php
05/06/2018 16:27:37 Entrée dans ActionJoueurs.php
05/06/2018 16:27:38 Entrée dans ActionSponsor.php
05/06/2018 16:27:39 Entrée dans ActionAccueil.php
05/06/2018 16:27:40 Entrée dans ActionClub.php
05/06/2018 16:27:52 Entrée dans ActionAgenda.php
05/06/2018 16:27:53 Entrée dans ActionEvenement.php
05/06/2018 16:27:54 Entrée dans ActionEcoleDeFoot.php
05/06/2018 16:27:55 Entrée dans ActionJoueurs.php
05/06/2018 16:27:56 Entrée dans ActionSponsor.php
05/06/2018 21:47:35 Entrée dans ActionAccueil.php
05/06/2018 21:47:52 Entrée dans ActionEcoleDeFoot.php
05/06/2018 21:47:52 Entrée dans ActionEcoleDeFoot.php
05/06/2018 21:48:43 Entrée dans ActionClub.php
05/06/2018 21:48:48 Entrée dans ActionAccueil.php
05/06/2018 22:19:17 Entrée dans ActionJoueurs.php
06/06/2018 00:14:18 Entrée dans ActionAccueil.php
06/06/2018 06:27:04 Entrée dans ActionAccueil.php
06/06/2018 06:28:41 Entrée dans ActionAgenda.php
06/06/2018 10:57:52 Entrée dans ActionAccueil.php
06/06/2018 10:58:37 Entrée dans ActionEcoleDeFoot.php
06/06/2018 10:59:49 Entrée dans ActionAgenda.php
06/06/2018 12:40:55 Entrée dans ActionAccueil.php
06/06/2018 13:09:03 Entrée dans ActionAccueil.php
06/06/2018 13:09:16 Entrée dans ActionEcoleDeFoot.php
06/06/2018 14:05:53 Entrée dans ActionAccueil.php
06/06/2018 15:21:05 Entrée dans ActionAccueil.php
06/06/2018 17:59:39 Entrée dans ActionAccueil.php
07/06/2018 01:12:16 Entrée dans ActionAccueil.php
07/06/2018 09:35:39 Entrée dans ActionAccueil.php
07/06/2018 11:18:43 Entrée dans ActionAccueil.php
07/06/2018 11:19:41 Entrée dans ActionAgenda.php
07/06/2018 11:20:09 Entrée dans ActionAgenda.php
07/06/2018 11:20:18 Entrée dans ActionAgenda.php
07/06/2018 11:20:38 Entrée dans ActionClub.php
07/06/2018 12:46:07 Entrée dans ActionClub.php
07/06/2018 15:35:16 Entrée dans ActionAccueil.php
07/06/2018 15:35:46 Entrée dans ActionAgenda.php
07/06/2018 15:36:07 Entrée dans ActionAgenda.php
07/06/2018 15:36:18 Entrée dans ActionAccueil.php
07/06/2018 19:47:58 Entrée dans ActionClub.php
07/06/2018 19:48:28 Entrée dans ActionJoueurs.php
08/06/2018 00:23:07 Entrée dans ActionAccueil.php
08/06/2018 00:24:16 Entrée dans ActionJoueurs.php
08/06/2018 00:24:27 Entrée dans ActionEcoleDeFoot.php
08/06/2018 00:26:03 Entrée dans ActionJoueurs.php
08/06/2018 00:26:30 Entrée dans ActionClub.php
08/06/2018 07:25:39 Entrée dans ActionContact.php
08/06/2018 11:11:06 Entrée dans ActionSponsor.php
08/06/2018 12:35:29 Entrée dans ActionJoueurs.php
08/06/2018 14:02:23 Entrée dans ActionAccueil.php
08/06/2018 18:40:43 Entrée dans ActionAccueil.php
08/06/2018 18:40:53 Entrée dans ActionJoueurs.php
08/06/2018 18:43:25 Entrée dans ActionAccueil.php
08/06/2018 18:43:32 Entrée dans ActionClub.php
08/06/2018 19:41:35 Entrée dans ActionAccueil.php
08/06/2018 21:41:48 Entrée dans ActionAccueil.php
08/06/2018 23:26:46 Entrée dans ActionAccueil.php
08/06/2018 23:26:58 Entrée dans ActionAgenda.php
08/06/2018 23:27:06 Entrée dans ActionAgenda.php
08/06/2018 23:27:09 Entrée dans ActionEvenement.php
09/06/2018 03:11:23 Entrée dans ActionAgenda.php
09/06/2018 03:31:15 Entrée dans ActionClub.php
09/06/2018 05:01:53 Entrée dans ActionJoueurs.php
09/06/2018 07:03:20 Entrée dans ActionAccueil.php
09/06/2018 07:03:24 Entrée dans ActionAgenda.php
09/06/2018 14:57:33 Entrée dans ActionEcoleDeFoot.php
09/06/2018 16:22:20 Entrée dans ActionClub.php
09/06/2018 17:26:14 Entrée dans ActionSponsor.php
09/06/2018 17:40:22 Entrée dans ActionEvenement.php
09/06/2018 17:57:33 Entrée dans ActionAccueil.php
09/06/2018 19:29:36 Entrée dans ActionAccueil.php
09/06/2018 19:30:10 Entrée dans ActionJoueurs.php
09/06/2018 21:46:24 Entrée dans ActionAccueil.php
09/06/2018 22:19:02 Entrée dans ActionEcoleDeFoot.php
09/06/2018 23:39:19 Entrée dans ActionAccueil.php
09/06/2018 23:39:39 Entrée dans ActionEvenement.php
10/06/2018 01:25:51 Entrée dans ActionJoueurs.php
10/06/2018 01:59:02 Entrée dans ActionAccueil.php
10/06/2018 02:23:33 Entrée dans ActionAccueil.php
10/06/2018 02:24:20 Entrée dans ActionJoueurs.php
10/06/2018 02:31:45 Entrée dans ActionJoueurs.php
10/06/2018 03:03:21 Entrée dans ActionAccueil.php
10/06/2018 07:13:54 Entrée dans ActionAccueil.php
10/06/2018 08:32:18 Entrée dans ActionClub.php
10/06/2018 10:41:16 Entrée dans ActionAccueil.php
10/06/2018 10:43:37 Entrée dans ActionEcoleDeFoot.php
10/06/2018 10:43:48 Entrée dans ActionClub.php
10/06/2018 11:49:28 Entrée dans ActionAccueil.php
10/06/2018 17:58:27 Entrée dans ActionAccueil.php
10/06/2018 17:59:14 Entrée dans ActionJoueurs.php
10/06/2018 21:45:00 Entrée dans ActionAccueil.php
10/06/2018 23:52:51 Entrée dans ActionAccueil.php
10/06/2018 23:52:52 Entrée dans ActionAgenda.php
10/06/2018 23:52:54 Entrée dans ActionClub.php
10/06/2018 23:52:55 Entrée dans ActionEcoleDeFoot.php
10/06/2018 23:52:55 Entrée dans ActionEvenement.php
10/06/2018 23:52:56 Entrée dans ActionJoueurs.php
10/06/2018 23:52:56 Entrée dans ActionLogin.php
10/06/2018 23:52:56 Entrée dans ActionSponsor.php
10/06/2018 23:52:57 Entrée dans AfficherPopupArticle.php
10/06/2018 23:52:57 Entrée dans AfficherPopupCompteRendu.php
10/06/2018 23:52:58 Entrée dans ActionAccueil.php
10/06/2018 23:52:58 Entrée dans RechercherArticle.php
10/06/2018 23:52:58 Entrée dans ActionAccueil.php
10/06/2018 23:53:00 Entrée dans ActionAccueil.php
10/06/2018 23:53:02 Entrée dans ActionProfil.php
10/06/2018 23:53:02 Entrée dans ActionAccueil.php
10/06/2018 23:53:04 Entrée dans ActionProfil.php
10/06/2018 23:53:04 Entrée dans ActionAccueil.php
11/06/2018 03:19:16 Entrée dans ActionEcoleDeFoot.php
11/06/2018 03:20:45 Entrée dans ActionEvenement.php
11/06/2018 03:21:00 Entrée dans ActionSponsor.php
11/06/2018 03:21:26 Entrée dans ActionJoueurs.php
11/06/2018 03:21:37 Entrée dans ActionAgenda.php
11/06/2018 03:22:13 Entrée dans ActionEvenement.php
11/06/2018 08:46:19 Entrée dans ActionAccueil.php
11/06/2018 09:36:22 Entrée dans ActionAccueil.php
11/06/2018 11:34:06 Entrée dans ActionAccueil.php
11/06/2018 13:46:26 Entrée dans ActionAccueil.php
11/06/2018 16:00:53 Entrée dans ActionAgenda.php
11/06/2018 16:00:58 Entrée dans ActionSponsor.php
11/06/2018 16:01:07 Entrée dans ActionClub.php
11/06/2018 16:01:16 Entrée dans ActionEcoleDeFoot.php
11/06/2018 16:01:26 Entrée dans ActionJoueurs.php
11/06/2018 16:01:49 Entrée dans ActionEvenement.php
11/06/2018 16:09:07 Entrée dans ActionAccueil.php
11/06/2018 16:52:06 Entrée dans ActionAccueil.php
11/06/2018 18:24:28 Entrée dans ActionAccueil.php
11/06/2018 19:14:11 Entrée dans ActionAgenda.php
11/06/2018 20:44:46 Entrée dans ActionSponsor.php
11/06/2018 20:45:05 Entrée dans ActionJoueurs.php
11/06/2018 20:45:05 Entrée dans ActionEvenement.php
11/06/2018 22:47:45 Entrée dans ActionAccueil.php
11/06/2018 22:48:19 Entrée dans ActionClub.php
11/06/2018 22:48:34 Entrée dans ActionClub.php
11/06/2018 22:48:40 Entrée dans ActionEcoleDeFoot.php
11/06/2018 22:48:59 Entrée dans ActionSponsor.php
11/06/2018 22:49:01 Entrée dans ActionEvenement.php
11/06/2018 22:49:02 Entrée dans ActionEvenement.php
11/06/2018 22:49:06 Entrée dans ActionEvenement.php
11/06/2018 22:49:13 Entrée dans ActionAgenda.php
11/06/2018 22:49:45 Entrée dans ActionClub.php
11/06/2018 22:49:52 Entrée dans ActionClub.php
11/06/2018 22:51:07 Entrée dans ActionJoueurs.php
11/06/2018 22:51:10 Entrée dans ActionClub.php
11/06/2018 22:51:26 Entrée dans ActionSponsor.php
11/06/2018 22:51:27 Entrée dans ActionEvenement.php
11/06/2018 22:51:33 Entrée dans ActionAgenda.php
11/06/2018 22:51:39 Entrée dans ActionAgenda.php
11/06/2018 22:52:36 Entrée dans ActionAgenda.php
11/06/2018 22:55:32 Entrée dans ActionAccueil.php
11/06/2018 22:55:32 Entrée dans ActionAccueil.php
11/06/2018 22:56:29 Entrée dans ActionClub.php
12/06/2018 08:12:33 Entrée dans ActionAccueil.php
12/06/2018 08:12:59 Entrée dans ActionClub.php
12/06/2018 15:09:08 Entrée dans ActionAccueil.php
12/06/2018 15:09:25 Entrée dans ActionJoueurs.php
12/06/2018 18:56:16 Entrée dans ActionAccueil.php
12/06/2018 18:56:46 Entrée dans ActionClub.php
12/06/2018 18:56:51 Entrée dans ActionJoueurs.php
12/06/2018 18:56:52 Entrée dans ActionEcoleDeFoot.php
12/06/2018 18:57:34 Entrée dans ActionAgenda.php
12/06/2018 20:50:15 Entrée dans ActionAccueil.php
12/06/2018 20:51:20 Entrée dans ActionLogin.php
12/06/2018 20:51:20 Authentification de Fgastrini.
12/06/2018 20:51:20 Entrée dans ActionProfil.php
12/06/2018 20:51:34 Entrée dans GestionResultats.php
12/06/2018 20:51:39 Entrée dans GestionResultats.php
12/06/2018 20:51:46 Entrée dans GestionResultats.php
12/06/2018 20:51:54 Entrée dans GestionResultats.php
12/06/2018 20:52:10 Entrée dans GestionResultats.php
12/06/2018 20:52:26 Entrée dans GestionResultats.php
12/06/2018 20:52:31 Entrée dans GestionResultats.php
12/06/2018 20:52:36 Entrée dans ActionRencontre.php
12/06/2018 20:52:43 Entrée dans ActionMembre.php
12/06/2018 20:52:49 Entrée dans ActionMembre.php
12/06/2018 20:52:50 Entrée dans GestionResultats.php
12/06/2018 20:52:54 Entrée dans ActionAccueil.php
12/06/2018 20:53:05 Entrée dans ActionAccueil.php
12/06/2018 20:53:09 Entrée dans ActionProfil.php
12/06/2018 20:53:15 Entrée dans ActionAccueil.php
12/06/2018 20:53:15 Entrée dans ActionAccueil.php
13/06/2018 00:21:35 Entrée dans ActionAccueil.php
13/06/2018 00:22:16 Entrée dans ActionEcoleDeFoot.php
13/06/2018 09:24:50 Entrée dans ActionJoueurs.php
13/06/2018 12:09:25 Entrée dans ActionAccueil.php
13/06/2018 12:09:47 Entrée dans ActionJoueurs.php
13/06/2018 12:09:54 Entrée dans ActionEcoleDeFoot.php
13/06/2018 12:10:03 Entrée dans ActionAgenda.php
13/06/2018 12:10:09 Entrée dans ActionAgenda.php
13/06/2018 12:10:20 Entrée dans ActionAgenda.php
13/06/2018 12:10:23 Entrée dans ActionAgenda.php
13/06/2018 12:10:25 Entrée dans ActionAgenda.php
13/06/2018 12:10:25 Entrée dans ActionAgenda.php
13/06/2018 12:10:38 Entrée dans ActionAgenda.php
13/06/2018 12:10:47 Entrée dans ActionAgenda.php
13/06/2018 12:10:52 Entrée dans ActionAgenda.php
13/06/2018 12:11:03 Entrée dans ActionAgenda.php
13/06/2018 12:11:13 Entrée dans ActionAgenda.php
13/06/2018 12:11:22 Entrée dans ActionAgenda.php
13/06/2018 12:11:30 Entrée dans ActionAgenda.php
13/06/2018 12:12:13 Entrée dans ActionAgenda.php
13/06/2018 12:12:16 Entrée dans ActionEvenement.php
13/06/2018 12:13:21 Entrée dans ActionSponsor.php
13/06/2018 12:13:39 Entrée dans ActionEvenement.php
13/06/2018 12:13:42 Entrée dans ActionAgenda.php
13/06/2018 12:13:45 Entrée dans ActionEcoleDeFoot.php
13/06/2018 12:14:14 Entrée dans ActionEvenement.php
13/06/2018 12:14:18 Entrée dans ActionEcoleDeFoot.php
13/06/2018 12:14:46 Entrée dans ActionEcoleDeFoot.php
13/06/2018 12:14:54 Entrée dans ActionClub.php
13/06/2018 15:36:18 Entrée dans ActionAgenda.php
13/06/2018 15:43:39 Entrée dans ActionAccueil.php
13/06/2018 16:02:19 Entrée dans ActionClub.php
13/06/2018 18:16:18 Entrée dans ActionAccueil.php
13/06/2018 20:18:50 Entrée dans ActionClub.php
13/06/2018 22:15:57 Entrée dans ActionAccueil.php
14/06/2018 00:14:37 Entrée dans ActionAccueil.php
14/06/2018 14:04:13 Entrée dans ActionAccueil.php
14/06/2018 14:04:13 Entrée dans ActionAccueil.php
14/06/2018 14:16:36 Entrée dans ActionEcoleDeFoot.php
14/06/2018 14:27:42 Entrée dans ActionAccueil.php
14/06/2018 15:08:03 Entrée dans ActionAccueil.php
14/06/2018 19:12:45 Entrée dans ActionEvenement.php
14/06/2018 19:49:34 Entrée dans ActionAccueil.php
14/06/2018 19:51:59 Entrée dans ActionEvenement.php
14/06/2018 19:52:15 Entrée dans ActionAgenda.php
14/06/2018 19:52:25 Entrée dans ActionAgenda.php
14/06/2018 19:52:25 Entrée dans ActionAgenda.php
14/06/2018 22:27:13 Entrée dans ActionAccueil.php
14/06/2018 22:28:34 Entrée dans ActionAgenda.php
14/06/2018 22:28:41 Entrée dans ActionAgenda.php
14/06/2018 22:28:44 Entrée dans ActionAgenda.php
14/06/2018 22:29:09 Entrée dans ActionEcoleDeFoot.php
15/06/2018 00:08:33 Entrée dans ActionAccueil.php
15/06/2018 00:08:36 Entrée dans ActionClub.php
15/06/2018 00:08:39 Entrée dans ActionJoueurs.php
15/06/2018 00:08:41 Entrée dans ActionEcoleDeFoot.php
15/06/2018 00:08:42 Entrée dans ActionAgenda.php
15/06/2018 00:08:45 Entrée dans ActionEvenement.php
15/06/2018 00:08:50 Entrée dans ActionSponsor.php
15/06/2018 01:27:28 Entrée dans ActionAccueil.php
15/06/2018 01:27:40 Entrée dans ActionEcoleDeFoot.php
15/06/2018 01:30:06 Entrée dans ActionEcoleDeFoot.php
15/06/2018 01:30:12 Entrée dans ActionEvenement.php
15/06/2018 01:30:22 Entrée dans ActionEcoleDeFoot.php
15/06/2018 01:30:53 Entrée dans ActionClub.php
15/06/2018 01:32:32 Entrée dans ActionClub.php
15/06/2018 04:47:13 Entrée dans ActionJoueurs.php
15/06/2018 07:05:03 Entrée dans ActionAccueil.php
15/06/2018 08:59:35 Entrée dans ActionSponsor.php
15/06/2018 08:59:44 Entrée dans ActionJoueurs.php
15/06/2018 08:59:47 Entrée dans ActionAgenda.php
15/06/2018 08:59:50 Entrée dans ActionClub.php
15/06/2018 08:59:53 Entrée dans ActionEcoleDeFoot.php
15/06/2018 08:59:56 Entrée dans ActionEvenement.php
15/06/2018 10:52:56 Entrée dans ActionSponsor.php
15/06/2018 11:03:30 Entrée dans ActionAccueil.php
15/06/2018 14:17:15 Entrée dans ActionAccueil.php
15/06/2018 15:59:12 Entrée dans ActionAccueil.php
15/06/2018 15:59:56 Entrée dans ActionEcoleDeFoot.php
15/06/2018 16:00:12 Entrée dans ActionAgenda.php
15/06/2018 16:00:19 Entrée dans ActionAgenda.php
15/06/2018 16:00:34 Entrée dans ActionAgenda.php
15/06/2018 16:00:36 Entrée dans ActionAgenda.php
15/06/2018 16:00:57 Entrée dans ActionEvenement.php
15/06/2018 16:01:12 Entrée dans ActionClub.php
15/06/2018 17:35:45 Entrée dans ActionClub.php
16/06/2018 02:16:18 Entrée dans ActionClub.php
16/06/2018 06:56:45 Entrée dans ActionAccueil.php
16/06/2018 09:47:26 Entrée dans ActionEcoleDeFoot.php
16/06/2018 09:47:26 Entrée dans ActionClub.php
16/06/2018 09:49:13 Entrée dans ActionSponsor.php
16/06/2018 14:36:07 Entrée dans ActionAccueil.php
16/06/2018 16:32:32 Entrée dans ActionAccueil.php
16/06/2018 16:32:33 Entrée dans ActionAgenda.php
16/06/2018 16:32:34 Entrée dans ActionClub.php
16/06/2018 16:32:35 Entrée dans ActionEcoleDeFoot.php
16/06/2018 16:32:35 Entrée dans ActionEvenement.php
16/06/2018 16:32:35 Entrée dans ActionJoueurs.php
16/06/2018 16:32:36 Entrée dans ActionLogin.php
16/06/2018 16:32:36 Entrée dans ActionSponsor.php
16/06/2018 16:32:36 Entrée dans AfficherPopupArticle.php
16/06/2018 16:32:36 Entrée dans AfficherPopupCompteRendu.php
16/06/2018 16:32:36 Entrée dans ActionAccueil.php
16/06/2018 16:32:37 Entrée dans RechercherArticle.php
16/06/2018 16:32:37 Entrée dans ActionAccueil.php
16/06/2018 16:32:38 Entrée dans ActionAccueil.php
16/06/2018 16:32:40 Entrée dans ActionProfil.php
16/06/2018 16:32:40 Entrée dans ActionAccueil.php
16/06/2018 16:32:41 Entrée dans ActionProfil.php
16/06/2018 16:32:41 Entrée dans ActionAccueil.php
16/06/2018 23:14:07 Entrée dans ActionAccueil.php
16/06/2018 23:14:11 Entrée dans ActionClub.php
17/06/2018 05:19:28 Entrée dans ActionEvenement.php
17/06/2018 08:37:04 Entrée dans ActionAccueil.php
17/06/2018 11:05:36 Entrée dans ActionAccueil.php
17/06/2018 11:14:17 Entrée dans ActionAccueil.php
17/06/2018 12:49:41 Entrée dans ActionEcoleDeFoot.php
17/06/2018 13:00:22 Entrée dans ActionAgenda.php
17/06/2018 15:20:28 Entrée dans ActionAccueil.php
17/06/2018 15:22:37 Entrée dans ActionClub.php
17/06/2018 15:23:43 Entrée dans ActionAccueil.php
17/06/2018 15:23:52 Entrée dans ActionEcoleDeFoot.php
17/06/2018 15:25:11 Entrée dans ActionEcoleDeFoot.php
17/06/2018 15:25:14 Entrée dans ActionAgenda.php
17/06/2018 18:07:50 Entrée dans ActionAccueil.php
17/06/2018 21:46:54 Entrée dans ActionAccueil.php
17/06/2018 21:48:52 Entrée dans ActionEcoleDeFoot.php
17/06/2018 22:54:24 Entrée dans ActionAccueil.php
18/06/2018 06:12:07 Entrée dans ActionContact.php
18/06/2018 06:51:17 Entrée dans ActionAccueil.php
18/06/2018 06:51:22 Entrée dans ActionClub.php
18/06/2018 06:51:24 Entrée dans ActionJoueurs.php
18/06/2018 06:51:26 Entrée dans ActionEcoleDeFoot.php
18/06/2018 06:51:28 Entrée dans ActionAgenda.php
18/06/2018 06:51:31 Entrée dans ActionEvenement.php
18/06/2018 06:51:33 Entrée dans ActionSponsor.php
18/06/2018 09:06:52 Entrée dans ActionAccueil.php
18/06/2018 13:32:54 Entrée dans ActionAgenda.php
18/06/2018 14:34:49 Entrée dans ActionAccueil.php
18/06/2018 14:36:47 Entrée dans ActionAccueil.php
18/06/2018 20:15:33 Entrée dans ActionAccueil.php
18/06/2018 20:15:45 Entrée dans ActionJoueurs.php
18/06/2018 20:16:08 Entrée dans ActionClub.php
18/06/2018 20:16:23 Entrée dans ActionSponsor.php
18/06/2018 20:16:28 Entrée dans ActionClub.php
18/06/2018 20:16:28 Entrée dans ActionAccueil.php
18/06/2018 20:16:29 Entrée dans ActionClub.php
19/06/2018 00:40:53 Entrée dans ActionAccueil.php
19/06/2018 01:19:29 Entrée dans ActionJoueurs.php
19/06/2018 05:28:19 Entrée dans ActionSponsor.php
19/06/2018 14:26:45 Entrée dans ActionAccueil.php
19/06/2018 14:27:35 Entrée dans ActionJoueurs.php
19/06/2018 14:28:47 Entrée dans ActionClub.php
19/06/2018 14:30:14 Entrée dans ActionEvenement.php
19/06/2018 14:30:20 Entrée dans ActionAgenda.php
19/06/2018 14:30:43 Entrée dans ActionAgenda.php
19/06/2018 14:31:15 Entrée dans ActionAgenda.php
19/06/2018 20:13:45 Entrée dans ActionAccueil.php
19/06/2018 20:14:14 Entrée dans ActionClub.php
19/06/2018 20:47:02 Entrée dans ActionAccueil.php
19/06/2018 20:49:11 Entrée dans ActionAccueil.php
19/06/2018 20:49:17 Entrée dans ActionClub.php
19/06/2018 23:30:00 Entrée dans ActionAgenda.php
20/06/2018 02:47:22 Entrée dans ActionEcoleDeFoot.php
20/06/2018 02:47:23 Entrée dans ActionSponsor.php
20/06/2018 02:47:23 Entrée dans ActionClub.php
20/06/2018 02:47:27 Entrée dans ActionJoueurs.php
20/06/2018 02:47:28 Entrée dans ActionEvenement.php
20/06/2018 08:05:46 Entrée dans ActionClub.php
20/06/2018 12:44:14 Entrée dans ActionAccueil.php
20/06/2018 12:45:04 Entrée dans ActionEcoleDeFoot.php
20/06/2018 14:42:41 Entrée dans ActionAccueil.php
20/06/2018 15:02:28 Entrée dans ActionAccueil.php
20/06/2018 15:02:33 Entrée dans ActionEcoleDeFoot.php
20/06/2018 15:03:06 Entrée dans ActionAccueil.php
20/06/2018 15:03:45 Entrée dans ActionEcoleDeFoot.php
20/06/2018 15:20:35 Entrée dans ActionEcoleDeFoot.php
20/06/2018 15:20:49 Entrée dans ActionEvenement.php
20/06/2018 18:06:46 Entrée dans ActionAccueil.php
20/06/2018 18:07:37 Entrée dans ActionAgenda.php
20/06/2018 18:07:48 Entrée dans ActionClub.php
20/06/2018 18:08:02 Entrée dans ActionEcoleDeFoot.php
20/06/2018 18:08:23 Entrée dans ActionAgenda.php
20/06/2018 18:08:30 Entrée dans ActionEvenement.php
20/06/2018 18:08:41 Entrée dans ActionAccueil.php
20/06/2018 18:34:08 Entrée dans ActionAccueil.php
20/06/2018 18:54:49 Entrée dans ActionAccueil.php
20/06/2018 22:08:10 Entrée dans ActionAccueil.php
20/06/2018 22:11:32 Entrée dans ActionClub.php
20/06/2018 22:12:35 Entrée dans ActionClub.php
20/06/2018 22:12:35 Entrée dans ActionJoueurs.php
20/06/2018 22:12:35 Entrée dans ActionEcoleDeFoot.php
20/06/2018 22:12:36 Entrée dans ActionAgenda.php
20/06/2018 22:13:16 Entrée dans ActionEvenement.php
20/06/2018 22:14:10 Entrée dans ActionEvenement.php
20/06/2018 22:14:10 Entrée dans ActionSponsor.php
21/06/2018 03:56:27 Entrée dans ActionAgenda.php
21/06/2018 03:56:30 Entrée dans ActionClub.php
21/06/2018 03:56:33 Entrée dans ActionEcoleDeFoot.php
21/06/2018 03:56:36 Entrée dans ActionEvenement.php
21/06/2018 03:56:39 Entrée dans ActionJoueurs.php
21/06/2018 03:56:42 Entrée dans ActionSponsor.php
21/06/2018 06:25:30 Entrée dans ActionEvenement.php
21/06/2018 08:40:55 Entrée dans ActionAccueil.php
21/06/2018 14:08:47 Entrée dans ActionJoueurs.php
21/06/2018 14:09:05 Entrée dans ActionEcoleDeFoot.php
21/06/2018 22:09:23 Entrée dans ActionAccueil.php
22/06/2018 02:15:30 Entrée dans ActionEcoleDeFoot.php
22/06/2018 02:30:34 Entrée dans ActionJoueurs.php
22/06/2018 04:48:25 Entrée dans ActionJoueurs.php
22/06/2018 04:48:25 Entrée dans ActionJoueurs.php
22/06/2018 04:48:26 Entrée dans ActionJoueurs.php
22/06/2018 09:13:43 Entrée dans ActionAccueil.php
22/06/2018 09:13:47 Entrée dans ActionClub.php
22/06/2018 17:41:30 Entrée dans ActionJoueurs.php
23/06/2018 00:22:54 Entrée dans ActionAccueil.php
23/06/2018 00:22:55 Entrée dans ActionClub.php
23/06/2018 00:22:55 Entrée dans ActionJoueurs.php
23/06/2018 00:22:55 Entrée dans ActionEcoleDeFoot.php
23/06/2018 00:22:56 Entrée dans ActionAgenda.php
23/06/2018 00:22:56 Entrée dans ActionEvenement.php
23/06/2018 00:22:57 Entrée dans ActionSponsor.php
23/06/2018 01:07:20 Entrée dans ActionJoueurs.php
23/06/2018 04:56:34 Entrée dans ActionJoueurs.php
23/06/2018 04:56:35 Entrée dans ActionJoueurs.php
23/06/2018 04:56:35 Entrée dans ActionJoueurs.php
23/06/2018 08:52:35 Entrée dans ActionAccueil.php
23/06/2018 08:53:25 Entrée dans ActionAgenda.php
23/06/2018 10:03:55 Entrée dans ActionAccueil.php
23/06/2018 10:03:59 Entrée dans ActionAccueil.php
23/06/2018 10:03:59 Entrée dans ActionAccueil.php
23/06/2018 10:03:59 Entrée dans ActionAccueil.php
23/06/2018 10:04:11 Entrée dans ActionEcoleDeFoot.php
23/06/2018 10:41:38 Entrée dans ActionAccueil.php
23/06/2018 10:46:49 Entrée dans ActionClub.php
23/06/2018 10:46:49 Entrée dans ActionJoueurs.php
23/06/2018 10:46:49 Entrée dans ActionEcoleDeFoot.php
23/06/2018 10:46:49 Entrée dans ActionAgenda.php
23/06/2018 10:49:24 Entrée dans ActionEvenement.php
23/06/2018 10:49:25 Entrée dans ActionSponsor.php
23/06/2018 11:10:05 Entrée dans ActionAccueil.php
23/06/2018 14:18:54 Entrée dans ActionAccueil.php
23/06/2018 14:19:56 Entrée dans ActionClub.php
23/06/2018 17:50:41 Entrée dans ActionAccueil.php
23/06/2018 17:51:32 Entrée dans ActionAccueil.php
23/06/2018 18:21:09 Entrée dans ActionAgenda.php
23/06/2018 20:57:05 Entrée dans ActionAccueil.php
23/06/2018 20:57:10 Entrée dans ActionClub.php
23/06/2018 20:57:33 Entrée dans ActionJoueurs.php
23/06/2018 23:55:52 Entrée dans ActionAccueil.php
24/06/2018 05:04:35 Entrée dans ActionJoueurs.php
24/06/2018 05:04:36 Entrée dans ActionJoueurs.php
24/06/2018 05:04:36 Entrée dans ActionJoueurs.php
24/06/2018 11:38:32 Entrée dans ActionSponsor.php
24/06/2018 15:29:35 Entrée dans ActionAccueil.php
24/06/2018 15:30:20 Entrée dans ActionJoueurs.php
24/06/2018 15:31:14 Entrée dans ActionClub.php
24/06/2018 15:33:03 Entrée dans ActionClub.php
24/06/2018 15:35:17 Entrée dans ActionAccueil.php
24/06/2018 15:36:27 Entrée dans ActionEcoleDeFoot.php
24/06/2018 15:37:15 Entrée dans ActionClub.php
24/06/2018 18:55:42 Entrée dans ActionClub.php
24/06/2018 19:25:00 Entrée dans ActionAccueil.php
24/06/2018 20:09:03 Entrée dans ActionClub.php
24/06/2018 21:04:14 Entrée dans ActionAccueil.php
24/06/2018 21:04:43 Entrée dans ActionJoueurs.php
24/06/2018 21:05:04 Entrée dans ActionEvenement.php
24/06/2018 21:05:12 Entrée dans ActionClub.php
25/06/2018 00:43:02 Entrée dans ActionAccueil.php
25/06/2018 00:43:02 Entrée dans ActionAccueil.php
25/06/2018 00:43:42 Entrée dans ActionAccueil.php
25/06/2018 00:44:01 Entrée dans ActionLogin.php
25/06/2018 00:44:31 Entrée dans ActionLogin.php
25/06/2018 00:44:41 Entrée dans ActionLogin.php
25/06/2018 00:45:00 Entrée dans ActionLogin.php
25/06/2018 00:45:28 Entrée dans ActionClub.php
25/06/2018 00:45:37 Entrée dans ActionEcoleDeFoot.php
25/06/2018 00:46:00 Entrée dans ActionJoueurs.php
25/06/2018 00:46:15 Entrée dans ActionEcoleDeFoot.php
25/06/2018 00:46:40 Entrée dans ActionAgenda.php
25/06/2018 00:46:46 Entrée dans ActionEvenement.php
25/06/2018 00:47:12 Entrée dans ActionLogin.php
25/06/2018 00:47:57 Entrée dans ActionLogin.php
25/06/2018 00:48:00 Entrée dans ActionLogin.php
25/06/2018 00:48:04 Entrée dans ActionLogin.php
25/06/2018 00:48:08 Entrée dans ActionLogin.php
25/06/2018 00:48:27 Entrée dans ActionLogin.php
25/06/2018 00:48:28 Entrée dans ActionLogin.php
25/06/2018 00:48:32 Entrée dans ActionLogin.php
25/06/2018 00:48:34 Entrée dans ActionLogin.php
25/06/2018 00:48:36 Entrée dans ActionLogin.php
25/06/2018 00:48:37 Entrée dans ActionLogin.php
25/06/2018 00:48:40 Entrée dans ActionLogin.php
25/06/2018 00:49:01 Entrée dans ActionLogin.php
25/06/2018 08:44:39 Entrée dans ActionJoueurs.php
25/06/2018 08:44:40 Entrée dans ActionJoueurs.php
25/06/2018 08:44:40 Entrée dans ActionJoueurs.php
25/06/2018 10:49:56 Entrée dans ActionAccueil.php
25/06/2018 14:55:28 Entrée dans ActionClub.php
25/06/2018 14:59:28 Entrée dans ActionAccueil.php
25/06/2018 16:13:07 Entrée dans ActionClub.php
25/06/2018 18:12:17 Entrée dans ActionAccueil.php
25/06/2018 19:37:55 Entrée dans ActionAccueil.php
25/06/2018 19:38:26 Entrée dans ActionClub.php
25/06/2018 19:38:31 Entrée dans ActionJoueurs.php
25/06/2018 19:38:48 Entrée dans ActionSponsor.php
25/06/2018 20:10:27 Entrée dans ActionContact.php
25/06/2018 22:55:34 Entrée dans ActionAccueil.php
26/06/2018 01:31:13 Entrée dans ActionEcoleDeFoot.php
26/06/2018 02:29:16 Entrée dans ActionAccueil.php
26/06/2018 09:24:34 Entrée dans ActionJoueurs.php
26/06/2018 09:24:34 Entrée dans ActionJoueurs.php
26/06/2018 09:24:34 Entrée dans ActionJoueurs.php
26/06/2018 11:28:59 Entrée dans ActionAccueil.php
26/06/2018 11:29:18 Entrée dans ActionJoueurs.php
26/06/2018 12:49:15 Entrée dans ActionAccueil.php
26/06/2018 12:49:20 Entrée dans ActionAgenda.php
26/06/2018 12:49:21 Entrée dans ActionClub.php
26/06/2018 12:49:22 Entrée dans ActionEcoleDeFoot.php
26/06/2018 12:49:22 Entrée dans ActionEvenement.php
26/06/2018 12:49:23 Entrée dans ActionJoueurs.php
26/06/2018 12:49:23 Entrée dans ActionLogin.php
26/06/2018 12:49:24 Entrée dans ActionSponsor.php
26/06/2018 12:49:24 Entrée dans AfficherPopupArticle.php
26/06/2018 12:49:24 Entrée dans AfficherPopupCompteRendu.php
26/06/2018 12:49:25 Entrée dans ActionAccueil.php
26/06/2018 12:49:25 Entrée dans RechercherArticle.php
26/06/2018 12:49:25 Entrée dans ActionAccueil.php
26/06/2018 12:49:33 Entrée dans ActionAccueil.php
26/06/2018 12:49:39 Entrée dans ActionProfil.php
26/06/2018 12:49:42 Entrée dans ActionAccueil.php
26/06/2018 12:49:42 Entrée dans ActionProfil.php
26/06/2018 12:49:52 Entrée dans ActionAccueil.php
26/06/2018 15:26:11 Entrée dans ActionAccueil.php
26/06/2018 18:45:47 Entrée dans ActionAccueil.php
26/06/2018 18:46:10 Entrée dans ActionEcoleDeFoot.php
26/06/2018 19:08:16 Entrée dans ActionAccueil.php
26/06/2018 19:08:16 Entrée dans ActionAgenda.php
26/06/2018 19:08:17 Entrée dans ActionClub.php
26/06/2018 19:08:18 Entrée dans ActionEcoleDeFoot.php
26/06/2018 19:08:18 Entrée dans ActionEvenement.php
26/06/2018 19:08:18 Entrée dans ActionJoueurs.php
26/06/2018 19:08:19 Entrée dans ActionSponsor.php
27/06/2018 08:13:51 Entrée dans ActionJoueurs.php
27/06/2018 08:43:09 Entrée dans ActionAccueil.php
27/06/2018 09:44:11 Entrée dans ActionJoueurs.php
27/06/2018 09:44:12 Entrée dans ActionJoueurs.php
27/06/2018 09:44:12 Entrée dans ActionJoueurs.php
27/06/2018 15:17:47 Entrée dans ActionAccueil.php
27/06/2018 15:18:12 Entrée dans ActionClub.php
27/06/2018 15:18:23 Entrée dans ActionEcoleDeFoot.php
27/06/2018 17:02:23 Entrée dans ActionAccueil.php
27/06/2018 18:33:08 Entrée dans ActionClub.php
27/06/2018 22:47:38 Entrée dans ActionAccueil.php
27/06/2018 22:47:49 Entrée dans ActionJoueurs.php
28/06/2018 01:21:35 Entrée dans ActionJoueurs.php
28/06/2018 01:21:36 Entrée dans ActionJoueurs.php
28/06/2018 01:21:36 Entrée dans ActionJoueurs.php
28/06/2018 12:07:34 Entrée dans ActionAccueil.php
28/06/2018 12:08:00 Entrée dans ActionClub.php
28/06/2018 12:08:41 Entrée dans ActionJoueurs.php
28/06/2018 12:09:01 Entrée dans ActionJoueurs.php
28/06/2018 12:09:02 Entrée dans ActionEcoleDeFoot.php
28/06/2018 12:09:06 Entrée dans ActionAgenda.php
28/06/2018 12:09:12 Entrée dans ActionAgenda.php
28/06/2018 12:09:30 Entrée dans ActionAgenda.php
28/06/2018 12:09:44 Entrée dans ActionAgenda.php
28/06/2018 12:10:02 Entrée dans ActionEvenement.php
28/06/2018 12:10:09 Entrée dans ActionSponsor.php
29/06/2018 04:55:03 Entrée dans ActionJoueurs.php
29/06/2018 05:56:16 Entrée dans ActionJoueurs.php
29/06/2018 05:56:16 Entrée dans ActionJoueurs.php
29/06/2018 05:56:17 Entrée dans ActionJoueurs.php
29/06/2018 09:43:33 Entrée dans ActionJoueurs.php
29/06/2018 12:41:05 Entrée dans ActionAccueil.php
29/06/2018 16:05:16 Entrée dans ActionAccueil.php
29/06/2018 16:05:18 Entrée dans ActionAgenda.php
29/06/2018 16:05:19 Entrée dans ActionClub.php
29/06/2018 16:05:19 Entrée dans ActionEcoleDeFoot.php
29/06/2018 16:05:20 Entrée dans ActionEvenement.php
29/06/2018 16:05:20 Entrée dans ActionJoueurs.php
29/06/2018 16:05:20 Entrée dans ActionLogin.php
29/06/2018 16:05:21 Entrée dans ActionSponsor.php
29/06/2018 16:05:21 Entrée dans AfficherPopupArticle.php
29/06/2018 16:05:21 Entrée dans AfficherPopupCompteRendu.php
29/06/2018 16:05:21 Entrée dans ActionAccueil.php
29/06/2018 16:05:22 Entrée dans RechercherArticle.php
29/06/2018 16:05:22 Entrée dans ActionAccueil.php
29/06/2018 16:05:23 Entrée dans ActionAccueil.php
29/06/2018 16:05:25 Entrée dans ActionProfil.php
29/06/2018 16:05:25 Entrée dans ActionAccueil.php
29/06/2018 16:05:26 Entrée dans ActionProfil.php
29/06/2018 16:05:27 Entrée dans ActionAccueil.php
29/06/2018 17:07:57 Entrée dans ActionAccueil.php
30/06/2018 15:24:24 Entrée dans ActionAccueil.php
30/06/2018 15:24:26 Entrée dans ActionClub.php
30/06/2018 15:24:29 Entrée dans ActionJoueurs.php
30/06/2018 15:24:31 Entrée dans ActionEcoleDeFoot.php
30/06/2018 15:30:40 Entrée dans ActionAccueil.php
30/06/2018 16:24:37 Entrée dans ActionAccueil.php
30/06/2018 16:24:47 Entrée dans ActionEcoleDeFoot.php
30/06/2018 16:47:22 Entrée dans ActionAccueil.php
30/06/2018 20:03:31 Entrée dans ActionAgenda.php
30/06/2018 22:02:15 Entrée dans ActionAccueil.php
30/06/2018 22:02:20 Entrée dans ActionAccueil.php
