01/11/2017 01:54:51 Entrée dans ActionEcoleDeFoot.php
01/11/2017 01:54:51 Entrée dans ActionAccueil.php
01/11/2017 02:52:45 Entrée dans ActionJoueurs.php
01/11/2017 04:27:40 Entrée dans ActionJoueurs.php
01/11/2017 14:51:27 Entrée dans ActionAccueil.php
01/11/2017 14:52:04 Entrée dans ActionEvenement.php
01/11/2017 14:52:08 Entrée dans ActionAgenda.php
01/11/2017 14:52:49 Entrée dans ActionJoueurs.php
01/11/2017 14:53:28 Entrée dans ActionAccueil.php
01/11/2017 14:53:41 Entrée dans ActionClub.php
01/11/2017 14:55:11 Entrée dans ActionClub.php
01/11/2017 14:55:14 Entrée dans ActionJoueurs.php
01/11/2017 14:55:20 Entrée dans ActionClub.php
01/11/2017 14:55:23 Entrée dans ActionAccueil.php
01/11/2017 14:55:29 Entrée dans ActionClub.php
01/11/2017 14:55:31 Entrée dans ActionJoueurs.php
01/11/2017 14:55:34 Entrée dans ActionAgenda.php
01/11/2017 14:55:45 Entrée dans ActionAgenda.php
01/11/2017 14:55:51 Entrée dans ActionAccueil.php
01/11/2017 14:55:59 Entrée dans AfficherPopupArticle.php
01/11/2017 14:56:13 Entrée dans ActionAccueil.php
01/11/2017 21:16:30 Entrée dans ActionClub.php
02/11/2017 08:58:36 Entrée dans ActionAccueil.php
02/11/2017 09:29:38 Entrée dans ActionAccueil.php
02/11/2017 09:30:02 Entrée dans ActionAccueil.php
02/11/2017 10:02:39 Entrée dans ActionAccueil.php
02/11/2017 10:02:42 Entrée dans ActionAccueil.php
02/11/2017 10:02:43 Entrée dans ActionClub.php
02/11/2017 10:02:51 Entrée dans ActionEcoleDeFoot.php
02/11/2017 10:03:24 Entrée dans ActionSponsor.php
02/11/2017 10:03:27 Entrée dans ActionEvenement.php
02/11/2017 10:03:31 Entrée dans ActionAgenda.php
02/11/2017 10:03:51 Entrée dans ActionEcoleDeFoot.php
02/11/2017 10:03:58 Entrée dans ActionEcoleDeFoot.php
02/11/2017 10:04:12 Entrée dans ActionEcoleDeFoot.php
02/11/2017 10:06:02 Entrée dans ActionEcoleDeFoot.php
02/11/2017 10:18:52 Entrée dans ActionContact.php
02/11/2017 10:18:53 Entrée dans ActionContact.php
02/11/2017 10:18:57 Entrée dans ActionContact.php
02/11/2017 10:18:58 Entrée dans ActionContact.php
02/11/2017 10:19:01 Entrée dans ActionContact.php
02/11/2017 10:19:01 Entrée dans ActionContact.php
02/11/2017 15:41:46 Entrée dans ActionEcoleDeFoot.php
02/11/2017 15:41:47 Entrée dans ActionAccueil.php
02/11/2017 15:41:48 Entrée dans ActionAgenda.php
02/11/2017 15:41:49 Entrée dans ActionJoueurs.php
02/11/2017 15:41:49 Entrée dans ActionEvenement.php
03/11/2017 04:26:24 Entrée dans ActionAccueil.php
03/11/2017 08:33:09 Entrée dans ActionClub.php
03/11/2017 14:08:58 Entrée dans ActionAccueil.php
03/11/2017 14:09:14 Entrée dans ActionAccueil.php
03/11/2017 14:09:25 Entrée dans ActionClub.php
03/11/2017 14:51:45 Entrée dans ActionClub.php
03/11/2017 15:59:59 Entrée dans ActionAccueil.php
03/11/2017 16:00:27 Entrée dans ActionJoueurs.php
03/11/2017 16:02:10 Entrée dans ActionAgenda.php
03/11/2017 19:30:15 Entrée dans ActionAccueil.php
04/11/2017 06:03:50 Entrée dans ActionEcoleDeFoot.php
04/11/2017 09:50:32 Entrée dans ActionAccueil.php
04/11/2017 09:50:46 Entrée dans ActionLogin.php
04/11/2017 09:50:46 Authentification de fgastrini.
04/11/2017 09:50:47 Entrée dans ActionProfil.php
04/11/2017 09:50:49 Entrée dans ActionMembre.php
04/11/2017 09:50:56 Entrée dans ActionMembre.php
04/11/2017 09:51:07 Entrée dans RechercherMembre.php
04/11/2017 09:52:26 Entrée dans ActionMembre.php
04/11/2017 09:52:32 Entrée dans RechercherMembre.php
04/11/2017 09:53:13 Entrée dans ActionMembre.php
04/11/2017 09:53:15 Entrée dans RechercherMembre.php
04/11/2017 09:53:53 Entrée dans ActionMembre.php
04/11/2017 09:53:57 Entrée dans RechercherMembre.php
04/11/2017 09:54:01 Entrée dans ActionMembre.php
04/11/2017 09:54:09 Entrée dans RechercherMembre.php
04/11/2017 09:54:33 Entrée dans ActionMembre.php
04/11/2017 09:54:38 Entrée dans RechercherMembre.php
04/11/2017 09:54:51 Entrée dans ActionMembre.php
04/11/2017 09:54:54 Entrée dans RechercherMembre.php
04/11/2017 09:55:09 Entrée dans ActionMembre.php
04/11/2017 09:55:13 Entrée dans RechercherMembre.php
04/11/2017 09:55:26 Entrée dans ActionMembre.php
04/11/2017 09:55:30 Entrée dans RechercherMembre.php
04/11/2017 09:55:46 Entrée dans ActionMembre.php
04/11/2017 09:55:49 Entrée dans RechercherMembre.php
04/11/2017 09:55:57 Entrée dans ActionMembre.php
04/11/2017 09:56:01 Entrée dans RechercherMembre.php
04/11/2017 09:56:06 Entrée dans ActionMembre.php
04/11/2017 09:56:10 Entrée dans RechercherMembre.php
04/11/2017 09:56:23 Entrée dans ActionMembre.php
04/11/2017 09:56:27 Entrée dans RechercherMembre.php
04/11/2017 09:56:34 Entrée dans ActionMembre.php
04/11/2017 09:56:39 Entrée dans RechercherMembre.php
04/11/2017 09:56:43 Entrée dans ActionMembre.php
04/11/2017 09:56:46 Entrée dans RechercherMembre.php
04/11/2017 09:56:51 Entrée dans ActionMembre.php
04/11/2017 09:56:57 Entrée dans RechercherMembre.php
04/11/2017 09:57:10 Entrée dans ActionMembre.php
04/11/2017 09:57:14 Entrée dans RechercherMembre.php
04/11/2017 09:57:23 Entrée dans ActionMembre.php
04/11/2017 09:57:28 Entrée dans RechercherMembre.php
04/11/2017 09:57:34 Entrée dans ActionMembre.php
04/11/2017 09:57:38 Entrée dans RechercherMembre.php
04/11/2017 09:57:50 Entrée dans ActionMembre.php
04/11/2017 09:57:54 Entrée dans RechercherMembre.php
04/11/2017 09:58:05 Entrée dans ActionMembre.php
04/11/2017 09:58:10 Entrée dans RechercherMembre.php
04/11/2017 09:58:17 Entrée dans ActionMembre.php
04/11/2017 09:58:23 Entrée dans RechercherMembre.php
04/11/2017 09:58:27 Entrée dans ActionMembre.php
04/11/2017 09:58:31 Entrée dans RechercherMembre.php
04/11/2017 09:58:34 Entrée dans ActionMembre.php
04/11/2017 09:58:37 Entrée dans RechercherMembre.php
04/11/2017 09:58:48 Entrée dans ActionMembre.php
04/11/2017 09:58:56 Entrée dans RechercherMembre.php
04/11/2017 09:59:01 Entrée dans ActionMembre.php
04/11/2017 09:59:17 Entrée dans ActionMembre.php
04/11/2017 09:59:26 Entrée dans ActionMembre.php
04/11/2017 09:59:32 Entrée dans ActionMembre.php
04/11/2017 10:00:14 Entrée dans ActionMembre.php
04/11/2017 10:00:53 Entrée dans ActionMembre.php
04/11/2017 10:01:00 Entrée dans ActionRencontre.php
04/11/2017 10:01:11 Entrée dans ActionConvocation.php
04/11/2017 10:02:07 Entrée dans ActionRencontre.php
04/11/2017 10:02:26 Entrée dans ActionConvocation.php
04/11/2017 10:02:50 Entrée dans ActionRencontre.php
04/11/2017 10:03:33 Entrée dans ActionAccueil.php
04/11/2017 10:03:33 Entrée dans ActionAccueil.php
04/11/2017 10:04:24 Entrée dans ActionLogin.php
04/11/2017 10:04:24 Authentification de fgastrini.
04/11/2017 10:04:24 Entrée dans ActionProfil.php
04/11/2017 10:04:27 Entrée dans GestionResultats.php
04/11/2017 10:04:33 Entrée dans GestionResultats.php
04/11/2017 10:04:51 Entrée dans GestionResultats.php
04/11/2017 10:04:59 Entrée dans ActionAccueil.php
04/11/2017 10:05:09 Entrée dans ActionEvenement.php
04/11/2017 10:05:12 Entrée dans ActionAgenda.php
04/11/2017 10:05:33 Entrée dans ActionEcoleDeFoot.php
04/11/2017 10:05:42 Entrée dans ActionProfil.php
04/11/2017 10:05:48 Entrée dans ActionArticle.php
04/11/2017 10:06:16 Entrée dans ActionAccueil.php
04/11/2017 10:06:16 Entrée dans ActionAccueil.php
05/11/2017 01:06:46 Entrée dans ActionClub.php
05/11/2017 02:34:54 Entrée dans ActionAccueil.php
05/11/2017 02:49:42 Entrée dans ActionAccueil.php
05/11/2017 02:49:56 Entrée dans ActionEcoleDeFoot.php
05/11/2017 02:50:00 Entrée dans ActionEcoleDeFoot.php
05/11/2017 04:33:13 Entrée dans ActionJoueurs.php
05/11/2017 11:16:51 Entrée dans ActionAccueil.php
05/11/2017 11:17:04 Entrée dans ActionJoueurs.php
05/11/2017 11:38:40 Entrée dans ActionAccueil.php
05/11/2017 11:39:07 Entrée dans ActionClub.php
05/11/2017 11:39:35 Entrée dans ActionJoueurs.php
05/11/2017 11:40:26 Entrée dans ActionEcoleDeFoot.php
05/11/2017 11:40:46 Entrée dans ActionEcoleDeFoot.php
05/11/2017 11:41:24 Entrée dans ActionAccueil.php
05/11/2017 11:41:57 Entrée dans ActionAgenda.php
05/11/2017 11:47:14 Entrée dans ActionAgenda.php
05/11/2017 13:50:08 Entrée dans ActionAccueil.php
05/11/2017 13:50:24 Entrée dans ActionClub.php
05/11/2017 13:50:29 Entrée dans ActionEcoleDeFoot.php
05/11/2017 13:50:56 Entrée dans ActionEcoleDeFoot.php
05/11/2017 13:51:01 Entrée dans ActionEcoleDeFoot.php
05/11/2017 13:51:02 Entrée dans ActionEcoleDeFoot.php
05/11/2017 13:51:05 Entrée dans ActionEcoleDeFoot.php
05/11/2017 13:51:09 Entrée dans ActionEcoleDeFoot.php
05/11/2017 13:51:12 Entrée dans ActionEcoleDeFoot.php
05/11/2017 13:51:16 Entrée dans ActionEcoleDeFoot.php
05/11/2017 13:51:18 Entrée dans ActionEcoleDeFoot.php
05/11/2017 13:51:21 Entrée dans ActionAccueil.php
05/11/2017 16:47:08 Entrée dans ActionContact.php
05/11/2017 16:47:10 Entrée dans ActionContact.php
05/11/2017 16:47:14 Entrée dans ActionContact.php
05/11/2017 16:47:15 Entrée dans ActionContact.php
05/11/2017 16:47:18 Entrée dans ActionContact.php
05/11/2017 16:47:19 Entrée dans ActionContact.php
05/11/2017 17:36:03 Entrée dans ActionAccueil.php
05/11/2017 18:12:55 Entrée dans ActionAccueil.php
05/11/2017 18:15:02 Entrée dans ActionClub.php
05/11/2017 20:33:21 Entrée dans ActionAccueil.php
05/11/2017 20:33:56 Entrée dans ActionAccueil.php
05/11/2017 20:34:01 Entrée dans AfficherPopupArticle.php
05/11/2017 20:34:14 Entrée dans ActionJoueurs.php
05/11/2017 20:34:17 Entrée dans AfficherPopupArticle.php
05/11/2017 20:34:42 Entrée dans AfficherPopupArticle.php
05/11/2017 22:28:42 Entrée dans ActionEcoleDeFoot.php
05/11/2017 22:28:48 Entrée dans ActionEcoleDeFoot.php
05/11/2017 22:28:54 Entrée dans ActionEcoleDeFoot.php
05/11/2017 22:29:10 Entrée dans ActionEcoleDeFoot.php
05/11/2017 22:29:16 Entrée dans ActionEcoleDeFoot.php
05/11/2017 22:29:20 Entrée dans ActionEcoleDeFoot.php
05/11/2017 22:29:24 Entrée dans ActionEcoleDeFoot.php
05/11/2017 22:29:30 Entrée dans ActionEcoleDeFoot.php
05/11/2017 22:29:41 Entrée dans ActionEcoleDeFoot.php
05/11/2017 22:29:57 Entrée dans ActionEcoleDeFoot.php
06/11/2017 00:07:18 Entrée dans ActionAccueil.php
06/11/2017 00:07:31 Entrée dans ActionClub.php
06/11/2017 00:07:40 Entrée dans ActionAgenda.php
06/11/2017 00:07:51 Entrée dans ActionJoueurs.php
06/11/2017 00:07:56 Entrée dans ActionSponsor.php
06/11/2017 00:08:16 Entrée dans ActionEvenement.php
06/11/2017 00:08:26 Entrée dans ActionEcoleDeFoot.php
06/11/2017 00:16:04 Entrée dans ActionAccueil.php
06/11/2017 03:10:24 Entrée dans ActionEcoleDeFoot.php
06/11/2017 03:10:25 Entrée dans ActionAccueil.php
06/11/2017 03:10:38 Entrée dans ActionAgenda.php
06/11/2017 03:10:38 Entrée dans ActionJoueurs.php
06/11/2017 03:10:39 Entrée dans ActionEvenement.php
06/11/2017 05:21:11 Entrée dans ActionJoueurs.php
06/11/2017 05:58:29 Entrée dans ActionEcoleDeFoot.php
06/11/2017 06:24:18 Entrée dans ActionAgenda.php
06/11/2017 06:54:24 Entrée dans ActionAccueil.php
06/11/2017 06:54:28 Entrée dans ActionClub.php
06/11/2017 06:54:30 Entrée dans ActionJoueurs.php
06/11/2017 06:54:32 Entrée dans ActionEcoleDeFoot.php
06/11/2017 06:54:34 Entrée dans ActionAgenda.php
06/11/2017 06:54:37 Entrée dans ActionEvenement.php
06/11/2017 06:54:39 Entrée dans ActionSponsor.php
06/11/2017 08:07:33 Entrée dans ActionJoueurs.php
06/11/2017 11:54:08 Entrée dans ActionJoueurs.php
06/11/2017 13:45:27 Entrée dans ActionEvenement.php
06/11/2017 17:33:23 Entrée dans ActionClub.php
06/11/2017 18:05:28 Entrée dans ActionJoueurs.php
06/11/2017 19:42:04 Entrée dans ActionClub.php
07/11/2017 00:47:39 Entrée dans ActionClub.php
07/11/2017 10:17:46 Entrée dans ActionContact.php
07/11/2017 10:17:47 Entrée dans ActionContact.php
07/11/2017 10:17:52 Entrée dans ActionContact.php
07/11/2017 10:17:53 Entrée dans ActionContact.php
07/11/2017 10:17:57 Entrée dans ActionContact.php
07/11/2017 10:17:58 Entrée dans ActionContact.php
07/11/2017 15:46:40 Entrée dans ActionAccueil.php
07/11/2017 16:06:36 Entrée dans ActionAccueil.php
07/11/2017 16:43:47 Entrée dans ActionAccueil.php
07/11/2017 16:46:26 Entrée dans ActionClub.php
07/11/2017 16:46:27 Entrée dans ActionJoueurs.php
07/11/2017 16:46:27 Entrée dans ActionEcoleDeFoot.php
07/11/2017 16:46:27 Entrée dans ActionAgenda.php
07/11/2017 16:46:27 Entrée dans ActionEvenement.php
07/11/2017 16:46:27 Entrée dans ActionSponsor.php
07/11/2017 16:47:02 Entrée dans ActionEvenement.php
07/11/2017 16:47:02 Entrée dans ActionSponsor.php
07/11/2017 16:47:02 Entrée dans ActionEcoleDeFoot.php
07/11/2017 16:47:23 Entrée dans ActionEcoleDeFoot.php
07/11/2017 16:47:24 Entrée dans ActionSponsor.php
07/11/2017 16:47:24 Entrée dans ActionEvenement.php
07/11/2017 17:36:47 Entrée dans ActionClub.php
07/11/2017 21:25:04 Entrée dans ActionAccueil.php
07/11/2017 23:30:48 Entrée dans ActionEcoleDeFoot.php
08/11/2017 01:05:07 Entrée dans ActionSponsor.php
08/11/2017 01:20:55 Entrée dans ActionAccueil.php
08/11/2017 03:19:30 Entrée dans ActionAccueil.php
08/11/2017 03:20:48 Entrée dans ActionJoueurs.php
08/11/2017 07:31:04 Entrée dans ActionAccueil.php
08/11/2017 07:31:24 Entrée dans ActionClub.php
08/11/2017 07:31:34 Entrée dans ActionJoueurs.php
08/11/2017 12:15:08 Entrée dans ActionEvenement.php
08/11/2017 14:16:11 Entrée dans ActionAccueil.php
08/11/2017 14:16:11 Entrée dans ActionAccueil.php
08/11/2017 14:17:27 Entrée dans ActionAgenda.php
08/11/2017 14:17:38 Entrée dans ActionEcoleDeFoot.php
08/11/2017 14:18:29 Entrée dans ActionEcoleDeFoot.php
08/11/2017 14:21:44 Entrée dans ActionEcoleDeFoot.php
08/11/2017 16:51:55 Entrée dans ActionAccueil.php
08/11/2017 16:52:18 Entrée dans ActionAccueil.php
08/11/2017 16:52:30 Entrée dans ActionClub.php
08/11/2017 16:52:33 Entrée dans ActionJoueurs.php
08/11/2017 16:52:40 Entrée dans ActionAgenda.php
08/11/2017 16:52:47 Entrée dans ActionAgenda.php
08/11/2017 19:06:00 Entrée dans ActionJoueurs.php
08/11/2017 19:06:00 Entrée dans ActionSponsor.php
08/11/2017 19:06:00 Entrée dans ActionAgenda.php
08/11/2017 19:06:01 Entrée dans ActionEvenement.php
08/11/2017 19:06:16 Entrée dans ActionEcoleDeFoot.php
08/11/2017 19:06:57 Entrée dans ActionEcoleDeFoot.php
08/11/2017 19:08:53 Entrée dans ActionAccueil.php
08/11/2017 19:09:02 Entrée dans ActionClub.php
08/11/2017 19:09:18 Entrée dans ActionAccueil.php
08/11/2017 19:09:28 Entrée dans ActionEcoleDeFoot.php
08/11/2017 19:09:37 Entrée dans ActionEvenement.php
08/11/2017 21:55:05 Entrée dans ActionEcoleDeFoot.php
08/11/2017 21:56:00 Entrée dans ActionClub.php
08/11/2017 21:57:03 Entrée dans ActionAgenda.php
08/11/2017 21:57:13 Entrée dans ActionSponsor.php
08/11/2017 21:58:07 Entrée dans ActionAccueil.php
08/11/2017 21:58:09 Entrée dans ActionJoueurs.php
08/11/2017 21:58:28 Entrée dans ActionEvenement.php
08/11/2017 23:42:24 Entrée dans ActionAgenda.php
09/11/2017 05:08:15 Entrée dans ActionEcoleDeFoot.php
09/11/2017 08:05:16 Entrée dans ActionJoueurs.php
09/11/2017 08:42:59 Entrée dans ActionAccueil.php
09/11/2017 08:43:53 Entrée dans ActionJoueurs.php
09/11/2017 08:59:01 Entrée dans ActionClub.php
09/11/2017 08:59:07 Entrée dans ActionAgenda.php
09/11/2017 10:36:17 Entrée dans ActionAccueil.php
09/11/2017 11:51:42 Entrée dans ActionAccueil.php
09/11/2017 11:51:42 Entrée dans ActionClub.php
09/11/2017 13:46:21 Entrée dans ActionAgenda.php
09/11/2017 13:47:12 Entrée dans ActionClub.php
09/11/2017 13:47:34 Entrée dans ActionAccueil.php
09/11/2017 13:47:39 Entrée dans ActionJoueurs.php
09/11/2017 13:49:05 Entrée dans ActionJoueurs.php
09/11/2017 13:49:16 Entrée dans ActionEcoleDeFoot.php
09/11/2017 13:49:25 Entrée dans ActionEcoleDeFoot.php
09/11/2017 13:49:35 Entrée dans ActionAccueil.php
09/11/2017 13:50:33 Entrée dans ActionClub.php
09/11/2017 15:49:25 Entrée dans ActionAccueil.php
09/11/2017 15:50:01 Entrée dans AfficherPopupArticle.php
09/11/2017 15:50:29 Entrée dans AfficherPopupArticle.php
09/11/2017 15:51:05 Entrée dans AfficherPopupArticle.php
09/11/2017 15:51:58 Entrée dans ActionAccueil.php
09/11/2017 15:52:03 Entrée dans ActionAccueil.php
09/11/2017 15:52:06 Entrée dans ActionEcoleDeFoot.php
09/11/2017 15:52:24 Entrée dans ActionEcoleDeFoot.php
09/11/2017 15:53:28 Entrée dans ActionEvenement.php
09/11/2017 17:27:53 Entrée dans ActionClub.php
09/11/2017 19:45:56 Entrée dans ActionAccueil.php
10/11/2017 03:03:28 Entrée dans ActionSponsor.php
10/11/2017 09:13:36 Entrée dans ActionAccueil.php
10/11/2017 11:10:49 Entrée dans ActionAccueil.php
10/11/2017 11:10:54 Entrée dans ActionJoueurs.php
10/11/2017 11:11:50 Entrée dans ActionAgenda.php
10/11/2017 13:11:14 Entrée dans ActionAccueil.php
10/11/2017 13:11:38 Entrée dans ActionJoueurs.php
10/11/2017 13:12:41 Entrée dans ActionAccueil.php
10/11/2017 17:44:24 Entrée dans ActionAccueil.php
10/11/2017 17:44:54 Entrée dans ActionJoueurs.php
10/11/2017 17:45:36 Entrée dans ActionAgenda.php
10/11/2017 17:45:43 Entrée dans ActionJoueurs.php
10/11/2017 17:45:55 Entrée dans ActionClub.php
10/11/2017 17:45:57 Entrée dans ActionAccueil.php
10/11/2017 19:03:07 Entrée dans ActionAccueil.php
10/11/2017 19:24:06 Entrée dans ActionAccueil.php
10/11/2017 19:24:06 Entrée dans ActionClub.php
10/11/2017 22:32:19 Entrée dans ActionAccueil.php
10/11/2017 22:32:42 Entrée dans AfficherPopupArticle.php
10/11/2017 22:33:21 Entrée dans AfficherPopupArticle.php
10/11/2017 23:08:25 Entrée dans ActionAccueil.php
11/11/2017 04:50:45 Entrée dans ActionEcoleDeFoot.php
11/11/2017 04:50:51 Entrée dans ActionEvenement.php
11/11/2017 04:50:59 Entrée dans ActionSponsor.php
11/11/2017 08:08:10 Entrée dans ActionAccueil.php
11/11/2017 12:30:31 Entrée dans ActionJoueurs.php
11/11/2017 13:26:23 Entrée dans ActionAccueil.php
11/11/2017 15:08:30 Entrée dans ActionEcoleDeFoot.php
11/11/2017 15:08:31 Entrée dans ActionSponsor.php
11/11/2017 15:09:27 Entrée dans ActionJoueurs.php
11/11/2017 15:09:27 Entrée dans ActionEvenement.php
11/11/2017 15:09:28 Entrée dans ActionAgenda.php
11/11/2017 17:32:40 Entrée dans ActionClub.php
11/11/2017 23:28:59 Entrée dans ActionClub.php
12/11/2017 04:02:16 Entrée dans ActionAccueil.php
12/11/2017 04:16:00 Entrée dans ActionClub.php
12/11/2017 04:16:00 Entrée dans ActionAccueil.php
12/11/2017 08:30:48 Entrée dans ActionAccueil.php
12/11/2017 08:54:21 Entrée dans ActionEcoleDeFoot.php
12/11/2017 08:54:28 Entrée dans ActionEcoleDeFoot.php
12/11/2017 08:54:39 Entrée dans ActionEcoleDeFoot.php
12/11/2017 08:54:44 Entrée dans ActionEcoleDeFoot.php
12/11/2017 08:54:57 Entrée dans ActionEcoleDeFoot.php
12/11/2017 08:55:10 Entrée dans ActionEcoleDeFoot.php
12/11/2017 08:55:20 Entrée dans ActionEcoleDeFoot.php
12/11/2017 08:55:28 Entrée dans ActionEcoleDeFoot.php
12/11/2017 17:16:06 Entrée dans ActionAccueil.php
12/11/2017 17:52:24 Entrée dans ActionJoueurs.php
12/11/2017 20:33:11 Entrée dans ActionJoueurs.php
12/11/2017 21:05:14 Entrée dans ActionAgenda.php
12/11/2017 21:05:15 Entrée dans ActionEvenement.php
12/11/2017 21:05:16 Entrée dans ActionJoueurs.php
12/11/2017 21:05:39 Entrée dans ActionSponsor.php
12/11/2017 21:06:09 Entrée dans ActionEcoleDeFoot.php
13/11/2017 13:21:45 Entrée dans ActionAccueil.php
13/11/2017 13:22:14 Entrée dans ActionClub.php
13/11/2017 13:22:27 Entrée dans ActionAccueil.php
13/11/2017 18:13:20 Entrée dans ActionClub.php
13/11/2017 23:27:32 Entrée dans ActionAccueil.php
13/11/2017 23:28:39 Entrée dans AfficherPopupArticle.php
13/11/2017 23:29:52 Entrée dans ActionAccueil.php
14/11/2017 00:39:04 Entrée dans ActionAgenda.php
14/11/2017 00:39:05 Entrée dans ActionClub.php
14/11/2017 00:39:05 Entrée dans ActionAccueil.php
14/11/2017 04:09:21 Entrée dans ActionJoueurs.php
14/11/2017 07:12:24 Entrée dans ActionJoueurs.php
14/11/2017 11:21:55 Entrée dans ActionAccueil.php
14/11/2017 11:21:55 Entrée dans ActionAccueil.php
14/11/2017 11:21:55 Entrée dans ActionAccueil.php
14/11/2017 11:21:55 Entrée dans ActionAccueil.php
14/11/2017 11:22:10 Entrée dans ActionClub.php
14/11/2017 11:22:10 Entrée dans ActionClub.php
14/11/2017 11:22:10 Entrée dans ActionClub.php
14/11/2017 11:22:10 Entrée dans ActionClub.php
14/11/2017 11:22:10 Entrée dans ActionJoueurs.php
14/11/2017 11:22:10 Entrée dans ActionJoueurs.php
14/11/2017 11:22:10 Entrée dans ActionJoueurs.php
14/11/2017 11:22:10 Entrée dans ActionJoueurs.php
14/11/2017 11:22:10 Entrée dans ActionEcoleDeFoot.php
14/11/2017 11:22:10 Entrée dans ActionEcoleDeFoot.php
14/11/2017 11:22:10 Entrée dans ActionEcoleDeFoot.php
14/11/2017 11:22:10 Entrée dans ActionEcoleDeFoot.php
14/11/2017 11:22:10 Entrée dans ActionAgenda.php
14/11/2017 11:22:10 Entrée dans ActionAgenda.php
14/11/2017 11:22:10 Entrée dans ActionAgenda.php
14/11/2017 11:22:11 Entrée dans ActionAgenda.php
14/11/2017 11:22:11 Entrée dans ActionEvenement.php
14/11/2017 11:22:11 Entrée dans ActionSponsor.php
14/11/2017 11:22:11 Entrée dans ActionEvenement.php
14/11/2017 11:22:11 Entrée dans ActionSponsor.php
14/11/2017 11:22:12 Entrée dans ActionEvenement.php
14/11/2017 11:22:12 Entrée dans ActionSponsor.php
14/11/2017 11:22:12 Entrée dans ActionEvenement.php
14/11/2017 11:22:12 Entrée dans ActionSponsor.php
14/11/2017 11:53:21 Entrée dans ActionJoueurs.php
14/11/2017 15:59:01 Entrée dans ActionEcoleDeFoot.php
14/11/2017 15:59:09 Entrée dans ActionJoueurs.php
14/11/2017 15:59:09 Entrée dans ActionEvenement.php
14/11/2017 15:59:48 Entrée dans ActionSponsor.php
14/11/2017 17:36:24 Entrée dans ActionAccueil.php
14/11/2017 18:33:18 Entrée dans ActionClub.php
15/11/2017 03:02:19 Entrée dans ActionClub.php
15/11/2017 03:08:25 Entrée dans ActionAccueil.php
15/11/2017 06:35:00 Entrée dans ActionAgenda.php
15/11/2017 06:35:04 Entrée dans ActionClub.php
15/11/2017 06:35:05 Entrée dans ActionAccueil.php
15/11/2017 08:50:40 Entrée dans ActionAccueil.php
15/11/2017 08:51:08 Entrée dans AfficherPopupArticle.php
15/11/2017 08:57:29 Entrée dans ActionClub.php
15/11/2017 18:28:12 Entrée dans ActionAccueil.php
15/11/2017 18:30:36 Entrée dans ActionJoueurs.php
15/11/2017 21:53:36 Entrée dans ActionAccueil.php
15/11/2017 21:53:48 Entrée dans ActionClub.php
15/11/2017 21:53:58 Entrée dans ActionAgenda.php
15/11/2017 21:54:09 Entrée dans ActionJoueurs.php
15/11/2017 21:54:13 Entrée dans ActionSponsor.php
15/11/2017 21:54:34 Entrée dans ActionEvenement.php
15/11/2017 21:54:44 Entrée dans ActionEcoleDeFoot.php
16/11/2017 05:43:51 Entrée dans ActionAccueil.php
16/11/2017 05:44:07 Entrée dans ActionClub.php
16/11/2017 05:44:09 Entrée dans ActionJoueurs.php
16/11/2017 05:44:11 Entrée dans ActionEcoleDeFoot.php
16/11/2017 05:44:13 Entrée dans ActionAgenda.php
16/11/2017 05:44:15 Entrée dans ActionEvenement.php
16/11/2017 05:44:16 Entrée dans ActionSponsor.php
16/11/2017 08:02:19 Entrée dans ActionContact.php
16/11/2017 08:02:21 Entrée dans ActionContact.php
16/11/2017 08:02:25 Entrée dans ActionContact.php
16/11/2017 08:02:26 Entrée dans ActionContact.php
16/11/2017 08:02:29 Entrée dans ActionContact.php
16/11/2017 08:02:29 Entrée dans ActionContact.php
16/11/2017 08:24:12 Entrée dans ActionSponsor.php
16/11/2017 08:24:21 Entrée dans ActionEcoleDeFoot.php
16/11/2017 08:24:26 Entrée dans ActionEvenement.php
16/11/2017 08:24:26 Entrée dans ActionJoueurs.php
16/11/2017 12:31:03 Entrée dans ActionAccueil.php
16/11/2017 14:20:58 Entrée dans ActionAccueil.php
16/11/2017 14:38:15 Entrée dans ActionAccueil.php
16/11/2017 17:02:57 Entrée dans ActionAccueil.php
16/11/2017 17:10:31 Entrée dans AfficherPopupArticle.php
16/11/2017 18:15:52 Entrée dans ActionAccueil.php
16/11/2017 18:16:02 Entrée dans AfficherPopupArticle.php
16/11/2017 18:16:43 Entrée dans AfficherPopupArticle.php
16/11/2017 18:17:08 Entrée dans AfficherPopupArticle.php
16/11/2017 18:31:44 Entrée dans ActionAccueil.php
16/11/2017 18:31:47 Entrée dans ActionAccueil.php
16/11/2017 18:31:55 Entrée dans ActionClub.php
16/11/2017 18:33:33 Entrée dans ActionEcoleDeFoot.php
16/11/2017 18:33:55 Entrée dans ActionEvenement.php
16/11/2017 18:34:09 Entrée dans ActionAccueil.php
16/11/2017 19:30:56 Entrée dans ActionAgenda.php
16/11/2017 19:43:05 Entrée dans ActionAccueil.php
16/11/2017 19:43:19 Entrée dans ActionAccueil.php
16/11/2017 19:43:35 Entrée dans ActionJoueurs.php
16/11/2017 20:59:56 Entrée dans ActionJoueurs.php
16/11/2017 23:43:31 Entrée dans ActionClub.php
17/11/2017 03:54:09 Entrée dans ActionEvenement.php
17/11/2017 03:56:18 Entrée dans ActionEcoleDeFoot.php
17/11/2017 14:14:37 Entrée dans ActionAccueil.php
17/11/2017 14:15:09 Entrée dans ActionJoueurs.php
17/11/2017 15:30:15 Entrée dans ActionAccueil.php
17/11/2017 17:40:05 Entrée dans ActionAccueil.php
17/11/2017 18:38:19 Entrée dans ActionClub.php
17/11/2017 20:18:05 Entrée dans ActionClub.php
17/11/2017 20:37:14 Entrée dans ActionAccueil.php
17/11/2017 20:37:44 Entrée dans ActionEcoleDeFoot.php
17/11/2017 20:37:49 Entrée dans ActionEcoleDeFoot.php
17/11/2017 20:38:05 Entrée dans ActionEcoleDeFoot.php
17/11/2017 20:38:10 Entrée dans ActionEcoleDeFoot.php
18/11/2017 00:23:45 Entrée dans ActionEvenement.php
18/11/2017 00:23:45 Entrée dans ActionAgenda.php
18/11/2017 00:23:48 Entrée dans ActionClub.php
18/11/2017 00:23:49 Entrée dans ActionAccueil.php
18/11/2017 00:46:30 Entrée dans ActionAccueil.php
18/11/2017 03:28:10 Entrée dans ActionAgenda.php
18/11/2017 05:55:04 Entrée dans ActionAgenda.php
18/11/2017 08:47:35 Entrée dans ActionEvenement.php
18/11/2017 08:54:00 Entrée dans ActionAccueil.php
18/11/2017 16:17:26 Entrée dans ActionAccueil.php
18/11/2017 20:54:14 Entrée dans ActionAccueil.php
18/11/2017 20:55:06 Entrée dans ActionJoueurs.php
18/11/2017 20:55:49 Entrée dans ActionClub.php
18/11/2017 20:56:21 Entrée dans ActionAccueil.php
18/11/2017 22:09:41 Entrée dans ActionAgenda.php
19/11/2017 00:11:12 Entrée dans ActionAccueil.php
19/11/2017 00:11:14 Entrée dans ActionAccueil.php
19/11/2017 00:11:54 Entrée dans ActionAccueil.php
19/11/2017 04:42:02 Entrée dans ActionClub.php
19/11/2017 08:38:05 Entrée dans ActionEvenement.php
19/11/2017 08:38:06 Entrée dans ActionAgenda.php
19/11/2017 10:19:30 Entrée dans ActionAccueil.php
19/11/2017 12:38:01 Entrée dans ActionAccueil.php
19/11/2017 12:38:30 Entrée dans AfficherPopupArticle.php
19/11/2017 12:40:17 Entrée dans ActionEcoleDeFoot.php
19/11/2017 12:40:29 Entrée dans ActionEcoleDeFoot.php
19/11/2017 12:40:34 Entrée dans ActionEcoleDeFoot.php
19/11/2017 12:40:50 Entrée dans ActionEcoleDeFoot.php
19/11/2017 12:40:55 Entrée dans ActionAccueil.php
19/11/2017 12:41:10 Entrée dans AfficherPopupArticle.php
19/11/2017 12:46:48 Entrée dans ActionAccueil.php
19/11/2017 12:46:52 Entrée dans AfficherPopupArticle.php
19/11/2017 15:16:59 Entrée dans ActionAccueil.php
19/11/2017 20:00:31 Entrée dans ActionAccueil.php
19/11/2017 20:10:04 Entrée dans ActionAccueil.php
19/11/2017 20:10:12 Entrée dans ActionJoueurs.php
19/11/2017 20:25:15 Entrée dans ActionAccueil.php
19/11/2017 21:29:02 Entrée dans ActionAccueil.php
19/11/2017 21:29:27 Entrée dans AfficherPopupArticle.php
19/11/2017 21:36:41 Entrée dans ActionJoueurs.php
19/11/2017 21:37:54 Entrée dans ActionAgenda.php
19/11/2017 21:47:24 Entrée dans ActionAccueil.php
19/11/2017 21:48:04 Entrée dans ActionJoueurs.php
19/11/2017 21:50:59 Entrée dans ActionAgenda.php
19/11/2017 21:52:12 Entrée dans ActionAgenda.php
20/11/2017 01:55:04 Entrée dans ActionJoueurs.php
20/11/2017 01:55:08 Entrée dans ActionSponsor.php
20/11/2017 01:55:26 Entrée dans ActionEcoleDeFoot.php
20/11/2017 01:57:22 Entrée dans ActionAccueil.php
20/11/2017 01:57:30 Entrée dans ActionClub.php
20/11/2017 01:57:35 Entrée dans ActionJoueurs.php
20/11/2017 01:57:39 Entrée dans ActionEcoleDeFoot.php
20/11/2017 01:57:41 Entrée dans ActionAgenda.php
20/11/2017 01:57:44 Entrée dans ActionEvenement.php
20/11/2017 01:57:46 Entrée dans ActionSponsor.php
20/11/2017 05:55:08 Entrée dans ActionClub.php
20/11/2017 10:18:54 Entrée dans ActionAccueil.php
20/11/2017 10:49:49 Entrée dans ActionContact.php
20/11/2017 10:49:51 Entrée dans ActionContact.php
20/11/2017 10:49:54 Entrée dans ActionContact.php
20/11/2017 10:49:55 Entrée dans ActionContact.php
20/11/2017 11:18:19 Entrée dans ActionAccueil.php
20/11/2017 11:18:34 Entrée dans ActionJoueurs.php
20/11/2017 12:29:58 Entrée dans ActionAccueil.php
20/11/2017 12:30:02 Entrée dans ActionClub.php
20/11/2017 12:30:04 Entrée dans ActionJoueurs.php
20/11/2017 12:30:06 Entrée dans ActionEcoleDeFoot.php
20/11/2017 12:30:09 Entrée dans ActionAgenda.php
20/11/2017 12:30:12 Entrée dans ActionEvenement.php
20/11/2017 12:30:14 Entrée dans ActionSponsor.php
20/11/2017 16:17:56 Entrée dans ActionAccueil.php
20/11/2017 19:31:57 Entrée dans ActionClub.php
20/11/2017 20:30:08 Entrée dans ActionClub.php
20/11/2017 20:30:09 Entrée dans ActionAccueil.php
20/11/2017 20:30:13 Entrée dans ActionEvenement.php
20/11/2017 20:30:13 Entrée dans ActionAgenda.php
21/11/2017 00:53:35 Entrée dans ActionJoueurs.php
21/11/2017 04:13:18 Entrée dans ActionClub.php
21/11/2017 04:13:21 Entrée dans ActionJoueurs.php
21/11/2017 04:16:40 Entrée dans ActionEcoleDeFoot.php
21/11/2017 04:17:43 Entrée dans ActionEcoleDeFoot.php
21/11/2017 04:17:45 Entrée dans ActionEcoleDeFoot.php
21/11/2017 04:17:46 Entrée dans ActionEcoleDeFoot.php
21/11/2017 04:17:48 Entrée dans ActionEcoleDeFoot.php
21/11/2017 04:17:48 Entrée dans ActionEcoleDeFoot.php
21/11/2017 04:17:50 Entrée dans ActionEcoleDeFoot.php
21/11/2017 04:17:54 Entrée dans ActionEcoleDeFoot.php
21/11/2017 04:17:59 Entrée dans ActionEcoleDeFoot.php
21/11/2017 04:18:10 Entrée dans ActionEcoleDeFoot.php
21/11/2017 04:18:32 Entrée dans ActionEcoleDeFoot.php
21/11/2017 04:18:35 Entrée dans ActionEcoleDeFoot.php
21/11/2017 04:18:40 Entrée dans ActionEcoleDeFoot.php
21/11/2017 04:18:46 Entrée dans ActionEcoleDeFoot.php
21/11/2017 04:19:06 Entrée dans ActionEcoleDeFoot.php
21/11/2017 04:19:47 Entrée dans ActionEcoleDeFoot.php
21/11/2017 04:19:56 Entrée dans ActionEcoleDeFoot.php
21/11/2017 04:20:08 Entrée dans ActionEcoleDeFoot.php
21/11/2017 04:20:15 Entrée dans ActionEcoleDeFoot.php
21/11/2017 04:20:21 Entrée dans ActionEcoleDeFoot.php
21/11/2017 04:20:28 Entrée dans ActionAgenda.php
21/11/2017 04:20:55 Entrée dans ActionEvenement.php
21/11/2017 04:20:59 Entrée dans ActionSponsor.php
21/11/2017 17:19:09 Entrée dans ActionAccueil.php
21/11/2017 17:19:11 Entrée dans AfficherPopupArticle.php
21/11/2017 17:19:50 Entrée dans AfficherPopupArticle.php
21/11/2017 17:20:37 Entrée dans ActionJoueurs.php
21/11/2017 17:20:39 Entrée dans ActionJoueurs.php
21/11/2017 17:20:44 Entrée dans ActionClub.php
21/11/2017 17:21:12 Entrée dans ActionEcoleDeFoot.php
21/11/2017 17:21:16 Entrée dans ActionEcoleDeFoot.php
21/11/2017 17:21:29 Entrée dans ActionEcoleDeFoot.php
21/11/2017 17:21:45 Entrée dans ActionEcoleDeFoot.php
21/11/2017 17:21:48 Entrée dans ActionEcoleDeFoot.php
21/11/2017 17:21:54 Entrée dans ActionEcoleDeFoot.php
21/11/2017 17:21:55 Entrée dans ActionEcoleDeFoot.php
21/11/2017 17:21:58 Entrée dans ActionEcoleDeFoot.php
21/11/2017 17:22:01 Entrée dans ActionEcoleDeFoot.php
21/11/2017 17:24:00 Entrée dans ActionAccueil.php
21/11/2017 18:47:27 Entrée dans ActionEcoleDeFoot.php
21/11/2017 18:47:31 Entrée dans ActionAccueil.php
21/11/2017 18:47:48 Entrée dans AfficherPopupArticle.php
21/11/2017 18:48:23 Entrée dans AfficherPopupArticle.php
21/11/2017 18:49:18 Entrée dans AfficherPopupArticle.php
21/11/2017 18:50:09 Entrée dans ActionAgenda.php
21/11/2017 19:03:11 Entrée dans ActionJoueurs.php
21/11/2017 21:24:30 Entrée dans ActionContact.php
21/11/2017 21:24:32 Entrée dans ActionContact.php
21/11/2017 21:24:36 Entrée dans ActionContact.php
21/11/2017 21:24:37 Entrée dans ActionContact.php
21/11/2017 21:24:40 Entrée dans ActionContact.php
21/11/2017 21:24:41 Entrée dans ActionContact.php
21/11/2017 21:31:21 Entrée dans ActionClub.php
22/11/2017 06:44:26 Entrée dans ActionEvenement.php
22/11/2017 06:44:30 Entrée dans ActionClub.php
22/11/2017 06:44:30 Entrée dans ActionEcoleDeFoot.php
22/11/2017 06:44:31 Entrée dans ActionAccueil.php
22/11/2017 06:44:50 Entrée dans ActionSponsor.php
22/11/2017 12:06:12 Entrée dans ActionAccueil.php
22/11/2017 12:06:28 Entrée dans ActionEcoleDeFoot.php
22/11/2017 12:06:31 Entrée dans ActionEcoleDeFoot.php
22/11/2017 12:06:35 Entrée dans ActionEcoleDeFoot.php
22/11/2017 12:06:38 Entrée dans ActionEcoleDeFoot.php
22/11/2017 12:06:43 Entrée dans ActionClub.php
22/11/2017 12:07:04 Entrée dans ActionAccueil.php
22/11/2017 14:00:59 Entrée dans ActionAccueil.php
22/11/2017 14:56:54 Entrée dans ActionAccueil.php
22/11/2017 14:56:54 Entrée dans ActionAccueil.php
22/11/2017 14:57:02 Entrée dans ActionAccueil.php
22/11/2017 14:57:33 Entrée dans ActionJoueurs.php
22/11/2017 18:12:56 Entrée dans ActionAccueil.php
22/11/2017 19:20:39 Entrée dans ActionAgenda.php
22/11/2017 20:32:09 Entrée dans ActionAccueil.php
22/11/2017 20:32:55 Entrée dans ActionAccueil.php
22/11/2017 23:39:54 Entrée dans ActionAccueil.php
23/11/2017 03:23:31 Entrée dans ActionClub.php
23/11/2017 07:46:02 Entrée dans ActionAccueil.php
23/11/2017 07:46:34 Entrée dans ActionAccueil.php
23/11/2017 12:03:49 Entrée dans ActionClub.php
23/11/2017 12:55:43 Entrée dans ActionAgenda.php
23/11/2017 14:10:34 Entrée dans ActionJoueurs.php
23/11/2017 17:09:45 Entrée dans ActionAccueil.php
23/11/2017 17:09:45 Entrée dans ActionEcoleDeFoot.php
23/11/2017 17:09:45 Entrée dans ActionClub.php
23/11/2017 17:09:59 Entrée dans ActionSponsor.php
23/11/2017 17:10:43 Entrée dans ActionEvenement.php
23/11/2017 17:16:49 Entrée dans ActionAccueil.php
23/11/2017 17:16:56 Entrée dans ActionAccueil.php
23/11/2017 20:54:26 Entrée dans ActionJoueurs.php
23/11/2017 23:44:42 Entrée dans ActionJoueurs.php
24/11/2017 02:23:16 Entrée dans ActionJoueurs.php
24/11/2017 03:33:26 Entrée dans ActionEvenement.php
24/11/2017 10:17:57 Entrée dans ActionAccueil.php
24/11/2017 18:07:46 Entrée dans ActionAccueil.php
24/11/2017 18:08:53 Entrée dans AfficherPopupArticle.php
24/11/2017 18:09:09 Entrée dans AfficherPopupArticle.php
24/11/2017 18:37:37 Entrée dans ActionAccueil.php
24/11/2017 18:37:38 Entrée dans ActionAccueil.php
25/11/2017 03:44:20 Entrée dans ActionClub.php
25/11/2017 07:35:35 Entrée dans ActionAccueil.php
25/11/2017 07:36:55 Entrée dans ActionAccueil.php
25/11/2017 07:37:32 Entrée dans ActionEcoleDeFoot.php
25/11/2017 07:37:49 Entrée dans ActionEcoleDeFoot.php
25/11/2017 07:38:27 Entrée dans ActionEcoleDeFoot.php
25/11/2017 07:39:10 Entrée dans ActionClub.php
25/11/2017 11:06:20 Entrée dans ActionAccueil.php
25/11/2017 11:06:30 Entrée dans ActionEcoleDeFoot.php
25/11/2017 11:06:35 Entrée dans ActionEcoleDeFoot.php
25/11/2017 11:06:45 Entrée dans ActionClub.php
25/11/2017 11:08:20 Entrée dans ActionAgenda.php
25/11/2017 11:08:28 Entrée dans ActionAgenda.php
25/11/2017 11:08:30 Entrée dans ActionAccueil.php
25/11/2017 11:09:10 Entrée dans AfficherPopupArticle.php
25/11/2017 11:09:23 Entrée dans ActionClub.php
25/11/2017 11:09:24 Entrée dans ActionEcoleDeFoot.php
25/11/2017 11:09:27 Entrée dans ActionEcoleDeFoot.php
25/11/2017 15:10:37 Entrée dans ActionAccueil.php
25/11/2017 15:10:38 Entrée dans ActionAccueil.php
25/11/2017 15:10:54 Entrée dans ActionClub.php
25/11/2017 15:11:24 Entrée dans ActionClub.php
25/11/2017 15:11:36 Entrée dans ActionEvenement.php
25/11/2017 16:45:55 Entrée dans ActionAccueil.php
25/11/2017 16:45:56 Entrée dans ActionEcoleDeFoot.php
25/11/2017 16:45:56 Entrée dans ActionClub.php
25/11/2017 16:46:05 Entrée dans ActionSponsor.php
25/11/2017 16:47:16 Entrée dans ActionEvenement.php
25/11/2017 19:02:08 Entrée dans ActionAccueil.php
25/11/2017 19:02:16 Entrée dans ActionJoueurs.php
25/11/2017 19:11:01 Entrée dans ActionAccueil.php
25/11/2017 19:56:45 Entrée dans ActionAccueil.php
25/11/2017 19:57:14 Entrée dans ActionJoueurs.php
25/11/2017 19:58:29 Entrée dans ActionClub.php
25/11/2017 19:58:42 Entrée dans ActionJoueurs.php
26/11/2017 02:20:25 Entrée dans ActionAccueil.php
26/11/2017 03:55:35 Entrée dans ActionJoueurs.php
26/11/2017 06:55:17 Entrée dans ActionAgenda.php
26/11/2017 08:26:54 Entrée dans ActionAgenda.php
26/11/2017 08:26:55 Entrée dans ActionJoueurs.php
26/11/2017 21:42:57 Entrée dans ActionAccueil.php
26/11/2017 21:43:05 Entrée dans ActionLogin.php
26/11/2017 21:43:05 Authentification de tsutter.
26/11/2017 21:43:05 Entrée dans ActionProfil.php
26/11/2017 21:43:08 Entrée dans GestionResultats.php
26/11/2017 21:43:53 Entrée dans GestionResultats.php
26/11/2017 21:44:05 Entrée dans GestionResultats.php
26/11/2017 21:44:11 Entrée dans GestionResultats.php
26/11/2017 21:44:50 Entrée dans GestionResultats.php
26/11/2017 21:44:57 Entrée dans GestionResultats.php
26/11/2017 21:45:06 Entrée dans GestionResultats.php
26/11/2017 21:45:26 Entrée dans GestionResultats.php
26/11/2017 21:45:40 Entrée dans ActionRencontre.php
26/11/2017 21:45:45 Entrée dans ActionRencontre.php
26/11/2017 21:45:53 Entrée dans ActionRencontre.php
26/11/2017 21:45:57 Entrée dans RechercherRencontre.php
26/11/2017 21:46:05 Entrée dans ActionRencontre.php
26/11/2017 21:46:08 Entrée dans GestionResultats.php
26/11/2017 21:46:16 Entrée dans GestionResultats.php
26/11/2017 21:46:28 Entrée dans GestionResultats.php
26/11/2017 21:46:48 Entrée dans GestionResultats.php
26/11/2017 21:46:57 Entrée dans GestionResultats.php
26/11/2017 21:47:04 Entrée dans GestionResultats.php
26/11/2017 21:47:09 Entrée dans GestionResultats.php
26/11/2017 21:47:13 Entrée dans GestionResultats.php
26/11/2017 21:47:31 Entrée dans GestionResultats.php
26/11/2017 21:47:36 Entrée dans GestionResultats.php
26/11/2017 21:47:40 Entrée dans GestionResultats.php
26/11/2017 21:47:47 Entrée dans GestionResultats.php
26/11/2017 21:47:54 Entrée dans GestionResultats.php
26/11/2017 21:48:24 Entrée dans GestionResultats.php
26/11/2017 21:48:29 Entrée dans GestionResultats.php
26/11/2017 21:48:46 Entrée dans ActionRencontre.php
26/11/2017 21:48:59 Entrée dans ActionRencontre.php
26/11/2017 21:49:05 Entrée dans ActionRencontre.php
26/11/2017 21:49:08 Entrée dans RechercherRencontre.php
26/11/2017 21:49:15 Entrée dans ActionRencontre.php
26/11/2017 21:49:18 Entrée dans GestionResultats.php
26/11/2017 21:49:24 Entrée dans GestionResultats.php
26/11/2017 21:49:29 Entrée dans GestionResultats.php
26/11/2017 21:49:59 Entrée dans ActionAccueil.php
26/11/2017 23:33:48 Entrée dans ActionSponsor.php
26/11/2017 23:34:38 Entrée dans ActionAccueil.php
26/11/2017 23:34:38 Entrée dans ActionClub.php
26/11/2017 23:34:38 Entrée dans ActionEcoleDeFoot.php
26/11/2017 23:35:57 Entrée dans ActionEvenement.php
27/11/2017 12:27:02 Entrée dans ActionClub.php
27/11/2017 17:58:53 Entrée dans ActionJoueurs.php
27/11/2017 19:06:18 Entrée dans ActionAccueil.php
27/11/2017 20:03:03 Entrée dans ActionAccueil.php
27/11/2017 20:04:28 Entrée dans AfficherPopupArticle.php
28/11/2017 08:30:13 Entrée dans ActionAccueil.php
28/11/2017 08:30:13 Entrée dans ActionClub.php
28/11/2017 08:30:13 Entrée dans ActionEcoleDeFoot.php
28/11/2017 08:30:15 Entrée dans ActionJoueurs.php
28/11/2017 08:30:15 Entrée dans ActionAgenda.php
28/11/2017 08:30:16 Entrée dans ActionEvenement.php
28/11/2017 08:30:17 Entrée dans ActionSponsor.php
28/11/2017 12:54:38 Entrée dans ActionAccueil.php
28/11/2017 12:55:00 Entrée dans ActionEcoleDeFoot.php
28/11/2017 12:55:03 Entrée dans ActionEcoleDeFoot.php
28/11/2017 12:55:27 Entrée dans ActionEcoleDeFoot.php
28/11/2017 12:55:33 Entrée dans ActionEcoleDeFoot.php
28/11/2017 12:56:00 Entrée dans ActionEcoleDeFoot.php
28/11/2017 12:56:28 Entrée dans ActionEcoleDeFoot.php
28/11/2017 12:56:31 Entrée dans ActionEcoleDeFoot.php
28/11/2017 12:56:34 Entrée dans ActionEcoleDeFoot.php
28/11/2017 15:23:52 Entrée dans ActionAccueil.php
28/11/2017 20:25:06 Entrée dans ActionAccueil.php
28/11/2017 20:26:18 Entrée dans ActionAccueil.php
28/11/2017 20:26:25 Entrée dans AfficherPopupArticle.php
28/11/2017 20:28:56 Entrée dans AfficherPopupArticle.php
29/11/2017 07:43:28 Entrée dans ActionContact.php
29/11/2017 07:43:30 Entrée dans ActionContact.php
29/11/2017 07:43:32 Entrée dans ActionContact.php
29/11/2017 07:43:33 Entrée dans ActionContact.php
29/11/2017 07:43:34 Entrée dans ActionContact.php
29/11/2017 07:43:34 Entrée dans ActionContact.php
29/11/2017 07:43:36 Entrée dans ActionContact.php
29/11/2017 07:43:37 Entrée dans ActionContact.php
29/11/2017 07:43:37 Entrée dans ActionContact.php
29/11/2017 07:43:37 Entrée dans ActionContact.php
29/11/2017 07:43:40 Entrée dans ActionContact.php
29/11/2017 07:43:41 Entrée dans ActionContact.php
29/11/2017 12:42:24 Entrée dans ActionClub.php
29/11/2017 13:22:37 Entrée dans ActionContact.php
29/11/2017 13:22:37 Entrée dans ActionContact.php
29/11/2017 13:22:38 Entrée dans ActionContact.php
29/11/2017 16:06:14 Entrée dans ActionAccueil.php
29/11/2017 16:06:29 Entrée dans AfficherPopupArticle.php
29/11/2017 17:14:24 Entrée dans ActionAccueil.php
29/11/2017 17:14:24 Entrée dans ActionAccueil.php
29/11/2017 17:15:55 Entrée dans ActionJoueurs.php
29/11/2017 18:15:09 Entrée dans ActionEcoleDeFoot.php
29/11/2017 18:15:09 Entrée dans ActionClub.php
29/11/2017 18:15:10 Entrée dans ActionAccueil.php
29/11/2017 18:15:18 Entrée dans ActionJoueurs.php
29/11/2017 18:15:18 Entrée dans ActionAgenda.php
29/11/2017 18:15:19 Entrée dans ActionEvenement.php
29/11/2017 18:15:26 Entrée dans ActionSponsor.php
30/11/2017 07:15:09 Entrée dans ActionAccueil.php
30/11/2017 11:13:47 Entrée dans ActionAccueil.php
30/11/2017 11:13:58 Entrée dans AfficherPopupArticle.php
30/11/2017 11:14:24 Entrée dans AfficherPopupArticle.php
30/11/2017 11:14:56 Entrée dans ActionClub.php
30/11/2017 11:15:34 Entrée dans ActionEcoleDeFoot.php
30/11/2017 19:47:19 Entrée dans ActionAccueil.php
30/11/2017 20:02:17 Entrée dans ActionContact.php
30/11/2017 20:02:19 Entrée dans ActionContact.php
30/11/2017 20:02:22 Entrée dans ActionContact.php
30/11/2017 20:02:23 Entrée dans ActionContact.php
30/11/2017 20:02:27 Entrée dans ActionContact.php
30/11/2017 20:02:28 Entrée dans ActionContact.php
30/11/2017 21:07:54 Entrée dans ActionClub.php
