01/07/2018 13:59:03 Entrée dans ActionClub.php
01/07/2018 15:53:40 Entrée dans ActionAccueil.php
01/07/2018 15:55:15 Entrée dans ActionEcoleDeFoot.php
02/07/2018 04:02:54 Entrée dans ActionAccueil.php
02/07/2018 04:02:59 Entrée dans ActionClub.php
02/07/2018 04:03:01 Entrée dans ActionJoueurs.php
02/07/2018 04:03:03 Entrée dans ActionEcoleDeFoot.php
02/07/2018 04:03:05 Entrée dans ActionAgenda.php
02/07/2018 04:03:08 Entrée dans ActionEvenement.php
02/07/2018 04:03:10 Entrée dans ActionSponsor.php
02/07/2018 04:13:03 Entrée dans ActionClub.php
02/07/2018 10:53:03 Entrée dans ActionSponsor.php
02/07/2018 13:17:18 Entrée dans ActionJoueurs.php
02/07/2018 13:30:43 Entrée dans ActionAccueil.php
02/07/2018 13:30:56 Entrée dans ActionClub.php
02/07/2018 20:08:45 Entrée dans ActionAccueil.php
02/07/2018 21:07:53 Entrée dans ActionAccueil.php
02/07/2018 21:08:36 Entrée dans ActionJoueurs.php
02/07/2018 21:08:48 Entrée dans ActionClub.php
02/07/2018 21:09:54 Entrée dans ActionEvenement.php
02/07/2018 22:19:04 Entrée dans ActionJoueurs.php
02/07/2018 22:19:05 Entrée dans ActionJoueurs.php
02/07/2018 22:19:06 Entrée dans ActionJoueurs.php
02/07/2018 23:24:09 Entrée dans ActionSponsor.php
02/07/2018 23:29:28 Entrée dans ActionEcoleDeFoot.php
03/07/2018 07:32:08 Entrée dans ActionContact.php
03/07/2018 07:59:31 Entrée dans ActionJoueurs.php
03/07/2018 08:01:07 Entrée dans ActionEcoleDeFoot.php
03/07/2018 09:01:17 Entrée dans ActionAccueil.php
03/07/2018 09:01:21 Entrée dans ActionAgenda.php
03/07/2018 09:01:22 Entrée dans ActionClub.php
03/07/2018 09:01:23 Entrée dans ActionEcoleDeFoot.php
03/07/2018 09:01:23 Entrée dans ActionEvenement.php
03/07/2018 09:01:23 Entrée dans ActionJoueurs.php
03/07/2018 09:01:24 Entrée dans ActionLogin.php
03/07/2018 09:01:24 Entrée dans ActionSponsor.php
03/07/2018 09:01:24 Entrée dans AfficherPopupArticle.php
03/07/2018 09:01:24 Entrée dans AfficherPopupCompteRendu.php
03/07/2018 09:01:24 Entrée dans ActionAccueil.php
03/07/2018 09:01:25 Entrée dans RechercherArticle.php
03/07/2018 09:01:25 Entrée dans ActionAccueil.php
03/07/2018 09:01:26 Entrée dans ActionAccueil.php
03/07/2018 09:01:27 Entrée dans ActionProfil.php
03/07/2018 09:01:28 Entrée dans ActionAccueil.php
03/07/2018 09:01:28 Entrée dans ActionProfil.php
03/07/2018 09:01:29 Entrée dans ActionAccueil.php
03/07/2018 09:50:14 Entrée dans ActionJoueurs.php
03/07/2018 15:47:54 Entrée dans ActionAccueil.php
03/07/2018 15:48:03 Entrée dans ActionJoueurs.php
03/07/2018 16:48:45 Entrée dans ActionClub.php
03/07/2018 21:26:06 Entrée dans ActionClub.php
03/07/2018 21:40:02 Entrée dans ActionJoueurs.php
03/07/2018 23:19:54 Entrée dans ActionAccueil.php
03/07/2018 23:21:01 Entrée dans ActionClub.php
04/07/2018 02:39:13 Entrée dans ActionClub.php
05/07/2018 04:03:51 Entrée dans ActionAgenda.php
05/07/2018 13:11:09 Entrée dans ActionAccueil.php
05/07/2018 13:11:09 Entrée dans ActionAccueil.php
05/07/2018 13:12:44 Entrée dans ActionJoueurs.php
05/07/2018 17:16:12 Entrée dans ActionAgenda.php
05/07/2018 18:23:11 Entrée dans ActionClub.php
05/07/2018 18:45:13 Entrée dans ActionAccueil.php
05/07/2018 18:45:14 Entrée dans ActionAgenda.php
05/07/2018 18:45:15 Entrée dans ActionClub.php
05/07/2018 18:45:16 Entrée dans ActionEcoleDeFoot.php
05/07/2018 18:45:16 Entrée dans ActionEvenement.php
05/07/2018 18:45:16 Entrée dans ActionJoueurs.php
05/07/2018 18:45:17 Entrée dans ActionLogin.php
05/07/2018 18:45:17 Entrée dans ActionSponsor.php
05/07/2018 18:45:17 Entrée dans AfficherPopupArticle.php
05/07/2018 18:45:17 Entrée dans AfficherPopupCompteRendu.php
05/07/2018 18:45:17 Entrée dans ActionAccueil.php
05/07/2018 18:45:18 Entrée dans RechercherArticle.php
05/07/2018 18:45:18 Entrée dans ActionAccueil.php
05/07/2018 18:45:19 Entrée dans ActionAccueil.php
05/07/2018 18:45:20 Entrée dans ActionProfil.php
05/07/2018 18:45:21 Entrée dans ActionAccueil.php
05/07/2018 18:45:21 Entrée dans ActionProfil.php
05/07/2018 18:45:22 Entrée dans ActionAccueil.php
06/07/2018 11:11:23 Entrée dans ActionAccueil.php
06/07/2018 13:17:17 Entrée dans ActionAccueil.php
06/07/2018 14:59:54 Entrée dans ActionAccueil.php
06/07/2018 15:00:07 Entrée dans ActionClub.php
06/07/2018 15:00:18 Entrée dans ActionAgenda.php
06/07/2018 15:00:28 Entrée dans ActionSponsor.php
06/07/2018 15:00:37 Entrée dans ActionJoueurs.php
06/07/2018 15:00:47 Entrée dans ActionEvenement.php
06/07/2018 15:00:57 Entrée dans ActionEcoleDeFoot.php
06/07/2018 19:13:33 Entrée dans ActionAccueil.php
07/07/2018 01:17:11 Entrée dans ActionAgenda.php
07/07/2018 01:17:12 Entrée dans ActionEvenement.php
07/07/2018 03:12:59 Entrée dans ActionJoueurs.php
07/07/2018 05:28:08 Entrée dans ActionEcoleDeFoot.php
07/07/2018 09:19:39 Entrée dans ActionAccueil.php
07/07/2018 09:19:39 Entrée dans ActionAccueil.php
07/07/2018 09:23:29 Entrée dans ActionLogin.php
07/07/2018 09:23:29 Authentification de aissadi.
07/07/2018 09:23:29 Entrée dans ActionProfil.php
07/07/2018 09:23:44 Entrée dans ActionMembre.php
07/07/2018 09:24:06 Entrée dans ActionMembre.php
07/07/2018 09:24:37 Entrée dans ActionMembre.php
07/07/2018 09:24:40 Entrée dans ActionMembre.php
07/07/2018 09:24:58 Entrée dans RechercherMembre.php
07/07/2018 09:25:36 Entrée dans ActionMembre.php
07/07/2018 09:26:25 Entrée dans ActionMembre.php
07/07/2018 09:26:45 Entrée dans RechercherMembre.php
07/07/2018 09:27:29 Entrée dans RechercherMembre.php
07/07/2018 09:28:10 Entrée dans ActionMembre.php
07/07/2018 09:28:15 Entrée dans ActionMembre.php
07/07/2018 09:29:49 Entrée dans RechercherMembre.php
07/07/2018 09:30:20 Entrée dans ActionMembre.php
07/07/2018 09:30:23 Entrée dans ActionMembre.php
07/07/2018 09:36:09 Entrée dans ActionMembre.php
07/07/2018 09:36:16 Entrée dans RechercherMembre.php
07/07/2018 09:36:24 Entrée dans ActionMembre.php
07/07/2018 09:36:26 Entrée dans ActionMembre.php
07/07/2018 09:36:53 Entrée dans RechercherMembre.php
07/07/2018 13:37:04 Entrée dans ActionEcoleDeFoot.php
07/07/2018 14:36:43 Entrée dans ActionEcoleDeFoot.php
07/07/2018 19:35:17 Entrée dans ActionAccueil.php
07/07/2018 21:08:24 Entrée dans ActionContact.php
07/07/2018 21:10:48 Entrée dans ActionAccueil.php
07/07/2018 22:34:16 Entrée dans ActionJoueurs.php
07/07/2018 23:25:06 Entrée dans ActionEcoleDeFoot.php
08/07/2018 04:05:15 Entrée dans ActionJoueurs.php
08/07/2018 05:43:03 Entrée dans ActionAccueil.php
08/07/2018 05:43:04 Entrée dans ActionClub.php
08/07/2018 05:43:04 Entrée dans ActionJoueurs.php
08/07/2018 05:43:05 Entrée dans ActionEcoleDeFoot.php
08/07/2018 05:43:05 Entrée dans ActionAgenda.php
08/07/2018 05:43:06 Entrée dans ActionEvenement.php
08/07/2018 05:43:06 Entrée dans ActionSponsor.php
08/07/2018 09:21:25 Entrée dans ActionContact.php
08/07/2018 12:30:37 Entrée dans ActionAccueil.php
08/07/2018 12:30:37 Entrée dans ActionAgenda.php
08/07/2018 12:30:38 Entrée dans ActionClub.php
08/07/2018 12:30:39 Entrée dans ActionEcoleDeFoot.php
08/07/2018 12:30:39 Entrée dans ActionEvenement.php
08/07/2018 12:30:39 Entrée dans ActionJoueurs.php
08/07/2018 12:30:40 Entrée dans ActionLogin.php
08/07/2018 12:30:40 Entrée dans ActionSponsor.php
08/07/2018 12:30:40 Entrée dans AfficherPopupArticle.php
08/07/2018 12:30:40 Entrée dans AfficherPopupCompteRendu.php
08/07/2018 12:30:40 Entrée dans ActionAccueil.php
08/07/2018 12:30:41 Entrée dans RechercherArticle.php
08/07/2018 12:30:41 Entrée dans ActionAccueil.php
08/07/2018 12:30:42 Entrée dans ActionAccueil.php
08/07/2018 12:30:43 Entrée dans ActionProfil.php
08/07/2018 12:30:43 Entrée dans ActionAccueil.php
08/07/2018 12:30:44 Entrée dans ActionProfil.php
08/07/2018 12:30:44 Entrée dans ActionAccueil.php
08/07/2018 14:33:44 Entrée dans ActionAccueil.php
08/07/2018 14:33:47 Entrée dans ActionClub.php
08/07/2018 14:33:50 Entrée dans ActionJoueurs.php
08/07/2018 14:33:52 Entrée dans ActionEcoleDeFoot.php
09/07/2018 13:54:59 Entrée dans ActionJoueurs.php
09/07/2018 13:55:00 Entrée dans ActionJoueurs.php
09/07/2018 13:55:00 Entrée dans ActionJoueurs.php
09/07/2018 19:21:35 Entrée dans ActionClub.php
10/07/2018 11:09:04 Entrée dans ActionEvenement.php
10/07/2018 13:56:35 Entrée dans ActionJoueurs.php
10/07/2018 13:56:35 Entrée dans ActionJoueurs.php
10/07/2018 13:56:36 Entrée dans ActionJoueurs.php
10/07/2018 14:15:56 Entrée dans ActionEvenement.php
10/07/2018 15:39:01 Entrée dans ActionAccueil.php
10/07/2018 23:24:22 Entrée dans ActionContact.php
11/07/2018 02:53:02 Entrée dans ActionSponsor.php
11/07/2018 03:03:12 Entrée dans ActionJoueurs.php
11/07/2018 04:32:04 Entrée dans ActionEcoleDeFoot.php
11/07/2018 05:31:20 Entrée dans ActionClub.php
11/07/2018 11:44:47 Entrée dans ActionAccueil.php
11/07/2018 11:45:01 Entrée dans ActionEcoleDeFoot.php
11/07/2018 16:51:25 Entrée dans ActionAccueil.php
11/07/2018 17:16:53 Entrée dans ActionAccueil.php
11/07/2018 17:18:38 Entrée dans ActionSponsor.php
11/07/2018 17:18:48 Entrée dans ActionEvenement.php
11/07/2018 17:18:57 Entrée dans ActionAgenda.php
11/07/2018 17:19:13 Entrée dans ActionAgenda.php
11/07/2018 17:19:18 Entrée dans ActionEcoleDeFoot.php
11/07/2018 17:19:19 Entrée dans ActionEcoleDeFoot.php
11/07/2018 17:21:14 Entrée dans ActionClub.php
11/07/2018 17:21:40 Entrée dans ActionEvenement.php
11/07/2018 17:21:45 Entrée dans ActionAccueil.php
11/07/2018 18:38:52 Entrée dans ActionAccueil.php
11/07/2018 18:39:32 Entrée dans ActionAgenda.php
11/07/2018 21:08:35 Entrée dans ActionJoueurs.php
12/07/2018 00:53:05 Entrée dans ActionAccueil.php
12/07/2018 12:14:29 Entrée dans ActionAccueil.php
12/07/2018 19:52:58 Entrée dans ActionAccueil.php
12/07/2018 19:58:00 Entrée dans ActionAccueil.php
12/07/2018 20:19:42 Entrée dans ActionAccueil.php
12/07/2018 21:53:05 Entrée dans ActionAccueil.php
12/07/2018 21:53:32 Entrée dans ActionClub.php
13/07/2018 04:38:44 Entrée dans ActionClub.php
13/07/2018 12:57:05 Entrée dans ActionAccueil.php
13/07/2018 21:50:38 Entrée dans ActionAccueil.php
13/07/2018 21:52:25 Entrée dans ActionAccueil.php
13/07/2018 21:52:30 Entrée dans ActionEcoleDeFoot.php
14/07/2018 17:33:49 Entrée dans ActionAccueil.php
14/07/2018 17:55:12 Entrée dans ActionJoueurs.php
14/07/2018 19:05:02 Entrée dans ActionAccueil.php
14/07/2018 19:05:39 Entrée dans ActionJoueurs.php
14/07/2018 19:05:58 Entrée dans ActionAgenda.php
14/07/2018 19:29:04 Entrée dans ActionJoueurs.php
14/07/2018 19:29:39 Entrée dans ActionClub.php
14/07/2018 19:30:04 Entrée dans ActionAgenda.php
14/07/2018 19:30:45 Entrée dans ActionSponsor.php
14/07/2018 19:31:07 Entrée dans ActionEvenement.php
14/07/2018 20:17:48 Entrée dans ActionEvenement.php
15/07/2018 01:41:50 Entrée dans ActionAccueil.php
15/07/2018 01:42:24 Entrée dans ActionJoueurs.php
15/07/2018 01:42:44 Entrée dans ActionAccueil.php
15/07/2018 01:42:51 Entrée dans ActionSponsor.php
15/07/2018 01:43:11 Entrée dans ActionEcoleDeFoot.php
15/07/2018 16:43:31 Entrée dans ActionClub.php
15/07/2018 16:56:24 Entrée dans ActionJoueurs.php
15/07/2018 18:50:06 Entrée dans ActionClub.php
15/07/2018 21:05:29 Entrée dans ActionClub.php
15/07/2018 21:05:29 Entrée dans ActionAccueil.php
15/07/2018 21:06:25 Entrée dans ActionAgenda.php
15/07/2018 23:40:54 Entrée dans ActionAccueil.php
16/07/2018 05:11:26 Entrée dans ActionJoueurs.php
16/07/2018 07:54:16 Entrée dans ActionAccueil.php
16/07/2018 10:01:14 Entrée dans ActionAccueil.php
16/07/2018 10:18:29 Entrée dans ActionSponsor.php
16/07/2018 13:37:32 Entrée dans ActionAccueil.php
16/07/2018 13:37:44 Entrée dans ActionClub.php
16/07/2018 13:37:51 Entrée dans ActionJoueurs.php
16/07/2018 15:06:36 Entrée dans ActionAccueil.php
16/07/2018 15:06:40 Entrée dans ActionClub.php
16/07/2018 15:06:42 Entrée dans ActionJoueurs.php
16/07/2018 15:06:44 Entrée dans ActionEcoleDeFoot.php
16/07/2018 15:06:46 Entrée dans ActionAgenda.php
16/07/2018 15:06:49 Entrée dans ActionEvenement.php
16/07/2018 15:06:51 Entrée dans ActionSponsor.php
16/07/2018 15:28:04 Entrée dans ActionAccueil.php
16/07/2018 16:51:47 Entrée dans ActionAccueil.php
16/07/2018 16:52:55 Entrée dans ActionEcoleDeFoot.php
16/07/2018 16:54:34 Entrée dans ActionAgenda.php
16/07/2018 16:55:06 Entrée dans ActionClub.php
16/07/2018 16:58:00 Entrée dans ActionAccueil.php
16/07/2018 20:31:56 Entrée dans ActionEcoleDeFoot.php
16/07/2018 22:17:31 Entrée dans ActionAccueil.php
16/07/2018 22:17:37 Entrée dans ActionClub.php
16/07/2018 22:17:41 Entrée dans ActionJoueurs.php
16/07/2018 22:17:44 Entrée dans ActionEcoleDeFoot.php
16/07/2018 23:51:07 Entrée dans ActionClub.php
17/07/2018 03:25:42 Entrée dans ActionAccueil.php
17/07/2018 03:25:43 Entrée dans ActionAccueil.php
17/07/2018 03:25:43 Entrée dans ActionClub.php
17/07/2018 03:25:44 Entrée dans ActionEcoleDeFoot.php
17/07/2018 03:25:44 Entrée dans ActionJoueurs.php
17/07/2018 03:25:45 Entrée dans ActionAgenda.php
17/07/2018 03:25:46 Entrée dans ActionEvenement.php
17/07/2018 03:25:46 Entrée dans ActionSponsor.php
17/07/2018 03:25:46 Entrée dans ActionAccueil.php
17/07/2018 03:25:47 Entrée dans ActionClub.php
17/07/2018 03:25:47 Entrée dans ActionJoueurs.php
17/07/2018 03:25:48 Entrée dans ActionEcoleDeFoot.php
17/07/2018 03:25:48 Entrée dans ActionAgenda.php
17/07/2018 03:25:48 Entrée dans ActionEvenement.php
17/07/2018 03:25:49 Entrée dans ActionSponsor.php
17/07/2018 03:25:50 Entrée dans ActionAccueil.php
17/07/2018 03:25:50 Entrée dans ActionClub.php
17/07/2018 03:25:51 Entrée dans ActionJoueurs.php
17/07/2018 03:25:51 Entrée dans ActionEcoleDeFoot.php
17/07/2018 03:25:51 Entrée dans ActionEvenement.php
17/07/2018 03:25:52 Entrée dans ActionAgenda.php
17/07/2018 03:25:52 Entrée dans ActionAccueil.php
17/07/2018 03:25:52 Entrée dans ActionSponsor.php
17/07/2018 07:13:54 Entrée dans ActionAccueil.php
17/07/2018 10:12:31 Entrée dans ActionAccueil.php
17/07/2018 10:12:40 Entrée dans ActionEcoleDeFoot.php
17/07/2018 10:12:45 Entrée dans ActionJoueurs.php
17/07/2018 10:13:20 Entrée dans ActionAccueil.php
17/07/2018 11:41:33 Entrée dans ActionAccueil.php
17/07/2018 11:41:57 Entrée dans ActionJoueurs.php
17/07/2018 11:42:27 Entrée dans ActionClub.php
17/07/2018 11:43:27 Entrée dans ActionAgenda.php
17/07/2018 11:43:43 Entrée dans ActionEcoleDeFoot.php
17/07/2018 11:43:55 Entrée dans ActionClub.php
17/07/2018 13:28:33 Entrée dans ActionAccueil.php
17/07/2018 15:18:19 Entrée dans ActionAccueil.php
17/07/2018 15:21:32 Entrée dans ActionAgenda.php
17/07/2018 17:18:13 Entrée dans ActionJoueurs.php
17/07/2018 23:28:12 Entrée dans ActionAccueil.php
18/07/2018 02:08:47 Entrée dans ActionAccueil.php
18/07/2018 05:13:09 Entrée dans ActionAgenda.php
18/07/2018 05:13:23 Entrée dans ActionClub.php
18/07/2018 05:13:23 Entrée dans ActionAccueil.php
18/07/2018 05:28:28 Entrée dans ActionAgenda.php
18/07/2018 05:28:36 Entrée dans ActionClub.php
18/07/2018 06:45:50 Entrée dans ActionAccueil.php
18/07/2018 06:46:07 Entrée dans ActionAgenda.php
18/07/2018 06:46:31 Entrée dans ActionClub.php
18/07/2018 06:46:39 Entrée dans ActionEcoleDeFoot.php
18/07/2018 06:46:40 Entrée dans ActionEvenement.php
18/07/2018 06:46:41 Entrée dans ActionJoueurs.php
18/07/2018 06:46:43 Entrée dans ActionLogin.php
18/07/2018 06:46:44 Entrée dans ActionSponsor.php
18/07/2018 06:46:45 Entrée dans AfficherPopupArticle.php
18/07/2018 06:46:45 Entrée dans AfficherPopupCompteRendu.php
18/07/2018 06:46:46 Entrée dans ActionAccueil.php
18/07/2018 06:46:56 Entrée dans RechercherArticle.php
18/07/2018 06:46:57 Entrée dans ActionAccueil.php
18/07/2018 06:47:00 Entrée dans ActionAccueil.php
18/07/2018 06:47:06 Entrée dans ActionProfil.php
18/07/2018 06:47:07 Entrée dans ActionAccueil.php
18/07/2018 06:47:28 Entrée dans ActionProfil.php
18/07/2018 06:47:35 Entrée dans ActionAccueil.php
18/07/2018 09:45:54 Entrée dans ActionContact.php
18/07/2018 12:38:12 Entrée dans ActionAccueil.php
18/07/2018 13:40:30 Entrée dans ActionEcoleDeFoot.php
18/07/2018 13:40:34 Entrée dans ActionEvenement.php
18/07/2018 13:40:37 Entrée dans ActionSponsor.php
18/07/2018 17:21:14 Entrée dans ActionAccueil.php
18/07/2018 18:24:39 Entrée dans ActionAccueil.php
18/07/2018 21:04:48 Entrée dans ActionClub.php
19/07/2018 03:59:17 Entrée dans ActionJoueurs.php
19/07/2018 06:18:43 Entrée dans ActionSponsor.php
19/07/2018 07:07:10 Entrée dans ActionEvenement.php
19/07/2018 08:00:37 Entrée dans ActionJoueurs.php
19/07/2018 08:23:09 Entrée dans ActionClub.php
19/07/2018 09:23:15 Entrée dans ActionEcoleDeFoot.php
19/07/2018 10:31:24 Entrée dans ActionEcoleDeFoot.php
19/07/2018 11:14:30 Entrée dans ActionAccueil.php
19/07/2018 11:15:43 Entrée dans ActionEcoleDeFoot.php
19/07/2018 11:41:24 Entrée dans ActionSponsor.php
19/07/2018 12:21:20 Entrée dans ActionAccueil.php
19/07/2018 13:02:17 Entrée dans ActionAccueil.php
19/07/2018 13:02:57 Entrée dans ActionEcoleDeFoot.php
19/07/2018 14:01:58 Entrée dans ActionJoueurs.php
19/07/2018 14:17:08 Entrée dans ActionAccueil.php
19/07/2018 16:44:06 Entrée dans ActionAgenda.php
19/07/2018 17:51:21 Entrée dans ActionAccueil.php
19/07/2018 17:51:44 Entrée dans ActionEcoleDeFoot.php
19/07/2018 17:52:26 Entrée dans ActionEvenement.php
19/07/2018 17:59:06 Entrée dans ActionClub.php
19/07/2018 19:18:03 Entrée dans ActionEvenement.php
19/07/2018 19:30:40 Entrée dans ActionEvenement.php
19/07/2018 21:14:14 Entrée dans ActionAccueil.php
19/07/2018 21:21:32 Entrée dans ActionAccueil.php
19/07/2018 21:39:42 Entrée dans ActionClub.php
19/07/2018 21:42:59 Entrée dans ActionAccueil.php
19/07/2018 23:10:06 Entrée dans ActionAccueil.php
19/07/2018 23:10:55 Entrée dans ActionAgenda.php
19/07/2018 23:13:30 Entrée dans ActionAccueil.php
19/07/2018 23:13:36 Entrée dans ActionClub.php
19/07/2018 23:13:54 Entrée dans ActionEcoleDeFoot.php
20/07/2018 01:32:50 Entrée dans ActionEcoleDeFoot.php
20/07/2018 04:05:10 Entrée dans ActionEvenement.php
20/07/2018 04:13:14 Entrée dans ActionEcoleDeFoot.php
20/07/2018 05:49:18 Entrée dans ActionJoueurs.php
20/07/2018 06:54:10 Entrée dans ActionClub.php
20/07/2018 09:29:25 Entrée dans ActionAccueil.php
20/07/2018 09:30:23 Entrée dans ActionAgenda.php
20/07/2018 09:30:56 Entrée dans ActionAgenda.php
20/07/2018 09:32:45 Entrée dans ActionAccueil.php
20/07/2018 14:27:42 Entrée dans ActionEvenement.php
20/07/2018 16:45:38 Entrée dans ActionEvenement.php
20/07/2018 17:04:02 Entrée dans ActionJoueurs.php
20/07/2018 18:10:02 Entrée dans ActionClub.php
20/07/2018 18:15:38 Entrée dans ActionEcoleDeFoot.php
20/07/2018 18:40:43 Entrée dans ActionAccueil.php
20/07/2018 19:19:14 Entrée dans ActionClub.php
20/07/2018 23:11:46 Entrée dans ActionSponsor.php
21/07/2018 05:22:02 Entrée dans ActionAccueil.php
21/07/2018 05:55:17 Entrée dans ActionAccueil.php
21/07/2018 05:55:18 Entrée dans ActionClub.php
21/07/2018 05:55:18 Entrée dans ActionJoueurs.php
21/07/2018 05:55:18 Entrée dans ActionEcoleDeFoot.php
21/07/2018 05:55:18 Entrée dans ActionAgenda.php
21/07/2018 05:55:19 Entrée dans ActionEvenement.php
21/07/2018 05:55:19 Entrée dans ActionSponsor.php
21/07/2018 06:31:02 Entrée dans ActionSponsor.php
21/07/2018 07:40:44 Entrée dans ActionClub.php
21/07/2018 11:56:16 Entrée dans ActionAccueil.php
21/07/2018 11:57:13 Entrée dans ActionClub.php
21/07/2018 15:54:26 Entrée dans ActionAccueil.php
21/07/2018 15:54:27 Entrée dans ActionAgenda.php
21/07/2018 15:54:28 Entrée dans ActionClub.php
21/07/2018 15:54:29 Entrée dans ActionEcoleDeFoot.php
21/07/2018 15:54:29 Entrée dans ActionEvenement.php
21/07/2018 15:54:29 Entrée dans ActionJoueurs.php
21/07/2018 15:54:30 Entrée dans ActionLogin.php
21/07/2018 15:54:30 Entrée dans ActionSponsor.php
21/07/2018 15:54:30 Entrée dans AfficherPopupArticle.php
21/07/2018 15:54:30 Entrée dans AfficherPopupCompteRendu.php
21/07/2018 15:54:31 Entrée dans ActionAccueil.php
21/07/2018 15:54:31 Entrée dans RechercherArticle.php
21/07/2018 15:54:31 Entrée dans ActionAccueil.php
21/07/2018 15:54:32 Entrée dans ActionAccueil.php
21/07/2018 15:54:34 Entrée dans ActionProfil.php
21/07/2018 15:54:34 Entrée dans ActionAccueil.php
21/07/2018 15:54:34 Entrée dans ActionProfil.php
21/07/2018 15:54:35 Entrée dans ActionAccueil.php
21/07/2018 16:25:11 Entrée dans ActionSponsor.php
21/07/2018 19:40:41 Entrée dans ActionAccueil.php
21/07/2018 21:20:38 Entrée dans ActionClub.php
21/07/2018 21:43:17 Entrée dans ActionAccueil.php
21/07/2018 22:49:36 Entrée dans ActionAccueil.php
22/07/2018 00:39:52 Entrée dans ActionAccueil.php
22/07/2018 00:39:55 Entrée dans ActionClub.php
22/07/2018 03:40:27 Entrée dans ActionEvenement.php
22/07/2018 04:02:09 Entrée dans ActionSponsor.php
22/07/2018 10:13:57 Entrée dans ActionAccueil.php
22/07/2018 10:14:31 Entrée dans ActionClub.php
22/07/2018 10:18:54 Entrée dans ActionJoueurs.php
22/07/2018 12:20:17 Entrée dans ActionSponsor.php
22/07/2018 12:57:04 Entrée dans ActionAccueil.php
22/07/2018 12:57:15 Entrée dans ActionEcoleDeFoot.php
22/07/2018 12:57:30 Entrée dans ActionAgenda.php
22/07/2018 12:57:39 Entrée dans ActionAgenda.php
22/07/2018 12:58:00 Entrée dans ActionClub.php
22/07/2018 13:08:33 Entrée dans ActionAccueil.php
22/07/2018 13:15:50 Entrée dans ActionAccueil.php
22/07/2018 13:15:57 Entrée dans ActionEcoleDeFoot.php
22/07/2018 17:54:12 Entrée dans ActionSponsor.php
22/07/2018 17:56:05 Entrée dans ActionJoueurs.php
22/07/2018 17:56:58 Entrée dans ActionClub.php
22/07/2018 17:57:47 Entrée dans ActionEcoleDeFoot.php
22/07/2018 17:58:36 Entrée dans ActionAgenda.php
22/07/2018 17:59:19 Entrée dans ActionEvenement.php
22/07/2018 18:00:51 Entrée dans ActionAccueil.php
22/07/2018 18:05:41 Entrée dans ActionAccueil.php
22/07/2018 19:22:51 Entrée dans ActionJoueurs.php
22/07/2018 21:33:27 Entrée dans ActionAgenda.php
23/07/2018 05:53:57 Entrée dans ActionAccueil.php
23/07/2018 05:53:59 Entrée dans ActionClub.php
23/07/2018 05:54:02 Entrée dans ActionJoueurs.php
23/07/2018 05:54:04 Entrée dans ActionEcoleDeFoot.php
23/07/2018 09:10:35 Entrée dans ActionAccueil.php
23/07/2018 11:16:14 Entrée dans ActionAccueil.php
23/07/2018 11:17:13 Entrée dans ActionJoueurs.php
23/07/2018 11:18:42 Entrée dans ActionEcoleDeFoot.php
23/07/2018 11:18:48 Entrée dans ActionAgenda.php
23/07/2018 11:18:52 Entrée dans ActionClub.php
23/07/2018 11:18:54 Entrée dans ActionJoueurs.php
23/07/2018 12:47:20 Entrée dans ActionAgenda.php
23/07/2018 15:06:17 Entrée dans ActionJoueurs.php
23/07/2018 17:52:04 Entrée dans ActionJoueurs.php
23/07/2018 18:01:20 Entrée dans ActionAgenda.php
24/07/2018 09:21:04 Entrée dans ActionAccueil.php
24/07/2018 09:21:19 Entrée dans ActionEcoleDeFoot.php
24/07/2018 11:40:28 Entrée dans ActionAccueil.php
24/07/2018 11:40:31 Entrée dans ActionClub.php
24/07/2018 11:40:32 Entrée dans ActionJoueurs.php
24/07/2018 11:40:33 Entrée dans ActionEcoleDeFoot.php
24/07/2018 11:40:35 Entrée dans ActionAgenda.php
24/07/2018 11:40:37 Entrée dans ActionEvenement.php
24/07/2018 11:40:38 Entrée dans ActionSponsor.php
24/07/2018 18:57:17 Entrée dans ActionAccueil.php
24/07/2018 18:58:32 Entrée dans ActionJoueurs.php
25/07/2018 00:34:52 Entrée dans ActionAccueil.php
25/07/2018 10:12:20 Entrée dans ActionContact.php
25/07/2018 21:46:33 Entrée dans ActionJoueurs.php
25/07/2018 22:41:03 Entrée dans ActionEvenement.php
26/07/2018 12:54:18 Entrée dans ActionAccueil.php
27/07/2018 05:31:00 Entrée dans ActionAccueil.php
27/07/2018 05:31:01 Entrée dans ActionAgenda.php
27/07/2018 05:31:01 Entrée dans ActionClub.php
27/07/2018 05:31:02 Entrée dans ActionEcoleDeFoot.php
27/07/2018 05:31:02 Entrée dans ActionEvenement.php
27/07/2018 05:31:03 Entrée dans ActionJoueurs.php
27/07/2018 05:31:03 Entrée dans ActionLogin.php
27/07/2018 05:31:03 Entrée dans ActionSponsor.php
27/07/2018 05:31:03 Entrée dans AfficherPopupArticle.php
27/07/2018 05:31:04 Entrée dans AfficherPopupCompteRendu.php
27/07/2018 05:31:04 Entrée dans ActionAccueil.php
27/07/2018 05:31:04 Entrée dans RechercherArticle.php
27/07/2018 05:31:04 Entrée dans ActionAccueil.php
27/07/2018 05:31:05 Entrée dans ActionAccueil.php
27/07/2018 05:31:06 Entrée dans ActionProfil.php
27/07/2018 05:31:07 Entrée dans ActionAccueil.php
27/07/2018 05:31:07 Entrée dans ActionProfil.php
27/07/2018 05:31:08 Entrée dans ActionAccueil.php
27/07/2018 10:19:44 Entrée dans ActionAccueil.php
27/07/2018 10:19:47 Entrée dans ActionAgenda.php
27/07/2018 10:19:52 Entrée dans ActionJoueurs.php
27/07/2018 10:19:52 Entrée dans ActionClub.php
27/07/2018 10:19:57 Entrée dans ActionSponsor.php
27/07/2018 10:20:00 Entrée dans ActionEvenement.php
27/07/2018 10:20:03 Entrée dans ActionEcoleDeFoot.php
27/07/2018 10:20:05 Entrée dans ActionAccueil.php
27/07/2018 10:57:05 Entrée dans ActionAccueil.php
27/07/2018 13:42:34 Entrée dans ActionEcoleDeFoot.php
27/07/2018 15:59:20 Entrée dans ActionClub.php
27/07/2018 17:01:11 Entrée dans ActionAgenda.php
27/07/2018 17:10:08 Entrée dans ActionSponsor.php
27/07/2018 17:32:55 Entrée dans ActionAccueil.php
27/07/2018 17:33:03 Entrée dans ActionAccueil.php
27/07/2018 17:33:07 Entrée dans ActionClub.php
27/07/2018 17:33:15 Entrée dans ActionEcoleDeFoot.php
27/07/2018 17:34:10 Entrée dans ActionEvenement.php
27/07/2018 18:04:01 Entrée dans ActionJoueurs.php
27/07/2018 18:21:35 Entrée dans ActionEvenement.php
28/07/2018 04:53:57 Entrée dans ActionAccueil.php
28/07/2018 04:53:58 Entrée dans ActionClub.php
28/07/2018 12:41:46 Entrée dans ActionAccueil.php
28/07/2018 12:42:09 Entrée dans ActionClub.php
28/07/2018 12:42:51 Entrée dans ActionEcoleDeFoot.php
28/07/2018 12:45:28 Entrée dans ActionEvenement.php
28/07/2018 12:45:43 Entrée dans ActionSponsor.php
28/07/2018 12:45:46 Entrée dans ActionAgenda.php
28/07/2018 12:46:34 Entrée dans ActionEcoleDeFoot.php
28/07/2018 12:47:38 Entrée dans ActionClub.php
28/07/2018 12:49:49 Entrée dans ActionEcoleDeFoot.php
29/07/2018 05:16:54 Entrée dans ActionSponsor.php
29/07/2018 11:18:54 Entrée dans ActionAccueil.php
29/07/2018 11:23:22 Entrée dans ActionClub.php
29/07/2018 11:23:24 Entrée dans ActionEcoleDeFoot.php
29/07/2018 13:02:50 Entrée dans ActionAccueil.php
29/07/2018 13:02:52 Entrée dans ActionClub.php
29/07/2018 13:02:54 Entrée dans ActionJoueurs.php
29/07/2018 13:02:57 Entrée dans ActionEcoleDeFoot.php
30/07/2018 02:25:29 Entrée dans ActionAgenda.php
30/07/2018 05:04:15 Entrée dans ActionEvenement.php
30/07/2018 07:51:05 Entrée dans ActionEcoleDeFoot.php
31/07/2018 00:34:29 Entrée dans ActionEcoleDeFoot.php
31/07/2018 01:55:25 Entrée dans ActionEcoleDeFoot.php
31/07/2018 05:17:01 Entrée dans ActionAccueil.php
31/07/2018 10:11:42 Entrée dans ActionAccueil.php
31/07/2018 10:11:54 Entrée dans ActionEcoleDeFoot.php
31/07/2018 10:12:13 Entrée dans ActionClub.php
31/07/2018 10:13:22 Entrée dans ActionAgenda.php
31/07/2018 10:13:34 Entrée dans ActionAgenda.php
31/07/2018 10:13:44 Entrée dans ActionEcoleDeFoot.php
31/07/2018 15:37:41 Entrée dans ActionAccueil.php
31/07/2018 15:38:07 Entrée dans ActionClub.php
31/07/2018 15:38:16 Entrée dans ActionEcoleDeFoot.php
31/07/2018 15:44:41 Entrée dans ActionAccueil.php
31/07/2018 15:44:51 Entrée dans ActionAgenda.php
31/07/2018 15:45:13 Entrée dans ActionEcoleDeFoot.php
31/07/2018 17:44:40 Entrée dans ActionAccueil.php
31/07/2018 17:46:30 Entrée dans ActionJoueurs.php
31/07/2018 18:04:30 Entrée dans ActionJoueurs.php
31/07/2018 19:59:44 Entrée dans ActionAccueil.php
31/07/2018 20:00:11 Entrée dans ActionEcoleDeFoot.php
31/07/2018 22:00:37 Entrée dans ActionJoueurs.php
