01/12/2016 11:02:21 Entrée dans ActionAccueil.php
01/12/2016 11:08:40 Entrée dans AfficherPopupArticle.php
01/12/2016 11:11:49 Entrée dans ActionAccueil.php
01/12/2016 11:16:09 Entrée dans ActionClub.php
01/12/2016 14:09:02 Entrée dans ActionAgenda.php
01/12/2016 16:40:52 Entrée dans ActionJoueurs.php
01/12/2016 20:20:11 Entrée dans ActionEcoleDeFoot.php
01/12/2016 20:20:15 Entrée dans ActionEcoleDeFoot.php
01/12/2016 20:37:51 Entrée dans ActionAccueil.php
02/12/2016 04:52:32 Entrée dans ActionJoueurs.php
02/12/2016 09:49:55 Entrée dans ActionAccueil.php
02/12/2016 09:50:44 Entrée dans ActionClub.php
02/12/2016 09:50:56 Entrée dans ActionAccueil.php
02/12/2016 09:59:22 Entrée dans ActionEcoleDeFoot.php
02/12/2016 09:59:35 Entrée dans ActionEcoleDeFoot.php
02/12/2016 10:01:51 Entrée dans ActionJoueurs.php
02/12/2016 10:03:10 Entrée dans ActionEcoleDeFoot.php
02/12/2016 10:31:21 Entrée dans ActionEvenement.php
02/12/2016 10:33:55 Entrée dans ActionClub.php
02/12/2016 11:05:51 Entrée dans ActionEcoleDeFoot.php
02/12/2016 11:06:01 Entrée dans ActionEcoleDeFoot.php
02/12/2016 11:07:04 Entrée dans ActionEvenement.php
02/12/2016 11:12:55 Entrée dans ActionJoueurs.php
02/12/2016 11:27:58 Entrée dans ActionAgenda.php
02/12/2016 11:29:31 Entrée dans ActionAgenda.php
02/12/2016 11:30:25 Entrée dans ActionAgenda.php
02/12/2016 11:31:54 Entrée dans ActionAgenda.php
02/12/2016 11:33:09 Entrée dans ActionAgenda.php
02/12/2016 11:33:31 Entrée dans ActionEvenement.php
02/12/2016 11:42:01 Entrée dans ActionAccueil.php
02/12/2016 12:35:52 Entrée dans ActionEcoleDeFoot.php
02/12/2016 12:35:57 Entrée dans ActionEvenement.php
02/12/2016 12:36:03 Entrée dans ActionJoueurs.php
02/12/2016 12:36:08 Entrée dans ActionSponsor.php
02/12/2016 15:26:05 Entrée dans ActionAccueil.php
02/12/2016 15:26:54 Entrée dans AfficherPopupArticle.php
02/12/2016 15:26:59 Entrée dans ActionJoueurs.php
02/12/2016 15:46:02 Entrée dans ActionAccueil.php
02/12/2016 19:28:29 Entrée dans ActionAccueil.php
02/12/2016 19:28:40 Entrée dans ActionJoueurs.php
02/12/2016 20:05:02 Entrée dans ActionJoueurs.php
02/12/2016 20:05:15 Entrée dans ActionEcoleDeFoot.php
02/12/2016 20:11:38 Entrée dans ActionEcoleDeFoot.php
02/12/2016 20:44:02 Entrée dans ActionAccueil.php
02/12/2016 21:29:35 Entrée dans ActionAgenda.php
02/12/2016 21:29:41 Entrée dans ActionEvenement.php
02/12/2016 21:30:26 Entrée dans ActionAgenda.php
02/12/2016 21:30:36 Entrée dans ActionClub.php
02/12/2016 23:29:07 Entrée dans ActionEcoleDeFoot.php
02/12/2016 23:29:13 Entrée dans ActionEcoleDeFoot.php
03/12/2016 02:53:24 Entrée dans ActionJoueurs.php
03/12/2016 07:37:51 Entrée dans ActionEcoleDeFoot.php
03/12/2016 07:37:57 Entrée dans ActionEcoleDeFoot.php
03/12/2016 07:42:25 Entrée dans ActionEcoleDeFoot.php
03/12/2016 07:42:28 Entrée dans ActionEcoleDeFoot.php
03/12/2016 07:42:31 Entrée dans ActionEcoleDeFoot.php
03/12/2016 07:42:34 Entrée dans ActionEcoleDeFoot.php
03/12/2016 07:42:41 Entrée dans ActionEcoleDeFoot.php
03/12/2016 07:42:44 Entrée dans ActionEcoleDeFoot.php
03/12/2016 07:42:49 Entrée dans ActionEcoleDeFoot.php
03/12/2016 07:42:55 Entrée dans ActionEcoleDeFoot.php
03/12/2016 07:42:57 Entrée dans ActionEcoleDeFoot.php
03/12/2016 07:43:03 Entrée dans ActionEcoleDeFoot.php
03/12/2016 07:43:17 Entrée dans ActionEcoleDeFoot.php
03/12/2016 07:43:40 Entrée dans ActionEcoleDeFoot.php
03/12/2016 07:51:10 Entrée dans ActionEcoleDeFoot.php
03/12/2016 07:51:15 Entrée dans ActionEcoleDeFoot.php
03/12/2016 07:52:47 Entrée dans ActionEcoleDeFoot.php
03/12/2016 07:52:48 Entrée dans ActionEcoleDeFoot.php
03/12/2016 07:52:49 Entrée dans ActionEcoleDeFoot.php
03/12/2016 07:52:56 Entrée dans ActionEcoleDeFoot.php
03/12/2016 07:54:11 Entrée dans ActionEcoleDeFoot.php
03/12/2016 07:54:19 Entrée dans ActionEcoleDeFoot.php
03/12/2016 07:54:26 Entrée dans ActionEcoleDeFoot.php
03/12/2016 07:54:41 Entrée dans ActionEcoleDeFoot.php
03/12/2016 07:54:47 Entrée dans ActionEcoleDeFoot.php
03/12/2016 10:00:59 Entrée dans ActionAccueil.php
03/12/2016 10:01:48 Entrée dans ActionClub.php
03/12/2016 10:01:49 Entrée dans ActionAccueil.php
03/12/2016 10:01:51 Entrée dans ActionClub.php
03/12/2016 10:02:05 Entrée dans ActionEvenement.php
03/12/2016 10:02:07 Entrée dans ActionEcoleDeFoot.php
03/12/2016 10:02:12 Entrée dans ActionEcoleDeFoot.php
03/12/2016 10:03:01 Entrée dans ActionClub.php
03/12/2016 10:03:05 Entrée dans ActionAgenda.php
03/12/2016 10:03:20 Entrée dans ActionAgenda.php
03/12/2016 10:03:28 Entrée dans ActionAgenda.php
03/12/2016 10:41:36 Entrée dans ActionEcoleDeFoot.php
03/12/2016 11:55:17 Entrée dans ActionAccueil.php
03/12/2016 11:55:24 Entrée dans ActionClub.php
03/12/2016 11:55:27 Entrée dans ActionJoueurs.php
03/12/2016 11:55:29 Entrée dans ActionEcoleDeFoot.php
03/12/2016 11:55:32 Entrée dans ActionAgenda.php
03/12/2016 11:55:35 Entrée dans ActionEvenement.php
03/12/2016 11:55:38 Entrée dans ActionSponsor.php
03/12/2016 14:59:15 Entrée dans ActionAgenda.php
03/12/2016 17:22:01 Entrée dans ActionAccueil.php
03/12/2016 19:41:03 Entrée dans ActionAccueil.php
03/12/2016 21:35:26 Entrée dans ActionContact.php
03/12/2016 22:46:08 Entrée dans ActionAccueil.php
03/12/2016 22:46:22 Entrée dans ActionClub.php
03/12/2016 22:46:31 Entrée dans ActionAgenda.php
03/12/2016 22:46:40 Entrée dans ActionJoueurs.php
03/12/2016 22:46:46 Entrée dans ActionSponsor.php
03/12/2016 22:47:06 Entrée dans ActionEvenement.php
03/12/2016 22:47:16 Entrée dans ActionEcoleDeFoot.php
04/12/2016 07:30:01 Entrée dans ActionAccueil.php
04/12/2016 07:30:40 Entrée dans ActionAccueil.php
04/12/2016 07:31:34 Entrée dans AfficherPopupArticle.php
04/12/2016 07:31:52 Entrée dans ActionEcoleDeFoot.php
04/12/2016 07:32:02 Entrée dans ActionEcoleDeFoot.php
04/12/2016 08:30:54 Entrée dans ActionEcoleDeFoot.php
04/12/2016 08:31:00 Entrée dans ActionEcoleDeFoot.php
04/12/2016 08:33:41 Entrée dans ActionEcoleDeFoot.php
04/12/2016 09:22:48 Entrée dans ActionAccueil.php
04/12/2016 11:25:49 Entrée dans ActionClub.php
04/12/2016 11:25:50 Entrée dans ActionEcoleDeFoot.php
04/12/2016 11:56:16 Entrée dans ActionEvenement.php
04/12/2016 11:59:05 Entrée dans ActionAgenda.php
04/12/2016 11:59:06 Entrée dans ActionJoueurs.php
04/12/2016 12:04:19 Entrée dans ActionAccueil.php
04/12/2016 13:30:27 Entrée dans ActionAccueil.php
04/12/2016 13:30:35 Entrée dans ActionJoueurs.php
04/12/2016 15:44:09 Entrée dans ActionAccueil.php
04/12/2016 15:59:51 Entrée dans ActionJoueurs.php
04/12/2016 17:49:23 Entrée dans ActionAccueil.php
04/12/2016 18:45:52 Entrée dans ActionAccueil.php
04/12/2016 19:01:50 Entrée dans ActionAccueil.php
04/12/2016 19:02:33 Entrée dans ActionAccueil.php
04/12/2016 19:03:01 Entrée dans ActionAccueil.php
04/12/2016 19:18:28 Entrée dans ActionJoueurs.php
04/12/2016 19:18:35 Entrée dans ActionEcoleDeFoot.php
04/12/2016 19:18:36 Entrée dans ActionEcoleDeFoot.php
04/12/2016 19:18:40 Entrée dans ActionEcoleDeFoot.php
04/12/2016 19:18:51 Entrée dans ActionAgenda.php
04/12/2016 19:19:03 Entrée dans ActionAgenda.php
04/12/2016 19:19:07 Entrée dans ActionAgenda.php
05/12/2016 09:41:24 Entrée dans ActionAccueil.php
05/12/2016 09:41:36 Entrée dans AfficherPopupArticle.php
05/12/2016 10:58:34 Entrée dans ActionJoueurs.php
05/12/2016 11:31:37 Entrée dans ActionAccueil.php
05/12/2016 11:31:54 Entrée dans ActionLogin.php
05/12/2016 11:31:54 Authentification de rernesti.
05/12/2016 11:31:55 Entrée dans ActionProfil.php
05/12/2016 11:32:03 Entrée dans ActionArticle.php
05/12/2016 11:35:26 Entrée dans ActionArticle.php
05/12/2016 11:35:50 Entrée dans ActionArticle.php
05/12/2016 11:36:01 Entrée dans ActionArticle.php
05/12/2016 11:36:06 Entrée dans ActionArticle.php
05/12/2016 11:36:14 Entrée dans ActionArticle.php
05/12/2016 11:36:17 Entrée dans ActionArticle.php
05/12/2016 11:36:22 Entrée dans ActionArticle.php
05/12/2016 11:36:36 Entrée dans ActionArticle.php
05/12/2016 11:36:44 Entrée dans ActionArticle.php
05/12/2016 11:36:55 Entrée dans ActionArticle.php
05/12/2016 11:37:06 Entrée dans ActionArticle.php
05/12/2016 11:37:27 Entrée dans ActionArticle.php
05/12/2016 11:37:38 Entrée dans ActionArticle.php
05/12/2016 11:37:47 Entrée dans ActionArticle.php
05/12/2016 11:37:54 Entrée dans ActionArticle.php
05/12/2016 11:38:00 Entrée dans ActionArticle.php
05/12/2016 11:38:06 Entrée dans ActionArticle.php
05/12/2016 11:38:15 Entrée dans ActionArticle.php
05/12/2016 11:38:39 Entrée dans ActionArticle.php
05/12/2016 11:38:51 Entrée dans ActionArticle.php
05/12/2016 11:39:00 Entrée dans ActionArticle.php
05/12/2016 11:39:36 Entrée dans ActionAccueil.php
05/12/2016 11:39:50 Entrée dans ActionAccueil.php
05/12/2016 11:39:50 Entrée dans ActionAccueil.php
05/12/2016 12:16:34 Entrée dans ActionAccueil.php
05/12/2016 12:16:39 Entrée dans ActionClub.php
05/12/2016 12:16:41 Entrée dans ActionJoueurs.php
05/12/2016 12:16:43 Entrée dans ActionEcoleDeFoot.php
05/12/2016 12:16:45 Entrée dans ActionAgenda.php
05/12/2016 12:16:48 Entrée dans ActionEvenement.php
05/12/2016 12:16:50 Entrée dans ActionSponsor.php
05/12/2016 13:16:59 Entrée dans ActionAgenda.php
05/12/2016 13:48:56 Entrée dans ActionEcoleDeFoot.php
05/12/2016 18:11:19 Entrée dans ActionEcoleDeFoot.php
05/12/2016 18:11:22 Entrée dans ActionEcoleDeFoot.php
05/12/2016 18:11:27 Entrée dans ActionEcoleDeFoot.php
05/12/2016 20:05:55 Entrée dans ActionAccueil.php
05/12/2016 20:24:48 Entrée dans ActionJoueurs.php
05/12/2016 20:25:25 Entrée dans ActionAgenda.php
05/12/2016 20:25:30 Entrée dans ActionJoueurs.php
05/12/2016 21:07:38 Entrée dans ActionAccueil.php
05/12/2016 21:08:07 Entrée dans AfficherPopupArticle.php
05/12/2016 21:44:03 Entrée dans ActionAgenda.php
06/12/2016 07:29:38 Entrée dans ActionJoueurs.php
06/12/2016 08:16:38 Entrée dans ActionJoueurs.php
06/12/2016 08:17:31 Entrée dans ActionJoueurs.php
06/12/2016 13:06:14 Entrée dans ActionClub.php
06/12/2016 15:11:13 Entrée dans ActionJoueurs.php
06/12/2016 15:12:00 Entrée dans ActionJoueurs.php
06/12/2016 15:12:01 Entrée dans ActionJoueurs.php
07/12/2016 01:25:19 Entrée dans ActionClub.php
07/12/2016 04:56:26 Entrée dans ActionEcoleDeFoot.php
07/12/2016 05:49:22 Entrée dans ActionAccueil.php
07/12/2016 06:04:31 Entrée dans ActionJoueurs.php
07/12/2016 09:58:59 Entrée dans ActionAccueil.php
07/12/2016 10:20:22 Entrée dans ActionJoueurs.php
07/12/2016 10:33:37 Entrée dans ActionClub.php
07/12/2016 10:36:01 Entrée dans ActionEvenement.php
07/12/2016 13:02:29 Entrée dans ActionJoueurs.php
07/12/2016 17:24:05 Entrée dans ActionClub.php
07/12/2016 18:14:44 Entrée dans ActionJoueurs.php
07/12/2016 20:57:27 Entrée dans ActionAccueil.php
07/12/2016 21:12:07 Entrée dans ActionAccueil.php
07/12/2016 21:12:40 Entrée dans ActionJoueurs.php
07/12/2016 22:05:24 Entrée dans ActionAccueil.php
08/12/2016 06:51:52 Entrée dans ActionEcoleDeFoot.php
08/12/2016 07:35:29 Entrée dans ActionAccueil.php
08/12/2016 08:22:30 Entrée dans ActionSponsor.php
08/12/2016 09:49:56 Entrée dans ActionJoueurs.php
08/12/2016 11:02:37 Entrée dans ActionAccueil.php
08/12/2016 16:18:37 Entrée dans ActionAccueil.php
08/12/2016 16:18:50 Entrée dans ActionJoueurs.php
08/12/2016 16:19:19 Entrée dans ActionAccueil.php
08/12/2016 16:19:27 Entrée dans ActionClub.php
08/12/2016 16:52:23 Entrée dans ActionClub.php
08/12/2016 16:53:08 Entrée dans ActionAgenda.php
08/12/2016 16:53:11 Entrée dans ActionEcoleDeFoot.php
08/12/2016 16:53:55 Entrée dans ActionEcoleDeFoot.php
08/12/2016 16:54:12 Entrée dans ActionEcoleDeFoot.php
08/12/2016 16:54:33 Entrée dans ActionEcoleDeFoot.php
08/12/2016 16:54:53 Entrée dans ActionEcoleDeFoot.php
08/12/2016 16:55:25 Entrée dans ActionEcoleDeFoot.php
08/12/2016 16:55:35 Entrée dans ActionEcoleDeFoot.php
08/12/2016 16:56:18 Entrée dans ActionEcoleDeFoot.php
08/12/2016 16:56:37 Entrée dans ActionAccueil.php
08/12/2016 16:56:44 Entrée dans AfficherPopupArticle.php
08/12/2016 16:56:59 Entrée dans AfficherPopupArticle.php
08/12/2016 16:57:49 Entrée dans AfficherPopupArticle.php
08/12/2016 16:58:04 Entrée dans AfficherPopupArticle.php
08/12/2016 17:24:37 Entrée dans ActionAccueil.php
08/12/2016 17:24:40 Entrée dans AfficherPopupArticle.php
08/12/2016 21:54:04 Entrée dans ActionEvenement.php
09/12/2016 05:45:58 Entrée dans ActionSponsor.php
09/12/2016 08:34:32 Entrée dans ActionSponsor.php
09/12/2016 10:14:53 Entrée dans ActionAgenda.php
09/12/2016 10:14:54 Entrée dans ActionJoueurs.php
09/12/2016 10:14:55 Entrée dans ActionEvenement.php
09/12/2016 22:58:22 Entrée dans ActionAccueil.php
09/12/2016 22:58:41 Entrée dans ActionAccueil.php
09/12/2016 22:59:24 Entrée dans AfficherPopupArticle.php
09/12/2016 23:00:08 Entrée dans ActionClub.php
09/12/2016 23:00:09 Entrée dans ActionClub.php
09/12/2016 23:00:09 Entrée dans ActionAccueil.php
09/12/2016 23:00:17 Entrée dans ActionAccueil.php
09/12/2016 23:00:50 Entrée dans ActionJoueurs.php
09/12/2016 23:01:04 Entrée dans ActionEcoleDeFoot.php
09/12/2016 23:01:31 Entrée dans ActionEcoleDeFoot.php
09/12/2016 23:08:00 Entrée dans ActionJoueurs.php
10/12/2016 02:01:04 Entrée dans ActionJoueurs.php
10/12/2016 02:11:10 Entrée dans ActionSponsor.php
10/12/2016 02:16:41 Entrée dans ActionAgenda.php
10/12/2016 02:26:30 Entrée dans ActionEcoleDeFoot.php
10/12/2016 04:02:56 Entrée dans ActionAccueil.php
10/12/2016 04:41:12 Entrée dans ActionClub.php
10/12/2016 08:23:05 Entrée dans ActionAccueil.php
10/12/2016 11:10:34 Entrée dans ActionJoueurs.php
10/12/2016 13:31:24 Entrée dans ActionAccueil.php
10/12/2016 14:30:17 Entrée dans ActionJoueurs.php
10/12/2016 17:14:15 Entrée dans ActionAccueil.php
10/12/2016 17:14:21 Entrée dans ActionClub.php
10/12/2016 17:14:22 Entrée dans ActionJoueurs.php
10/12/2016 17:14:24 Entrée dans ActionEcoleDeFoot.php
10/12/2016 17:14:24 Entrée dans ActionAgenda.php
10/12/2016 17:14:25 Entrée dans ActionEvenement.php
10/12/2016 17:14:25 Entrée dans ActionSponsor.php
10/12/2016 19:52:18 Entrée dans ActionSponsor.php
10/12/2016 20:17:56 Entrée dans ActionAccueil.php
10/12/2016 23:01:59 Entrée dans ActionSponsor.php
11/12/2016 01:31:15 Entrée dans ActionAccueil.php
11/12/2016 01:31:23 Entrée dans ActionClub.php
11/12/2016 09:20:37 Entrée dans ActionSponsor.php
11/12/2016 12:44:26 Entrée dans ActionAccueil.php
11/12/2016 12:44:28 Entrée dans ActionAccueil.php
11/12/2016 12:46:51 Entrée dans ActionAccueil.php
11/12/2016 15:03:18 Entrée dans ActionClub.php
11/12/2016 16:54:11 Entrée dans ActionAccueil.php
11/12/2016 16:54:41 Entrée dans ActionJoueurs.php
11/12/2016 19:55:54 Entrée dans ActionAccueil.php
11/12/2016 19:56:15 Entrée dans ActionEcoleDeFoot.php
11/12/2016 19:56:26 Entrée dans ActionEcoleDeFoot.php
11/12/2016 19:56:45 Entrée dans ActionEcoleDeFoot.php
11/12/2016 19:56:55 Entrée dans ActionAccueil.php
11/12/2016 19:57:45 Entrée dans ActionClub.php
11/12/2016 22:24:47 Entrée dans ActionContact.php
11/12/2016 22:24:48 Entrée dans ActionContact.php
11/12/2016 22:24:55 Entrée dans ActionClub.php
12/12/2016 00:05:03 Entrée dans ActionJoueurs.php
12/12/2016 00:19:38 Entrée dans ActionAccueil.php
12/12/2016 00:20:10 Entrée dans AfficherPopupArticle.php
12/12/2016 00:20:37 Entrée dans ActionClub.php
12/12/2016 00:20:48 Entrée dans ActionJoueurs.php
12/12/2016 00:21:21 Entrée dans ActionAccueil.php
12/12/2016 00:21:27 Entrée dans AfficherPopupArticle.php
12/12/2016 00:21:38 Entrée dans AfficherPopupArticle.php
12/12/2016 13:59:59 Entrée dans ActionAccueil.php
12/12/2016 14:00:17 Entrée dans ActionJoueurs.php
12/12/2016 14:19:21 Entrée dans ActionAccueil.php
12/12/2016 14:19:41 Entrée dans AfficherPopupArticle.php
12/12/2016 14:20:32 Entrée dans AfficherPopupArticle.php
12/12/2016 14:21:04 Entrée dans ActionClub.php
12/12/2016 14:23:50 Entrée dans ActionClub.php
12/12/2016 14:23:56 Entrée dans ActionJoueurs.php
12/12/2016 14:24:57 Entrée dans ActionEcoleDeFoot.php
12/12/2016 14:25:01 Entrée dans ActionEcoleDeFoot.php
12/12/2016 14:25:50 Entrée dans ActionEcoleDeFoot.php
12/12/2016 14:25:55 Entrée dans ActionEcoleDeFoot.php
12/12/2016 14:26:12 Entrée dans ActionEcoleDeFoot.php
12/12/2016 14:26:21 Entrée dans ActionEcoleDeFoot.php
12/12/2016 14:26:36 Entrée dans ActionEcoleDeFoot.php
12/12/2016 14:26:50 Entrée dans ActionEcoleDeFoot.php
12/12/2016 14:26:58 Entrée dans ActionEcoleDeFoot.php
12/12/2016 14:27:17 Entrée dans ActionEcoleDeFoot.php
12/12/2016 14:27:29 Entrée dans ActionAgenda.php
12/12/2016 14:27:36 Entrée dans ActionEvenement.php
12/12/2016 14:28:04 Entrée dans ActionEvenement.php
12/12/2016 14:28:09 Entrée dans ActionSponsor.php
12/12/2016 14:28:30 Entrée dans ActionJoueurs.php
12/12/2016 14:28:56 Entrée dans ActionClub.php
12/12/2016 14:40:59 Entrée dans ActionAccueil.php
12/12/2016 14:42:35 Entrée dans ActionJoueurs.php
12/12/2016 18:42:57 Entrée dans ActionEcoleDeFoot.php
12/12/2016 22:02:14 Entrée dans ActionAccueil.php
12/12/2016 22:03:06 Entrée dans ActionLogin.php
12/12/2016 22:03:06 Authentification de fgastrini.
12/12/2016 22:03:06 Entrée dans ActionProfil.php
12/12/2016 22:03:09 Entrée dans GestionResultats.php
12/12/2016 22:03:24 Entrée dans GestionResultats.php
12/12/2016 22:03:31 Entrée dans ActionMembre.php
12/12/2016 22:03:43 Entrée dans ActionMembre.php
12/12/2016 22:05:11 Entrée dans ActionAccueil.php
12/12/2016 22:05:11 Entrée dans ActionAccueil.php
12/12/2016 23:38:52 Entrée dans ActionAccueil.php
12/12/2016 23:40:59 Entrée dans AfficherPopupArticle.php
13/12/2016 07:48:34 Entrée dans ActionClub.php
13/12/2016 10:50:46 Entrée dans ActionAgenda.php
13/12/2016 11:08:53 Entrée dans ActionAccueil.php
13/12/2016 11:53:50 Entrée dans ActionAccueil.php
13/12/2016 11:54:06 Entrée dans ActionEvenement.php
13/12/2016 11:54:10 Entrée dans ActionJoueurs.php
13/12/2016 12:58:27 Entrée dans ActionAccueil.php
13/12/2016 12:59:17 Entrée dans ActionClub.php
13/12/2016 13:00:36 Entrée dans ActionAgenda.php
13/12/2016 13:00:40 Entrée dans ActionJoueurs.php
13/12/2016 17:44:39 Entrée dans ActionAccueil.php
13/12/2016 17:45:16 Entrée dans ActionEvenement.php
13/12/2016 18:17:16 Entrée dans ActionClub.php
13/12/2016 18:51:16 Entrée dans ActionAccueil.php
13/12/2016 18:51:41 Entrée dans AfficherPopupArticle.php
13/12/2016 18:52:45 Entrée dans AfficherPopupArticle.php
13/12/2016 18:53:12 Entrée dans AfficherPopupArticle.php
13/12/2016 18:54:15 Entrée dans ActionJoueurs.php
13/12/2016 18:54:24 Entrée dans ActionAgenda.php
13/12/2016 18:54:54 Entrée dans ActionAgenda.php
13/12/2016 18:54:58 Entrée dans ActionAgenda.php
13/12/2016 21:23:07 Entrée dans ActionEcoleDeFoot.php
13/12/2016 21:24:16 Entrée dans ActionJoueurs.php
13/12/2016 21:26:04 Entrée dans ActionEcoleDeFoot.php
13/12/2016 21:26:10 Entrée dans ActionEcoleDeFoot.php
13/12/2016 21:26:11 Entrée dans ActionEcoleDeFoot.php
13/12/2016 21:26:36 Entrée dans ActionEcoleDeFoot.php
13/12/2016 21:26:43 Entrée dans ActionEcoleDeFoot.php
13/12/2016 21:27:12 Entrée dans ActionEcoleDeFoot.php
13/12/2016 23:15:39 Entrée dans ActionAccueil.php
13/12/2016 23:16:20 Entrée dans ActionClub.php
13/12/2016 23:16:40 Entrée dans ActionJoueurs.php
13/12/2016 23:17:00 Entrée dans ActionEcoleDeFoot.php
13/12/2016 23:17:20 Entrée dans ActionAgenda.php
13/12/2016 23:17:41 Entrée dans ActionEvenement.php
13/12/2016 23:18:01 Entrée dans ActionSponsor.php
14/12/2016 10:06:47 Entrée dans ActionAccueil.php
14/12/2016 11:14:20 Entrée dans ActionJoueurs.php
14/12/2016 12:36:05 Entrée dans ActionAccueil.php
14/12/2016 16:16:24 Entrée dans ActionAccueil.php
14/12/2016 16:16:57 Entrée dans AfficherPopupArticle.php
14/12/2016 16:17:23 Entrée dans AfficherPopupArticle.php
14/12/2016 16:26:32 Entrée dans ActionJoueurs.php
14/12/2016 16:27:18 Entrée dans ActionJoueurs.php
14/12/2016 17:15:53 Entrée dans ActionJoueurs.php
14/12/2016 17:16:06 Entrée dans ActionJoueurs.php
14/12/2016 19:14:48 Entrée dans ActionAccueil.php
14/12/2016 19:14:57 Entrée dans AfficherPopupArticle.php
14/12/2016 19:15:30 Entrée dans AfficherPopupArticle.php
14/12/2016 19:15:52 Entrée dans AfficherPopupArticle.php
14/12/2016 19:16:53 Entrée dans ActionEcoleDeFoot.php
14/12/2016 19:16:56 Entrée dans ActionEcoleDeFoot.php
14/12/2016 20:56:59 Entrée dans ActionAccueil.php
14/12/2016 20:57:13 Entrée dans ActionClub.php
14/12/2016 20:57:22 Entrée dans ActionAgenda.php
14/12/2016 20:57:32 Entrée dans ActionJoueurs.php
14/12/2016 20:57:38 Entrée dans ActionSponsor.php
14/12/2016 20:57:58 Entrée dans ActionEvenement.php
14/12/2016 20:58:07 Entrée dans ActionEcoleDeFoot.php
15/12/2016 11:49:10 Entrée dans ActionAccueil.php
15/12/2016 15:10:54 Entrée dans ActionJoueurs.php
15/12/2016 15:15:35 Entrée dans ActionAccueil.php
15/12/2016 15:16:04 Entrée dans ActionClub.php
15/12/2016 18:05:52 Entrée dans ActionAccueil.php
15/12/2016 18:06:57 Entrée dans ActionJoueurs.php
15/12/2016 18:16:03 Entrée dans ActionAccueil.php
16/12/2016 00:42:48 Entrée dans ActionJoueurs.php
16/12/2016 04:35:12 Entrée dans ActionSponsor.php
16/12/2016 14:21:20 Entrée dans ActionJoueurs.php
16/12/2016 15:00:11 Entrée dans ActionAccueil.php
16/12/2016 17:49:30 Entrée dans ActionAccueil.php
16/12/2016 17:50:35 Entrée dans ActionClub.php
16/12/2016 17:50:53 Entrée dans ActionEcoleDeFoot.php
16/12/2016 17:51:06 Entrée dans ActionEcoleDeFoot.php
16/12/2016 17:51:47 Entrée dans ActionEcoleDeFoot.php
16/12/2016 19:27:13 Entrée dans ActionClub.php
16/12/2016 19:56:48 Entrée dans ActionAccueil.php
16/12/2016 19:56:51 Entrée dans ActionAccueil.php
16/12/2016 19:57:26 Entrée dans AfficherPopupArticle.php
16/12/2016 19:59:30 Entrée dans ActionAccueil.php
16/12/2016 19:59:33 Entrée dans ActionEcoleDeFoot.php
16/12/2016 19:59:43 Entrée dans ActionEcoleDeFoot.php
16/12/2016 20:48:46 Entrée dans ActionEcoleDeFoot.php
16/12/2016 22:12:04 Entrée dans ActionJoueurs.php
16/12/2016 22:33:56 Entrée dans ActionAccueil.php
16/12/2016 22:52:11 Entrée dans ActionAccueil.php
16/12/2016 22:52:50 Entrée dans ActionAccueil.php
16/12/2016 22:53:11 Entrée dans AfficherPopupArticle.php
16/12/2016 22:53:45 Entrée dans ActionAccueil.php
16/12/2016 22:54:10 Entrée dans ActionAccueil.php
16/12/2016 23:19:21 Entrée dans ActionJoueurs.php
16/12/2016 23:19:22 Entrée dans ActionAgenda.php
16/12/2016 23:19:23 Entrée dans ActionEvenement.php
16/12/2016 23:53:13 Entrée dans ActionJoueurs.php
17/12/2016 11:21:38 Entrée dans ActionJoueurs.php
17/12/2016 13:14:00 Entrée dans ActionAccueil.php
17/12/2016 13:42:13 Entrée dans ActionAccueil.php
17/12/2016 13:42:35 Entrée dans ActionClub.php
17/12/2016 13:42:47 Entrée dans ActionEcoleDeFoot.php
17/12/2016 13:42:57 Entrée dans ActionEcoleDeFoot.php
17/12/2016 17:23:43 Entrée dans ActionAccueil.php
17/12/2016 17:24:50 Entrée dans AfficherPopupArticle.php
17/12/2016 17:25:14 Entrée dans AfficherPopupArticle.php
17/12/2016 17:26:03 Entrée dans ActionAccueil.php
17/12/2016 17:26:25 Entrée dans AfficherPopupArticle.php
17/12/2016 17:27:13 Entrée dans ActionClub.php
17/12/2016 17:27:18 Entrée dans ActionJoueurs.php
17/12/2016 17:28:17 Entrée dans ActionEcoleDeFoot.php
17/12/2016 17:28:35 Entrée dans ActionEcoleDeFoot.php
17/12/2016 17:28:37 Entrée dans ActionEcoleDeFoot.php
17/12/2016 17:28:46 Entrée dans ActionAgenda.php
17/12/2016 17:28:56 Entrée dans ActionSponsor.php
17/12/2016 18:01:02 Entrée dans ActionAccueil.php
17/12/2016 18:05:57 Entrée dans ActionAccueil.php
17/12/2016 18:06:25 Entrée dans ActionLogin.php
17/12/2016 18:06:25 Authentification de rernesti.
17/12/2016 18:06:26 Entrée dans ActionProfil.php
17/12/2016 18:06:38 Entrée dans ActionArticle.php
17/12/2016 18:09:06 Entrée dans ActionArticle.php
17/12/2016 18:09:10 Entrée dans ActionAccueil.php
17/12/2016 18:09:23 Entrée dans ActionAccueil.php
17/12/2016 18:09:28 Entrée dans ActionProfil.php
17/12/2016 18:09:30 Entrée dans ActionArticle.php
17/12/2016 18:09:57 Entrée dans ActionAccueil.php
17/12/2016 18:10:37 Entrée dans ActionProfil.php
17/12/2016 18:10:39 Entrée dans ActionArticle.php
17/12/2016 18:11:26 Entrée dans ActionProfil.php
17/12/2016 18:11:29 Entrée dans ActionProfil.php
17/12/2016 18:11:32 Entrée dans ActionProfil.php
17/12/2016 18:11:41 Entrée dans ActionProfil.php
17/12/2016 18:11:43 Entrée dans ActionArticle.php
17/12/2016 18:13:56 Entrée dans ActionAccueil.php
17/12/2016 18:14:04 Entrée dans ActionProfil.php
17/12/2016 18:14:07 Entrée dans ActionArticle.php
17/12/2016 18:16:16 Entrée dans ActionArticle.php
17/12/2016 18:16:20 Entrée dans ActionAccueil.php
17/12/2016 19:49:40 Entrée dans ActionAccueil.php
17/12/2016 19:51:35 Entrée dans ActionLogin.php
17/12/2016 19:51:35 Authentification de rernesti.
17/12/2016 19:51:35 Entrée dans ActionProfil.php
17/12/2016 19:51:40 Entrée dans ActionRencontre.php
17/12/2016 19:51:58 Entrée dans ActionRencontre.php
17/12/2016 19:52:04 Entrée dans ActionRencontre.php
17/12/2016 19:52:16 Entrée dans ActionRencontre.php
17/12/2016 19:52:23 Entrée dans ActionRencontre.php
17/12/2016 19:52:30 Entrée dans ActionRencontre.php
17/12/2016 19:52:33 Entrée dans ActionRencontre.php
17/12/2016 19:52:37 Entrée dans ActionMembre.php
17/12/2016 19:52:49 Entrée dans ActionMembre.php
17/12/2016 19:53:06 Entrée dans ActionMembre.php
17/12/2016 19:54:21 Entrée dans ActionMembre.php
17/12/2016 19:54:32 Entrée dans ActionMembre.php
17/12/2016 19:54:40 Entrée dans ActionAccueil.php
17/12/2016 19:54:40 Entrée dans ActionAccueil.php
17/12/2016 22:09:52 Entrée dans ActionAccueil.php
17/12/2016 22:10:22 Entrée dans ActionEvenement.php
17/12/2016 22:10:29 Entrée dans ActionAgenda.php
18/12/2016 00:35:40 Entrée dans ActionAccueil.php
18/12/2016 01:01:12 Entrée dans ActionAccueil.php
18/12/2016 05:18:26 Entrée dans ActionJoueurs.php
18/12/2016 07:04:03 Entrée dans ActionJoueurs.php
18/12/2016 08:44:09 Entrée dans ActionAgenda.php
18/12/2016 09:50:14 Entrée dans ActionAccueil.php
18/12/2016 11:45:48 Entrée dans ActionJoueurs.php
18/12/2016 19:07:28 Entrée dans ActionAccueil.php
18/12/2016 19:08:05 Entrée dans ActionJoueurs.php
18/12/2016 19:08:41 Entrée dans ActionJoueurs.php
18/12/2016 20:38:40 Entrée dans ActionEcoleDeFoot.php
18/12/2016 21:18:15 Entrée dans ActionAccueil.php
18/12/2016 22:38:09 Entrée dans ActionAccueil.php
18/12/2016 22:53:28 Entrée dans ActionAccueil.php
18/12/2016 23:57:27 Entrée dans ActionClub.php
19/12/2016 00:15:59 Entrée dans ActionClub.php
19/12/2016 01:39:04 Entrée dans ActionAccueil.php
19/12/2016 01:39:17 Entrée dans ActionJoueurs.php
19/12/2016 03:59:57 Entrée dans ActionJoueurs.php
19/12/2016 04:53:25 Entrée dans ActionClub.php
19/12/2016 06:29:33 Entrée dans ActionJoueurs.php
19/12/2016 08:17:11 Entrée dans ActionEcoleDeFoot.php
19/12/2016 08:18:31 Entrée dans ActionEvenement.php
19/12/2016 10:40:26 Entrée dans ActionContact.php
19/12/2016 12:12:49 Entrée dans ActionAccueil.php
19/12/2016 12:12:55 Entrée dans ActionClub.php
19/12/2016 12:12:57 Entrée dans ActionJoueurs.php
19/12/2016 12:12:59 Entrée dans ActionEcoleDeFoot.php
19/12/2016 12:13:01 Entrée dans ActionAgenda.php
19/12/2016 12:13:04 Entrée dans ActionEvenement.php
19/12/2016 12:13:06 Entrée dans ActionSponsor.php
19/12/2016 12:54:26 Entrée dans ActionAccueil.php
19/12/2016 15:08:49 Entrée dans ActionAccueil.php
19/12/2016 15:08:58 Entrée dans ActionJoueurs.php
19/12/2016 17:28:34 Entrée dans ActionAccueil.php
19/12/2016 17:29:06 Entrée dans ActionClub.php
19/12/2016 18:52:14 Entrée dans ActionAccueil.php
19/12/2016 18:52:17 Entrée dans ActionClub.php
19/12/2016 21:22:34 Entrée dans ActionAccueil.php
19/12/2016 21:22:35 Entrée dans ActionAgenda.php
19/12/2016 21:22:36 Entrée dans ActionClub.php
19/12/2016 21:22:37 Entrée dans ActionEcoleDeFoot.php
19/12/2016 21:22:37 Entrée dans ActionEvenement.php
19/12/2016 21:22:37 Entrée dans ActionJoueurs.php
19/12/2016 21:22:38 Entrée dans ActionSponsor.php
19/12/2016 21:22:38 Entrée dans AfficherPopupArticle.php
19/12/2016 21:22:38 Entrée dans AfficherPopupArticle.php
19/12/2016 21:22:38 Entrée dans AfficherPopupCompteRendu.php
19/12/2016 21:22:38 Entrée dans ActionAccueil.php
19/12/2016 21:22:39 Entrée dans RechercherArticle.php
19/12/2016 21:22:39 Entrée dans ActionAccueil.php
19/12/2016 21:22:40 Entrée dans ActionAccueil.php
19/12/2016 21:22:41 Entrée dans ActionProfil.php
19/12/2016 21:22:41 Entrée dans ActionAccueil.php
19/12/2016 21:22:41 Entrée dans ActionLogin.php
19/12/2016 21:22:42 Entrée dans ActionProfil.php
19/12/2016 21:22:43 Entrée dans ActionAccueil.php
19/12/2016 21:26:36 Entrée dans ActionJoueurs.php
19/12/2016 21:45:50 Entrée dans ActionClub.php
19/12/2016 21:45:53 Entrée dans ActionAccueil.php
19/12/2016 21:46:04 Entrée dans AfficherPopupArticle.php
19/12/2016 21:46:39 Entrée dans ActionAccueil.php
19/12/2016 22:11:41 Entrée dans ActionAccueil.php
19/12/2016 22:37:44 Entrée dans ActionLogin.php
19/12/2016 22:37:44 Authentification de rernesti.
19/12/2016 22:37:45 Entrée dans ActionProfil.php
19/12/2016 22:38:00 Entrée dans ActionArticle.php
19/12/2016 22:41:53 Entrée dans ActionArticle.php
19/12/2016 22:41:59 Entrée dans ActionAccueil.php
19/12/2016 22:42:00 Entrée dans ActionAccueil.php
19/12/2016 23:15:37 Entrée dans ActionContact.php
20/12/2016 00:03:48 Entrée dans ActionClub.php
20/12/2016 00:03:48 Entrée dans ActionEcoleDeFoot.php
20/12/2016 05:53:43 Entrée dans ActionClub.php
20/12/2016 07:58:21 Entrée dans ActionAccueil.php
20/12/2016 07:58:52 Entrée dans AfficherPopupArticle.php
20/12/2016 07:58:57 Entrée dans AfficherPopupArticle.php
20/12/2016 07:59:32 Entrée dans ActionAccueil.php
20/12/2016 07:59:35 Entrée dans ActionAccueil.php
20/12/2016 07:59:47 Entrée dans ActionAccueil.php
20/12/2016 08:00:04 Entrée dans ActionEcoleDeFoot.php
20/12/2016 08:00:08 Entrée dans ActionEcoleDeFoot.php
20/12/2016 08:00:14 Entrée dans ActionEcoleDeFoot.php
20/12/2016 08:00:20 Entrée dans ActionEcoleDeFoot.php
20/12/2016 08:01:04 Entrée dans ActionEcoleDeFoot.php
20/12/2016 08:06:22 Entrée dans ActionEcoleDeFoot.php
20/12/2016 08:30:35 Entrée dans ActionAccueil.php
20/12/2016 08:30:36 Entrée dans ActionClub.php
20/12/2016 10:25:29 Entrée dans ActionAccueil.php
20/12/2016 10:25:47 Entrée dans AfficherPopupArticle.php
20/12/2016 10:25:58 Entrée dans AfficherPopupArticle.php
20/12/2016 15:03:18 Entrée dans ActionClub.php
20/12/2016 17:38:17 Entrée dans ActionAccueil.php
20/12/2016 17:38:27 Entrée dans AfficherPopupArticle.php
20/12/2016 17:38:36 Entrée dans AfficherPopupArticle.php
20/12/2016 17:39:25 Entrée dans AfficherPopupArticle.php
20/12/2016 17:39:39 Entrée dans AfficherPopupArticle.php
20/12/2016 17:40:03 Entrée dans AfficherPopupArticle.php
20/12/2016 17:40:23 Entrée dans ActionClub.php
20/12/2016 17:40:37 Entrée dans ActionAccueil.php
20/12/2016 17:40:39 Entrée dans ActionClub.php
20/12/2016 17:40:42 Entrée dans ActionEcoleDeFoot.php
20/12/2016 17:40:49 Entrée dans ActionEvenement.php
20/12/2016 17:41:05 Entrée dans ActionSponsor.php
20/12/2016 17:41:32 Entrée dans AfficherPopupArticle.php
20/12/2016 18:51:15 Entrée dans ActionAccueil.php
20/12/2016 18:53:56 Entrée dans AfficherPopupArticle.php
20/12/2016 18:54:10 Entrée dans AfficherPopupArticle.php
20/12/2016 20:17:10 Entrée dans ActionAccueil.php
20/12/2016 20:17:16 Entrée dans ActionJoueurs.php
20/12/2016 20:58:12 Entrée dans ActionAccueil.php
20/12/2016 21:16:08 Entrée dans ActionJoueurs.php
20/12/2016 21:26:35 Entrée dans ActionAccueil.php
20/12/2016 21:26:47 Entrée dans AfficherPopupArticle.php
20/12/2016 21:27:05 Entrée dans AfficherPopupArticle.php
20/12/2016 21:27:44 Entrée dans ActionClub.php
20/12/2016 21:27:47 Entrée dans ActionEcoleDeFoot.php
20/12/2016 21:37:50 Entrée dans ActionEvenement.php
20/12/2016 21:39:09 Entrée dans ActionAgenda.php
20/12/2016 21:39:29 Entrée dans ActionAgenda.php
20/12/2016 21:39:51 Entrée dans ActionAgenda.php
20/12/2016 21:41:24 Entrée dans ActionEcoleDeFoot.php
20/12/2016 21:41:31 Entrée dans ActionEcoleDeFoot.php
20/12/2016 22:20:34 Entrée dans ActionAccueil.php
20/12/2016 22:31:12 Entrée dans ActionAccueil.php
20/12/2016 22:36:20 Entrée dans ActionSponsor.php
21/12/2016 09:12:22 Entrée dans ActionAccueil.php
21/12/2016 09:32:13 Entrée dans ActionEcoleDeFoot.php
21/12/2016 09:50:19 Entrée dans ActionAccueil.php
21/12/2016 09:50:41 Entrée dans AfficherPopupArticle.php
21/12/2016 09:52:07 Entrée dans AfficherPopupArticle.php
21/12/2016 09:52:18 Entrée dans AfficherPopupArticle.php
21/12/2016 09:52:49 Entrée dans ActionSponsor.php
21/12/2016 09:52:50 Entrée dans ActionSponsor.php
21/12/2016 09:53:31 Entrée dans AfficherPopupArticle.php
21/12/2016 09:54:25 Entrée dans AfficherPopupArticle.php
21/12/2016 09:54:58 Entrée dans AfficherPopupArticle.php
21/12/2016 09:55:09 Entrée dans AfficherPopupArticle.php
21/12/2016 09:55:32 Entrée dans AfficherPopupArticle.php
21/12/2016 09:56:17 Entrée dans AfficherPopupArticle.php
21/12/2016 09:57:13 Entrée dans ActionEcoleDeFoot.php
21/12/2016 09:57:31 Entrée dans ActionEcoleDeFoot.php
21/12/2016 14:10:43 Entrée dans ActionAccueil.php
21/12/2016 14:10:54 Entrée dans AfficherPopupArticle.php
21/12/2016 16:27:46 Entrée dans ActionSponsor.php
21/12/2016 16:29:31 Entrée dans ActionJoueurs.php
21/12/2016 16:29:34 Entrée dans ActionClub.php
21/12/2016 16:29:44 Entrée dans ActionJoueurs.php
21/12/2016 16:29:50 Entrée dans ActionJoueurs.php
21/12/2016 16:30:12 Entrée dans ActionJoueurs.php
21/12/2016 19:28:09 Entrée dans ActionSponsor.php
21/12/2016 19:36:21 Entrée dans ActionEcoleDeFoot.php
21/12/2016 19:36:25 Entrée dans ActionEcoleDeFoot.php
21/12/2016 21:27:35 Entrée dans ActionAccueil.php
21/12/2016 21:27:36 Entrée dans ActionAccueil.php
21/12/2016 23:05:18 Entrée dans ActionAccueil.php
21/12/2016 23:24:20 Entrée dans ActionEvenement.php
21/12/2016 23:28:46 Entrée dans AfficherPopupArticle.php
21/12/2016 23:30:14 Entrée dans AfficherPopupArticle.php
22/12/2016 00:06:36 Entrée dans ActionJoueurs.php
22/12/2016 00:22:39 Entrée dans ActionAgenda.php
22/12/2016 05:36:13 Entrée dans ActionJoueurs.php
22/12/2016 08:37:52 Entrée dans ActionAccueil.php
22/12/2016 08:38:50 Entrée dans AfficherPopupArticle.php
22/12/2016 08:38:55 Entrée dans AfficherPopupArticle.php
22/12/2016 08:39:17 Entrée dans ActionEcoleDeFoot.php
22/12/2016 08:39:21 Entrée dans ActionEcoleDeFoot.php
22/12/2016 08:54:30 Entrée dans ActionAccueil.php
22/12/2016 08:56:04 Entrée dans ActionEcoleDeFoot.php
22/12/2016 08:57:00 Entrée dans ActionEcoleDeFoot.php
22/12/2016 08:57:25 Entrée dans ActionEcoleDeFoot.php
22/12/2016 08:59:56 Entrée dans ActionEcoleDeFoot.php
22/12/2016 11:41:15 Entrée dans ActionEcoleDeFoot.php
22/12/2016 14:23:39 Entrée dans ActionJoueurs.php
22/12/2016 15:32:47 Entrée dans ActionAgenda.php
22/12/2016 16:33:12 Entrée dans ActionAccueil.php
22/12/2016 16:33:18 Entrée dans AfficherPopupArticle.php
22/12/2016 16:38:48 Entrée dans ActionAccueil.php
22/12/2016 16:39:18 Entrée dans AfficherPopupArticle.php
22/12/2016 16:39:43 Entrée dans AfficherPopupArticle.php
22/12/2016 17:54:13 Entrée dans ActionEvenement.php
22/12/2016 17:54:14 Entrée dans ActionJoueurs.php
22/12/2016 18:12:23 Entrée dans ActionClub.php
22/12/2016 18:12:24 Entrée dans ActionEcoleDeFoot.php
22/12/2016 18:20:08 Entrée dans ActionAgenda.php
22/12/2016 18:20:08 Entrée dans ActionEvenement.php
22/12/2016 18:26:03 Entrée dans ActionSponsor.php
22/12/2016 20:04:00 Entrée dans ActionAccueil.php
23/12/2016 01:35:22 Entrée dans ActionAccueil.php
23/12/2016 01:35:40 Entrée dans ActionEcoleDeFoot.php
23/12/2016 01:35:49 Entrée dans ActionClub.php
23/12/2016 01:35:54 Entrée dans ActionJoueurs.php
23/12/2016 01:35:55 Entrée dans ActionEcoleDeFoot.php
23/12/2016 01:36:00 Entrée dans ActionEcoleDeFoot.php
23/12/2016 01:36:03 Entrée dans ActionEcoleDeFoot.php
23/12/2016 01:36:07 Entrée dans ActionEcoleDeFoot.php
23/12/2016 01:36:25 Entrée dans ActionEcoleDeFoot.php
23/12/2016 01:36:27 Entrée dans ActionEcoleDeFoot.php
23/12/2016 04:12:11 Entrée dans ActionEvenement.php
23/12/2016 10:10:38 Entrée dans ActionAccueil.php
23/12/2016 15:32:59 Entrée dans ActionAccueil.php
23/12/2016 15:34:58 Entrée dans AfficherPopupArticle.php
23/12/2016 15:34:58 Entrée dans AfficherPopupArticle.php
23/12/2016 15:34:58 Entrée dans AfficherPopupArticle.php
23/12/2016 15:34:58 Entrée dans AfficherPopupArticle.php
23/12/2016 18:14:11 Entrée dans ActionEvenement.php
23/12/2016 18:18:20 Entrée dans AfficherPopupArticle.php
23/12/2016 19:40:48 Entrée dans ActionAccueil.php
23/12/2016 19:41:56 Entrée dans ActionClub.php
23/12/2016 19:42:03 Entrée dans ActionEcoleDeFoot.php
23/12/2016 19:42:11 Entrée dans ActionEcoleDeFoot.php
23/12/2016 19:42:22 Entrée dans ActionEcoleDeFoot.php
23/12/2016 19:42:31 Entrée dans ActionEcoleDeFoot.php
23/12/2016 21:23:58 Entrée dans ActionEvenement.php
23/12/2016 21:55:09 Entrée dans ActionAccueil.php
23/12/2016 21:57:57 Entrée dans ActionAccueil.php
23/12/2016 21:58:12 Entrée dans ActionClub.php
23/12/2016 21:58:20 Entrée dans ActionJoueurs.php
23/12/2016 21:58:28 Entrée dans ActionEcoleDeFoot.php
23/12/2016 21:58:35 Entrée dans ActionAgenda.php
23/12/2016 21:58:44 Entrée dans ActionEvenement.php
23/12/2016 21:58:50 Entrée dans ActionSponsor.php
23/12/2016 22:46:40 Entrée dans ActionJoueurs.php
24/12/2016 00:45:15 Entrée dans ActionJoueurs.php
24/12/2016 00:45:29 Entrée dans ActionJoueurs.php
24/12/2016 05:43:29 Entrée dans ActionJoueurs.php
24/12/2016 05:43:30 Entrée dans ActionAgenda.php
24/12/2016 05:43:31 Entrée dans ActionEvenement.php
24/12/2016 06:28:49 Entrée dans ActionClub.php
24/12/2016 06:28:50 Entrée dans ActionEcoleDeFoot.php
24/12/2016 07:14:28 Entrée dans ActionAccueil.php
24/12/2016 08:14:54 Entrée dans ActionAccueil.php
24/12/2016 08:14:56 Entrée dans ActionClub.php
24/12/2016 08:14:56 Entrée dans ActionJoueurs.php
24/12/2016 08:14:56 Entrée dans ActionEcoleDeFoot.php
24/12/2016 08:14:56 Entrée dans ActionAgenda.php
24/12/2016 08:14:57 Entrée dans ActionEvenement.php
24/12/2016 08:14:57 Entrée dans ActionSponsor.php
24/12/2016 10:52:02 Entrée dans ActionAccueil.php
24/12/2016 14:19:39 Entrée dans ActionAccueil.php
24/12/2016 14:19:46 Entrée dans ActionAgenda.php
24/12/2016 14:19:52 Entrée dans ActionClub.php
24/12/2016 14:36:29 Entrée dans ActionAccueil.php
24/12/2016 15:08:36 Entrée dans ActionJoueurs.php
24/12/2016 15:21:47 Entrée dans ActionJoueurs.php
24/12/2016 16:15:55 Entrée dans ActionJoueurs.php
24/12/2016 16:16:24 Entrée dans ActionJoueurs.php
24/12/2016 16:16:24 Entrée dans ActionJoueurs.php
24/12/2016 16:17:40 Entrée dans ActionJoueurs.php
24/12/2016 16:17:54 Entrée dans ActionJoueurs.php
24/12/2016 16:17:59 Entrée dans ActionJoueurs.php
24/12/2016 16:18:24 Entrée dans ActionJoueurs.php
24/12/2016 16:19:50 Entrée dans ActionJoueurs.php
24/12/2016 16:20:02 Entrée dans ActionJoueurs.php
24/12/2016 16:20:54 Entrée dans ActionJoueurs.php
24/12/2016 17:06:44 Entrée dans ActionJoueurs.php
24/12/2016 17:16:02 Entrée dans ActionJoueurs.php
24/12/2016 20:42:29 Entrée dans ActionAccueil.php
24/12/2016 21:52:04 Entrée dans ActionAccueil.php
25/12/2016 08:31:42 Entrée dans ActionAccueil.php
25/12/2016 08:32:37 Entrée dans AfficherPopupArticle.php
25/12/2016 08:33:45 Entrée dans AfficherPopupArticle.php
25/12/2016 12:20:46 Entrée dans ActionAccueil.php
25/12/2016 15:36:45 Entrée dans ActionJoueurs.php
25/12/2016 16:28:38 Entrée dans ActionAccueil.php
25/12/2016 20:17:28 Entrée dans ActionAccueil.php
25/12/2016 20:17:31 Entrée dans ActionAgenda.php
25/12/2016 20:17:32 Entrée dans ActionClub.php
25/12/2016 20:17:33 Entrée dans ActionEcoleDeFoot.php
25/12/2016 20:17:34 Entrée dans ActionEvenement.php
25/12/2016 20:17:35 Entrée dans ActionJoueurs.php
25/12/2016 20:17:35 Entrée dans ActionSponsor.php
25/12/2016 21:42:53 Entrée dans ActionAccueil.php
25/12/2016 21:43:06 Entrée dans ActionClub.php
25/12/2016 21:43:16 Entrée dans ActionAgenda.php
25/12/2016 21:43:27 Entrée dans ActionSponsor.php
25/12/2016 21:43:37 Entrée dans ActionJoueurs.php
25/12/2016 21:43:52 Entrée dans ActionEvenement.php
25/12/2016 21:44:02 Entrée dans ActionEcoleDeFoot.php
25/12/2016 22:44:11 Entrée dans ActionEcoleDeFoot.php
25/12/2016 23:17:19 Entrée dans ActionAccueil.php
26/12/2016 00:49:37 Entrée dans ActionAccueil.php
26/12/2016 05:20:12 Entrée dans ActionAgenda.php
26/12/2016 05:54:01 Entrée dans ActionClub.php
26/12/2016 10:10:53 Entrée dans ActionAccueil.php
26/12/2016 14:49:51 Entrée dans ActionAccueil.php
26/12/2016 14:50:31 Entrée dans AfficherPopupArticle.php
26/12/2016 15:53:46 Entrée dans ActionAccueil.php
26/12/2016 16:58:05 Entrée dans ActionSponsor.php
26/12/2016 17:32:13 Entrée dans ActionAccueil.php
26/12/2016 20:23:05 Entrée dans ActionClub.php
26/12/2016 20:37:23 Entrée dans ActionContact.php
26/12/2016 21:43:55 Entrée dans ActionEvenement.php
26/12/2016 22:01:54 Entrée dans ActionEcoleDeFoot.php
26/12/2016 22:01:58 Entrée dans ActionEcoleDeFoot.php
26/12/2016 22:02:05 Entrée dans ActionEcoleDeFoot.php
26/12/2016 22:02:09 Entrée dans ActionEcoleDeFoot.php
26/12/2016 22:02:14 Entrée dans ActionEcoleDeFoot.php
26/12/2016 22:02:28 Entrée dans ActionEcoleDeFoot.php
26/12/2016 22:02:32 Entrée dans ActionEcoleDeFoot.php
26/12/2016 22:51:47 Entrée dans ActionJoueurs.php
26/12/2016 22:51:47 Entrée dans ActionAgenda.php
26/12/2016 22:51:49 Entrée dans ActionEvenement.php
26/12/2016 23:00:57 Entrée dans ActionClub.php
26/12/2016 23:00:57 Entrée dans ActionEcoleDeFoot.php
27/12/2016 03:29:51 Entrée dans ActionAccueil.php
27/12/2016 03:29:51 Entrée dans ActionClub.php
27/12/2016 06:25:48 Entrée dans ActionAccueil.php
27/12/2016 11:20:54 Entrée dans ActionAccueil.php
27/12/2016 11:21:09 Entrée dans AfficherPopupArticle.php
27/12/2016 13:28:49 Entrée dans ActionAccueil.php
27/12/2016 13:29:08 Entrée dans AfficherPopupArticle.php
27/12/2016 13:29:19 Entrée dans ActionLogin.php
27/12/2016 13:29:19 Authentification de tsutter.
27/12/2016 13:29:20 Entrée dans ActionProfil.php
27/12/2016 13:29:21 Entrée dans ActionArticle.php
27/12/2016 13:33:14 Entrée dans ActionArticle.php
27/12/2016 18:14:45 Entrée dans ActionContact.php
27/12/2016 18:19:31 Entrée dans ActionClub.php
27/12/2016 21:02:01 Entrée dans ActionContact.php
28/12/2016 01:09:10 Entrée dans ActionAccueil.php
28/12/2016 01:09:25 Entrée dans AfficherPopupArticle.php
28/12/2016 01:22:34 Entrée dans ActionAgenda.php
28/12/2016 01:22:39 Entrée dans ActionEcoleDeFoot.php
28/12/2016 01:22:42 Entrée dans ActionAgenda.php
28/12/2016 03:43:36 Entrée dans ActionAccueil.php
28/12/2016 03:43:37 Entrée dans ActionClub.php
28/12/2016 03:43:38 Entrée dans ActionJoueurs.php
28/12/2016 03:43:40 Entrée dans ActionEcoleDeFoot.php
28/12/2016 03:43:41 Entrée dans ActionAgenda.php
28/12/2016 03:43:42 Entrée dans ActionEvenement.php
28/12/2016 03:43:45 Entrée dans ActionSponsor.php
28/12/2016 05:47:32 Entrée dans ActionAgenda.php
28/12/2016 08:25:35 Entrée dans ActionClub.php
28/12/2016 08:25:36 Entrée dans ActionEcoleDeFoot.php
28/12/2016 09:25:35 Entrée dans ActionAccueil.php
28/12/2016 09:25:37 Entrée dans ActionAgenda.php
28/12/2016 09:25:38 Entrée dans ActionClub.php
28/12/2016 09:25:38 Entrée dans ActionEcoleDeFoot.php
28/12/2016 09:25:39 Entrée dans ActionEvenement.php
28/12/2016 09:25:39 Entrée dans ActionJoueurs.php
28/12/2016 09:25:40 Entrée dans ActionSponsor.php
28/12/2016 09:36:00 Entrée dans ActionJoueurs.php
28/12/2016 09:36:01 Entrée dans ActionAgenda.php
28/12/2016 09:36:02 Entrée dans ActionEvenement.php
28/12/2016 09:57:21 Entrée dans ActionAccueil.php
28/12/2016 09:57:35 Entrée dans AfficherPopupArticle.php
28/12/2016 11:45:15 Entrée dans ActionAccueil.php
28/12/2016 11:45:26 Entrée dans ActionAgenda.php
28/12/2016 11:45:34 Entrée dans ActionClub.php
28/12/2016 11:45:48 Entrée dans ActionEcoleDeFoot.php
28/12/2016 11:46:28 Entrée dans ActionEvenement.php
28/12/2016 11:46:47 Entrée dans ActionJoueurs.php
28/12/2016 11:47:02 Entrée dans ActionSponsor.php
28/12/2016 12:17:33 Entrée dans ActionEcoleDeFoot.php
28/12/2016 12:17:37 Entrée dans ActionEcoleDeFoot.php
28/12/2016 12:17:48 Entrée dans ActionEcoleDeFoot.php
28/12/2016 12:17:51 Entrée dans ActionEcoleDeFoot.php
28/12/2016 12:17:56 Entrée dans ActionEcoleDeFoot.php
28/12/2016 12:18:00 Entrée dans ActionEcoleDeFoot.php
28/12/2016 12:20:51 Entrée dans ActionEcoleDeFoot.php
28/12/2016 15:04:08 Entrée dans ActionClub.php
28/12/2016 15:04:09 Entrée dans ActionClub.php
28/12/2016 15:04:11 Entrée dans ActionAccueil.php
28/12/2016 15:04:16 Entrée dans ActionJoueurs.php
28/12/2016 15:04:17 Entrée dans ActionEcoleDeFoot.php
28/12/2016 15:04:17 Entrée dans ActionAgenda.php
28/12/2016 15:04:19 Entrée dans ActionEvenement.php
28/12/2016 15:04:20 Entrée dans ActionSponsor.php
28/12/2016 15:42:35 Entrée dans ActionClub.php
28/12/2016 16:33:48 Entrée dans ActionAccueil.php
28/12/2016 16:34:01 Entrée dans AfficherPopupArticle.php
28/12/2016 16:34:43 Entrée dans AfficherPopupArticle.php
28/12/2016 16:37:07 Entrée dans ActionAccueil.php
28/12/2016 16:37:22 Entrée dans AfficherPopupArticle.php
28/12/2016 16:37:27 Entrée dans AfficherPopupArticle.php
28/12/2016 16:38:00 Entrée dans AfficherPopupArticle.php
28/12/2016 17:43:08 Entrée dans ActionAccueil.php
28/12/2016 17:43:16 Entrée dans AfficherPopupArticle.php
28/12/2016 17:43:41 Entrée dans ActionClub.php
28/12/2016 18:08:21 Entrée dans ActionAccueil.php
28/12/2016 20:21:16 Entrée dans ActionClub.php
28/12/2016 20:21:18 Entrée dans ActionClub.php
28/12/2016 20:21:21 Entrée dans ActionAccueil.php
28/12/2016 20:21:22 Entrée dans ActionJoueurs.php
28/12/2016 20:21:26 Entrée dans ActionEcoleDeFoot.php
28/12/2016 20:21:26 Entrée dans ActionAgenda.php
28/12/2016 20:21:29 Entrée dans ActionEvenement.php
28/12/2016 20:21:29 Entrée dans ActionSponsor.php
28/12/2016 21:04:36 Entrée dans ActionContact.php
28/12/2016 21:58:25 Entrée dans ActionJoueurs.php
29/12/2016 02:58:44 Entrée dans ActionAccueil.php
29/12/2016 02:59:04 Entrée dans AfficherPopupArticle.php
29/12/2016 02:59:05 Entrée dans AfficherPopupArticle.php
29/12/2016 02:59:05 Entrée dans AfficherPopupArticle.php
29/12/2016 02:59:05 Entrée dans AfficherPopupArticle.php
29/12/2016 02:59:14 Entrée dans AfficherPopupArticle.php
29/12/2016 02:59:20 Entrée dans AfficherPopupArticle.php
29/12/2016 02:59:24 Entrée dans ActionJoueurs.php
29/12/2016 02:59:59 Entrée dans ActionClub.php
29/12/2016 03:00:33 Entrée dans ActionAgenda.php
29/12/2016 03:00:39 Entrée dans ActionJoueurs.php
29/12/2016 07:08:41 Entrée dans ActionAccueil.php
29/12/2016 07:09:00 Entrée dans AfficherPopupArticle.php
29/12/2016 07:11:14 Entrée dans AfficherPopupArticle.php
29/12/2016 10:54:44 Entrée dans ActionAccueil.php
29/12/2016 11:18:08 Entrée dans ActionJoueurs.php
29/12/2016 12:16:36 Entrée dans ActionClub.php
29/12/2016 12:16:38 Entrée dans ActionClub.php
29/12/2016 12:16:40 Entrée dans ActionAccueil.php
29/12/2016 12:16:40 Entrée dans ActionJoueurs.php
29/12/2016 12:16:41 Entrée dans ActionEcoleDeFoot.php
29/12/2016 12:16:41 Entrée dans ActionAgenda.php
29/12/2016 12:16:43 Entrée dans ActionEvenement.php
29/12/2016 12:16:44 Entrée dans ActionSponsor.php
29/12/2016 14:59:09 Entrée dans ActionJoueurs.php
29/12/2016 16:18:20 Entrée dans ActionAccueil.php
29/12/2016 17:53:13 Entrée dans ActionJoueurs.php
29/12/2016 18:54:01 Entrée dans ActionContact.php
29/12/2016 19:52:04 Entrée dans ActionJoueurs.php
29/12/2016 21:29:58 Entrée dans ActionJoueurs.php
29/12/2016 21:44:26 Entrée dans ActionSponsor.php
29/12/2016 23:16:36 Entrée dans ActionJoueurs.php
29/12/2016 23:53:29 Entrée dans ActionJoueurs.php
30/12/2016 02:17:00 Entrée dans ActionClub.php
30/12/2016 02:20:42 Entrée dans ActionSponsor.php
30/12/2016 02:24:27 Entrée dans ActionJoueurs.php
30/12/2016 02:24:27 Entrée dans ActionAgenda.php
30/12/2016 02:24:28 Entrée dans ActionEvenement.php
30/12/2016 02:27:03 Entrée dans ActionEcoleDeFoot.php
30/12/2016 08:18:43 Entrée dans ActionEvenement.php
30/12/2016 08:19:05 Entrée dans ActionSponsor.php
30/12/2016 08:19:15 Entrée dans ActionAccueil.php
30/12/2016 08:19:28 Entrée dans AfficherPopupArticle.php
30/12/2016 08:19:52 Entrée dans ActionAccueil.php
30/12/2016 08:20:05 Entrée dans AfficherPopupArticle.php
30/12/2016 12:24:28 Entrée dans ActionAccueil.php
30/12/2016 12:24:30 Entrée dans ActionEvenement.php
30/12/2016 12:24:30 Entrée dans ActionAgenda.php
30/12/2016 12:24:31 Entrée dans ActionSponsor.php
30/12/2016 12:24:31 Entrée dans ActionEcoleDeFoot.php
30/12/2016 12:24:31 Entrée dans ActionClub.php
30/12/2016 12:24:31 Entrée dans ActionJoueurs.php
30/12/2016 13:29:33 Entrée dans ActionAccueil.php
30/12/2016 16:13:26 Entrée dans ActionAccueil.php
30/12/2016 16:13:48 Entrée dans ActionJoueurs.php
30/12/2016 18:56:38 Entrée dans ActionSponsor.php
30/12/2016 20:32:07 Entrée dans ActionEvenement.php
30/12/2016 21:59:06 Entrée dans ActionJoueurs.php
31/12/2016 07:53:12 Entrée dans ActionAccueil.php
31/12/2016 08:54:23 Entrée dans ActionAccueil.php
31/12/2016 09:10:49 Entrée dans ActionJoueurs.php
31/12/2016 09:29:30 Entrée dans ActionJoueurs.php
31/12/2016 09:49:00 Entrée dans ActionClub.php
31/12/2016 09:49:00 Entrée dans ActionEcoleDeFoot.php
31/12/2016 09:56:59 Entrée dans ActionAgenda.php
31/12/2016 10:39:06 Entrée dans ActionEvenement.php
31/12/2016 10:47:05 Entrée dans ActionSponsor.php
31/12/2016 11:32:02 Entrée dans ActionAccueil.php
31/12/2016 11:32:03 Entrée dans ActionAccueil.php
31/12/2016 11:33:06 Entrée dans ActionAgenda.php
31/12/2016 11:34:04 Entrée dans ActionAgenda.php
31/12/2016 16:33:49 Entrée dans ActionAccueil.php
31/12/2016 16:34:53 Entrée dans AfficherPopupArticle.php
31/12/2016 18:29:45 Entrée dans ActionAccueil.php
31/12/2016 18:50:27 Entrée dans ActionAgenda.php
31/12/2016 20:15:51 Entrée dans ActionJoueurs.php
31/12/2016 21:35:14 Entrée dans ActionClub.php
31/12/2016 22:06:05 Entrée dans ActionSponsor.php
31/12/2016 23:20:57 Entrée dans ActionJoueurs.php
