01/01/2019 00:22:33 Entrée dans ActionContact.php
01/01/2019 05:34:51 Entrée dans ActionAccueil.php
01/01/2019 10:06:58 Entrée dans ActionAccueil.php
01/01/2019 10:07:00 Entrée dans ActionClub.php
01/01/2019 10:07:01 Entrée dans ActionJoueurs.php
01/01/2019 10:07:02 Entrée dans ActionEcoleDeFoot.php
01/01/2019 10:07:12 Entrée dans ActionAgenda.php
01/01/2019 10:34:58 Entrée dans ActionJoueurs.php
01/01/2019 10:35:01 Entrée dans ActionAccueil.php
01/01/2019 10:35:01 Entrée dans ActionClub.php
01/01/2019 10:35:03 Entrée dans ActionEcoleDeFoot.php
01/01/2019 10:35:04 Entrée dans ActionAgenda.php
01/01/2019 11:38:52 Entrée dans ActionSponsor.php
01/01/2019 17:38:23 Entrée dans ActionJoueurs.php
01/01/2019 19:03:50 Entrée dans ActionEvenement.php
01/01/2019 21:40:38 Entrée dans ActionAccueil.php
01/01/2019 21:40:40 Entrée dans ActionAgenda.php
01/01/2019 21:40:41 Entrée dans ActionClub.php
01/01/2019 21:40:43 Entrée dans ActionEcoleDeFoot.php
01/01/2019 21:40:44 Entrée dans ActionEvenement.php
01/01/2019 21:40:44 Entrée dans ActionJoueurs.php
01/01/2019 21:40:46 Entrée dans ActionLogin.php
01/01/2019 21:40:46 Entrée dans ActionSponsor.php
01/01/2019 21:40:47 Entrée dans AfficherPopupArticle.php
01/01/2019 21:40:47 Entrée dans AfficherPopupCompteRendu.php
01/01/2019 21:40:48 Entrée dans ActionAccueil.php
01/01/2019 21:40:50 Entrée dans RechercherArticle.php
01/01/2019 21:40:50 Entrée dans ActionAccueil.php
01/01/2019 21:40:53 Entrée dans ActionAccueil.php
01/01/2019 21:40:57 Entrée dans ActionProfil.php
01/01/2019 21:40:58 Entrée dans ActionAccueil.php
01/01/2019 21:40:59 Entrée dans ActionProfil.php
01/01/2019 21:41:01 Entrée dans ActionAccueil.php
01/01/2019 22:17:18 Entrée dans ActionJoueurs.php
01/01/2019 22:56:51 Entrée dans ActionJoueurs.php
01/01/2019 23:59:14 Entrée dans ActionJoueurs.php
02/01/2019 00:11:28 Entrée dans ActionAgenda.php
02/01/2019 03:00:10 Entrée dans ActionAgenda.php
02/01/2019 08:36:40 Entrée dans ActionAccueil.php
02/01/2019 08:36:43 Entrée dans ActionClub.php
02/01/2019 08:36:45 Entrée dans ActionJoueurs.php
02/01/2019 08:36:46 Entrée dans ActionEcoleDeFoot.php
02/01/2019 08:36:47 Entrée dans ActionAgenda.php
02/01/2019 08:36:49 Entrée dans ActionEvenement.php
02/01/2019 08:36:51 Entrée dans ActionSponsor.php
02/01/2019 14:11:07 Entrée dans ActionAccueil.php
02/01/2019 14:11:26 Entrée dans ActionEvenement.php
02/01/2019 14:11:45 Entrée dans ActionClub.php
02/01/2019 17:41:41 Entrée dans ActionAccueil.php
02/01/2019 17:41:41 Entrée dans ActionClub.php
02/01/2019 17:41:43 Entrée dans ActionJoueurs.php
02/01/2019 17:41:43 Entrée dans ActionEcoleDeFoot.php
02/01/2019 17:41:45 Entrée dans ActionAgenda.php
02/01/2019 20:24:29 Entrée dans ActionAccueil.php
02/01/2019 20:24:43 Entrée dans ActionEvenement.php
02/01/2019 20:24:50 Entrée dans ActionJoueurs.php
02/01/2019 21:37:23 Entrée dans ActionAccueil.php
02/01/2019 21:37:32 Entrée dans ActionAgenda.php
02/01/2019 21:37:37 Entrée dans ActionClub.php
02/01/2019 21:37:45 Entrée dans ActionEcoleDeFoot.php
02/01/2019 21:37:48 Entrée dans ActionEvenement.php
02/01/2019 21:37:51 Entrée dans ActionJoueurs.php
02/01/2019 21:37:54 Entrée dans ActionLogin.php
02/01/2019 21:37:55 Entrée dans ActionSponsor.php
02/01/2019 21:37:58 Entrée dans AfficherPopupArticle.php
02/01/2019 21:38:00 Entrée dans AfficherPopupCompteRendu.php
02/01/2019 21:38:02 Entrée dans ActionAccueil.php
02/01/2019 21:38:07 Entrée dans RechercherArticle.php
02/01/2019 21:38:08 Entrée dans ActionAccueil.php
02/01/2019 21:38:22 Entrée dans ActionAccueil.php
02/01/2019 21:38:42 Entrée dans ActionProfil.php
02/01/2019 21:38:44 Entrée dans ActionAccueil.php
02/01/2019 21:38:49 Entrée dans ActionProfil.php
02/01/2019 21:38:54 Entrée dans ActionAccueil.php
02/01/2019 23:55:13 Entrée dans ActionEcoleDeFoot.php
02/01/2019 23:56:12 Entrée dans ActionAgenda.php
02/01/2019 23:56:21 Entrée dans ActionAgenda.php
03/01/2019 02:20:32 Entrée dans ActionAccueil.php
03/01/2019 03:07:36 Entrée dans ActionAccueil.php
03/01/2019 03:07:38 Entrée dans ActionClub.php
03/01/2019 03:07:39 Entrée dans ActionJoueurs.php
03/01/2019 03:07:39 Entrée dans ActionEcoleDeFoot.php
03/01/2019 03:07:40 Entrée dans ActionAgenda.php
03/01/2019 08:35:41 Entrée dans ActionSponsor.php
03/01/2019 09:31:56 Entrée dans ActionAccueil.php
03/01/2019 09:32:18 Entrée dans ActionJoueurs.php
03/01/2019 09:32:32 Entrée dans ActionJoueurs.php
03/01/2019 09:32:34 Entrée dans ActionJoueurs.php
03/01/2019 09:32:38 Entrée dans ActionClub.php
03/01/2019 09:32:47 Entrée dans ActionEvenement.php
03/01/2019 09:32:47 Entrée dans ActionEvenement.php
03/01/2019 09:32:50 Entrée dans ActionJoueurs.php
03/01/2019 09:32:51 Entrée dans ActionEcoleDeFoot.php
03/01/2019 09:32:52 Entrée dans ActionJoueurs.php
03/01/2019 09:32:54 Entrée dans ActionJoueurs.php
03/01/2019 19:30:39 Entrée dans ActionSponsor.php
03/01/2019 19:31:00 Entrée dans ActionSponsor.php
03/01/2019 19:31:14 Entrée dans ActionSponsor.php
03/01/2019 19:34:33 Entrée dans ActionSponsor.php
03/01/2019 19:36:02 Entrée dans ActionSponsor.php
03/01/2019 20:45:30 Entrée dans ActionSponsor.php
03/01/2019 20:53:40 Entrée dans ActionJoueurs.php
03/01/2019 22:13:58 Entrée dans ActionJoueurs.php
03/01/2019 22:47:24 Entrée dans ActionAccueil.php
04/01/2019 01:24:24 Entrée dans ActionAgenda.php
04/01/2019 01:47:07 Entrée dans ActionEcoleDeFoot.php
04/01/2019 02:15:02 Entrée dans ActionSponsor.php
04/01/2019 02:15:07 Entrée dans ActionAccueil.php
04/01/2019 02:15:08 Entrée dans ActionClub.php
04/01/2019 02:15:10 Entrée dans ActionJoueurs.php
04/01/2019 02:15:11 Entrée dans ActionEcoleDeFoot.php
04/01/2019 02:15:12 Entrée dans ActionAgenda.php
04/01/2019 03:49:44 Entrée dans ActionAccueil.php
04/01/2019 03:49:44 Entrée dans ActionClub.php
04/01/2019 03:49:46 Entrée dans ActionJoueurs.php
04/01/2019 03:49:47 Entrée dans ActionEcoleDeFoot.php
04/01/2019 03:49:47 Entrée dans ActionAgenda.php
04/01/2019 07:30:30 Entrée dans ActionAccueil.php
04/01/2019 07:30:31 Entrée dans ActionClub.php
04/01/2019 07:30:33 Entrée dans ActionJoueurs.php
04/01/2019 07:30:33 Entrée dans ActionEcoleDeFoot.php
04/01/2019 07:30:36 Entrée dans ActionAgenda.php
04/01/2019 10:02:49 Entrée dans ActionEcoleDeFoot.php
04/01/2019 16:36:44 Entrée dans ActionAccueil.php
04/01/2019 16:36:46 Entrée dans ActionClub.php
04/01/2019 16:36:48 Entrée dans ActionJoueurs.php
04/01/2019 16:36:50 Entrée dans ActionEcoleDeFoot.php
04/01/2019 16:36:51 Entrée dans ActionAgenda.php
05/01/2019 04:05:16 Entrée dans ActionClub.php
05/01/2019 04:50:38 Entrée dans ActionSponsor.php
05/01/2019 18:39:26 Entrée dans ActionSponsor.php
05/01/2019 21:49:53 Entrée dans ActionAccueil.php
05/01/2019 22:30:56 Entrée dans ActionAccueil.php
06/01/2019 03:46:33 Entrée dans ActionClub.php
06/01/2019 17:02:16 Entrée dans ActionAccueil.php
06/01/2019 19:32:29 Entrée dans ActionSponsor.php
06/01/2019 20:08:36 Entrée dans ActionEcoleDeFoot.php
06/01/2019 20:44:42 Entrée dans ActionClub.php
06/01/2019 22:14:55 Entrée dans ActionAccueil.php
07/01/2019 01:21:49 Entrée dans ActionAccueil.php
07/01/2019 01:21:51 Entrée dans ActionClub.php
07/01/2019 01:21:55 Entrée dans ActionJoueurs.php
07/01/2019 01:22:00 Entrée dans ActionEcoleDeFoot.php
07/01/2019 01:22:05 Entrée dans ActionAgenda.php
07/01/2019 01:22:09 Entrée dans ActionEvenement.php
07/01/2019 01:22:14 Entrée dans ActionSponsor.php
07/01/2019 04:35:31 Entrée dans ActionSponsor.php
07/01/2019 07:48:47 Entrée dans ActionAccueil.php
07/01/2019 07:48:58 Entrée dans ActionAccueil.php
07/01/2019 13:32:15 Entrée dans ActionJoueurs.php
07/01/2019 18:23:27 Entrée dans ActionJoueurs.php
07/01/2019 18:55:25 Entrée dans ActionClub.php
07/01/2019 20:56:53 Entrée dans ActionAccueil.php
08/01/2019 00:14:09 Entrée dans ActionJoueurs.php
08/01/2019 05:44:16 Entrée dans ActionClub.php
08/01/2019 08:14:37 Entrée dans ActionSponsor.php
08/01/2019 10:18:28 Entrée dans ActionAccueil.php
08/01/2019 10:18:28 Entrée dans ActionAgenda.php
08/01/2019 10:18:29 Entrée dans ActionClub.php
08/01/2019 10:18:30 Entrée dans ActionEcoleDeFoot.php
08/01/2019 10:18:31 Entrée dans ActionEvenement.php
08/01/2019 10:18:31 Entrée dans ActionJoueurs.php
08/01/2019 10:18:32 Entrée dans ActionLogin.php
08/01/2019 10:18:32 Entrée dans ActionSponsor.php
08/01/2019 10:18:32 Entrée dans AfficherPopupArticle.php
08/01/2019 10:18:32 Entrée dans AfficherPopupCompteRendu.php
08/01/2019 10:18:33 Entrée dans ActionAccueil.php
08/01/2019 10:18:33 Entrée dans RechercherArticle.php
08/01/2019 10:18:33 Entrée dans ActionAccueil.php
08/01/2019 10:18:35 Entrée dans ActionAccueil.php
08/01/2019 10:18:38 Entrée dans ActionProfil.php
08/01/2019 10:18:38 Entrée dans ActionAccueil.php
08/01/2019 10:18:39 Entrée dans ActionProfil.php
08/01/2019 10:18:39 Entrée dans ActionAccueil.php
08/01/2019 17:35:58 Entrée dans ActionJoueurs.php
08/01/2019 19:29:38 Entrée dans ActionAccueil.php
08/01/2019 19:29:41 Entrée dans ActionJoueurs.php
08/01/2019 19:29:56 Entrée dans ActionClub.php
08/01/2019 19:30:14 Entrée dans ActionEcoleDeFoot.php
08/01/2019 19:30:16 Entrée dans ActionJoueurs.php
08/01/2019 20:47:34 Entrée dans ActionJoueurs.php
08/01/2019 21:21:52 Entrée dans ActionAgenda.php
08/01/2019 22:01:43 Entrée dans ActionJoueurs.php
08/01/2019 22:20:23 Entrée dans ActionAccueil.php
09/01/2019 03:35:21 Entrée dans ActionEvenement.php
09/01/2019 07:45:20 Entrée dans ActionAgenda.php
09/01/2019 08:45:15 Entrée dans ActionAccueil.php
09/01/2019 09:02:03 Entrée dans ActionAccueil.php
09/01/2019 09:02:35 Entrée dans ActionClub.php
09/01/2019 09:02:38 Entrée dans ActionJoueurs.php
09/01/2019 09:02:40 Entrée dans ActionEcoleDeFoot.php
09/01/2019 09:02:42 Entrée dans ActionAgenda.php
09/01/2019 09:02:43 Entrée dans ActionEvenement.php
09/01/2019 09:02:45 Entrée dans ActionSponsor.php
09/01/2019 09:09:55 Entrée dans ActionClub.php
09/01/2019 10:24:51 Entrée dans ActionAccueil.php
09/01/2019 10:25:32 Entrée dans ActionAccueil.php
09/01/2019 10:25:56 Entrée dans ActionAccueil.php
09/01/2019 10:27:22 Entrée dans ActionEvenement.php
09/01/2019 10:27:35 Entrée dans ActionEcoleDeFoot.php
09/01/2019 19:56:25 Entrée dans ActionAccueil.php
09/01/2019 19:59:11 Entrée dans ActionJoueurs.php
09/01/2019 19:59:38 Entrée dans ActionJoueurs.php
09/01/2019 21:34:06 Entrée dans ActionEvenement.php
09/01/2019 21:38:36 Entrée dans ActionAccueil.php
09/01/2019 21:38:52 Entrée dans ActionEcoleDeFoot.php
10/01/2019 04:14:52 Entrée dans ActionAccueil.php
10/01/2019 04:14:53 Entrée dans ActionAgenda.php
10/01/2019 04:14:54 Entrée dans ActionClub.php
10/01/2019 04:14:55 Entrée dans ActionEcoleDeFoot.php
10/01/2019 04:14:56 Entrée dans ActionEvenement.php
10/01/2019 04:14:56 Entrée dans ActionJoueurs.php
10/01/2019 04:14:57 Entrée dans ActionLogin.php
10/01/2019 04:14:57 Entrée dans ActionSponsor.php
10/01/2019 04:14:58 Entrée dans AfficherPopupArticle.php
10/01/2019 04:14:58 Entrée dans AfficherPopupCompteRendu.php
10/01/2019 04:14:58 Entrée dans ActionAccueil.php
10/01/2019 04:14:59 Entrée dans RechercherArticle.php
10/01/2019 04:14:59 Entrée dans ActionAccueil.php
10/01/2019 04:15:01 Entrée dans ActionAccueil.php
10/01/2019 04:15:03 Entrée dans ActionProfil.php
10/01/2019 04:15:03 Entrée dans ActionAccueil.php
10/01/2019 04:15:04 Entrée dans ActionProfil.php
10/01/2019 04:15:04 Entrée dans ActionAccueil.php
10/01/2019 06:51:49 Entrée dans ActionAccueil.php
10/01/2019 07:03:30 Entrée dans ActionClub.php
10/01/2019 07:44:30 Entrée dans ActionClub.php
10/01/2019 12:00:56 Entrée dans ActionClub.php
10/01/2019 15:16:18 Entrée dans ActionAccueil.php
10/01/2019 15:16:29 Entrée dans ActionEcoleDeFoot.php
10/01/2019 16:37:13 Entrée dans ActionClub.php
10/01/2019 18:16:32 Entrée dans ActionJoueurs.php
10/01/2019 22:50:41 Entrée dans ActionAgenda.php
11/01/2019 01:14:13 Entrée dans ActionJoueurs.php
11/01/2019 08:04:19 Entrée dans ActionJoueurs.php
11/01/2019 12:29:54 Entrée dans ActionJoueurs.php
11/01/2019 13:26:44 Entrée dans ActionAccueil.php
11/01/2019 13:26:52 Entrée dans ActionClub.php
11/01/2019 13:27:11 Entrée dans ActionEcoleDeFoot.php
11/01/2019 15:43:46 Entrée dans ActionAccueil.php
11/01/2019 17:22:56 Entrée dans ActionAccueil.php
11/01/2019 17:23:02 Entrée dans ActionJoueurs.php
11/01/2019 18:50:41 Entrée dans ActionClub.php
11/01/2019 20:38:18 Entrée dans ActionAccueil.php
11/01/2019 21:34:44 Entrée dans ActionAccueil.php
11/01/2019 21:36:24 Entrée dans ActionAccueil.php
11/01/2019 21:54:17 Entrée dans ActionAccueil.php
11/01/2019 21:54:26 Entrée dans ActionClub.php
11/01/2019 21:56:11 Entrée dans ActionClub.php
11/01/2019 22:18:42 Entrée dans ActionAccueil.php
11/01/2019 22:19:21 Entrée dans ActionEvenement.php
11/01/2019 22:19:43 Entrée dans ActionClub.php
12/01/2019 01:56:19 Entrée dans ActionJoueurs.php
12/01/2019 02:37:37 Entrée dans ActionEcoleDeFoot.php
12/01/2019 03:48:27 Entrée dans ActionAgenda.php
12/01/2019 03:52:09 Entrée dans ActionAccueil.php
12/01/2019 04:13:55 Entrée dans ActionSponsor.php
12/01/2019 04:23:25 Entrée dans ActionClub.php
12/01/2019 04:48:58 Entrée dans ActionEvenement.php
12/01/2019 06:59:34 Entrée dans ActionEvenement.php
12/01/2019 09:21:35 Entrée dans ActionAccueil.php
12/01/2019 09:22:20 Entrée dans ActionEcoleDeFoot.php
12/01/2019 09:23:10 Entrée dans ActionClub.php
12/01/2019 19:49:25 Entrée dans ActionSponsor.php
12/01/2019 22:48:29 Entrée dans ActionAccueil.php
12/01/2019 23:55:19 Entrée dans ActionEcoleDeFoot.php
13/01/2019 00:02:04 Entrée dans ActionEvenement.php
13/01/2019 03:47:52 Entrée dans ActionEvenement.php
13/01/2019 10:26:18 Entrée dans ActionAccueil.php
13/01/2019 12:41:01 Entrée dans ActionAccueil.php
13/01/2019 12:41:18 Entrée dans ActionClub.php
13/01/2019 13:05:23 Entrée dans ActionAccueil.php
13/01/2019 14:23:58 Entrée dans ActionAccueil.php
13/01/2019 14:24:44 Entrée dans ActionClub.php
13/01/2019 14:25:07 Entrée dans ActionAgenda.php
13/01/2019 14:29:08 Entrée dans ActionEvenement.php
13/01/2019 14:47:12 Entrée dans ActionEcoleDeFoot.php
13/01/2019 18:06:56 Entrée dans ActionSponsor.php
13/01/2019 18:09:02 Entrée dans ActionAccueil.php
13/01/2019 19:56:05 Entrée dans ActionAccueil.php
13/01/2019 22:00:59 Entrée dans ActionClub.php
13/01/2019 22:10:47 Entrée dans ActionAccueil.php
13/01/2019 22:13:06 Entrée dans ActionJoueurs.php
13/01/2019 22:47:55 Entrée dans ActionEcoleDeFoot.php
14/01/2019 04:08:14 Entrée dans ActionAccueil.php
14/01/2019 04:08:19 Entrée dans ActionClub.php
14/01/2019 04:08:21 Entrée dans ActionJoueurs.php
14/01/2019 04:08:23 Entrée dans ActionEcoleDeFoot.php
14/01/2019 04:08:25 Entrée dans ActionAgenda.php
14/01/2019 04:08:27 Entrée dans ActionEvenement.php
14/01/2019 04:08:29 Entrée dans ActionSponsor.php
14/01/2019 07:09:45 Entrée dans ActionAgenda.php
14/01/2019 08:40:36 Entrée dans ActionAccueil.php
14/01/2019 10:32:16 Entrée dans ActionAccueil.php
14/01/2019 12:37:57 Entrée dans ActionEvenement.php
14/01/2019 15:29:23 Entrée dans ActionAccueil.php
14/01/2019 15:29:31 Entrée dans ActionJoueurs.php
14/01/2019 16:15:22 Entrée dans ActionAccueil.php
14/01/2019 16:43:31 Entrée dans ActionAccueil.php
14/01/2019 16:43:55 Entrée dans ActionJoueurs.php
14/01/2019 16:44:43 Entrée dans ActionJoueurs.php
14/01/2019 16:44:45 Entrée dans ActionClub.php
14/01/2019 16:45:37 Entrée dans ActionJoueurs.php
14/01/2019 19:01:52 Entrée dans ActionContact.php
15/01/2019 00:24:41 Entrée dans ActionSponsor.php
15/01/2019 03:29:07 Entrée dans ActionEvenement.php
15/01/2019 06:47:53 Entrée dans ActionEvenement.php
15/01/2019 09:18:40 Entrée dans ActionClub.php
15/01/2019 09:18:44 Entrée dans ActionAccueil.php
15/01/2019 17:03:48 Entrée dans ActionEcoleDeFoot.php
16/01/2019 04:44:38 Entrée dans ActionAccueil.php
16/01/2019 06:11:05 Entrée dans ActionJoueurs.php
16/01/2019 07:41:47 Entrée dans ActionAgenda.php
16/01/2019 09:17:10 Entrée dans ActionAccueil.php
16/01/2019 09:53:26 Entrée dans ActionEcoleDeFoot.php
16/01/2019 17:07:39 Entrée dans ActionJoueurs.php
16/01/2019 21:05:53 Entrée dans ActionJoueurs.php
16/01/2019 21:11:51 Entrée dans ActionSponsor.php
16/01/2019 22:43:20 Entrée dans ActionEvenement.php
17/01/2019 08:04:07 Entrée dans ActionEvenement.php
17/01/2019 08:26:26 Entrée dans ActionAgenda.php
17/01/2019 08:49:33 Entrée dans ActionEcoleDeFoot.php
17/01/2019 08:50:17 Entrée dans ActionJoueurs.php
17/01/2019 08:50:49 Entrée dans ActionClub.php
17/01/2019 08:53:06 Entrée dans ActionSponsor.php
17/01/2019 21:16:41 Entrée dans ActionJoueurs.php
18/01/2019 02:09:02 Entrée dans ActionAgenda.php
18/01/2019 07:56:33 Entrée dans ActionJoueurs.php
18/01/2019 09:55:38 Entrée dans ActionAccueil.php
18/01/2019 09:55:48 Entrée dans ActionClub.php
18/01/2019 09:55:56 Entrée dans ActionEcoleDeFoot.php
18/01/2019 09:58:03 Entrée dans ActionAgenda.php
18/01/2019 09:58:07 Entrée dans ActionEcoleDeFoot.php
18/01/2019 09:58:51 Entrée dans ActionClub.php
18/01/2019 09:58:57 Entrée dans ActionJoueurs.php
18/01/2019 10:11:16 Entrée dans ActionClub.php
18/01/2019 14:19:42 Entrée dans ActionAgenda.php
18/01/2019 15:47:49 Entrée dans ActionAgenda.php
18/01/2019 17:19:27 Entrée dans ActionAccueil.php
18/01/2019 23:11:03 Entrée dans ActionAccueil.php
18/01/2019 23:11:20 Entrée dans ActionAccueil.php
18/01/2019 23:11:27 Entrée dans ActionEcoleDeFoot.php
19/01/2019 04:56:15 Entrée dans ActionAgenda.php
19/01/2019 06:57:05 Entrée dans ActionClub.php
19/01/2019 08:22:59 Entrée dans ActionAgenda.php
19/01/2019 12:06:23 Entrée dans ActionAccueil.php
19/01/2019 15:19:36 Entrée dans ActionClub.php
19/01/2019 16:03:06 Entrée dans ActionAccueil.php
19/01/2019 16:17:50 Entrée dans ActionEvenement.php
19/01/2019 16:17:55 Entrée dans ActionEvenement.php
19/01/2019 21:44:31 Entrée dans ActionAccueil.php
19/01/2019 21:45:29 Entrée dans ActionEvenement.php
20/01/2019 01:29:56 Entrée dans ActionAccueil.php
20/01/2019 08:45:02 Entrée dans ActionAgenda.php
20/01/2019 08:45:02 Entrée dans ActionAgenda.php
20/01/2019 08:45:03 Entrée dans ActionAgenda.php
20/01/2019 08:45:03 Entrée dans ActionAccueil.php
20/01/2019 08:45:04 Entrée dans ActionClub.php
20/01/2019 08:45:05 Entrée dans ActionJoueurs.php
20/01/2019 08:45:05 Entrée dans ActionEcoleDeFoot.php
20/01/2019 08:45:05 Entrée dans ActionEvenement.php
20/01/2019 08:45:06 Entrée dans ActionSponsor.php
20/01/2019 09:35:24 Entrée dans ActionAgenda.php
20/01/2019 09:35:25 Entrée dans ActionAgenda.php
20/01/2019 09:35:25 Entrée dans ActionAgenda.php
20/01/2019 09:35:26 Entrée dans ActionAccueil.php
20/01/2019 09:35:27 Entrée dans ActionClub.php
20/01/2019 09:35:27 Entrée dans ActionJoueurs.php
20/01/2019 09:35:29 Entrée dans ActionEcoleDeFoot.php
20/01/2019 09:35:29 Entrée dans ActionEvenement.php
20/01/2019 09:35:30 Entrée dans ActionSponsor.php
20/01/2019 14:32:55 Entrée dans ActionEcoleDeFoot.php
20/01/2019 15:05:06 Entrée dans ActionClub.php
20/01/2019 16:15:31 Entrée dans ActionEvenement.php
20/01/2019 16:15:39 Entrée dans ActionSponsor.php
20/01/2019 16:43:58 Entrée dans ActionAccueil.php
20/01/2019 19:20:09 Entrée dans ActionAgenda.php
20/01/2019 19:20:09 Entrée dans ActionAgenda.php
20/01/2019 19:20:10 Entrée dans ActionAgenda.php
20/01/2019 19:20:10 Entrée dans ActionAccueil.php
20/01/2019 19:20:11 Entrée dans ActionClub.php
20/01/2019 19:20:11 Entrée dans ActionJoueurs.php
20/01/2019 19:20:12 Entrée dans ActionEcoleDeFoot.php
20/01/2019 19:20:12 Entrée dans ActionEvenement.php
20/01/2019 19:20:12 Entrée dans ActionSponsor.php
21/01/2019 00:48:03 Entrée dans ActionAccueil.php
21/01/2019 02:14:42 Entrée dans ActionEcoleDeFoot.php
21/01/2019 02:14:47 Entrée dans ActionJoueurs.php
21/01/2019 02:14:52 Entrée dans ActionEcoleDeFoot.php
21/01/2019 04:03:22 Entrée dans ActionEcoleDeFoot.php
21/01/2019 07:34:14 Entrée dans ActionClub.php
21/01/2019 07:44:03 Entrée dans ActionClub.php
21/01/2019 12:39:26 Entrée dans ActionAgenda.php
21/01/2019 12:39:27 Entrée dans ActionAgenda.php
21/01/2019 12:39:27 Entrée dans ActionAgenda.php
21/01/2019 12:39:28 Entrée dans ActionAccueil.php
21/01/2019 12:39:28 Entrée dans ActionClub.php
21/01/2019 12:39:29 Entrée dans ActionJoueurs.php
21/01/2019 12:39:29 Entrée dans ActionEcoleDeFoot.php
21/01/2019 12:39:30 Entrée dans ActionEvenement.php
21/01/2019 12:39:30 Entrée dans ActionSponsor.php
21/01/2019 16:53:46 Entrée dans ActionEcoleDeFoot.php
21/01/2019 18:27:39 Entrée dans ActionAgenda.php
21/01/2019 18:27:40 Entrée dans ActionAgenda.php
21/01/2019 18:27:41 Entrée dans ActionAgenda.php
21/01/2019 18:27:41 Entrée dans ActionAccueil.php
21/01/2019 18:27:42 Entrée dans ActionClub.php
21/01/2019 18:27:43 Entrée dans ActionJoueurs.php
21/01/2019 18:27:44 Entrée dans ActionEcoleDeFoot.php
21/01/2019 18:27:44 Entrée dans ActionEvenement.php
21/01/2019 18:27:46 Entrée dans ActionSponsor.php
21/01/2019 18:58:55 Entrée dans ActionAccueil.php
21/01/2019 22:07:20 Entrée dans ActionAgenda.php
21/01/2019 22:07:21 Entrée dans ActionAgenda.php
21/01/2019 22:07:21 Entrée dans ActionAgenda.php
21/01/2019 22:07:22 Entrée dans ActionAccueil.php
21/01/2019 22:07:22 Entrée dans ActionClub.php
21/01/2019 22:07:23 Entrée dans ActionJoueurs.php
21/01/2019 22:07:24 Entrée dans ActionEcoleDeFoot.php
21/01/2019 22:07:24 Entrée dans ActionEvenement.php
21/01/2019 22:07:24 Entrée dans ActionSponsor.php
21/01/2019 22:14:57 Entrée dans ActionAccueil.php
21/01/2019 22:26:38 Entrée dans ActionAgenda.php
21/01/2019 22:26:39 Entrée dans ActionAgenda.php
21/01/2019 22:26:41 Entrée dans ActionAgenda.php
21/01/2019 22:26:42 Entrée dans ActionAccueil.php
21/01/2019 22:26:44 Entrée dans ActionClub.php
21/01/2019 22:26:45 Entrée dans ActionJoueurs.php
21/01/2019 22:26:45 Entrée dans ActionEcoleDeFoot.php
21/01/2019 22:26:46 Entrée dans ActionEvenement.php
21/01/2019 22:26:47 Entrée dans ActionSponsor.php
22/01/2019 04:11:35 Entrée dans ActionAgenda.php
22/01/2019 04:11:36 Entrée dans ActionAgenda.php
22/01/2019 04:11:37 Entrée dans ActionAgenda.php
22/01/2019 04:11:37 Entrée dans ActionAccueil.php
22/01/2019 04:11:38 Entrée dans ActionClub.php
22/01/2019 04:11:40 Entrée dans ActionJoueurs.php
22/01/2019 04:11:41 Entrée dans ActionEcoleDeFoot.php
22/01/2019 04:11:42 Entrée dans ActionEvenement.php
22/01/2019 04:11:42 Entrée dans ActionSponsor.php
22/01/2019 05:36:49 Entrée dans ActionJoueurs.php
22/01/2019 06:48:32 Entrée dans ActionSponsor.php
22/01/2019 12:05:53 Entrée dans ActionAccueil.php
22/01/2019 12:06:52 Entrée dans ActionAccueil.php
22/01/2019 12:07:26 Entrée dans ActionAccueil.php
22/01/2019 12:08:00 Entrée dans ActionClub.php
22/01/2019 12:08:22 Entrée dans ActionAgenda.php
22/01/2019 12:08:44 Entrée dans ActionSponsor.php
22/01/2019 12:08:55 Entrée dans ActionJoueurs.php
22/01/2019 12:09:05 Entrée dans ActionClub.php
22/01/2019 12:09:17 Entrée dans ActionEvenement.php
22/01/2019 12:09:27 Entrée dans ActionAgenda.php
22/01/2019 14:23:08 Entrée dans ActionAccueil.php
22/01/2019 14:23:17 Entrée dans ActionAccueil.php
22/01/2019 16:24:31 Entrée dans ActionAccueil.php
22/01/2019 23:55:27 Entrée dans ActionAccueil.php
22/01/2019 23:55:27 Entrée dans ActionClub.php
22/01/2019 23:55:28 Entrée dans ActionJoueurs.php
22/01/2019 23:55:28 Entrée dans ActionEcoleDeFoot.php
22/01/2019 23:55:28 Entrée dans ActionAgenda.php
22/01/2019 23:55:29 Entrée dans ActionEvenement.php
22/01/2019 23:55:29 Entrée dans ActionSponsor.php
23/01/2019 03:12:42 Entrée dans ActionSponsor.php
23/01/2019 12:21:37 Entrée dans ActionJoueurs.php
23/01/2019 13:30:40 Entrée dans ActionAccueil.php
23/01/2019 13:32:21 Entrée dans ActionClub.php
23/01/2019 17:16:13 Entrée dans ActionAgenda.php
23/01/2019 19:18:01 Entrée dans ActionAccueil.php
23/01/2019 19:18:02 Entrée dans ActionAccueil.php
23/01/2019 19:18:02 Entrée dans ActionAccueil.php
23/01/2019 19:18:02 Entrée dans ActionAccueil.php
23/01/2019 19:18:02 Entrée dans ActionAccueil.php
23/01/2019 19:18:03 Entrée dans ActionAccueil.php
23/01/2019 19:18:16 Entrée dans ActionAccueil.php
23/01/2019 20:13:00 Entrée dans ActionEvenement.php
23/01/2019 20:24:42 Entrée dans ActionAccueil.php
23/01/2019 21:57:52 Entrée dans ActionEcoleDeFoot.php
24/01/2019 05:18:41 Entrée dans ActionEvenement.php
24/01/2019 07:01:23 Entrée dans ActionAccueil.php
24/01/2019 11:46:33 Entrée dans ActionAccueil.php
24/01/2019 13:41:56 Entrée dans ActionAccueil.php
24/01/2019 13:51:01 Entrée dans ActionJoueurs.php
24/01/2019 15:10:25 Entrée dans ActionAccueil.php
24/01/2019 16:28:58 Entrée dans ActionClub.php
24/01/2019 17:00:29 Entrée dans ActionClub.php
24/01/2019 22:55:36 Entrée dans ActionAgenda.php
24/01/2019 23:44:35 Entrée dans ActionJoueurs.php
25/01/2019 00:29:23 Entrée dans ActionAccueil.php
25/01/2019 04:41:00 Entrée dans ActionAccueil.php
25/01/2019 13:17:34 Entrée dans ActionJoueurs.php
25/01/2019 17:31:09 Entrée dans ActionAccueil.php
26/01/2019 00:47:55 Entrée dans ActionAccueil.php
26/01/2019 02:33:28 Entrée dans ActionAccueil.php
26/01/2019 07:35:37 Entrée dans ActionEcoleDeFoot.php
26/01/2019 08:33:27 Entrée dans ActionAgenda.php
26/01/2019 09:08:10 Entrée dans ActionAgenda.php
26/01/2019 13:43:20 Entrée dans ActionSponsor.php
26/01/2019 18:54:39 Entrée dans ActionAccueil.php
26/01/2019 20:07:52 Entrée dans ActionEcoleDeFoot.php
27/01/2019 01:30:59 Entrée dans ActionAgenda.php
27/01/2019 04:19:39 Entrée dans ActionAccueil.php
27/01/2019 06:47:49 Entrée dans ActionClub.php
27/01/2019 08:03:51 Entrée dans ActionAgenda.php
27/01/2019 10:58:01 Entrée dans ActionAccueil.php
27/01/2019 17:01:41 Entrée dans ActionSponsor.php
27/01/2019 20:21:09 Entrée dans ActionAgenda.php
27/01/2019 20:21:15 Entrée dans ActionAgenda.php
27/01/2019 20:21:28 Entrée dans ActionAgenda.php
27/01/2019 20:23:08 Entrée dans ActionAccueil.php
27/01/2019 20:24:43 Entrée dans ActionJoueurs.php
27/01/2019 20:25:09 Entrée dans ActionAgenda.php
27/01/2019 20:25:14 Entrée dans ActionAgenda.php
28/01/2019 09:58:52 Entrée dans ActionAccueil.php
28/01/2019 09:58:56 Entrée dans ActionClub.php
28/01/2019 09:58:58 Entrée dans ActionJoueurs.php
28/01/2019 09:59:00 Entrée dans ActionEcoleDeFoot.php
28/01/2019 09:59:02 Entrée dans ActionAgenda.php
28/01/2019 09:59:05 Entrée dans ActionEvenement.php
28/01/2019 09:59:07 Entrée dans ActionSponsor.php
28/01/2019 12:15:00 Entrée dans ActionContact.php
28/01/2019 12:40:15 Entrée dans ActionJoueurs.php
28/01/2019 13:13:01 Entrée dans ActionAccueil.php
28/01/2019 17:48:20 Entrée dans ActionAccueil.php
28/01/2019 19:48:09 Entrée dans ActionEvenement.php
29/01/2019 09:21:04 Entrée dans ActionAccueil.php
29/01/2019 11:50:51 Entrée dans ActionSponsor.php
29/01/2019 14:39:03 Entrée dans ActionAccueil.php
29/01/2019 14:39:12 Entrée dans ActionJoueurs.php
29/01/2019 14:39:34 Entrée dans ActionClub.php
29/01/2019 14:39:41 Entrée dans ActionJoueurs.php
29/01/2019 15:55:24 Entrée dans ActionEcoleDeFoot.php
29/01/2019 17:22:00 Entrée dans ActionAccueil.php
29/01/2019 20:31:36 Entrée dans ActionAccueil.php
30/01/2019 02:09:28 Entrée dans ActionEvenement.php
30/01/2019 09:58:50 Entrée dans ActionJoueurs.php
30/01/2019 09:59:22 Entrée dans ActionSponsor.php
30/01/2019 10:56:46 Entrée dans ActionAccueil.php
30/01/2019 10:57:39 Entrée dans ActionLogin.php
30/01/2019 10:57:39 Authentification de bpigeot.
30/01/2019 10:57:40 Entrée dans ActionProfil.php
30/01/2019 18:31:39 Entrée dans ActionSponsor.php
30/01/2019 23:23:30 Entrée dans ActionClub.php
30/01/2019 23:39:40 Entrée dans ActionAccueil.php
31/01/2019 00:32:31 Entrée dans ActionAccueil.php
31/01/2019 02:42:58 Entrée dans ActionEvenement.php
31/01/2019 04:05:58 Entrée dans ActionJoueurs.php
31/01/2019 10:50:08 Entrée dans ActionAccueil.php
31/01/2019 10:50:24 Entrée dans ActionClub.php
31/01/2019 10:50:34 Entrée dans ActionEcoleDeFoot.php
31/01/2019 10:50:49 Entrée dans ActionAccueil.php
31/01/2019 10:50:50 Entrée dans ActionClub.php
31/01/2019 10:50:51 Entrée dans ActionClub.php
31/01/2019 10:50:52 Entrée dans ActionAccueil.php
31/01/2019 12:55:46 Entrée dans ActionAccueil.php
31/01/2019 12:55:55 Entrée dans ActionClub.php
31/01/2019 12:55:55 Entrée dans ActionEvenement.php
31/01/2019 13:41:41 Entrée dans ActionAgenda.php
31/01/2019 15:30:41 Entrée dans ActionEvenement.php
31/01/2019 20:01:28 Entrée dans ActionAccueil.php
