01/09/2018 00:09:44 Entrée dans ActionSponsor.php
01/09/2018 07:22:44 Entrée dans ActionSponsor.php
01/09/2018 11:26:51 Entrée dans ActionAccueil.php
01/09/2018 15:24:06 Entrée dans ActionClub.php
01/09/2018 16:30:36 Entrée dans ActionAccueil.php
01/09/2018 17:42:08 Entrée dans ActionAccueil.php
01/09/2018 18:13:34 Entrée dans ActionAccueil.php
01/09/2018 18:13:42 Entrée dans ActionAgenda.php
01/09/2018 22:52:53 Entrée dans ActionAccueil.php
02/09/2018 09:10:07 Entrée dans ActionAccueil.php
02/09/2018 09:10:19 Entrée dans ActionEcoleDeFoot.php
02/09/2018 09:11:56 Entrée dans ActionAgenda.php
02/09/2018 09:14:19 Entrée dans ActionAccueil.php
02/09/2018 09:14:22 Entrée dans ActionAgenda.php
02/09/2018 09:14:35 Entrée dans ActionAgenda.php
02/09/2018 09:14:42 Entrée dans ActionAccueil.php
02/09/2018 09:14:45 Entrée dans ActionEcoleDeFoot.php
02/09/2018 10:18:39 Entrée dans ActionAccueil.php
02/09/2018 11:06:25 Entrée dans ActionJoueurs.php
02/09/2018 11:46:27 Entrée dans ActionAccueil.php
02/09/2018 11:48:30 Entrée dans ActionAccueil.php
02/09/2018 11:48:56 Entrée dans ActionJoueurs.php
02/09/2018 11:49:29 Entrée dans ActionEvenement.php
02/09/2018 11:49:30 Entrée dans ActionEvenement.php
02/09/2018 11:49:37 Entrée dans ActionClub.php
02/09/2018 11:50:26 Entrée dans ActionAccueil.php
02/09/2018 11:51:13 Entrée dans ActionContact.php
02/09/2018 11:51:13 Entrée dans ActionContact.php
02/09/2018 16:23:52 Entrée dans ActionAccueil.php
02/09/2018 18:10:30 Entrée dans ActionAccueil.php
02/09/2018 19:29:33 Entrée dans ActionAccueil.php
02/09/2018 20:44:53 Entrée dans ActionAccueil.php
03/09/2018 11:39:18 Entrée dans ActionContact.php
03/09/2018 11:46:57 Entrée dans ActionAccueil.php
03/09/2018 12:09:57 Entrée dans ActionAccueil.php
03/09/2018 13:39:18 Entrée dans ActionAccueil.php
03/09/2018 14:17:08 Entrée dans ActionAccueil.php
03/09/2018 14:17:13 Entrée dans ActionLogin.php
03/09/2018 14:17:13 Authentification de tsutter.
03/09/2018 14:17:13 Entrée dans ActionProfil.php
03/09/2018 14:17:20 Entrée dans GestionResultats.php
03/09/2018 14:17:58 Entrée dans GestionResultats.php
03/09/2018 14:18:01 Entrée dans ActionAccueil.php
03/09/2018 15:35:53 Entrée dans ActionAccueil.php
03/09/2018 16:12:21 Entrée dans ActionAccueil.php
03/09/2018 16:28:35 Entrée dans ActionAccueil.php
03/09/2018 16:28:36 Entrée dans ActionJoueurs.php
03/09/2018 16:28:37 Entrée dans ActionEcoleDeFoot.php
03/09/2018 16:28:38 Entrée dans ActionEvenement.php
03/09/2018 16:28:39 Entrée dans ActionAgenda.php
03/09/2018 16:28:41 Entrée dans ActionSponsor.php
03/09/2018 16:28:41 Entrée dans ActionClub.php
03/09/2018 16:28:43 Entrée dans ActionAccueil.php
03/09/2018 16:28:43 Entrée dans ActionJoueurs.php
03/09/2018 16:28:44 Entrée dans ActionEcoleDeFoot.php
03/09/2018 16:28:45 Entrée dans ActionEvenement.php
03/09/2018 16:28:46 Entrée dans ActionAgenda.php
03/09/2018 16:28:47 Entrée dans ActionSponsor.php
03/09/2018 16:28:48 Entrée dans ActionClub.php
03/09/2018 16:36:04 Entrée dans ActionAccueil.php
03/09/2018 18:24:34 Entrée dans ActionAccueil.php
03/09/2018 18:32:04 Entrée dans ActionAccueil.php
03/09/2018 18:33:12 Entrée dans ActionLogin.php
03/09/2018 18:33:12 Authentification de tsutter.
03/09/2018 18:33:13 Entrée dans ActionProfil.php
03/09/2018 18:33:15 Entrée dans GestionResultats.php
03/09/2018 18:33:22 Entrée dans GestionResultats.php
03/09/2018 18:34:21 Entrée dans ActionAccueil.php
03/09/2018 18:34:26 Entrée dans ActionJoueurs.php
03/09/2018 18:34:36 Entrée dans ActionClub.php
03/09/2018 18:39:10 Entrée dans ActionAccueil.php
03/09/2018 18:39:42 Entrée dans ActionClub.php
03/09/2018 18:39:44 Entrée dans ActionEcoleDeFoot.php
03/09/2018 18:39:48 Entrée dans ActionAgenda.php
03/09/2018 18:39:58 Entrée dans ActionClub.php
03/09/2018 18:40:10 Entrée dans ActionClub.php
03/09/2018 18:52:56 Entrée dans ActionClub.php
03/09/2018 18:55:54 Entrée dans ActionPartenaire.php
03/09/2018 22:08:48 Entrée dans ActionAccueil.php
03/09/2018 22:26:17 Entrée dans ActionAccueil.php
03/09/2018 22:26:29 Entrée dans ActionAccueil.php
03/09/2018 22:26:34 Entrée dans ActionEcoleDeFoot.php
03/09/2018 23:35:23 Entrée dans ActionAccueil.php
04/09/2018 11:29:38 Entrée dans ActionAccueil.php
04/09/2018 11:30:07 Entrée dans ActionAgenda.php
04/09/2018 11:30:27 Entrée dans ActionEcoleDeFoot.php
04/09/2018 11:31:25 Entrée dans ActionClub.php
04/09/2018 11:31:58 Entrée dans ActionClub.php
04/09/2018 11:32:06 Entrée dans ActionEvenement.php
04/09/2018 11:32:22 Entrée dans ActionAgenda.php
04/09/2018 11:32:37 Entrée dans ActionAgenda.php
04/09/2018 11:32:55 Entrée dans ActionAgenda.php
04/09/2018 12:51:34 Entrée dans ActionAccueil.php
04/09/2018 12:52:20 Entrée dans ActionClub.php
04/09/2018 12:54:16 Entrée dans ActionEcoleDeFoot.php
04/09/2018 16:12:44 Entrée dans ActionContact.php
04/09/2018 18:05:51 Entrée dans ActionAccueil.php
04/09/2018 18:06:11 Entrée dans ActionEcoleDeFoot.php
04/09/2018 18:06:30 Entrée dans ActionEcoleDeFoot.php
04/09/2018 18:44:46 Entrée dans ActionAccueil.php
04/09/2018 18:45:10 Entrée dans ActionJoueurs.php
04/09/2018 18:45:46 Entrée dans ActionClub.php
04/09/2018 19:44:19 Entrée dans ActionAccueil.php
04/09/2018 19:44:19 Entrée dans ActionAccueil.php
05/09/2018 01:58:32 Entrée dans ActionAccueil.php
05/09/2018 01:58:32 Entrée dans ActionAccueil.php
05/09/2018 01:58:53 Entrée dans ActionLogin.php
05/09/2018 01:59:09 Entrée dans ActionLogin.php
05/09/2018 08:10:31 Entrée dans ActionAccueil.php
05/09/2018 10:55:04 Entrée dans ActionAccueil.php
05/09/2018 10:55:22 Entrée dans ActionAgenda.php
05/09/2018 10:55:42 Entrée dans ActionAgenda.php
05/09/2018 10:55:53 Entrée dans ActionAgenda.php
05/09/2018 10:55:56 Entrée dans ActionAgenda.php
05/09/2018 10:56:03 Entrée dans ActionEvenement.php
05/09/2018 10:56:05 Entrée dans ActionJoueurs.php
05/09/2018 11:38:39 Entrée dans ActionAccueil.php
05/09/2018 11:38:54 Entrée dans ActionEcoleDeFoot.php
05/09/2018 15:35:16 Entrée dans ActionAccueil.php
05/09/2018 15:35:48 Entrée dans ActionClub.php
05/09/2018 15:36:15 Entrée dans ActionEcoleDeFoot.php
05/09/2018 19:55:22 Entrée dans ActionAccueil.php
05/09/2018 21:03:13 Entrée dans ActionAgenda.php
05/09/2018 21:37:32 Entrée dans ActionAccueil.php
05/09/2018 21:37:47 Entrée dans ActionClub.php
05/09/2018 21:52:24 Entrée dans ActionAccueil.php
05/09/2018 22:35:57 Entrée dans ActionAccueil.php
06/09/2018 00:18:39 Entrée dans ActionAgenda.php
06/09/2018 00:18:43 Entrée dans ActionClub.php
06/09/2018 00:18:43 Entrée dans ActionAccueil.php
06/09/2018 00:18:43 Entrée dans ActionEcoleDeFoot.php
06/09/2018 04:15:25 Entrée dans ActionEcoleDeFoot.php
06/09/2018 04:33:15 Entrée dans ActionEvenement.php
06/09/2018 11:23:19 Entrée dans ActionAccueil.php
06/09/2018 11:23:29 Entrée dans ActionEcoleDeFoot.php
06/09/2018 11:30:18 Entrée dans ActionAccueil.php
06/09/2018 11:30:48 Entrée dans ActionAgenda.php
06/09/2018 11:30:55 Entrée dans ActionEcoleDeFoot.php
06/09/2018 11:45:51 Entrée dans ActionAccueil.php
06/09/2018 11:46:02 Entrée dans ActionEcoleDeFoot.php
06/09/2018 11:46:24 Entrée dans ActionAgenda.php
06/09/2018 11:46:30 Entrée dans ActionAccueil.php
06/09/2018 11:47:12 Entrée dans ActionAccueil.php
06/09/2018 12:04:10 Entrée dans ActionEcoleDeFoot.php
06/09/2018 15:04:29 Entrée dans ActionAccueil.php
06/09/2018 15:05:43 Entrée dans ActionClub.php
06/09/2018 15:06:19 Entrée dans ActionClub.php
06/09/2018 15:06:21 Entrée dans ActionJoueurs.php
06/09/2018 15:07:17 Entrée dans ActionEcoleDeFoot.php
06/09/2018 15:07:35 Entrée dans ActionEcoleDeFoot.php
06/09/2018 15:07:38 Entrée dans ActionAgenda.php
06/09/2018 15:08:03 Entrée dans ActionEvenement.php
06/09/2018 15:08:25 Entrée dans ActionSponsor.php
06/09/2018 15:09:08 Entrée dans ActionAccueil.php
06/09/2018 19:13:54 Entrée dans ActionClub.php
06/09/2018 19:25:59 Entrée dans ActionSponsor.php
06/09/2018 20:14:57 Entrée dans ActionEvenement.php
06/09/2018 20:25:36 Entrée dans ActionAgenda.php
06/09/2018 20:44:17 Entrée dans ActionAgenda.php
06/09/2018 20:51:41 Entrée dans ActionAccueil.php
06/09/2018 21:56:55 Entrée dans ActionAccueil.php
06/09/2018 22:32:29 Entrée dans ActionAccueil.php
06/09/2018 22:32:31 Entrée dans ActionAgenda.php
06/09/2018 22:32:32 Entrée dans ActionClub.php
06/09/2018 22:32:33 Entrée dans ActionEcoleDeFoot.php
06/09/2018 22:32:33 Entrée dans ActionEvenement.php
06/09/2018 22:32:33 Entrée dans ActionJoueurs.php
06/09/2018 22:32:34 Entrée dans ActionLogin.php
06/09/2018 22:32:34 Entrée dans ActionSponsor.php
06/09/2018 22:32:34 Entrée dans AfficherPopupArticle.php
06/09/2018 22:32:34 Entrée dans AfficherPopupCompteRendu.php
06/09/2018 22:32:35 Entrée dans ActionAccueil.php
06/09/2018 22:32:36 Entrée dans RechercherArticle.php
06/09/2018 22:32:36 Entrée dans ActionAccueil.php
06/09/2018 22:32:37 Entrée dans ActionAccueil.php
06/09/2018 22:32:38 Entrée dans ActionProfil.php
06/09/2018 22:32:39 Entrée dans ActionAccueil.php
06/09/2018 22:32:39 Entrée dans ActionProfil.php
06/09/2018 22:32:39 Entrée dans ActionAccueil.php
06/09/2018 22:50:53 Entrée dans ActionAccueil.php
06/09/2018 23:15:17 Entrée dans ActionAccueil.php
06/09/2018 23:17:14 Entrée dans ActionLogin.php
06/09/2018 23:17:14 Authentification de fgastrini.
06/09/2018 23:17:14 Entrée dans ActionProfil.php
06/09/2018 23:17:33 Entrée dans ActionMembre.php
06/09/2018 23:17:41 Entrée dans ActionMembre.php
06/09/2018 23:18:13 Entrée dans ActionRencontre.php
06/09/2018 23:18:34 Entrée dans RechercherEquipe.php
06/09/2018 23:18:39 Entrée dans RechercherCompetitionEquipe.php
06/09/2018 23:19:16 Entrée dans ActionRencontre.php
06/09/2018 23:19:35 Entrée dans ActionConvocation.php
06/09/2018 23:20:28 Entrée dans ActionRencontre.php
06/09/2018 23:20:47 Entrée dans ActionArticle.php
06/09/2018 23:21:13 Entrée dans ActionProfil.php
06/09/2018 23:21:36 Entrée dans ActionAccueil.php
06/09/2018 23:21:50 Entrée dans ActionProfil.php
06/09/2018 23:21:52 Entrée dans ActionAccueil.php
06/09/2018 23:21:53 Entrée dans ActionAccueil.php
06/09/2018 23:51:07 Entrée dans ActionAccueil.php
06/09/2018 23:51:10 Entrée dans ActionClub.php
06/09/2018 23:51:12 Entrée dans ActionJoueurs.php
06/09/2018 23:51:15 Entrée dans ActionEcoleDeFoot.php
07/09/2018 00:13:01 Entrée dans ActionEcoleDeFoot.php
07/09/2018 08:30:44 Entrée dans ActionAccueil.php
07/09/2018 08:30:45 Entrée dans ActionAgenda.php
07/09/2018 08:30:46 Entrée dans ActionClub.php
07/09/2018 08:30:46 Entrée dans ActionEcoleDeFoot.php
07/09/2018 08:30:47 Entrée dans ActionEvenement.php
07/09/2018 08:30:48 Entrée dans ActionJoueurs.php
07/09/2018 08:30:48 Entrée dans ActionLogin.php
07/09/2018 08:30:48 Entrée dans ActionSponsor.php
07/09/2018 08:30:48 Entrée dans AfficherPopupArticle.php
07/09/2018 08:30:48 Entrée dans AfficherPopupCompteRendu.php
07/09/2018 08:30:49 Entrée dans ActionAccueil.php
07/09/2018 08:30:49 Entrée dans RechercherArticle.php
07/09/2018 08:30:49 Entrée dans ActionAccueil.php
07/09/2018 08:30:50 Entrée dans ActionAccueil.php
07/09/2018 08:30:51 Entrée dans ActionProfil.php
07/09/2018 08:30:52 Entrée dans ActionAccueil.php
07/09/2018 08:30:52 Entrée dans ActionProfil.php
07/09/2018 08:30:52 Entrée dans ActionAccueil.php
07/09/2018 11:36:25 Entrée dans ActionAccueil.php
07/09/2018 19:53:40 Entrée dans ActionClub.php
07/09/2018 20:33:38 Entrée dans ActionAccueil.php
07/09/2018 20:33:56 Entrée dans ActionAgenda.php
07/09/2018 20:51:02 Entrée dans ActionAccueil.php
07/09/2018 21:42:08 Entrée dans ActionAccueil.php
07/09/2018 22:13:30 Entrée dans ActionAccueil.php
07/09/2018 22:13:53 Entrée dans ActionAccueil.php
07/09/2018 22:13:58 Entrée dans ActionClub.php
07/09/2018 22:14:05 Entrée dans ActionJoueurs.php
07/09/2018 22:14:14 Entrée dans ActionAgenda.php
07/09/2018 23:11:00 Entrée dans ActionAccueil.php
07/09/2018 23:11:08 Entrée dans ActionLogin.php
07/09/2018 23:11:09 Authentification de tsutter.
07/09/2018 23:11:09 Entrée dans ActionProfil.php
07/09/2018 23:11:14 Entrée dans ActionMembre.php
07/09/2018 23:11:26 Entrée dans ActionEquipe.php
08/09/2018 00:49:28 Entrée dans ActionAccueil.php
08/09/2018 00:49:41 Entrée dans ActionEcoleDeFoot.php
08/09/2018 07:38:09 Entrée dans ActionClub.php
08/09/2018 10:29:46 Entrée dans ActionJoueurs.php
08/09/2018 12:36:16 Entrée dans ActionClub.php
08/09/2018 13:00:35 Entrée dans ActionAgenda.php
08/09/2018 13:00:37 Entrée dans ActionAgenda.php
08/09/2018 15:20:02 Entrée dans ActionAccueil.php
08/09/2018 15:35:20 Entrée dans ActionAccueil.php
08/09/2018 15:35:52 Entrée dans ActionClub.php
08/09/2018 15:36:15 Entrée dans ActionEcoleDeFoot.php
08/09/2018 15:36:52 Entrée dans ActionClub.php
08/09/2018 15:37:12 Entrée dans ActionEcoleDeFoot.php
08/09/2018 15:37:21 Entrée dans ActionAgenda.php
08/09/2018 15:38:09 Entrée dans ActionAccueil.php
08/09/2018 16:40:51 Entrée dans ActionAccueil.php
08/09/2018 16:41:10 Entrée dans ActionJoueurs.php
08/09/2018 17:09:19 Entrée dans ActionEcoleDeFoot.php
08/09/2018 20:04:13 Entrée dans ActionEcoleDeFoot.php
08/09/2018 22:32:47 Entrée dans ActionAccueil.php
08/09/2018 22:33:12 Entrée dans ActionClub.php
08/09/2018 22:35:37 Entrée dans ActionEcoleDeFoot.php
08/09/2018 22:48:29 Entrée dans ActionJoueurs.php
08/09/2018 23:15:12 Entrée dans ActionAccueil.php
08/09/2018 23:33:19 Entrée dans ActionEcoleDeFoot.php
09/09/2018 00:03:39 Entrée dans ActionContact.php
09/09/2018 00:13:54 Entrée dans ActionAccueil.php
09/09/2018 03:14:54 Entrée dans ActionClub.php
09/09/2018 04:38:02 Entrée dans ActionAgenda.php
09/09/2018 04:38:34 Entrée dans ActionClub.php
09/09/2018 04:39:12 Entrée dans ActionEcoleDeFoot.php
09/09/2018 04:39:41 Entrée dans ActionEvenement.php
09/09/2018 04:40:22 Entrée dans ActionJoueurs.php
09/09/2018 04:41:37 Entrée dans ActionSponsor.php
09/09/2018 04:52:38 Entrée dans ActionAccueil.php
09/09/2018 06:11:56 Entrée dans ActionAccueil.php
09/09/2018 08:56:39 Entrée dans ActionAccueil.php
09/09/2018 09:12:24 Entrée dans ActionAccueil.php
09/09/2018 09:58:21 Entrée dans ActionAccueil.php
09/09/2018 10:04:34 Entrée dans ActionAccueil.php
09/09/2018 10:21:09 Entrée dans ActionAccueil.php
09/09/2018 13:36:47 Entrée dans ActionAccueil.php
09/09/2018 13:36:56 Entrée dans ActionAccueil.php
09/09/2018 13:37:21 Entrée dans ActionJoueurs.php
09/09/2018 13:38:00 Entrée dans ActionClub.php
09/09/2018 13:38:35 Entrée dans ActionAgenda.php
09/09/2018 13:38:45 Entrée dans ActionAgenda.php
09/09/2018 13:38:57 Entrée dans ActionAgenda.php
09/09/2018 14:08:31 Entrée dans ActionAccueil.php
09/09/2018 14:08:38 Entrée dans ActionLogin.php
09/09/2018 14:08:38 Authentification de tsutter.
09/09/2018 14:08:40 Entrée dans ActionProfil.php
09/09/2018 14:08:48 Entrée dans GestionResultats.php
09/09/2018 14:09:03 Entrée dans GestionResultats.php
09/09/2018 14:09:14 Entrée dans ActionAccueil.php
09/09/2018 15:48:34 Entrée dans ActionAccueil.php
09/09/2018 16:36:54 Entrée dans ActionAccueil.php
09/09/2018 16:59:58 Entrée dans ActionAccueil.php
09/09/2018 17:02:13 Entrée dans ActionClub.php
09/09/2018 17:22:03 Entrée dans ActionAccueil.php
09/09/2018 17:22:04 Entrée dans ActionClub.php
09/09/2018 17:22:04 Entrée dans RechercherArticle.php
09/09/2018 17:22:05 Entrée dans ActionAccueil.php
09/09/2018 17:22:05 Entrée dans ActionJoueurs.php
09/09/2018 17:22:05 Entrée dans ActionEcoleDeFoot.php
09/09/2018 17:22:05 Entrée dans ActionAgenda.php
09/09/2018 17:22:06 Entrée dans ActionEvenement.php
09/09/2018 17:22:06 Entrée dans ActionSponsor.php
09/09/2018 17:54:33 Entrée dans ActionEvenement.php
09/09/2018 17:55:50 Entrée dans ActionAccueil.php
09/09/2018 17:55:52 Entrée dans RechercherArticle.php
09/09/2018 17:55:53 Entrée dans ActionClub.php
09/09/2018 17:55:53 Entrée dans ActionAccueil.php
09/09/2018 17:55:53 Entrée dans ActionJoueurs.php
09/09/2018 17:55:55 Entrée dans ActionEcoleDeFoot.php
09/09/2018 17:55:55 Entrée dans ActionAgenda.php
09/09/2018 17:55:56 Entrée dans ActionEvenement.php
09/09/2018 17:55:58 Entrée dans ActionSponsor.php
09/09/2018 17:56:06 Entrée dans ActionSponsor.php
09/09/2018 17:56:15 Entrée dans ActionAccueil.php
09/09/2018 18:46:40 Entrée dans ActionContact.php
09/09/2018 20:30:38 Entrée dans ActionAccueil.php
09/09/2018 20:32:30 Entrée dans ActionEcoleDeFoot.php
09/09/2018 20:48:15 Entrée dans ActionAccueil.php
09/09/2018 21:19:18 Entrée dans ActionClub.php
09/09/2018 21:33:24 Entrée dans ActionAccueil.php
09/09/2018 21:43:10 Entrée dans ActionEvenement.php
09/09/2018 23:30:04 Entrée dans ActionAccueil.php
10/09/2018 01:14:44 Entrée dans ActionJoueurs.php
10/09/2018 06:21:19 Entrée dans ActionSponsor.php
10/09/2018 07:32:07 Entrée dans ActionAccueil.php
10/09/2018 07:32:11 Entrée dans ActionClub.php
10/09/2018 07:32:13 Entrée dans ActionJoueurs.php
10/09/2018 07:32:15 Entrée dans ActionEcoleDeFoot.php
10/09/2018 07:32:17 Entrée dans ActionAgenda.php
10/09/2018 07:32:20 Entrée dans ActionEvenement.php
10/09/2018 07:32:22 Entrée dans ActionSponsor.php
10/09/2018 07:47:46 Entrée dans ActionClub.php
10/09/2018 08:32:59 Entrée dans ActionSponsor.php
10/09/2018 10:46:04 Entrée dans ActionAccueil.php
10/09/2018 10:46:12 Entrée dans ActionJoueurs.php
10/09/2018 10:46:30 Entrée dans ActionAgenda.php
10/09/2018 10:46:38 Entrée dans ActionAgenda.php
10/09/2018 10:46:50 Entrée dans ActionAccueil.php
10/09/2018 11:17:57 Entrée dans ActionAccueil.php
10/09/2018 11:18:33 Entrée dans ActionJoueurs.php
10/09/2018 13:47:07 Entrée dans ActionAccueil.php
10/09/2018 13:58:01 Entrée dans ActionEcoleDeFoot.php
10/09/2018 15:20:29 Entrée dans ActionAccueil.php
10/09/2018 16:48:34 Entrée dans ActionAccueil.php
10/09/2018 16:48:38 Entrée dans ActionAccueil.php
10/09/2018 16:48:46 Entrée dans ActionLogin.php
10/09/2018 16:48:46 Authentification de tsutter.
10/09/2018 16:48:47 Entrée dans ActionProfil.php
10/09/2018 16:48:51 Entrée dans GestionResultats.php
10/09/2018 16:49:23 Entrée dans GestionResultats.php
10/09/2018 16:49:30 Entrée dans ActionAccueil.php
10/09/2018 17:38:14 Entrée dans ActionAccueil.php
10/09/2018 18:34:26 Entrée dans ActionAccueil.php
10/09/2018 18:35:31 Entrée dans ActionEcoleDeFoot.php
10/09/2018 20:16:52 Entrée dans ActionAccueil.php
10/09/2018 21:51:54 Entrée dans ActionEcoleDeFoot.php
11/09/2018 00:46:17 Entrée dans ActionAccueil.php
11/09/2018 01:26:02 Entrée dans ActionJoueurs.php
11/09/2018 04:10:37 Entrée dans ActionSponsor.php
11/09/2018 05:02:24 Entrée dans ActionClub.php
11/09/2018 05:40:30 Entrée dans ActionJoueurs.php
11/09/2018 05:40:32 Entrée dans ActionAgenda.php
11/09/2018 06:21:06 Entrée dans ActionAccueil.php
11/09/2018 06:48:56 Entrée dans ActionEvenement.php
11/09/2018 07:17:22 Entrée dans ActionJoueurs.php
11/09/2018 10:26:03 Entrée dans ActionEcoleDeFoot.php
11/09/2018 12:47:40 Entrée dans ActionAccueil.php
11/09/2018 12:48:23 Entrée dans ActionEcoleDeFoot.php
11/09/2018 12:49:06 Entrée dans ActionSponsor.php
11/09/2018 12:49:10 Entrée dans ActionEvenement.php
11/09/2018 13:03:44 Entrée dans ActionAccueil.php
11/09/2018 13:04:14 Entrée dans ActionJoueurs.php
11/09/2018 13:04:29 Entrée dans ActionAgenda.php
11/09/2018 13:04:42 Entrée dans ActionAgenda.php
11/09/2018 13:05:07 Entrée dans ActionClub.php
11/09/2018 13:05:24 Entrée dans ActionJoueurs.php
11/09/2018 13:05:46 Entrée dans ActionEvenement.php
11/09/2018 13:42:04 Entrée dans ActionAccueil.php
11/09/2018 13:42:51 Entrée dans ActionJoueurs.php
11/09/2018 13:43:05 Entrée dans ActionClub.php
11/09/2018 13:43:50 Entrée dans ActionEvenement.php
11/09/2018 13:44:04 Entrée dans ActionAgenda.php
11/09/2018 14:04:43 Entrée dans ActionAgenda.php
11/09/2018 14:25:33 Entrée dans ActionAccueil.php
11/09/2018 14:26:01 Entrée dans ActionClub.php
11/09/2018 14:41:54 Entrée dans ActionAccueil.php
11/09/2018 14:42:03 Entrée dans ActionEcoleDeFoot.php
11/09/2018 14:42:15 Entrée dans ActionEcoleDeFoot.php
11/09/2018 15:28:55 Entrée dans ActionSponsor.php
11/09/2018 17:07:14 Entrée dans ActionAccueil.php
11/09/2018 20:15:05 Entrée dans ActionJoueurs.php
11/09/2018 21:51:31 Entrée dans ActionAccueil.php
11/09/2018 23:27:10 Entrée dans ActionAccueil.php
11/09/2018 23:27:56 Entrée dans ActionEcoleDeFoot.php
12/09/2018 00:05:10 Entrée dans ActionAgenda.php
12/09/2018 00:53:13 Entrée dans ActionAccueil.php
12/09/2018 03:12:02 Entrée dans ActionEvenement.php
12/09/2018 03:59:21 Entrée dans ActionEvenement.php
12/09/2018 06:07:52 Entrée dans ActionAccueil.php
12/09/2018 06:20:47 Entrée dans ActionJoueurs.php
12/09/2018 08:53:33 Entrée dans ActionAccueil.php
12/09/2018 10:42:53 Entrée dans ActionAccueil.php
12/09/2018 11:05:09 Entrée dans ActionAgenda.php
12/09/2018 12:31:20 Entrée dans ActionAgenda.php
12/09/2018 13:17:27 Entrée dans ActionAccueil.php
12/09/2018 13:34:49 Entrée dans ActionAccueil.php
12/09/2018 13:36:19 Entrée dans ActionEcoleDeFoot.php
12/09/2018 13:37:19 Entrée dans ActionEcoleDeFoot.php
12/09/2018 14:19:21 Entrée dans ActionAccueil.php
12/09/2018 14:19:27 Entrée dans ActionAccueil.php
12/09/2018 14:19:41 Entrée dans ActionAccueil.php
12/09/2018 14:19:43 Entrée dans ActionAccueil.php
12/09/2018 14:20:09 Entrée dans ActionAccueil.php
12/09/2018 14:42:22 Entrée dans ActionEcoleDeFoot.php
12/09/2018 16:14:08 Entrée dans ActionAccueil.php
12/09/2018 18:16:46 Entrée dans ActionAccueil.php
13/09/2018 07:51:58 Entrée dans ActionEvenement.php
13/09/2018 07:51:58 Entrée dans ActionJoueurs.php
13/09/2018 07:52:01 Entrée dans ActionSponsor.php
13/09/2018 10:53:32 Entrée dans ActionAccueil.php
13/09/2018 14:55:09 Entrée dans ActionEvenement.php
13/09/2018 14:58:22 Entrée dans ActionAccueil.php
13/09/2018 14:59:30 Entrée dans ActionEcoleDeFoot.php
13/09/2018 14:59:52 Entrée dans ActionClub.php
13/09/2018 16:45:32 Entrée dans ActionAccueil.php
13/09/2018 16:47:49 Entrée dans ActionAccueil.php
13/09/2018 16:47:57 Entrée dans ActionClub.php
13/09/2018 16:48:03 Entrée dans ActionEcoleDeFoot.php
13/09/2018 17:07:25 Entrée dans ActionAccueil.php
13/09/2018 17:10:15 Entrée dans ActionAccueil.php
13/09/2018 18:20:42 Entrée dans ActionAccueil.php
13/09/2018 22:36:40 Entrée dans ActionAccueil.php
13/09/2018 22:36:41 Entrée dans ActionAgenda.php
13/09/2018 22:36:45 Entrée dans ActionClub.php
13/09/2018 22:36:45 Entrée dans ActionEcoleDeFoot.php
13/09/2018 22:36:49 Entrée dans ActionEvenement.php
13/09/2018 22:36:49 Entrée dans ActionJoueurs.php
13/09/2018 22:36:50 Entrée dans ActionLogin.php
13/09/2018 22:36:50 Entrée dans ActionSponsor.php
13/09/2018 22:36:53 Entrée dans AfficherPopupArticle.php
13/09/2018 22:36:53 Entrée dans AfficherPopupCompteRendu.php
13/09/2018 22:36:53 Entrée dans ActionAccueil.php
13/09/2018 22:36:57 Entrée dans RechercherArticle.php
13/09/2018 22:36:57 Entrée dans ActionAccueil.php
13/09/2018 22:37:02 Entrée dans ActionAccueil.php
13/09/2018 22:37:15 Entrée dans ActionProfil.php
13/09/2018 22:37:19 Entrée dans ActionAccueil.php
13/09/2018 22:37:19 Entrée dans ActionProfil.php
13/09/2018 22:37:21 Entrée dans ActionAccueil.php
14/09/2018 08:59:02 Entrée dans ActionAccueil.php
14/09/2018 11:06:11 Entrée dans ActionAccueil.php
14/09/2018 14:43:26 Entrée dans ActionAccueil.php
14/09/2018 14:48:40 Entrée dans ActionAccueil.php
14/09/2018 17:37:19 Entrée dans ActionAccueil.php
14/09/2018 17:55:20 Entrée dans ActionAccueil.php
14/09/2018 17:55:22 Entrée dans ActionLogin.php
14/09/2018 17:55:22 Authentification de tsutter.
14/09/2018 17:55:23 Entrée dans ActionProfil.php
14/09/2018 17:55:24 Entrée dans ActionArticle.php
14/09/2018 17:58:55 Entrée dans ActionArticle.php
14/09/2018 17:58:58 Entrée dans ActionAccueil.php
14/09/2018 18:03:32 Entrée dans ActionAccueil.php
14/09/2018 18:07:12 Entrée dans ActionAccueil.php
14/09/2018 18:07:21 Entrée dans ActionAccueil.php
14/09/2018 18:16:10 Entrée dans ActionSponsor.php
14/09/2018 18:16:14 Entrée dans ActionEcoleDeFoot.php
14/09/2018 18:16:16 Entrée dans ActionClub.php
14/09/2018 20:04:26 Entrée dans ActionSponsor.php
14/09/2018 21:30:24 Entrée dans ActionAccueil.php
14/09/2018 21:48:37 Entrée dans ActionAccueil.php
14/09/2018 22:49:21 Entrée dans ActionClub.php
14/09/2018 22:49:22 Entrée dans ActionAccueil.php
14/09/2018 22:49:33 Entrée dans ActionJoueurs.php
14/09/2018 22:50:14 Entrée dans ActionJoueurs.php
14/09/2018 22:50:48 Entrée dans ActionEcoleDeFoot.php
14/09/2018 22:50:50 Entrée dans ActionAgenda.php
14/09/2018 22:53:19 Entrée dans ActionContact.php
14/09/2018 22:57:11 Entrée dans ActionAccueil.php
14/09/2018 22:57:15 Entrée dans ActionAgenda.php
14/09/2018 22:57:27 Entrée dans ActionAgenda.php
14/09/2018 22:57:37 Entrée dans ActionAgenda.php
14/09/2018 22:57:39 Entrée dans ActionAccueil.php
14/09/2018 22:57:46 Entrée dans ActionAccueil.php
14/09/2018 22:57:48 Entrée dans ActionEvenement.php
14/09/2018 23:27:45 Entrée dans ActionAccueil.php
14/09/2018 23:28:27 Entrée dans ActionAccueil.php
14/09/2018 23:29:03 Entrée dans ActionClub.php
15/09/2018 01:33:17 Entrée dans ActionAccueil.php
15/09/2018 02:33:16 Entrée dans ActionContact.php
15/09/2018 10:47:01 Entrée dans ActionAccueil.php
15/09/2018 10:47:13 Entrée dans ActionClub.php
15/09/2018 10:47:31 Entrée dans ActionAgenda.php
15/09/2018 10:47:55 Entrée dans ActionClub.php
15/09/2018 10:52:13 Entrée dans ActionAccueil.php
15/09/2018 11:54:12 Entrée dans ActionAccueil.php
15/09/2018 11:54:25 Entrée dans ActionAgenda.php
15/09/2018 11:54:40 Entrée dans ActionAgenda.php
15/09/2018 11:54:55 Entrée dans ActionAgenda.php
15/09/2018 12:03:16 Entrée dans ActionAccueil.php
15/09/2018 12:03:50 Entrée dans ActionClub.php
15/09/2018 12:04:06 Entrée dans ActionEcoleDeFoot.php
15/09/2018 12:08:48 Entrée dans ActionEcoleDeFoot.php
15/09/2018 12:08:52 Entrée dans ActionEvenement.php
15/09/2018 12:10:14 Entrée dans ActionAccueil.php
15/09/2018 13:41:43 Entrée dans ActionJoueurs.php
15/09/2018 14:26:57 Entrée dans ActionAccueil.php
15/09/2018 14:27:12 Entrée dans ActionJoueurs.php
15/09/2018 14:27:26 Entrée dans ActionClub.php
15/09/2018 14:28:43 Entrée dans ActionEvenement.php
15/09/2018 14:29:00 Entrée dans ActionSponsor.php
15/09/2018 14:29:05 Entrée dans ActionEcoleDeFoot.php
15/09/2018 14:30:44 Entrée dans ActionContact.php
15/09/2018 14:30:57 Entrée dans ActionAgenda.php
15/09/2018 14:31:07 Entrée dans ActionAgenda.php
15/09/2018 14:32:01 Entrée dans ActionAgenda.php
15/09/2018 14:32:07 Entrée dans ActionAgenda.php
15/09/2018 14:35:16 Entrée dans ActionAgenda.php
15/09/2018 14:35:32 Entrée dans ActionAgenda.php
15/09/2018 14:35:34 Entrée dans ActionAgenda.php
15/09/2018 14:35:54 Entrée dans ActionAgenda.php
15/09/2018 14:35:55 Entrée dans ActionAgenda.php
15/09/2018 14:35:57 Entrée dans ActionAgenda.php
15/09/2018 14:35:57 Entrée dans ActionAgenda.php
15/09/2018 14:35:59 Entrée dans ActionAgenda.php
15/09/2018 14:37:50 Entrée dans ActionJoueurs.php
15/09/2018 14:38:31 Entrée dans ActionAgenda.php
15/09/2018 14:38:39 Entrée dans ActionAgenda.php
15/09/2018 14:38:45 Entrée dans ActionAgenda.php
15/09/2018 14:38:48 Entrée dans ActionAgenda.php
15/09/2018 16:02:14 Entrée dans ActionAccueil.php
15/09/2018 16:03:11 Entrée dans ActionEcoleDeFoot.php
15/09/2018 18:31:56 Entrée dans ActionAccueil.php
15/09/2018 18:50:46 Entrée dans ActionAccueil.php
15/09/2018 18:51:07 Entrée dans ActionClub.php
15/09/2018 19:58:29 Entrée dans ActionAccueil.php
15/09/2018 21:09:18 Entrée dans ActionAccueil.php
15/09/2018 21:10:18 Entrée dans ActionAccueil.php
15/09/2018 21:10:21 Entrée dans ActionLogin.php
15/09/2018 21:10:21 Authentification de tsutter.
15/09/2018 21:10:21 Entrée dans ActionProfil.php
15/09/2018 21:10:26 Entrée dans GestionResultats.php
15/09/2018 21:10:32 Entrée dans GestionResultats.php
15/09/2018 21:12:40 Entrée dans ActionRencontre.php
15/09/2018 21:12:44 Entrée dans ActionRencontre.php
15/09/2018 21:12:52 Entrée dans RechercherRencontre.php
15/09/2018 21:13:13 Entrée dans ActionRencontre.php
15/09/2018 21:13:29 Entrée dans RechercherEquipe.php
15/09/2018 21:13:31 Entrée dans RechercherCompetitionEquipe.php
15/09/2018 21:13:50 Entrée dans ActionRencontre.php
15/09/2018 21:13:56 Entrée dans ActionAccueil.php
15/09/2018 23:52:54 Entrée dans ActionAccueil.php
15/09/2018 23:53:23 Entrée dans ActionJoueurs.php
16/09/2018 04:59:03 Entrée dans ActionClub.php
16/09/2018 07:17:52 Entrée dans ActionAccueil.php
16/09/2018 08:01:03 Entrée dans ActionAccueil.php
16/09/2018 08:01:24 Entrée dans ActionJoueurs.php
16/09/2018 08:48:27 Entrée dans ActionAccueil.php
16/09/2018 10:22:03 Entrée dans ActionAccueil.php
16/09/2018 10:35:35 Entrée dans ActionAccueil.php
16/09/2018 10:49:05 Entrée dans ActionAccueil.php
16/09/2018 11:24:19 Entrée dans ActionAccueil.php
16/09/2018 13:11:21 Entrée dans ActionAccueil.php
16/09/2018 13:12:40 Entrée dans ActionLogin.php
16/09/2018 13:12:40 Authentification de tsutter.
16/09/2018 13:12:40 Entrée dans ActionProfil.php
16/09/2018 13:12:53 Entrée dans GestionResultats.php
16/09/2018 13:13:16 Entrée dans GestionResultats.php
16/09/2018 13:13:19 Entrée dans ActionAccueil.php
16/09/2018 13:47:17 Entrée dans ActionAccueil.php
16/09/2018 13:47:28 Entrée dans ActionClub.php
16/09/2018 15:35:38 Entrée dans ActionAccueil.php
16/09/2018 16:03:26 Entrée dans ActionAccueil.php
16/09/2018 16:42:14 Entrée dans ActionAccueil.php
16/09/2018 17:31:32 Entrée dans ActionAccueil.php
16/09/2018 18:25:18 Entrée dans ActionAccueil.php
16/09/2018 18:26:00 Entrée dans ActionLogin.php
16/09/2018 18:26:00 Authentification de tsutter.
16/09/2018 18:26:01 Entrée dans ActionProfil.php
16/09/2018 18:26:03 Entrée dans ActionRencontre.php
16/09/2018 18:26:07 Entrée dans RechercherRencontre.php
16/09/2018 18:26:23 Entrée dans ActionRencontre.php
16/09/2018 18:26:30 Entrée dans GestionResultats.php
16/09/2018 18:26:57 Entrée dans GestionResultats.php
16/09/2018 18:27:07 Entrée dans ActionAccueil.php
16/09/2018 19:14:07 Entrée dans ActionAgenda.php
16/09/2018 19:14:12 Entrée dans ActionEcoleDeFoot.php
16/09/2018 19:14:12 Entrée dans ActionClub.php
16/09/2018 19:14:12 Entrée dans ActionAccueil.php
16/09/2018 19:32:22 Entrée dans ActionAgenda.php
16/09/2018 19:34:00 Entrée dans ActionClub.php
16/09/2018 19:34:43 Entrée dans ActionAgenda.php
16/09/2018 19:34:54 Entrée dans ActionEvenement.php
16/09/2018 19:35:13 Entrée dans ActionSponsor.php
16/09/2018 22:20:02 Entrée dans ActionJoueurs.php
16/09/2018 22:33:28 Entrée dans ActionAccueil.php
16/09/2018 22:33:36 Entrée dans ActionEcoleDeFoot.php
16/09/2018 22:33:37 Entrée dans ActionEcoleDeFoot.php
16/09/2018 22:50:50 Entrée dans ActionEcoleDeFoot.php
16/09/2018 22:50:50 Entrée dans ActionAccueil.php
16/09/2018 22:50:50 Entrée dans ActionClub.php
16/09/2018 22:50:55 Entrée dans ActionAgenda.php
16/09/2018 23:59:19 Entrée dans ActionEcoleDeFoot.php
17/09/2018 12:28:11 Entrée dans ActionAccueil.php
17/09/2018 12:28:17 Entrée dans ActionEcoleDeFoot.php
17/09/2018 14:39:47 Entrée dans ActionAccueil.php
17/09/2018 14:41:51 Entrée dans ActionAccueil.php
17/09/2018 14:43:30 Entrée dans ActionEcoleDeFoot.php
17/09/2018 16:38:18 Entrée dans ActionAccueil.php
17/09/2018 16:38:25 Entrée dans ActionJoueurs.php
17/09/2018 20:08:56 Entrée dans ActionAccueil.php
17/09/2018 20:40:43 Entrée dans ActionAccueil.php
17/09/2018 20:40:50 Entrée dans ActionClub.php
17/09/2018 20:41:29 Entrée dans ActionEcoleDeFoot.php
17/09/2018 21:59:10 Entrée dans ActionAccueil.php
17/09/2018 22:00:08 Entrée dans ActionClub.php
17/09/2018 22:00:56 Entrée dans ActionJoueurs.php
17/09/2018 22:01:09 Entrée dans ActionEcoleDeFoot.php
17/09/2018 22:01:26 Entrée dans ActionJoueurs.php
18/09/2018 01:24:18 Entrée dans ActionEvenement.php
18/09/2018 05:52:41 Entrée dans ActionClub.php
18/09/2018 08:00:33 Entrée dans ActionAccueil.php
18/09/2018 08:03:22 Entrée dans ActionJoueurs.php
18/09/2018 08:24:32 Entrée dans ActionJoueurs.php
18/09/2018 14:32:42 Entrée dans ActionAccueil.php
18/09/2018 15:11:14 Entrée dans ActionEcoleDeFoot.php
18/09/2018 15:11:24 Entrée dans ActionSponsor.php
18/09/2018 15:11:27 Entrée dans ActionSponsor.php
18/09/2018 15:11:30 Entrée dans ActionEvenement.php
18/09/2018 15:11:31 Entrée dans ActionAgenda.php
18/09/2018 15:11:31 Entrée dans ActionEcoleDeFoot.php
18/09/2018 15:24:41 Entrée dans ActionContact.php
18/09/2018 15:27:21 Entrée dans ActionAccueil.php
18/09/2018 15:28:55 Entrée dans ActionJoueurs.php
18/09/2018 15:29:45 Entrée dans ActionEvenement.php
18/09/2018 15:29:46 Entrée dans ActionSponsor.php
18/09/2018 15:29:57 Entrée dans ActionSponsor.php
18/09/2018 15:30:03 Entrée dans ActionJoueurs.php
18/09/2018 15:30:07 Entrée dans ActionJoueurs.php
18/09/2018 15:30:08 Entrée dans ActionEcoleDeFoot.php
18/09/2018 15:30:10 Entrée dans ActionAgenda.php
18/09/2018 15:31:00 Entrée dans ActionAccueil.php
18/09/2018 15:31:33 Entrée dans ActionAccueil.php
18/09/2018 15:32:32 Entrée dans ActionJoueurs.php
18/09/2018 16:12:06 Entrée dans ActionContact.php
18/09/2018 17:37:34 Entrée dans ActionJoueurs.php
18/09/2018 18:09:12 Entrée dans ActionAccueil.php
18/09/2018 18:09:22 Entrée dans ActionEcoleDeFoot.php
18/09/2018 18:10:02 Entrée dans ActionClub.php
18/09/2018 18:10:21 Entrée dans ActionEcoleDeFoot.php
18/09/2018 18:11:10 Entrée dans ActionEcoleDeFoot.php
18/09/2018 20:31:25 Entrée dans ActionAccueil.php
18/09/2018 20:31:51 Entrée dans ActionJoueurs.php
18/09/2018 20:31:54 Entrée dans ActionClub.php
18/09/2018 20:54:03 Entrée dans ActionAccueil.php
18/09/2018 22:40:48 Entrée dans ActionAccueil.php
18/09/2018 22:41:29 Entrée dans ActionLogin.php
18/09/2018 22:41:29 Authentification de fgastrini.
18/09/2018 22:42:38 Entrée dans ActionProfil.php
18/09/2018 22:43:20 Entrée dans ActionRencontre.php
18/09/2018 22:43:37 Entrée dans RechercherEquipe.php
18/09/2018 22:43:42 Entrée dans RechercherCompetitionEquipe.php
18/09/2018 22:44:03 Entrée dans ActionRencontre.php
18/09/2018 22:44:52 Entrée dans ActionMembre.php
18/09/2018 22:44:56 Entrée dans ActionArticle.php
18/09/2018 22:45:10 Entrée dans RechercherArticle.php
18/09/2018 22:46:57 Entrée dans ActionClub.php
18/09/2018 22:47:25 Entrée dans ActionAccueil.php
18/09/2018 22:47:36 Entrée dans ActionAccueil.php
18/09/2018 22:57:11 Entrée dans ActionEcoleDeFoot.php
18/09/2018 22:58:11 Entrée dans ActionAccueil.php
18/09/2018 22:58:20 Entrée dans ActionClub.php
18/09/2018 23:33:19 Entrée dans ActionAccueil.php
19/09/2018 01:47:56 Entrée dans ActionEcoleDeFoot.php
19/09/2018 08:16:50 Entrée dans ActionAccueil.php
19/09/2018 08:16:54 Entrée dans ActionEcoleDeFoot.php
19/09/2018 08:18:34 Entrée dans ActionEcoleDeFoot.php
19/09/2018 08:18:35 Entrée dans ActionJoueurs.php
19/09/2018 08:18:49 Entrée dans ActionClub.php
19/09/2018 10:08:46 Entrée dans ActionAccueil.php
19/09/2018 11:05:51 Entrée dans ActionJoueurs.php
19/09/2018 13:10:07 Entrée dans ActionAccueil.php
19/09/2018 13:10:52 Entrée dans ActionEcoleDeFoot.php
19/09/2018 17:57:24 Entrée dans ActionAccueil.php
19/09/2018 18:00:05 Entrée dans ActionJoueurs.php
19/09/2018 18:00:18 Entrée dans ActionClub.php
19/09/2018 18:28:00 Entrée dans ActionSponsor.php
19/09/2018 20:43:15 Entrée dans ActionEvenement.php
19/09/2018 20:57:24 Entrée dans ActionJoueurs.php
19/09/2018 21:16:41 Entrée dans ActionClub.php
19/09/2018 21:27:34 Entrée dans ActionAccueil.php
19/09/2018 21:28:03 Entrée dans ActionEcoleDeFoot.php
19/09/2018 22:39:49 Entrée dans ActionJoueurs.php
20/09/2018 00:50:49 Entrée dans ActionAgenda.php
20/09/2018 02:09:27 Entrée dans ActionSponsor.php
20/09/2018 02:15:05 Entrée dans ActionSponsor.php
20/09/2018 05:16:47 Entrée dans ActionAccueil.php
20/09/2018 08:21:24 Entrée dans ActionAgenda.php
20/09/2018 13:39:00 Entrée dans ActionAgenda.php
20/09/2018 13:39:12 Entrée dans ActionAgenda.php
20/09/2018 13:39:39 Entrée dans ActionAgenda.php
20/09/2018 16:23:32 Entrée dans ActionAccueil.php
20/09/2018 16:23:34 Entrée dans ActionLogin.php
20/09/2018 16:23:34 Authentification de tsutter.
20/09/2018 16:23:35 Entrée dans ActionProfil.php
20/09/2018 16:23:36 Entrée dans ActionPartenaire.php
20/09/2018 16:23:55 Entrée dans ActionPartenaire.php
20/09/2018 16:23:58 Entrée dans ActionAccueil.php
20/09/2018 16:23:59 Entrée dans ActionSponsor.php
20/09/2018 17:51:09 Entrée dans ActionClub.php
20/09/2018 19:00:08 Entrée dans ActionContact.php
20/09/2018 23:40:24 Entrée dans ActionAccueil.php
21/09/2018 02:55:12 Entrée dans ActionAgenda.php
21/09/2018 05:48:13 Entrée dans ActionAccueil.php
21/09/2018 05:48:27 Entrée dans ActionClub.php
21/09/2018 06:49:06 Entrée dans ActionSponsor.php
21/09/2018 09:10:51 Entrée dans ActionEcoleDeFoot.php
21/09/2018 13:03:50 Entrée dans ActionEcoleDeFoot.php
21/09/2018 14:27:11 Entrée dans ActionAgenda.php
21/09/2018 15:46:14 Entrée dans ActionAccueil.php
21/09/2018 15:46:16 Entrée dans ActionClub.php
21/09/2018 15:46:18 Entrée dans ActionJoueurs.php
21/09/2018 15:46:21 Entrée dans ActionEcoleDeFoot.php
21/09/2018 16:06:54 Entrée dans ActionAccueil.php
21/09/2018 17:46:00 Entrée dans ActionAccueil.php
21/09/2018 17:46:44 Entrée dans ActionClub.php
21/09/2018 17:46:55 Entrée dans ActionEcoleDeFoot.php
21/09/2018 17:52:18 Entrée dans ActionAccueil.php
21/09/2018 17:52:53 Entrée dans ActionEcoleDeFoot.php
21/09/2018 19:15:14 Entrée dans ActionAccueil.php
21/09/2018 19:45:55 Entrée dans ActionLogin.php
21/09/2018 19:45:55 Authentification de tsutter.
21/09/2018 19:45:55 Entrée dans ActionProfil.php
21/09/2018 19:45:58 Entrée dans ActionCompetition.php
21/09/2018 19:46:04 Entrée dans ActionCompetition.php
21/09/2018 19:46:12 Entrée dans ActionRencontre.php
21/09/2018 19:46:32 Entrée dans RechercherEquipe.php
21/09/2018 19:46:34 Entrée dans RechercherCompetitionEquipe.php
21/09/2018 19:47:23 Entrée dans ActionRencontre.php
21/09/2018 19:48:11 Entrée dans RechercherEquipe.php
21/09/2018 19:48:12 Entrée dans RechercherCompetitionEquipe.php
21/09/2018 19:48:32 Entrée dans ActionRencontre.php
21/09/2018 19:49:07 Entrée dans ActionAccueil.php
21/09/2018 19:52:30 Entrée dans ActionProfil.php
21/09/2018 19:52:33 Entrée dans ActionRencontre.php
21/09/2018 19:52:39 Entrée dans RechercherRencontre.php
21/09/2018 19:52:53 Entrée dans ActionRencontre.php
21/09/2018 19:53:05 Entrée dans RechercherEquipe.php
21/09/2018 19:53:07 Entrée dans RechercherCompetitionEquipe.php
21/09/2018 19:53:09 Entrée dans RechercherCompetitionEquipe.php
21/09/2018 19:53:52 Entrée dans ActionRencontre.php
21/09/2018 19:54:04 Entrée dans RechercherEquipe.php
21/09/2018 19:54:06 Entrée dans RechercherCompetitionEquipe.php
21/09/2018 19:55:08 Entrée dans ActionRencontre.php
21/09/2018 19:55:19 Entrée dans ActionRencontre.php
22/09/2018 01:35:20 Entrée dans ActionEcoleDeFoot.php
22/09/2018 02:03:56 Entrée dans ActionJoueurs.php
22/09/2018 07:46:40 Entrée dans ActionEcoleDeFoot.php
22/09/2018 07:53:13 Entrée dans ActionAccueil.php
22/09/2018 08:49:52 Entrée dans ActionAgenda.php
22/09/2018 09:33:31 Entrée dans ActionAccueil.php
22/09/2018 09:33:39 Entrée dans ActionEcoleDeFoot.php
22/09/2018 10:21:33 Entrée dans ActionAccueil.php
22/09/2018 10:53:05 Entrée dans ActionAccueil.php
22/09/2018 11:12:47 Entrée dans ActionAccueil.php
22/09/2018 12:11:01 Entrée dans ActionAccueil.php
22/09/2018 13:00:53 Entrée dans ActionAccueil.php
22/09/2018 13:01:44 Entrée dans ActionClub.php
22/09/2018 13:03:57 Entrée dans ActionAccueil.php
22/09/2018 13:04:33 Entrée dans ActionClub.php
22/09/2018 13:04:36 Entrée dans ActionEcoleDeFoot.php
22/09/2018 13:04:42 Entrée dans ActionJoueurs.php
22/09/2018 13:04:46 Entrée dans ActionEcoleDeFoot.php
22/09/2018 13:05:05 Entrée dans ActionEvenement.php
22/09/2018 13:05:09 Entrée dans ActionSponsor.php
22/09/2018 13:05:13 Entrée dans ActionEcoleDeFoot.php
22/09/2018 13:05:20 Entrée dans ActionJoueurs.php
22/09/2018 14:01:52 Entrée dans ActionAccueil.php
22/09/2018 14:03:40 Entrée dans ActionAccueil.php
22/09/2018 15:40:10 Entrée dans ActionAccueil.php
22/09/2018 15:44:52 Entrée dans ActionAccueil.php
22/09/2018 15:45:13 Entrée dans ActionJoueurs.php
22/09/2018 15:45:55 Entrée dans ActionEvenement.php
22/09/2018 17:34:18 Entrée dans ActionContact.php
22/09/2018 22:40:53 Entrée dans ActionAgenda.php
23/09/2018 00:02:25 Entrée dans ActionAccueil.php
23/09/2018 00:05:23 Entrée dans ActionClub.php
23/09/2018 15:51:23 Entrée dans ActionAccueil.php
23/09/2018 15:52:00 Entrée dans ActionEcoleDeFoot.php
23/09/2018 15:52:56 Entrée dans ActionAgenda.php
23/09/2018 15:53:09 Entrée dans ActionClub.php
23/09/2018 16:57:08 Entrée dans ActionContact.php
23/09/2018 17:42:58 Entrée dans ActionAccueil.php
23/09/2018 18:14:37 Entrée dans ActionAccueil.php
23/09/2018 18:14:38 Entrée dans ActionAccueil.php
23/09/2018 18:15:10 Entrée dans ActionAgenda.php
23/09/2018 18:15:13 Entrée dans ActionAgenda.php
23/09/2018 18:15:13 Entrée dans ActionAgenda.php
23/09/2018 18:15:13 Entrée dans ActionAgenda.php
23/09/2018 18:15:41 Entrée dans ActionAgenda.php
23/09/2018 18:16:11 Entrée dans ActionAgenda.php
23/09/2018 18:16:21 Entrée dans ActionAgenda.php
23/09/2018 19:16:38 Entrée dans ActionAccueil.php
23/09/2018 19:16:55 Entrée dans ActionAccueil.php
23/09/2018 19:17:19 Entrée dans ActionAccueil.php
23/09/2018 19:17:58 Entrée dans ActionAccueil.php
23/09/2018 20:18:19 Entrée dans ActionAccueil.php
23/09/2018 20:20:13 Entrée dans ActionLogin.php
23/09/2018 20:20:13 Authentification de tsutter.
23/09/2018 20:20:13 Entrée dans ActionProfil.php
23/09/2018 20:20:15 Entrée dans GestionResultats.php
23/09/2018 20:20:39 Entrée dans GestionResultats.php
23/09/2018 20:22:09 Entrée dans ActionAccueil.php
23/09/2018 21:43:37 Entrée dans ActionAccueil.php
24/09/2018 03:03:53 Entrée dans ActionAccueil.php
24/09/2018 03:05:50 Entrée dans ActionClub.php
24/09/2018 03:13:32 Entrée dans ActionJoueurs.php
24/09/2018 05:19:07 Entrée dans ActionAccueil.php
24/09/2018 05:19:12 Entrée dans ActionClub.php
24/09/2018 05:19:14 Entrée dans ActionJoueurs.php
24/09/2018 05:19:16 Entrée dans ActionEcoleDeFoot.php
24/09/2018 05:19:18 Entrée dans ActionAgenda.php
24/09/2018 05:19:20 Entrée dans ActionEvenement.php
24/09/2018 05:19:22 Entrée dans ActionSponsor.php
24/09/2018 05:27:31 Entrée dans ActionAccueil.php
24/09/2018 16:33:35 Entrée dans ActionAccueil.php
24/09/2018 16:33:36 Entrée dans ActionClub.php
24/09/2018 16:33:36 Entrée dans ActionJoueurs.php
24/09/2018 16:33:37 Entrée dans ActionEcoleDeFoot.php
24/09/2018 16:33:37 Entrée dans ActionAgenda.php
24/09/2018 16:33:38 Entrée dans ActionEvenement.php
24/09/2018 16:33:39 Entrée dans ActionSponsor.php
24/09/2018 19:07:06 Entrée dans ActionAccueil.php
24/09/2018 19:07:50 Entrée dans ActionClub.php
24/09/2018 19:07:57 Entrée dans ActionJoueurs.php
24/09/2018 19:08:00 Entrée dans ActionEcoleDeFoot.php
24/09/2018 19:08:40 Entrée dans ActionAgenda.php
24/09/2018 19:09:10 Entrée dans ActionSponsor.php
24/09/2018 19:09:34 Entrée dans ActionClub.php
24/09/2018 19:09:36 Entrée dans ActionAccueil.php
24/09/2018 20:09:21 Entrée dans ActionContact.php
24/09/2018 20:54:48 Entrée dans ActionEvenement.php
24/09/2018 22:14:43 Entrée dans ActionAccueil.php
25/09/2018 06:38:03 Entrée dans ActionJoueurs.php
25/09/2018 07:44:51 Entrée dans ActionContact.php
25/09/2018 07:50:14 Entrée dans ActionAccueil.php
25/09/2018 07:51:10 Entrée dans ActionClub.php
25/09/2018 08:10:55 Entrée dans ActionAccueil.php
25/09/2018 11:38:57 Entrée dans ActionAccueil.php
25/09/2018 12:03:58 Entrée dans ActionAccueil.php
25/09/2018 12:04:14 Entrée dans ActionJoueurs.php
25/09/2018 16:57:32 Entrée dans ActionAccueil.php
25/09/2018 16:58:10 Entrée dans ActionJoueurs.php
25/09/2018 16:58:56 Entrée dans ActionJoueurs.php
25/09/2018 17:16:54 Entrée dans ActionEcoleDeFoot.php
25/09/2018 18:02:51 Entrée dans ActionJoueurs.php
25/09/2018 19:32:02 Entrée dans ActionAccueil.php
25/09/2018 21:42:04 Entrée dans ActionAccueil.php
25/09/2018 22:14:52 Entrée dans ActionAccueil.php
25/09/2018 22:16:38 Entrée dans ActionEcoleDeFoot.php
25/09/2018 22:17:00 Entrée dans ActionContact.php
25/09/2018 22:18:54 Entrée dans ActionAgenda.php
25/09/2018 22:45:20 Entrée dans ActionAccueil.php
25/09/2018 22:46:26 Entrée dans ActionAccueil.php
25/09/2018 22:46:29 Entrée dans ActionJoueurs.php
26/09/2018 09:27:02 Entrée dans ActionAccueil.php
26/09/2018 09:27:08 Entrée dans ActionClub.php
26/09/2018 09:28:40 Entrée dans ActionJoueurs.php
26/09/2018 09:29:29 Entrée dans ActionAgenda.php
26/09/2018 11:47:29 Entrée dans ActionEvenement.php
26/09/2018 15:15:25 Entrée dans ActionAccueil.php
26/09/2018 15:16:06 Entrée dans ActionAccueil.php
26/09/2018 15:16:13 Entrée dans ActionAgenda.php
26/09/2018 15:24:18 Entrée dans ActionAccueil.php
26/09/2018 15:24:44 Entrée dans ActionEcoleDeFoot.php
26/09/2018 15:24:58 Entrée dans ActionEvenement.php
26/09/2018 15:26:34 Entrée dans ActionAccueil.php
26/09/2018 15:26:52 Entrée dans ActionEvenement.php
26/09/2018 15:27:02 Entrée dans ActionAgenda.php
26/09/2018 18:35:27 Entrée dans ActionAccueil.php
26/09/2018 18:35:59 Entrée dans ActionJoueurs.php
26/09/2018 23:43:05 Entrée dans ActionEvenement.php
27/09/2018 20:07:16 Entrée dans ActionAccueil.php
27/09/2018 21:58:12 Entrée dans ActionAccueil.php
27/09/2018 23:05:16 Entrée dans ActionAccueil.php
27/09/2018 23:18:58 Entrée dans ActionClub.php
28/09/2018 04:20:12 Entrée dans ActionEcoleDeFoot.php
28/09/2018 04:49:47 Entrée dans ActionAccueil.php
28/09/2018 04:50:33 Entrée dans ActionClub.php
28/09/2018 07:58:01 Entrée dans ActionAccueil.php
28/09/2018 11:05:03 Entrée dans ActionAccueil.php
28/09/2018 11:05:15 Entrée dans ActionEvenement.php
28/09/2018 11:05:32 Entrée dans ActionEcoleDeFoot.php
28/09/2018 12:44:17 Entrée dans ActionEcoleDeFoot.php
28/09/2018 13:05:41 Entrée dans ActionAccueil.php
28/09/2018 13:05:53 Entrée dans ActionJoueurs.php
28/09/2018 17:56:25 Entrée dans ActionAccueil.php
28/09/2018 17:56:36 Entrée dans ActionClub.php
28/09/2018 17:57:29 Entrée dans ActionEcoleDeFoot.php
28/09/2018 17:57:51 Entrée dans ActionAgenda.php
28/09/2018 17:58:17 Entrée dans ActionClub.php
28/09/2018 17:59:02 Entrée dans ActionEvenement.php
28/09/2018 19:26:20 Entrée dans ActionAccueil.php
28/09/2018 19:26:23 Entrée dans ActionClub.php
28/09/2018 19:26:25 Entrée dans ActionJoueurs.php
28/09/2018 19:26:27 Entrée dans ActionEcoleDeFoot.php
28/09/2018 19:53:22 Entrée dans ActionEvenement.php
28/09/2018 21:09:07 Entrée dans ActionAccueil.php
28/09/2018 22:20:57 Entrée dans ActionAgenda.php
28/09/2018 23:15:48 Entrée dans ActionEcoleDeFoot.php
28/09/2018 23:22:41 Entrée dans ActionJoueurs.php
28/09/2018 23:49:09 Entrée dans ActionAccueil.php
29/09/2018 01:26:50 Entrée dans ActionClub.php
29/09/2018 04:21:58 Entrée dans ActionClub.php
29/09/2018 05:39:28 Entrée dans ActionSponsor.php
29/09/2018 07:27:43 Entrée dans ActionAgenda.php
29/09/2018 07:57:03 Entrée dans ActionEcoleDeFoot.php
29/09/2018 07:57:07 Entrée dans ActionClub.php
29/09/2018 10:22:27 Entrée dans ActionAccueil.php
29/09/2018 11:39:38 Entrée dans ActionAccueil.php
29/09/2018 14:12:02 Entrée dans ActionAccueil.php
29/09/2018 17:24:33 Entrée dans ActionAccueil.php
29/09/2018 18:13:26 Entrée dans ActionAccueil.php
29/09/2018 18:32:00 Entrée dans ActionAccueil.php
29/09/2018 18:32:30 Entrée dans ActionJoueurs.php
29/09/2018 18:32:57 Entrée dans ActionAgenda.php
29/09/2018 18:33:14 Entrée dans ActionAgenda.php
29/09/2018 18:33:23 Entrée dans ActionSponsor.php
29/09/2018 20:27:13 Entrée dans ActionAccueil.php
29/09/2018 20:42:12 Entrée dans ActionAccueil.php
29/09/2018 20:42:46 Entrée dans ActionEvenement.php
29/09/2018 20:42:52 Entrée dans ActionJoueurs.php
29/09/2018 23:10:04 Entrée dans ActionAccueil.php
29/09/2018 23:10:11 Entrée dans ActionJoueurs.php
29/09/2018 23:10:21 Entrée dans ActionClub.php
29/09/2018 23:44:25 Entrée dans ActionAgenda.php
30/09/2018 01:30:01 Entrée dans ActionSponsor.php
30/09/2018 01:34:57 Entrée dans ActionSponsor.php
30/09/2018 03:59:05 Entrée dans ActionSponsor.php
30/09/2018 04:17:11 Entrée dans ActionJoueurs.php
30/09/2018 07:31:16 Entrée dans ActionAccueil.php
30/09/2018 08:37:57 Entrée dans ActionAccueil.php
30/09/2018 09:18:01 Entrée dans ActionClub.php
30/09/2018 11:17:49 Entrée dans ActionAccueil.php
30/09/2018 11:32:05 Entrée dans ActionJoueurs.php
30/09/2018 11:56:35 Entrée dans ActionAccueil.php
30/09/2018 12:08:03 Entrée dans ActionAccueil.php
30/09/2018 12:08:28 Entrée dans ActionEcoleDeFoot.php
30/09/2018 12:23:35 Entrée dans ActionAccueil.php
30/09/2018 12:23:41 Entrée dans ActionAgenda.php
30/09/2018 12:23:51 Entrée dans ActionClub.php
30/09/2018 12:23:58 Entrée dans ActionJoueurs.php
30/09/2018 13:17:05 Entrée dans ActionClub.php
30/09/2018 14:01:24 Entrée dans ActionAccueil.php
30/09/2018 14:53:34 Entrée dans ActionAccueil.php
30/09/2018 15:31:26 Entrée dans ActionAccueil.php
30/09/2018 16:23:47 Entrée dans ActionAccueil.php
30/09/2018 16:23:55 Entrée dans ActionLogin.php
30/09/2018 16:23:55 Authentification de tsutter.
30/09/2018 16:23:56 Entrée dans ActionProfil.php
30/09/2018 16:24:01 Entrée dans GestionResultats.php
30/09/2018 16:24:21 Entrée dans ActionAccueil.php
30/09/2018 16:24:38 Entrée dans ActionProfil.php
30/09/2018 16:24:44 Entrée dans ActionRencontre.php
30/09/2018 16:24:52 Entrée dans RechercherEquipe.php
30/09/2018 16:24:55 Entrée dans RechercherCompetitionEquipe.php
30/09/2018 16:25:13 Entrée dans ActionRencontre.php
30/09/2018 16:25:17 Entrée dans GestionResultats.php
30/09/2018 16:28:50 Entrée dans GestionResultats.php
30/09/2018 16:33:32 Entrée dans GestionResultats.php
30/09/2018 16:34:32 Entrée dans GestionResultats.php
30/09/2018 16:34:43 Entrée dans ActionRencontre.php
30/09/2018 16:34:51 Entrée dans RechercherRencontre.php
30/09/2018 16:35:08 Entrée dans ActionRencontre.php
30/09/2018 16:35:14 Entrée dans ActionAccueil.php
30/09/2018 16:35:56 Entrée dans ActionProfil.php
30/09/2018 16:36:01 Entrée dans GestionResultats.php
30/09/2018 16:36:25 Entrée dans GestionResultats.php
30/09/2018 16:38:55 Entrée dans ActionArticle.php
30/09/2018 16:39:47 Entrée dans ActionArticle.php
30/09/2018 16:39:50 Entrée dans ActionAccueil.php
30/09/2018 16:40:52 Entrée dans ActionProfil.php
30/09/2018 16:40:54 Entrée dans ActionArticle.php
30/09/2018 16:41:40 Entrée dans ActionArticle.php
30/09/2018 16:41:48 Entrée dans ActionAccueil.php
30/09/2018 16:42:10 Entrée dans ActionProfil.php
30/09/2018 16:42:17 Entrée dans ActionArticle.php
30/09/2018 16:42:29 Entrée dans ActionArticle.php
30/09/2018 16:42:34 Entrée dans ActionAccueil.php
30/09/2018 17:02:04 Entrée dans ActionAccueil.php
30/09/2018 17:05:17 Entrée dans ActionAccueil.php
30/09/2018 17:05:24 Entrée dans ActionLogin.php
30/09/2018 17:05:24 Authentification de tsutter.
30/09/2018 17:05:25 Entrée dans ActionProfil.php
30/09/2018 17:05:31 Entrée dans ActionRencontre.php
30/09/2018 17:05:47 Entrée dans ActionRencontre.php
30/09/2018 17:06:19 Entrée dans RechercherEquipe.php
30/09/2018 17:06:21 Entrée dans RechercherCompetitionEquipe.php
30/09/2018 17:06:40 Entrée dans ActionRencontre.php
30/09/2018 17:06:50 Entrée dans RechercherEquipe.php
30/09/2018 17:06:51 Entrée dans RechercherCompetitionEquipe.php
30/09/2018 17:07:01 Entrée dans ActionRencontre.php
30/09/2018 17:07:33 Entrée dans RechercherEquipe.php
30/09/2018 17:07:35 Entrée dans RechercherCompetitionEquipe.php
30/09/2018 17:07:50 Entrée dans ActionRencontre.php
30/09/2018 17:08:25 Entrée dans RechercherEquipe.php
30/09/2018 17:08:27 Entrée dans RechercherCompetitionEquipe.php
30/09/2018 17:08:48 Entrée dans ActionRencontre.php
30/09/2018 17:09:00 Entrée dans RechercherEquipe.php
30/09/2018 17:09:00 Entrée dans RechercherEquipe.php
30/09/2018 17:09:00 Entrée dans RechercherEquipe.php
30/09/2018 17:09:01 Entrée dans RechercherEquipe.php
30/09/2018 17:09:02 Entrée dans RechercherCompetitionEquipe.php
30/09/2018 17:09:03 Entrée dans RechercherCompetitionEquipe.php
30/09/2018 17:09:03 Entrée dans RechercherCompetitionEquipe.php
30/09/2018 17:09:04 Entrée dans RechercherCompetitionEquipe.php
30/09/2018 17:09:09 Entrée dans RechercherCompetitionEquipe.php
30/09/2018 17:09:18 Entrée dans ActionRencontre.php
30/09/2018 17:09:51 Entrée dans RechercherEquipe.php
30/09/2018 17:09:52 Entrée dans RechercherCompetitionEquipe.php
30/09/2018 17:10:03 Entrée dans ActionRencontre.php
30/09/2018 17:10:28 Entrée dans RechercherEquipe.php
30/09/2018 17:10:29 Entrée dans RechercherCompetitionEquipe.php
30/09/2018 17:10:39 Entrée dans ActionRencontre.php
30/09/2018 17:10:50 Entrée dans ActionRencontre.php
30/09/2018 17:11:59 Entrée dans RechercherEquipe.php
30/09/2018 17:12:00 Entrée dans RechercherCompetitionEquipe.php
30/09/2018 17:12:11 Entrée dans ActionRencontre.php
30/09/2018 17:12:25 Entrée dans RechercherEquipe.php
30/09/2018 17:12:26 Entrée dans RechercherCompetitionEquipe.php
30/09/2018 17:12:27 Entrée dans RechercherCompetitionEquipe.php
30/09/2018 17:12:44 Entrée dans ActionRencontre.php
30/09/2018 17:13:01 Entrée dans ActionRencontre.php
30/09/2018 17:13:14 Entrée dans RechercherEquipe.php
30/09/2018 17:13:16 Entrée dans RechercherCompetitionEquipe.php
30/09/2018 17:13:36 Entrée dans ActionRencontre.php
30/09/2018 17:13:47 Entrée dans RechercherEquipe.php
30/09/2018 17:13:49 Entrée dans RechercherCompetitionEquipe.php
30/09/2018 17:13:57 Entrée dans ActionRencontre.php
30/09/2018 17:14:09 Entrée dans RechercherEquipe.php
30/09/2018 17:14:10 Entrée dans RechercherCompetitionEquipe.php
30/09/2018 17:14:23 Entrée dans ActionRencontre.php
30/09/2018 17:14:31 Entrée dans RechercherEquipe.php
30/09/2018 17:14:33 Entrée dans RechercherCompetitionEquipe.php
30/09/2018 17:14:55 Entrée dans ActionRencontre.php
30/09/2018 17:15:13 Entrée dans RechercherEquipe.php
30/09/2018 17:15:14 Entrée dans RechercherCompetitionEquipe.php
30/09/2018 17:15:27 Entrée dans ActionRencontre.php
30/09/2018 17:15:47 Entrée dans RechercherEquipe.php
30/09/2018 17:15:47 Entrée dans RechercherEquipe.php
30/09/2018 17:15:50 Entrée dans RechercherCompetitionEquipe.php
30/09/2018 17:16:05 Entrée dans ActionRencontre.php
30/09/2018 17:16:11 Entrée dans ActionAccueil.php
30/09/2018 17:16:23 Entrée dans ActionProfil.php
30/09/2018 20:12:28 Entrée dans ActionAccueil.php
30/09/2018 20:52:02 Entrée dans ActionAccueil.php
30/09/2018 20:55:22 Entrée dans ActionAccueil.php
30/09/2018 20:55:43 Entrée dans ActionJoueurs.php
30/09/2018 20:56:23 Entrée dans ActionAgenda.php
30/09/2018 20:56:26 Entrée dans ActionClub.php
30/09/2018 20:56:48 Entrée dans ActionSponsor.php
30/09/2018 21:08:01 Entrée dans ActionAccueil.php
30/09/2018 21:54:26 Entrée dans ActionAccueil.php
30/09/2018 21:54:31 Entrée dans ActionJoueurs.php
30/09/2018 21:58:01 Entrée dans ActionClub.php
30/09/2018 21:58:13 Entrée dans ActionClub.php
30/09/2018 21:58:19 Entrée dans ActionClub.php
30/09/2018 21:58:28 Entrée dans ActionJoueurs.php
30/09/2018 21:58:40 Entrée dans ActionAgenda.php
30/09/2018 21:58:49 Entrée dans ActionAgenda.php
30/09/2018 21:59:38 Entrée dans ActionEvenement.php
30/09/2018 21:59:52 Entrée dans ActionJoueurs.php
30/09/2018 22:00:05 Entrée dans ActionEcoleDeFoot.php
30/09/2018 22:00:38 Entrée dans ActionClub.php
30/09/2018 22:02:47 Entrée dans ActionAccueil.php
30/09/2018 22:05:31 Entrée dans ActionJoueurs.php
