18/07/2020 21:41:50 Entrée dans ActionAccueil.php
18/07/2020 21:42:39 Entrée dans ActionClub.php
18/07/2020 21:45:07 Entrée dans ActionClub.php
18/07/2020 21:45:45 Entrée dans ActionClub.php
18/07/2020 21:47:37 Entrée dans ActionClub.php
18/07/2020 21:54:11 Entrée dans ActionClub.php
18/07/2020 21:55:08 Entrï¿½e dans ActionEcoleDeFoot.php
18/07/2020 21:55:13 Entrée dans ActionEcoleDeFoot.php
18/07/2020 21:55:15 Entrï¿½e dans ActionEcoleDeFoot.php
18/07/2020 21:55:16 Entrée dans ActionEcoleDeFoot.php
18/07/2020 21:55:18 Entrée dans ActionAgenda.php
18/07/2020 21:55:19 Entrï¿½e dans ActionEcoleDeFoot.php
18/07/2020 21:57:29 Entrï¿½e dans ActionEcoleDeFoot.php
18/07/2020 22:04:28 Entrï¿½e dans ActionEcoleDeFoot.php
19/07/2020 12:27:00 Entrée dans ActionEcoleDeFoot.php
19/07/2020 12:27:08 Entrï¿½e dans ActionEcoleDeFoot.php
19/07/2020 12:27:09 Entrée dans ActionEcoleDeFoot.php
19/07/2020 12:29:35 Entrï¿½e dans ActionEcoleDeFoot.php
19/07/2020 12:30:22 Entrï¿½e dans ActionEcoleDeFoot.php
19/07/2020 12:30:29 Entrï¿½e dans ActionEcoleDeFoot.php
19/07/2020 12:30:41 Entrï¿½e dans ActionEcoleDeFoot.php
19/07/2020 12:30:46 Entrï¿½e dans ActionEcoleDeFoot.php
19/07/2020 12:32:08 Entrï¿½e dans ActionEcoleDeFoot.php
19/07/2020 12:32:14 Entrï¿½e dans ActionEcoleDeFoot.php
19/07/2020 12:32:25 Entrï¿½e dans ActionEcoleDeFoot.php
19/07/2020 12:32:27 Entrï¿½e dans ActionEcoleDeFoot.php
19/07/2020 12:32:33 Entrï¿½e dans ActionEcoleDeFoot.php
19/07/2020 12:43:13 Entrï¿½e dans ActionEcoleDeFoot.php
19/07/2020 12:43:15 Entrï¿½e dans ActionEcoleDeFoot.php
19/07/2020 12:43:51 Entrï¿½e dans ActionEcoleDeFoot.php
19/07/2020 12:43:53 Entrï¿½e dans ActionEcoleDeFoot.php
19/07/2020 12:48:32 Entrï¿½e dans ActionEcoleDeFoot.php
19/07/2020 12:48:33 Entrï¿½e dans ActionEcoleDeFoot.php
19/07/2020 12:48:35 Entrï¿½e dans ActionEcoleDeFoot.php
19/07/2020 12:50:52 Entrï¿½e dans ActionEcoleDeFoot.php
19/07/2020 12:50:53 Entrï¿½e dans ActionEcoleDeFoot.php
19/07/2020 12:50:56 Entrï¿½e dans ActionEcoleDeFoot.php
19/07/2020 12:50:56 Entrï¿½e dans ActionEcoleDeFoot.php
19/07/2020 12:50:57 Entrï¿½e dans ActionEcoleDeFoot.php
19/07/2020 12:51:12 Entrï¿½e dans ActionEcoleDeFoot.php
19/07/2020 12:51:13 Entrï¿½e dans ActionEcoleDeFoot.php
19/07/2020 12:52:49 Entrï¿½e dans ActionEcoleDeFoot.php
19/07/2020 12:52:50 Entrï¿½e dans ActionEcoleDeFoot.php
19/07/2020 12:52:51 Entrï¿½e dans ActionEcoleDeFoot.php
19/07/2020 12:53:44 Entrï¿½e dans ActionEcoleDeFoot.php
19/07/2020 12:53:46 Entrï¿½e dans ActionEcoleDeFoot.php
19/07/2020 16:06:07 Entrée dans ActionSponsor.php
19/07/2020 16:06:09 Entrée dans ActionSponsor.php
19/07/2020 16:06:12 Entrï¿½e dans ActionEcoleDeFoot.php
19/07/2020 16:06:25 Entrï¿½e dans ActionEcoleDeFoot.php
19/07/2020 16:06:26 Entrï¿½e dans ActionEcoleDeFoot.php
19/07/2020 16:07:38 Entrée dans ActionJoueurs.php
19/07/2020 16:07:43 Entrée dans ActionClub.php
19/07/2020 16:08:59 Entrée dans ActionClub.php
19/07/2020 16:10:00 Entrée dans ActionClub.php
19/07/2020 18:33:31 Entrée dans ActionClub.php
19/07/2020 18:34:48 Entrï¿½e dans ActionEcoleDeFoot.php
19/07/2020 18:34:50 Entrée dans ActionJoueurs.php
19/07/2020 18:34:50 Entrée dans ActionClub.php
19/07/2020 18:35:35 Entrée dans ActionClub.php
19/07/2020 18:36:00 Entrée dans ActionClub.php
19/07/2020 18:36:57 Entrée dans ActionClub.php
19/07/2020 18:37:40 Entrée dans ActionClub.php
19/07/2020 18:38:16 Entrée dans ActionLogin.php
19/07/2020 18:38:16 Authentification de tsutter.
19/07/2020 18:38:16 Entrée dans ActionProfil.php
19/07/2020 18:38:21 Entrée dans ActionAccueil.php
19/07/2020 18:38:22 Entrée dans ActionClub.php
19/07/2020 18:38:32 Entrée dans ActionProfil.php
19/07/2020 18:42:19 Entrée dans ActionAccueil.php
19/07/2020 18:42:21 Entrée dans ActionClub.php
19/07/2020 18:43:56 Entrée dans ActionJoueurs.php
19/07/2020 19:09:49 Entrée dans ActionJoueurs.php
19/07/2020 19:29:46 Entrï¿½e dans ActionJoueurs.php
19/07/2020 19:30:09 Entrï¿½e dans ActionJoueurs.php
19/07/2020 19:44:23 Entrï¿½e dans ActionJoueurs.php
19/07/2020 19:44:49 Entrï¿½e dans ActionJoueurs.php
19/07/2020 19:46:18 Entrï¿½e dans ActionJoueurs.php
19/07/2020 19:46:44 Entrï¿½e dans ActionJoueurs.php
19/07/2020 19:46:47 Entrï¿½e dans ActionJoueurs.php
19/07/2020 19:46:57 Entrï¿½e dans ActionJoueurs.php
19/07/2020 19:47:57 Entrï¿½e dans ActionJoueurs.php
19/07/2020 19:48:22 Entrï¿½e dans ActionJoueurs.php
19/07/2020 19:52:08 Entrï¿½e dans ActionJoueurs.php
19/07/2020 19:52:19 Entrï¿½e dans ActionJoueurs.php
19/07/2020 19:57:24 Entrï¿½e dans ActionJoueurs.php
19/07/2020 20:04:54 Entrï¿½e dans ActionJoueurs.php
19/07/2020 20:43:49 Entrï¿½e dans ActionJoueurs.php
19/07/2020 20:44:01 Entrï¿½e dans ActionJoueurs.php
19/07/2020 20:45:33 Entrï¿½e dans ActionJoueurs.php
19/07/2020 20:55:20 Entrï¿½e dans ActionJoueurs.php
19/07/2020 20:56:01 Entrï¿½e dans ActionJoueurs.php
19/07/2020 20:56:48 Entrï¿½e dans ActionJoueurs.php
19/07/2020 20:59:12 Entrï¿½e dans ActionJoueurs.php
19/07/2020 20:59:53 Entrï¿½e dans ActionJoueurs.php
19/07/2020 21:00:11 Entrï¿½e dans ActionJoueurs.php
19/07/2020 21:01:22 Entrï¿½e dans ActionJoueurs.php
19/07/2020 21:01:40 Entrï¿½e dans ActionJoueurs.php
19/07/2020 21:02:53 Entrï¿½e dans ActionJoueurs.php
19/07/2020 21:07:45 Entrï¿½e dans ActionJoueurs.php
19/07/2020 21:13:16 Entrï¿½e dans ActionJoueurs.php
19/07/2020 21:19:33 Entrï¿½e dans ActionJoueurs.php
19/07/2020 21:20:47 Entrï¿½e dans ActionEcoleDeFoot.php
19/07/2020 21:21:03 Entrï¿½e dans ActionJoueurs.php
19/07/2020 21:30:33 Entrée dans ActionAccueil.php
