01/02/2018 06:48:37 Entrée dans ActionAgenda.php
01/02/2018 07:59:39 Entrée dans ActionSponsor.php
01/02/2018 14:09:18 Entrée dans ActionAccueil.php
01/02/2018 19:29:29 Entrée dans ActionAccueil.php
01/02/2018 19:30:20 Entrée dans ActionJoueurs.php
01/02/2018 19:36:01 Entrée dans ActionEcoleDeFoot.php
01/02/2018 19:36:09 Entrée dans ActionJoueurs.php
01/02/2018 19:36:21 Entrée dans ActionClub.php
01/02/2018 19:51:04 Entrée dans ActionAccueil.php
01/02/2018 19:51:16 Entrée dans ActionJoueurs.php
01/02/2018 19:51:45 Entrée dans ActionAgenda.php
01/02/2018 19:52:01 Entrée dans ActionClub.php
01/02/2018 21:47:29 Entrée dans ActionContact.php
01/02/2018 21:47:30 Entrée dans ActionContact.php
02/02/2018 06:41:01 Entrée dans ActionEcoleDeFoot.php
02/02/2018 06:41:51 Entrée dans ActionEvenement.php
02/02/2018 06:42:00 Entrée dans ActionAgenda.php
02/02/2018 06:42:03 Entrée dans ActionEcoleDeFoot.php
02/02/2018 06:42:05 Entrée dans ActionJoueurs.php
02/02/2018 06:42:13 Entrée dans ActionClub.php
02/02/2018 06:42:23 Entrée dans ActionEvenement.php
02/02/2018 06:42:26 Entrée dans ActionSponsor.php
02/02/2018 06:42:33 Entrée dans ActionAgenda.php
02/02/2018 06:42:40 Entrée dans ActionClub.php
02/02/2018 06:42:55 Entrée dans ActionAgenda.php
02/02/2018 09:59:19 Entrée dans ActionAccueil.php
02/02/2018 16:53:40 Entrée dans ActionAccueil.php
02/02/2018 16:54:01 Entrée dans ActionJoueurs.php
02/02/2018 17:16:25 Entrée dans ActionAccueil.php
02/02/2018 17:19:31 Entrée dans ActionAccueil.php
02/02/2018 17:19:41 Entrée dans ActionClub.php
02/02/2018 17:20:23 Entrée dans ActionEcoleDeFoot.php
02/02/2018 17:20:36 Entrée dans ActionJoueurs.php
02/02/2018 20:08:11 Entrée dans ActionSponsor.php
03/02/2018 08:57:31 Entrée dans ActionAccueil.php
03/02/2018 08:57:31 Entrée dans ActionEcoleDeFoot.php
03/02/2018 08:57:32 Entrée dans ActionClub.php
03/02/2018 08:58:56 Entrée dans ActionAgenda.php
03/02/2018 08:58:56 Entrée dans ActionEvenement.php
03/02/2018 13:26:19 Entrée dans ActionJoueurs.php
03/02/2018 15:30:54 Entrée dans ActionAccueil.php
03/02/2018 23:38:52 Entrée dans ActionEcoleDeFoot.php
03/02/2018 23:41:25 Entrée dans ActionJoueurs.php
04/02/2018 02:08:59 Entrée dans ActionAccueil.php
04/02/2018 02:09:33 Entrée dans ActionAccueil.php
04/02/2018 02:10:02 Entrée dans ActionClub.php
04/02/2018 05:31:44 Entrée dans ActionAccueil.php
04/02/2018 10:48:30 Entrée dans ActionAccueil.php
04/02/2018 10:49:29 Entrée dans ActionClub.php
04/02/2018 10:49:42 Entrée dans ActionJoueurs.php
04/02/2018 11:38:21 Entrée dans ActionJoueurs.php
04/02/2018 13:42:14 Entrée dans ActionJoueurs.php
04/02/2018 14:42:35 Entrée dans ActionJoueurs.php
04/02/2018 17:09:20 Entrée dans ActionAccueil.php
04/02/2018 17:09:56 Entrée dans ActionSponsor.php
04/02/2018 19:43:17 Entrée dans ActionAccueil.php
04/02/2018 19:43:27 Entrée dans ActionLogin.php
04/02/2018 19:43:27 Authentification de tsutter.
04/02/2018 19:43:27 Entrée dans ActionProfil.php
04/02/2018 19:43:29 Entrée dans ActionRencontre.php
04/02/2018 19:43:39 Entrée dans RechercherEquipe.php
04/02/2018 19:43:40 Entrée dans RechercherCompetitionEquipe.php
04/02/2018 19:44:43 Entrée dans ActionRencontre.php
04/02/2018 19:44:55 Entrée dans ActionRencontre.php
04/02/2018 19:45:07 Entrée dans ActionRencontre.php
04/02/2018 19:45:39 Entrée dans RechercherRencontre.php
04/02/2018 19:45:44 Entrée dans ActionRencontre.php
04/02/2018 19:46:02 Entrée dans ActionAccueil.php
04/02/2018 21:44:58 Entrée dans ActionJoueurs.php
05/02/2018 01:55:07 Entrée dans ActionEcoleDeFoot.php
05/02/2018 11:11:29 Entrée dans ActionJoueurs.php
05/02/2018 11:56:32 Entrée dans ActionAccueil.php
05/02/2018 11:56:32 Entrée dans ActionClub.php
05/02/2018 11:56:32 Entrée dans ActionEcoleDeFoot.php
05/02/2018 12:15:30 Entrée dans ActionAccueil.php
05/02/2018 12:15:30 Entrée dans ActionEcoleDeFoot.php
05/02/2018 12:15:31 Entrée dans ActionClub.php
05/02/2018 12:20:26 Entrée dans ActionAgenda.php
05/02/2018 12:20:27 Entrée dans ActionEvenement.php
05/02/2018 12:28:13 Entrée dans ActionJoueurs.php
05/02/2018 12:28:14 Entrée dans ActionEvenement.php
05/02/2018 12:28:14 Entrée dans ActionAgenda.php
05/02/2018 21:40:54 Entrée dans ActionAccueil.php
06/02/2018 01:24:19 Entrée dans ActionEcoleDeFoot.php
06/02/2018 07:43:13 Entrée dans ActionClub.php
06/02/2018 10:42:08 Entrée dans ActionEcoleDeFoot.php
06/02/2018 11:12:22 Entrée dans ActionClub.php
06/02/2018 14:08:23 Entrée dans ActionAccueil.php
06/02/2018 14:08:35 Entrée dans ActionClub.php
06/02/2018 14:08:44 Entrée dans ActionAgenda.php
06/02/2018 14:08:54 Entrée dans ActionJoueurs.php
06/02/2018 14:08:59 Entrée dans ActionSponsor.php
06/02/2018 14:09:18 Entrée dans ActionEvenement.php
06/02/2018 14:09:25 Entrée dans ActionEcoleDeFoot.php
06/02/2018 14:46:18 Entrée dans ActionAccueil.php
06/02/2018 14:46:30 Entrée dans ActionAccueil.php
06/02/2018 14:46:40 Entrée dans ActionAccueil.php
06/02/2018 17:48:35 Entrée dans ActionAccueil.php
07/02/2018 07:41:13 Entrée dans ActionAccueil.php
07/02/2018 07:41:21 Entrée dans ActionClub.php
07/02/2018 07:41:24 Entrée dans ActionJoueurs.php
07/02/2018 07:41:27 Entrée dans ActionEcoleDeFoot.php
07/02/2018 07:41:31 Entrée dans ActionAgenda.php
07/02/2018 07:41:33 Entrée dans ActionEvenement.php
07/02/2018 07:41:36 Entrée dans ActionSponsor.php
07/02/2018 10:30:25 Entrée dans ActionAccueil.php
07/02/2018 10:30:25 Entrée dans ActionClub.php
07/02/2018 10:30:25 Entrée dans ActionEcoleDeFoot.php
07/02/2018 12:20:29 Entrée dans ActionAccueil.php
07/02/2018 12:21:42 Entrée dans ActionClub.php
07/02/2018 12:21:46 Entrée dans ActionEcoleDeFoot.php
07/02/2018 12:21:51 Entrée dans ActionAgenda.php
07/02/2018 12:21:54 Entrée dans ActionEvenement.php
07/02/2018 12:22:00 Entrée dans ActionSponsor.php
07/02/2018 15:22:42 Entrée dans ActionAccueil.php
07/02/2018 15:24:33 Entrée dans ActionEcoleDeFoot.php
07/02/2018 16:56:20 Entrée dans ActionAccueil.php
07/02/2018 17:05:32 Entrée dans ActionEcoleDeFoot.php
07/02/2018 20:14:30 Entrée dans ActionAccueil.php
07/02/2018 21:35:36 Entrée dans ActionClub.php
07/02/2018 22:24:12 Entrée dans ActionAccueil.php
07/02/2018 22:24:48 Entrée dans ActionClub.php
07/02/2018 22:27:29 Entrée dans ActionEcoleDeFoot.php
07/02/2018 22:27:56 Entrée dans ActionJoueurs.php
07/02/2018 22:28:09 Entrée dans ActionAgenda.php
07/02/2018 22:28:17 Entrée dans ActionAgenda.php
07/02/2018 22:28:21 Entrée dans ActionEvenement.php
07/02/2018 22:28:34 Entrée dans ActionSponsor.php
08/02/2018 15:03:14 Entrée dans ActionAccueil.php
08/02/2018 15:03:20 Entrée dans ActionLogin.php
08/02/2018 15:03:20 Authentification de tsutter.
08/02/2018 15:03:20 Entrée dans ActionProfil.php
08/02/2018 15:03:23 Entrée dans ActionArticle.php
08/02/2018 15:04:00 Entrée dans ActionArticle.php
08/02/2018 15:07:05 Entrée dans ActionArticle.php
08/02/2018 15:07:09 Entrée dans ActionAccueil.php
08/02/2018 15:08:53 Entrée dans ActionAccueil.php
08/02/2018 15:09:48 Entrée dans ActionAccueil.php
08/02/2018 15:11:11 Entrée dans ActionAccueil.php
08/02/2018 15:11:41 Entrée dans ActionJoueurs.php
08/02/2018 15:12:08 Entrée dans ActionJoueurs.php
08/02/2018 15:13:40 Entrée dans ActionAccueil.php
08/02/2018 15:13:50 Entrée dans ActionJoueurs.php
08/02/2018 15:13:58 Entrée dans ActionAccueil.php
08/02/2018 15:14:13 Entrée dans ActionAccueil.php
08/02/2018 15:14:25 Entrée dans ActionSponsor.php
08/02/2018 15:14:59 Entrée dans ActionEvenement.php
08/02/2018 15:15:06 Entrée dans ActionSponsor.php
08/02/2018 15:15:09 Entrée dans ActionEvenement.php
08/02/2018 15:16:37 Entrée dans ActionAgenda.php
08/02/2018 15:16:41 Entrée dans ActionEcoleDeFoot.php
08/02/2018 15:16:48 Entrée dans ActionJoueurs.php
08/02/2018 15:16:52 Entrée dans ActionClub.php
08/02/2018 15:17:05 Entrée dans ActionAccueil.php
08/02/2018 15:18:22 Entrée dans ActionAccueil.php
08/02/2018 15:18:33 Entrée dans ActionEcoleDeFoot.php
08/02/2018 15:22:14 Entrée dans ActionAccueil.php
08/02/2018 15:22:24 Entrée dans ActionAccueil.php
08/02/2018 15:22:36 Entrée dans ActionAccueil.php
08/02/2018 15:22:52 Entrée dans ActionAccueil.php
08/02/2018 15:22:53 Entrée dans ActionAccueil.php
08/02/2018 15:23:02 Entrée dans ActionClub.php
08/02/2018 15:24:31 Entrée dans ActionAccueil.php
08/02/2018 15:24:41 Entrée dans ActionAccueil.php
08/02/2018 15:24:46 Entrée dans ActionEvenement.php
08/02/2018 15:25:06 Entrée dans ActionEvenement.php
08/02/2018 15:25:22 Entrée dans ActionAgenda.php
08/02/2018 15:25:34 Entrée dans ActionAccueil.php
08/02/2018 15:25:52 Entrée dans ActionAgenda.php
08/02/2018 15:25:59 Entrée dans ActionAgenda.php
08/02/2018 15:26:15 Entrée dans ActionClub.php
08/02/2018 15:26:18 Entrée dans ActionEcoleDeFoot.php
08/02/2018 15:27:33 Entrée dans ActionAccueil.php
08/02/2018 15:27:58 Entrée dans ActionEvenement.php
08/02/2018 15:28:10 Entrée dans ActionEcoleDeFoot.php
08/02/2018 15:28:36 Entrée dans ActionAgenda.php
08/02/2018 15:28:52 Entrée dans ActionJoueurs.php
08/02/2018 15:28:53 Entrée dans ActionAgenda.php
08/02/2018 15:29:13 Entrée dans ActionEcoleDeFoot.php
08/02/2018 15:29:17 Entrée dans ActionJoueurs.php
08/02/2018 15:34:02 Entrée dans ActionAccueil.php
08/02/2018 15:34:46 Entrée dans ActionJoueurs.php
08/02/2018 15:40:06 Entrée dans ActionAccueil.php
08/02/2018 15:41:15 Entrée dans ActionAccueil.php
08/02/2018 15:41:48 Entrée dans ActionJoueurs.php
08/02/2018 15:47:14 Entrée dans ActionAccueil.php
08/02/2018 15:47:31 Entrée dans ActionJoueurs.php
08/02/2018 15:50:07 Entrée dans ActionAccueil.php
08/02/2018 16:03:39 Entrée dans ActionAgenda.php
08/02/2018 16:03:44 Entrée dans ActionClub.php
08/02/2018 16:04:49 Entrée dans ActionAccueil.php
08/02/2018 16:04:53 Entrée dans ActionAccueil.php
08/02/2018 16:06:02 Entrée dans ActionJoueurs.php
08/02/2018 16:06:06 Entrée dans ActionJoueurs.php
08/02/2018 16:07:18 Entrée dans ActionAccueil.php
08/02/2018 16:08:18 Entrée dans ActionAccueil.php
08/02/2018 16:09:19 Entrée dans ActionClub.php
08/02/2018 16:19:14 Entrée dans ActionAccueil.php
08/02/2018 16:20:39 Entrée dans ActionAccueil.php
08/02/2018 16:20:44 Entrée dans ActionSponsor.php
08/02/2018 16:20:59 Entrée dans ActionAccueil.php
08/02/2018 16:22:03 Entrée dans ActionEcoleDeFoot.php
08/02/2018 16:23:08 Entrée dans ActionJoueurs.php
08/02/2018 16:23:44 Entrée dans ActionAgenda.php
08/02/2018 16:23:58 Entrée dans ActionAgenda.php
08/02/2018 16:24:08 Entrée dans ActionEvenement.php
08/02/2018 16:24:26 Entrée dans ActionSponsor.php
08/02/2018 16:25:03 Entrée dans ActionAccueil.php
08/02/2018 16:39:44 Entrée dans ActionAccueil.php
08/02/2018 16:40:12 Entrée dans ActionEcoleDeFoot.php
08/02/2018 16:51:37 Entrée dans ActionAccueil.php
08/02/2018 16:52:56 Entrée dans ActionAccueil.php
08/02/2018 17:03:44 Entrée dans ActionAccueil.php
08/02/2018 17:04:37 Entrée dans ActionJoueurs.php
08/02/2018 17:14:09 Entrée dans ActionAccueil.php
08/02/2018 17:15:52 Entrée dans ActionAccueil.php
08/02/2018 17:16:31 Entrée dans ActionJoueurs.php
08/02/2018 17:16:54 Entrée dans ActionAgenda.php
08/02/2018 17:19:02 Entrée dans ActionClub.php
08/02/2018 17:19:16 Entrée dans ActionAccueil.php
08/02/2018 17:25:31 Entrée dans ActionAccueil.php
08/02/2018 17:29:17 Entrée dans ActionAccueil.php
08/02/2018 17:45:57 Entrée dans ActionAccueil.php
08/02/2018 17:53:00 Entrée dans ActionAccueil.php
08/02/2018 17:55:42 Entrée dans ActionAccueil.php
08/02/2018 18:05:39 Entrée dans ActionAccueil.php
08/02/2018 18:05:45 Entrée dans ActionAccueil.php
08/02/2018 18:05:55 Entrée dans ActionEcoleDeFoot.php
08/02/2018 18:06:12 Entrée dans ActionAccueil.php
08/02/2018 18:06:18 Entrée dans ActionEcoleDeFoot.php
08/02/2018 18:14:32 Entrée dans ActionAccueil.php
08/02/2018 18:15:24 Entrée dans ActionEcoleDeFoot.php
08/02/2018 18:15:58 Entrée dans ActionClub.php
08/02/2018 18:17:49 Entrée dans ActionEcoleDeFoot.php
08/02/2018 18:17:53 Entrée dans ActionAgenda.php
08/02/2018 18:17:54 Entrée dans ActionAgenda.php
08/02/2018 18:17:58 Entrée dans ActionEvenement.php
08/02/2018 18:18:05 Entrée dans ActionSponsor.php
08/02/2018 18:18:31 Entrée dans ActionEvenement.php
08/02/2018 18:19:01 Entrée dans ActionAccueil.php
08/02/2018 18:19:03 Entrée dans ActionClub.php
08/02/2018 18:19:10 Entrée dans ActionEcoleDeFoot.php
08/02/2018 18:19:16 Entrée dans ActionAgenda.php
08/02/2018 18:32:09 Entrée dans ActionAccueil.php
08/02/2018 18:32:14 Entrée dans ActionEcoleDeFoot.php
08/02/2018 18:33:47 Entrée dans ActionAccueil.php
08/02/2018 18:41:40 Entrée dans ActionAccueil.php
08/02/2018 18:41:51 Entrée dans ActionEcoleDeFoot.php
08/02/2018 18:43:29 Entrée dans ActionAccueil.php
08/02/2018 18:43:59 Entrée dans ActionJoueurs.php
08/02/2018 18:44:19 Entrée dans ActionClub.php
08/02/2018 18:45:56 Entrée dans ActionEvenement.php
08/02/2018 18:45:59 Entrée dans ActionClub.php
08/02/2018 18:46:04 Entrée dans ActionJoueurs.php
08/02/2018 18:46:04 Entrée dans ActionAccueil.php
08/02/2018 18:46:04 Entrée dans ActionEcoleDeFoot.php
08/02/2018 18:46:18 Entrée dans ActionJoueurs.php
08/02/2018 18:46:19 Entrée dans ActionJoueurs.php
08/02/2018 18:46:20 Entrée dans ActionEcoleDeFoot.php
08/02/2018 18:46:21 Entrée dans ActionAgenda.php
08/02/2018 18:46:22 Entrée dans ActionEvenement.php
08/02/2018 18:46:26 Entrée dans ActionClub.php
08/02/2018 18:46:27 Entrée dans ActionJoueurs.php
08/02/2018 18:46:42 Entrée dans ActionAccueil.php
08/02/2018 18:53:23 Entrée dans ActionAccueil.php
08/02/2018 18:53:27 Entrée dans ActionEcoleDeFoot.php
08/02/2018 18:54:44 Entrée dans ActionClub.php
08/02/2018 18:54:47 Entrée dans ActionJoueurs.php
08/02/2018 18:54:49 Entrée dans ActionEcoleDeFoot.php
08/02/2018 18:54:50 Entrée dans ActionAgenda.php
08/02/2018 18:54:52 Entrée dans ActionEvenement.php
08/02/2018 18:55:11 Entrée dans ActionAgenda.php
08/02/2018 18:55:13 Entrée dans ActionAgenda.php
08/02/2018 18:55:46 Entrée dans ActionEcoleDeFoot.php
08/02/2018 18:56:00 Entrée dans ActionSponsor.php
08/02/2018 18:56:05 Entrée dans ActionEcoleDeFoot.php
08/02/2018 18:56:20 Entrée dans ActionSponsor.php
08/02/2018 18:56:22 Entrée dans ActionSponsor.php
08/02/2018 18:56:38 Entrée dans ActionAgenda.php
08/02/2018 18:56:41 Entrée dans ActionClub.php
08/02/2018 18:56:43 Entrée dans ActionAccueil.php
08/02/2018 19:00:58 Entrée dans ActionAccueil.php
08/02/2018 19:01:00 Entrée dans ActionAccueil.php
08/02/2018 19:01:36 Entrée dans ActionClub.php
08/02/2018 19:05:08 Entrée dans ActionAccueil.php
08/02/2018 19:06:28 Entrée dans ActionClub.php
08/02/2018 19:06:30 Entrée dans ActionJoueurs.php
08/02/2018 19:06:33 Entrée dans ActionClub.php
08/02/2018 19:06:35 Entrée dans ActionAgenda.php
08/02/2018 19:06:39 Entrée dans ActionEcoleDeFoot.php
08/02/2018 19:18:43 Entrée dans ActionAccueil.php
08/02/2018 19:18:43 Entrée dans ActionAccueil.php
08/02/2018 19:18:43 Entrée dans ActionAccueil.php
08/02/2018 19:18:49 Entrée dans ActionAccueil.php
08/02/2018 19:18:49 Entrée dans ActionAccueil.php
08/02/2018 19:18:50 Entrée dans ActionAccueil.php
08/02/2018 19:18:51 Entrée dans ActionAccueil.php
08/02/2018 19:18:58 Entrée dans ActionAccueil.php
08/02/2018 19:19:05 Entrée dans ActionEcoleDeFoot.php
08/02/2018 19:31:53 Entrée dans ActionAccueil.php
08/02/2018 19:31:57 Entrée dans ActionLogin.php
08/02/2018 19:31:57 Authentification de tsutter.
08/02/2018 19:31:57 Entrée dans ActionProfil.php
08/02/2018 19:32:05 Entrée dans ActionEquipe.php
08/02/2018 19:32:10 Entrée dans RechercherEquipe.php
08/02/2018 19:33:21 Entrée dans ActionCompetition.php
08/02/2018 19:33:23 Entrée dans ActionUtilisateur.php
08/02/2018 19:33:27 Entrée dans ActionAccueil.php
08/02/2018 19:36:23 Entrée dans RechercherEquipe.php
08/02/2018 19:40:41 Entrée dans ActionAccueil.php
08/02/2018 19:40:41 Entrée dans ActionAccueil.php
08/02/2018 19:41:48 Entrée dans ActionEquipe.php
08/02/2018 19:41:53 Entrée dans RechercherEquipe.php
08/02/2018 19:42:00 Entrée dans ActionUtilisateur.php
08/02/2018 19:42:03 Entrée dans RechercherEquipe.php
08/02/2018 19:49:52 Entrée dans ActionAccueil.php
08/02/2018 19:49:54 Entrée dans ActionEcoleDeFoot.php
08/02/2018 20:03:39 Entrée dans ActionAccueil.php
08/02/2018 20:04:49 Entrée dans ActionJoueurs.php
08/02/2018 20:05:20 Entrée dans ActionClub.php
08/02/2018 20:20:38 Entrée dans ActionAccueil.php
08/02/2018 20:21:25 Entrée dans ActionJoueurs.php
08/02/2018 20:24:08 Entrée dans ActionEcoleDeFoot.php
08/02/2018 20:25:50 Entrée dans ActionAccueil.php
08/02/2018 20:27:33 Entrée dans ActionEcoleDeFoot.php
08/02/2018 20:28:27 Entrée dans ActionEvenement.php
08/02/2018 20:43:16 Entrée dans ActionAccueil.php
08/02/2018 20:43:22 Entrée dans ActionEcoleDeFoot.php
08/02/2018 20:56:23 Entrée dans ActionAccueil.php
08/02/2018 20:56:58 Entrée dans ActionAccueil.php
08/02/2018 20:59:12 Entrée dans ActionAccueil.php
08/02/2018 20:59:48 Entrée dans ActionAccueil.php
08/02/2018 21:08:18 Entrée dans ActionAccueil.php
08/02/2018 21:12:24 Entrée dans ActionAccueil.php
08/02/2018 21:12:42 Entrée dans ActionEcoleDeFoot.php
08/02/2018 21:17:04 Entrée dans ActionAccueil.php
08/02/2018 21:20:18 Entrée dans ActionAccueil.php
08/02/2018 21:21:36 Entrée dans ActionEcoleDeFoot.php
08/02/2018 21:22:22 Entrée dans ActionJoueurs.php
08/02/2018 21:22:54 Entrée dans ActionClub.php
08/02/2018 21:32:47 Entrée dans ActionClub.php
08/02/2018 21:33:31 Entrée dans ActionEcoleDeFoot.php
08/02/2018 21:33:37 Entrée dans ActionEvenement.php
08/02/2018 21:33:50 Entrée dans ActionAgenda.php
08/02/2018 21:34:02 Entrée dans ActionAccueil.php
08/02/2018 21:35:59 Entrée dans ActionAgenda.php
08/02/2018 21:36:04 Entrée dans ActionAgenda.php
08/02/2018 21:36:20 Entrée dans ActionAgenda.php
08/02/2018 21:36:25 Entrée dans ActionAgenda.php
08/02/2018 21:38:11 Entrée dans ActionAccueil.php
08/02/2018 21:39:30 Entrée dans ActionAccueil.php
08/02/2018 21:49:26 Entrée dans ActionAccueil.php
08/02/2018 23:22:42 Entrée dans ActionAccueil.php
08/02/2018 23:22:46 Entrée dans ActionEcoleDeFoot.php
08/02/2018 23:22:55 Entrée dans ActionJoueurs.php
08/02/2018 23:23:13 Entrée dans ActionAgenda.php
08/02/2018 23:23:18 Entrée dans ActionEvenement.php
08/02/2018 23:23:37 Entrée dans ActionAccueil.php
08/02/2018 23:45:29 Entrée dans ActionAccueil.php
09/02/2018 00:11:59 Entrée dans ActionClub.php
09/02/2018 07:30:13 Entrée dans ActionAccueil.php
09/02/2018 07:30:39 Entrée dans ActionEcoleDeFoot.php
09/02/2018 10:09:43 Entrée dans ActionAccueil.php
09/02/2018 10:46:30 Entrée dans ActionAccueil.php
09/02/2018 10:46:35 Entrée dans ActionLogin.php
09/02/2018 10:46:35 Authentification de tsutter.
09/02/2018 10:46:35 Entrée dans ActionProfil.php
09/02/2018 10:46:40 Entrée dans ActionUtilisateur.php
09/02/2018 10:47:02 Entrée dans ActionUtilisateur.php
09/02/2018 10:47:11 Entrée dans ActionUtilisateur.php
09/02/2018 10:47:23 Entrée dans ActionUtilisateur.php
09/02/2018 10:47:29 Entrée dans ActionUtilisateur.php
09/02/2018 10:47:37 Entrée dans ActionUtilisateur.php
09/02/2018 10:47:43 Entrée dans ActionUtilisateur.php
09/02/2018 10:47:54 Entrée dans ActionUtilisateur.php
09/02/2018 10:49:20 Entrée dans ActionUtilisateur.php
09/02/2018 10:53:13 Entrée dans ActionUtilisateur.php
09/02/2018 10:53:22 Entrée dans ActionProfil.php
09/02/2018 10:53:25 Entrée dans ActionAccueil.php
09/02/2018 10:53:25 Entrée dans ActionAccueil.php
09/02/2018 13:22:56 Entrée dans ActionAccueil.php
09/02/2018 13:23:12 Entrée dans ActionEcoleDeFoot.php
09/02/2018 15:38:10 Entrée dans ActionAccueil.php
09/02/2018 15:38:11 Entrée dans ActionAccueil.php
09/02/2018 15:38:46 Entrée dans ActionAgenda.php
09/02/2018 15:39:18 Entrée dans ActionAccueil.php
09/02/2018 15:39:28 Entrée dans ActionAgenda.php
09/02/2018 15:39:59 Entrée dans ActionAccueil.php
09/02/2018 15:40:19 Entrée dans ActionEcoleDeFoot.php
09/02/2018 18:43:16 Entrée dans ActionAccueil.php
09/02/2018 18:44:43 Entrée dans ActionEcoleDeFoot.php
09/02/2018 18:44:50 Entrée dans ActionClub.php
09/02/2018 18:45:23 Entrée dans ActionEcoleDeFoot.php
09/02/2018 18:46:39 Entrée dans ActionEvenement.php
09/02/2018 20:00:18 Entrée dans ActionAccueil.php
09/02/2018 20:15:51 Entrée dans ActionAccueil.php
09/02/2018 20:27:46 Entrée dans ActionAgenda.php
09/02/2018 20:28:55 Entrée dans ActionAccueil.php
09/02/2018 20:29:19 Entrée dans ActionJoueurs.php
09/02/2018 23:10:20 Entrée dans ActionAccueil.php
09/02/2018 23:10:42 Entrée dans ActionEcoleDeFoot.php
09/02/2018 23:10:52 Entrée dans ActionClub.php
09/02/2018 23:10:54 Entrée dans ActionAccueil.php
09/02/2018 23:10:59 Entrée dans ActionClub.php
10/02/2018 04:55:10 Entrée dans ActionAccueil.php
10/02/2018 07:45:04 Entrée dans ActionAccueil.php
10/02/2018 07:49:48 Entrée dans ActionAccueil.php
10/02/2018 08:29:54 Entrée dans ActionAccueil.php
10/02/2018 08:44:58 Entrée dans ActionSponsor.php
10/02/2018 12:21:19 Entrée dans ActionAccueil.php
10/02/2018 12:21:31 Entrée dans ActionEcoleDeFoot.php
10/02/2018 12:21:52 Entrée dans ActionJoueurs.php
10/02/2018 12:22:10 Entrée dans ActionSponsor.php
10/02/2018 12:29:46 Entrée dans ActionEcoleDeFoot.php
10/02/2018 12:29:52 Entrée dans ActionClub.php
10/02/2018 12:31:46 Entrée dans ActionAgenda.php
10/02/2018 12:32:07 Entrée dans ActionSponsor.php
10/02/2018 12:34:14 Entrée dans ActionJoueurs.php
10/02/2018 12:34:55 Entrée dans ActionEvenement.php
10/02/2018 13:02:29 Entrée dans ActionAccueil.php
10/02/2018 16:22:21 Entrée dans ActionAgenda.php
10/02/2018 19:39:46 Entrée dans ActionAccueil.php
10/02/2018 19:39:58 Entrée dans ActionEcoleDeFoot.php
10/02/2018 19:40:12 Entrée dans ActionAgenda.php
10/02/2018 19:40:40 Entrée dans ActionAccueil.php
10/02/2018 19:41:02 Entrée dans ActionAgenda.php
10/02/2018 19:41:17 Entrée dans ActionAccueil.php
10/02/2018 19:41:24 Entrée dans ActionAccueil.php
10/02/2018 19:41:36 Entrée dans ActionEcoleDeFoot.php
10/02/2018 19:42:02 Entrée dans ActionClub.php
10/02/2018 19:42:19 Entrée dans ActionAccueil.php
10/02/2018 19:42:39 Entrée dans ActionEcoleDeFoot.php
10/02/2018 20:16:41 Entrée dans ActionAccueil.php
10/02/2018 20:17:41 Entrée dans ActionJoueurs.php
10/02/2018 20:18:35 Entrée dans ActionJoueurs.php
10/02/2018 21:58:07 Entrée dans ActionAccueil.php
10/02/2018 21:58:44 Entrée dans ActionEcoleDeFoot.php
10/02/2018 21:58:47 Entrée dans ActionEvenement.php
10/02/2018 21:58:53 Entrée dans ActionAccueil.php
10/02/2018 22:41:47 Entrée dans ActionAccueil.php
10/02/2018 22:41:57 Entrée dans ActionClub.php
10/02/2018 22:41:58 Entrée dans ActionSponsor.php
10/02/2018 22:41:58 Entrée dans ActionJoueurs.php
10/02/2018 22:41:58 Entrée dans ActionAgenda.php
10/02/2018 22:41:58 Entrée dans ActionEvenement.php
10/02/2018 22:41:58 Entrée dans ActionEcoleDeFoot.php
10/02/2018 23:28:38 Entrée dans ActionAccueil.php
10/02/2018 23:28:38 Entrée dans ActionClub.php
10/02/2018 23:28:39 Entrée dans ActionJoueurs.php
10/02/2018 23:28:40 Entrée dans ActionEcoleDeFoot.php
10/02/2018 23:28:40 Entrée dans ActionAgenda.php
11/02/2018 04:26:53 Entrée dans ActionAccueil.php
11/02/2018 09:21:10 Entrée dans ActionAccueil.php
11/02/2018 09:22:07 Entrée dans ActionAgenda.php
11/02/2018 09:22:25 Entrée dans ActionAgenda.php
11/02/2018 09:22:42 Entrée dans ActionAgenda.php
11/02/2018 13:06:51 Entrée dans ActionAccueil.php
11/02/2018 15:05:01 Entrée dans ActionContact.php
11/02/2018 15:05:03 Entrée dans ActionContact.php
11/02/2018 18:09:14 Entrée dans ActionEcoleDeFoot.php
11/02/2018 18:09:16 Entrée dans ActionJoueurs.php
11/02/2018 18:09:18 Entrée dans ActionClub.php
11/02/2018 18:09:20 Entrée dans ActionAccueil.php
11/02/2018 19:30:21 Entrée dans ActionAccueil.php
11/02/2018 20:56:28 Entrée dans ActionAccueil.php
11/02/2018 20:56:33 Entrée dans ActionLogin.php
11/02/2018 20:56:33 Authentification de tsutter.
11/02/2018 20:56:34 Entrée dans ActionProfil.php
11/02/2018 20:56:40 Entrée dans ActionArticle.php
11/02/2018 20:58:27 Entrée dans ActionArticle.php
11/02/2018 20:58:33 Entrée dans ActionAccueil.php
11/02/2018 21:08:54 Entrée dans ActionAccueil.php
12/02/2018 05:13:18 Entrée dans ActionClub.php
12/02/2018 06:31:38 Entrée dans ActionAccueil.php
12/02/2018 11:48:20 Entrée dans ActionAccueil.php
12/02/2018 11:48:24 Entrée dans ActionClub.php
12/02/2018 11:48:26 Entrée dans ActionJoueurs.php
12/02/2018 11:48:29 Entrée dans ActionEcoleDeFoot.php
12/02/2018 11:48:31 Entrée dans ActionAgenda.php
12/02/2018 11:48:33 Entrée dans ActionEvenement.php
12/02/2018 11:48:35 Entrée dans ActionSponsor.php
12/02/2018 11:54:55 Entrée dans ActionAccueil.php
12/02/2018 11:55:23 Entrée dans ActionLogin.php
12/02/2018 11:55:23 Authentification de tsutter.
12/02/2018 11:55:23 Entrée dans ActionProfil.php
12/02/2018 11:55:26 Entrée dans ActionArticle.php
12/02/2018 11:55:29 Entrée dans RechercherArticle.php
12/02/2018 14:41:37 Entrée dans ActionAccueil.php
12/02/2018 15:34:16 Entrée dans ActionAccueil.php
12/02/2018 15:35:06 Entrée dans ActionClub.php
12/02/2018 15:35:11 Entrée dans ActionEcoleDeFoot.php
12/02/2018 15:35:50 Entrée dans ActionAgenda.php
12/02/2018 15:35:54 Entrée dans ActionEvenement.php
12/02/2018 16:26:01 Entrée dans ActionAccueil.php
12/02/2018 20:39:27 Entrée dans ActionAccueil.php
13/02/2018 01:36:25 Entrée dans ActionAccueil.php
13/02/2018 01:36:38 Entrée dans ActionClub.php
13/02/2018 01:36:48 Entrée dans ActionAgenda.php
13/02/2018 01:36:58 Entrée dans ActionSponsor.php
13/02/2018 01:37:09 Entrée dans ActionJoueurs.php
13/02/2018 01:37:18 Entrée dans ActionEvenement.php
13/02/2018 01:37:28 Entrée dans ActionEcoleDeFoot.php
13/02/2018 13:40:23 Entrée dans ActionAccueil.php
13/02/2018 15:29:00 Entrée dans ActionAccueil.php
13/02/2018 18:34:26 Entrée dans ActionAccueil.php
13/02/2018 19:20:07 Entrée dans ActionAgenda.php
13/02/2018 19:20:10 Entrée dans ActionClub.php
13/02/2018 19:20:10 Entrée dans ActionEcoleDeFoot.php
13/02/2018 19:20:10 Entrée dans ActionAccueil.php
13/02/2018 23:39:48 Entrée dans ActionJoueurs.php
14/02/2018 02:51:07 Entrée dans ActionJoueurs.php
14/02/2018 03:40:18 Entrée dans ActionAccueil.php
14/02/2018 05:26:21 Entrée dans ActionClub.php
14/02/2018 10:32:53 Entrée dans ActionAccueil.php
14/02/2018 10:32:55 Entrée dans ActionClub.php
14/02/2018 10:32:56 Entrée dans ActionJoueurs.php
14/02/2018 10:32:57 Entrée dans ActionEcoleDeFoot.php
14/02/2018 10:32:58 Entrée dans ActionAgenda.php
14/02/2018 13:13:22 Entrée dans ActionAccueil.php
14/02/2018 13:14:16 Entrée dans ActionClub.php
14/02/2018 13:14:33 Entrée dans ActionClub.php
14/02/2018 13:16:44 Entrée dans ActionEcoleDeFoot.php
14/02/2018 13:17:16 Entrée dans ActionAgenda.php
14/02/2018 15:01:35 Entrée dans ActionAccueil.php
14/02/2018 15:01:54 Entrée dans ActionAgenda.php
14/02/2018 15:31:41 Entrée dans ActionSponsor.php
14/02/2018 19:49:22 Entrée dans ActionAccueil.php
15/02/2018 00:58:43 Entrée dans ActionAccueil.php
15/02/2018 00:58:50 Entrée dans ActionAccueil.php
15/02/2018 00:59:25 Entrée dans ActionClub.php
15/02/2018 00:59:35 Entrée dans ActionClub.php
15/02/2018 01:00:59 Entrée dans ActionAgenda.php
15/02/2018 01:01:12 Entrée dans ActionAgenda.php
15/02/2018 19:32:48 Entrée dans ActionClub.php
15/02/2018 19:42:59 Entrée dans ActionAccueil.php
15/02/2018 19:43:59 Entrée dans ActionJoueurs.php
15/02/2018 19:44:36 Entrée dans ActionEcoleDeFoot.php
15/02/2018 19:45:09 Entrée dans ActionAgenda.php
15/02/2018 21:30:20 Entrée dans ActionAccueil.php
15/02/2018 23:40:36 Entrée dans ActionAccueil.php
16/02/2018 02:06:01 Entrée dans ActionAccueil.php
16/02/2018 03:29:44 Entrée dans ActionAccueil.php
16/02/2018 03:29:47 Entrée dans ActionClub.php
16/02/2018 03:29:51 Entrée dans ActionJoueurs.php
16/02/2018 03:29:54 Entrée dans ActionEcoleDeFoot.php
16/02/2018 03:30:01 Entrée dans ActionAgenda.php
16/02/2018 03:30:07 Entrée dans ActionEvenement.php
16/02/2018 03:30:12 Entrée dans ActionSponsor.php
16/02/2018 07:25:08 Entrée dans ActionEcoleDeFoot.php
16/02/2018 15:48:52 Entrée dans ActionAccueil.php
16/02/2018 15:49:15 Entrée dans ActionJoueurs.php
16/02/2018 20:41:50 Entrée dans ActionAccueil.php
16/02/2018 20:42:44 Entrée dans ActionClub.php
16/02/2018 20:44:43 Entrée dans ActionEcoleDeFoot.php
16/02/2018 20:45:05 Entrée dans ActionJoueurs.php
16/02/2018 22:33:40 Entrée dans ActionContact.php
16/02/2018 22:33:41 Entrée dans ActionContact.php
16/02/2018 22:33:43 Entrée dans ActionContact.php
17/02/2018 03:13:17 Entrée dans ActionAccueil.php
17/02/2018 10:59:30 Entrée dans ActionAccueil.php
17/02/2018 11:00:26 Entrée dans ActionClub.php
17/02/2018 11:01:39 Entrée dans ActionEvenement.php
17/02/2018 12:12:28 Entrée dans ActionClub.php
17/02/2018 15:54:31 Entrée dans ActionAgenda.php
17/02/2018 15:54:32 Entrée dans ActionAgenda.php
17/02/2018 15:54:33 Entrée dans ActionAgenda.php
17/02/2018 15:54:33 Entrée dans ActionAccueil.php
17/02/2018 15:54:33 Entrée dans ActionClub.php
17/02/2018 15:54:34 Entrée dans ActionJoueurs.php
17/02/2018 15:54:34 Entrée dans ActionEcoleDeFoot.php
17/02/2018 15:54:34 Entrée dans ActionEvenement.php
17/02/2018 15:54:35 Entrée dans ActionSponsor.php
17/02/2018 19:32:13 Entrée dans ActionAccueil.php
17/02/2018 20:04:19 Entrée dans ActionAccueil.php
17/02/2018 21:08:33 Entrée dans ActionEcoleDeFoot.php
17/02/2018 21:35:06 Entrée dans ActionAccueil.php
17/02/2018 21:35:56 Entrée dans ActionEcoleDeFoot.php
17/02/2018 22:47:54 Entrée dans ActionEcoleDeFoot.php
17/02/2018 22:47:57 Entrée dans ActionAgenda.php
17/02/2018 22:48:01 Entrée dans ActionEvenement.php
17/02/2018 23:46:03 Entrée dans ActionAccueil.php
18/02/2018 00:04:48 Entrée dans ActionClub.php
18/02/2018 00:58:18 Entrée dans ActionAccueil.php
18/02/2018 00:58:19 Entrée dans ActionAccueil.php
18/02/2018 00:58:22 Entrée dans ActionAgenda.php
18/02/2018 00:58:23 Entrée dans ActionAgenda.php
18/02/2018 00:58:25 Entrée dans ActionClub.php
18/02/2018 00:58:27 Entrée dans ActionClub.php
18/02/2018 00:58:29 Entrée dans ActionEcoleDeFoot.php
18/02/2018 00:58:30 Entrée dans ActionEcoleDeFoot.php
18/02/2018 00:58:31 Entrée dans ActionEvenement.php
18/02/2018 00:58:32 Entrée dans ActionEvenement.php
18/02/2018 00:58:34 Entrée dans ActionJoueurs.php
18/02/2018 00:58:35 Entrée dans ActionJoueurs.php
18/02/2018 00:58:36 Entrée dans ActionSponsor.php
18/02/2018 00:58:37 Entrée dans ActionSponsor.php
18/02/2018 04:07:41 Entrée dans ActionAccueil.php
18/02/2018 07:38:36 Entrée dans ActionEvenement.php
18/02/2018 07:59:58 Entrée dans ActionAccueil.php
18/02/2018 08:00:36 Entrée dans ActionJoueurs.php
18/02/2018 13:32:12 Entrée dans ActionAgenda.php
18/02/2018 14:13:32 Entrée dans ActionAccueil.php
18/02/2018 14:14:06 Entrée dans ActionAgenda.php
18/02/2018 14:14:35 Entrée dans ActionAgenda.php
18/02/2018 14:18:13 Entrée dans ActionAccueil.php
18/02/2018 14:18:43 Entrée dans ActionAgenda.php
18/02/2018 14:18:49 Entrée dans ActionAgenda.php
18/02/2018 14:19:04 Entrée dans ActionAccueil.php
18/02/2018 14:19:08 Entrée dans ActionJoueurs.php
18/02/2018 15:00:21 Entrée dans ActionAccueil.php
18/02/2018 16:26:32 Entrée dans ActionAgenda.php
18/02/2018 16:26:33 Entrée dans ActionAgenda.php
18/02/2018 16:26:33 Entrée dans ActionAgenda.php
18/02/2018 16:26:33 Entrée dans ActionAccueil.php
18/02/2018 16:26:34 Entrée dans ActionClub.php
18/02/2018 16:26:34 Entrée dans ActionJoueurs.php
18/02/2018 16:26:36 Entrée dans ActionEcoleDeFoot.php
18/02/2018 16:26:36 Entrée dans ActionEvenement.php
18/02/2018 16:26:37 Entrée dans ActionSponsor.php
18/02/2018 16:29:41 Entrée dans ActionAccueil.php
18/02/2018 16:30:07 Entrée dans ActionEcoleDeFoot.php
18/02/2018 16:30:27 Entrée dans ActionClub.php
18/02/2018 20:00:53 Entrée dans ActionAccueil.php
18/02/2018 20:30:23 Entrée dans ActionClub.php
18/02/2018 21:27:19 Entrée dans ActionContact.php
18/02/2018 21:27:20 Entrée dans ActionContact.php
18/02/2018 21:41:50 Entrée dans ActionJoueurs.php
18/02/2018 21:42:07 Entrée dans ActionClub.php
18/02/2018 21:43:01 Entrée dans ActionEcoleDeFoot.php
18/02/2018 22:51:14 Entrée dans ActionAccueil.php
18/02/2018 22:51:47 Entrée dans ActionLogin.php
18/02/2018 22:51:47 Authentification de tsutter.
18/02/2018 22:51:47 Entrée dans ActionProfil.php
18/02/2018 22:52:04 Entrée dans ActionArticle.php
18/02/2018 22:53:29 Entrée dans ActionArticle.php
18/02/2018 22:54:13 Entrée dans ActionArticle.php
18/02/2018 22:54:19 Entrée dans ActionAccueil.php
18/02/2018 22:57:45 Entrée dans ActionProfil.php
18/02/2018 22:57:49 Entrée dans ActionRencontre.php
18/02/2018 22:58:03 Entrée dans GestionResultats.php
18/02/2018 22:58:44 Entrée dans GestionResultats.php
18/02/2018 22:59:00 Entrée dans ActionAccueil.php
18/02/2018 23:16:15 Entrée dans ActionEvenement.php
18/02/2018 23:38:35 Entrée dans ActionAccueil.php
19/02/2018 13:28:30 Entrée dans ActionAccueil.php
19/02/2018 13:28:44 Entrée dans ActionClub.php
19/02/2018 13:28:54 Entrée dans ActionAgenda.php
19/02/2018 13:29:04 Entrée dans ActionJoueurs.php
19/02/2018 13:29:08 Entrée dans ActionSponsor.php
19/02/2018 13:29:24 Entrée dans ActionEvenement.php
19/02/2018 13:29:33 Entrée dans ActionEcoleDeFoot.php
19/02/2018 14:36:57 Entrée dans ActionAccueil.php
19/02/2018 16:53:56 Entrée dans ActionAccueil.php
19/02/2018 22:50:17 Entrée dans ActionContact.php
19/02/2018 22:50:18 Entrée dans ActionContact.php
20/02/2018 01:38:45 Entrée dans ActionAccueil.php
20/02/2018 01:38:59 Entrée dans ActionJoueurs.php
20/02/2018 01:39:20 Entrée dans ActionClub.php
20/02/2018 06:39:36 Entrée dans ActionEvenement.php
20/02/2018 06:39:36 Entrée dans ActionAgenda.php
20/02/2018 06:39:40 Entrée dans ActionClub.php
20/02/2018 06:39:40 Entrée dans ActionEcoleDeFoot.php
20/02/2018 06:39:40 Entrée dans ActionAccueil.php
20/02/2018 10:54:38 Entrée dans ActionAccueil.php
20/02/2018 10:54:51 Entrée dans ActionEcoleDeFoot.php
20/02/2018 10:56:30 Entrée dans ActionClub.php
20/02/2018 10:56:54 Entrée dans ActionEvenement.php
20/02/2018 11:31:16 Entrée dans ActionClub.php
21/02/2018 01:09:39 Entrée dans ActionClub.php
21/02/2018 08:11:28 Entrée dans ActionAccueil.php
21/02/2018 20:35:10 Entrée dans ActionAccueil.php
22/02/2018 00:44:03 Entrée dans ActionEvenement.php
22/02/2018 02:12:31 Entrée dans ActionJoueurs.php
22/02/2018 03:47:13 Entrée dans ActionJoueurs.php
22/02/2018 07:25:43 Entrée dans ActionAgenda.php
22/02/2018 09:44:31 Entrée dans ActionJoueurs.php
22/02/2018 10:29:13 Entrée dans ActionJoueurs.php
22/02/2018 15:37:20 Entrée dans ActionAccueil.php
22/02/2018 19:30:48 Entrée dans ActionJoueurs.php
22/02/2018 21:44:19 Entrée dans ActionAccueil.php
23/02/2018 03:51:43 Entrée dans ActionAccueil.php
23/02/2018 03:51:48 Entrée dans RechercherArticle.php
23/02/2018 03:51:48 Entrée dans ActionAccueil.php
23/02/2018 03:51:48 Entrée dans ActionClub.php
23/02/2018 03:51:48 Entrée dans ActionJoueurs.php
23/02/2018 03:51:48 Entrée dans ActionEcoleDeFoot.php
23/02/2018 03:51:49 Entrée dans ActionAgenda.php
23/02/2018 03:51:50 Entrée dans ActionEvenement.php
23/02/2018 03:51:51 Entrée dans ActionSponsor.php
23/02/2018 04:33:07 Entrée dans ActionEvenement.php
23/02/2018 04:40:29 Entrée dans ActionAccueil.php
23/02/2018 04:40:38 Entrée dans RechercherArticle.php
23/02/2018 04:40:38 Entrée dans ActionClub.php
23/02/2018 04:40:39 Entrée dans ActionAccueil.php
23/02/2018 04:40:39 Entrée dans ActionJoueurs.php
23/02/2018 04:40:40 Entrée dans ActionEcoleDeFoot.php
23/02/2018 04:40:43 Entrée dans ActionAgenda.php
23/02/2018 04:40:48 Entrée dans ActionEvenement.php
23/02/2018 04:40:49 Entrée dans ActionSponsor.php
23/02/2018 05:35:57 Entrée dans ActionEcoleDeFoot.php
23/02/2018 05:55:46 Entrée dans ActionEcoleDeFoot.php
23/02/2018 10:16:32 Entrée dans ActionAccueil.php
23/02/2018 11:14:48 Entrée dans ActionAccueil.php
23/02/2018 11:15:34 Entrée dans ActionEcoleDeFoot.php
23/02/2018 11:16:14 Entrée dans ActionClub.php
23/02/2018 11:16:18 Entrée dans ActionAgenda.php
23/02/2018 11:16:34 Entrée dans ActionAgenda.php
23/02/2018 11:16:41 Entrée dans ActionClub.php
23/02/2018 11:17:01 Entrée dans ActionSponsor.php
23/02/2018 11:17:08 Entrée dans ActionEvenement.php
23/02/2018 11:17:17 Entrée dans ActionAgenda.php
23/02/2018 11:17:19 Entrée dans ActionEcoleDeFoot.php
23/02/2018 13:27:12 Entrée dans ActionEvenement.php
23/02/2018 13:43:48 Entrée dans ActionClub.php
23/02/2018 14:09:53 Entrée dans ActionAccueil.php
23/02/2018 14:10:19 Entrée dans ActionJoueurs.php
23/02/2018 16:12:54 Entrée dans ActionAccueil.php
23/02/2018 17:24:37 Entrée dans ActionAccueil.php
23/02/2018 17:25:37 Entrée dans ActionEcoleDeFoot.php
23/02/2018 17:39:09 Entrée dans ActionAccueil.php
23/02/2018 17:41:16 Entrée dans ActionClub.php
23/02/2018 18:52:47 Entrée dans ActionAccueil.php
23/02/2018 18:53:26 Entrée dans ActionAccueil.php
23/02/2018 22:25:15 Entrée dans ActionContact.php
23/02/2018 22:26:13 Entrée dans ActionAccueil.php
23/02/2018 22:26:13 Entrée dans ActionAccueil.php
23/02/2018 22:26:37 Entrée dans ActionClub.php
23/02/2018 22:26:43 Entrée dans ActionJoueurs.php
23/02/2018 22:41:26 Entrée dans ActionAccueil.php
23/02/2018 22:42:14 Entrée dans ActionJoueurs.php
23/02/2018 23:15:45 Entrée dans ActionJoueurs.php
23/02/2018 23:25:51 Entrée dans ActionAgenda.php
23/02/2018 23:41:48 Entrée dans ActionAgenda.php
24/02/2018 05:14:48 Entrée dans ActionEcoleDeFoot.php
24/02/2018 08:44:34 Entrée dans ActionAccueil.php
24/02/2018 08:44:49 Entrée dans ActionJoueurs.php
24/02/2018 11:34:01 Entrée dans ActionContact.php
24/02/2018 13:03:08 Entrée dans ActionAccueil.php
24/02/2018 13:03:33 Entrée dans ActionLogin.php
24/02/2018 13:03:33 Authentification de tsutter.
24/02/2018 13:03:33 Entrée dans ActionProfil.php
24/02/2018 13:03:36 Entrée dans ActionRencontre.php
24/02/2018 13:03:41 Entrée dans RechercherRencontre.php
24/02/2018 13:03:48 Entrée dans ActionRencontre.php
24/02/2018 13:04:41 Entrée dans RechercherRencontre.php
24/02/2018 13:04:46 Entrée dans ActionRencontre.php
24/02/2018 13:04:48 Entrée dans GestionResultats.php
24/02/2018 13:05:00 Entrée dans GestionResultats.php
24/02/2018 13:05:06 Entrée dans ActionAccueil.php
24/02/2018 13:05:24 Entrée dans ActionRencontre.php
24/02/2018 13:05:30 Entrée dans RechercherEquipe.php
24/02/2018 13:05:32 Entrée dans RechercherCompetitionEquipe.php
24/02/2018 13:07:14 Entrée dans ActionCompetition.php
24/02/2018 13:07:41 Entrée dans RechercherEquipe.php
24/02/2018 13:07:41 Entrée dans RechercherTypeCompetition.php
24/02/2018 13:07:43 Entrée dans RechercherEquipe.php
24/02/2018 13:07:49 Entrée dans ActionCompetition.php
24/02/2018 13:07:56 Entrée dans ActionCompetition.php
24/02/2018 13:08:03 Entrée dans RechercherCompetition.php
24/02/2018 13:08:08 Entrée dans RechercherEquipe.php
24/02/2018 13:08:10 Entrée dans ActionCompetition.php
24/02/2018 13:08:15 Entrée dans ActionCompetition.php
24/02/2018 13:08:17 Entrée dans RechercherCompetition.php
24/02/2018 13:08:21 Entrée dans ActionCompetition.php
24/02/2018 13:08:25 Entrée dans ActionCompetition.php
24/02/2018 13:08:31 Entrée dans ActionRencontre.php
24/02/2018 13:08:38 Entrée dans RechercherEquipe.php
24/02/2018 13:08:39 Entrée dans RechercherCompetitionEquipe.php
24/02/2018 13:09:14 Entrée dans ActionRencontre.php
24/02/2018 15:12:13 Entrée dans ActionClub.php
24/02/2018 15:24:37 Entrée dans ActionAccueil.php
24/02/2018 15:25:01 Entrée dans ActionClub.php
24/02/2018 15:25:13 Entrée dans ActionEcoleDeFoot.php
24/02/2018 15:25:18 Entrée dans ActionJoueurs.php
24/02/2018 18:17:41 Entrée dans ActionContact.php
24/02/2018 18:55:40 Entrée dans RechercherEquipe.php
24/02/2018 18:55:41 Entrée dans RechercherCompetitionEquipe.php
24/02/2018 18:55:52 Entrée dans ActionRencontre.php
24/02/2018 18:56:04 Entrée dans RechercherEquipe.php
24/02/2018 18:56:05 Entrée dans RechercherCompetitionEquipe.php
24/02/2018 18:56:12 Entrée dans ActionRencontre.php
24/02/2018 18:56:24 Entrée dans RechercherEquipe.php
24/02/2018 18:56:25 Entrée dans RechercherCompetitionEquipe.php
24/02/2018 18:56:36 Entrée dans ActionRencontre.php
24/02/2018 18:56:49 Entrée dans ActionAccueil.php
24/02/2018 18:57:06 Entrée dans RechercherEquipe.php
24/02/2018 18:57:07 Entrée dans RechercherCompetitionEquipe.php
24/02/2018 18:57:18 Entrée dans ActionRencontre.php
24/02/2018 18:57:35 Entrée dans RechercherEquipe.php
24/02/2018 18:57:36 Entrée dans RechercherCompetitionEquipe.php
24/02/2018 18:57:47 Entrée dans ActionRencontre.php
24/02/2018 18:57:56 Entrée dans RechercherEquipe.php
24/02/2018 18:57:57 Entrée dans RechercherCompetitionEquipe.php
24/02/2018 18:58:16 Entrée dans ActionRencontre.php
24/02/2018 18:58:26 Entrée dans RechercherEquipe.php
24/02/2018 18:58:27 Entrée dans RechercherCompetitionEquipe.php
24/02/2018 18:58:38 Entrée dans ActionRencontre.php
24/02/2018 18:58:50 Entrée dans RechercherEquipe.php
24/02/2018 18:58:51 Entrée dans RechercherCompetitionEquipe.php
24/02/2018 18:58:58 Entrée dans ActionRencontre.php
24/02/2018 18:59:02 Entrée dans ActionAccueil.php
24/02/2018 19:00:43 Entrée dans ActionAccueil.php
24/02/2018 19:00:45 Entrée dans ActionLogin.php
24/02/2018 19:00:45 Authentification de tsutter.
24/02/2018 19:00:45 Entrée dans ActionProfil.php
24/02/2018 19:00:47 Entrée dans ActionRencontre.php
24/02/2018 19:00:48 Entrée dans GestionResultats.php
24/02/2018 19:00:53 Entrée dans GestionResultats.php
24/02/2018 19:00:58 Entrée dans ActionArticle.php
24/02/2018 19:01:24 Entrée dans ActionArticle.php
24/02/2018 19:01:26 Entrée dans ActionAccueil.php
24/02/2018 19:01:39 Entrée dans ActionEvenement.php
24/02/2018 19:01:45 Entrée dans ActionProfil.php
24/02/2018 19:48:55 Entrée dans ActionAccueil.php
24/02/2018 19:49:24 Entrée dans ActionEcoleDeFoot.php
24/02/2018 21:07:12 Entrée dans ActionAccueil.php
24/02/2018 21:08:50 Entrée dans ActionLogin.php
24/02/2018 21:08:50 Authentification de vdasilva.
24/02/2018 21:08:50 Entrée dans ActionProfil.php
24/02/2018 21:09:47 Entrée dans ActionAccueil.php
24/02/2018 21:57:06 Entrée dans ActionAccueil.php
24/02/2018 23:28:26 Entrée dans ActionSponsor.php
25/02/2018 02:46:53 Entrée dans ActionClub.php
25/02/2018 10:50:50 Entrée dans ActionAgenda.php
25/02/2018 12:15:38 Entrée dans ActionAccueil.php
25/02/2018 12:48:42 Entrée dans ActionAccueil.php
25/02/2018 12:48:46 Entrée dans ActionLogin.php
25/02/2018 12:48:46 Authentification de tsutter.
25/02/2018 12:48:46 Entrée dans ActionProfil.php
25/02/2018 12:48:49 Entrée dans ActionRencontre.php
25/02/2018 12:49:00 Entrée dans ActionRencontre.php
25/02/2018 12:49:10 Entrée dans ActionCompetition.php
25/02/2018 12:49:15 Entrée dans ActionCompetition.php
25/02/2018 12:49:19 Entrée dans ActionCompetition.php
25/02/2018 12:50:51 Entrée dans RechercherTypeCompetition.php
25/02/2018 12:50:51 Entrée dans RechercherEquipe.php
25/02/2018 12:50:53 Entrée dans RechercherEquipe.php
25/02/2018 12:50:59 Entrée dans ActionCompetition.php
25/02/2018 12:51:16 Entrée dans ActionCompetition.php
25/02/2018 12:51:41 Entrée dans RechercherEquipe.php
25/02/2018 12:51:41 Entrée dans RechercherTypeCompetition.php
25/02/2018 12:51:43 Entrée dans RechercherEquipe.php
25/02/2018 12:51:46 Entrée dans ActionCompetition.php
25/02/2018 12:51:50 Entrée dans ActionRencontre.php
25/02/2018 12:52:24 Entrée dans RechercherEquipe.php
25/02/2018 12:52:26 Entrée dans RechercherCompetitionEquipe.php
25/02/2018 12:52:43 Entrée dans ActionRencontre.php
25/02/2018 12:52:55 Entrée dans RechercherEquipe.php
25/02/2018 12:52:57 Entrée dans RechercherCompetitionEquipe.php
25/02/2018 12:53:08 Entrée dans ActionRencontre.php
25/02/2018 12:53:24 Entrée dans RechercherEquipe.php
25/02/2018 12:53:25 Entrée dans RechercherCompetitionEquipe.php
25/02/2018 12:53:35 Entrée dans ActionRencontre.php
25/02/2018 12:53:46 Entrée dans RechercherEquipe.php
25/02/2018 12:53:47 Entrée dans RechercherCompetitionEquipe.php
25/02/2018 12:53:57 Entrée dans ActionRencontre.php
25/02/2018 12:54:07 Entrée dans RechercherEquipe.php
25/02/2018 12:54:08 Entrée dans RechercherEquipe.php
25/02/2018 12:54:09 Entrée dans RechercherCompetitionEquipe.php
25/02/2018 12:54:17 Entrée dans ActionRencontre.php
25/02/2018 12:54:27 Entrée dans RechercherEquipe.php
25/02/2018 12:54:29 Entrée dans RechercherCompetitionEquipe.php
25/02/2018 12:54:40 Entrée dans ActionRencontre.php
25/02/2018 12:54:52 Entrée dans RechercherEquipe.php
25/02/2018 12:54:53 Entrée dans RechercherCompetitionEquipe.php
25/02/2018 12:55:01 Entrée dans ActionRencontre.php
25/02/2018 12:55:11 Entrée dans RechercherEquipe.php
25/02/2018 12:55:12 Entrée dans RechercherCompetitionEquipe.php
25/02/2018 12:55:21 Entrée dans ActionRencontre.php
25/02/2018 12:55:32 Entrée dans RechercherEquipe.php
25/02/2018 12:55:33 Entrée dans RechercherCompetitionEquipe.php
25/02/2018 12:55:45 Entrée dans ActionRencontre.php
25/02/2018 12:56:02 Entrée dans GestionResultats.php
25/02/2018 12:56:08 Entrée dans GestionResultats.php
25/02/2018 12:56:15 Entrée dans GestionResultats.php
25/02/2018 12:56:18 Entrée dans ActionRencontre.php
25/02/2018 13:00:46 Entrée dans RechercherEquipe.php
25/02/2018 13:00:48 Entrée dans RechercherCompetitionEquipe.php
25/02/2018 13:01:05 Entrée dans ActionRencontre.php
25/02/2018 13:02:12 Entrée dans RechercherEquipe.php
25/02/2018 13:02:13 Entrée dans RechercherCompetitionEquipe.php
25/02/2018 13:02:33 Entrée dans ActionRencontre.php
25/02/2018 13:03:16 Entrée dans RechercherEquipe.php
25/02/2018 13:03:17 Entrée dans RechercherCompetitionEquipe.php
25/02/2018 13:03:28 Entrée dans ActionRencontre.php
25/02/2018 13:03:40 Entrée dans RechercherEquipe.php
25/02/2018 13:03:41 Entrée dans RechercherCompetitionEquipe.php
25/02/2018 13:03:49 Entrée dans ActionRencontre.php
25/02/2018 13:04:01 Entrée dans RechercherEquipe.php
25/02/2018 13:04:02 Entrée dans RechercherCompetitionEquipe.php
25/02/2018 13:04:13 Entrée dans ActionRencontre.php
25/02/2018 13:05:47 Entrée dans RechercherEquipe.php
25/02/2018 13:05:48 Entrée dans RechercherCompetitionEquipe.php
25/02/2018 13:05:56 Entrée dans ActionRencontre.php
25/02/2018 13:06:10 Entrée dans RechercherEquipe.php
25/02/2018 13:06:12 Entrée dans RechercherCompetitionEquipe.php
25/02/2018 13:06:33 Entrée dans ActionRencontre.php
25/02/2018 13:06:50 Entrée dans RechercherEquipe.php
25/02/2018 13:06:51 Entrée dans RechercherCompetitionEquipe.php
25/02/2018 13:07:48 Entrée dans ActionRencontre.php
25/02/2018 13:08:00 Entrée dans RechercherEquipe.php
25/02/2018 13:08:02 Entrée dans RechercherCompetitionEquipe.php
25/02/2018 13:08:25 Entrée dans ActionRencontre.php
25/02/2018 14:43:50 Entrée dans ActionAccueil.php
25/02/2018 16:43:17 Entrée dans ActionAccueil.php
25/02/2018 16:43:28 Entrée dans ActionAccueil.php
25/02/2018 16:55:16 Entrée dans ActionAccueil.php
25/02/2018 17:18:23 Entrée dans ActionAccueil.php
25/02/2018 20:18:47 Entrée dans ActionAccueil.php
25/02/2018 20:19:31 Entrée dans ActionEcoleDeFoot.php
25/02/2018 20:20:33 Entrée dans ActionClub.php
25/02/2018 20:22:40 Entrée dans ActionSponsor.php
25/02/2018 20:23:35 Entrée dans ActionAccueil.php
25/02/2018 20:30:20 Entrée dans ActionJoueurs.php
25/02/2018 21:12:53 Entrée dans ActionPartenaire.php
25/02/2018 21:13:11 Entrée dans ActionPartenaire.php
25/02/2018 21:13:12 Entrée dans RechercherPartenaire.php
25/02/2018 21:13:14 Entrée dans ActionPartenaire.php
25/02/2018 21:13:15 Entrée dans RechercherPartenaire.php
25/02/2018 21:14:58 Entrée dans ActionPartenaire.php
25/02/2018 21:15:01 Entrée dans RechercherPartenaire.php
25/02/2018 21:15:02 Entrée dans ActionPartenaire.php
25/02/2018 21:15:05 Entrée dans ActionPartenaire.php
25/02/2018 21:15:07 Entrée dans RechercherPartenaire.php
25/02/2018 21:16:44 Entrée dans ActionPartenaire.php
25/02/2018 21:16:47 Entrée dans RechercherPartenaire.php
25/02/2018 21:16:50 Entrée dans ActionPartenaire.php
25/02/2018 21:16:56 Entrée dans ActionPartenaire.php
25/02/2018 21:16:57 Entrée dans ActionAccueil.php
25/02/2018 21:17:04 Entrée dans ActionSponsor.php
25/02/2018 21:19:34 Entrée dans ActionSponsor.php
25/02/2018 21:33:59 Entrée dans ActionJoueurs.php
25/02/2018 21:36:21 Entrée dans ActionAccueil.php
25/02/2018 21:36:24 Entrée dans ActionLogin.php
25/02/2018 21:36:25 Authentification de tsutter.
25/02/2018 21:36:25 Entrée dans ActionProfil.php
25/02/2018 21:36:27 Entrée dans GestionResultats.php
25/02/2018 21:36:39 Entrée dans GestionResultats.php
25/02/2018 21:37:12 Entrée dans ActionRencontre.php
25/02/2018 21:37:24 Entrée dans ActionRencontre.php
25/02/2018 21:37:28 Entrée dans RechercherRencontre.php
25/02/2018 21:37:33 Entrée dans ActionRencontre.php
25/02/2018 21:37:36 Entrée dans ActionAccueil.php
26/02/2018 04:40:55 Entrée dans ActionAccueil.php
26/02/2018 04:40:59 Entrée dans ActionClub.php
26/02/2018 04:41:01 Entrée dans ActionJoueurs.php
26/02/2018 04:41:03 Entrée dans ActionEcoleDeFoot.php
26/02/2018 04:41:05 Entrée dans ActionAgenda.php
26/02/2018 04:41:08 Entrée dans ActionEvenement.php
26/02/2018 04:41:10 Entrée dans ActionSponsor.php
26/02/2018 06:00:58 Entrée dans ActionAgenda.php
26/02/2018 06:24:44 Entrée dans ActionJoueurs.php
26/02/2018 06:26:11 Entrée dans ActionAgenda.php
26/02/2018 06:26:22 Entrée dans ActionClub.php
26/02/2018 10:10:07 Entrée dans ActionAgenda.php
26/02/2018 15:56:24 Entrée dans ActionAccueil.php
26/02/2018 17:26:41 Entrée dans ActionAccueil.php
26/02/2018 17:27:31 Entrée dans ActionAccueil.php
26/02/2018 17:27:37 Entrée dans ActionJoueurs.php
26/02/2018 17:28:14 Entrée dans ActionEcoleDeFoot.php
26/02/2018 17:28:19 Entrée dans ActionClub.php
26/02/2018 18:56:12 Entrée dans ActionContact.php
26/02/2018 18:56:13 Entrée dans ActionContact.php
26/02/2018 19:51:15 Entrée dans ActionAccueil.php
27/02/2018 02:16:57 Entrée dans ActionClub.php
27/02/2018 03:35:15 Entrée dans ActionAccueil.php
27/02/2018 03:35:16 Entrée dans ActionEcoleDeFoot.php
27/02/2018 03:35:16 Entrée dans ActionClub.php
27/02/2018 06:04:17 Entrée dans ActionEvenement.php
27/02/2018 13:53:11 Entrée dans ActionClub.php
27/02/2018 15:26:14 Entrée dans ActionAccueil.php
27/02/2018 17:25:40 Entrée dans ActionAccueil.php
27/02/2018 19:18:11 Entrée dans ActionEcoleDeFoot.php
27/02/2018 19:55:47 Entrée dans ActionJoueurs.php
27/02/2018 20:43:17 Entrée dans ActionAccueil.php
27/02/2018 20:43:38 Entrée dans ActionClub.php
27/02/2018 20:57:39 Entrée dans ActionJoueurs.php
27/02/2018 20:59:28 Entrée dans ActionEvenement.php
28/02/2018 07:00:35 Entrée dans ActionEcoleDeFoot.php
28/02/2018 16:26:53 Entrée dans ActionAccueil.php
28/02/2018 16:26:54 Entrée dans ActionClub.php
28/02/2018 16:26:55 Entrée dans ActionJoueurs.php
28/02/2018 16:26:56 Entrée dans ActionEcoleDeFoot.php
28/02/2018 16:26:56 Entrée dans ActionAgenda.php
28/02/2018 16:26:58 Entrée dans ActionEvenement.php
28/02/2018 16:26:58 Entrée dans ActionSponsor.php
28/02/2018 17:39:21 Entrée dans ActionAccueil.php
28/02/2018 18:00:00 Entrée dans ActionAccueil.php
