01/08/2017 07:28:07 Entrée dans ActionClub.php
01/08/2017 07:28:08 Entrée dans ActionAccueil.php
01/08/2017 07:28:19 Entrée dans ActionAgenda.php
01/08/2017 07:57:22 Entrée dans ActionAccueil.php
01/08/2017 07:57:23 Entrée dans ActionClub.php
01/08/2017 08:11:26 Entrée dans ActionClub.php
01/08/2017 08:11:47 Entrée dans ActionEcoleDeFoot.php
01/08/2017 08:12:00 Entrée dans ActionAccueil.php
01/08/2017 09:03:51 Entrée dans ActionAccueil.php
01/08/2017 09:03:56 Entrée dans ActionAccueil.php
01/08/2017 10:44:09 Entrée dans ActionAccueil.php
01/08/2017 11:00:12 Entrée dans ActionAccueil.php
01/08/2017 11:00:58 Entrée dans ActionSponsor.php
01/08/2017 11:01:09 Entrée dans ActionEcoleDeFoot.php
01/08/2017 11:01:25 Entrée dans ActionClub.php
01/08/2017 11:02:56 Entrée dans ActionAccueil.php
01/08/2017 11:03:31 Entrée dans AfficherPopupArticle.php
01/08/2017 11:04:04 Entrée dans AfficherPopupArticle.php
01/08/2017 14:51:26 Entrée dans ActionAccueil.php
01/08/2017 16:41:47 Entrée dans ActionEvenement.php
01/08/2017 17:08:03 Entrée dans ActionJoueurs.php
01/08/2017 18:25:38 Entrée dans ActionSponsor.php
01/08/2017 21:26:38 Entrée dans ActionAccueil.php
01/08/2017 21:26:51 Entrée dans ActionJoueurs.php
01/08/2017 21:26:54 Entrée dans ActionClub.php
01/08/2017 21:26:58 Entrée dans ActionEcoleDeFoot.php
01/08/2017 21:27:58 Entrée dans ActionJoueurs.php
01/08/2017 21:28:07 Entrée dans ActionAgenda.php
01/08/2017 21:35:25 Entrée dans ActionClub.php
02/08/2017 03:43:54 Entrée dans ActionJoueurs.php
02/08/2017 03:46:58 Entrée dans ActionJoueurs.php
02/08/2017 03:50:14 Entrée dans ActionEcoleDeFoot.php
02/08/2017 06:57:32 Entrée dans ActionEvenement.php
02/08/2017 17:16:44 Entrée dans ActionAccueil.php
02/08/2017 17:16:56 Entrée dans ActionClub.php
02/08/2017 17:17:07 Entrée dans ActionAgenda.php
02/08/2017 17:17:17 Entrée dans ActionSponsor.php
02/08/2017 17:17:27 Entrée dans ActionJoueurs.php
02/08/2017 17:17:42 Entrée dans ActionEvenement.php
02/08/2017 17:17:52 Entrée dans ActionEcoleDeFoot.php
02/08/2017 19:27:46 Entrée dans ActionAgenda.php
02/08/2017 21:00:47 Entrée dans ActionEcoleDeFoot.php
02/08/2017 21:00:58 Entrée dans ActionAgenda.php
02/08/2017 21:01:05 Entrée dans ActionJoueurs.php
02/08/2017 21:01:07 Entrée dans ActionClub.php
02/08/2017 21:01:37 Entrée dans ActionAccueil.php
02/08/2017 21:02:11 Entrée dans ActionAccueil.php
02/08/2017 21:02:14 Entrée dans ActionAccueil.php
02/08/2017 21:02:21 Entrée dans ActionClub.php
02/08/2017 21:02:39 Entrée dans ActionAgenda.php
02/08/2017 21:02:51 Entrée dans ActionEvenement.php
02/08/2017 21:03:02 Entrée dans ActionEcoleDeFoot.php
02/08/2017 21:03:08 Entrée dans ActionEcoleDeFoot.php
02/08/2017 21:04:16 Entrée dans ActionEcoleDeFoot.php
02/08/2017 21:04:21 Entrée dans ActionEcoleDeFoot.php
02/08/2017 21:04:49 Entrée dans ActionEcoleDeFoot.php
02/08/2017 22:56:48 Entrée dans ActionAccueil.php
02/08/2017 22:56:59 Entrée dans ActionClub.php
02/08/2017 22:57:02 Entrée dans ActionJoueurs.php
02/08/2017 22:57:05 Entrée dans ActionEcoleDeFoot.php
02/08/2017 22:57:07 Entrée dans ActionAgenda.php
02/08/2017 22:57:10 Entrée dans ActionEvenement.php
02/08/2017 22:57:13 Entrée dans ActionSponsor.php
03/08/2017 02:23:14 Entrée dans ActionEvenement.php
03/08/2017 15:31:08 Entrée dans ActionEvenement.php
03/08/2017 15:40:38 Entrée dans ActionJoueurs.php
03/08/2017 16:04:31 Entrée dans ActionAccueil.php
03/08/2017 16:04:49 Entrée dans ActionAgenda.php
03/08/2017 16:04:55 Entrée dans ActionEcoleDeFoot.php
03/08/2017 16:05:07 Entrée dans ActionEcoleDeFoot.php
03/08/2017 16:05:14 Entrée dans ActionEcoleDeFoot.php
03/08/2017 16:05:50 Entrée dans ActionEcoleDeFoot.php
03/08/2017 17:02:36 Entrée dans ActionAccueil.php
03/08/2017 17:03:47 Entrée dans ActionEcoleDeFoot.php
03/08/2017 17:03:55 Entrée dans ActionEcoleDeFoot.php
03/08/2017 17:04:28 Entrée dans ActionAgenda.php
03/08/2017 17:04:35 Entrée dans ActionClub.php
03/08/2017 17:04:41 Entrée dans ActionEcoleDeFoot.php
03/08/2017 17:04:43 Entrée dans ActionEcoleDeFoot.php
03/08/2017 17:04:57 Entrée dans ActionAccueil.php
03/08/2017 17:27:45 Entrée dans ActionContact.php
03/08/2017 17:27:45 Entrée dans ActionContact.php
03/08/2017 17:27:56 Entrée dans ActionEcoleDeFoot.php
03/08/2017 18:40:03 Entrée dans ActionJoueurs.php
03/08/2017 19:42:49 Entrée dans ActionSponsor.php
03/08/2017 23:22:56 Entrée dans ActionClub.php
04/08/2017 04:29:32 Entrée dans ActionEcoleDeFoot.php
04/08/2017 09:52:02 Entrée dans ActionAccueil.php
04/08/2017 10:13:41 Entrée dans ActionEvenement.php
04/08/2017 10:30:32 Entrée dans ActionAccueil.php
04/08/2017 16:10:41 Entrée dans ActionAccueil.php
04/08/2017 16:11:08 Entrée dans ActionEcoleDeFoot.php
04/08/2017 16:11:12 Entrée dans ActionEcoleDeFoot.php
04/08/2017 16:11:25 Entrée dans ActionClub.php
04/08/2017 20:15:58 Entrée dans ActionAgenda.php
04/08/2017 20:52:37 Entrée dans ActionAccueil.php
04/08/2017 20:52:45 Entrée dans ActionClub.php
04/08/2017 20:52:53 Entrée dans ActionAccueil.php
04/08/2017 22:32:56 Entrée dans ActionAccueil.php
04/08/2017 22:38:04 Entrée dans ActionAccueil.php
04/08/2017 22:38:10 Entrée dans ActionClub.php
05/08/2017 12:32:51 Entrée dans ActionEvenement.php
05/08/2017 12:53:26 Entrée dans ActionAccueil.php
05/08/2017 13:12:08 Entrée dans ActionAccueil.php
05/08/2017 17:32:15 Entrée dans ActionJoueurs.php
05/08/2017 18:04:34 Entrée dans ActionSponsor.php
05/08/2017 21:08:16 Entrée dans ActionClub.php
05/08/2017 21:34:57 Entrée dans ActionAccueil.php
05/08/2017 21:35:09 Entrée dans ActionJoueurs.php
06/08/2017 02:37:06 Entrée dans ActionEcoleDeFoot.php
06/08/2017 03:04:48 Entrée dans ActionAccueil.php
06/08/2017 03:05:14 Entrée dans ActionClub.php
06/08/2017 03:05:25 Entrée dans ActionAgenda.php
06/08/2017 03:05:33 Entrée dans ActionAccueil.php
06/08/2017 03:05:52 Entrée dans AfficherPopupArticle.php
06/08/2017 09:41:56 Entrée dans ActionEvenement.php
06/08/2017 18:26:35 Entrée dans ActionAgenda.php
06/08/2017 19:30:54 Entrée dans ActionJoueurs.php
06/08/2017 20:12:25 Entrée dans ActionAccueil.php
06/08/2017 23:19:41 Entrée dans ActionEvenement.php
07/08/2017 06:47:19 Entrée dans ActionClub.php
07/08/2017 15:23:45 Entrée dans ActionJoueurs.php
07/08/2017 15:24:41 Entrée dans ActionEvenement.php
07/08/2017 15:24:47 Entrée dans ActionClub.php
07/08/2017 15:24:50 Entrée dans ActionAccueil.php
07/08/2017 18:01:00 Entrée dans ActionJoueurs.php
07/08/2017 18:51:35 Entrée dans ActionSponsor.php
07/08/2017 21:44:36 Entrée dans ActionAccueil.php
07/08/2017 21:44:45 Entrée dans AfficherPopupArticle.php
07/08/2017 21:45:03 Entrée dans ActionJoueurs.php
07/08/2017 22:49:02 Entrée dans ActionAccueil.php
07/08/2017 22:49:19 Entrée dans ActionJoueurs.php
08/08/2017 01:09:05 Entrée dans ActionAccueil.php
08/08/2017 01:09:17 Entrée dans ActionClub.php
08/08/2017 01:09:30 Entrée dans ActionEcoleDeFoot.php
08/08/2017 01:09:38 Entrée dans ActionEcoleDeFoot.php
08/08/2017 04:08:04 Entrée dans ActionClub.php
08/08/2017 07:09:49 Entrée dans ActionSponsor.php
08/08/2017 07:13:44 Entrée dans ActionEvenement.php
08/08/2017 08:11:41 Entrée dans ActionAccueil.php
08/08/2017 08:12:19 Entrée dans ActionClub.php
08/08/2017 12:11:14 Entrée dans ActionAccueil.php
08/08/2017 13:26:24 Entrée dans ActionAccueil.php
08/08/2017 14:50:48 Entrée dans ActionAccueil.php
08/08/2017 14:58:36 Entrée dans ActionJoueurs.php
08/08/2017 15:00:05 Entrée dans ActionJoueurs.php
08/08/2017 15:00:23 Entrée dans ActionClub.php
08/08/2017 15:18:19 Entrée dans ActionJoueurs.php
08/08/2017 15:48:37 Entrée dans ActionAccueil.php
08/08/2017 15:48:48 Entrée dans ActionEcoleDeFoot.php
08/08/2017 15:48:53 Entrée dans ActionEcoleDeFoot.php
08/08/2017 15:59:35 Entrée dans ActionAccueil.php
08/08/2017 16:33:59 Entrée dans ActionAccueil.php
08/08/2017 16:35:12 Entrée dans ActionClub.php
08/08/2017 16:35:21 Entrée dans ActionJoueurs.php
08/08/2017 16:36:04 Entrée dans ActionClub.php
08/08/2017 16:36:10 Entrée dans ActionClub.php
08/08/2017 16:36:15 Entrée dans ActionJoueurs.php
08/08/2017 16:37:02 Entrée dans ActionAccueil.php
08/08/2017 16:37:02 Entrée dans ActionAccueil.php
08/08/2017 16:40:17 Entrée dans ActionJoueurs.php
08/08/2017 18:22:56 Entrée dans ActionAccueil.php
08/08/2017 18:23:27 Entrée dans ActionAccueil.php
08/08/2017 18:23:32 Entrée dans ActionClub.php
08/08/2017 18:23:55 Entrée dans ActionEcoleDeFoot.php
08/08/2017 18:25:59 Entrée dans ActionEcoleDeFoot.php
08/08/2017 19:06:10 Entrée dans ActionAccueil.php
08/08/2017 19:06:21 Entrée dans ActionClub.php
08/08/2017 19:07:03 Entrée dans ActionAgenda.php
08/08/2017 19:07:44 Entrée dans ActionAccueil.php
08/08/2017 19:07:55 Entrée dans ActionClub.php
08/08/2017 20:21:20 Entrée dans ActionAccueil.php
08/08/2017 23:17:08 Entrée dans ActionAccueil.php
09/08/2017 12:07:51 Entrée dans ActionAccueil.php
09/08/2017 14:25:13 Entrée dans ActionClub.php
09/08/2017 14:25:17 Entrée dans ActionAgenda.php
09/08/2017 14:25:23 Entrée dans ActionAgenda.php
09/08/2017 14:25:35 Entrée dans ActionSponsor.php
09/08/2017 14:25:44 Entrée dans ActionAgenda.php
09/08/2017 14:25:46 Entrée dans ActionJoueurs.php
09/08/2017 14:26:36 Entrée dans ActionAgenda.php
09/08/2017 14:26:43 Entrée dans ActionEcoleDeFoot.php
09/08/2017 14:30:28 Entrée dans ActionEcoleDeFoot.php
09/08/2017 14:30:32 Entrée dans ActionEcoleDeFoot.php
09/08/2017 14:33:18 Entrée dans ActionEcoleDeFoot.php
09/08/2017 14:33:26 Entrée dans ActionEcoleDeFoot.php
09/08/2017 14:37:24 Entrée dans ActionAccueil.php
09/08/2017 14:37:40 Entrée dans ActionAgenda.php
09/08/2017 14:37:45 Entrée dans ActionAgenda.php
09/08/2017 14:37:58 Entrée dans ActionAgenda.php
09/08/2017 14:38:07 Entrée dans ActionAccueil.php
09/08/2017 14:38:27 Entrée dans ActionEcoleDeFoot.php
09/08/2017 14:38:34 Entrée dans ActionEcoleDeFoot.php
09/08/2017 14:39:07 Entrée dans ActionClub.php
09/08/2017 14:39:58 Entrée dans ActionAccueil.php
09/08/2017 14:40:05 Entrée dans ActionEcoleDeFoot.php
09/08/2017 14:40:13 Entrée dans ActionClub.php
09/08/2017 17:44:00 Entrée dans ActionJoueurs.php
09/08/2017 18:46:20 Entrée dans ActionSponsor.php
09/08/2017 19:26:13 Entrée dans ActionSponsor.php
09/08/2017 19:26:18 Entrée dans ActionEcoleDeFoot.php
09/08/2017 19:26:18 Entrée dans ActionClub.php
09/08/2017 19:26:18 Entrée dans ActionAccueil.php
09/08/2017 19:26:26 Entrée dans ActionJoueurs.php
09/08/2017 19:26:26 Entrée dans ActionEvenement.php
09/08/2017 19:26:26 Entrée dans ActionAgenda.php
09/08/2017 19:37:38 Entrée dans ActionClub.php
09/08/2017 21:17:45 Entrée dans ActionClub.php
09/08/2017 21:24:13 Entrée dans ActionAccueil.php
09/08/2017 21:24:49 Entrée dans ActionAccueil.php
09/08/2017 21:24:57 Entrée dans ActionEvenement.php
09/08/2017 21:25:17 Entrée dans ActionClub.php
09/08/2017 21:41:52 Entrée dans ActionClub.php
10/08/2017 03:50:38 Entrée dans ActionEcoleDeFoot.php
10/08/2017 06:30:26 Entrée dans ActionEvenement.php
10/08/2017 20:00:19 Entrée dans ActionAgenda.php
10/08/2017 20:34:33 Entrée dans ActionAccueil.php
10/08/2017 20:34:57 Entrée dans ActionEvenement.php
11/08/2017 00:44:22 Entrée dans ActionAccueil.php
11/08/2017 18:35:18 Entrée dans ActionAccueil.php
11/08/2017 18:41:23 Entrée dans ActionAccueil.php
11/08/2017 18:42:00 Entrée dans AfficherPopupArticle.php
11/08/2017 18:42:44 Entrée dans ActionJoueurs.php
11/08/2017 19:39:21 Entrée dans ActionJoueurs.php
11/08/2017 19:52:28 Entrée dans ActionClub.php
11/08/2017 20:45:29 Entrée dans ActionAccueil.php
11/08/2017 20:45:31 Entrée dans ActionAccueil.php
11/08/2017 20:45:58 Entrée dans ActionJoueurs.php
11/08/2017 20:53:19 Entrée dans ActionSponsor.php
11/08/2017 21:10:44 Entrée dans ActionEcoleDeFoot.php
11/08/2017 21:10:50 Entrée dans ActionEcoleDeFoot.php
11/08/2017 21:11:00 Entrée dans ActionEcoleDeFoot.php
11/08/2017 21:11:03 Entrée dans ActionEcoleDeFoot.php
11/08/2017 21:11:21 Entrée dans ActionEcoleDeFoot.php
11/08/2017 21:11:23 Entrée dans ActionEcoleDeFoot.php
11/08/2017 22:54:09 Entrée dans ActionAccueil.php
11/08/2017 23:26:21 Entrée dans ActionClub.php
12/08/2017 05:43:55 Entrée dans ActionEcoleDeFoot.php
12/08/2017 07:53:15 Entrée dans ActionEvenement.php
12/08/2017 10:54:43 Entrée dans ActionAccueil.php
12/08/2017 11:48:05 Entrée dans ActionJoueurs.php
12/08/2017 15:56:37 Entrée dans ActionAccueil.php
12/08/2017 15:56:51 Entrée dans ActionClub.php
12/08/2017 15:57:01 Entrée dans ActionAgenda.php
12/08/2017 15:57:10 Entrée dans ActionJoueurs.php
12/08/2017 15:57:15 Entrée dans ActionSponsor.php
12/08/2017 15:57:36 Entrée dans ActionEvenement.php
12/08/2017 15:57:46 Entrée dans ActionEcoleDeFoot.php
12/08/2017 18:29:21 Entrée dans ActionClub.php
12/08/2017 18:58:43 Entrée dans ActionAgenda.php
13/08/2017 00:08:56 Entrée dans ActionAccueil.php
13/08/2017 00:36:34 Entrée dans ActionJoueurs.php
13/08/2017 02:02:50 Entrée dans ActionAccueil.php
13/08/2017 06:53:18 Entrée dans ActionJoueurs.php
13/08/2017 10:04:42 Entrée dans ActionAccueil.php
13/08/2017 10:05:02 Entrée dans ActionJoueurs.php
13/08/2017 10:23:06 Entrée dans ActionEcoleDeFoot.php
13/08/2017 10:23:54 Entrée dans ActionAccueil.php
13/08/2017 12:08:32 Entrée dans ActionAccueil.php
13/08/2017 12:09:13 Entrée dans AfficherPopupArticle.php
13/08/2017 12:09:59 Entrée dans ActionEcoleDeFoot.php
13/08/2017 12:10:31 Entrée dans ActionEcoleDeFoot.php
13/08/2017 12:10:54 Entrée dans ActionEcoleDeFoot.php
13/08/2017 12:11:38 Entrée dans ActionEcoleDeFoot.php
13/08/2017 12:11:44 Entrée dans ActionEcoleDeFoot.php
13/08/2017 12:11:48 Entrée dans ActionEcoleDeFoot.php
13/08/2017 12:11:52 Entrée dans ActionEcoleDeFoot.php
13/08/2017 12:12:00 Entrée dans ActionEcoleDeFoot.php
13/08/2017 12:12:24 Entrée dans ActionClub.php
13/08/2017 12:12:39 Entrée dans ActionAgenda.php
13/08/2017 12:13:03 Entrée dans ActionAccueil.php
13/08/2017 12:13:31 Entrée dans ActionEvenement.php
13/08/2017 12:13:48 Entrée dans ActionClub.php
13/08/2017 12:29:53 Entrée dans ActionAccueil.php
13/08/2017 16:00:37 Entrée dans ActionClub.php
13/08/2017 16:22:32 Entrée dans ActionAccueil.php
13/08/2017 16:22:52 Entrée dans AfficherPopupArticle.php
13/08/2017 16:23:13 Entrée dans ActionAccueil.php
13/08/2017 16:23:58 Entrée dans ActionAgenda.php
13/08/2017 16:24:53 Entrée dans ActionEvenement.php
13/08/2017 16:25:44 Entrée dans ActionEcoleDeFoot.php
13/08/2017 16:26:02 Entrée dans ActionEcoleDeFoot.php
13/08/2017 16:26:20 Entrée dans ActionEcoleDeFoot.php
13/08/2017 16:26:47 Entrée dans ActionEcoleDeFoot.php
13/08/2017 16:27:16 Entrée dans ActionEcoleDeFoot.php
13/08/2017 16:27:23 Entrée dans ActionEcoleDeFoot.php
13/08/2017 16:27:32 Entrée dans ActionEcoleDeFoot.php
13/08/2017 16:27:43 Entrée dans ActionEcoleDeFoot.php
13/08/2017 16:27:49 Entrée dans ActionEcoleDeFoot.php
13/08/2017 17:34:16 Entrée dans ActionAccueil.php
13/08/2017 19:08:32 Entrée dans ActionAccueil.php
13/08/2017 19:08:54 Entrée dans ActionClub.php
13/08/2017 19:09:35 Entrée dans ActionClub.php
13/08/2017 20:11:13 Entrée dans ActionAccueil.php
13/08/2017 21:54:55 Entrée dans ActionEvenement.php
13/08/2017 23:18:02 Entrée dans ActionJoueurs.php
14/08/2017 01:09:03 Entrée dans ActionAccueil.php
14/08/2017 02:11:17 Entrée dans ActionJoueurs.php
14/08/2017 03:44:42 Entrée dans ActionJoueurs.php
14/08/2017 03:47:22 Entrée dans ActionClub.php
14/08/2017 04:52:21 Entrée dans ActionJoueurs.php
14/08/2017 09:50:49 Entrée dans ActionEcoleDeFoot.php
14/08/2017 10:51:25 Entrée dans ActionAccueil.php
14/08/2017 10:51:35 Entrée dans ActionJoueurs.php
14/08/2017 10:52:41 Entrée dans ActionJoueurs.php
14/08/2017 11:43:36 Entrée dans ActionJoueurs.php
14/08/2017 12:55:38 Entrée dans ActionEvenement.php
14/08/2017 15:01:03 Entrée dans ActionAccueil.php
14/08/2017 15:33:31 Entrée dans ActionAccueil.php
15/08/2017 02:08:31 Entrée dans ActionAccueil.php
15/08/2017 03:35:20 Entrée dans ActionEcoleDeFoot.php
15/08/2017 07:40:21 Entrée dans ActionAccueil.php
15/08/2017 07:40:25 Entrée dans AfficherPopupArticle.php
15/08/2017 07:40:43 Entrée dans ActionEcoleDeFoot.php
15/08/2017 07:40:46 Entrée dans ActionEcoleDeFoot.php
15/08/2017 07:41:00 Entrée dans ActionEcoleDeFoot.php
15/08/2017 07:41:43 Entrée dans ActionAgenda.php
15/08/2017 07:41:58 Entrée dans ActionAgenda.php
15/08/2017 07:42:01 Entrée dans ActionAgenda.php
15/08/2017 11:53:52 Entrée dans ActionAccueil.php
15/08/2017 11:53:54 Entrée dans AfficherPopupArticle.php
15/08/2017 13:48:14 Entrée dans ActionAgenda.php
15/08/2017 14:41:02 Entrée dans ActionAccueil.php
16/08/2017 05:19:09 Entrée dans ActionAgenda.php
16/08/2017 07:56:09 Entrée dans ActionJoueurs.php
16/08/2017 11:18:06 Entrée dans ActionAccueil.php
16/08/2017 11:32:06 Entrée dans ActionAccueil.php
16/08/2017 11:32:18 Entrée dans ActionAccueil.php
16/08/2017 11:32:57 Entrée dans ActionAccueil.php
16/08/2017 11:33:04 Entrée dans ActionAccueil.php
16/08/2017 12:59:07 Entrée dans ActionClub.php
16/08/2017 13:38:00 Entrée dans ActionEcoleDeFoot.php
16/08/2017 15:17:00 Entrée dans ActionAccueil.php
16/08/2017 15:17:18 Entrée dans ActionClub.php
16/08/2017 15:42:51 Entrée dans ActionAccueil.php
16/08/2017 19:26:42 Entrée dans ActionAccueil.php
16/08/2017 19:37:13 Entrée dans ActionEvenement.php
16/08/2017 20:10:02 Entrée dans ActionAccueil.php
16/08/2017 22:52:44 Entrée dans ActionAccueil.php
17/08/2017 09:40:01 Entrée dans ActionAccueil.php
17/08/2017 09:40:17 Entrée dans ActionJoueurs.php
17/08/2017 09:47:07 Entrée dans ActionAccueil.php
17/08/2017 09:48:03 Entrée dans ActionJoueurs.php
17/08/2017 09:49:45 Entrée dans ActionAgenda.php
17/08/2017 09:49:53 Entrée dans ActionEvenement.php
17/08/2017 09:51:55 Entrée dans ActionAccueil.php
17/08/2017 10:39:38 Entrée dans ActionAccueil.php
17/08/2017 13:09:21 Entrée dans ActionAccueil.php
17/08/2017 13:09:40 Entrée dans ActionJoueurs.php
17/08/2017 13:10:04 Entrée dans ActionAgenda.php
17/08/2017 13:10:20 Entrée dans ActionAgenda.php
17/08/2017 13:10:41 Entrée dans ActionClub.php
17/08/2017 13:11:36 Entrée dans ActionEvenement.php
17/08/2017 13:11:43 Entrée dans ActionAccueil.php
17/08/2017 13:11:53 Entrée dans AfficherPopupArticle.php
17/08/2017 13:12:08 Entrée dans ActionClub.php
17/08/2017 17:03:32 Entrée dans ActionSponsor.php
17/08/2017 21:11:32 Entrée dans ActionAccueil.php
17/08/2017 21:11:46 Entrée dans ActionAgenda.php
17/08/2017 21:11:57 Entrée dans ActionClub.php
17/08/2017 21:11:57 Entrée dans ActionAccueil.php
17/08/2017 21:43:07 Entrée dans ActionJoueurs.php
17/08/2017 21:50:47 Entrée dans ActionAccueil.php
17/08/2017 23:29:49 Entrée dans ActionAccueil.php
17/08/2017 23:30:04 Entrée dans ActionClub.php
17/08/2017 23:30:17 Entrée dans ActionEcoleDeFoot.php
17/08/2017 23:30:21 Entrée dans ActionEcoleDeFoot.php
17/08/2017 23:30:42 Entrée dans ActionEcoleDeFoot.php
17/08/2017 23:31:37 Entrée dans ActionEcoleDeFoot.php
17/08/2017 23:31:57 Entrée dans ActionEcoleDeFoot.php
18/08/2017 01:26:17 Entrée dans ActionAccueil.php
18/08/2017 01:26:40 Entrée dans ActionJoueurs.php
18/08/2017 06:07:46 Entrée dans ActionAgenda.php
18/08/2017 12:52:35 Entrée dans ActionAccueil.php
18/08/2017 15:14:08 Entrée dans ActionEvenement.php
18/08/2017 16:23:44 Entrée dans ActionEcoleDeFoot.php
18/08/2017 17:40:01 Entrée dans ActionClub.php
18/08/2017 18:16:13 Entrée dans ActionAccueil.php
18/08/2017 18:16:50 Entrée dans ActionClub.php
18/08/2017 18:17:40 Entrée dans ActionClub.php
18/08/2017 18:17:44 Entrée dans ActionJoueurs.php
18/08/2017 18:21:48 Entrée dans ActionContact.php
18/08/2017 18:21:49 Entrée dans ActionContact.php
18/08/2017 20:20:39 Entrée dans ActionSponsor.php
18/08/2017 20:38:05 Entrée dans ActionAccueil.php
18/08/2017 20:38:09 Entrée dans ActionJoueurs.php
18/08/2017 20:40:00 Entrée dans ActionAccueil.php
18/08/2017 22:33:21 Entrée dans ActionAccueil.php
19/08/2017 00:56:26 Entrée dans ActionSponsor.php
19/08/2017 10:42:17 Entrée dans ActionJoueurs.php
19/08/2017 10:42:18 Entrée dans ActionJoueurs.php
19/08/2017 16:32:50 Entrée dans ActionEvenement.php
19/08/2017 16:32:50 Entrée dans ActionJoueurs.php
19/08/2017 16:32:54 Entrée dans ActionEcoleDeFoot.php
19/08/2017 17:53:11 Entrée dans ActionAccueil.php
19/08/2017 17:54:21 Entrée dans ActionJoueurs.php
19/08/2017 17:54:49 Entrée dans ActionAgenda.php
19/08/2017 17:56:00 Entrée dans ActionAgenda.php
19/08/2017 18:33:55 Entrée dans ActionAccueil.php
19/08/2017 18:34:13 Entrée dans ActionAccueil.php
19/08/2017 18:34:36 Entrée dans ActionAccueil.php
19/08/2017 18:34:40 Entrée dans ActionClub.php
19/08/2017 18:36:52 Entrée dans ActionEcoleDeFoot.php
19/08/2017 18:36:57 Entrée dans ActionEcoleDeFoot.php
19/08/2017 18:37:44 Entrée dans ActionEcoleDeFoot.php
19/08/2017 18:55:33 Entrée dans ActionClub.php
19/08/2017 23:01:17 Entrée dans ActionAgenda.php
20/08/2017 00:57:05 Entrée dans ActionAccueil.php
20/08/2017 00:57:20 Entrée dans ActionJoueurs.php
20/08/2017 01:38:14 Entrée dans ActionJoueurs.php
20/08/2017 01:54:27 Entrée dans ActionEcoleDeFoot.php
20/08/2017 01:54:33 Entrée dans ActionEcoleDeFoot.php
20/08/2017 01:56:08 Entrée dans ActionEcoleDeFoot.php
20/08/2017 01:56:17 Entrée dans ActionJoueurs.php
20/08/2017 01:58:09 Entrée dans ActionJoueurs.php
20/08/2017 08:22:24 Entrée dans ActionAccueil.php
20/08/2017 09:51:30 Entrée dans ActionClub.php
20/08/2017 09:58:52 Entrée dans ActionEcoleDeFoot.php
20/08/2017 10:21:11 Entrée dans ActionAccueil.php
20/08/2017 10:21:22 Entrée dans ActionJoueurs.php
20/08/2017 10:22:39 Entrée dans ActionAgenda.php
20/08/2017 10:22:53 Entrée dans ActionAgenda.php
20/08/2017 12:38:14 Entrée dans ActionAccueil.php
20/08/2017 12:38:51 Entrée dans ActionJoueurs.php
20/08/2017 13:04:42 Entrée dans ActionAccueil.php
20/08/2017 15:50:18 Entrée dans ActionAccueil.php
20/08/2017 17:46:12 Entrée dans ActionAccueil.php
20/08/2017 17:46:12 Entrée dans ActionAccueil.php
20/08/2017 17:46:34 Entrée dans ActionAccueil.php
20/08/2017 17:46:39 Entrée dans ActionAccueil.php
20/08/2017 17:47:41 Entrée dans ActionAccueil.php
20/08/2017 17:47:43 Entrée dans ActionClub.php
20/08/2017 18:00:53 Entrée dans ActionEvenement.php
20/08/2017 18:23:54 Entrée dans ActionAccueil.php
20/08/2017 20:41:18 Entrée dans ActionSponsor.php
20/08/2017 20:49:19 Entrée dans ActionSponsor.php
21/08/2017 00:49:07 Entrée dans ActionAgenda.php
21/08/2017 01:47:00 Entrée dans ActionAccueil.php
21/08/2017 01:47:00 Entrée dans ActionAccueil.php
21/08/2017 01:47:01 Entrée dans ActionAccueil.php
21/08/2017 01:47:16 Entrée dans ActionJoueurs.php
21/08/2017 02:29:42 Entrée dans ActionAccueil.php
21/08/2017 07:45:48 Entrée dans ActionAccueil.php
21/08/2017 07:45:53 Entrée dans ActionClub.php
21/08/2017 07:46:02 Entrée dans ActionEcoleDeFoot.php
21/08/2017 07:46:09 Entrée dans ActionEcoleDeFoot.php
21/08/2017 08:12:08 Entrée dans ActionEcoleDeFoot.php
21/08/2017 08:12:13 Entrée dans ActionEvenement.php
21/08/2017 08:12:13 Entrée dans ActionJoueurs.php
21/08/2017 08:53:55 Entrée dans ActionClub.php
21/08/2017 09:59:53 Entrée dans ActionAgenda.php
21/08/2017 09:59:58 Entrée dans ActionClub.php
21/08/2017 13:51:36 Entrée dans ActionAccueil.php
21/08/2017 13:52:24 Entrée dans ActionJoueurs.php
21/08/2017 14:01:36 Entrée dans ActionAgenda.php
21/08/2017 14:01:54 Entrée dans ActionAgenda.php
21/08/2017 14:02:15 Entrée dans ActionAccueil.php
21/08/2017 14:03:06 Entrée dans ActionEvenement.php
21/08/2017 14:03:15 Entrée dans ActionAgenda.php
21/08/2017 14:03:21 Entrée dans ActionJoueurs.php
21/08/2017 15:49:34 Entrée dans ActionJoueurs.php
21/08/2017 16:50:52 Entrée dans ActionAccueil.php
21/08/2017 16:52:50 Entrée dans ActionEcoleDeFoot.php
21/08/2017 16:53:06 Entrée dans ActionEcoleDeFoot.php
21/08/2017 16:53:10 Entrée dans ActionEcoleDeFoot.php
21/08/2017 16:53:17 Entrée dans ActionEcoleDeFoot.php
21/08/2017 16:53:32 Entrée dans ActionEcoleDeFoot.php
21/08/2017 16:53:56 Entrée dans ActionEcoleDeFoot.php
21/08/2017 16:53:59 Entrée dans ActionEcoleDeFoot.php
21/08/2017 16:54:52 Entrée dans ActionAgenda.php
21/08/2017 16:55:04 Entrée dans ActionEvenement.php
21/08/2017 16:55:05 Entrée dans ActionClub.php
21/08/2017 18:22:21 Entrée dans ActionJoueurs.php
21/08/2017 18:22:41 Entrée dans ActionAgenda.php
21/08/2017 18:22:51 Entrée dans ActionAccueil.php
21/08/2017 18:22:58 Entrée dans AfficherPopupArticle.php
21/08/2017 18:23:10 Entrée dans ActionAgenda.php
21/08/2017 18:23:14 Entrée dans ActionJoueurs.php
21/08/2017 18:23:28 Entrée dans ActionAccueil.php
21/08/2017 20:28:09 Entrée dans ActionJoueurs.php
21/08/2017 21:16:48 Entrée dans ActionAccueil.php
21/08/2017 21:17:04 Entrée dans ActionEcoleDeFoot.php
21/08/2017 21:17:07 Entrée dans ActionEcoleDeFoot.php
21/08/2017 22:10:32 Entrée dans ActionAgenda.php
22/08/2017 01:44:52 Entrée dans ActionClub.php
22/08/2017 07:56:08 Entrée dans ActionEcoleDeFoot.php
22/08/2017 08:13:28 Entrée dans ActionAccueil.php
22/08/2017 12:32:02 Entrée dans ActionJoueurs.php
22/08/2017 16:44:08 Entrée dans ActionAccueil.php
22/08/2017 16:44:22 Entrée dans AfficherPopupArticle.php
22/08/2017 16:45:50 Entrée dans ActionAccueil.php
22/08/2017 16:46:29 Entrée dans ActionClub.php
22/08/2017 16:46:40 Entrée dans ActionAgenda.php
22/08/2017 16:47:02 Entrée dans ActionAgenda.php
22/08/2017 16:47:09 Entrée dans ActionClub.php
22/08/2017 16:47:13 Entrée dans ActionAccueil.php
22/08/2017 16:52:39 Entrée dans ActionAccueil.php
22/08/2017 16:52:43 Entrée dans ActionEvenement.php
22/08/2017 16:52:44 Entrée dans ActionAgenda.php
22/08/2017 16:52:44 Entrée dans ActionJoueurs.php
22/08/2017 16:52:44 Entrée dans ActionClub.php
22/08/2017 16:52:45 Entrée dans ActionEcoleDeFoot.php
22/08/2017 16:52:45 Entrée dans ActionSponsor.php
22/08/2017 17:50:14 Entrée dans ActionAccueil.php
22/08/2017 17:50:28 Entrée dans ActionClub.php
22/08/2017 17:50:38 Entrée dans ActionAgenda.php
22/08/2017 17:50:47 Entrée dans ActionJoueurs.php
22/08/2017 17:50:52 Entrée dans ActionSponsor.php
22/08/2017 17:51:12 Entrée dans ActionEvenement.php
22/08/2017 17:51:23 Entrée dans ActionEcoleDeFoot.php
22/08/2017 18:15:43 Entrée dans ActionJoueurs.php
23/08/2017 00:05:24 Entrée dans ActionJoueurs.php
23/08/2017 00:06:03 Entrée dans ActionAccueil.php
23/08/2017 00:06:46 Entrée dans ActionClub.php
23/08/2017 00:06:54 Entrée dans ActionSponsor.php
23/08/2017 00:07:04 Entrée dans ActionClub.php
23/08/2017 00:07:09 Entrée dans ActionClub.php
23/08/2017 00:35:57 Entrée dans ActionClub.php
23/08/2017 00:53:03 Entrée dans ActionJoueurs.php
23/08/2017 03:34:40 Entrée dans ActionAccueil.php
23/08/2017 03:48:28 Entrée dans ActionSponsor.php
23/08/2017 06:11:21 Entrée dans ActionAccueil.php
23/08/2017 06:12:20 Entrée dans AfficherPopupArticle.php
23/08/2017 06:13:15 Entrée dans AfficherPopupArticle.php
23/08/2017 06:13:49 Entrée dans ActionClub.php
23/08/2017 06:13:59 Entrée dans ActionEcoleDeFoot.php
23/08/2017 06:14:07 Entrée dans ActionEcoleDeFoot.php
23/08/2017 06:14:39 Entrée dans ActionEcoleDeFoot.php
23/08/2017 06:15:11 Entrée dans ActionEvenement.php
23/08/2017 06:15:28 Entrée dans ActionEvenement.php
23/08/2017 06:15:49 Entrée dans ActionAgenda.php
23/08/2017 06:16:02 Entrée dans ActionAgenda.php
23/08/2017 07:13:29 Entrée dans ActionEvenement.php
23/08/2017 09:20:02 Entrée dans ActionAccueil.php
23/08/2017 11:00:14 Entrée dans ActionAccueil.php
23/08/2017 11:00:27 Entrée dans AfficherPopupArticle.php
23/08/2017 11:01:01 Entrée dans AfficherPopupArticle.php
23/08/2017 11:01:41 Entrée dans ActionJoueurs.php
23/08/2017 11:07:57 Entrée dans ActionClub.php
23/08/2017 11:20:46 Entrée dans ActionAccueil.php
23/08/2017 11:24:43 Entrée dans ActionAccueil.php
23/08/2017 11:25:10 Entrée dans ActionClub.php
23/08/2017 11:25:24 Entrée dans ActionEcoleDeFoot.php
23/08/2017 11:25:32 Entrée dans ActionEcoleDeFoot.php
23/08/2017 11:26:10 Entrée dans ActionEcoleDeFoot.php
23/08/2017 12:39:55 Entrée dans ActionAccueil.php
23/08/2017 14:39:30 Entrée dans ActionEvenement.php
23/08/2017 14:42:11 Entrée dans ActionJoueurs.php
23/08/2017 17:40:09 Entrée dans ActionClub.php
23/08/2017 18:33:29 Entrée dans ActionAgenda.php
23/08/2017 18:33:34 Entrée dans ActionEvenement.php
23/08/2017 18:33:47 Entrée dans ActionAccueil.php
23/08/2017 18:33:59 Entrée dans ActionClub.php
23/08/2017 18:34:33 Entrée dans ActionJoueurs.php
23/08/2017 18:34:38 Entrée dans ActionClub.php
23/08/2017 19:00:50 Entrée dans ActionAccueil.php
23/08/2017 19:01:01 Entrée dans ActionClub.php
23/08/2017 22:46:32 Entrée dans ActionClub.php
24/08/2017 01:06:08 Entrée dans ActionJoueurs.php
24/08/2017 01:39:43 Entrée dans ActionEvenement.php
24/08/2017 02:00:20 Entrée dans ActionJoueurs.php
24/08/2017 02:00:20 Entrée dans ActionEvenement.php
24/08/2017 02:00:20 Entrée dans ActionAgenda.php
24/08/2017 02:01:54 Entrée dans ActionSponsor.php
24/08/2017 07:36:16 Entrée dans ActionJoueurs.php
24/08/2017 07:36:16 Entrée dans ActionJoueurs.php
24/08/2017 08:11:48 Entrée dans ActionEvenement.php
24/08/2017 08:21:15 Entrée dans ActionAccueil.php
24/08/2017 08:21:30 Entrée dans ActionClub.php
24/08/2017 08:23:17 Entrée dans ActionAccueil.php
24/08/2017 11:58:30 Entrée dans ActionAccueil.php
24/08/2017 11:59:25 Entrée dans ActionJoueurs.php
24/08/2017 12:00:03 Entrée dans ActionAccueil.php
24/08/2017 12:01:04 Entrée dans ActionAccueil.php
24/08/2017 12:05:52 Entrée dans ActionAccueil.php
24/08/2017 12:06:06 Entrée dans ActionClub.php
24/08/2017 12:06:48 Entrée dans ActionJoueurs.php
24/08/2017 12:07:59 Entrée dans ActionAccueil.php
24/08/2017 12:08:04 Entrée dans ActionJoueurs.php
24/08/2017 12:08:52 Entrée dans ActionClub.php
24/08/2017 12:17:07 Entrée dans ActionAccueil.php
24/08/2017 12:17:44 Entrée dans AfficherPopupArticle.php
24/08/2017 12:18:11 Entrée dans AfficherPopupArticle.php
24/08/2017 12:18:34 Entrée dans ActionClub.php
24/08/2017 12:18:45 Entrée dans ActionEcoleDeFoot.php
24/08/2017 12:19:10 Entrée dans ActionEcoleDeFoot.php
24/08/2017 12:19:33 Entrée dans ActionEcoleDeFoot.php
24/08/2017 12:30:05 Entrée dans ActionJoueurs.php
24/08/2017 12:31:00 Entrée dans ActionAgenda.php
24/08/2017 14:19:12 Entrée dans ActionAgenda.php
24/08/2017 15:02:41 Entrée dans ActionJoueurs.php
24/08/2017 16:32:46 Entrée dans ActionAccueil.php
24/08/2017 16:32:46 Entrée dans ActionClub.php
24/08/2017 16:32:47 Entrée dans ActionJoueurs.php
24/08/2017 16:32:48 Entrée dans ActionEcoleDeFoot.php
24/08/2017 16:32:48 Entrée dans ActionAgenda.php
24/08/2017 16:32:49 Entrée dans ActionEvenement.php
24/08/2017 16:32:49 Entrée dans ActionSponsor.php
24/08/2017 17:51:46 Entrée dans ActionAccueil.php
24/08/2017 17:52:50 Entrée dans ActionAccueil.php
24/08/2017 17:53:08 Entrée dans ActionClub.php
24/08/2017 17:53:15 Entrée dans ActionEcoleDeFoot.php
24/08/2017 17:53:19 Entrée dans ActionEcoleDeFoot.php
24/08/2017 23:30:09 Entrée dans ActionSponsor.php
24/08/2017 23:35:04 Entrée dans ActionEcoleDeFoot.php
25/08/2017 00:15:17 Entrée dans ActionJoueurs.php
25/08/2017 01:48:05 Entrée dans ActionAccueil.php
25/08/2017 01:48:07 Entrée dans ActionClub.php
25/08/2017 01:48:07 Entrée dans ActionJoueurs.php
25/08/2017 01:48:08 Entrée dans ActionEcoleDeFoot.php
25/08/2017 01:48:08 Entrée dans ActionAgenda.php
25/08/2017 01:48:09 Entrée dans ActionEvenement.php
25/08/2017 01:48:10 Entrée dans ActionSponsor.php
25/08/2017 01:49:07 Entrée dans ActionAccueil.php
25/08/2017 01:53:20 Entrée dans ActionEcoleDeFoot.php
25/08/2017 01:54:08 Entrée dans ActionEcoleDeFoot.php
25/08/2017 01:54:20 Entrée dans ActionClub.php
25/08/2017 10:09:24 Entrée dans ActionJoueurs.php
25/08/2017 10:10:00 Entrée dans ActionAccueil.php
25/08/2017 11:41:27 Entrée dans ActionAccueil.php
25/08/2017 11:41:47 Entrée dans ActionEcoleDeFoot.php
25/08/2017 11:42:17 Entrée dans ActionEcoleDeFoot.php
25/08/2017 11:42:25 Entrée dans ActionEcoleDeFoot.php
25/08/2017 11:42:28 Entrée dans ActionEcoleDeFoot.php
25/08/2017 11:55:30 Entrée dans ActionJoueurs.php
25/08/2017 14:12:22 Entrée dans ActionAccueil.php
25/08/2017 14:13:39 Entrée dans ActionAccueil.php
25/08/2017 14:40:15 Entrée dans ActionAccueil.php
25/08/2017 15:47:25 Entrée dans ActionAccueil.php
25/08/2017 15:47:42 Entrée dans AfficherPopupArticle.php
25/08/2017 16:16:16 Entrée dans ActionClub.php
25/08/2017 19:15:43 Entrée dans ActionAccueil.php
25/08/2017 19:23:22 Entrée dans ActionClub.php
25/08/2017 19:40:26 Entrée dans ActionJoueurs.php
25/08/2017 19:42:08 Entrée dans ActionAgenda.php
25/08/2017 20:38:11 Entrée dans ActionAgenda.php
25/08/2017 21:19:34 Entrée dans ActionAccueil.php
25/08/2017 21:19:39 Entrée dans ActionAccueil.php
25/08/2017 21:20:13 Entrée dans ActionClub.php
25/08/2017 21:20:28 Entrée dans ActionEcoleDeFoot.php
25/08/2017 21:20:55 Entrée dans ActionEcoleDeFoot.php
25/08/2017 21:21:06 Entrée dans ActionEcoleDeFoot.php
25/08/2017 21:21:13 Entrée dans ActionEcoleDeFoot.php
26/08/2017 00:51:48 Entrée dans ActionAccueil.php
26/08/2017 00:51:49 Entrée dans ActionSponsor.php
26/08/2017 00:51:49 Entrée dans ActionEcoleDeFoot.php
26/08/2017 00:51:56 Entrée dans ActionJoueurs.php
26/08/2017 00:51:57 Entrée dans ActionEvenement.php
26/08/2017 00:51:57 Entrée dans ActionAgenda.php
26/08/2017 01:02:46 Entrée dans ActionAccueil.php
26/08/2017 01:02:46 Entrée dans ActionClub.php
26/08/2017 01:02:46 Entrée dans ActionSponsor.php
26/08/2017 01:03:28 Entrée dans ActionAgenda.php
26/08/2017 01:03:29 Entrée dans ActionJoueurs.php
26/08/2017 01:33:35 Entrée dans ActionJoueurs.php
26/08/2017 06:34:00 Entrée dans ActionEcoleDeFoot.php
26/08/2017 07:45:18 Entrée dans ActionClub.php
26/08/2017 10:30:13 Entrée dans ActionAccueil.php
26/08/2017 10:37:17 Entrée dans ActionAccueil.php
26/08/2017 10:37:45 Entrée dans ActionJoueurs.php
26/08/2017 10:39:04 Entrée dans ActionAccueil.php
26/08/2017 11:16:25 Entrée dans ActionAccueil.php
26/08/2017 11:38:28 Entrée dans ActionAccueil.php
26/08/2017 11:38:51 Entrée dans ActionEcoleDeFoot.php
26/08/2017 11:39:23 Entrée dans ActionAgenda.php
26/08/2017 12:49:55 Entrée dans ActionEvenement.php
26/08/2017 17:55:53 Entrée dans ActionEcoleDeFoot.php
26/08/2017 17:56:20 Entrée dans ActionClub.php
26/08/2017 17:57:04 Entrée dans ActionAgenda.php
26/08/2017 17:57:12 Entrée dans ActionSponsor.php
26/08/2017 17:57:54 Entrée dans ActionJoueurs.php
26/08/2017 17:58:07 Entrée dans ActionEvenement.php
26/08/2017 17:58:59 Entrée dans ActionAccueil.php
26/08/2017 17:59:15 Entrée dans ActionJoueurs.php
26/08/2017 17:59:30 Entrée dans ActionClub.php
26/08/2017 18:29:03 Entrée dans ActionAccueil.php
26/08/2017 18:29:53 Entrée dans ActionAccueil.php
26/08/2017 18:30:09 Entrée dans ActionJoueurs.php
26/08/2017 18:52:40 Entrée dans ActionAccueil.php
26/08/2017 18:53:59 Entrée dans ActionJoueurs.php
26/08/2017 19:06:19 Entrée dans ActionContact.php
26/08/2017 19:39:56 Entrée dans ActionSponsor.php
26/08/2017 21:12:38 Entrée dans ActionClub.php
26/08/2017 21:32:43 Entrée dans ActionAccueil.php
26/08/2017 21:33:19 Entrée dans ActionJoueurs.php
26/08/2017 21:34:02 Entrée dans ActionAgenda.php
26/08/2017 21:41:44 Entrée dans ActionAgenda.php
26/08/2017 22:24:28 Entrée dans ActionAccueil.php
26/08/2017 22:24:29 Entrée dans ActionAccueil.php
27/08/2017 03:10:29 Entrée dans ActionEvenement.php
27/08/2017 08:23:55 Entrée dans ActionAgenda.php
27/08/2017 08:24:03 Entrée dans ActionAgenda.php
27/08/2017 08:24:19 Entrée dans ActionClub.php
27/08/2017 08:24:25 Entrée dans ActionEvenement.php
27/08/2017 09:27:08 Entrée dans ActionAccueil.php
27/08/2017 09:27:19 Entrée dans ActionJoueurs.php
27/08/2017 12:35:08 Entrée dans ActionAccueil.php
27/08/2017 12:35:24 Entrée dans ActionAccueil.php
27/08/2017 14:45:19 Entrée dans ActionAgenda.php
27/08/2017 14:45:33 Entrée dans ActionAccueil.php
27/08/2017 14:45:44 Entrée dans AfficherPopupArticle.php
27/08/2017 14:47:56 Entrée dans ActionAccueil.php
27/08/2017 14:59:38 Entrée dans ActionSponsor.php
27/08/2017 15:40:33 Entrée dans ActionAccueil.php
27/08/2017 15:41:33 Entrée dans ActionClub.php
27/08/2017 15:41:42 Entrée dans ActionClub.php
27/08/2017 15:41:45 Entrée dans ActionEcoleDeFoot.php
27/08/2017 16:17:39 Entrée dans ActionAccueil.php
27/08/2017 16:17:44 Entrée dans ActionJoueurs.php
27/08/2017 17:11:45 Entrée dans ActionAccueil.php
27/08/2017 17:12:28 Entrée dans ActionClub.php
27/08/2017 17:12:57 Entrée dans ActionEcoleDeFoot.php
27/08/2017 17:13:26 Entrée dans ActionAccueil.php
27/08/2017 17:14:09 Entrée dans AfficherPopupArticle.php
27/08/2017 17:14:58 Entrée dans AfficherPopupArticle.php
27/08/2017 17:29:08 Entrée dans AfficherPopupArticle.php
27/08/2017 17:33:13 Entrée dans AfficherPopupArticle.php
27/08/2017 17:33:34 Entrée dans AfficherPopupArticle.php
27/08/2017 17:33:44 Entrée dans AfficherPopupArticle.php
27/08/2017 17:34:25 Entrée dans AfficherPopupArticle.php
27/08/2017 19:05:20 Entrée dans ActionAccueil.php
27/08/2017 19:05:28 Entrée dans RechercherArticle.php
27/08/2017 19:05:29 Entrée dans ActionClub.php
27/08/2017 19:05:30 Entrée dans ActionJoueurs.php
27/08/2017 19:05:31 Entrée dans ActionEcoleDeFoot.php
27/08/2017 19:05:31 Entrée dans ActionAgenda.php
27/08/2017 19:05:32 Entrée dans ActionEvenement.php
27/08/2017 19:05:32 Entrée dans ActionSponsor.php
27/08/2017 19:09:53 Entrée dans ActionJoueurs.php
27/08/2017 20:14:33 Entrée dans ActionAccueil.php
27/08/2017 20:14:34 Entrée dans ActionClub.php
27/08/2017 20:14:35 Entrée dans ActionJoueurs.php
27/08/2017 20:14:36 Entrée dans ActionEcoleDeFoot.php
27/08/2017 20:14:38 Entrée dans ActionAgenda.php
27/08/2017 20:14:40 Entrée dans ActionEvenement.php
27/08/2017 20:14:41 Entrée dans ActionSponsor.php
27/08/2017 20:43:02 Entrée dans ActionAgenda.php
28/08/2017 00:40:49 Entrée dans ActionClub.php
28/08/2017 00:49:16 Entrée dans ActionAccueil.php
28/08/2017 01:22:27 Entrée dans ActionAccueil.php
28/08/2017 01:22:42 Entrée dans ActionAccueil.php
28/08/2017 01:22:47 Entrée dans ActionAccueil.php
28/08/2017 01:22:51 Entrée dans ActionJoueurs.php
28/08/2017 05:24:55 Entrée dans ActionContact.php
28/08/2017 08:42:10 Entrée dans ActionEvenement.php
28/08/2017 09:17:28 Entrée dans ActionEcoleDeFoot.php
28/08/2017 10:01:27 Entrée dans ActionAccueil.php
28/08/2017 11:00:12 Entrée dans ActionAccueil.php
28/08/2017 11:33:46 Entrée dans ActionAccueil.php
28/08/2017 11:33:50 Entrée dans ActionClub.php
28/08/2017 11:33:53 Entrée dans ActionJoueurs.php
28/08/2017 11:33:55 Entrée dans ActionEcoleDeFoot.php
28/08/2017 11:33:58 Entrée dans ActionAgenda.php
28/08/2017 11:34:00 Entrée dans ActionEvenement.php
28/08/2017 11:34:02 Entrée dans ActionSponsor.php
28/08/2017 12:19:49 Entrée dans ActionClub.php
28/08/2017 12:28:25 Entrée dans ActionSponsor.php
28/08/2017 12:31:08 Entrée dans ActionAccueil.php
28/08/2017 12:32:57 Entrée dans ActionEvenement.php
28/08/2017 13:07:22 Entrée dans ActionAccueil.php
28/08/2017 15:15:30 Entrée dans ActionAccueil.php
28/08/2017 16:17:51 Entrée dans ActionAccueil.php
28/08/2017 16:17:56 Entrée dans ActionJoueurs.php
28/08/2017 16:51:37 Entrée dans ActionAccueil.php
28/08/2017 16:51:38 Entrée dans ActionClub.php
28/08/2017 16:51:38 Entrée dans ActionJoueurs.php
28/08/2017 16:51:38 Entrée dans ActionEcoleDeFoot.php
28/08/2017 16:51:39 Entrée dans ActionAgenda.php
28/08/2017 16:51:40 Entrée dans ActionEvenement.php
28/08/2017 16:51:40 Entrée dans ActionSponsor.php
28/08/2017 16:53:22 Entrée dans ActionSponsor.php
28/08/2017 16:53:27 Entrée dans ActionEcoleDeFoot.php
28/08/2017 16:53:27 Entrée dans ActionAccueil.php
28/08/2017 16:53:28 Entrée dans ActionJoueurs.php
28/08/2017 16:53:28 Entrée dans ActionEvenement.php
28/08/2017 16:53:29 Entrée dans ActionAgenda.php
28/08/2017 19:13:17 Entrée dans ActionSponsor.php
28/08/2017 21:21:28 Entrée dans ActionAccueil.php
28/08/2017 22:28:17 Entrée dans ActionEcoleDeFoot.php
28/08/2017 22:29:23 Entrée dans ActionEcoleDeFoot.php
28/08/2017 22:29:28 Entrée dans ActionEcoleDeFoot.php
28/08/2017 22:29:42 Entrée dans ActionEcoleDeFoot.php
28/08/2017 22:30:16 Entrée dans ActionAccueil.php
28/08/2017 22:30:18 Entrée dans ActionAgenda.php
28/08/2017 22:30:26 Entrée dans ActionClub.php
28/08/2017 23:54:39 Entrée dans ActionClub.php
28/08/2017 23:54:54 Entrée dans ActionEcoleDeFoot.php
28/08/2017 23:55:20 Entrée dans ActionEcoleDeFoot.php
28/08/2017 23:57:26 Entrée dans ActionClub.php
29/08/2017 01:02:13 Entrée dans ActionAccueil.php
29/08/2017 01:02:29 Entrée dans ActionJoueurs.php
29/08/2017 01:15:03 Entrée dans ActionAccueil.php
29/08/2017 01:15:35 Entrée dans ActionClub.php
29/08/2017 01:20:22 Entrée dans ActionEcoleDeFoot.php
29/08/2017 01:20:28 Entrée dans ActionEcoleDeFoot.php
29/08/2017 01:20:32 Entrée dans ActionEcoleDeFoot.php
29/08/2017 01:22:03 Entrée dans ActionEcoleDeFoot.php
29/08/2017 01:23:55 Entrée dans ActionEcoleDeFoot.php
29/08/2017 01:24:12 Entrée dans ActionAgenda.php
29/08/2017 01:24:12 Entrée dans ActionAgenda.php
29/08/2017 06:10:42 Entrée dans ActionAgenda.php
29/08/2017 06:21:23 Entrée dans ActionAccueil.php
29/08/2017 06:21:39 Entrée dans ActionClub.php
29/08/2017 06:21:46 Entrée dans ActionJoueurs.php
29/08/2017 06:21:56 Entrée dans ActionEcoleDeFoot.php
29/08/2017 06:22:03 Entrée dans ActionAgenda.php
29/08/2017 06:22:10 Entrée dans ActionEvenement.php
29/08/2017 06:22:18 Entrée dans ActionSponsor.php
29/08/2017 13:30:31 Entrée dans ActionAccueil.php
29/08/2017 13:30:46 Entrée dans ActionEcoleDeFoot.php
29/08/2017 13:30:52 Entrée dans ActionEcoleDeFoot.php
29/08/2017 13:31:19 Entrée dans ActionJoueurs.php
29/08/2017 15:11:52 Entrée dans ActionAccueil.php
29/08/2017 15:11:59 Entrée dans AfficherPopupArticle.php
29/08/2017 15:12:36 Entrée dans AfficherPopupArticle.php
29/08/2017 15:12:44 Entrée dans AfficherPopupArticle.php
29/08/2017 15:13:55 Entrée dans ActionEcoleDeFoot.php
29/08/2017 15:13:55 Entrée dans ActionAccueil.php
29/08/2017 15:14:06 Entrée dans ActionEcoleDeFoot.php
29/08/2017 15:14:25 Entrée dans ActionJoueurs.php
29/08/2017 15:14:25 Entrée dans ActionEcoleDeFoot.php
29/08/2017 15:14:34 Entrée dans ActionEcoleDeFoot.php
29/08/2017 15:14:38 Entrée dans ActionEcoleDeFoot.php
29/08/2017 15:15:17 Entrée dans ActionEcoleDeFoot.php
29/08/2017 15:15:19 Entrée dans ActionAccueil.php
29/08/2017 15:15:21 Entrée dans ActionAccueil.php
29/08/2017 15:15:27 Entrée dans ActionClub.php
29/08/2017 15:15:43 Entrée dans AfficherPopupArticle.php
29/08/2017 15:15:49 Entrée dans ActionAccueil.php
29/08/2017 15:15:53 Entrée dans ActionEcoleDeFoot.php
29/08/2017 15:15:55 Entrée dans ActionEcoleDeFoot.php
29/08/2017 15:16:29 Entrée dans ActionAgenda.php
29/08/2017 15:19:18 Entrée dans ActionAccueil.php
29/08/2017 15:19:28 Entrée dans ActionClub.php
29/08/2017 15:21:00 Entrée dans ActionEvenement.php
29/08/2017 15:21:06 Entrée dans ActionClub.php
29/08/2017 15:21:53 Entrée dans ActionSponsor.php
29/08/2017 15:21:57 Entrée dans ActionEvenement.php
29/08/2017 15:24:11 Entrée dans ActionSponsor.php
29/08/2017 15:24:17 Entrée dans ActionClub.php
29/08/2017 15:24:25 Entrée dans ActionClub.php
29/08/2017 15:24:27 Entrée dans ActionAccueil.php
29/08/2017 15:35:54 Entrée dans ActionAccueil.php
29/08/2017 15:36:47 Entrée dans ActionEcoleDeFoot.php
29/08/2017 15:37:22 Entrée dans ActionEcoleDeFoot.php
29/08/2017 16:05:01 Entrée dans ActionAccueil.php
29/08/2017 16:05:17 Entrée dans ActionAccueil.php
29/08/2017 16:05:20 Entrée dans ActionClub.php
29/08/2017 17:16:46 Entrée dans ActionAccueil.php
29/08/2017 17:17:10 Entrée dans AfficherPopupArticle.php
29/08/2017 18:52:40 Entrée dans ActionJoueurs.php
29/08/2017 20:47:42 Entrée dans ActionAgenda.php
29/08/2017 21:03:21 Entrée dans ActionAccueil.php
29/08/2017 21:03:26 Entrée dans ActionClub.php
29/08/2017 21:03:28 Entrée dans ActionJoueurs.php
29/08/2017 21:03:30 Entrée dans ActionEcoleDeFoot.php
29/08/2017 21:03:35 Entrée dans ActionAgenda.php
29/08/2017 21:03:37 Entrée dans ActionEvenement.php
29/08/2017 21:03:39 Entrée dans ActionSponsor.php
29/08/2017 21:28:53 Entrée dans ActionAccueil.php
29/08/2017 21:29:03 Entrée dans ActionEcoleDeFoot.php
29/08/2017 21:29:12 Entrée dans ActionEcoleDeFoot.php
29/08/2017 21:29:29 Entrée dans ActionEcoleDeFoot.php
29/08/2017 21:30:44 Entrée dans ActionEcoleDeFoot.php
29/08/2017 21:33:25 Entrée dans ActionJoueurs.php
29/08/2017 21:45:57 Entrée dans ActionAccueil.php
29/08/2017 23:38:12 Entrée dans ActionAccueil.php
29/08/2017 23:38:33 Entrée dans ActionClub.php
29/08/2017 23:38:42 Entrée dans ActionEcoleDeFoot.php
29/08/2017 23:38:46 Entrée dans ActionEcoleDeFoot.php
29/08/2017 23:39:00 Entrée dans ActionEcoleDeFoot.php
29/08/2017 23:44:31 Entrée dans ActionClub.php
30/08/2017 00:27:39 Entrée dans ActionAccueil.php
30/08/2017 00:28:17 Entrée dans ActionClub.php
30/08/2017 03:13:40 Entrée dans ActionAccueil.php
30/08/2017 03:13:42 Entrée dans ActionAccueil.php
30/08/2017 03:13:45 Entrée dans ActionClub.php
30/08/2017 03:13:46 Entrée dans ActionJoueurs.php
30/08/2017 03:13:47 Entrée dans ActionEcoleDeFoot.php
30/08/2017 03:13:48 Entrée dans ActionAgenda.php
30/08/2017 03:13:49 Entrée dans ActionEvenement.php
30/08/2017 03:13:51 Entrée dans ActionClub.php
30/08/2017 03:13:51 Entrée dans ActionJoueurs.php
30/08/2017 03:13:51 Entrée dans ActionEcoleDeFoot.php
30/08/2017 03:13:52 Entrée dans ActionAgenda.php
30/08/2017 03:13:53 Entrée dans ActionEvenement.php
30/08/2017 04:43:22 Entrée dans ActionEvenement.php
30/08/2017 06:44:30 Entrée dans ActionEcoleDeFoot.php
30/08/2017 08:36:32 Entrée dans ActionEvenement.php
30/08/2017 18:36:59 Entrée dans ActionSponsor.php
