01/03/2017 02:31:28 Entrée dans ActionClub.php
01/03/2017 07:59:28 Entrée dans ActionAccueil.php
01/03/2017 07:59:40 Entrée dans ActionAccueil.php
01/03/2017 15:08:55 Entrée dans ActionAccueil.php
01/03/2017 15:09:00 Entrée dans ActionJoueurs.php
01/03/2017 18:43:40 Entrée dans ActionAccueil.php
01/03/2017 18:59:02 Entrée dans ActionEvenement.php
01/03/2017 19:00:08 Entrée dans ActionEcoleDeFoot.php
01/03/2017 19:21:56 Entrée dans ActionJoueurs.php
02/03/2017 02:26:42 Entrée dans ActionAgenda.php
02/03/2017 09:15:13 Entrée dans ActionJoueurs.php
02/03/2017 09:17:24 Entrée dans ActionAccueil.php
02/03/2017 09:17:57 Entrée dans ActionEvenement.php
02/03/2017 09:18:05 Entrée dans ActionAgenda.php
02/03/2017 09:18:26 Entrée dans ActionClub.php
02/03/2017 09:18:41 Entrée dans ActionJoueurs.php
02/03/2017 09:18:45 Entrée dans ActionEcoleDeFoot.php
02/03/2017 09:19:02 Entrée dans ActionEcoleDeFoot.php
02/03/2017 09:19:23 Entrée dans ActionSponsor.php
02/03/2017 12:32:04 Entrée dans ActionJoueurs.php
02/03/2017 13:36:47 Entrée dans ActionAccueil.php
02/03/2017 13:38:01 Entrée dans AfficherPopupArticle.php
02/03/2017 13:38:05 Entrée dans AfficherPopupArticle.php
02/03/2017 14:07:28 Entrée dans ActionAccueil.php
02/03/2017 14:07:46 Entrée dans ActionAgenda.php
02/03/2017 14:08:04 Entrée dans ActionEcoleDeFoot.php
02/03/2017 14:08:10 Entrée dans ActionEcoleDeFoot.php
02/03/2017 14:08:12 Entrée dans ActionEcoleDeFoot.php
02/03/2017 14:08:23 Entrée dans ActionAccueil.php
02/03/2017 15:02:43 Entrée dans ActionClub.php
02/03/2017 15:02:48 Entrée dans ActionEcoleDeFoot.php
02/03/2017 15:02:56 Entrée dans ActionEcoleDeFoot.php
02/03/2017 15:03:09 Entrée dans ActionAgenda.php
02/03/2017 15:03:23 Entrée dans ActionAgenda.php
02/03/2017 15:03:28 Entrée dans ActionClub.php
02/03/2017 15:04:01 Entrée dans ActionAccueil.php
02/03/2017 15:36:20 Entrée dans ActionSponsor.php
02/03/2017 15:59:07 Entrée dans ActionAccueil.php
02/03/2017 15:59:36 Entrée dans ActionClub.php
02/03/2017 16:09:50 Entrée dans ActionAccueil.php
03/03/2017 04:09:39 Entrée dans ActionAccueil.php
03/03/2017 04:10:01 Entrée dans AfficherPopupArticle.php
03/03/2017 04:10:10 Entrée dans ActionAgenda.php
03/03/2017 04:16:15 Entrée dans ActionAccueil.php
03/03/2017 07:20:39 Entrée dans ActionSponsor.php
03/03/2017 07:29:48 Entrée dans ActionClub.php
03/03/2017 08:43:58 Entrée dans ActionEcoleDeFoot.php
03/03/2017 08:44:05 Entrée dans ActionEcoleDeFoot.php
03/03/2017 08:44:10 Entrée dans ActionJoueurs.php
03/03/2017 08:44:14 Entrée dans ActionAccueil.php
03/03/2017 08:44:40 Entrée dans AfficherPopupArticle.php
03/03/2017 09:41:49 Entrée dans ActionAccueil.php
03/03/2017 10:47:21 Entrée dans ActionEcoleDeFoot.php
03/03/2017 10:48:21 Entrée dans ActionAccueil.php
03/03/2017 10:48:36 Entrée dans ActionClub.php
03/03/2017 23:19:39 Entrée dans ActionJoueurs.php
03/03/2017 23:43:34 Entrée dans ActionAccueil.php
03/03/2017 23:44:44 Entrée dans RechercherArticle.php
03/03/2017 23:44:45 Entrée dans ActionAccueil.php
03/03/2017 23:44:45 Entrée dans ActionJoueurs.php
03/03/2017 23:44:45 Entrée dans ActionClub.php
03/03/2017 23:44:46 Entrée dans ActionEcoleDeFoot.php
03/03/2017 23:44:46 Entrée dans ActionAgenda.php
03/03/2017 23:44:46 Entrée dans ActionEvenement.php
03/03/2017 23:44:46 Entrée dans ActionSponsor.php
04/03/2017 00:07:44 Entrée dans ActionJoueurs.php
04/03/2017 04:08:24 Entrée dans ActionSponsor.php
04/03/2017 04:53:50 Entrée dans ActionAccueil.php
04/03/2017 04:54:13 Entrée dans AfficherPopupArticle.php
04/03/2017 04:55:52 Entrée dans AfficherPopupArticle.php
04/03/2017 04:56:46 Entrée dans ActionEcoleDeFoot.php
04/03/2017 04:56:50 Entrée dans ActionEcoleDeFoot.php
04/03/2017 04:56:54 Entrée dans ActionEcoleDeFoot.php
04/03/2017 09:52:03 Entrée dans ActionClub.php
04/03/2017 12:56:17 Entrée dans ActionAccueil.php
04/03/2017 12:56:29 Entrée dans ActionAccueil.php
04/03/2017 15:22:30 Entrée dans ActionClub.php
04/03/2017 15:23:22 Entrée dans ActionEcoleDeFoot.php
04/03/2017 15:23:51 Entrée dans ActionAgenda.php
04/03/2017 15:24:06 Entrée dans ActionAgenda.php
04/03/2017 16:36:58 Entrée dans ActionEvenement.php
04/03/2017 19:07:38 Entrée dans ActionAccueil.php
04/03/2017 20:21:31 Entrée dans ActionAccueil.php
04/03/2017 20:21:36 Entrée dans ActionJoueurs.php
05/03/2017 10:35:10 Entrée dans ActionAgenda.php
05/03/2017 14:45:49 Entrée dans ActionAccueil.php
05/03/2017 14:46:20 Entrée dans ActionJoueurs.php
05/03/2017 14:47:13 Entrée dans ActionAgenda.php
05/03/2017 14:47:46 Entrée dans ActionEcoleDeFoot.php
05/03/2017 14:47:55 Entrée dans ActionJoueurs.php
05/03/2017 14:57:52 Entrée dans ActionAccueil.php
05/03/2017 19:15:37 Entrée dans ActionAccueil.php
05/03/2017 19:16:09 Entrée dans ActionAccueil.php
05/03/2017 20:00:23 Entrée dans ActionAccueil.php
05/03/2017 20:00:49 Entrée dans ActionJoueurs.php
06/03/2017 00:56:46 Entrée dans ActionJoueurs.php
06/03/2017 06:01:34 Entrée dans ActionSponsor.php
07/03/2017 08:57:26 Entrée dans ActionAccueil.php
07/03/2017 08:57:41 Entrée dans ActionClub.php
07/03/2017 10:29:51 Entrée dans ActionAccueil.php
07/03/2017 11:09:28 Entrée dans ActionClub.php
07/03/2017 12:00:05 Entrée dans ActionAgenda.php
07/03/2017 12:36:00 Entrée dans ActionEcoleDeFoot.php
07/03/2017 14:11:19 Entrée dans ActionAccueil.php
07/03/2017 15:59:42 Entrée dans ActionJoueurs.php
07/03/2017 16:58:15 Entrée dans ActionEvenement.php
07/03/2017 22:01:48 Entrée dans ActionAccueil.php
07/03/2017 23:01:12 Entrée dans ActionAccueil.php
07/03/2017 23:01:18 Entrée dans ActionJoueurs.php
08/03/2017 01:27:47 Entrée dans ActionEvenement.php
08/03/2017 01:28:13 Entrée dans ActionJoueurs.php
08/03/2017 02:58:55 Entrée dans ActionSponsor.php
08/03/2017 10:01:16 Entrée dans ActionJoueurs.php
08/03/2017 11:21:22 Entrée dans ActionEcoleDeFoot.php
08/03/2017 12:46:36 Entrée dans ActionEvenement.php
08/03/2017 14:45:06 Entrée dans ActionAccueil.php
08/03/2017 14:45:13 Entrée dans ActionClub.php
08/03/2017 14:47:10 Entrée dans ActionClub.php
08/03/2017 14:47:18 Entrée dans ActionEcoleDeFoot.php
08/03/2017 14:48:10 Entrée dans ActionClub.php
08/03/2017 14:48:18 Entrée dans ActionAccueil.php
08/03/2017 15:43:36 Entrée dans ActionAccueil.php
08/03/2017 15:43:56 Entrée dans AfficherPopupArticle.php
08/03/2017 15:44:13 Entrée dans ActionAccueil.php
08/03/2017 15:44:20 Entrée dans ActionEcoleDeFoot.php
08/03/2017 15:44:32 Entrée dans ActionEcoleDeFoot.php
08/03/2017 15:44:41 Entrée dans ActionJoueurs.php
08/03/2017 16:02:28 Entrée dans ActionAccueil.php
08/03/2017 16:09:37 Entrée dans ActionAccueil.php
08/03/2017 16:09:40 Entrée dans ActionClub.php
08/03/2017 16:09:47 Entrée dans ActionJoueurs.php
08/03/2017 16:09:51 Entrée dans ActionEcoleDeFoot.php
08/03/2017 16:09:54 Entrée dans ActionAgenda.php
08/03/2017 16:10:00 Entrée dans ActionEvenement.php
08/03/2017 16:10:03 Entrée dans ActionSponsor.php
08/03/2017 17:17:24 Entrée dans ActionAccueil.php
08/03/2017 17:17:39 Entrée dans ActionEcoleDeFoot.php
08/03/2017 17:17:53 Entrée dans ActionAgenda.php
08/03/2017 17:19:41 Entrée dans ActionAgenda.php
08/03/2017 19:01:37 Entrée dans ActionAccueil.php
08/03/2017 19:42:21 Entrée dans ActionEvenement.php
08/03/2017 23:37:42 Entrée dans ActionClub.php
09/03/2017 00:46:28 Entrée dans ActionAccueil.php
09/03/2017 00:47:00 Entrée dans ActionAccueil.php
09/03/2017 00:47:14 Entrée dans AfficherPopupArticle.php
09/03/2017 09:55:15 Entrée dans ActionAccueil.php
09/03/2017 10:02:55 Entrée dans AfficherPopupArticle.php
09/03/2017 10:04:13 Entrée dans ActionAccueil.php
09/03/2017 15:10:10 Entrée dans ActionClub.php
09/03/2017 15:23:32 Entrée dans ActionAccueil.php
09/03/2017 18:28:05 Entrée dans ActionAccueil.php
09/03/2017 18:29:12 Entrée dans AfficherPopupArticle.php
09/03/2017 18:29:54 Entrée dans ActionEvenement.php
09/03/2017 18:32:04 Entrée dans ActionAgenda.php
09/03/2017 18:32:12 Entrée dans ActionAccueil.php
09/03/2017 18:32:25 Entrée dans ActionClub.php
09/03/2017 18:32:35 Entrée dans ActionAgenda.php
09/03/2017 18:32:46 Entrée dans ActionJoueurs.php
09/03/2017 18:32:51 Entrée dans ActionSponsor.php
09/03/2017 18:33:10 Entrée dans ActionEvenement.php
09/03/2017 18:33:21 Entrée dans ActionEcoleDeFoot.php
09/03/2017 21:47:26 Entrée dans ActionAccueil.php
09/03/2017 21:47:33 Entrée dans AfficherPopupArticle.php
09/03/2017 21:47:48 Entrée dans AfficherPopupArticle.php
09/03/2017 21:48:01 Entrée dans AfficherPopupArticle.php
09/03/2017 21:48:27 Entrée dans AfficherPopupArticle.php
09/03/2017 21:48:30 Entrée dans AfficherPopupArticle.php
09/03/2017 21:48:48 Entrée dans ActionEvenement.php
09/03/2017 21:48:48 Entrée dans ActionEvenement.php
09/03/2017 21:48:52 Entrée dans ActionAgenda.php
09/03/2017 21:48:59 Entrée dans ActionAgenda.php
09/03/2017 21:49:00 Entrée dans ActionEcoleDeFoot.php
09/03/2017 21:49:04 Entrée dans ActionJoueurs.php
09/03/2017 21:49:11 Entrée dans ActionClub.php
09/03/2017 21:49:25 Entrée dans ActionAccueil.php
09/03/2017 21:49:34 Entrée dans AfficherPopupArticle.php
09/03/2017 21:49:52 Entrée dans ActionAgenda.php
09/03/2017 21:49:56 Entrée dans ActionEvenement.php
09/03/2017 21:50:03 Entrée dans ActionSponsor.php
09/03/2017 23:45:32 Entrée dans ActionAccueil.php
09/03/2017 23:46:05 Entrée dans ActionEcoleDeFoot.php
09/03/2017 23:46:25 Entrée dans ActionEcoleDeFoot.php
09/03/2017 23:46:31 Entrée dans ActionEcoleDeFoot.php
09/03/2017 23:46:40 Entrée dans ActionAgenda.php
09/03/2017 23:46:52 Entrée dans ActionAgenda.php
09/03/2017 23:47:01 Entrée dans ActionAccueil.php
09/03/2017 23:47:05 Entrée dans ActionClub.php
10/03/2017 02:20:05 Entrée dans ActionJoueurs.php
10/03/2017 02:20:19 Entrée dans ActionJoueurs.php
10/03/2017 07:30:26 Entrée dans ActionAccueil.php
10/03/2017 07:37:40 Entrée dans ActionAccueil.php
10/03/2017 07:37:49 Entrée dans ActionClub.php
10/03/2017 07:38:14 Entrée dans ActionAccueil.php
10/03/2017 07:38:17 Entrée dans ActionClub.php
10/03/2017 07:40:39 Entrée dans ActionClub.php
10/03/2017 08:39:15 Entrée dans ActionClub.php
10/03/2017 08:39:56 Entrée dans ActionAccueil.php
10/03/2017 08:40:21 Entrée dans ActionClub.php
10/03/2017 08:40:24 Entrée dans ActionAccueil.php
10/03/2017 08:40:45 Entrée dans AfficherPopupArticle.php
10/03/2017 08:40:45 Entrée dans AfficherPopupArticle.php
10/03/2017 08:40:54 Entrée dans AfficherPopupArticle.php
10/03/2017 08:41:11 Entrée dans ActionEvenement.php
10/03/2017 08:41:35 Entrée dans ActionAccueil.php
10/03/2017 08:43:05 Entrée dans ActionClub.php
10/03/2017 08:43:05 Entrée dans ActionJoueurs.php
10/03/2017 08:43:07 Entrée dans ActionEcoleDeFoot.php
10/03/2017 08:43:07 Entrée dans ActionAgenda.php
10/03/2017 08:43:12 Entrée dans ActionEvenement.php
10/03/2017 08:43:13 Entrée dans ActionSponsor.php
10/03/2017 08:43:30 Entrée dans ActionEcoleDeFoot.php
10/03/2017 08:43:30 Entrée dans ActionSponsor.php
10/03/2017 08:43:34 Entrée dans ActionEvenement.php
10/03/2017 08:43:37 Entrée dans ActionEvenement.php
10/03/2017 08:43:38 Entrée dans ActionEcoleDeFoot.php
10/03/2017 08:43:44 Entrée dans ActionSponsor.php
10/03/2017 15:48:39 Entrée dans ActionContact.php
10/03/2017 17:07:07 Entrée dans ActionAccueil.php
10/03/2017 17:07:20 Entrée dans AfficherPopupArticle.php
10/03/2017 17:07:38 Entrée dans ActionClub.php
10/03/2017 17:07:41 Entrée dans ActionJoueurs.php
10/03/2017 17:07:45 Entrée dans ActionEcoleDeFoot.php
10/03/2017 17:07:51 Entrée dans ActionAccueil.php
10/03/2017 17:07:53 Entrée dans ActionEcoleDeFoot.php
10/03/2017 17:07:54 Entrée dans ActionEcoleDeFoot.php
11/03/2017 00:57:25 Entrée dans ActionAccueil.php
11/03/2017 07:16:07 Entrée dans ActionEvenement.php
11/03/2017 08:25:30 Entrée dans ActionAgenda.php
11/03/2017 08:54:02 Entrée dans ActionClub.php
11/03/2017 09:12:30 Entrée dans ActionAgenda.php
11/03/2017 09:19:17 Entrée dans ActionAccueil.php
11/03/2017 13:44:46 Entrée dans ActionAccueil.php
11/03/2017 13:45:08 Entrée dans ActionAccueil.php
11/03/2017 15:50:23 Entrée dans ActionAccueil.php
11/03/2017 15:50:58 Entrée dans ActionAccueil.php
11/03/2017 21:46:22 Entrée dans ActionAccueil.php
11/03/2017 21:46:28 Entrée dans ActionJoueurs.php
11/03/2017 22:03:44 Entrée dans ActionAccueil.php
11/03/2017 22:21:51 Entrée dans ActionAccueil.php
12/03/2017 10:26:47 Entrée dans ActionAccueil.php
12/03/2017 10:27:02 Entrée dans ActionAccueil.php
12/03/2017 10:27:12 Entrée dans ActionAccueil.php
12/03/2017 10:27:20 Entrée dans ActionAccueil.php
12/03/2017 10:27:21 Entrée dans ActionClub.php
12/03/2017 10:27:32 Entrée dans ActionClub.php
12/03/2017 10:50:16 Entrée dans ActionSponsor.php
12/03/2017 11:29:21 Entrée dans ActionJoueurs.php
12/03/2017 11:36:21 Entrée dans ActionAccueil.php
12/03/2017 11:36:29 Entrée dans ActionJoueurs.php
12/03/2017 14:52:24 Entrée dans ActionAccueil.php
12/03/2017 15:55:19 Entrée dans ActionAccueil.php
12/03/2017 16:01:51 Entrée dans ActionAccueil.php
12/03/2017 16:01:55 Entrée dans ActionJoueurs.php
12/03/2017 17:34:41 Entrée dans ActionAccueil.php
12/03/2017 17:35:33 Entrée dans ActionJoueurs.php
12/03/2017 18:18:28 Entrée dans ActionAccueil.php
12/03/2017 18:19:03 Entrée dans ActionAccueil.php
12/03/2017 18:19:05 Entrée dans ActionClub.php
12/03/2017 18:49:41 Entrée dans ActionEcoleDeFoot.php
12/03/2017 18:52:05 Entrée dans ActionJoueurs.php
12/03/2017 19:03:53 Entrée dans ActionAccueil.php
12/03/2017 19:49:23 Entrée dans ActionAccueil.php
12/03/2017 23:49:51 Entrée dans ActionEcoleDeFoot.php
13/03/2017 13:00:16 Entrée dans ActionClub.php
13/03/2017 13:13:06 Entrée dans ActionAccueil.php
13/03/2017 13:13:10 Entrée dans ActionClub.php
13/03/2017 13:13:12 Entrée dans ActionJoueurs.php
13/03/2017 13:13:14 Entrée dans ActionEcoleDeFoot.php
13/03/2017 13:13:16 Entrée dans ActionAgenda.php
13/03/2017 13:13:19 Entrée dans ActionEvenement.php
13/03/2017 13:13:21 Entrée dans ActionSponsor.php
13/03/2017 16:31:33 Entrée dans ActionClub.php
13/03/2017 20:24:52 Entrée dans ActionAccueil.php
13/03/2017 20:25:23 Entrée dans ActionAccueil.php
13/03/2017 20:25:27 Entrée dans ActionClub.php
13/03/2017 20:28:29 Entrée dans ActionJoueurs.php
13/03/2017 20:29:44 Entrée dans ActionJoueurs.php
13/03/2017 20:29:51 Entrée dans ActionEcoleDeFoot.php
13/03/2017 20:29:59 Entrée dans ActionAgenda.php
13/03/2017 20:30:25 Entrée dans ActionEvenement.php
13/03/2017 20:30:45 Entrée dans ActionSponsor.php
13/03/2017 20:38:42 Entrée dans ActionAccueil.php
13/03/2017 23:14:43 Entrée dans ActionAccueil.php
14/03/2017 00:18:41 Entrée dans ActionAccueil.php
14/03/2017 00:19:26 Entrée dans ActionEcoleDeFoot.php
14/03/2017 00:19:30 Entrée dans ActionEcoleDeFoot.php
14/03/2017 00:19:36 Entrée dans ActionEvenement.php
14/03/2017 00:19:42 Entrée dans ActionSponsor.php
14/03/2017 00:19:45 Entrée dans ActionEvenement.php
14/03/2017 00:19:48 Entrée dans ActionClub.php
14/03/2017 00:19:52 Entrée dans ActionJoueurs.php
14/03/2017 02:10:53 Entrée dans ActionAccueil.php
14/03/2017 08:30:46 Entrée dans ActionJoueurs.php
14/03/2017 08:39:38 Entrée dans ActionAccueil.php
14/03/2017 08:39:58 Entrée dans ActionClub.php
14/03/2017 09:28:41 Entrée dans ActionAccueil.php
14/03/2017 09:28:42 Entrée dans ActionAccueil.php
14/03/2017 10:09:37 Entrée dans ActionSponsor.php
14/03/2017 10:21:18 Entrée dans ActionAccueil.php
14/03/2017 10:30:06 Entrée dans ActionAccueil.php
14/03/2017 10:30:34 Entrée dans ActionAgenda.php
14/03/2017 10:30:57 Entrée dans ActionClub.php
14/03/2017 12:19:40 Entrée dans ActionAccueil.php
14/03/2017 12:19:53 Entrée dans ActionJoueurs.php
14/03/2017 17:50:29 Entrée dans ActionAccueil.php
14/03/2017 20:37:28 Entrée dans ActionJoueurs.php
14/03/2017 21:04:45 Entrée dans ActionAccueil.php
14/03/2017 21:05:29 Entrée dans ActionClub.php
14/03/2017 21:07:01 Entrée dans ActionAccueil.php
14/03/2017 21:07:18 Entrée dans AfficherPopupArticle.php
15/03/2017 00:38:30 Entrée dans ActionJoueurs.php
15/03/2017 05:42:33 Entrée dans ActionClub.php
15/03/2017 12:38:30 Entrée dans ActionAccueil.php
15/03/2017 12:39:06 Entrée dans AfficherPopupArticle.php
15/03/2017 13:33:57 Entrée dans ActionEvenement.php
15/03/2017 14:14:51 Entrée dans ActionAccueil.php
15/03/2017 14:15:03 Entrée dans ActionClub.php
15/03/2017 14:15:16 Entrée dans ActionEcoleDeFoot.php
15/03/2017 20:06:44 Entrée dans ActionAccueil.php
15/03/2017 20:06:46 Entrée dans ActionAgenda.php
15/03/2017 20:06:46 Entrée dans ActionClub.php
15/03/2017 20:06:47 Entrée dans ActionJoueurs.php
15/03/2017 20:06:47 Entrée dans ActionEcoleDeFoot.php
15/03/2017 20:06:48 Entrée dans ActionEvenement.php
15/03/2017 20:06:48 Entrée dans ActionSponsor.php
15/03/2017 20:20:25 Entrée dans ActionAccueil.php
15/03/2017 20:20:25 Entrée dans ActionAccueil.php
15/03/2017 20:21:41 Entrée dans ActionClub.php
15/03/2017 20:22:02 Entrée dans ActionEcoleDeFoot.php
15/03/2017 20:22:07 Entrée dans ActionAgenda.php
15/03/2017 20:22:13 Entrée dans ActionEcoleDeFoot.php
15/03/2017 20:23:43 Entrée dans ActionEcoleDeFoot.php
15/03/2017 20:25:10 Entrée dans ActionEcoleDeFoot.php
15/03/2017 20:26:00 Entrée dans ActionEcoleDeFoot.php
15/03/2017 20:26:06 Entrée dans ActionEvenement.php
15/03/2017 20:26:08 Entrée dans ActionAgenda.php
16/03/2017 01:28:02 Entrée dans ActionJoueurs.php
16/03/2017 02:55:27 Entrée dans ActionSponsor.php
16/03/2017 06:31:13 Entrée dans ActionAccueil.php
16/03/2017 06:32:04 Entrée dans ActionAccueil.php
16/03/2017 12:48:32 Entrée dans ActionEcoleDeFoot.php
16/03/2017 14:15:42 Entrée dans ActionEvenement.php
16/03/2017 17:23:28 Entrée dans ActionAgenda.php
16/03/2017 20:31:43 Entrée dans ActionAccueil.php
16/03/2017 20:31:48 Entrée dans ActionClub.php
16/03/2017 20:31:51 Entrée dans ActionJoueurs.php
16/03/2017 20:31:54 Entrée dans ActionEcoleDeFoot.php
16/03/2017 20:31:56 Entrée dans ActionAgenda.php
16/03/2017 20:31:59 Entrée dans ActionEvenement.php
16/03/2017 20:32:01 Entrée dans ActionSponsor.php
16/03/2017 22:28:17 Entrée dans ActionAccueil.php
16/03/2017 22:28:49 Entrée dans ActionJoueurs.php
16/03/2017 22:41:58 Entrée dans ActionAccueil.php
16/03/2017 22:42:04 Entrée dans ActionJoueurs.php
16/03/2017 22:44:08 Entrée dans ActionAccueil.php
16/03/2017 22:44:17 Entrée dans ActionJoueurs.php
17/03/2017 00:53:54 Entrée dans ActionEvenement.php
17/03/2017 07:30:58 Entrée dans ActionAccueil.php
17/03/2017 07:30:59 Entrée dans ActionAccueil.php
17/03/2017 11:03:51 Entrée dans ActionAccueil.php
17/03/2017 11:04:05 Entrée dans AfficherPopupArticle.php
17/03/2017 11:04:18 Entrée dans AfficherPopupArticle.php
17/03/2017 11:05:26 Entrée dans ActionClub.php
17/03/2017 11:10:19 Entrée dans ActionAccueil.php
17/03/2017 11:10:21 Entrée dans ActionClub.php
17/03/2017 11:10:24 Entrée dans ActionJoueurs.php
17/03/2017 15:43:17 Entrée dans ActionAgenda.php
17/03/2017 23:15:08 Entrée dans ActionAccueil.php
17/03/2017 23:27:36 Entrée dans ActionJoueurs.php
18/03/2017 00:00:11 Entrée dans ActionClub.php
18/03/2017 00:11:00 Entrée dans ActionJoueurs.php
18/03/2017 07:34:47 Entrée dans ActionAccueil.php
18/03/2017 10:56:03 Entrée dans ActionAccueil.php
18/03/2017 10:56:14 Entrée dans ActionJoueurs.php
18/03/2017 11:25:29 Entrée dans ActionAccueil.php
18/03/2017 11:26:48 Entrée dans AfficherPopupArticle.php
18/03/2017 14:06:54 Entrée dans ActionEcoleDeFoot.php
18/03/2017 14:11:46 Entrée dans ActionEvenement.php
18/03/2017 14:14:45 Entrée dans ActionJoueurs.php
18/03/2017 14:22:02 Entrée dans ActionJoueurs.php
18/03/2017 14:22:07 Entrée dans ActionJoueurs.php
18/03/2017 14:22:11 Entrée dans ActionClub.php
18/03/2017 19:20:02 Entrée dans ActionAccueil.php
18/03/2017 19:44:50 Entrée dans ActionAccueil.php
18/03/2017 19:45:03 Entrée dans AfficherPopupArticle.php
18/03/2017 19:45:27 Entrée dans ActionEcoleDeFoot.php
18/03/2017 21:12:24 Entrée dans ActionAccueil.php
18/03/2017 21:13:03 Entrée dans AfficherPopupArticle.php
18/03/2017 21:14:23 Entrée dans AfficherPopupArticle.php
18/03/2017 21:45:37 Entrée dans ActionAccueil.php
18/03/2017 21:46:08 Entrée dans ActionEcoleDeFoot.php
18/03/2017 21:46:20 Entrée dans ActionAccueil.php
18/03/2017 21:46:23 Entrée dans ActionSponsor.php
18/03/2017 21:46:31 Entrée dans ActionEvenement.php
18/03/2017 21:46:37 Entrée dans ActionJoueurs.php
18/03/2017 21:46:39 Entrée dans ActionJoueurs.php
18/03/2017 21:46:43 Entrée dans ActionEcoleDeFoot.php
18/03/2017 21:46:47 Entrée dans ActionAccueil.php
18/03/2017 21:49:03 Entrée dans ActionAccueil.php
18/03/2017 23:28:51 Entrée dans ActionAccueil.php
18/03/2017 23:28:58 Entrée dans ActionJoueurs.php
18/03/2017 23:46:48 Entrée dans ActionAccueil.php
18/03/2017 23:47:08 Entrée dans ActionJoueurs.php
18/03/2017 23:47:44 Entrée dans ActionAgenda.php
19/03/2017 02:21:45 Entrée dans ActionAccueil.php
19/03/2017 02:21:57 Entrée dans ActionClub.php
19/03/2017 02:22:07 Entrée dans ActionAgenda.php
19/03/2017 02:22:18 Entrée dans ActionJoueurs.php
19/03/2017 02:22:23 Entrée dans ActionSponsor.php
19/03/2017 02:22:42 Entrée dans ActionEvenement.php
19/03/2017 02:22:53 Entrée dans ActionEcoleDeFoot.php
19/03/2017 09:15:24 Entrée dans ActionAccueil.php
19/03/2017 09:15:43 Entrée dans AfficherPopupArticle.php
19/03/2017 09:16:14 Entrée dans ActionLogin.php
19/03/2017 09:16:14 Authentification de fgastrini.
19/03/2017 09:16:14 Entrée dans ActionProfil.php
19/03/2017 09:16:19 Entrée dans GestionResultats.php
19/03/2017 09:16:22 Entrée dans ActionRencontre.php
19/03/2017 09:16:47 Entrée dans ActionAccueil.php
19/03/2017 09:17:11 Entrée dans ActionAgenda.php
19/03/2017 09:17:25 Entrée dans ActionAccueil.php
19/03/2017 09:17:30 Entrée dans ActionProfil.php
19/03/2017 09:17:33 Entrée dans ActionRencontre.php
19/03/2017 09:17:44 Entrée dans RechercherEquipe.php
19/03/2017 09:17:51 Entrée dans RechercherCompetitionEquipe.php
19/03/2017 09:18:41 Entrée dans ActionRencontre.php
19/03/2017 09:18:47 Entrée dans GestionResultats.php
19/03/2017 09:18:58 Entrée dans GestionResultats.php
19/03/2017 09:19:04 Entrée dans ActionAccueil.php
19/03/2017 09:23:31 Entrée dans ActionProfil.php
19/03/2017 09:23:35 Entrée dans ActionAccueil.php
19/03/2017 09:23:36 Entrée dans ActionAccueil.php
19/03/2017 14:25:07 Entrée dans ActionJoueurs.php
19/03/2017 14:32:39 Entrée dans ActionAccueil.php
19/03/2017 14:32:43 Entrée dans ActionJoueurs.php
19/03/2017 15:04:43 Entrée dans ActionClub.php
19/03/2017 16:50:39 Entrée dans ActionAgenda.php
19/03/2017 18:25:33 Entrée dans ActionAccueil.php
19/03/2017 19:36:06 Entrée dans ActionAccueil.php
19/03/2017 19:36:20 Entrée dans ActionEcoleDeFoot.php
19/03/2017 19:36:26 Entrée dans ActionClub.php
19/03/2017 21:39:35 Entrée dans ActionAccueil.php
19/03/2017 21:39:58 Entrée dans ActionJoueurs.php
19/03/2017 21:40:11 Entrée dans ActionAccueil.php
19/03/2017 21:40:38 Entrée dans AfficherPopupArticle.php
19/03/2017 21:41:37 Entrée dans ActionJoueurs.php
19/03/2017 23:17:45 Entrée dans ActionContact.php
20/03/2017 00:37:14 Entrée dans ActionJoueurs.php
20/03/2017 11:20:53 Entrée dans ActionAccueil.php
20/03/2017 11:21:12 Entrée dans ActionJoueurs.php
20/03/2017 11:22:19 Entrée dans ActionJoueurs.php
20/03/2017 11:23:23 Entrée dans ActionClub.php
20/03/2017 11:23:31 Entrée dans ActionEvenement.php
20/03/2017 12:35:48 Entrée dans ActionEvenement.php
20/03/2017 16:47:53 Entrée dans ActionAccueil.php
20/03/2017 16:47:58 Entrée dans ActionJoueurs.php
20/03/2017 17:16:50 Entrée dans ActionAccueil.php
20/03/2017 17:16:59 Entrée dans ActionJoueurs.php
20/03/2017 22:21:02 Entrée dans ActionAccueil.php
21/03/2017 00:05:34 Entrée dans ActionAccueil.php
21/03/2017 00:53:13 Entrée dans ActionClub.php
21/03/2017 06:20:17 Entrée dans ActionAccueil.php
21/03/2017 06:20:46 Entrée dans ActionEcoleDeFoot.php
21/03/2017 06:20:53 Entrée dans ActionEcoleDeFoot.php
21/03/2017 06:21:00 Entrée dans ActionEcoleDeFoot.php
21/03/2017 12:58:37 Entrée dans ActionAccueil.php
21/03/2017 12:59:17 Entrée dans ActionJoueurs.php
21/03/2017 15:02:55 Entrée dans ActionAccueil.php
21/03/2017 17:50:56 Entrée dans ActionAgenda.php
21/03/2017 18:12:44 Entrée dans ActionJoueurs.php
21/03/2017 18:13:28 Entrée dans ActionJoueurs.php
21/03/2017 21:23:25 Entrée dans ActionAccueil.php
21/03/2017 21:23:31 Entrée dans ActionJoueurs.php
21/03/2017 21:24:20 Entrée dans ActionClub.php
21/03/2017 21:38:28 Entrée dans ActionJoueurs.php
21/03/2017 22:00:10 Entrée dans ActionAccueil.php
21/03/2017 22:00:28 Entrée dans ActionEcoleDeFoot.php
21/03/2017 22:00:30 Entrée dans ActionEcoleDeFoot.php
21/03/2017 22:00:39 Entrée dans ActionEvenement.php
21/03/2017 22:00:52 Entrée dans ActionSponsor.php
21/03/2017 22:00:56 Entrée dans ActionAgenda.php
21/03/2017 22:01:03 Entrée dans ActionAccueil.php
21/03/2017 22:01:09 Entrée dans AfficherPopupArticle.php
21/03/2017 22:19:06 Entrée dans ActionContact.php
21/03/2017 23:02:14 Entrée dans ActionSponsor.php
22/03/2017 05:01:42 Entrée dans ActionAgenda.php
22/03/2017 09:28:09 Entrée dans ActionEcoleDeFoot.php
22/03/2017 10:38:17 Entrée dans ActionEvenement.php
22/03/2017 14:29:11 Entrée dans ActionAccueil.php
22/03/2017 14:46:43 Entrée dans ActionAccueil.php
22/03/2017 14:47:22 Entrée dans AfficherPopupArticle.php
22/03/2017 14:59:24 Entrée dans ActionAccueil.php
22/03/2017 15:00:23 Entrée dans ActionAccueil.php
22/03/2017 15:00:29 Entrée dans ActionAccueil.php
22/03/2017 15:00:41 Entrée dans ActionEvenement.php
22/03/2017 16:04:58 Entrée dans ActionJoueurs.php
22/03/2017 16:22:37 Entrée dans ActionAccueil.php
22/03/2017 16:22:46 Entrée dans ActionClub.php
22/03/2017 16:23:18 Entrée dans ActionAccueil.php
22/03/2017 16:29:59 Entrée dans ActionAgenda.php
22/03/2017 16:30:20 Entrée dans ActionAgenda.php
22/03/2017 19:39:27 Entrée dans ActionAccueil.php
22/03/2017 19:40:13 Entrée dans ActionClub.php
22/03/2017 19:40:37 Entrée dans ActionAccueil.php
22/03/2017 19:40:47 Entrée dans ActionEcoleDeFoot.php
22/03/2017 19:41:01 Entrée dans ActionEcoleDeFoot.php
22/03/2017 19:41:03 Entrée dans ActionEcoleDeFoot.php
22/03/2017 19:41:08 Entrée dans ActionEcoleDeFoot.php
22/03/2017 19:41:19 Entrée dans ActionAgenda.php
22/03/2017 19:43:02 Entrée dans ActionAgenda.php
22/03/2017 19:43:20 Entrée dans ActionAgenda.php
22/03/2017 19:43:23 Entrée dans ActionJoueurs.php
22/03/2017 21:42:46 Entrée dans ActionJoueurs.php
22/03/2017 22:08:51 Entrée dans ActionAccueil.php
22/03/2017 22:09:03 Entrée dans AfficherPopupArticle.php
22/03/2017 22:09:28 Entrée dans ActionEcoleDeFoot.php
22/03/2017 22:09:34 Entrée dans ActionEcoleDeFoot.php
23/03/2017 11:35:12 Entrée dans ActionAccueil.php
23/03/2017 11:35:43 Entrée dans ActionJoueurs.php
23/03/2017 11:35:44 Entrée dans ActionEcoleDeFoot.php
23/03/2017 12:49:23 Entrée dans ActionEcoleDeFoot.php
23/03/2017 12:49:29 Entrée dans ActionEcoleDeFoot.php
23/03/2017 12:49:46 Entrée dans ActionEvenement.php
23/03/2017 13:42:27 Entrée dans ActionAccueil.php
23/03/2017 13:43:06 Entrée dans ActionJoueurs.php
23/03/2017 13:44:09 Entrée dans ActionClub.php
23/03/2017 14:42:42 Entrée dans ActionAccueil.php
23/03/2017 16:15:18 Entrée dans ActionAccueil.php
23/03/2017 18:00:42 Entrée dans ActionClub.php
23/03/2017 18:36:21 Entrée dans ActionJoueurs.php
23/03/2017 19:18:09 Entrée dans ActionAccueil.php
23/03/2017 19:18:16 Entrée dans AfficherPopupArticle.php
23/03/2017 19:19:03 Entrée dans ActionEvenement.php
23/03/2017 19:19:09 Entrée dans ActionAgenda.php
23/03/2017 19:19:15 Entrée dans ActionAccueil.php
23/03/2017 19:43:21 Entrée dans ActionSponsor.php
23/03/2017 20:24:55 Entrée dans ActionSponsor.php
23/03/2017 23:34:02 Entrée dans ActionAgenda.php
24/03/2017 05:59:15 Entrée dans ActionEcoleDeFoot.php
24/03/2017 06:25:37 Entrée dans ActionEcoleDeFoot.php
24/03/2017 07:31:32 Entrée dans ActionAccueil.php
24/03/2017 07:33:49 Entrée dans ActionJoueurs.php
24/03/2017 08:01:14 Entrée dans ActionEvenement.php
24/03/2017 12:45:30 Entrée dans ActionAccueil.php
24/03/2017 17:40:54 Entrée dans ActionAccueil.php
24/03/2017 17:41:17 Entrée dans AfficherPopupArticle.php
24/03/2017 17:41:38 Entrée dans ActionEcoleDeFoot.php
24/03/2017 17:41:42 Entrée dans ActionEcoleDeFoot.php
24/03/2017 17:42:09 Entrée dans ActionEcoleDeFoot.php
24/03/2017 17:42:10 Entrée dans ActionEcoleDeFoot.php
24/03/2017 17:42:16 Entrée dans ActionEcoleDeFoot.php
24/03/2017 17:42:23 Entrée dans ActionEcoleDeFoot.php
24/03/2017 17:43:27 Entrée dans ActionEcoleDeFoot.php
24/03/2017 17:43:36 Entrée dans ActionEcoleDeFoot.php
24/03/2017 17:43:43 Entrée dans ActionEcoleDeFoot.php
24/03/2017 18:16:40 Entrée dans ActionAccueil.php
24/03/2017 21:44:18 Entrée dans ActionAccueil.php
24/03/2017 21:52:58 Entrée dans AfficherPopupArticle.php
25/03/2017 03:44:37 Entrée dans ActionAccueil.php
25/03/2017 06:12:20 Entrée dans ActionClub.php
25/03/2017 09:26:10 Entrée dans ActionAccueil.php
25/03/2017 09:31:59 Entrée dans ActionAccueil.php
25/03/2017 09:32:12 Entrée dans ActionJoueurs.php
25/03/2017 10:33:42 Entrée dans ActionAccueil.php
25/03/2017 10:34:07 Entrée dans ActionLogin.php
25/03/2017 10:34:10 Entrée dans ActionLogin.php
25/03/2017 10:35:10 Entrée dans ActionLogin.php
25/03/2017 10:35:10 Authentification de aissadi.
25/03/2017 10:35:10 Entrée dans ActionProfil.php
25/03/2017 10:35:29 Entrée dans ActionMembre.php
25/03/2017 10:35:42 Entrée dans ActionMembre.php
25/03/2017 10:40:42 Entrée dans ActionMembre.php
25/03/2017 10:47:30 Entrée dans ActionAccueil.php
25/03/2017 10:47:38 Entrée dans AfficherPopupArticle.php
25/03/2017 10:48:26 Entrée dans AfficherPopupArticle.php
25/03/2017 10:48:37 Entrée dans ActionAgenda.php
25/03/2017 10:48:58 Entrée dans ActionAgenda.php
25/03/2017 10:48:59 Entrée dans ActionAgenda.php
25/03/2017 10:49:02 Entrée dans ActionAgenda.php
25/03/2017 10:49:25 Entrée dans ActionAgenda.php
25/03/2017 10:49:50 Entrée dans ActionAgenda.php
25/03/2017 10:50:14 Entrée dans ActionEcoleDeFoot.php
25/03/2017 10:50:21 Entrée dans ActionEcoleDeFoot.php
25/03/2017 10:50:21 Entrée dans ActionEcoleDeFoot.php
25/03/2017 10:50:24 Entrée dans ActionEcoleDeFoot.php
25/03/2017 10:51:11 Entrée dans ActionEcoleDeFoot.php
25/03/2017 10:51:35 Entrée dans ActionAccueil.php
25/03/2017 10:51:39 Entrée dans ActionAccueil.php
25/03/2017 10:52:01 Entrée dans ActionAgenda.php
25/03/2017 10:52:33 Entrée dans ActionAgenda.php
25/03/2017 10:52:52 Entrée dans ActionJoueurs.php
25/03/2017 10:53:14 Entrée dans ActionSponsor.php
25/03/2017 10:53:28 Entrée dans ActionAccueil.php
25/03/2017 13:08:48 Entrée dans ActionSponsor.php
25/03/2017 14:03:26 Entrée dans ActionAccueil.php
25/03/2017 14:03:46 Entrée dans ActionClub.php
25/03/2017 14:03:57 Entrée dans ActionEcoleDeFoot.php
25/03/2017 14:04:04 Entrée dans ActionEcoleDeFoot.php
25/03/2017 18:21:12 Entrée dans ActionAccueil.php
25/03/2017 18:22:11 Entrée dans ActionJoueurs.php
25/03/2017 18:24:39 Entrée dans ActionAccueil.php
25/03/2017 18:42:39 Entrée dans ActionAgenda.php
25/03/2017 18:52:21 Entrée dans ActionAccueil.php
25/03/2017 18:52:28 Entrée dans ActionAccueil.php
25/03/2017 18:52:37 Entrée dans ActionAccueil.php
25/03/2017 18:52:39 Entrée dans ActionClub.php
25/03/2017 18:52:51 Entrée dans ActionEcoleDeFoot.php
25/03/2017 21:02:01 Entrée dans ActionAccueil.php
25/03/2017 21:02:11 Entrée dans ActionClub.php
25/03/2017 21:02:14 Entrée dans ActionEcoleDeFoot.php
25/03/2017 21:02:24 Entrée dans ActionEcoleDeFoot.php
25/03/2017 21:02:33 Entrée dans ActionEcoleDeFoot.php
25/03/2017 21:02:41 Entrée dans ActionEcoleDeFoot.php
25/03/2017 21:02:52 Entrée dans ActionEcoleDeFoot.php
25/03/2017 21:03:02 Entrée dans ActionEcoleDeFoot.php
25/03/2017 21:04:24 Entrée dans ActionEcoleDeFoot.php
26/03/2017 06:16:33 Entrée dans ActionEvenement.php
26/03/2017 09:31:51 Entrée dans ActionJoueurs.php
26/03/2017 11:08:11 Entrée dans ActionAccueil.php
26/03/2017 15:39:13 Entrée dans ActionAccueil.php
26/03/2017 15:39:29 Entrée dans ActionClub.php
26/03/2017 15:40:32 Entrée dans ActionAccueil.php
26/03/2017 15:40:36 Entrée dans ActionEcoleDeFoot.php
26/03/2017 15:40:42 Entrée dans ActionEcoleDeFoot.php
26/03/2017 18:03:16 Entrée dans ActionJoueurs.php
26/03/2017 18:11:17 Entrée dans ActionSponsor.php
26/03/2017 19:32:24 Entrée dans ActionAccueil.php
26/03/2017 20:59:23 Entrée dans ActionEcoleDeFoot.php
26/03/2017 21:36:36 Entrée dans ActionAccueil.php
26/03/2017 22:40:50 Entrée dans ActionAccueil.php
26/03/2017 23:28:08 Entrée dans ActionEcoleDeFoot.php
27/03/2017 11:56:26 Entrée dans ActionAccueil.php
27/03/2017 11:56:30 Entrée dans ActionClub.php
27/03/2017 11:56:32 Entrée dans ActionJoueurs.php
27/03/2017 11:56:35 Entrée dans ActionEcoleDeFoot.php
27/03/2017 11:56:37 Entrée dans ActionAgenda.php
27/03/2017 11:56:39 Entrée dans ActionEvenement.php
27/03/2017 11:56:41 Entrée dans ActionSponsor.php
27/03/2017 14:05:42 Entrée dans ActionAccueil.php
27/03/2017 14:26:27 Entrée dans ActionAccueil.php
27/03/2017 15:24:13 Entrée dans ActionAccueil.php
27/03/2017 15:24:48 Entrée dans ActionEvenement.php
27/03/2017 15:25:07 Entrée dans ActionAccueil.php
27/03/2017 17:39:37 Entrée dans ActionContact.php
27/03/2017 19:11:43 Entrée dans ActionAccueil.php
27/03/2017 19:52:29 Entrée dans ActionJoueurs.php
27/03/2017 20:28:12 Entrée dans ActionJoueurs.php
27/03/2017 21:15:08 Entrée dans ActionAccueil.php
27/03/2017 21:15:30 Entrée dans ActionAccueil.php
27/03/2017 21:16:22 Entrée dans ActionJoueurs.php
27/03/2017 23:26:36 Entrée dans ActionAccueil.php
27/03/2017 23:42:04 Entrée dans ActionAccueil.php
28/03/2017 01:07:33 Entrée dans ActionAccueil.php
28/03/2017 01:25:16 Entrée dans ActionJoueurs.php
28/03/2017 01:55:48 Entrée dans ActionAccueil.php
28/03/2017 04:04:56 Entrée dans ActionJoueurs.php
28/03/2017 04:32:10 Entrée dans ActionEcoleDeFoot.php
28/03/2017 04:32:19 Entrée dans ActionEcoleDeFoot.php
28/03/2017 04:32:46 Entrée dans ActionEvenement.php
28/03/2017 04:33:02 Entrée dans ActionAccueil.php
28/03/2017 04:33:15 Entrée dans AfficherPopupArticle.php
28/03/2017 04:33:46 Entrée dans AfficherPopupArticle.php
28/03/2017 04:34:01 Entrée dans AfficherPopupArticle.php
28/03/2017 04:34:08 Entrée dans AfficherPopupArticle.php
28/03/2017 04:34:25 Entrée dans AfficherPopupArticle.php
28/03/2017 04:34:38 Entrée dans ActionEcoleDeFoot.php
28/03/2017 04:34:43 Entrée dans ActionEcoleDeFoot.php
28/03/2017 04:35:23 Entrée dans ActionEvenement.php
28/03/2017 04:35:25 Entrée dans ActionSponsor.php
28/03/2017 04:35:37 Entrée dans ActionAccueil.php
28/03/2017 04:35:42 Entrée dans ActionClub.php
28/03/2017 05:04:16 Entrée dans ActionSponsor.php
28/03/2017 06:08:37 Entrée dans ActionJoueurs.php
28/03/2017 06:24:48 Entrée dans ActionEcoleDeFoot.php
28/03/2017 06:24:52 Entrée dans ActionEcoleDeFoot.php
28/03/2017 06:25:03 Entrée dans ActionEcoleDeFoot.php
28/03/2017 06:25:09 Entrée dans ActionEcoleDeFoot.php
28/03/2017 06:25:14 Entrée dans ActionEcoleDeFoot.php
28/03/2017 06:25:20 Entrée dans ActionEcoleDeFoot.php
28/03/2017 07:46:47 Entrée dans ActionJoueurs.php
28/03/2017 09:28:41 Entrée dans ActionJoueurs.php
28/03/2017 09:40:32 Entrée dans ActionJoueurs.php
28/03/2017 10:00:48 Entrée dans ActionJoueurs.php
28/03/2017 10:05:23 Entrée dans ActionEvenement.php
28/03/2017 11:25:28 Entrée dans ActionAccueil.php
28/03/2017 12:18:05 Entrée dans ActionAgenda.php
28/03/2017 12:44:53 Entrée dans ActionAccueil.php
28/03/2017 12:45:06 Entrée dans ActionClub.php
28/03/2017 12:45:17 Entrée dans ActionAgenda.php
28/03/2017 12:45:27 Entrée dans ActionJoueurs.php
28/03/2017 12:45:31 Entrée dans ActionSponsor.php
28/03/2017 12:45:51 Entrée dans ActionEvenement.php
28/03/2017 12:46:01 Entrée dans ActionEcoleDeFoot.php
28/03/2017 15:25:01 Entrée dans ActionAccueil.php
28/03/2017 15:25:11 Entrée dans ActionAccueil.php
28/03/2017 15:25:32 Entrée dans ActionAccueil.php
28/03/2017 16:58:05 Entrée dans ActionAccueil.php
28/03/2017 16:58:21 Entrée dans AfficherPopupArticle.php
28/03/2017 16:58:58 Entrée dans AfficherPopupArticle.php
28/03/2017 16:59:26 Entrée dans AfficherPopupArticle.php
28/03/2017 17:00:10 Entrée dans ActionClub.php
28/03/2017 17:00:11 Entrée dans ActionClub.php
28/03/2017 17:00:14 Entrée dans ActionJoueurs.php
28/03/2017 17:00:21 Entrée dans ActionEcoleDeFoot.php
28/03/2017 17:00:28 Entrée dans ActionAgenda.php
28/03/2017 17:00:36 Entrée dans ActionEvenement.php
28/03/2017 17:00:45 Entrée dans ActionSponsor.php
28/03/2017 20:35:56 Entrée dans ActionEcoleDeFoot.php
28/03/2017 20:56:47 Entrée dans ActionAccueil.php
28/03/2017 20:57:19 Entrée dans ActionJoueurs.php
28/03/2017 22:02:16 Entrée dans ActionEvenement.php
28/03/2017 22:19:04 Entrée dans ActionEvenement.php
28/03/2017 22:29:03 Entrée dans ActionEvenement.php
28/03/2017 23:11:18 Entrée dans ActionEcoleDeFoot.php
28/03/2017 23:11:23 Entrée dans ActionClub.php
28/03/2017 23:11:40 Entrée dans ActionAgenda.php
28/03/2017 23:11:45 Entrée dans ActionSponsor.php
28/03/2017 23:12:18 Entrée dans ActionJoueurs.php
28/03/2017 23:12:29 Entrée dans ActionEvenement.php
29/03/2017 00:21:54 Entrée dans ActionAccueil.php
29/03/2017 00:22:06 Entrée dans ActionClub.php
29/03/2017 05:25:49 Entrée dans ActionAccueil.php
29/03/2017 05:25:50 Entrée dans ActionClub.php
29/03/2017 10:59:48 Entrée dans ActionClub.php
29/03/2017 11:07:17 Entrée dans ActionClub.php
29/03/2017 12:02:13 Entrée dans ActionClub.php
29/03/2017 15:50:37 Entrée dans ActionAccueil.php
29/03/2017 20:02:46 Entrée dans ActionAccueil.php
29/03/2017 20:03:58 Entrée dans ActionClub.php
29/03/2017 20:04:24 Entrée dans ActionEcoleDeFoot.php
30/03/2017 00:25:56 Entrée dans ActionClub.php
30/03/2017 03:08:32 Entrée dans ActionJoueurs.php
30/03/2017 03:20:13 Entrée dans ActionJoueurs.php
30/03/2017 04:22:32 Entrée dans ActionSponsor.php
30/03/2017 14:15:39 Entrée dans ActionEcoleDeFoot.php
30/03/2017 14:20:25 Entrée dans ActionAccueil.php
30/03/2017 15:57:04 Entrée dans ActionEvenement.php
30/03/2017 17:14:28 Entrée dans ActionAccueil.php
30/03/2017 17:14:33 Entrée dans ActionClub.php
30/03/2017 17:14:35 Entrée dans ActionJoueurs.php
30/03/2017 17:14:37 Entrée dans ActionEcoleDeFoot.php
30/03/2017 17:14:39 Entrée dans ActionAgenda.php
30/03/2017 17:14:42 Entrée dans ActionEvenement.php
30/03/2017 17:14:43 Entrée dans ActionSponsor.php
30/03/2017 18:06:40 Entrée dans ActionAccueil.php
30/03/2017 18:07:29 Entrée dans ActionEcoleDeFoot.php
30/03/2017 18:07:33 Entrée dans ActionEcoleDeFoot.php
30/03/2017 18:07:56 Entrée dans ActionClub.php
30/03/2017 18:07:59 Entrée dans ActionJoueurs.php
30/03/2017 18:08:04 Entrée dans ActionEcoleDeFoot.php
30/03/2017 18:08:08 Entrée dans ActionAgenda.php
30/03/2017 18:08:21 Entrée dans ActionEvenement.php
30/03/2017 18:08:29 Entrée dans ActionEvenement.php
30/03/2017 18:08:33 Entrée dans ActionEvenement.php
30/03/2017 18:08:38 Entrée dans ActionAgenda.php
30/03/2017 18:08:55 Entrée dans ActionAgenda.php
30/03/2017 18:09:03 Entrée dans ActionAccueil.php
30/03/2017 18:09:18 Entrée dans AfficherPopupArticle.php
30/03/2017 18:34:41 Entrée dans ActionEvenement.php
30/03/2017 19:58:04 Entrée dans ActionAccueil.php
30/03/2017 21:35:04 Entrée dans ActionAccueil.php
30/03/2017 21:35:27 Entrée dans ActionLogin.php
30/03/2017 21:35:27 Authentification de fgastrini.
30/03/2017 21:35:28 Entrée dans ActionProfil.php
30/03/2017 21:35:32 Entrée dans ActionRencontre.php
30/03/2017 21:35:47 Entrée dans RechercherEquipe.php
30/03/2017 21:35:51 Entrée dans RechercherCompetitionEquipe.php
30/03/2017 21:36:25 Entrée dans ActionRencontre.php
30/03/2017 21:36:34 Entrée dans GestionResultats.php
30/03/2017 21:36:45 Entrée dans GestionResultats.php
30/03/2017 21:36:50 Entrée dans ActionAccueil.php
30/03/2017 21:37:14 Entrée dans ActionProfil.php
30/03/2017 21:37:16 Entrée dans ActionRencontre.php
30/03/2017 21:37:35 Entrée dans RechercherEquipe.php
30/03/2017 21:37:38 Entrée dans RechercherCompetitionEquipe.php
30/03/2017 21:37:57 Entrée dans ActionRencontre.php
30/03/2017 21:44:10 Entrée dans ActionAccueil.php
30/03/2017 21:44:10 Entrée dans ActionAccueil.php
30/03/2017 21:51:48 Entrée dans ActionAccueil.php
30/03/2017 21:52:24 Entrée dans ActionEvenement.php
30/03/2017 21:52:44 Entrée dans ActionAgenda.php
30/03/2017 21:52:52 Entrée dans ActionEcoleDeFoot.php
31/03/2017 07:52:44 Entrée dans ActionAccueil.php
31/03/2017 07:53:48 Entrée dans ActionEcoleDeFoot.php
31/03/2017 07:54:00 Entrée dans ActionEcoleDeFoot.php
31/03/2017 07:54:21 Entrée dans ActionEvenement.php
31/03/2017 07:55:20 Entrée dans ActionAccueil.php
31/03/2017 09:32:04 Entrée dans ActionAgenda.php
31/03/2017 09:32:19 Entrée dans ActionEvenement.php
31/03/2017 09:32:35 Entrée dans ActionSponsor.php
31/03/2017 11:39:47 Entrée dans ActionAccueil.php
31/03/2017 14:08:31 Entrée dans ActionClub.php
31/03/2017 15:35:19 Entrée dans ActionAccueil.php
31/03/2017 17:51:53 Entrée dans ActionAccueil.php
31/03/2017 17:51:58 Entrée dans ActionJoueurs.php
31/03/2017 22:07:34 Entrée dans ActionAccueil.php
31/03/2017 22:07:56 Entrée dans ActionClub.php
31/03/2017 22:08:01 Entrée dans ActionEcoleDeFoot.php
31/03/2017 22:08:03 Entrée dans ActionEcoleDeFoot.php
31/03/2017 22:08:46 Entrée dans ActionEcoleDeFoot.php
