01/05/2017 00:06:29 Entrée dans ActionJoueurs.php
01/05/2017 00:13:47 Entrée dans ActionEvenement.php
01/05/2017 00:59:59 Entrée dans ActionAccueil.php
01/05/2017 01:00:32 Entrée dans AfficherPopupArticle.php
01/05/2017 01:01:59 Entrée dans ActionEvenement.php
01/05/2017 08:37:33 Entrée dans ActionAccueil.php
01/05/2017 09:52:03 Entrée dans ActionAccueil.php
01/05/2017 10:42:40 Entrée dans ActionClub.php
01/05/2017 10:53:27 Entrée dans ActionAccueil.php
01/05/2017 10:54:15 Entrée dans ActionAccueil.php
01/05/2017 10:54:21 Entrée dans ActionAccueil.php
01/05/2017 10:54:31 Entrée dans ActionJoueurs.php
01/05/2017 13:43:06 Entrée dans ActionEcoleDeFoot.php
01/05/2017 13:44:03 Entrée dans ActionAccueil.php
01/05/2017 13:44:41 Entrée dans ActionEvenement.php
01/05/2017 13:46:38 Entrée dans ActionEvenement.php
01/05/2017 13:46:50 Entrée dans ActionEvenement.php
01/05/2017 13:46:53 Entrée dans ActionEvenement.php
01/05/2017 13:47:01 Entrée dans ActionClub.php
01/05/2017 13:47:07 Entrée dans ActionEcoleDeFoot.php
01/05/2017 13:47:12 Entrée dans ActionAgenda.php
01/05/2017 13:47:17 Entrée dans ActionEvenement.php
01/05/2017 13:47:20 Entrée dans ActionSponsor.php
01/05/2017 13:53:05 Entrée dans ActionClub.php
01/05/2017 14:14:09 Entrée dans ActionAccueil.php
01/05/2017 14:14:19 Entrée dans ActionEcoleDeFoot.php
01/05/2017 14:14:31 Entrée dans ActionEcoleDeFoot.php
01/05/2017 14:14:58 Entrée dans ActionEcoleDeFoot.php
01/05/2017 14:15:15 Entrée dans ActionAccueil.php
01/05/2017 15:29:07 Entrée dans ActionAccueil.php
01/05/2017 15:29:24 Entrée dans ActionEvenement.php
01/05/2017 15:30:02 Entrée dans ActionAccueil.php
01/05/2017 15:30:09 Entrée dans ActionEvenement.php
01/05/2017 17:06:51 Entrée dans ActionEvenement.php
01/05/2017 17:31:45 Entrée dans ActionAccueil.php
01/05/2017 17:36:12 Entrée dans ActionAccueil.php
01/05/2017 17:57:41 Entrée dans ActionAccueil.php
01/05/2017 17:58:01 Entrée dans ActionAgenda.php
01/05/2017 17:58:04 Entrée dans ActionEvenement.php
01/05/2017 17:59:21 Entrée dans ActionEvenement.php
01/05/2017 18:04:41 Entrée dans ActionAccueil.php
01/05/2017 18:04:54 Entrée dans ActionClub.php
01/05/2017 20:03:35 Entrée dans ActionEvenement.php
01/05/2017 20:06:04 Entrée dans ActionAgenda.php
01/05/2017 20:58:19 Entrée dans ActionAccueil.php
01/05/2017 20:58:26 Entrée dans ActionEvenement.php
01/05/2017 20:59:00 Entrée dans ActionClub.php
01/05/2017 20:59:28 Entrée dans ActionJoueurs.php
01/05/2017 21:01:42 Entrée dans ActionEvenement.php
02/05/2017 04:04:55 Entrée dans ActionAccueil.php
02/05/2017 09:13:14 Entrée dans ActionAccueil.php
02/05/2017 09:13:28 Entrée dans ActionAccueil.php
02/05/2017 09:13:29 Entrée dans ActionAccueil.php
02/05/2017 09:14:12 Entrée dans AfficherPopupArticle.php
02/05/2017 10:04:44 Entrée dans ActionAccueil.php
02/05/2017 10:06:33 Entrée dans ActionJoueurs.php
02/05/2017 11:05:16 Entrée dans ActionAccueil.php
02/05/2017 11:05:39 Entrée dans ActionJoueurs.php
02/05/2017 11:06:58 Entrée dans ActionJoueurs.php
02/05/2017 11:07:51 Entrée dans ActionEcoleDeFoot.php
02/05/2017 12:21:56 Entrée dans ActionClub.php
02/05/2017 14:03:39 Entrée dans ActionAccueil.php
02/05/2017 14:03:54 Entrée dans ActionEcoleDeFoot.php
02/05/2017 14:04:01 Entrée dans ActionEcoleDeFoot.php
02/05/2017 14:04:18 Entrée dans ActionEcoleDeFoot.php
02/05/2017 14:04:21 Entrée dans ActionEcoleDeFoot.php
02/05/2017 14:04:29 Entrée dans ActionEcoleDeFoot.php
02/05/2017 14:04:35 Entrée dans ActionAccueil.php
02/05/2017 14:57:01 Entrée dans ActionAccueil.php
02/05/2017 18:15:35 Entrée dans ActionAccueil.php
02/05/2017 18:52:23 Entrée dans ActionAccueil.php
02/05/2017 18:52:32 Entrée dans ActionEvenement.php
02/05/2017 18:52:38 Entrée dans ActionAccueil.php
02/05/2017 18:52:47 Entrée dans AfficherPopupArticle.php
02/05/2017 18:53:23 Entrée dans ActionEvenement.php
02/05/2017 21:16:00 Entrée dans ActionClub.php
02/05/2017 22:05:00 Entrée dans ActionClub.php
02/05/2017 22:05:04 Entrée dans ActionEcoleDeFoot.php
02/05/2017 22:05:13 Entrée dans ActionEcoleDeFoot.php
02/05/2017 22:05:32 Entrée dans ActionEcoleDeFoot.php
02/05/2017 22:09:39 Entrée dans ActionEcoleDeFoot.php
02/05/2017 22:10:02 Entrée dans ActionEcoleDeFoot.php
02/05/2017 22:10:06 Entrée dans ActionEcoleDeFoot.php
02/05/2017 22:13:54 Entrée dans ActionEcoleDeFoot.php
02/05/2017 22:13:55 Entrée dans ActionEcoleDeFoot.php
02/05/2017 22:14:17 Entrée dans ActionClub.php
02/05/2017 22:15:08 Entrée dans ActionEcoleDeFoot.php
02/05/2017 22:15:10 Entrée dans ActionAgenda.php
02/05/2017 22:27:51 Entrée dans ActionAccueil.php
02/05/2017 22:28:01 Entrée dans AfficherPopupArticle.php
02/05/2017 22:29:04 Entrée dans AfficherPopupArticle.php
02/05/2017 22:29:21 Entrée dans ActionJoueurs.php
02/05/2017 22:29:46 Entrée dans ActionEcoleDeFoot.php
02/05/2017 22:29:58 Entrée dans ActionAccueil.php
03/05/2017 12:55:28 Entrée dans ActionAccueil.php
03/05/2017 12:55:32 Entrée dans ActionClub.php
03/05/2017 12:55:36 Entrée dans ActionJoueurs.php
03/05/2017 12:55:40 Entrée dans ActionEcoleDeFoot.php
03/05/2017 12:55:42 Entrée dans ActionAgenda.php
03/05/2017 12:55:45 Entrée dans ActionEvenement.php
03/05/2017 12:55:47 Entrée dans ActionSponsor.php
03/05/2017 13:55:54 Entrée dans ActionAccueil.php
03/05/2017 13:56:48 Entrée dans ActionAccueil.php
03/05/2017 14:41:05 Entrée dans ActionAccueil.php
03/05/2017 17:58:14 Entrée dans ActionEvenement.php
04/05/2017 12:53:49 Entrée dans ActionContact.php
04/05/2017 12:56:23 Entrée dans ActionContact.php
04/05/2017 13:25:52 Entrée dans ActionAccueil.php
04/05/2017 19:57:00 Entrée dans ActionAccueil.php
04/05/2017 19:57:15 Entrée dans AfficherPopupArticle.php
04/05/2017 19:58:05 Entrée dans ActionClub.php
04/05/2017 19:59:21 Entrée dans ActionJoueurs.php
04/05/2017 20:00:41 Entrée dans ActionEcoleDeFoot.php
04/05/2017 20:00:43 Entrée dans ActionEcoleDeFoot.php
04/05/2017 20:03:37 Entrée dans ActionEcoleDeFoot.php
04/05/2017 20:43:18 Entrée dans ActionEcoleDeFoot.php
05/05/2017 03:48:54 Entrée dans ActionAccueil.php
05/05/2017 03:49:02 Entrée dans ActionEcoleDeFoot.php
05/05/2017 03:49:05 Entrée dans ActionClub.php
05/05/2017 03:49:15 Entrée dans ActionJoueurs.php
05/05/2017 03:49:21 Entrée dans ActionAgenda.php
05/05/2017 03:49:24 Entrée dans ActionEvenement.php
05/05/2017 03:49:27 Entrée dans ActionSponsor.php
05/05/2017 04:23:17 Entrée dans ActionClub.php
05/05/2017 05:57:01 Entrée dans ActionAccueil.php
05/05/2017 05:57:24 Entrée dans AfficherPopupArticle.php
05/05/2017 05:58:21 Entrée dans AfficherPopupArticle.php
05/05/2017 07:26:33 Entrée dans ActionAccueil.php
05/05/2017 14:59:20 Entrée dans ActionJoueurs.php
05/05/2017 15:13:12 Entrée dans ActionClub.php
05/05/2017 20:25:27 Entrée dans ActionJoueurs.php
05/05/2017 20:41:04 Entrée dans ActionAccueil.php
05/05/2017 20:41:18 Entrée dans ActionClub.php
05/05/2017 20:41:27 Entrée dans ActionAgenda.php
05/05/2017 20:41:37 Entrée dans ActionJoueurs.php
05/05/2017 20:41:43 Entrée dans ActionSponsor.php
05/05/2017 20:42:03 Entrée dans ActionEvenement.php
05/05/2017 20:42:12 Entrée dans ActionEcoleDeFoot.php
05/05/2017 22:17:32 Entrée dans ActionClub.php
06/05/2017 02:13:36 Entrée dans ActionAccueil.php
06/05/2017 02:13:37 Entrée dans ActionAccueil.php
06/05/2017 02:13:37 Entrée dans ActionClub.php
06/05/2017 02:13:37 Entrée dans ActionJoueurs.php
06/05/2017 02:13:38 Entrée dans ActionEcoleDeFoot.php
06/05/2017 02:13:38 Entrée dans ActionAgenda.php
06/05/2017 02:13:38 Entrée dans ActionEvenement.php
06/05/2017 02:13:39 Entrée dans ActionSponsor.php
06/05/2017 02:13:39 Entrée dans ActionAccueil.php
06/05/2017 02:13:39 Entrée dans ActionClub.php
06/05/2017 02:13:39 Entrée dans ActionJoueurs.php
06/05/2017 02:13:40 Entrée dans ActionEcoleDeFoot.php
06/05/2017 02:13:40 Entrée dans ActionAgenda.php
06/05/2017 02:13:40 Entrée dans ActionEvenement.php
06/05/2017 02:13:40 Entrée dans ActionSponsor.php
06/05/2017 02:13:41 Entrée dans ActionAccueil.php
06/05/2017 02:13:41 Entrée dans ActionClub.php
06/05/2017 02:13:41 Entrée dans ActionJoueurs.php
06/05/2017 02:13:41 Entrée dans ActionEcoleDeFoot.php
06/05/2017 02:13:42 Entrée dans ActionAgenda.php
06/05/2017 02:13:42 Entrée dans ActionEvenement.php
06/05/2017 02:13:42 Entrée dans ActionAccueil.php
06/05/2017 09:53:12 Entrée dans ActionAccueil.php
06/05/2017 09:53:36 Entrée dans AfficherPopupArticle.php
06/05/2017 09:53:58 Entrée dans AfficherPopupArticle.php
06/05/2017 09:54:18 Entrée dans ActionJoueurs.php
06/05/2017 09:58:57 Entrée dans ActionAccueil.php
06/05/2017 09:59:08 Entrée dans ActionJoueurs.php
06/05/2017 09:59:32 Entrée dans AfficherPopupArticle.php
06/05/2017 09:59:42 Entrée dans AfficherPopupArticle.php
06/05/2017 10:00:08 Entrée dans ActionEcoleDeFoot.php
06/05/2017 10:00:13 Entrée dans ActionEcoleDeFoot.php
06/05/2017 10:00:16 Entrée dans ActionEcoleDeFoot.php
06/05/2017 10:00:35 Entrée dans ActionEcoleDeFoot.php
06/05/2017 10:46:10 Entrée dans ActionAccueil.php
06/05/2017 10:46:36 Entrée dans AfficherPopupArticle.php
06/05/2017 10:58:08 Entrée dans ActionClub.php
06/05/2017 14:39:28 Entrée dans ActionAccueil.php
06/05/2017 14:39:32 Entrée dans AfficherPopupArticle.php
06/05/2017 14:40:16 Entrée dans ActionClub.php
06/05/2017 14:40:24 Entrée dans ActionEcoleDeFoot.php
06/05/2017 14:40:41 Entrée dans ActionEcoleDeFoot.php
06/05/2017 14:41:00 Entrée dans ActionEcoleDeFoot.php
06/05/2017 16:21:10 Entrée dans ActionEvenement.php
06/05/2017 17:42:54 Entrée dans ActionEcoleDeFoot.php
06/05/2017 18:47:17 Entrée dans ActionJoueurs.php
06/05/2017 22:03:44 Entrée dans ActionAccueil.php
06/05/2017 22:04:13 Entrée dans ActionClub.php
06/05/2017 22:04:39 Entrée dans ActionJoueurs.php
06/05/2017 22:04:51 Entrée dans ActionEcoleDeFoot.php
06/05/2017 22:12:56 Entrée dans ActionAgenda.php
07/05/2017 09:29:23 Entrée dans ActionAccueil.php
07/05/2017 09:29:47 Entrée dans ActionClub.php
07/05/2017 09:30:00 Entrée dans ActionEcoleDeFoot.php
07/05/2017 09:30:16 Entrée dans ActionEcoleDeFoot.php
07/05/2017 10:12:27 Entrée dans ActionAccueil.php
07/05/2017 10:12:37 Entrée dans ActionEvenement.php
07/05/2017 14:51:45 Entrée dans ActionAccueil.php
07/05/2017 14:51:55 Entrée dans ActionJoueurs.php
07/05/2017 14:51:59 Entrée dans ActionAgenda.php
07/05/2017 18:09:29 Entrée dans ActionAccueil.php
07/05/2017 18:09:35 Entrée dans ActionJoueurs.php
07/05/2017 18:28:18 Entrée dans ActionAccueil.php
07/05/2017 18:29:09 Entrée dans AfficherPopupArticle.php
07/05/2017 18:29:48 Entrée dans AfficherPopupArticle.php
07/05/2017 21:39:29 Entrée dans ActionAccueil.php
07/05/2017 21:39:30 Entrée dans ActionAgenda.php
07/05/2017 21:39:30 Entrée dans ActionClub.php
07/05/2017 21:39:31 Entrée dans ActionEcoleDeFoot.php
07/05/2017 21:39:31 Entrée dans ActionEvenement.php
07/05/2017 21:39:31 Entrée dans ActionJoueurs.php
07/05/2017 21:39:32 Entrée dans ActionSponsor.php
07/05/2017 21:39:32 Entrée dans AfficherPopupArticle.php
07/05/2017 21:39:32 Entrée dans AfficherPopupArticle.php
07/05/2017 21:39:32 Entrée dans AfficherPopupCompteRendu.php
07/05/2017 21:39:32 Entrée dans ActionAccueil.php
07/05/2017 21:39:33 Entrée dans RechercherArticle.php
07/05/2017 21:39:33 Entrée dans ActionAccueil.php
07/05/2017 21:39:34 Entrée dans ActionAccueil.php
07/05/2017 21:39:34 Entrée dans ActionProfil.php
07/05/2017 21:39:34 Entrée dans ActionAccueil.php
07/05/2017 21:39:35 Entrée dans ActionLogin.php
07/05/2017 21:39:35 Entrée dans ActionProfil.php
07/05/2017 21:39:35 Entrée dans ActionAccueil.php
08/05/2017 00:54:29 Entrée dans ActionEcoleDeFoot.php
08/05/2017 00:54:37 Entrée dans ActionEcoleDeFoot.php
08/05/2017 00:54:47 Entrée dans ActionJoueurs.php
08/05/2017 00:54:54 Entrée dans ActionEcoleDeFoot.php
08/05/2017 00:54:59 Entrée dans ActionEcoleDeFoot.php
08/05/2017 00:55:08 Entrée dans ActionEcoleDeFoot.php
08/05/2017 00:55:12 Entrée dans ActionEcoleDeFoot.php
08/05/2017 00:55:19 Entrée dans ActionEcoleDeFoot.php
08/05/2017 00:55:25 Entrée dans ActionEcoleDeFoot.php
08/05/2017 00:55:43 Entrée dans ActionEcoleDeFoot.php
08/05/2017 02:16:16 Entrée dans ActionAccueil.php
08/05/2017 07:41:56 Entrée dans ActionSponsor.php
08/05/2017 07:45:22 Entrée dans ActionEcoleDeFoot.php
08/05/2017 08:27:53 Entrée dans ActionAgenda.php
08/05/2017 08:30:15 Entrée dans ActionAccueil.php
08/05/2017 08:30:19 Entrée dans ActionClub.php
08/05/2017 08:30:21 Entrée dans ActionJoueurs.php
08/05/2017 08:30:23 Entrée dans ActionEcoleDeFoot.php
08/05/2017 08:30:25 Entrée dans ActionAgenda.php
08/05/2017 08:30:27 Entrée dans ActionEvenement.php
08/05/2017 08:30:29 Entrée dans ActionSponsor.php
08/05/2017 09:44:18 Entrée dans ActionAgenda.php
08/05/2017 09:48:23 Entrée dans ActionSponsor.php
08/05/2017 10:19:14 Entrée dans ActionEvenement.php
08/05/2017 10:30:21 Entrée dans ActionClub.php
08/05/2017 11:28:07 Entrée dans ActionAccueil.php
08/05/2017 12:28:05 Entrée dans ActionAccueil.php
08/05/2017 12:28:31 Entrée dans ActionAccueil.php
08/05/2017 12:34:52 Entrée dans ActionAccueil.php
08/05/2017 15:08:08 Entrée dans ActionAccueil.php
08/05/2017 15:08:27 Entrée dans ActionClub.php
08/05/2017 15:08:30 Entrée dans ActionJoueurs.php
08/05/2017 15:08:32 Entrée dans ActionEcoleDeFoot.php
08/05/2017 15:08:33 Entrée dans ActionAgenda.php
08/05/2017 15:08:35 Entrée dans ActionEvenement.php
08/05/2017 15:08:37 Entrée dans ActionSponsor.php
08/05/2017 16:14:09 Entrée dans ActionAccueil.php
08/05/2017 17:44:34 Entrée dans ActionJoueurs.php
08/05/2017 20:55:09 Entrée dans ActionAgenda.php
08/05/2017 21:05:54 Entrée dans ActionAccueil.php
08/05/2017 21:08:05 Entrée dans ActionClub.php
08/05/2017 21:08:56 Entrée dans ActionEcoleDeFoot.php
08/05/2017 21:09:10 Entrée dans ActionEcoleDeFoot.php
08/05/2017 22:28:50 Entrée dans ActionEvenement.php
09/05/2017 00:39:40 Entrée dans ActionEcoleDeFoot.php
09/05/2017 01:37:21 Entrée dans ActionClub.php
09/05/2017 02:30:10 Entrée dans ActionJoueurs.php
09/05/2017 03:35:57 Entrée dans ActionEcoleDeFoot.php
09/05/2017 04:42:48 Entrée dans ActionEcoleDeFoot.php
09/05/2017 07:17:57 Entrée dans ActionClub.php
09/05/2017 07:26:17 Entrée dans ActionJoueurs.php
09/05/2017 08:05:20 Entrée dans ActionAccueil.php
09/05/2017 08:11:50 Entrée dans ActionAgenda.php
09/05/2017 10:47:41 Entrée dans ActionAccueil.php
09/05/2017 10:47:49 Entrée dans ActionJoueurs.php
09/05/2017 13:28:28 Entrée dans ActionAccueil.php
09/05/2017 13:28:41 Entrée dans ActionJoueurs.php
09/05/2017 13:35:10 Entrée dans ActionJoueurs.php
09/05/2017 14:04:24 Entrée dans ActionEvenement.php
09/05/2017 15:13:20 Entrée dans ActionJoueurs.php
09/05/2017 16:28:48 Entrée dans ActionEcoleDeFoot.php
09/05/2017 16:28:52 Entrée dans ActionEvenement.php
09/05/2017 16:28:57 Entrée dans ActionSponsor.php
09/05/2017 22:17:42 Entrée dans ActionClub.php
09/05/2017 22:17:45 Entrée dans ActionEcoleDeFoot.php
09/05/2017 22:17:46 Entrée dans ActionAgenda.php
09/05/2017 23:42:56 Entrée dans ActionAccueil.php
09/05/2017 23:43:39 Entrée dans AfficherPopupArticle.php
09/05/2017 23:45:36 Entrée dans AfficherPopupArticle.php
09/05/2017 23:46:31 Entrée dans ActionEvenement.php
09/05/2017 23:46:47 Entrée dans ActionEcoleDeFoot.php
09/05/2017 23:46:57 Entrée dans ActionEcoleDeFoot.php
09/05/2017 23:47:12 Entrée dans ActionEcoleDeFoot.php
09/05/2017 23:47:37 Entrée dans ActionClub.php
09/05/2017 23:47:43 Entrée dans ActionAccueil.php
09/05/2017 23:48:04 Entrée dans AfficherPopupArticle.php
10/05/2017 04:33:20 Entrée dans ActionClub.php
10/05/2017 05:09:34 Entrée dans ActionSponsor.php
10/05/2017 14:06:55 Entrée dans ActionSponsor.php
10/05/2017 14:06:57 Entrée dans ActionEvenement.php
10/05/2017 15:48:11 Entrée dans ActionAccueil.php
10/05/2017 15:49:30 Entrée dans AfficherPopupArticle.php
10/05/2017 20:16:16 Entrée dans ActionEvenement.php
10/05/2017 20:33:09 Entrée dans ActionAccueil.php
10/05/2017 20:33:10 Entrée dans ActionAccueil.php
10/05/2017 20:33:14 Entrée dans ActionAccueil.php
10/05/2017 20:33:21 Entrée dans ActionAccueil.php
10/05/2017 20:33:22 Entrée dans ActionAccueil.php
10/05/2017 20:33:42 Entrée dans AfficherPopupArticle.php
10/05/2017 20:34:33 Entrée dans ActionAccueil.php
10/05/2017 20:34:38 Entrée dans ActionClub.php
10/05/2017 20:36:31 Entrée dans ActionJoueurs.php
10/05/2017 22:29:43 Entrée dans ActionAccueil.php
10/05/2017 23:44:15 Entrée dans ActionJoueurs.php
10/05/2017 23:49:55 Entrée dans ActionEvenement.php
11/05/2017 00:45:57 Entrée dans ActionJoueurs.php
11/05/2017 02:59:26 Entrée dans ActionAccueil.php
11/05/2017 07:50:20 Entrée dans ActionJoueurs.php
11/05/2017 08:42:32 Entrée dans ActionAccueil.php
11/05/2017 08:42:40 Entrée dans ActionClub.php
11/05/2017 11:49:33 Entrée dans ActionAccueil.php
11/05/2017 19:15:50 Entrée dans ActionAccueil.php
11/05/2017 19:16:04 Entrée dans ActionEvenement.php
12/05/2017 04:34:34 Entrée dans ActionClub.php
12/05/2017 09:29:35 Entrée dans ActionAccueil.php
12/05/2017 10:57:39 Entrée dans ActionAccueil.php
12/05/2017 11:04:51 Entrée dans ActionJoueurs.php
12/05/2017 15:56:00 Entrée dans ActionAccueil.php
12/05/2017 15:56:01 Entrée dans ActionAgenda.php
12/05/2017 15:56:03 Entrée dans ActionClub.php
12/05/2017 15:56:04 Entrée dans ActionEcoleDeFoot.php
12/05/2017 15:56:04 Entrée dans ActionEvenement.php
12/05/2017 15:56:05 Entrée dans ActionJoueurs.php
12/05/2017 15:56:05 Entrée dans ActionSponsor.php
12/05/2017 15:56:06 Entrée dans AfficherPopupArticle.php
12/05/2017 15:56:06 Entrée dans AfficherPopupArticle.php
12/05/2017 15:56:06 Entrée dans AfficherPopupCompteRendu.php
12/05/2017 15:56:06 Entrée dans ActionAccueil.php
12/05/2017 15:56:07 Entrée dans RechercherArticle.php
12/05/2017 15:56:07 Entrée dans ActionAccueil.php
12/05/2017 15:56:08 Entrée dans ActionAccueil.php
12/05/2017 15:56:10 Entrée dans ActionProfil.php
12/05/2017 15:56:10 Entrée dans ActionAccueil.php
12/05/2017 15:56:11 Entrée dans ActionLogin.php
12/05/2017 15:56:11 Entrée dans ActionProfil.php
12/05/2017 15:56:12 Entrée dans ActionAccueil.php
12/05/2017 19:36:01 Entrée dans ActionContact.php
12/05/2017 20:42:16 Entrée dans ActionJoueurs.php
12/05/2017 20:59:24 Entrée dans ActionAccueil.php
12/05/2017 21:47:35 Entrée dans ActionJoueurs.php
13/05/2017 12:06:41 Entrée dans ActionAgenda.php
13/05/2017 12:29:43 Entrée dans ActionAccueil.php
13/05/2017 12:30:10 Entrée dans AfficherPopupArticle.php
13/05/2017 13:18:28 Entrée dans ActionClub.php
13/05/2017 13:18:42 Entrée dans ActionEcoleDeFoot.php
13/05/2017 13:19:00 Entrée dans ActionEcoleDeFoot.php
13/05/2017 13:19:42 Entrée dans ActionAccueil.php
13/05/2017 14:08:02 Entrée dans AfficherPopupArticle.php
13/05/2017 14:08:38 Entrée dans AfficherPopupArticle.php
13/05/2017 14:10:19 Entrée dans ActionClub.php
13/05/2017 14:10:26 Entrée dans ActionEcoleDeFoot.php
13/05/2017 14:11:03 Entrée dans ActionEcoleDeFoot.php
13/05/2017 14:11:45 Entrée dans ActionEcoleDeFoot.php
13/05/2017 14:12:25 Entrée dans ActionEcoleDeFoot.php
13/05/2017 14:13:05 Entrée dans ActionEcoleDeFoot.php
13/05/2017 14:13:26 Entrée dans ActionEcoleDeFoot.php
13/05/2017 14:55:16 Entrée dans ActionAccueil.php
13/05/2017 17:54:06 Entrée dans ActionAccueil.php
13/05/2017 17:54:18 Entrée dans ActionClub.php
13/05/2017 17:54:45 Entrée dans ActionEcoleDeFoot.php
13/05/2017 17:55:03 Entrée dans ActionEcoleDeFoot.php
13/05/2017 18:03:16 Entrée dans ActionEcoleDeFoot.php
13/05/2017 20:37:56 Entrée dans ActionAgenda.php
14/05/2017 00:44:54 Entrée dans ActionEvenement.php
14/05/2017 03:26:16 Entrée dans ActionClub.php
14/05/2017 07:16:45 Entrée dans ActionJoueurs.php
14/05/2017 07:17:58 Entrée dans ActionEcoleDeFoot.php
14/05/2017 07:18:01 Entrée dans ActionEcoleDeFoot.php
14/05/2017 07:21:50 Entrée dans ActionAccueil.php
14/05/2017 07:41:25 Entrée dans ActionAccueil.php
14/05/2017 07:41:29 Entrée dans ActionAgenda.php
14/05/2017 07:41:31 Entrée dans ActionEcoleDeFoot.php
14/05/2017 07:41:31 Entrée dans ActionClub.php
14/05/2017 07:41:31 Entrée dans ActionJoueurs.php
14/05/2017 07:41:32 Entrée dans ActionEvenement.php
14/05/2017 07:41:32 Entrée dans ActionSponsor.php
14/05/2017 10:01:27 Entrée dans ActionAccueil.php
14/05/2017 10:17:49 Entrée dans ActionAccueil.php
14/05/2017 10:18:23 Entrée dans ActionAgenda.php
14/05/2017 10:18:33 Entrée dans ActionEvenement.php
14/05/2017 11:05:25 Entrée dans ActionClub.php
14/05/2017 16:02:24 Entrée dans ActionClub.php
14/05/2017 16:02:29 Entrée dans ActionJoueurs.php
14/05/2017 16:03:52 Entrée dans ActionAccueil.php
14/05/2017 18:02:32 Entrée dans ActionAccueil.php
14/05/2017 18:38:07 Entrée dans ActionAccueil.php
14/05/2017 19:31:40 Entrée dans ActionAccueil.php
14/05/2017 19:34:44 Entrée dans ActionClub.php
14/05/2017 20:08:30 Entrée dans ActionAccueil.php
14/05/2017 20:08:35 Entrée dans ActionJoueurs.php
14/05/2017 22:09:12 Entrée dans ActionAgenda.php
15/05/2017 00:27:57 Entrée dans ActionJoueurs.php
15/05/2017 03:26:13 Entrée dans ActionJoueurs.php
15/05/2017 09:33:48 Entrée dans ActionClub.php
15/05/2017 09:42:53 Entrée dans ActionClub.php
15/05/2017 11:25:02 Entrée dans ActionJoueurs.php
15/05/2017 12:21:35 Entrée dans ActionJoueurs.php
15/05/2017 14:23:12 Entrée dans ActionAccueil.php
15/05/2017 15:27:56 Entrée dans ActionAccueil.php
15/05/2017 15:28:09 Entrée dans ActionClub.php
15/05/2017 15:28:19 Entrée dans ActionAgenda.php
15/05/2017 15:28:29 Entrée dans ActionJoueurs.php
15/05/2017 15:28:34 Entrée dans ActionSponsor.php
15/05/2017 15:28:54 Entrée dans ActionEvenement.php
15/05/2017 15:29:04 Entrée dans ActionEcoleDeFoot.php
15/05/2017 15:38:34 Entrée dans ActionAccueil.php
15/05/2017 15:38:34 Entrée dans ActionAccueil.php
15/05/2017 15:38:34 Entrée dans ActionAccueil.php
15/05/2017 15:41:51 Entrée dans ActionJoueurs.php
15/05/2017 16:24:59 Entrée dans ActionJoueurs.php
15/05/2017 16:53:08 Entrée dans ActionJoueurs.php
15/05/2017 20:38:16 Entrée dans ActionAccueil.php
15/05/2017 20:38:54 Entrée dans ActionAccueil.php
15/05/2017 20:39:02 Entrée dans ActionAccueil.php
15/05/2017 20:39:24 Entrée dans ActionAccueil.php
15/05/2017 22:38:22 Entrée dans ActionAccueil.php
15/05/2017 23:16:33 Entrée dans ActionAccueil.php
16/05/2017 01:06:42 Entrée dans ActionEvenement.php
16/05/2017 07:22:44 Entrée dans ActionAccueil.php
16/05/2017 07:41:45 Entrée dans ActionAccueil.php
16/05/2017 07:47:30 Entrée dans ActionAccueil.php
16/05/2017 07:48:08 Entrée dans ActionAccueil.php
16/05/2017 07:48:13 Entrée dans ActionClub.php
16/05/2017 07:49:34 Entrée dans ActionClub.php
16/05/2017 09:19:35 Entrée dans ActionAccueil.php
16/05/2017 11:13:57 Entrée dans ActionAccueil.php
16/05/2017 11:14:22 Entrée dans ActionClub.php
16/05/2017 11:50:55 Entrée dans ActionAccueil.php
16/05/2017 11:55:43 Entrée dans ActionAccueil.php
16/05/2017 14:56:16 Entrée dans ActionSponsor.php
16/05/2017 14:56:21 Entrée dans ActionClub.php
16/05/2017 14:56:26 Entrée dans ActionEvenement.php
16/05/2017 14:56:30 Entrée dans ActionJoueurs.php
16/05/2017 16:30:21 Entrée dans ActionAccueil.php
16/05/2017 19:14:20 Entrée dans ActionAgenda.php
16/05/2017 23:21:46 Entrée dans ActionAccueil.php
16/05/2017 23:23:16 Entrée dans ActionAccueil.php
17/05/2017 01:42:53 Entrée dans ActionAgenda.php
17/05/2017 03:40:37 Entrée dans ActionClub.php
17/05/2017 06:15:09 Entrée dans ActionEcoleDeFoot.php
17/05/2017 06:58:34 Entrée dans ActionEvenement.php
17/05/2017 08:36:48 Entrée dans ActionAgenda.php
17/05/2017 17:01:16 Entrée dans ActionEvenement.php
17/05/2017 20:08:28 Entrée dans ActionSponsor.php
17/05/2017 21:41:42 Entrée dans ActionEcoleDeFoot.php
17/05/2017 21:41:48 Entrée dans ActionEcoleDeFoot.php
17/05/2017 21:41:54 Entrée dans ActionEcoleDeFoot.php
17/05/2017 21:41:55 Entrée dans ActionEcoleDeFoot.php
17/05/2017 21:41:58 Entrée dans ActionEcoleDeFoot.php
17/05/2017 23:04:34 Entrée dans ActionJoueurs.php
18/05/2017 00:21:25 Entrée dans ActionAccueil.php
18/05/2017 00:21:57 Entrée dans AfficherPopupArticle.php
18/05/2017 00:22:06 Entrée dans ActionEvenement.php
18/05/2017 00:22:10 Entrée dans ActionAccueil.php
18/05/2017 00:22:12 Entrée dans ActionEvenement.php
18/05/2017 00:22:22 Entrée dans ActionAccueil.php
18/05/2017 00:22:28 Entrée dans ActionAgenda.php
18/05/2017 00:22:37 Entrée dans ActionClub.php
18/05/2017 01:43:56 Entrée dans ActionJoueurs.php
18/05/2017 08:09:59 Entrée dans ActionAccueil.php
18/05/2017 08:10:02 Entrée dans ActionAgenda.php
18/05/2017 08:10:02 Entrée dans ActionClub.php
18/05/2017 08:10:03 Entrée dans ActionEcoleDeFoot.php
18/05/2017 08:10:03 Entrée dans ActionEvenement.php
18/05/2017 08:10:04 Entrée dans ActionJoueurs.php
18/05/2017 08:10:04 Entrée dans ActionSponsor.php
18/05/2017 08:10:05 Entrée dans AfficherPopupArticle.php
18/05/2017 08:10:05 Entrée dans AfficherPopupArticle.php
18/05/2017 08:10:05 Entrée dans AfficherPopupCompteRendu.php
18/05/2017 08:10:05 Entrée dans ActionAccueil.php
18/05/2017 08:10:06 Entrée dans RechercherArticle.php
18/05/2017 08:10:06 Entrée dans ActionAccueil.php
18/05/2017 08:10:07 Entrée dans ActionAccueil.php
18/05/2017 08:10:12 Entrée dans ActionProfil.php
18/05/2017 08:10:13 Entrée dans ActionAccueil.php
18/05/2017 08:10:14 Entrée dans ActionLogin.php
18/05/2017 08:10:14 Entrée dans ActionProfil.php
18/05/2017 08:10:14 Entrée dans ActionAccueil.php
18/05/2017 10:38:29 Entrée dans ActionAccueil.php
18/05/2017 10:40:36 Entrée dans AfficherPopupArticle.php
18/05/2017 10:41:09 Entrée dans ActionClub.php
18/05/2017 10:41:39 Entrée dans ActionEvenement.php
18/05/2017 10:43:19 Entrée dans ActionAccueil.php
18/05/2017 10:44:20 Entrée dans ActionAgenda.php
18/05/2017 10:44:25 Entrée dans ActionEvenement.php
18/05/2017 14:40:17 Entrée dans ActionClub.php
18/05/2017 19:52:31 Entrée dans ActionAgenda.php
18/05/2017 20:20:05 Entrée dans ActionClub.php
18/05/2017 20:30:00 Entrée dans ActionContact.php
18/05/2017 21:53:30 Entrée dans ActionJoueurs.php
18/05/2017 22:04:53 Entrée dans ActionAccueil.php
18/05/2017 22:29:14 Entrée dans ActionContact.php
18/05/2017 22:29:39 Entrée dans ActionAccueil.php
18/05/2017 23:01:16 Entrée dans ActionAccueil.php
19/05/2017 01:59:03 Entrée dans ActionAccueil.php
19/05/2017 03:25:31 Entrée dans ActionEcoleDeFoot.php
19/05/2017 05:47:23 Entrée dans ActionAgenda.php
19/05/2017 09:13:05 Entrée dans ActionAccueil.php
19/05/2017 16:26:23 Entrée dans ActionEvenement.php
19/05/2017 17:04:11 Entrée dans ActionClub.php
19/05/2017 17:46:18 Entrée dans ActionAccueil.php
19/05/2017 17:46:23 Entrée dans ActionClub.php
19/05/2017 17:46:25 Entrée dans ActionJoueurs.php
19/05/2017 17:46:27 Entrée dans ActionEcoleDeFoot.php
19/05/2017 17:46:29 Entrée dans ActionAgenda.php
19/05/2017 17:46:30 Entrée dans ActionEvenement.php
19/05/2017 17:46:33 Entrée dans ActionSponsor.php
19/05/2017 18:05:42 Entrée dans ActionAccueil.php
19/05/2017 18:06:02 Entrée dans ActionClub.php
19/05/2017 18:06:09 Entrée dans ActionEcoleDeFoot.php
19/05/2017 18:07:07 Entrée dans ActionEcoleDeFoot.php
19/05/2017 19:34:38 Entrée dans ActionJoueurs.php
19/05/2017 23:47:30 Entrée dans ActionContact.php
20/05/2017 07:36:31 Entrée dans ActionJoueurs.php
20/05/2017 12:51:37 Entrée dans ActionClub.php
20/05/2017 14:21:40 Entrée dans ActionAccueil.php
20/05/2017 15:19:07 Entrée dans ActionEcoleDeFoot.php
20/05/2017 15:19:16 Entrée dans ActionEcoleDeFoot.php
20/05/2017 15:58:10 Entrée dans ActionJoueurs.php
20/05/2017 16:04:17 Entrée dans ActionAccueil.php
20/05/2017 16:04:52 Entrée dans ActionJoueurs.php
20/05/2017 18:02:56 Entrée dans ActionAccueil.php
20/05/2017 19:30:48 Entrée dans ActionAgenda.php
20/05/2017 19:39:52 Entrée dans ActionClub.php
20/05/2017 19:51:42 Entrée dans ActionJoueurs.php
20/05/2017 22:16:32 Entrée dans ActionJoueurs.php
20/05/2017 22:20:08 Entrée dans ActionAccueil.php
20/05/2017 22:20:20 Entrée dans ActionJoueurs.php
20/05/2017 22:20:45 Entrée dans ActionAccueil.php
20/05/2017 22:20:51 Entrée dans ActionJoueurs.php
20/05/2017 23:12:32 Entrée dans ActionAccueil.php
20/05/2017 23:12:40 Entrée dans ActionJoueurs.php
21/05/2017 03:11:13 Entrée dans ActionEcoleDeFoot.php
21/05/2017 05:24:45 Entrée dans ActionAgenda.php
21/05/2017 11:52:36 Entrée dans ActionAccueil.php
21/05/2017 11:53:18 Entrée dans ActionAgenda.php
21/05/2017 12:36:52 Entrée dans ActionAccueil.php
21/05/2017 12:37:12 Entrée dans ActionAccueil.php
21/05/2017 12:37:23 Entrée dans ActionJoueurs.php
21/05/2017 13:52:52 Entrée dans ActionAccueil.php
21/05/2017 13:53:10 Entrée dans AfficherPopupArticle.php
21/05/2017 13:54:22 Entrée dans ActionSponsor.php
21/05/2017 13:54:23 Entrée dans ActionEcoleDeFoot.php
21/05/2017 13:54:28 Entrée dans ActionEcoleDeFoot.php
21/05/2017 14:40:03 Entrée dans ActionJoueurs.php
21/05/2017 17:13:37 Entrée dans ActionAccueil.php
21/05/2017 18:43:22 Entrée dans ActionJoueurs.php
21/05/2017 18:56:32 Entrée dans ActionJoueurs.php
22/05/2017 01:37:57 Entrée dans ActionClub.php
22/05/2017 02:52:04 Entrée dans ActionAgenda.php
22/05/2017 07:12:42 Entrée dans ActionEvenement.php
22/05/2017 13:22:46 Entrée dans ActionAccueil.php
22/05/2017 13:22:50 Entrée dans ActionClub.php
22/05/2017 13:22:52 Entrée dans ActionJoueurs.php
22/05/2017 13:22:54 Entrée dans ActionEcoleDeFoot.php
22/05/2017 13:22:56 Entrée dans ActionAgenda.php
22/05/2017 13:22:59 Entrée dans ActionEvenement.php
22/05/2017 13:23:01 Entrée dans ActionSponsor.php
22/05/2017 16:58:36 Entrée dans ActionAccueil.php
22/05/2017 18:58:24 Entrée dans ActionAgenda.php
22/05/2017 21:30:47 Entrée dans ActionAccueil.php
22/05/2017 21:31:10 Entrée dans ActionClub.php
22/05/2017 21:31:16 Entrée dans ActionJoueurs.php
22/05/2017 21:33:06 Entrée dans ActionClub.php
22/05/2017 21:45:08 Entrée dans ActionJoueurs.php
22/05/2017 23:20:58 Entrée dans ActionClub.php
23/05/2017 00:17:52 Entrée dans ActionAccueil.php
23/05/2017 00:18:01 Entrée dans ActionJoueurs.php
23/05/2017 00:18:43 Entrée dans ActionClub.php
23/05/2017 03:00:36 Entrée dans ActionEcoleDeFoot.php
23/05/2017 05:22:10 Entrée dans ActionAgenda.php
23/05/2017 13:46:03 Entrée dans ActionJoueurs.php
23/05/2017 13:47:13 Entrée dans ActionEvenement.php
23/05/2017 15:59:25 Entrée dans ActionClub.php
23/05/2017 16:51:22 Entrée dans ActionJoueurs.php
23/05/2017 17:15:17 Entrée dans ActionEvenement.php
23/05/2017 17:53:26 Entrée dans ActionEcoleDeFoot.php
23/05/2017 20:40:48 Entrée dans ActionSponsor.php
23/05/2017 23:47:01 Entrée dans ActionAccueil.php
23/05/2017 23:47:28 Entrée dans ActionJoueurs.php
23/05/2017 23:48:50 Entrée dans ActionClub.php
24/05/2017 08:10:09 Entrée dans ActionEcoleDeFoot.php
24/05/2017 08:10:12 Entrée dans ActionEcoleDeFoot.php
24/05/2017 08:10:15 Entrée dans ActionAccueil.php
24/05/2017 08:10:36 Entrée dans AfficherPopupArticle.php
24/05/2017 08:10:54 Entrée dans AfficherPopupArticle.php
24/05/2017 08:11:21 Entrée dans ActionAccueil.php
24/05/2017 08:11:24 Entrée dans ActionAgenda.php
24/05/2017 08:11:53 Entrée dans ActionEvenement.php
24/05/2017 08:12:07 Entrée dans ActionClub.php
24/05/2017 08:12:10 Entrée dans ActionAccueil.php
24/05/2017 09:18:26 Entrée dans ActionClub.php
24/05/2017 19:28:52 Entrée dans ActionJoueurs.php
24/05/2017 19:45:19 Entrée dans ActionAgenda.php
25/05/2017 00:02:41 Entrée dans ActionClub.php
25/05/2017 01:13:51 Entrée dans ActionEcoleDeFoot.php
25/05/2017 10:11:12 Entrée dans ActionClub.php
25/05/2017 11:04:41 Entrée dans ActionAccueil.php
25/05/2017 11:53:48 Entrée dans ActionAccueil.php
25/05/2017 11:54:01 Entrée dans ActionClub.php
25/05/2017 11:54:10 Entrée dans ActionAgenda.php
25/05/2017 11:54:20 Entrée dans ActionSponsor.php
25/05/2017 11:54:31 Entrée dans ActionJoueurs.php
25/05/2017 11:54:46 Entrée dans ActionEvenement.php
25/05/2017 11:54:55 Entrée dans ActionEcoleDeFoot.php
25/05/2017 17:19:38 Entrée dans ActionAccueil.php
25/05/2017 17:19:53 Entrée dans AfficherPopupArticle.php
25/05/2017 17:20:13 Entrée dans ActionAccueil.php
25/05/2017 17:20:48 Entrée dans ActionClub.php
25/05/2017 17:20:54 Entrée dans ActionEcoleDeFoot.php
25/05/2017 17:21:01 Entrée dans ActionEcoleDeFoot.php
25/05/2017 17:21:05 Entrée dans ActionEcoleDeFoot.php
25/05/2017 17:33:36 Entrée dans ActionEcoleDeFoot.php
25/05/2017 18:16:25 Entrée dans ActionAccueil.php
25/05/2017 19:17:21 Entrée dans ActionAccueil.php
25/05/2017 19:18:05 Entrée dans AfficherPopupArticle.php
25/05/2017 19:18:06 Entrée dans AfficherPopupArticle.php
25/05/2017 19:18:55 Entrée dans ActionJoueurs.php
25/05/2017 19:37:50 Entrée dans ActionAccueil.php
25/05/2017 19:38:09 Entrée dans ActionAccueil.php
25/05/2017 19:38:37 Entrée dans AfficherPopupArticle.php
25/05/2017 20:00:34 Entrée dans ActionAgenda.php
25/05/2017 23:47:35 Entrée dans ActionJoueurs.php
26/05/2017 00:11:47 Entrée dans ActionAccueil.php
26/05/2017 00:13:15 Entrée dans AfficherPopupArticle.php
26/05/2017 00:13:32 Entrée dans ActionAccueil.php
26/05/2017 00:58:21 Entrée dans ActionAccueil.php
26/05/2017 01:03:26 Entrée dans ActionJoueurs.php
26/05/2017 01:04:07 Entrée dans ActionEcoleDeFoot.php
26/05/2017 01:04:46 Entrée dans ActionJoueurs.php
26/05/2017 02:27:45 Entrée dans ActionJoueurs.php
26/05/2017 08:26:18 Entrée dans ActionClub.php
26/05/2017 15:07:59 Entrée dans ActionAccueil.php
26/05/2017 15:08:18 Entrée dans ActionJoueurs.php
26/05/2017 18:39:01 Entrée dans ActionAccueil.php
26/05/2017 18:50:11 Entrée dans ActionAgenda.php
26/05/2017 18:50:37 Entrée dans ActionAgenda.php
26/05/2017 18:50:43 Entrée dans ActionAgenda.php
26/05/2017 18:50:46 Entrée dans ActionAgenda.php
26/05/2017 18:50:54 Entrée dans ActionClub.php
26/05/2017 18:50:56 Entrée dans ActionAccueil.php
26/05/2017 19:24:10 Entrée dans ActionAccueil.php
26/05/2017 19:24:10 Entrée dans ActionAccueil.php
26/05/2017 19:24:25 Entrée dans ActionEcoleDeFoot.php
26/05/2017 19:24:40 Entrée dans ActionEcoleDeFoot.php
26/05/2017 19:24:45 Entrée dans ActionEcoleDeFoot.php
26/05/2017 19:25:27 Entrée dans ActionAgenda.php
26/05/2017 19:25:42 Entrée dans ActionAgenda.php
26/05/2017 19:25:50 Entrée dans ActionClub.php
26/05/2017 19:25:54 Entrée dans ActionAgenda.php
26/05/2017 19:26:18 Entrée dans ActionEcoleDeFoot.php
26/05/2017 19:26:28 Entrée dans ActionAgenda.php
26/05/2017 19:26:30 Entrée dans ActionEcoleDeFoot.php
26/05/2017 19:26:42 Entrée dans ActionAgenda.php
26/05/2017 19:26:52 Entrée dans ActionAgenda.php
26/05/2017 19:26:54 Entrée dans ActionAgenda.php
26/05/2017 19:26:57 Entrée dans ActionEvenement.php
26/05/2017 19:50:16 Entrée dans ActionEcoleDeFoot.php
26/05/2017 19:50:20 Entrée dans ActionEcoleDeFoot.php
26/05/2017 19:50:47 Entrée dans ActionEcoleDeFoot.php
26/05/2017 19:59:49 Entrée dans ActionAgenda.php
26/05/2017 22:50:04 Entrée dans ActionClub.php
27/05/2017 03:25:36 Entrée dans ActionEcoleDeFoot.php
27/05/2017 05:53:45 Entrée dans ActionAgenda.php
27/05/2017 07:56:11 Entrée dans ActionAccueil.php
27/05/2017 07:56:22 Entrée dans ActionEcoleDeFoot.php
27/05/2017 07:56:24 Entrée dans ActionSponsor.php
27/05/2017 08:38:24 Entrée dans ActionAccueil.php
27/05/2017 14:18:20 Entrée dans ActionAccueil.php
27/05/2017 14:22:29 Entrée dans ActionAccueil.php
27/05/2017 14:22:53 Entrée dans ActionEcoleDeFoot.php
27/05/2017 15:24:08 Entrée dans ActionClub.php
27/05/2017 15:55:46 Entrée dans ActionJoueurs.php
27/05/2017 19:32:41 Entrée dans ActionJoueurs.php
27/05/2017 21:58:33 Entrée dans ActionContact.php
27/05/2017 23:40:15 Entrée dans ActionAccueil.php
28/05/2017 03:16:10 Entrée dans ActionAccueil.php
28/05/2017 03:16:21 Entrée dans ActionEcoleDeFoot.php
28/05/2017 03:16:23 Entrée dans ActionEcoleDeFoot.php
28/05/2017 04:19:58 Entrée dans ActionEvenement.php
28/05/2017 07:17:40 Entrée dans ActionAccueil.php
28/05/2017 12:29:27 Entrée dans ActionAccueil.php
28/05/2017 12:29:44 Entrée dans ActionClub.php
28/05/2017 12:31:07 Entrée dans AfficherPopupArticle.php
28/05/2017 14:37:46 Entrée dans ActionAccueil.php
28/05/2017 14:48:14 Entrée dans ActionJoueurs.php
28/05/2017 16:06:00 Entrée dans ActionAccueil.php
28/05/2017 17:01:32 Entrée dans ActionAccueil.php
28/05/2017 17:01:54 Entrée dans ActionClub.php
28/05/2017 17:02:02 Entrée dans ActionAgenda.php
28/05/2017 17:10:35 Entrée dans ActionAccueil.php
28/05/2017 18:39:24 Entrée dans ActionAccueil.php
28/05/2017 20:03:00 Entrée dans ActionClub.php
28/05/2017 20:11:07 Entrée dans ActionAgenda.php
28/05/2017 20:39:38 Entrée dans ActionAccueil.php
28/05/2017 20:39:43 Entrée dans ActionClub.php
28/05/2017 20:39:46 Entrée dans ActionJoueurs.php
28/05/2017 20:39:49 Entrée dans ActionEvenement.php
28/05/2017 20:39:51 Entrée dans ActionSponsor.php
28/05/2017 20:56:39 Entrée dans ActionAccueil.php
28/05/2017 20:56:59 Entrée dans ActionJoueurs.php
28/05/2017 23:21:05 Entrée dans ActionAccueil.php
28/05/2017 23:21:21 Entrée dans ActionJoueurs.php
28/05/2017 23:21:28 Entrée dans ActionAgenda.php
28/05/2017 23:21:52 Entrée dans ActionAgenda.php
29/05/2017 02:26:03 Entrée dans ActionClub.php
29/05/2017 04:43:10 Entrée dans ActionEcoleDeFoot.php
29/05/2017 07:03:21 Entrée dans ActionAgenda.php
29/05/2017 08:03:30 Entrée dans ActionJoueurs.php
29/05/2017 09:06:18 Entrée dans ActionJoueurs.php
29/05/2017 11:13:44 Entrée dans ActionAccueil.php
29/05/2017 11:14:00 Entrée dans ActionJoueurs.php
29/05/2017 11:14:16 Entrée dans ActionClub.php
29/05/2017 11:14:23 Entrée dans ActionSponsor.php
29/05/2017 13:30:22 Entrée dans ActionAccueil.php
29/05/2017 13:30:26 Entrée dans ActionEcoleDeFoot.php
29/05/2017 13:30:32 Entrée dans ActionEcoleDeFoot.php
29/05/2017 13:30:48 Entrée dans ActionEcoleDeFoot.php
29/05/2017 13:30:54 Entrée dans ActionEcoleDeFoot.php
29/05/2017 13:31:06 Entrée dans ActionEcoleDeFoot.php
29/05/2017 13:31:09 Entrée dans ActionAgenda.php
29/05/2017 13:31:15 Entrée dans ActionEvenement.php
29/05/2017 13:31:19 Entrée dans ActionClub.php
29/05/2017 13:32:27 Entrée dans ActionClub.php
29/05/2017 13:32:31 Entrée dans ActionAccueil.php
29/05/2017 13:33:11 Entrée dans ActionEcoleDeFoot.php
29/05/2017 13:33:18 Entrée dans ActionEcoleDeFoot.php
29/05/2017 13:33:59 Entrée dans ActionEcoleDeFoot.php
29/05/2017 13:34:11 Entrée dans ActionEcoleDeFoot.php
29/05/2017 15:40:58 Entrée dans ActionAccueil.php
29/05/2017 16:18:28 Entrée dans ActionAccueil.php
29/05/2017 16:19:09 Entrée dans ActionJoueurs.php
29/05/2017 16:19:33 Entrée dans ActionAccueil.php
29/05/2017 16:20:30 Entrée dans ActionJoueurs.php
29/05/2017 16:46:07 Entrée dans ActionJoueurs.php
29/05/2017 17:02:30 Entrée dans ActionEvenement.php
29/05/2017 17:16:15 Entrée dans ActionJoueurs.php
29/05/2017 17:40:11 Entrée dans ActionClub.php
29/05/2017 17:40:35 Entrée dans ActionEcoleDeFoot.php
29/05/2017 17:40:40 Entrée dans ActionEcoleDeFoot.php
29/05/2017 17:40:46 Entrée dans ActionEcoleDeFoot.php
29/05/2017 20:04:26 Entrée dans ActionAccueil.php
29/05/2017 20:04:50 Entrée dans ActionJoueurs.php
29/05/2017 20:08:26 Entrée dans ActionAccueil.php
29/05/2017 20:09:47 Entrée dans ActionClub.php
29/05/2017 21:08:06 Entrée dans ActionAccueil.php
29/05/2017 22:18:06 Entrée dans ActionAgenda.php
30/05/2017 03:49:57 Entrée dans ActionJoueurs.php
30/05/2017 10:15:27 Entrée dans ActionAccueil.php
30/05/2017 10:15:40 Entrée dans ActionJoueurs.php
30/05/2017 10:34:06 Entrée dans ActionAccueil.php
30/05/2017 10:34:11 Entrée dans ActionJoueurs.php
30/05/2017 10:35:12 Entrée dans ActionClub.php
30/05/2017 11:39:27 Entrée dans ActionAccueil.php
30/05/2017 11:39:42 Entrée dans ActionJoueurs.php
30/05/2017 11:44:16 Entrée dans ActionAccueil.php
30/05/2017 12:42:27 Entrée dans ActionAgenda.php
30/05/2017 12:43:25 Entrée dans ActionEcoleDeFoot.php
30/05/2017 16:07:17 Entrée dans ActionAccueil.php
30/05/2017 17:38:41 Entrée dans ActionAccueil.php
30/05/2017 18:57:56 Entrée dans ActionClub.php
30/05/2017 19:07:23 Entrée dans ActionAgenda.php
30/05/2017 19:27:22 Entrée dans ActionAccueil.php
30/05/2017 19:27:30 Entrée dans AfficherPopupArticle.php
30/05/2017 19:27:55 Entrée dans AfficherPopupArticle.php
30/05/2017 19:28:50 Entrée dans AfficherPopupArticle.php
30/05/2017 19:30:06 Entrée dans AfficherPopupArticle.php
30/05/2017 19:30:40 Entrée dans AfficherPopupArticle.php
30/05/2017 19:31:19 Entrée dans ActionClub.php
30/05/2017 19:31:28 Entrée dans ActionEcoleDeFoot.php
30/05/2017 19:31:42 Entrée dans ActionEcoleDeFoot.php
30/05/2017 19:33:06 Entrée dans ActionEcoleDeFoot.php
30/05/2017 19:33:46 Entrée dans ActionEcoleDeFoot.php
30/05/2017 19:33:51 Entrée dans ActionEcoleDeFoot.php
31/05/2017 02:17:24 Entrée dans ActionAccueil.php
31/05/2017 02:17:25 Entrée dans ActionAgenda.php
31/05/2017 02:17:26 Entrée dans ActionClub.php
31/05/2017 02:17:26 Entrée dans ActionEcoleDeFoot.php
31/05/2017 02:17:27 Entrée dans ActionEvenement.php
31/05/2017 02:17:27 Entrée dans ActionJoueurs.php
31/05/2017 02:17:28 Entrée dans ActionSponsor.php
31/05/2017 02:17:28 Entrée dans AfficherPopupArticle.php
31/05/2017 02:17:28 Entrée dans AfficherPopupArticle.php
31/05/2017 02:17:28 Entrée dans AfficherPopupCompteRendu.php
31/05/2017 02:17:28 Entrée dans ActionAccueil.php
31/05/2017 02:17:29 Entrée dans RechercherArticle.php
31/05/2017 02:17:29 Entrée dans ActionAccueil.php
31/05/2017 02:17:29 Entrée dans ActionAccueil.php
31/05/2017 02:17:30 Entrée dans ActionProfil.php
31/05/2017 02:17:31 Entrée dans ActionAccueil.php
31/05/2017 02:17:31 Entrée dans ActionLogin.php
31/05/2017 02:17:31 Entrée dans ActionProfil.php
31/05/2017 02:17:32 Entrée dans ActionAccueil.php
31/05/2017 02:48:12 Entrée dans ActionEcoleDeFoot.php
31/05/2017 07:26:07 Entrée dans ActionClub.php
31/05/2017 10:31:53 Entrée dans ActionAccueil.php
31/05/2017 10:32:24 Entrée dans AfficherPopupArticle.php
31/05/2017 10:46:29 Entrée dans ActionAccueil.php
31/05/2017 11:31:49 Entrée dans ActionEcoleDeFoot.php
31/05/2017 12:24:19 Entrée dans ActionAccueil.php
31/05/2017 12:32:07 Entrée dans ActionAgenda.php
31/05/2017 17:12:43 Entrée dans ActionAgenda.php
31/05/2017 21:32:05 Entrée dans ActionAccueil.php
31/05/2017 21:32:41 Entrée dans ActionJoueurs.php
31/05/2017 21:34:40 Entrée dans ActionEvenement.php
31/05/2017 21:34:58 Entrée dans ActionAgenda.php
31/05/2017 21:35:10 Entrée dans ActionClub.php
31/05/2017 21:35:25 Entrée dans ActionClub.php
31/05/2017 21:35:29 Entrée dans ActionAccueil.php
31/05/2017 21:35:51 Entrée dans AfficherPopupArticle.php
31/05/2017 21:36:54 Entrée dans AfficherPopupArticle.php
31/05/2017 21:37:11 Entrée dans AfficherPopupArticle.php
31/05/2017 21:40:52 Entrée dans ActionSponsor.php
31/05/2017 21:41:39 Entrée dans ActionEcoleDeFoot.php
31/05/2017 21:41:49 Entrée dans ActionEcoleDeFoot.php
31/05/2017 21:41:58 Entrée dans ActionAgenda.php
31/05/2017 21:42:53 Entrée dans ActionSponsor.php
31/05/2017 21:42:54 Entrée dans ActionEvenement.php
31/05/2017 21:43:49 Entrée dans ActionJoueurs.php
31/05/2017 21:45:28 Entrée dans ActionClub.php
31/05/2017 21:49:22 Entrée dans ActionJoueurs.php
31/05/2017 21:49:30 Entrée dans ActionClub.php
31/05/2017 21:49:32 Entrée dans ActionAccueil.php
31/05/2017 21:49:42 Entrée dans AfficherPopupArticle.php
31/05/2017 21:51:47 Entrée dans AfficherPopupArticle.php
31/05/2017 21:55:22 Entrée dans AfficherPopupArticle.php
31/05/2017 21:55:54 Entrée dans ActionClub.php
31/05/2017 21:55:56 Entrée dans ActionJoueurs.php
31/05/2017 22:08:59 Entrée dans ActionAccueil.php
31/05/2017 22:33:40 Entrée dans ActionSponsor.php
