01/01/2017 11:55:43 Entrée dans ActionAccueil.php
01/01/2017 22:10:13 Entrée dans ActionClub.php
02/01/2017 01:47:57 Entrée dans ActionAccueil.php
02/01/2017 04:37:23 Entrée dans ActionAccueil.php
02/01/2017 10:35:19 Entrée dans ActionAgenda.php
02/01/2017 11:18:01 Entrée dans ActionAccueil.php
02/01/2017 12:03:03 Entrée dans ActionAccueil.php
02/01/2017 14:56:42 Entrée dans ActionAccueil.php
02/01/2017 14:56:46 Entrée dans ActionClub.php
02/01/2017 14:56:49 Entrée dans ActionJoueurs.php
02/01/2017 14:56:51 Entrée dans ActionEcoleDeFoot.php
02/01/2017 14:56:53 Entrée dans ActionAgenda.php
02/01/2017 14:56:55 Entrée dans ActionEvenement.php
02/01/2017 14:56:57 Entrée dans ActionSponsor.php
02/01/2017 16:44:18 Entrée dans ActionAccueil.php
02/01/2017 16:44:43 Entrée dans ActionClub.php
02/01/2017 16:44:45 Entrée dans ActionJoueurs.php
02/01/2017 16:44:47 Entrée dans ActionEcoleDeFoot.php
02/01/2017 16:44:49 Entrée dans ActionAgenda.php
02/01/2017 16:44:52 Entrée dans ActionEvenement.php
02/01/2017 16:44:53 Entrée dans ActionSponsor.php
02/01/2017 16:46:45 Entrée dans ActionClub.php
02/01/2017 16:46:46 Entrée dans ActionClub.php
02/01/2017 16:46:46 Entrée dans ActionAccueil.php
02/01/2017 16:46:47 Entrée dans ActionJoueurs.php
02/01/2017 16:46:47 Entrée dans ActionEcoleDeFoot.php
02/01/2017 16:46:48 Entrée dans ActionAgenda.php
02/01/2017 16:46:49 Entrée dans ActionEvenement.php
02/01/2017 16:46:50 Entrée dans ActionSponsor.php
02/01/2017 20:29:47 Entrée dans ActionAccueil.php
02/01/2017 20:31:19 Entrée dans AfficherPopupArticle.php
02/01/2017 20:38:01 Entrée dans ActionJoueurs.php
02/01/2017 20:58:56 Entrée dans ActionAccueil.php
02/01/2017 22:01:18 Entrée dans ActionAccueil.php
02/01/2017 22:01:43 Entrée dans ActionJoueurs.php
02/01/2017 22:02:03 Entrée dans AfficherPopupArticle.php
03/01/2017 01:14:16 Entrée dans ActionSponsor.php
03/01/2017 06:58:00 Entrée dans ActionJoueurs.php
03/01/2017 11:32:22 Entrée dans ActionSponsor.php
03/01/2017 12:18:09 Entrée dans ActionAccueil.php
03/01/2017 12:18:15 Entrée dans ActionClub.php
03/01/2017 12:18:18 Entrée dans ActionJoueurs.php
03/01/2017 12:18:21 Entrée dans ActionEcoleDeFoot.php
03/01/2017 12:18:24 Entrée dans ActionAgenda.php
03/01/2017 12:18:26 Entrée dans ActionEvenement.php
03/01/2017 12:18:28 Entrée dans ActionSponsor.php
03/01/2017 15:13:00 Entrée dans ActionEcoleDeFoot.php
03/01/2017 21:18:08 Entrée dans ActionAgenda.php
04/01/2017 07:44:52 Entrée dans ActionContact.php
04/01/2017 12:32:07 Entrée dans ActionClub.php
04/01/2017 13:20:15 Entrée dans ActionAccueil.php
04/01/2017 13:20:33 Entrée dans ActionJoueurs.php
04/01/2017 17:31:28 Entrée dans ActionAccueil.php
04/01/2017 17:31:33 Entrée dans AfficherPopupArticle.php
04/01/2017 21:16:34 Entrée dans ActionJoueurs.php
04/01/2017 23:42:43 Entrée dans ActionAccueil.php
05/01/2017 02:02:27 Entrée dans ActionAccueil.php
05/01/2017 02:02:40 Entrée dans ActionClub.php
05/01/2017 02:02:49 Entrée dans ActionAgenda.php
05/01/2017 02:02:59 Entrée dans ActionJoueurs.php
05/01/2017 02:03:05 Entrée dans ActionSponsor.php
05/01/2017 02:03:25 Entrée dans ActionEvenement.php
05/01/2017 02:03:35 Entrée dans ActionEcoleDeFoot.php
05/01/2017 08:58:55 Entrée dans ActionJoueurs.php
05/01/2017 10:37:39 Entrée dans ActionJoueurs.php
05/01/2017 15:00:22 Entrée dans ActionAccueil.php
05/01/2017 16:04:49 Entrée dans ActionAccueil.php
05/01/2017 16:04:52 Entrée dans AfficherPopupArticle.php
05/01/2017 16:04:57 Entrée dans ActionClub.php
05/01/2017 16:06:12 Entrée dans ActionEcoleDeFoot.php
05/01/2017 16:06:46 Entrée dans ActionJoueurs.php
05/01/2017 16:06:59 Entrée dans ActionEcoleDeFoot.php
05/01/2017 16:07:04 Entrée dans ActionEcoleDeFoot.php
05/01/2017 16:07:49 Entrée dans ActionJoueurs.php
05/01/2017 17:43:16 Entrée dans ActionAccueil.php
05/01/2017 17:43:25 Entrée dans AfficherPopupArticle.php
05/01/2017 20:50:26 Entrée dans ActionJoueurs.php
05/01/2017 22:28:46 Entrée dans ActionEcoleDeFoot.php
05/01/2017 22:51:13 Entrée dans ActionAccueil.php
06/01/2017 02:23:57 Entrée dans ActionClub.php
06/01/2017 02:50:58 Entrée dans ActionEvenement.php
06/01/2017 06:30:16 Entrée dans AfficherPopupArticle.php
06/01/2017 06:32:19 Entrée dans AfficherPopupArticle.php
06/01/2017 07:12:12 Entrée dans ActionAccueil.php
06/01/2017 18:05:54 Entrée dans ActionJoueurs.php
06/01/2017 21:57:04 Entrée dans ActionClub.php
06/01/2017 21:57:09 Entrée dans ActionSponsor.php
06/01/2017 21:58:04 Entrée dans ActionClub.php
06/01/2017 21:58:06 Entrée dans ActionJoueurs.php
06/01/2017 21:58:27 Entrée dans ActionClub.php
06/01/2017 21:58:30 Entrée dans ActionEcoleDeFoot.php
06/01/2017 21:58:33 Entrée dans ActionEcoleDeFoot.php
06/01/2017 23:31:22 Entrée dans ActionSponsor.php
07/01/2017 13:16:23 Entrée dans ActionAccueil.php
07/01/2017 13:16:47 Entrée dans AfficherPopupArticle.php
07/01/2017 13:58:04 Entrée dans ActionContact.php
07/01/2017 14:52:53 Entrée dans ActionClub.php
07/01/2017 14:54:58 Entrée dans ActionEcoleDeFoot.php
07/01/2017 14:54:59 Entrée dans ActionAccueil.php
07/01/2017 14:57:40 Entrée dans ActionClub.php
07/01/2017 14:57:40 Entrée dans ActionEcoleDeFoot.php
07/01/2017 16:11:51 Entrée dans ActionSponsor.php
07/01/2017 17:13:51 Entrée dans ActionAgenda.php
07/01/2017 17:13:51 Entrée dans ActionJoueurs.php
07/01/2017 17:13:52 Entrée dans ActionEvenement.php
07/01/2017 17:53:11 Entrée dans ActionEcoleDeFoot.php
07/01/2017 17:53:26 Entrée dans ActionEcoleDeFoot.php
07/01/2017 17:53:42 Entrée dans ActionEvenement.php
07/01/2017 21:33:15 Entrée dans ActionEcoleDeFoot.php
07/01/2017 21:33:19 Entrée dans ActionEcoleDeFoot.php
07/01/2017 21:58:51 Entrée dans ActionAgenda.php
07/01/2017 21:58:52 Entrée dans ActionAgenda.php
08/01/2017 01:16:48 Entrée dans ActionJoueurs.php
08/01/2017 01:38:56 Entrée dans ActionAccueil.php
08/01/2017 01:40:33 Entrée dans ActionClub.php
08/01/2017 01:41:48 Entrée dans ActionAgenda.php
08/01/2017 01:44:07 Entrée dans ActionAgenda.php
08/01/2017 01:45:11 Entrée dans ActionClub.php
08/01/2017 01:46:20 Entrée dans ActionClub.php
08/01/2017 01:46:51 Entrée dans ActionClub.php
08/01/2017 01:47:06 Entrée dans ActionClub.php
08/01/2017 01:47:21 Entrée dans ActionEcoleDeFoot.php
08/01/2017 01:47:49 Entrée dans ActionEcoleDeFoot.php
08/01/2017 01:47:52 Entrée dans ActionEcoleDeFoot.php
08/01/2017 01:48:32 Entrée dans ActionEcoleDeFoot.php
08/01/2017 01:51:17 Entrée dans ActionEcoleDeFoot.php
08/01/2017 01:51:26 Entrée dans ActionEcoleDeFoot.php
08/01/2017 01:51:42 Entrée dans ActionAccueil.php
08/01/2017 01:52:02 Entrée dans AfficherPopupArticle.php
08/01/2017 01:52:13 Entrée dans ActionAccueil.php
08/01/2017 01:56:39 Entrée dans AfficherPopupArticle.php
08/01/2017 01:57:14 Entrée dans ActionAccueil.php
08/01/2017 07:24:47 Entrée dans ActionAccueil.php
08/01/2017 07:31:04 Entrée dans ActionClub.php
08/01/2017 08:51:13 Entrée dans ActionAccueil.php
08/01/2017 08:51:56 Entrée dans ActionJoueurs.php
08/01/2017 08:55:07 Entrée dans ActionClub.php
08/01/2017 13:34:18 Entrée dans ActionAccueil.php
08/01/2017 13:36:25 Entrée dans ActionAccueil.php
08/01/2017 20:06:34 Entrée dans ActionAccueil.php
08/01/2017 20:07:44 Entrée dans ActionJoueurs.php
08/01/2017 20:08:28 Entrée dans ActionAgenda.php
08/01/2017 21:44:56 Entrée dans ActionAgenda.php
08/01/2017 23:42:13 Entrée dans ActionJoueurs.php
09/01/2017 00:15:00 Entrée dans ActionAccueil.php
09/01/2017 00:15:13 Entrée dans AfficherPopupArticle.php
09/01/2017 00:16:06 Entrée dans AfficherPopupArticle.php
09/01/2017 00:21:07 Entrée dans ActionJoueurs.php
09/01/2017 05:14:54 Entrée dans ActionJoueurs.php
09/01/2017 09:37:18 Entrée dans ActionAccueil.php
09/01/2017 11:42:57 Entrée dans ActionAccueil.php
09/01/2017 11:43:10 Entrée dans ActionJoueurs.php
09/01/2017 13:47:36 Entrée dans ActionAccueil.php
09/01/2017 13:47:52 Entrée dans AfficherPopupArticle.php
09/01/2017 13:48:12 Entrée dans ActionEcoleDeFoot.php
09/01/2017 13:48:23 Entrée dans ActionEcoleDeFoot.php
09/01/2017 13:48:27 Entrée dans ActionEcoleDeFoot.php
09/01/2017 13:48:31 Entrée dans ActionEcoleDeFoot.php
09/01/2017 13:48:55 Entrée dans ActionAccueil.php
09/01/2017 13:49:08 Entrée dans AfficherPopupArticle.php
09/01/2017 13:49:58 Entrée dans ActionEvenement.php
09/01/2017 13:50:02 Entrée dans ActionAgenda.php
09/01/2017 13:50:06 Entrée dans ActionEcoleDeFoot.php
09/01/2017 13:50:07 Entrée dans ActionAgenda.php
09/01/2017 13:50:22 Entrée dans ActionAgenda.php
09/01/2017 13:50:28 Entrée dans ActionAgenda.php
09/01/2017 13:50:39 Entrée dans ActionAgenda.php
09/01/2017 13:50:43 Entrée dans ActionAgenda.php
09/01/2017 13:50:47 Entrée dans ActionAccueil.php
09/01/2017 13:51:19 Entrée dans ActionClub.php
09/01/2017 13:51:27 Entrée dans ActionAccueil.php
09/01/2017 13:51:41 Entrée dans AfficherPopupArticle.php
09/01/2017 13:52:17 Entrée dans ActionJoueurs.php
09/01/2017 13:52:37 Entrée dans ActionEcoleDeFoot.php
09/01/2017 13:52:46 Entrée dans ActionEcoleDeFoot.php
09/01/2017 13:52:57 Entrée dans ActionEcoleDeFoot.php
09/01/2017 13:53:07 Entrée dans ActionEcoleDeFoot.php
09/01/2017 13:53:52 Entrée dans ActionAccueil.php
09/01/2017 14:46:20 Entrée dans ActionAccueil.php
09/01/2017 14:47:32 Entrée dans ActionClub.php
09/01/2017 14:47:36 Entrée dans ActionAccueil.php
09/01/2017 14:47:39 Entrée dans ActionClub.php
09/01/2017 14:50:52 Entrée dans ActionClub.php
09/01/2017 14:50:57 Entrée dans ActionJoueurs.php
09/01/2017 14:52:45 Entrée dans ActionAccueil.php
09/01/2017 14:52:51 Entrée dans ActionClub.php
09/01/2017 14:53:17 Entrée dans ActionEcoleDeFoot.php
09/01/2017 14:53:34 Entrée dans ActionAgenda.php
09/01/2017 14:53:55 Entrée dans ActionAgenda.php
09/01/2017 14:54:05 Entrée dans ActionAgenda.php
09/01/2017 14:54:33 Entrée dans ActionAgenda.php
09/01/2017 14:54:40 Entrée dans ActionAgenda.php
09/01/2017 14:55:29 Entrée dans ActionAgenda.php
09/01/2017 14:55:31 Entrée dans ActionEvenement.php
09/01/2017 14:55:42 Entrée dans ActionSponsor.php
09/01/2017 14:56:23 Entrée dans ActionSponsor.php
09/01/2017 14:56:26 Entrée dans ActionEvenement.php
09/01/2017 14:56:42 Entrée dans ActionAccueil.php
09/01/2017 14:56:47 Entrée dans ActionClub.php
09/01/2017 14:59:56 Entrée dans ActionEcoleDeFoot.php
09/01/2017 18:15:50 Entrée dans ActionSponsor.php
09/01/2017 19:24:28 Entrée dans ActionAccueil.php
09/01/2017 19:24:29 Entrée dans ActionAgenda.php
09/01/2017 19:24:29 Entrée dans ActionClub.php
09/01/2017 19:24:31 Entrée dans ActionEcoleDeFoot.php
09/01/2017 19:24:32 Entrée dans ActionEvenement.php
09/01/2017 19:24:32 Entrée dans ActionJoueurs.php
09/01/2017 19:24:33 Entrée dans ActionSponsor.php
09/01/2017 19:24:33 Entrée dans AfficherPopupArticle.php
09/01/2017 19:24:33 Entrée dans AfficherPopupArticle.php
09/01/2017 19:24:33 Entrée dans AfficherPopupCompteRendu.php
09/01/2017 19:24:34 Entrée dans ActionAccueil.php
09/01/2017 19:24:35 Entrée dans RechercherArticle.php
09/01/2017 19:24:35 Entrée dans ActionAccueil.php
09/01/2017 19:24:37 Entrée dans ActionAccueil.php
09/01/2017 19:24:38 Entrée dans ActionProfil.php
09/01/2017 19:24:39 Entrée dans ActionAccueil.php
09/01/2017 19:24:39 Entrée dans ActionLogin.php
09/01/2017 19:24:40 Entrée dans ActionProfil.php
09/01/2017 19:24:40 Entrée dans ActionAccueil.php
09/01/2017 23:10:47 Entrée dans ActionAccueil.php
10/01/2017 00:55:57 Entrée dans ActionAccueil.php
10/01/2017 02:13:23 Entrée dans ActionAccueil.php
10/01/2017 02:13:43 Entrée dans ActionJoueurs.php
10/01/2017 02:14:47 Entrée dans ActionAccueil.php
10/01/2017 11:58:54 Entrée dans ActionAccueil.php
10/01/2017 11:59:09 Entrée dans AfficherPopupArticle.php
10/01/2017 12:48:02 Entrée dans ActionJoueurs.php
10/01/2017 12:48:13 Entrée dans ActionJoueurs.php
10/01/2017 14:51:17 Entrée dans ActionJoueurs.php
10/01/2017 14:51:21 Entrée dans ActionJoueurs.php
10/01/2017 14:52:48 Entrée dans ActionJoueurs.php
10/01/2017 17:14:25 Entrée dans ActionAccueil.php
10/01/2017 19:27:12 Entrée dans ActionAccueil.php
10/01/2017 22:36:12 Entrée dans ActionAccueil.php
10/01/2017 22:36:16 Entrée dans ActionClub.php
10/01/2017 22:36:19 Entrée dans ActionJoueurs.php
10/01/2017 22:36:23 Entrée dans ActionEcoleDeFoot.php
10/01/2017 22:36:27 Entrée dans ActionEvenement.php
10/01/2017 23:24:28 Entrée dans ActionAccueil.php
10/01/2017 23:41:28 Entrée dans ActionAccueil.php
11/01/2017 04:35:29 Entrée dans ActionAccueil.php
11/01/2017 07:59:22 Entrée dans ActionAccueil.php
11/01/2017 07:59:30 Entrée dans AfficherPopupArticle.php
11/01/2017 11:29:34 Entrée dans ActionAccueil.php
11/01/2017 21:16:59 Entrée dans ActionJoueurs.php
12/01/2017 07:50:27 Entrée dans ActionEcoleDeFoot.php
12/01/2017 08:48:59 Entrée dans ActionClub.php
12/01/2017 08:49:09 Entrée dans ActionEcoleDeFoot.php
12/01/2017 08:49:12 Entrée dans ActionEvenement.php
12/01/2017 08:49:17 Entrée dans ActionSponsor.php
12/01/2017 08:52:20 Entrée dans ActionEcoleDeFoot.php
12/01/2017 08:52:23 Entrée dans ActionEcoleDeFoot.php
12/01/2017 08:52:37 Entrée dans ActionEcoleDeFoot.php
12/01/2017 08:52:44 Entrée dans ActionEcoleDeFoot.php
12/01/2017 08:52:52 Entrée dans ActionEcoleDeFoot.php
12/01/2017 12:30:21 Entrée dans ActionEcoleDeFoot.php
12/01/2017 13:38:33 Entrée dans ActionClub.php
12/01/2017 21:43:49 Entrée dans ActionAccueil.php
12/01/2017 21:48:58 Entrée dans ActionAccueil.php
12/01/2017 21:49:11 Entrée dans ActionJoueurs.php
13/01/2017 00:27:18 Entrée dans ActionAgenda.php
13/01/2017 00:30:33 Entrée dans ActionJoueurs.php
13/01/2017 02:18:56 Entrée dans ActionSponsor.php
13/01/2017 02:52:09 Entrée dans ActionEcoleDeFoot.php
13/01/2017 02:59:53 Entrée dans ActionJoueurs.php
13/01/2017 03:52:16 Entrée dans ActionEcoleDeFoot.php
13/01/2017 04:20:52 Entrée dans ActionAccueil.php
13/01/2017 04:20:56 Entrée dans ActionClub.php
13/01/2017 08:22:49 Entrée dans ActionAgenda.php
13/01/2017 09:09:28 Entrée dans ActionJoueurs.php
13/01/2017 12:28:30 Entrée dans ActionAccueil.php
13/01/2017 12:28:45 Entrée dans ActionJoueurs.php
13/01/2017 17:23:20 Entrée dans ActionAccueil.php
13/01/2017 18:01:14 Entrée dans ActionAccueil.php
13/01/2017 18:01:43 Entrée dans AfficherPopupArticle.php
13/01/2017 18:02:04 Entrée dans ActionJoueurs.php
13/01/2017 19:08:13 Entrée dans ActionAccueil.php
13/01/2017 19:08:38 Entrée dans ActionJoueurs.php
13/01/2017 20:07:04 Entrée dans ActionAccueil.php
13/01/2017 20:32:04 Entrée dans ActionAccueil.php
13/01/2017 20:32:10 Entrée dans ActionClub.php
13/01/2017 20:34:27 Entrée dans ActionAccueil.php
13/01/2017 20:34:33 Entrée dans ActionAgenda.php
13/01/2017 21:23:59 Entrée dans ActionAccueil.php
14/01/2017 05:35:09 Entrée dans ActionAccueil.php
14/01/2017 12:59:57 Entrée dans ActionAccueil.php
14/01/2017 13:06:17 Entrée dans ActionJoueurs.php
14/01/2017 14:32:59 Entrée dans ActionClub.php
14/01/2017 14:33:45 Entrée dans ActionEcoleDeFoot.php
14/01/2017 15:10:17 Entrée dans ActionClub.php
14/01/2017 16:14:14 Entrée dans ActionEcoleDeFoot.php
14/01/2017 16:14:21 Entrée dans ActionAccueil.php
14/01/2017 16:14:43 Entrée dans AfficherPopupArticle.php
14/01/2017 16:14:43 Entrée dans AfficherPopupArticle.php
14/01/2017 17:23:53 Entrée dans ActionAccueil.php
14/01/2017 17:24:36 Entrée dans ActionJoueurs.php
14/01/2017 17:24:48 Entrée dans ActionAccueil.php
14/01/2017 17:25:05 Entrée dans AfficherPopupArticle.php
14/01/2017 17:25:26 Entrée dans ActionAccueil.php
14/01/2017 17:25:29 Entrée dans ActionAccueil.php
14/01/2017 18:15:28 Entrée dans ActionAccueil.php
14/01/2017 18:15:32 Entrée dans ActionJoueurs.php
14/01/2017 18:16:38 Entrée dans ActionAccueil.php
14/01/2017 18:16:42 Entrée dans ActionJoueurs.php
14/01/2017 19:19:13 Entrée dans ActionJoueurs.php
14/01/2017 19:19:20 Entrée dans ActionClub.php
14/01/2017 19:19:23 Entrée dans ActionClub.php
14/01/2017 19:19:27 Entrée dans ActionAccueil.php
14/01/2017 19:19:30 Entrée dans ActionClub.php
14/01/2017 20:01:13 Entrée dans ActionSponsor.php
14/01/2017 20:34:11 Entrée dans ActionAccueil.php
14/01/2017 20:34:18 Entrée dans ActionClub.php
14/01/2017 20:34:27 Entrée dans ActionAgenda.php
14/01/2017 20:34:37 Entrée dans ActionSponsor.php
14/01/2017 20:34:48 Entrée dans ActionJoueurs.php
14/01/2017 20:35:02 Entrée dans ActionEvenement.php
14/01/2017 20:35:19 Entrée dans ActionEcoleDeFoot.php
14/01/2017 23:14:46 Entrée dans ActionAccueil.php
15/01/2017 09:13:47 Entrée dans ActionEvenement.php
15/01/2017 11:50:51 Entrée dans ActionAccueil.php
15/01/2017 11:51:28 Entrée dans ActionEvenement.php
15/01/2017 11:51:43 Entrée dans ActionEvenement.php
15/01/2017 11:51:57 Entrée dans ActionAgenda.php
15/01/2017 15:04:14 Entrée dans ActionJoueurs.php
15/01/2017 17:25:20 Entrée dans ActionAccueil.php
15/01/2017 17:26:27 Entrée dans ActionClub.php
15/01/2017 17:26:59 Entrée dans ActionClub.php
15/01/2017 17:27:08 Entrée dans ActionEcoleDeFoot.php
15/01/2017 17:27:25 Entrée dans ActionEcoleDeFoot.php
15/01/2017 18:19:25 Entrée dans ActionEcoleDeFoot.php
15/01/2017 18:20:29 Entrée dans ActionEcoleDeFoot.php
15/01/2017 18:20:51 Entrée dans ActionClub.php
15/01/2017 22:06:26 Entrée dans ActionAgenda.php
15/01/2017 22:14:50 Entrée dans ActionEcoleDeFoot.php
15/01/2017 22:14:58 Entrée dans ActionEcoleDeFoot.php
15/01/2017 22:15:00 Entrée dans ActionEcoleDeFoot.php
15/01/2017 22:15:06 Entrée dans ActionEcoleDeFoot.php
15/01/2017 22:15:09 Entrée dans ActionEcoleDeFoot.php
15/01/2017 22:15:11 Entrée dans ActionEcoleDeFoot.php
15/01/2017 22:15:34 Entrée dans ActionEcoleDeFoot.php
15/01/2017 22:15:38 Entrée dans ActionEcoleDeFoot.php
15/01/2017 22:15:43 Entrée dans ActionEvenement.php
15/01/2017 22:16:07 Entrée dans ActionSponsor.php
15/01/2017 22:16:13 Entrée dans ActionEvenement.php
15/01/2017 22:16:20 Entrée dans ActionAccueil.php
15/01/2017 22:17:57 Entrée dans ActionContact.php
16/01/2017 00:30:44 Entrée dans ActionEcoleDeFoot.php
16/01/2017 08:24:34 Entrée dans ActionClub.php
16/01/2017 09:37:00 Entrée dans ActionJoueurs.php
16/01/2017 09:43:39 Entrée dans ActionAccueil.php
16/01/2017 09:43:43 Entrée dans ActionClub.php
16/01/2017 09:43:46 Entrée dans ActionJoueurs.php
16/01/2017 09:43:48 Entrée dans ActionEcoleDeFoot.php
16/01/2017 09:43:50 Entrée dans ActionAgenda.php
16/01/2017 09:43:52 Entrée dans ActionEvenement.php
16/01/2017 09:43:54 Entrée dans ActionSponsor.php
16/01/2017 13:28:41 Entrée dans ActionClub.php
16/01/2017 13:28:44 Entrée dans ActionClub.php
16/01/2017 13:28:54 Entrée dans ActionEcoleDeFoot.php
16/01/2017 13:29:15 Entrée dans ActionEcoleDeFoot.php
16/01/2017 13:29:18 Entrée dans ActionEcoleDeFoot.php
16/01/2017 13:29:24 Entrée dans ActionEcoleDeFoot.php
16/01/2017 13:29:27 Entrée dans ActionEcoleDeFoot.php
16/01/2017 13:29:30 Entrée dans ActionEcoleDeFoot.php
16/01/2017 13:29:32 Entrée dans ActionEcoleDeFoot.php
16/01/2017 13:29:40 Entrée dans ActionClub.php
16/01/2017 18:04:49 Entrée dans ActionJoueurs.php
16/01/2017 18:54:56 Entrée dans ActionAccueil.php
16/01/2017 18:55:32 Entrée dans ActionJoueurs.php
16/01/2017 18:56:01 Entrée dans ActionEcoleDeFoot.php
16/01/2017 19:34:57 Entrée dans ActionSponsor.php
17/01/2017 05:39:45 Entrée dans ActionEcoleDeFoot.php
17/01/2017 10:01:21 Entrée dans ActionEvenement.php
17/01/2017 13:54:26 Entrée dans ActionAccueil.php
17/01/2017 13:57:20 Entrée dans ActionJoueurs.php
17/01/2017 13:59:59 Entrée dans ActionAccueil.php
17/01/2017 14:00:07 Entrée dans ActionClub.php
17/01/2017 14:53:00 Entrée dans ActionAccueil.php
17/01/2017 14:53:17 Entrée dans AfficherPopupArticle.php
17/01/2017 16:00:17 Entrée dans ActionAccueil.php
17/01/2017 20:09:09 Entrée dans ActionAccueil.php
17/01/2017 20:09:42 Entrée dans AfficherPopupArticle.php
17/01/2017 20:10:22 Entrée dans ActionAccueil.php
17/01/2017 20:10:48 Entrée dans ActionAccueil.php
17/01/2017 20:10:54 Entrée dans ActionClub.php
17/01/2017 20:11:58 Entrée dans ActionEcoleDeFoot.php
17/01/2017 20:12:12 Entrée dans ActionEcoleDeFoot.php
17/01/2017 20:12:37 Entrée dans ActionEcoleDeFoot.php
17/01/2017 20:12:45 Entrée dans ActionAccueil.php
17/01/2017 20:12:53 Entrée dans ActionEcoleDeFoot.php
17/01/2017 20:13:30 Entrée dans ActionJoueurs.php
17/01/2017 20:13:34 Entrée dans ActionEcoleDeFoot.php
17/01/2017 20:14:02 Entrée dans ActionEcoleDeFoot.php
18/01/2017 00:42:30 Entrée dans ActionAgenda.php
18/01/2017 03:17:15 Entrée dans ActionAccueil.php
18/01/2017 06:47:11 Entrée dans ActionJoueurs.php
18/01/2017 17:59:24 Entrée dans ActionAgenda.php
18/01/2017 18:15:10 Entrée dans ActionClub.php
18/01/2017 19:21:18 Entrée dans ActionAccueil.php
18/01/2017 20:44:43 Entrée dans ActionAccueil.php
18/01/2017 20:44:44 Entrée dans ActionSponsor.php
18/01/2017 20:44:44 Entrée dans ActionAgenda.php
18/01/2017 20:44:44 Entrée dans ActionEvenement.php
18/01/2017 20:44:44 Entrée dans ActionEcoleDeFoot.php
18/01/2017 20:44:44 Entrée dans ActionJoueurs.php
18/01/2017 20:44:45 Entrée dans ActionClub.php
18/01/2017 22:47:39 Entrée dans ActionAccueil.php
19/01/2017 05:55:48 Entrée dans ActionAccueil.php
19/01/2017 05:55:59 Entrée dans AfficherPopupArticle.php
19/01/2017 05:56:41 Entrée dans ActionJoueurs.php
19/01/2017 05:56:49 Entrée dans ActionEvenement.php
19/01/2017 09:10:57 Entrée dans ActionJoueurs.php
19/01/2017 10:49:31 Entrée dans ActionAccueil.php
19/01/2017 10:50:41 Entrée dans ActionAccueil.php
19/01/2017 10:50:48 Entrée dans ActionClub.php
19/01/2017 10:54:19 Entrée dans ActionClub.php
19/01/2017 10:55:20 Entrée dans ActionJoueurs.php
19/01/2017 10:56:13 Entrée dans ActionAgenda.php
19/01/2017 10:56:24 Entrée dans ActionEvenement.php
19/01/2017 10:56:30 Entrée dans ActionSponsor.php
19/01/2017 10:56:53 Entrée dans ActionSponsor.php
19/01/2017 10:57:00 Entrée dans ActionAccueil.php
19/01/2017 12:35:04 Entrée dans ActionAccueil.php
19/01/2017 15:48:22 Entrée dans ActionJoueurs.php
19/01/2017 15:59:16 Entrée dans ActionJoueurs.php
19/01/2017 20:07:00 Entrée dans ActionEcoleDeFoot.php
19/01/2017 21:31:51 Entrée dans ActionClub.php
19/01/2017 21:31:56 Entrée dans ActionAccueil.php
19/01/2017 21:39:10 Entrée dans ActionEvenement.php
20/01/2017 09:29:59 Entrée dans ActionAccueil.php
20/01/2017 12:28:21 Entrée dans ActionAgenda.php
20/01/2017 15:25:55 Entrée dans ActionAccueil.php
20/01/2017 15:26:35 Entrée dans ActionJoueurs.php
20/01/2017 19:11:21 Entrée dans ActionAccueil.php
20/01/2017 19:11:41 Entrée dans AfficherPopupArticle.php
20/01/2017 20:41:42 Entrée dans ActionAgenda.php
20/01/2017 21:23:24 Entrée dans ActionSponsor.php
21/01/2017 01:46:50 Entrée dans ActionJoueurs.php
21/01/2017 02:48:29 Entrée dans ActionAgenda.php
21/01/2017 03:18:23 Entrée dans ActionSponsor.php
21/01/2017 07:38:08 Entrée dans ActionJoueurs.php
21/01/2017 11:19:28 Entrée dans ActionJoueurs.php
21/01/2017 17:42:53 Entrée dans ActionEvenement.php
21/01/2017 20:46:44 Entrée dans ActionEvenement.php
21/01/2017 21:47:49 Entrée dans ActionAccueil.php
22/01/2017 00:45:09 Entrée dans ActionAccueil.php
22/01/2017 09:45:33 Entrée dans ActionAgenda.php
22/01/2017 18:04:14 Entrée dans ActionAccueil.php
22/01/2017 19:39:31 Entrée dans ActionJoueurs.php
22/01/2017 22:21:46 Entrée dans ActionContact.php
22/01/2017 23:22:43 Entrée dans ActionJoueurs.php
23/01/2017 04:53:21 Entrée dans ActionEcoleDeFoot.php
23/01/2017 09:25:55 Entrée dans ActionAccueil.php
23/01/2017 09:26:51 Entrée dans ActionJoueurs.php
23/01/2017 09:28:01 Entrée dans ActionAgenda.php
23/01/2017 11:34:01 Entrée dans ActionJoueurs.php
23/01/2017 12:01:23 Entrée dans ActionAccueil.php
23/01/2017 12:02:06 Entrée dans ActionEvenement.php
23/01/2017 12:38:52 Entrée dans ActionSponsor.php
23/01/2017 14:33:37 Entrée dans ActionAccueil.php
23/01/2017 16:06:03 Entrée dans ActionJoueurs.php
23/01/2017 16:06:07 Entrée dans ActionJoueurs.php
23/01/2017 16:06:08 Entrée dans ActionJoueurs.php
23/01/2017 16:06:51 Entrée dans ActionJoueurs.php
23/01/2017 16:07:05 Entrée dans ActionClub.php
23/01/2017 16:20:55 Entrée dans ActionAccueil.php
23/01/2017 16:21:19 Entrée dans AfficherPopupArticle.php
23/01/2017 16:21:47 Entrée dans AfficherPopupArticle.php
23/01/2017 16:22:54 Entrée dans AfficherPopupArticle.php
23/01/2017 16:23:25 Entrée dans AfficherPopupArticle.php
23/01/2017 16:23:46 Entrée dans AfficherPopupArticle.php
23/01/2017 18:16:14 Entrée dans ActionAccueil.php
24/01/2017 09:53:47 Entrée dans ActionAccueil.php
24/01/2017 10:05:46 Entrée dans ActionAccueil.php
24/01/2017 10:05:53 Entrée dans ActionAccueil.php
24/01/2017 10:05:58 Entrée dans ActionAccueil.php
24/01/2017 10:06:29 Entrée dans ActionAccueil.php
24/01/2017 10:06:34 Entrée dans ActionEcoleDeFoot.php
24/01/2017 10:06:41 Entrée dans ActionEcoleDeFoot.php
24/01/2017 10:06:54 Entrée dans ActionEcoleDeFoot.php
24/01/2017 10:07:53 Entrée dans ActionEcoleDeFoot.php
24/01/2017 10:08:06 Entrée dans ActionEcoleDeFoot.php
24/01/2017 10:08:45 Entrée dans ActionEcoleDeFoot.php
24/01/2017 10:08:57 Entrée dans ActionEcoleDeFoot.php
24/01/2017 10:09:01 Entrée dans ActionEcoleDeFoot.php
24/01/2017 10:09:02 Entrée dans ActionEcoleDeFoot.php
24/01/2017 10:17:14 Entrée dans ActionAccueil.php
24/01/2017 12:09:10 Entrée dans ActionAccueil.php
24/01/2017 12:09:50 Entrée dans ActionJoueurs.php
24/01/2017 13:37:12 Entrée dans ActionClub.php
24/01/2017 18:30:17 Entrée dans ActionAccueil.php
24/01/2017 20:40:07 Entrée dans ActionClub.php
24/01/2017 20:57:18 Entrée dans ActionEcoleDeFoot.php
25/01/2017 11:26:51 Entrée dans ActionAccueil.php
25/01/2017 12:22:31 Entrée dans ActionAccueil.php
25/01/2017 12:22:38 Entrée dans ActionAccueil.php
25/01/2017 12:23:34 Entrée dans ActionAccueil.php
25/01/2017 12:23:46 Entrée dans ActionClub.php
25/01/2017 12:33:09 Entrée dans ActionAccueil.php
25/01/2017 12:33:21 Entrée dans AfficherPopupArticle.php
25/01/2017 12:34:18 Entrée dans ActionEcoleDeFoot.php
25/01/2017 12:34:41 Entrée dans ActionEcoleDeFoot.php
25/01/2017 12:34:43 Entrée dans ActionEcoleDeFoot.php
25/01/2017 12:34:44 Entrée dans ActionEcoleDeFoot.php
25/01/2017 12:34:45 Entrée dans ActionEcoleDeFoot.php
25/01/2017 12:44:21 Entrée dans ActionClub.php
25/01/2017 13:35:54 Entrée dans ActionAccueil.php
25/01/2017 14:11:39 Entrée dans ActionJoueurs.php
25/01/2017 14:51:21 Entrée dans ActionAccueil.php
25/01/2017 16:29:52 Entrée dans ActionSponsor.php
25/01/2017 17:00:21 Entrée dans ActionAccueil.php
25/01/2017 18:52:08 Entrée dans ActionJoueurs.php
25/01/2017 18:52:12 Entrée dans ActionJoueurs.php
25/01/2017 21:55:29 Entrée dans ActionAccueil.php
25/01/2017 21:55:35 Entrée dans ActionJoueurs.php
26/01/2017 03:32:56 Entrée dans ActionAccueil.php
26/01/2017 03:32:59 Entrée dans ActionSponsor.php
26/01/2017 03:32:59 Entrée dans ActionEvenement.php
26/01/2017 03:32:59 Entrée dans ActionAgenda.php
26/01/2017 03:33:00 Entrée dans ActionEcoleDeFoot.php
26/01/2017 03:33:01 Entrée dans ActionJoueurs.php
26/01/2017 03:33:01 Entrée dans ActionClub.php
26/01/2017 04:03:59 Entrée dans ActionClub.php
26/01/2017 04:11:00 Entrée dans ActionEvenement.php
26/01/2017 07:18:52 Entrée dans ActionAccueil.php
26/01/2017 07:18:59 Entrée dans ActionAccueil.php
26/01/2017 12:33:24 Entrée dans ActionJoueurs.php
26/01/2017 14:19:31 Entrée dans ActionAccueil.php
26/01/2017 15:07:21 Entrée dans ActionAgenda.php
26/01/2017 16:36:28 Entrée dans ActionJoueurs.php
26/01/2017 19:25:19 Entrée dans ActionJoueurs.php
26/01/2017 19:35:19 Entrée dans ActionAccueil.php
26/01/2017 19:35:57 Entrée dans ActionAccueil.php
26/01/2017 19:35:59 Entrée dans ActionClub.php
26/01/2017 19:36:02 Entrée dans ActionEvenement.php
26/01/2017 19:36:04 Entrée dans ActionSponsor.php
26/01/2017 20:09:27 Entrée dans ActionAccueil.php
26/01/2017 20:09:32 Entrée dans ActionClub.php
26/01/2017 20:12:06 Entrée dans ActionJoueurs.php
26/01/2017 20:12:34 Entrée dans ActionAccueil.php
26/01/2017 20:12:47 Entrée dans AfficherPopupArticle.php
26/01/2017 20:13:09 Entrée dans ActionClub.php
26/01/2017 20:14:22 Entrée dans ActionAccueil.php
26/01/2017 22:15:01 Entrée dans ActionAccueil.php
27/01/2017 04:58:31 Entrée dans ActionJoueurs.php
27/01/2017 05:49:21 Entrée dans ActionAccueil.php
27/01/2017 05:49:31 Entrée dans ActionJoueurs.php
27/01/2017 08:44:13 Entrée dans ActionSponsor.php
27/01/2017 11:56:52 Entrée dans ActionAccueil.php
27/01/2017 12:04:00 Entrée dans ActionClub.php
27/01/2017 12:56:27 Entrée dans ActionAgenda.php
27/01/2017 13:58:40 Entrée dans ActionAgenda.php
27/01/2017 17:37:50 Entrée dans ActionAccueil.php
27/01/2017 17:39:02 Entrée dans AfficherPopupArticle.php
27/01/2017 17:39:43 Entrée dans ActionEcoleDeFoot.php
27/01/2017 17:40:02 Entrée dans ActionEcoleDeFoot.php
27/01/2017 17:40:23 Entrée dans ActionEcoleDeFoot.php
27/01/2017 17:40:25 Entrée dans ActionEcoleDeFoot.php
27/01/2017 17:40:30 Entrée dans ActionEcoleDeFoot.php
27/01/2017 17:40:46 Entrée dans ActionAccueil.php
27/01/2017 19:47:38 Entrée dans ActionAccueil.php
27/01/2017 19:48:23 Entrée dans AfficherPopupArticle.php
27/01/2017 19:48:33 Entrée dans AfficherPopupArticle.php
27/01/2017 19:50:11 Entrée dans AfficherPopupArticle.php
27/01/2017 19:50:54 Entrée dans ActionAccueil.php
27/01/2017 19:51:34 Entrée dans ActionClub.php
27/01/2017 19:51:47 Entrée dans ActionClub.php
27/01/2017 19:55:04 Entrée dans ActionEcoleDeFoot.php
27/01/2017 19:55:32 Entrée dans ActionEcoleDeFoot.php
27/01/2017 19:55:46 Entrée dans ActionEcoleDeFoot.php
27/01/2017 19:55:55 Entrée dans ActionAccueil.php
27/01/2017 19:56:00 Entrée dans ActionAccueil.php
27/01/2017 19:56:11 Entrée dans ActionClub.php
27/01/2017 19:56:59 Entrée dans ActionAgenda.php
27/01/2017 22:33:49 Entrée dans ActionEcoleDeFoot.php
28/01/2017 01:14:53 Entrée dans ActionEvenement.php
28/01/2017 02:21:19 Entrée dans ActionClub.php
28/01/2017 02:21:23 Entrée dans ActionJoueurs.php
28/01/2017 07:46:20 Entrée dans ActionClub.php
28/01/2017 12:32:29 Entrée dans ActionAccueil.php
28/01/2017 12:32:52 Entrée dans ActionClub.php
28/01/2017 12:33:05 Entrée dans ActionJoueurs.php
28/01/2017 13:32:42 Entrée dans ActionJoueurs.php
28/01/2017 16:25:05 Entrée dans ActionAccueil.php
28/01/2017 16:25:17 Entrée dans AfficherPopupArticle.php
28/01/2017 16:26:00 Entrée dans ActionAgenda.php
28/01/2017 23:35:04 Entrée dans ActionJoueurs.php
29/01/2017 04:14:57 Entrée dans ActionAccueil.php
29/01/2017 06:29:41 Entrée dans ActionAgenda.php
29/01/2017 10:26:25 Entrée dans ActionContact.php
29/01/2017 10:28:27 Entrée dans ActionContact.php
29/01/2017 12:24:58 Entrée dans ActionAccueil.php
29/01/2017 12:24:59 Entrée dans ActionAccueil.php
29/01/2017 12:25:17 Entrée dans AfficherPopupArticle.php
29/01/2017 12:37:10 Entrée dans ActionAccueil.php
29/01/2017 12:37:24 Entrée dans ActionClub.php
29/01/2017 12:44:28 Entrée dans ActionAccueil.php
29/01/2017 15:52:41 Entrée dans ActionJoueurs.php
29/01/2017 17:38:38 Entrée dans ActionAccueil.php
29/01/2017 17:38:41 Entrée dans ActionAccueil.php
29/01/2017 17:39:26 Entrée dans AfficherPopupArticle.php
29/01/2017 17:41:36 Entrée dans ActionJoueurs.php
29/01/2017 20:01:21 Entrée dans ActionAccueil.php
29/01/2017 21:22:01 Entrée dans ActionJoueurs.php
29/01/2017 21:54:42 Entrée dans ActionAccueil.php
29/01/2017 21:54:42 Entrée dans ActionAccueil.php
29/01/2017 21:54:42 Entrée dans ActionAccueil.php
29/01/2017 21:55:01 Entrée dans ActionAccueil.php
29/01/2017 21:55:01 Entrée dans ActionAccueil.php
29/01/2017 21:55:01 Entrée dans ActionAccueil.php
29/01/2017 21:55:02 Entrée dans ActionJoueurs.php
29/01/2017 21:55:02 Entrée dans ActionJoueurs.php
29/01/2017 21:55:02 Entrée dans ActionJoueurs.php
29/01/2017 22:00:26 Entrée dans ActionJoueurs.php
30/01/2017 02:45:32 Entrée dans ActionEcoleDeFoot.php
30/01/2017 04:17:32 Entrée dans ActionAccueil.php
30/01/2017 10:45:22 Entrée dans ActionJoueurs.php
30/01/2017 10:54:07 Entrée dans ActionAccueil.php
30/01/2017 10:54:12 Entrée dans ActionClub.php
30/01/2017 10:54:14 Entrée dans ActionJoueurs.php
30/01/2017 10:54:16 Entrée dans ActionEcoleDeFoot.php
30/01/2017 10:54:18 Entrée dans ActionAgenda.php
30/01/2017 10:54:20 Entrée dans ActionEvenement.php
30/01/2017 10:54:22 Entrée dans ActionSponsor.php
30/01/2017 13:39:09 Entrée dans ActionAccueil.php
30/01/2017 13:40:33 Entrée dans AfficherPopupArticle.php
30/01/2017 13:41:39 Entrée dans ActionJoueurs.php
30/01/2017 13:42:19 Entrée dans ActionClub.php
30/01/2017 13:44:15 Entrée dans ActionEcoleDeFoot.php
30/01/2017 13:44:43 Entrée dans ActionEvenement.php
30/01/2017 13:45:02 Entrée dans ActionEvenement.php
30/01/2017 13:45:07 Entrée dans ActionAgenda.php
30/01/2017 17:10:59 Entrée dans ActionJoueurs.php
30/01/2017 17:11:08 Entrée dans ActionJoueurs.php
30/01/2017 17:20:45 Entrée dans ActionAccueil.php
30/01/2017 17:21:00 Entrée dans ActionJoueurs.php
30/01/2017 17:22:24 Entrée dans ActionEcoleDeFoot.php
30/01/2017 17:23:36 Entrée dans ActionClub.php
30/01/2017 18:48:57 Entrée dans ActionAccueil.php
30/01/2017 21:04:38 Entrée dans ActionJoueurs.php
30/01/2017 21:14:04 Entrée dans ActionAgenda.php
30/01/2017 21:14:09 Entrée dans ActionClub.php
30/01/2017 21:14:21 Entrée dans ActionJoueurs.php
31/01/2017 01:18:30 Entrée dans ActionClub.php
31/01/2017 03:41:41 Entrée dans ActionAccueil.php
31/01/2017 03:41:54 Entrée dans ActionClub.php
31/01/2017 03:42:05 Entrée dans ActionAgenda.php
31/01/2017 03:42:14 Entrée dans ActionJoueurs.php
31/01/2017 03:42:20 Entrée dans ActionSponsor.php
31/01/2017 03:42:39 Entrée dans ActionEvenement.php
31/01/2017 03:42:49 Entrée dans ActionEcoleDeFoot.php
31/01/2017 09:16:19 Entrée dans ActionJoueurs.php
31/01/2017 10:04:34 Entrée dans ActionAccueil.php
31/01/2017 12:23:14 Entrée dans ActionAccueil.php
31/01/2017 12:23:40 Entrée dans ActionEcoleDeFoot.php
31/01/2017 12:23:46 Entrée dans ActionEvenement.php
31/01/2017 12:55:34 Entrée dans ActionAccueil.php
31/01/2017 12:55:51 Entrée dans ActionAgenda.php
31/01/2017 13:25:19 Entrée dans ActionAccueil.php
31/01/2017 14:30:01 Entrée dans ActionJoueurs.php
31/01/2017 15:38:56 Entrée dans ActionSponsor.php
31/01/2017 15:53:49 Entrée dans ActionClub.php
31/01/2017 16:39:30 Entrée dans ActionAccueil.php
31/01/2017 16:39:38 Entrée dans ActionAgenda.php
31/01/2017 16:39:43 Entrée dans ActionClub.php
31/01/2017 16:39:51 Entrée dans ActionClub.php
31/01/2017 16:39:55 Entrée dans ActionClub.php
31/01/2017 16:39:56 Entrée dans ActionAccueil.php
31/01/2017 17:34:51 Entrée dans ActionAccueil.php
31/01/2017 17:35:06 Entrée dans ActionJoueurs.php
31/01/2017 18:15:44 Entrée dans ActionAccueil.php
31/01/2017 19:01:33 Entrée dans ActionAccueil.php
31/01/2017 19:01:55 Entrée dans ActionAccueil.php
31/01/2017 19:02:21 Entrée dans ActionClub.php
31/01/2017 19:03:18 Entrée dans ActionClub.php
31/01/2017 19:55:47 Entrée dans ActionClub.php
31/01/2017 19:55:50 Entrée dans ActionJoueurs.php
31/01/2017 22:07:14 Entrée dans ActionAccueil.php
31/01/2017 22:07:51 Entrée dans ActionJoueurs.php
