01/12/2017 01:44:32 Entrée dans ActionAccueil.php
01/12/2017 07:21:14 Entrée dans ActionJoueurs.php
01/12/2017 07:21:15 Entrée dans ActionAgenda.php
01/12/2017 07:21:16 Entrée dans ActionEvenement.php
01/12/2017 07:21:17 Entrée dans ActionAccueil.php
01/12/2017 07:21:17 Entrée dans ActionClub.php
01/12/2017 07:21:17 Entrée dans ActionSponsor.php
01/12/2017 07:21:17 Entrée dans ActionEcoleDeFoot.php
01/12/2017 13:39:30 Entrée dans ActionClub.php
01/12/2017 17:47:49 Entrée dans ActionAccueil.php
01/12/2017 17:48:20 Entrée dans ActionJoueurs.php
01/12/2017 19:57:25 Entrée dans ActionContact.php
01/12/2017 19:57:27 Entrée dans ActionContact.php
01/12/2017 19:57:31 Entrée dans ActionContact.php
01/12/2017 19:57:33 Entrée dans ActionContact.php
01/12/2017 19:57:36 Entrée dans ActionContact.php
01/12/2017 19:57:37 Entrée dans ActionContact.php
01/12/2017 20:07:59 Entrée dans ActionSponsor.php
02/12/2017 07:03:44 Entrée dans ActionAccueil.php
02/12/2017 13:00:16 Entrée dans ActionSponsor.php
02/12/2017 13:08:28 Entrée dans ActionAccueil.php
02/12/2017 13:09:57 Entrée dans AfficherPopupArticle.php
02/12/2017 17:42:32 Entrée dans ActionContact.php
02/12/2017 17:42:34 Entrée dans ActionContact.php
02/12/2017 19:49:41 Entrée dans ActionAccueil.php
02/12/2017 23:44:59 Entrée dans ActionJoueurs.php
02/12/2017 23:44:59 Entrée dans ActionEvenement.php
02/12/2017 23:45:00 Entrée dans ActionAgenda.php
02/12/2017 23:45:02 Entrée dans ActionEcoleDeFoot.php
02/12/2017 23:45:02 Entrée dans ActionSponsor.php
02/12/2017 23:45:02 Entrée dans ActionClub.php
02/12/2017 23:45:02 Entrée dans ActionAccueil.php
03/12/2017 07:39:50 Entrée dans ActionAccueil.php
03/12/2017 11:53:07 Entrée dans ActionClub.php
03/12/2017 20:19:34 Entrée dans ActionContact.php
03/12/2017 20:19:35 Entrée dans ActionContact.php
03/12/2017 20:19:39 Entrée dans ActionContact.php
03/12/2017 20:19:40 Entrée dans ActionContact.php
03/12/2017 20:19:42 Entrée dans ActionContact.php
03/12/2017 20:19:43 Entrée dans ActionContact.php
03/12/2017 22:11:19 Entrée dans ActionAgenda.php
03/12/2017 22:50:47 Entrée dans ActionJoueurs.php
03/12/2017 23:43:04 Entrée dans ActionAccueil.php
03/12/2017 23:55:08 Entrée dans ActionJoueurs.php
03/12/2017 23:55:09 Entrée dans ActionEcoleDeFoot.php
03/12/2017 23:55:09 Entrée dans ActionAccueil.php
03/12/2017 23:55:09 Entrée dans RechercherArticle.php
03/12/2017 23:55:09 Entrée dans ActionAccueil.php
03/12/2017 23:55:10 Entrée dans RechercherArticle.php
03/12/2017 23:55:10 Entrée dans ActionAccueil.php
03/12/2017 23:55:10 Entrée dans RechercherArticle.php
03/12/2017 23:55:11 Entrée dans ActionAccueil.php
03/12/2017 23:55:11 Entrée dans ActionSponsor.php
03/12/2017 23:55:12 Entrée dans ActionEvenement.php
03/12/2017 23:55:12 Entrée dans ActionAgenda.php
03/12/2017 23:55:13 Entrée dans ActionClub.php
04/12/2017 00:20:08 Entrée dans ActionAccueil.php
04/12/2017 05:09:24 Entrée dans ActionAccueil.php
04/12/2017 11:07:38 Entrée dans ActionSponsor.php
04/12/2017 11:07:41 Entrée dans ActionJoueurs.php
04/12/2017 11:07:42 Entrée dans ActionEvenement.php
04/12/2017 11:07:42 Entrée dans ActionAgenda.php
04/12/2017 11:16:46 Entrée dans ActionAccueil.php
04/12/2017 11:16:53 Entrée dans ActionClub.php
04/12/2017 11:16:56 Entrée dans ActionJoueurs.php
04/12/2017 11:16:59 Entrée dans ActionEcoleDeFoot.php
04/12/2017 11:17:02 Entrée dans ActionAgenda.php
04/12/2017 11:17:05 Entrée dans ActionEvenement.php
04/12/2017 11:17:08 Entrée dans ActionSponsor.php
04/12/2017 12:03:08 Entrée dans ActionAccueil.php
04/12/2017 12:39:17 Entrée dans ActionJoueurs.php
04/12/2017 13:42:25 Entrée dans ActionAccueil.php
04/12/2017 13:42:32 Entrée dans ActionJoueurs.php
04/12/2017 16:57:02 Entrée dans ActionAccueil.php
04/12/2017 16:57:14 Entrée dans ActionClub.php
04/12/2017 16:57:24 Entrée dans ActionAgenda.php
04/12/2017 16:57:34 Entrée dans ActionSponsor.php
04/12/2017 16:57:44 Entrée dans ActionJoueurs.php
04/12/2017 16:57:59 Entrée dans ActionEvenement.php
04/12/2017 16:58:09 Entrée dans ActionEcoleDeFoot.php
04/12/2017 21:41:07 Entrée dans ActionJoueurs.php
04/12/2017 21:46:09 Entrée dans ActionClub.php
04/12/2017 21:48:35 Entrée dans ActionAgenda.php
04/12/2017 21:51:44 Entrée dans ActionEvenement.php
05/12/2017 01:24:02 Entrée dans ActionAccueil.php
05/12/2017 05:35:35 Entrée dans ActionAccueil.php
05/12/2017 05:35:41 Entrée dans ActionJoueurs.php
05/12/2017 09:10:00 Entrée dans ActionAccueil.php
05/12/2017 16:31:03 Entrée dans ActionClub.php
05/12/2017 18:52:57 Entrée dans ActionAccueil.php
06/12/2017 01:01:20 Entrée dans ActionClub.php
06/12/2017 01:01:21 Entrée dans ActionAccueil.php
06/12/2017 01:01:21 Entrée dans ActionEcoleDeFoot.php
06/12/2017 01:01:21 Entrée dans ActionSponsor.php
06/12/2017 01:01:55 Entrée dans ActionAgenda.php
06/12/2017 01:01:55 Entrée dans ActionEvenement.php
06/12/2017 01:01:55 Entrée dans ActionJoueurs.php
06/12/2017 01:43:10 Entrée dans ActionAgenda.php
06/12/2017 07:45:57 Entrée dans ActionContact.php
06/12/2017 07:45:58 Entrée dans ActionContact.php
06/12/2017 07:46:02 Entrée dans ActionContact.php
06/12/2017 07:46:03 Entrée dans ActionContact.php
06/12/2017 07:46:06 Entrée dans ActionContact.php
06/12/2017 07:46:07 Entrée dans ActionContact.php
06/12/2017 09:06:00 Entrée dans ActionAccueil.php
06/12/2017 09:06:09 Entrée dans ActionClub.php
06/12/2017 09:22:03 Entrée dans ActionClub.php
06/12/2017 09:45:31 Entrée dans ActionContact.php
06/12/2017 09:46:45 Entrée dans ActionJoueurs.php
06/12/2017 09:53:46 Entrée dans ActionAccueil.php
06/12/2017 09:53:46 Entrée dans ActionClub.php
06/12/2017 09:53:48 Entrée dans ActionJoueurs.php
06/12/2017 09:53:48 Entrée dans ActionEcoleDeFoot.php
06/12/2017 09:53:49 Entrée dans ActionAgenda.php
06/12/2017 09:53:51 Entrée dans ActionEvenement.php
06/12/2017 09:53:51 Entrée dans ActionSponsor.php
06/12/2017 15:58:51 Entrée dans ActionJoueurs.php
06/12/2017 19:27:52 Entrée dans ActionJoueurs.php
06/12/2017 22:20:49 Entrée dans ActionJoueurs.php
07/12/2017 06:16:17 Entrée dans ActionClub.php
07/12/2017 06:37:33 Entrée dans ActionAccueil.php
07/12/2017 11:16:52 Entrée dans ActionEvenement.php
07/12/2017 11:20:10 Entrée dans ActionEcoleDeFoot.php
07/12/2017 11:20:10 Entrée dans ActionClub.php
07/12/2017 11:20:10 Entrée dans ActionAccueil.php
07/12/2017 11:20:13 Entrée dans ActionJoueurs.php
07/12/2017 11:20:13 Entrée dans ActionEvenement.php
07/12/2017 11:20:13 Entrée dans ActionAgenda.php
07/12/2017 11:20:13 Entrée dans ActionSponsor.php
07/12/2017 11:31:39 Entrée dans ActionSponsor.php
07/12/2017 11:38:01 Entrée dans ActionJoueurs.php
07/12/2017 13:00:29 Entrée dans ActionContact.php
07/12/2017 13:00:29 Entrée dans ActionContact.php
07/12/2017 13:26:40 Entrée dans ActionContact.php
07/12/2017 13:26:41 Entrée dans ActionContact.php
07/12/2017 13:26:44 Entrée dans ActionContact.php
07/12/2017 13:26:46 Entrée dans ActionContact.php
07/12/2017 13:26:49 Entrée dans ActionContact.php
07/12/2017 13:26:50 Entrée dans ActionContact.php
07/12/2017 13:53:49 Entrée dans ActionClub.php
07/12/2017 15:25:52 Entrée dans ActionAccueil.php
07/12/2017 15:25:53 Entrée dans ActionAgenda.php
07/12/2017 15:25:55 Entrée dans ActionEvenement.php
07/12/2017 15:25:55 Entrée dans ActionClub.php
07/12/2017 15:25:56 Entrée dans ActionEcoleDeFoot.php
07/12/2017 15:25:57 Entrée dans ActionJoueurs.php
07/12/2017 15:25:58 Entrée dans ActionSponsor.php
07/12/2017 15:26:00 Entrée dans ActionAccueil.php
07/12/2017 15:26:01 Entrée dans ActionAgenda.php
07/12/2017 15:26:02 Entrée dans ActionEvenement.php
07/12/2017 15:26:03 Entrée dans ActionClub.php
07/12/2017 15:26:04 Entrée dans ActionEcoleDeFoot.php
07/12/2017 15:26:04 Entrée dans ActionJoueurs.php
07/12/2017 15:26:06 Entrée dans ActionSponsor.php
07/12/2017 15:38:28 Entrée dans ActionAccueil.php
07/12/2017 17:14:07 Entrée dans ActionAccueil.php
07/12/2017 18:30:08 Entrée dans ActionAccueil.php
07/12/2017 21:28:23 Entrée dans ActionContact.php
07/12/2017 21:28:24 Entrée dans ActionContact.php
07/12/2017 21:28:28 Entrée dans ActionContact.php
07/12/2017 21:28:30 Entrée dans ActionContact.php
07/12/2017 21:28:33 Entrée dans ActionContact.php
07/12/2017 21:28:34 Entrée dans ActionContact.php
07/12/2017 23:00:30 Entrée dans ActionAccueil.php
08/12/2017 01:32:55 Entrée dans ActionAgenda.php
08/12/2017 10:28:42 Entrée dans ActionJoueurs.php
08/12/2017 10:34:57 Entrée dans ActionAccueil.php
08/12/2017 10:35:32 Entrée dans ActionAgenda.php
08/12/2017 10:36:12 Entrée dans ActionClub.php
08/12/2017 13:21:59 Entrée dans ActionAccueil.php
08/12/2017 17:01:11 Entrée dans ActionAccueil.php
08/12/2017 17:01:18 Entrée dans ActionClub.php
08/12/2017 17:01:25 Entrée dans ActionEcoleDeFoot.php
08/12/2017 17:01:28 Entrée dans ActionEcoleDeFoot.php
08/12/2017 22:04:30 Entrée dans ActionContact.php
08/12/2017 22:04:31 Entrée dans ActionContact.php
08/12/2017 22:04:35 Entrée dans ActionContact.php
08/12/2017 22:04:35 Entrée dans ActionContact.php
08/12/2017 22:04:39 Entrée dans ActionContact.php
08/12/2017 22:04:40 Entrée dans ActionContact.php
09/12/2017 02:52:00 Entrée dans ActionAgenda.php
09/12/2017 02:52:01 Entrée dans ActionEvenement.php
09/12/2017 02:52:01 Entrée dans ActionJoueurs.php
09/12/2017 02:52:56 Entrée dans ActionEcoleDeFoot.php
09/12/2017 02:52:57 Entrée dans ActionAccueil.php
09/12/2017 02:52:57 Entrée dans ActionEcoleDeFoot.php
09/12/2017 02:52:58 Entrée dans ActionClub.php
09/12/2017 04:43:54 Entrée dans ActionEvenement.php
09/12/2017 05:48:02 Entrée dans ActionAgenda.php
09/12/2017 05:53:01 Entrée dans ActionAgenda.php
09/12/2017 06:41:31 Entrée dans ActionEvenement.php
09/12/2017 09:50:51 Entrée dans ActionAccueil.php
09/12/2017 12:37:49 Entrée dans ActionEcoleDeFoot.php
09/12/2017 12:37:53 Entrée dans ActionEvenement.php
09/12/2017 12:37:56 Entrée dans ActionSponsor.php
09/12/2017 14:25:34 Entrée dans ActionAccueil.php
09/12/2017 19:57:50 Entrée dans ActionEcoleDeFoot.php
09/12/2017 23:23:04 Entrée dans ActionContact.php
09/12/2017 23:23:06 Entrée dans ActionContact.php
10/12/2017 11:30:35 Entrée dans ActionAccueil.php
10/12/2017 11:30:35 Entrée dans ActionAccueil.php
10/12/2017 12:50:25 Entrée dans ActionAccueil.php
10/12/2017 18:23:17 Entrée dans ActionAccueil.php
10/12/2017 18:23:17 Entrée dans ActionEcoleDeFoot.php
10/12/2017 18:23:18 Entrée dans ActionClub.php
10/12/2017 18:23:28 Entrée dans ActionEvenement.php
10/12/2017 18:23:28 Entrée dans ActionJoueurs.php
10/12/2017 18:23:28 Entrée dans ActionAgenda.php
10/12/2017 18:23:36 Entrée dans ActionSponsor.php
10/12/2017 18:41:59 Entrée dans ActionAccueil.php
10/12/2017 18:43:58 Entrée dans ActionAccueil.php
10/12/2017 18:44:01 Entrée dans ActionClub.php
10/12/2017 18:45:24 Entrée dans ActionClub.php
10/12/2017 22:23:55 Entrée dans ActionJoueurs.php
10/12/2017 23:25:58 Entrée dans ActionJoueurs.php
11/12/2017 01:08:33 Entrée dans ActionAccueil.php
11/12/2017 01:08:36 Entrée dans ActionClub.php
11/12/2017 01:08:40 Entrée dans ActionAgenda.php
11/12/2017 01:08:42 Entrée dans ActionSponsor.php
11/12/2017 11:15:40 Entrée dans ActionClub.php
11/12/2017 11:23:46 Entrée dans ActionContact.php
11/12/2017 11:23:48 Entrée dans ActionContact.php
11/12/2017 23:30:32 Entrée dans ActionJoueurs.php
12/12/2017 03:46:05 Entrée dans ActionClub.php
12/12/2017 04:23:32 Entrée dans ActionAccueil.php
12/12/2017 11:53:05 Entrée dans ActionAccueil.php
12/12/2017 13:19:38 Entrée dans ActionEcoleDeFoot.php
12/12/2017 14:02:36 Entrée dans ActionEcoleDeFoot.php
12/12/2017 16:02:34 Entrée dans ActionAccueil.php
12/12/2017 22:30:09 Entrée dans ActionClub.php
12/12/2017 23:23:13 Entrée dans ActionAccueil.php
12/12/2017 23:23:29 Entrée dans ActionClub.php
12/12/2017 23:23:38 Entrée dans ActionEcoleDeFoot.php
12/12/2017 23:23:46 Entrée dans ActionEcoleDeFoot.php
13/12/2017 00:49:32 Entrée dans ActionJoueurs.php
13/12/2017 13:29:16 Entrée dans ActionContact.php
13/12/2017 13:29:17 Entrée dans ActionContact.php
13/12/2017 14:16:57 Entrée dans ActionClub.php
13/12/2017 21:07:41 Entrée dans ActionAccueil.php
13/12/2017 21:08:29 Entrée dans AfficherPopupArticle.php
13/12/2017 21:08:29 Entrée dans AfficherPopupArticle.php
13/12/2017 21:08:47 Entrée dans ActionEcoleDeFoot.php
13/12/2017 21:09:36 Entrée dans ActionAccueil.php
14/12/2017 08:26:32 Entrée dans ActionAccueil.php
14/12/2017 08:26:36 Entrée dans ActionClub.php
14/12/2017 08:26:39 Entrée dans ActionJoueurs.php
14/12/2017 08:26:46 Entrée dans ActionEcoleDeFoot.php
14/12/2017 08:26:51 Entrée dans ActionAgenda.php
14/12/2017 08:26:55 Entrée dans ActionEvenement.php
14/12/2017 08:26:58 Entrée dans ActionSponsor.php
14/12/2017 17:05:29 Entrée dans ActionContact.php
14/12/2017 17:05:31 Entrée dans ActionContact.php
14/12/2017 17:05:35 Entrée dans ActionContact.php
14/12/2017 17:05:36 Entrée dans ActionContact.php
14/12/2017 17:05:43 Entrée dans ActionContact.php
14/12/2017 17:05:44 Entrée dans ActionContact.php
14/12/2017 17:05:45 Entrée dans ActionContact.php
14/12/2017 17:05:46 Entrée dans ActionContact.php
14/12/2017 17:08:17 Entrée dans ActionContact.php
14/12/2017 17:08:18 Entrée dans ActionContact.php
14/12/2017 17:08:19 Entrée dans ActionContact.php
14/12/2017 17:08:20 Entrée dans ActionContact.php
14/12/2017 17:08:23 Entrée dans ActionContact.php
14/12/2017 17:08:25 Entrée dans ActionContact.php
14/12/2017 17:08:26 Entrée dans ActionContact.php
14/12/2017 17:08:27 Entrée dans ActionContact.php
14/12/2017 23:28:52 Entrée dans ActionJoueurs.php
15/12/2017 03:57:34 Entrée dans ActionEcoleDeFoot.php
15/12/2017 07:02:15 Entrée dans ActionClub.php
15/12/2017 08:19:16 Entrée dans ActionJoueurs.php
15/12/2017 13:10:41 Entrée dans ActionEcoleDeFoot.php
15/12/2017 14:02:02 Entrée dans ActionJoueurs.php
15/12/2017 20:26:58 Entrée dans ActionAgenda.php
15/12/2017 20:26:59 Entrée dans ActionJoueurs.php
15/12/2017 20:27:00 Entrée dans ActionEvenement.php
15/12/2017 23:35:49 Entrée dans ActionContact.php
15/12/2017 23:35:50 Entrée dans ActionContact.php
16/12/2017 03:33:31 Entrée dans ActionAccueil.php
16/12/2017 09:52:06 Entrée dans ActionAccueil.php
16/12/2017 09:52:21 Entrée dans ActionClub.php
16/12/2017 09:52:28 Entrée dans ActionJoueurs.php
16/12/2017 09:52:36 Entrée dans ActionEcoleDeFoot.php
16/12/2017 09:52:43 Entrée dans ActionAgenda.php
16/12/2017 09:52:52 Entrée dans ActionEvenement.php
16/12/2017 09:53:00 Entrée dans ActionSponsor.php
16/12/2017 11:39:16 Entrée dans ActionJoueurs.php
16/12/2017 16:22:43 Entrée dans ActionAccueil.php
16/12/2017 16:23:04 Entrée dans ActionClub.php
16/12/2017 16:23:42 Entrée dans ActionEcoleDeFoot.php
16/12/2017 16:23:46 Entrée dans ActionEcoleDeFoot.php
16/12/2017 16:23:51 Entrée dans ActionEcoleDeFoot.php
16/12/2017 19:13:04 Entrée dans ActionContact.php
16/12/2017 19:13:05 Entrée dans ActionContact.php
16/12/2017 21:56:46 Entrée dans ActionJoueurs.php
16/12/2017 22:01:12 Entrée dans ActionContact.php
16/12/2017 22:01:13 Entrée dans ActionContact.php
17/12/2017 05:47:13 Entrée dans ActionAccueil.php
17/12/2017 09:17:44 Entrée dans ActionAccueil.php
17/12/2017 11:08:34 Entrée dans ActionAccueil.php
17/12/2017 11:09:05 Entrée dans AfficherPopupArticle.php
17/12/2017 11:10:12 Entrée dans ActionAccueil.php
17/12/2017 11:14:22 Entrée dans ActionEcoleDeFoot.php
17/12/2017 14:33:37 Entrée dans ActionContact.php
17/12/2017 14:33:38 Entrée dans ActionContact.php
17/12/2017 16:27:43 Entrée dans ActionAccueil.php
17/12/2017 20:34:19 Entrée dans ActionAccueil.php
17/12/2017 20:34:20 Entrée dans ActionClub.php
17/12/2017 20:34:20 Entrée dans ActionEcoleDeFoot.php
17/12/2017 20:40:19 Entrée dans ActionAgenda.php
17/12/2017 20:40:20 Entrée dans ActionJoueurs.php
17/12/2017 20:40:21 Entrée dans ActionEvenement.php
17/12/2017 20:42:53 Entrée dans ActionAccueil.php
17/12/2017 20:42:57 Entrée dans ActionSponsor.php
17/12/2017 21:03:33 Entrée dans ActionSponsor.php
17/12/2017 22:32:24 Entrée dans ActionAccueil.php
17/12/2017 22:32:34 Entrée dans AfficherPopupArticle.php
17/12/2017 22:32:56 Entrée dans AfficherPopupArticle.php
17/12/2017 22:33:04 Entrée dans AfficherPopupArticle.php
17/12/2017 22:33:36 Entrée dans AfficherPopupArticle.php
17/12/2017 23:13:21 Entrée dans ActionAccueil.php
17/12/2017 23:20:28 Entrée dans ActionClub.php
18/12/2017 03:47:36 Entrée dans ActionAccueil.php
18/12/2017 03:47:40 Entrée dans ActionClub.php
18/12/2017 03:47:42 Entrée dans ActionJoueurs.php
18/12/2017 03:47:45 Entrée dans ActionEcoleDeFoot.php
18/12/2017 03:47:47 Entrée dans ActionAgenda.php
18/12/2017 03:47:49 Entrée dans ActionEvenement.php
18/12/2017 03:47:52 Entrée dans ActionSponsor.php
18/12/2017 06:40:22 Entrée dans ActionAccueil.php
18/12/2017 21:37:15 Entrée dans ActionAccueil.php
18/12/2017 21:37:23 Entrée dans AfficherPopupArticle.php
18/12/2017 21:37:43 Entrée dans AfficherPopupArticle.php
19/12/2017 00:11:23 Entrée dans ActionJoueurs.php
19/12/2017 07:35:20 Entrée dans ActionJoueurs.php
19/12/2017 07:40:51 Entrée dans ActionEcoleDeFoot.php
19/12/2017 09:44:03 Entrée dans ActionClub.php
19/12/2017 22:34:37 Entrée dans ActionContact.php
19/12/2017 22:34:38 Entrée dans ActionContact.php
20/12/2017 02:31:09 Entrée dans ActionAccueil.php
20/12/2017 06:47:52 Entrée dans ActionContact.php
20/12/2017 06:47:53 Entrée dans ActionContact.php
20/12/2017 08:19:06 Entrée dans ActionAccueil.php
20/12/2017 08:19:20 Entrée dans ActionJoueurs.php
20/12/2017 08:20:34 Entrée dans ActionClub.php
20/12/2017 08:20:53 Entrée dans ActionSponsor.php
20/12/2017 08:26:30 Entrée dans ActionAccueil.php
20/12/2017 12:54:24 Entrée dans ActionContact.php
20/12/2017 12:54:25 Entrée dans ActionContact.php
20/12/2017 15:24:02 Entrée dans ActionEcoleDeFoot.php
20/12/2017 15:24:02 Entrée dans ActionClub.php
20/12/2017 15:24:02 Entrée dans ActionAccueil.php
20/12/2017 15:24:22 Entrée dans ActionJoueurs.php
20/12/2017 15:24:22 Entrée dans ActionEvenement.php
20/12/2017 16:57:05 Entrée dans ActionAccueil.php
20/12/2017 16:59:51 Entrée dans AfficherPopupArticle.php
20/12/2017 19:55:07 Entrée dans ActionAccueil.php
20/12/2017 23:37:40 Entrée dans ActionAgenda.php
21/12/2017 01:09:46 Entrée dans ActionAccueil.php
21/12/2017 03:50:15 Entrée dans ActionAccueil.php
21/12/2017 03:50:17 Entrée dans ActionClub.php
21/12/2017 03:50:17 Entrée dans ActionJoueurs.php
21/12/2017 03:50:18 Entrée dans ActionEcoleDeFoot.php
21/12/2017 03:50:18 Entrée dans ActionAgenda.php
21/12/2017 03:50:19 Entrée dans ActionEvenement.php
21/12/2017 03:50:20 Entrée dans ActionSponsor.php
21/12/2017 06:37:59 Entrée dans ActionClub.php
21/12/2017 08:27:16 Entrée dans ActionContact.php
21/12/2017 08:27:17 Entrée dans ActionContact.php
21/12/2017 09:36:39 Entrée dans ActionJoueurs.php
21/12/2017 10:31:20 Entrée dans ActionEcoleDeFoot.php
21/12/2017 17:49:02 Entrée dans ActionContact.php
21/12/2017 17:49:04 Entrée dans ActionContact.php
21/12/2017 19:55:56 Entrée dans ActionEcoleDeFoot.php
21/12/2017 21:08:37 Entrée dans ActionContact.php
21/12/2017 21:08:39 Entrée dans ActionContact.php
22/12/2017 15:10:05 Entrée dans ActionAccueil.php
22/12/2017 15:10:18 Entrée dans ActionClub.php
22/12/2017 15:10:28 Entrée dans ActionAgenda.php
22/12/2017 15:10:38 Entrée dans ActionJoueurs.php
22/12/2017 15:10:44 Entrée dans ActionSponsor.php
22/12/2017 15:11:03 Entrée dans ActionEvenement.php
22/12/2017 15:11:13 Entrée dans ActionEcoleDeFoot.php
22/12/2017 15:29:47 Entrée dans ActionEcoleDeFoot.php
22/12/2017 15:29:48 Entrée dans ActionClub.php
22/12/2017 15:29:48 Entrée dans ActionAccueil.php
22/12/2017 15:30:06 Entrée dans ActionJoueurs.php
22/12/2017 15:30:07 Entrée dans ActionEvenement.php
22/12/2017 15:30:55 Entrée dans ActionEvenement.php
22/12/2017 16:22:42 Entrée dans ActionSponsor.php
22/12/2017 16:22:43 Entrée dans ActionAgenda.php
22/12/2017 20:14:37 Entrée dans ActionAccueil.php
22/12/2017 22:14:24 Entrée dans ActionJoueurs.php
22/12/2017 22:14:25 Entrée dans ActionJoueurs.php
22/12/2017 22:14:29 Entrée dans ActionJoueurs.php
22/12/2017 22:14:29 Entrée dans ActionJoueurs.php
22/12/2017 22:29:06 Entrée dans ActionJoueurs.php
23/12/2017 01:21:56 Entrée dans ActionEvenement.php
23/12/2017 03:10:12 Entrée dans ActionAccueil.php
23/12/2017 07:48:41 Entrée dans ActionEvenement.php
23/12/2017 10:42:14 Entrée dans ActionJoueurs.php
23/12/2017 10:42:30 Entrée dans ActionSponsor.php
23/12/2017 11:27:47 Entrée dans ActionEcoleDeFoot.php
23/12/2017 12:01:15 Entrée dans ActionClub.php
23/12/2017 12:20:04 Entrée dans ActionAgenda.php
23/12/2017 12:23:08 Entrée dans ActionSponsor.php
23/12/2017 12:42:19 Entrée dans ActionJoueurs.php
23/12/2017 12:49:14 Entrée dans ActionEvenement.php
23/12/2017 13:40:10 Entrée dans ActionJoueurs.php
23/12/2017 14:57:57 Entrée dans ActionContact.php
23/12/2017 14:57:58 Entrée dans ActionContact.php
23/12/2017 15:52:52 Entrée dans ActionContact.php
23/12/2017 15:52:53 Entrée dans ActionContact.php
23/12/2017 16:01:48 Entrée dans ActionJoueurs.php
23/12/2017 17:43:11 Entrée dans ActionJoueurs.php
23/12/2017 18:12:48 Entrée dans ActionEcoleDeFoot.php
23/12/2017 20:26:45 Entrée dans ActionClub.php
23/12/2017 21:57:40 Entrée dans ActionJoueurs.php
23/12/2017 22:55:20 Entrée dans ActionAccueil.php
23/12/2017 22:55:43 Entrée dans AfficherPopupArticle.php
23/12/2017 22:59:09 Entrée dans ActionAccueil.php
23/12/2017 22:59:24 Entrée dans ActionClub.php
23/12/2017 22:59:26 Entrée dans ActionJoueurs.php
23/12/2017 22:59:28 Entrée dans ActionEcoleDeFoot.php
23/12/2017 22:59:29 Entrée dans ActionAgenda.php
23/12/2017 22:59:32 Entrée dans ActionEvenement.php
23/12/2017 22:59:33 Entrée dans ActionSponsor.php
24/12/2017 04:04:20 Entrée dans ActionAccueil.php
24/12/2017 04:04:21 Entrée dans ActionAgenda.php
24/12/2017 04:04:22 Entrée dans ActionClub.php
24/12/2017 04:04:23 Entrée dans ActionEcoleDeFoot.php
24/12/2017 04:04:23 Entrée dans ActionEvenement.php
24/12/2017 04:04:24 Entrée dans ActionJoueurs.php
24/12/2017 04:04:24 Entrée dans ActionSponsor.php
24/12/2017 04:04:25 Entrée dans AfficherPopupArticle.php
24/12/2017 04:04:25 Entrée dans AfficherPopupArticle.php
24/12/2017 04:04:25 Entrée dans AfficherPopupCompteRendu.php
24/12/2017 04:04:25 Entrée dans ActionAccueil.php
24/12/2017 04:04:26 Entrée dans RechercherArticle.php
24/12/2017 04:04:26 Entrée dans ActionAccueil.php
24/12/2017 04:04:27 Entrée dans ActionAccueil.php
24/12/2017 04:04:29 Entrée dans ActionProfil.php
24/12/2017 04:04:29 Entrée dans ActionAccueil.php
24/12/2017 04:04:30 Entrée dans ActionLogin.php
24/12/2017 04:04:30 Entrée dans ActionProfil.php
24/12/2017 04:04:30 Entrée dans ActionAccueil.php
24/12/2017 06:39:47 Entrée dans ActionEvenement.php
24/12/2017 06:39:47 Entrée dans ActionJoueurs.php
24/12/2017 06:40:23 Entrée dans ActionClub.php
24/12/2017 06:40:23 Entrée dans ActionEcoleDeFoot.php
24/12/2017 06:40:24 Entrée dans ActionAccueil.php
24/12/2017 06:51:47 Entrée dans ActionJoueurs.php
24/12/2017 09:32:43 Entrée dans ActionEvenement.php
24/12/2017 15:33:26 Entrée dans ActionAccueil.php
24/12/2017 15:33:56 Entrée dans AfficherPopupArticle.php
24/12/2017 15:33:56 Entrée dans AfficherPopupArticle.php
24/12/2017 15:33:56 Entrée dans AfficherPopupArticle.php
24/12/2017 15:34:19 Entrée dans AfficherPopupArticle.php
24/12/2017 15:34:41 Entrée dans AfficherPopupArticle.php
24/12/2017 15:35:42 Entrée dans AfficherPopupArticle.php
24/12/2017 17:36:18 Entrée dans ActionJoueurs.php
24/12/2017 23:30:29 Entrée dans ActionContact.php
24/12/2017 23:30:31 Entrée dans ActionContact.php
25/12/2017 00:08:03 Entrée dans ActionContact.php
25/12/2017 00:08:04 Entrée dans ActionContact.php
25/12/2017 00:39:13 Entrée dans ActionContact.php
25/12/2017 00:39:14 Entrée dans ActionContact.php
25/12/2017 01:27:35 Entrée dans ActionContact.php
25/12/2017 01:27:36 Entrée dans ActionContact.php
25/12/2017 01:44:17 Entrée dans ActionAccueil.php
25/12/2017 04:59:37 Entrée dans ActionJoueurs.php
25/12/2017 12:39:34 Entrée dans ActionJoueurs.php
25/12/2017 13:05:31 Entrée dans ActionClub.php
25/12/2017 17:54:15 Entrée dans ActionEcoleDeFoot.php
25/12/2017 22:27:16 Entrée dans ActionAccueil.php
25/12/2017 22:27:32 Entrée dans AfficherPopupArticle.php
26/12/2017 03:21:54 Entrée dans ActionAgenda.php
26/12/2017 03:22:02 Entrée dans ActionSponsor.php
26/12/2017 15:07:14 Entrée dans ActionContact.php
26/12/2017 15:07:15 Entrée dans ActionContact.php
26/12/2017 15:56:45 Entrée dans ActionAccueil.php
26/12/2017 18:08:29 Entrée dans ActionClub.php
26/12/2017 21:08:05 Entrée dans ActionAccueil.php
26/12/2017 21:09:31 Entrée dans ActionJoueurs.php
26/12/2017 21:10:02 Entrée dans ActionAccueil.php
26/12/2017 23:04:33 Entrée dans ActionContact.php
27/12/2017 05:46:58 Entrée dans ActionClub.php
27/12/2017 09:56:07 Entrée dans ActionEcoleDeFoot.php
27/12/2017 13:20:58 Entrée dans ActionClub.php
27/12/2017 14:24:26 Entrée dans ActionAccueil.php
27/12/2017 14:24:26 Entrée dans ActionAccueil.php
27/12/2017 14:24:41 Entrée dans ActionJoueurs.php
27/12/2017 15:39:09 Entrée dans ActionJoueurs.php
27/12/2017 18:07:47 Entrée dans ActionContact.php
27/12/2017 18:07:47 Entrée dans ActionContact.php
27/12/2017 18:07:48 Entrée dans ActionContact.php
27/12/2017 18:07:48 Entrée dans ActionContact.php
27/12/2017 21:14:19 Entrée dans ActionContact.php
27/12/2017 21:14:20 Entrée dans ActionContact.php
27/12/2017 23:53:56 Entrée dans ActionJoueurs.php
28/12/2017 02:57:37 Entrée dans ActionClub.php
28/12/2017 03:07:14 Entrée dans ActionClub.php
28/12/2017 03:07:14 Entrée dans ActionEcoleDeFoot.php
28/12/2017 03:07:14 Entrée dans ActionAccueil.php
28/12/2017 03:07:18 Entrée dans ActionSponsor.php
28/12/2017 03:07:18 Entrée dans ActionAgenda.php
28/12/2017 03:07:19 Entrée dans ActionEvenement.php
28/12/2017 03:07:19 Entrée dans ActionJoueurs.php
28/12/2017 03:21:27 Entrée dans ActionAgenda.php
28/12/2017 03:21:28 Entrée dans ActionSponsor.php
28/12/2017 22:12:03 Entrée dans ActionContact.php
28/12/2017 22:12:03 Entrée dans ActionContact.php
28/12/2017 23:20:05 Entrée dans ActionJoueurs.php
29/12/2017 01:40:27 Entrée dans ActionAccueil.php
29/12/2017 01:40:28 Entrée dans ActionEcoleDeFoot.php
29/12/2017 01:40:28 Entrée dans ActionClub.php
29/12/2017 14:59:40 Entrée dans ActionEcoleDeFoot.php
29/12/2017 15:10:32 Entrée dans ActionContact.php
29/12/2017 15:10:33 Entrée dans ActionContact.php
29/12/2017 20:28:47 Entrée dans ActionContact.php
29/12/2017 20:28:48 Entrée dans ActionContact.php
30/12/2017 06:19:15 Entrée dans ActionClub.php
30/12/2017 09:46:26 Entrée dans ActionContact.php
30/12/2017 09:46:27 Entrée dans ActionContact.php
30/12/2017 11:49:43 Entrée dans ActionAccueil.php
30/12/2017 14:10:04 Entrée dans ActionAccueil.php
30/12/2017 14:10:20 Entrée dans AfficherPopupArticle.php
30/12/2017 14:11:06 Entrée dans AfficherPopupArticle.php
30/12/2017 14:11:06 Entrée dans AfficherPopupArticle.php
30/12/2017 14:11:28 Entrée dans AfficherPopupArticle.php
30/12/2017 14:12:15 Entrée dans AfficherPopupArticle.php
30/12/2017 14:13:21 Entrée dans ActionAgenda.php
30/12/2017 14:14:06 Entrée dans ActionEcoleDeFoot.php
30/12/2017 14:14:23 Entrée dans ActionEcoleDeFoot.php
30/12/2017 14:15:05 Entrée dans ActionEcoleDeFoot.php
30/12/2017 14:15:26 Entrée dans ActionEcoleDeFoot.php
30/12/2017 14:15:40 Entrée dans ActionEcoleDeFoot.php
30/12/2017 14:16:06 Entrée dans ActionEcoleDeFoot.php
30/12/2017 14:16:12 Entrée dans ActionEcoleDeFoot.php
30/12/2017 14:16:34 Entrée dans ActionClub.php
30/12/2017 14:18:12 Entrée dans ActionEcoleDeFoot.php
30/12/2017 14:18:33 Entrée dans ActionAgenda.php
30/12/2017 14:19:00 Entrée dans ActionAgenda.php
30/12/2017 14:19:12 Entrée dans ActionEvenement.php
30/12/2017 22:29:02 Entrée dans ActionContact.php
30/12/2017 22:29:04 Entrée dans ActionContact.php
31/12/2017 00:22:51 Entrée dans ActionClub.php
31/12/2017 03:07:01 Entrée dans ActionAccueil.php
31/12/2017 09:39:35 Entrée dans ActionEcoleDeFoot.php
31/12/2017 11:19:17 Entrée dans ActionJoueurs.php
31/12/2017 16:20:47 Entrée dans ActionAccueil.php
31/12/2017 17:29:58 Entrée dans ActionContact.php
31/12/2017 17:29:59 Entrée dans ActionContact.php
31/12/2017 17:53:54 Entrée dans ActionContact.php
31/12/2017 17:53:55 Entrée dans ActionContact.php
31/12/2017 18:41:29 Entrée dans ActionContact.php
31/12/2017 18:41:30 Entrée dans ActionContact.php
31/12/2017 19:03:22 Entrée dans ActionContact.php
31/12/2017 19:03:23 Entrée dans ActionContact.php
31/12/2017 21:13:35 Entrée dans ActionAccueil.php
31/12/2017 23:06:20 Entrée dans ActionContact.php
31/12/2017 23:06:21 Entrée dans ActionContact.php
31/12/2017 23:58:43 Entrée dans ActionAccueil.php
