01/07/2016 01:44:56 Entrée dans ActionAccueil.php
01/07/2016 05:20:10 Entrée dans ActionSponsor.php
01/07/2016 07:46:05 Entrée dans ActionAccueil.php
01/07/2016 13:33:57 Entrée dans ActionAccueil.php
01/07/2016 15:05:24 Entrée dans ActionAccueil.php
01/07/2016 17:29:58 Entrée dans ActionAccueil.php
01/07/2016 17:49:26 Entrée dans ActionContact.php
01/07/2016 18:56:32 Entrée dans ActionContact.php
01/07/2016 22:46:09 Entrée dans ActionAccueil.php
01/07/2016 23:10:50 Entrée dans ActionContact.php
01/07/2016 23:10:51 Entrée dans ActionContact.php
01/07/2016 23:10:51 Entrée dans ActionContact.php
01/07/2016 23:10:52 Entrée dans ActionContact.php
01/07/2016 23:10:53 Entrée dans ActionContact.php
01/07/2016 23:11:03 Entrée dans ActionContact.php
02/07/2016 08:42:45 Entrée dans ActionAccueil.php
02/07/2016 17:19:04 Entrée dans ActionContact.php
02/07/2016 17:20:14 Entrée dans ActionAgenda.php
02/07/2016 17:23:38 Entrée dans ActionAccueil.php
02/07/2016 17:24:02 Entrée dans ActionJoueurs.php
02/07/2016 19:11:34 Entrée dans ActionContact.php
02/07/2016 19:47:15 Entrée dans ActionContact.php
02/07/2016 20:04:40 Entrée dans ActionClub.php
02/07/2016 20:32:29 Entrée dans ActionEcoleDeFoot.php
02/07/2016 20:32:34 Entrée dans ActionEcoleDeFoot.php
02/07/2016 20:32:34 Entrée dans ActionContact.php
02/07/2016 20:34:10 Entrée dans ActionClub.php
02/07/2016 22:33:22 Entrée dans ActionAccueil.php
02/07/2016 22:33:42 Entrée dans ActionJoueurs.php
02/07/2016 22:34:23 Entrée dans ActionJoueurs.php
02/07/2016 22:35:59 Entrée dans ActionAgenda.php
02/07/2016 22:36:02 Entrée dans ActionAgenda.php
02/07/2016 23:03:57 Entrée dans ActionAccueil.php
02/07/2016 23:04:09 Entrée dans AfficherPopupArticle.php
02/07/2016 23:08:57 Entrée dans ActionAccueil.php
02/07/2016 23:18:48 Entrée dans ActionEcoleDeFoot.php
02/07/2016 23:19:02 Entrée dans ActionEcoleDeFoot.php
02/07/2016 23:19:06 Entrée dans ActionEcoleDeFoot.php
03/07/2016 00:25:15 Entrée dans ActionContact.php
03/07/2016 00:25:16 Entrée dans ActionContact.php
03/07/2016 00:25:16 Entrée dans ActionContact.php
03/07/2016 00:25:16 Entrée dans ActionContact.php
03/07/2016 00:25:19 Entrée dans ActionContact.php
03/07/2016 00:25:20 Entrée dans ActionContact.php
03/07/2016 03:11:29 Entrée dans ActionAccueil.php
03/07/2016 06:16:17 Entrée dans ActionJoueurs.php
03/07/2016 06:16:25 Entrée dans ActionJoueurs.php
03/07/2016 08:05:39 Entrée dans ActionAccueil.php
03/07/2016 08:05:54 Entrée dans ActionClub.php
03/07/2016 08:06:02 Entrée dans ActionJoueurs.php
03/07/2016 08:06:08 Entrée dans ActionEcoleDeFoot.php
03/07/2016 08:06:16 Entrée dans ActionAgenda.php
03/07/2016 08:06:25 Entrée dans ActionEvenement.php
03/07/2016 08:06:33 Entrée dans ActionSponsor.php
03/07/2016 09:23:36 Entrée dans ActionAccueil.php
03/07/2016 11:24:11 Entrée dans ActionEcoleDeFoot.php
03/07/2016 11:24:25 Entrée dans ActionSponsor.php
03/07/2016 11:44:26 Entrée dans ActionAccueil.php
03/07/2016 11:44:32 Entrée dans ActionClub.php
03/07/2016 11:44:35 Entrée dans ActionJoueurs.php
03/07/2016 11:44:37 Entrée dans ActionEcoleDeFoot.php
03/07/2016 11:44:39 Entrée dans ActionAgenda.php
03/07/2016 11:44:42 Entrée dans ActionEvenement.php
03/07/2016 11:44:44 Entrée dans ActionSponsor.php
03/07/2016 13:12:22 Entrée dans ActionContact.php
03/07/2016 16:22:44 Entrée dans ActionContact.php
03/07/2016 16:54:05 Entrée dans ActionJoueurs.php
03/07/2016 17:00:58 Entrée dans ActionAccueil.php
03/07/2016 17:01:13 Entrée dans ActionJoueurs.php
03/07/2016 17:04:14 Entrée dans ActionEcoleDeFoot.php
03/07/2016 17:04:24 Entrée dans ActionAgenda.php
03/07/2016 17:04:24 Entrée dans ActionAgenda.php
03/07/2016 17:04:46 Entrée dans ActionAgenda.php
03/07/2016 17:04:48 Entrée dans ActionAgenda.php
03/07/2016 17:04:48 Entrée dans ActionAgenda.php
03/07/2016 17:04:49 Entrée dans ActionAgenda.php
03/07/2016 17:04:56 Entrée dans ActionAgenda.php
03/07/2016 17:04:57 Entrée dans ActionAgenda.php
03/07/2016 17:04:57 Entrée dans ActionAgenda.php
03/07/2016 17:05:02 Entrée dans ActionAgenda.php
03/07/2016 17:05:03 Entrée dans ActionAgenda.php
03/07/2016 17:05:09 Entrée dans ActionEvenement.php
03/07/2016 17:05:46 Entrée dans ActionEvenement.php
03/07/2016 17:05:47 Entrée dans ActionAgenda.php
03/07/2016 17:05:48 Entrée dans ActionAgenda.php
03/07/2016 17:05:49 Entrée dans ActionEcoleDeFoot.php
03/07/2016 17:05:50 Entrée dans ActionJoueurs.php
03/07/2016 17:05:51 Entrée dans ActionAccueil.php
03/07/2016 17:06:04 Entrée dans AfficherPopupArticle.php
03/07/2016 17:21:06 Entrée dans ActionEcoleDeFoot.php
03/07/2016 20:36:16 Entrée dans ActionContact.php
03/07/2016 21:03:37 Entrée dans ActionContact.php
03/07/2016 21:42:45 Entrée dans ActionContact.php
03/07/2016 22:20:23 Entrée dans ActionContact.php
03/07/2016 22:43:29 Entrée dans ActionAccueil.php
03/07/2016 22:43:39 Entrée dans ActionJoueurs.php
03/07/2016 23:20:30 Entrée dans ActionAccueil.php
03/07/2016 23:33:44 Entrée dans ActionAccueil.php
03/07/2016 23:46:52 Entrée dans ActionAccueil.php
03/07/2016 23:47:34 Entrée dans AfficherPopupArticle.php
03/07/2016 23:47:34 Entrée dans AfficherPopupArticle.php
03/07/2016 23:47:51 Entrée dans AfficherPopupArticle.php
03/07/2016 23:48:16 Entrée dans ActionEcoleDeFoot.php
03/07/2016 23:48:48 Entrée dans ActionEcoleDeFoot.php
03/07/2016 23:48:52 Entrée dans ActionContact.php
04/07/2016 03:35:47 Entrée dans AfficherPopupCompteRendu.php
04/07/2016 03:39:33 Entrée dans ActionEcoleDeFoot.php
04/07/2016 04:08:04 Entrée dans ActionSponsor.php
04/07/2016 04:34:37 Entrée dans ActionClub.php
04/07/2016 04:53:57 Entrée dans ActionEvenement.php
04/07/2016 04:54:27 Entrée dans AfficherPopupArticle.php
04/07/2016 05:19:03 Entrée dans ActionJoueurs.php
04/07/2016 06:37:31 Entrée dans ActionAgenda.php
04/07/2016 07:03:35 Entrée dans ActionAgenda.php
04/07/2016 07:03:35 Entrée dans ActionJoueurs.php
04/07/2016 07:03:36 Entrée dans ActionEvenement.php
04/07/2016 07:13:08 Entrée dans ActionAccueil.php
04/07/2016 07:17:37 Entrée dans ActionAccueil.php
04/07/2016 07:17:41 Entrée dans ActionClub.php
04/07/2016 07:17:43 Entrée dans ActionJoueurs.php
04/07/2016 07:17:45 Entrée dans ActionEcoleDeFoot.php
04/07/2016 07:17:47 Entrée dans ActionAgenda.php
04/07/2016 07:17:50 Entrée dans ActionEvenement.php
04/07/2016 07:17:52 Entrée dans ActionSponsor.php
04/07/2016 09:35:32 Entrée dans ActionSponsor.php
04/07/2016 09:47:16 Entrée dans ActionAccueil.php
04/07/2016 09:47:33 Entrée dans ActionEcoleDeFoot.php
04/07/2016 09:48:03 Entrée dans ActionAccueil.php
04/07/2016 09:48:29 Entrée dans ActionClub.php
04/07/2016 09:50:22 Entrée dans ActionEcoleDeFoot.php
04/07/2016 09:50:25 Entrée dans ActionEcoleDeFoot.php
04/07/2016 09:50:33 Entrée dans ActionEcoleDeFoot.php
04/07/2016 09:50:52 Entrée dans ActionEcoleDeFoot.php
04/07/2016 09:51:52 Entrée dans ActionClub.php
04/07/2016 09:52:06 Entrée dans ActionAccueil.php
04/07/2016 09:52:21 Entrée dans ActionAccueil.php
04/07/2016 09:52:28 Entrée dans ActionClub.php
04/07/2016 09:55:05 Entrée dans ActionJoueurs.php
04/07/2016 09:55:21 Entrée dans ActionClub.php
04/07/2016 10:16:26 Entrée dans ActionAccueil.php
04/07/2016 13:49:43 Entrée dans ActionAccueil.php
04/07/2016 13:49:50 Entrée dans ActionClub.php
04/07/2016 13:50:00 Entrée dans ActionEcoleDeFoot.php
04/07/2016 13:50:54 Entrée dans ActionEcoleDeFoot.php
04/07/2016 13:50:56 Entrée dans ActionEcoleDeFoot.php
04/07/2016 13:51:08 Entrée dans ActionEcoleDeFoot.php
04/07/2016 13:51:24 Entrée dans ActionEcoleDeFoot.php
04/07/2016 13:51:34 Entrée dans ActionEvenement.php
04/07/2016 13:51:45 Entrée dans ActionAgenda.php
04/07/2016 13:51:46 Entrée dans ActionAgenda.php
04/07/2016 13:51:49 Entrée dans ActionAccueil.php
04/07/2016 13:52:12 Entrée dans AfficherPopupArticle.php
04/07/2016 13:52:38 Entrée dans AfficherPopupArticle.php
04/07/2016 13:53:10 Entrée dans ActionClub.php
04/07/2016 13:53:18 Entrée dans ActionEcoleDeFoot.php
04/07/2016 13:54:08 Entrée dans ActionEcoleDeFoot.php
04/07/2016 13:54:18 Entrée dans ActionEcoleDeFoot.php
04/07/2016 13:54:50 Entrée dans ActionEcoleDeFoot.php
04/07/2016 13:55:00 Entrée dans ActionEcoleDeFoot.php
04/07/2016 13:55:11 Entrée dans ActionEcoleDeFoot.php
04/07/2016 14:46:42 Entrée dans ActionClub.php
04/07/2016 14:46:42 Entrée dans ActionEcoleDeFoot.php
04/07/2016 15:11:04 Entrée dans ActionContact.php
04/07/2016 15:18:45 Entrée dans ActionAccueil.php
04/07/2016 15:18:57 Entrée dans AfficherPopupArticle.php
04/07/2016 15:36:49 Entrée dans ActionAccueil.php
04/07/2016 15:53:07 Entrée dans ActionContact.php
04/07/2016 15:53:09 Entrée dans ActionContact.php
04/07/2016 16:45:31 Entrée dans ActionAccueil.php
04/07/2016 16:45:55 Entrée dans ActionEcoleDeFoot.php
04/07/2016 16:49:29 Entrée dans ActionClub.php
04/07/2016 16:49:48 Entrée dans ActionEcoleDeFoot.php
04/07/2016 16:50:10 Entrée dans ActionEcoleDeFoot.php
04/07/2016 16:50:13 Entrée dans ActionEcoleDeFoot.php
04/07/2016 16:50:17 Entrée dans ActionEcoleDeFoot.php
04/07/2016 16:53:53 Entrée dans ActionContact.php
04/07/2016 16:54:03 Entrée dans ActionContact.php
04/07/2016 17:26:55 Entrée dans ActionContact.php
04/07/2016 19:57:18 Entrée dans ActionContact.php
04/07/2016 20:32:35 Entrée dans ActionContact.php
04/07/2016 20:47:29 Entrée dans ActionContact.php
04/07/2016 20:47:30 Entrée dans ActionContact.php
04/07/2016 20:47:30 Entrée dans ActionContact.php
04/07/2016 20:47:30 Entrée dans ActionContact.php
04/07/2016 20:47:31 Entrée dans ActionContact.php
04/07/2016 20:47:33 Entrée dans ActionContact.php
04/07/2016 23:10:38 Entrée dans ActionContact.php
05/07/2016 00:25:35 Entrée dans ActionContact.php
05/07/2016 01:14:34 Entrée dans ActionAccueil.php
05/07/2016 11:02:31 Entrée dans ActionAccueil.php
05/07/2016 11:34:40 Entrée dans ActionEcoleDeFoot.php
05/07/2016 12:11:19 Entrée dans ActionEcoleDeFoot.php
05/07/2016 12:11:22 Entrée dans ActionSponsor.php
05/07/2016 15:16:12 Entrée dans ActionContact.php
05/07/2016 16:14:26 Entrée dans ActionAccueil.php
05/07/2016 16:14:37 Entrée dans ActionClub.php
05/07/2016 16:14:40 Entrée dans ActionEcoleDeFoot.php
05/07/2016 16:38:24 Entrée dans ActionClub.php
05/07/2016 16:52:42 Entrée dans ActionContact.php
05/07/2016 19:22:09 Entrée dans ActionContact.php
05/07/2016 19:36:32 Entrée dans ActionAccueil.php
05/07/2016 19:44:14 Entrée dans ActionContact.php
05/07/2016 20:45:14 Entrée dans ActionAccueil.php
05/07/2016 20:46:38 Entrée dans ActionEcoleDeFoot.php
05/07/2016 20:47:30 Entrée dans ActionEcoleDeFoot.php
05/07/2016 20:59:02 Entrée dans ActionAccueil.php
05/07/2016 22:22:35 Entrée dans ActionAccueil.php
06/07/2016 00:09:32 Entrée dans ActionContact.php
06/07/2016 00:59:36 Entrée dans ActionContact.php
06/07/2016 08:01:57 Entrée dans ActionAgenda.php
06/07/2016 09:22:49 Entrée dans ActionSponsor.php
06/07/2016 09:56:08 Entrée dans ActionJoueurs.php
06/07/2016 10:42:37 Entrée dans ActionClub.php
06/07/2016 15:01:11 Entrée dans ActionContact.php
06/07/2016 15:13:10 Entrée dans ActionAccueil.php
06/07/2016 15:13:11 Entrée dans ActionClub.php
06/07/2016 15:13:11 Entrée dans ActionEcoleDeFoot.php
06/07/2016 15:56:26 Entrée dans ActionAgenda.php
06/07/2016 15:56:27 Entrée dans ActionJoueurs.php
06/07/2016 15:56:27 Entrée dans ActionEvenement.php
06/07/2016 16:11:31 Entrée dans ActionSponsor.php
06/07/2016 16:17:58 Entrée dans ActionJoueurs.php
06/07/2016 18:10:14 Entrée dans ActionContact.php
06/07/2016 19:29:12 Entrée dans ActionContact.php
06/07/2016 23:29:28 Entrée dans ActionJoueurs.php
07/07/2016 00:13:25 Entrée dans ActionEvenement.php
07/07/2016 04:46:39 Entrée dans ActionAccueil.php
07/07/2016 04:46:53 Entrée dans ActionClub.php
07/07/2016 04:47:02 Entrée dans ActionAgenda.php
07/07/2016 04:47:12 Entrée dans ActionSponsor.php
07/07/2016 04:47:23 Entrée dans ActionJoueurs.php
07/07/2016 04:47:38 Entrée dans ActionEvenement.php
07/07/2016 04:47:47 Entrée dans ActionEcoleDeFoot.php
07/07/2016 05:18:58 Entrée dans ActionJoueurs.php
07/07/2016 07:03:36 Entrée dans ActionJoueurs.php
07/07/2016 07:07:22 Entrée dans ActionAccueil.php
07/07/2016 07:08:10 Entrée dans ActionClub.php
07/07/2016 07:09:22 Entrée dans ActionEcoleDeFoot.php
07/07/2016 07:09:34 Entrée dans ActionEcoleDeFoot.php
07/07/2016 07:36:57 Entrée dans ActionAccueil.php
07/07/2016 07:37:11 Entrée dans AfficherPopupArticle.php
07/07/2016 07:57:15 Entrée dans ActionContact.php
07/07/2016 09:27:09 Entrée dans ActionContact.php
07/07/2016 10:44:48 Entrée dans ActionContact.php
07/07/2016 13:00:54 Entrée dans ActionContact.php
07/07/2016 13:10:30 Entrée dans ActionAccueil.php
07/07/2016 13:10:42 Entrée dans AfficherPopupArticle.php
07/07/2016 13:36:42 Entrée dans ActionAccueil.php
07/07/2016 13:53:52 Entrée dans ActionContact.php
07/07/2016 16:11:58 Entrée dans ActionContact.php
07/07/2016 16:55:46 Entrée dans ActionAccueil.php
07/07/2016 18:23:38 Entrée dans ActionContact.php
07/07/2016 18:28:02 Entrée dans ActionAccueil.php
07/07/2016 20:35:34 Entrée dans ActionContact.php
07/07/2016 20:35:35 Entrée dans ActionContact.php
07/07/2016 20:35:35 Entrée dans ActionContact.php
07/07/2016 20:35:35 Entrée dans ActionContact.php
07/07/2016 20:35:36 Entrée dans ActionContact.php
07/07/2016 20:35:37 Entrée dans ActionContact.php
07/07/2016 21:22:37 Entrée dans ActionAccueil.php
07/07/2016 21:24:27 Entrée dans ActionEcoleDeFoot.php
08/07/2016 03:43:01 Entrée dans ActionAccueil.php
08/07/2016 06:33:42 Entrée dans ActionClub.php
08/07/2016 07:58:33 Entrée dans ActionContact.php
08/07/2016 11:24:32 Entrée dans ActionAccueil.php
08/07/2016 11:25:44 Entrée dans ActionClub.php
08/07/2016 11:25:54 Entrée dans ActionJoueurs.php
08/07/2016 11:26:48 Entrée dans ActionClub.php
08/07/2016 11:26:52 Entrée dans ActionAccueil.php
08/07/2016 11:27:35 Entrée dans ActionJoueurs.php
08/07/2016 14:05:54 Entrée dans ActionAccueil.php
08/07/2016 17:04:07 Entrée dans ActionAccueil.php
08/07/2016 20:47:28 Entrée dans ActionAccueil.php
08/07/2016 21:20:44 Entrée dans ActionAccueil.php
08/07/2016 21:21:29 Entrée dans ActionEcoleDeFoot.php
08/07/2016 21:21:38 Entrée dans ActionEcoleDeFoot.php
08/07/2016 21:22:10 Entrée dans ActionClub.php
08/07/2016 21:22:16 Entrée dans ActionAccueil.php
08/07/2016 21:22:32 Entrée dans ActionEvenement.php
08/07/2016 21:23:04 Entrée dans ActionSponsor.php
08/07/2016 21:23:11 Entrée dans ActionJoueurs.php
08/07/2016 21:23:34 Entrée dans ActionClub.php
08/07/2016 21:30:11 Entrée dans ActionAccueil.php
08/07/2016 23:10:28 Entrée dans ActionAccueil.php
08/07/2016 23:10:31 Entrée dans AfficherPopupArticle.php
08/07/2016 23:10:53 Entrée dans ActionEcoleDeFoot.php
08/07/2016 23:11:57 Entrée dans ActionAccueil.php
08/07/2016 23:30:09 Entrée dans ActionContact.php
09/07/2016 02:24:27 Entrée dans ActionJoueurs.php
09/07/2016 07:44:05 Entrée dans ActionAccueil.php
09/07/2016 07:44:14 Entrée dans AfficherPopupArticle.php
09/07/2016 07:44:25 Entrée dans AfficherPopupArticle.php
09/07/2016 07:44:48 Entrée dans AfficherPopupArticle.php
09/07/2016 07:45:14 Entrée dans AfficherPopupArticle.php
09/07/2016 07:45:31 Entrée dans AfficherPopupArticle.php
09/07/2016 07:45:48 Entrée dans AfficherPopupArticle.php
09/07/2016 07:45:58 Entrée dans AfficherPopupArticle.php
09/07/2016 07:46:08 Entrée dans AfficherPopupArticle.php
09/07/2016 07:46:32 Entrée dans ActionEcoleDeFoot.php
09/07/2016 07:46:38 Entrée dans ActionEvenement.php
09/07/2016 07:47:01 Entrée dans ActionClub.php
09/07/2016 07:47:05 Entrée dans ActionJoueurs.php
09/07/2016 12:16:35 Entrée dans ActionContact.php
09/07/2016 13:41:50 Entrée dans ActionClub.php
09/07/2016 14:11:58 Entrée dans ActionAgenda.php
09/07/2016 14:12:00 Entrée dans ActionAgenda.php
09/07/2016 14:13:18 Entrée dans ActionAccueil.php
09/07/2016 14:13:39 Entrée dans ActionClub.php
09/07/2016 14:19:38 Entrée dans ActionAccueil.php
09/07/2016 14:25:14 Entrée dans ActionAccueil.php
09/07/2016 16:29:42 Entrée dans ActionAccueil.php
09/07/2016 18:47:30 Entrée dans ActionJoueurs.php
10/07/2016 00:10:13 Entrée dans ActionJoueurs.php
10/07/2016 05:14:39 Entrée dans ActionJoueurs.php
10/07/2016 07:44:32 Entrée dans ActionEcoleDeFoot.php
10/07/2016 07:44:36 Entrée dans ActionSponsor.php
10/07/2016 10:24:21 Entrée dans ActionAgenda.php
10/07/2016 11:28:42 Entrée dans ActionContact.php
10/07/2016 13:00:46 Entrée dans ActionContact.php
10/07/2016 18:15:07 Entrée dans ActionAccueil.php
10/07/2016 18:49:55 Entrée dans ActionAccueil.php
10/07/2016 18:51:03 Entrée dans ActionAccueil.php
11/07/2016 08:33:12 Entrée dans ActionAccueil.php
11/07/2016 12:17:22 Entrée dans ActionAccueil.php
11/07/2016 12:17:27 Entrée dans ActionJoueurs.php
11/07/2016 12:17:38 Entrée dans ActionAccueil.php
11/07/2016 12:18:02 Entrée dans ActionClub.php
11/07/2016 13:07:03 Entrée dans ActionContact.php
11/07/2016 13:07:41 Entrée dans ActionJoueurs.php
11/07/2016 13:33:52 Entrée dans ActionJoueurs.php
11/07/2016 14:03:44 Entrée dans ActionContact.php
11/07/2016 15:12:25 Entrée dans ActionAccueil.php
11/07/2016 15:12:47 Entrée dans ActionEcoleDeFoot.php
11/07/2016 15:13:01 Entrée dans ActionClub.php
11/07/2016 15:13:12 Entrée dans ActionAgenda.php
11/07/2016 15:13:14 Entrée dans ActionAgenda.php
11/07/2016 15:13:19 Entrée dans ActionClub.php
11/07/2016 17:54:11 Entrée dans ActionClub.php
11/07/2016 17:56:41 Entrée dans ActionAccueil.php
11/07/2016 17:56:42 Entrée dans ActionAccueil.php
11/07/2016 17:56:49 Entrée dans ActionJoueurs.php
11/07/2016 18:06:27 Entrée dans ActionAccueil.php
11/07/2016 19:45:15 Entrée dans ActionAccueil.php
11/07/2016 19:55:53 Entrée dans ActionJoueurs.php
11/07/2016 19:56:05 Entrée dans ActionJoueurs.php
11/07/2016 20:37:40 Entrée dans ActionContact.php
11/07/2016 20:37:41 Entrée dans ActionContact.php
11/07/2016 20:37:41 Entrée dans ActionContact.php
11/07/2016 20:37:44 Entrée dans ActionContact.php
11/07/2016 20:37:45 Entrée dans ActionContact.php
11/07/2016 20:37:58 Entrée dans ActionContact.php
11/07/2016 20:38:29 Entrée dans ActionContact.php
11/07/2016 20:38:31 Entrée dans ActionContact.php
12/07/2016 00:54:50 Entrée dans ActionEcoleDeFoot.php
12/07/2016 00:54:55 Entrée dans ActionSponsor.php
12/07/2016 01:46:19 Entrée dans ActionJoueurs.php
12/07/2016 05:03:10 Entrée dans ActionAgenda.php
12/07/2016 05:56:11 Entrée dans ActionAccueil.php
12/07/2016 08:45:41 Entrée dans ActionJoueurs.php
12/07/2016 11:28:24 Entrée dans ActionJoueurs.php
12/07/2016 12:28:21 Entrée dans ActionEcoleDeFoot.php
12/07/2016 15:15:08 Entrée dans ActionContact.php
12/07/2016 16:14:52 Entrée dans ActionContact.php
12/07/2016 21:41:21 Entrée dans ActionContact.php
12/07/2016 21:41:22 Entrée dans ActionContact.php
12/07/2016 21:41:29 Entrée dans ActionContact.php
12/07/2016 21:41:32 Entrée dans ActionContact.php
13/07/2016 14:05:39 Entrée dans ActionEvenement.php
13/07/2016 16:11:59 Entrée dans ActionAccueil.php
13/07/2016 16:12:13 Entrée dans ActionClub.php
13/07/2016 16:12:26 Entrée dans ActionEcoleDeFoot.php
13/07/2016 16:12:49 Entrée dans ActionEcoleDeFoot.php
13/07/2016 16:37:44 Entrée dans ActionAccueil.php
13/07/2016 16:38:12 Entrée dans ActionAccueil.php
13/07/2016 16:42:24 Entrée dans ActionJoueurs.php
13/07/2016 16:43:21 Entrée dans ActionJoueurs.php
13/07/2016 16:49:00 Entrée dans ActionEcoleDeFoot.php
13/07/2016 16:55:22 Entrée dans ActionClub.php
13/07/2016 17:42:12 Entrée dans ActionEcoleDeFoot.php
13/07/2016 17:44:17 Entrée dans ActionContact.php
13/07/2016 17:46:34 Entrée dans ActionContact.php
13/07/2016 18:22:24 Entrée dans ActionEcoleDeFoot.php
13/07/2016 18:27:30 Entrée dans ActionContact.php
13/07/2016 18:27:30 Entrée dans ActionContact.php
13/07/2016 18:27:31 Entrée dans ActionContact.php
13/07/2016 18:27:38 Entrée dans ActionContact.php
13/07/2016 18:27:39 Entrée dans ActionContact.php
13/07/2016 18:48:33 Entrée dans ActionAgenda.php
13/07/2016 18:54:20 Entrée dans ActionClub.php
13/07/2016 19:12:35 Entrée dans ActionAgenda.php
13/07/2016 19:18:28 Entrée dans ActionSponsor.php
13/07/2016 19:55:20 Entrée dans ActionJoueurs.php
13/07/2016 20:08:11 Entrée dans ActionEvenement.php
13/07/2016 20:56:41 Entrée dans ActionClub.php
13/07/2016 23:08:17 Entrée dans ActionClub.php
14/07/2016 00:07:00 Entrée dans ActionAccueil.php
14/07/2016 11:25:43 Entrée dans ActionJoueurs.php
14/07/2016 12:52:13 Entrée dans ActionEvenement.php
14/07/2016 15:31:11 Entrée dans ActionAccueil.php
14/07/2016 15:32:36 Entrée dans ActionAccueil.php
14/07/2016 15:32:37 Entrée dans ActionAccueil.php
14/07/2016 15:33:29 Entrée dans ActionClub.php
14/07/2016 15:35:23 Entrée dans ActionEcoleDeFoot.php
14/07/2016 16:00:42 Entrée dans ActionSponsor.php
14/07/2016 16:00:53 Entrée dans ActionAccueil.php
14/07/2016 16:01:42 Entrée dans ActionAccueil.php
14/07/2016 16:01:47 Entrée dans ActionClub.php
14/07/2016 16:02:11 Entrée dans ActionEcoleDeFoot.php
14/07/2016 18:00:56 Entrée dans ActionClub.php
14/07/2016 18:35:51 Entrée dans ActionAgenda.php
14/07/2016 20:00:13 Entrée dans ActionAccueil.php
14/07/2016 20:00:47 Entrée dans ActionClub.php
14/07/2016 20:01:08 Entrée dans ActionAccueil.php
14/07/2016 20:01:54 Entrée dans ActionAccueil.php
14/07/2016 20:02:01 Entrée dans ActionJoueurs.php
14/07/2016 20:03:11 Entrée dans ActionAgenda.php
14/07/2016 20:03:14 Entrée dans ActionAgenda.php
14/07/2016 20:04:19 Entrée dans ActionAgenda.php
14/07/2016 20:04:38 Entrée dans ActionJoueurs.php
14/07/2016 20:15:17 Entrée dans ActionEvenement.php
14/07/2016 20:34:47 Entrée dans ActionAccueil.php
14/07/2016 20:35:09 Entrée dans ActionClub.php
14/07/2016 20:35:37 Entrée dans ActionJoueurs.php
14/07/2016 20:35:46 Entrée dans ActionClub.php
14/07/2016 20:35:51 Entrée dans ActionClub.php
14/07/2016 20:37:34 Entrée dans ActionClub.php
14/07/2016 20:42:01 Entrée dans ActionContact.php
14/07/2016 20:43:39 Entrée dans ActionAgenda.php
14/07/2016 20:43:44 Entrée dans ActionAgenda.php
14/07/2016 20:44:53 Entrée dans ActionAccueil.php
14/07/2016 20:44:53 Entrée dans ActionClub.php
14/07/2016 20:44:54 Entrée dans ActionJoueurs.php
14/07/2016 20:44:55 Entrée dans ActionEcoleDeFoot.php
14/07/2016 20:54:27 Entrée dans ActionAgenda.php
14/07/2016 22:23:04 Entrée dans ActionAgenda.php
15/07/2016 01:58:11 Entrée dans ActionEvenement.php
15/07/2016 01:58:15 Entrée dans ActionJoueurs.php
15/07/2016 02:51:23 Entrée dans ActionAccueil.php
15/07/2016 03:25:26 Entrée dans ActionEcoleDeFoot.php
15/07/2016 06:15:58 Entrée dans ActionAccueil.php
15/07/2016 08:43:36 Entrée dans ActionContact.php
15/07/2016 12:05:44 Entrée dans ActionAccueil.php
15/07/2016 12:06:10 Entrée dans ActionJoueurs.php
15/07/2016 12:07:15 Entrée dans ActionJoueurs.php
15/07/2016 14:35:49 Entrée dans ActionAccueil.php
15/07/2016 14:36:24 Entrée dans AfficherPopupArticle.php
15/07/2016 14:36:46 Entrée dans ActionAccueil.php
15/07/2016 14:37:02 Entrée dans AfficherPopupArticle.php
15/07/2016 14:37:35 Entrée dans AfficherPopupArticle.php
15/07/2016 15:33:12 Entrée dans ActionAccueil.php
15/07/2016 15:35:07 Entrée dans ActionJoueurs.php
15/07/2016 19:40:05 Entrée dans ActionJoueurs.php
15/07/2016 20:49:05 Entrée dans ActionClub.php
15/07/2016 20:55:09 Entrée dans ActionContact.php
15/07/2016 20:55:09 Entrée dans ActionContact.php
15/07/2016 20:55:10 Entrée dans ActionContact.php
15/07/2016 20:55:11 Entrée dans ActionContact.php
15/07/2016 20:55:11 Entrée dans ActionContact.php
15/07/2016 23:58:17 Entrée dans ActionContact.php
16/07/2016 01:56:48 Entrée dans ActionAccueil.php
16/07/2016 10:05:51 Entrée dans ActionAgenda.php
16/07/2016 10:05:57 Entrée dans ActionClub.php
16/07/2016 10:06:02 Entrée dans ActionEcoleDeFoot.php
16/07/2016 10:06:08 Entrée dans ActionEvenement.php
16/07/2016 10:06:14 Entrée dans ActionJoueurs.php
16/07/2016 10:06:19 Entrée dans ActionSponsor.php
16/07/2016 10:27:07 Entrée dans ActionAgenda.php
16/07/2016 10:27:14 Entrée dans ActionClub.php
16/07/2016 10:27:20 Entrée dans ActionEcoleDeFoot.php
16/07/2016 10:27:27 Entrée dans ActionEvenement.php
16/07/2016 10:27:35 Entrée dans ActionJoueurs.php
16/07/2016 10:27:44 Entrée dans ActionSponsor.php
16/07/2016 11:27:13 Entrée dans ActionContact.php
16/07/2016 11:37:37 Entrée dans ActionContact.php
16/07/2016 12:08:46 Entrée dans ActionContact.php
16/07/2016 14:46:17 Entrée dans ActionContact.php
16/07/2016 14:46:47 Entrée dans ActionContact.php
16/07/2016 14:56:06 Entrée dans ActionJoueurs.php
16/07/2016 15:17:14 Entrée dans ActionContact.php
16/07/2016 15:17:15 Entrée dans ActionContact.php
16/07/2016 15:17:15 Entrée dans ActionContact.php
16/07/2016 15:17:20 Entrée dans ActionContact.php
16/07/2016 15:17:21 Entrée dans ActionContact.php
16/07/2016 16:19:06 Entrée dans ActionContact.php
16/07/2016 17:29:07 Entrée dans ActionContact.php
16/07/2016 20:25:46 Entrée dans ActionAccueil.php
16/07/2016 20:25:54 Entrée dans ActionJoueurs.php
16/07/2016 20:35:45 Entrée dans ActionClub.php
16/07/2016 21:18:42 Entrée dans ActionAgenda.php
16/07/2016 21:27:29 Entrée dans ActionContact.php
16/07/2016 23:19:38 Entrée dans ActionJoueurs.php
17/07/2016 00:49:14 Entrée dans ActionContact.php
17/07/2016 01:13:23 Entrée dans ActionContact.php
17/07/2016 03:15:06 Entrée dans ActionContact.php
17/07/2016 04:10:19 Entrée dans ActionSponsor.php
17/07/2016 09:47:09 Entrée dans ActionAccueil.php
17/07/2016 09:47:22 Entrée dans ActionClub.php
17/07/2016 09:47:32 Entrée dans ActionAgenda.php
17/07/2016 09:47:42 Entrée dans ActionSponsor.php
17/07/2016 09:47:53 Entrée dans ActionJoueurs.php
17/07/2016 09:48:07 Entrée dans ActionEvenement.php
17/07/2016 09:48:18 Entrée dans ActionEcoleDeFoot.php
17/07/2016 10:40:29 Entrée dans ActionAgenda.php
17/07/2016 10:56:38 Entrée dans ActionContact.php
17/07/2016 10:56:41 Entrée dans ActionContact.php
17/07/2016 11:52:25 Entrée dans ActionEvenement.php
17/07/2016 12:10:20 Entrée dans ActionContact.php
17/07/2016 12:53:50 Entrée dans ActionAgenda.php
17/07/2016 12:53:54 Entrée dans ActionClub.php
17/07/2016 12:54:00 Entrée dans ActionEcoleDeFoot.php
17/07/2016 12:54:05 Entrée dans ActionEvenement.php
17/07/2016 12:54:11 Entrée dans ActionJoueurs.php
17/07/2016 14:20:55 Entrée dans ActionContact.php
17/07/2016 16:24:36 Entrée dans ActionContact.php
17/07/2016 17:39:06 Entrée dans ActionAccueil.php
17/07/2016 17:39:25 Entrée dans ActionJoueurs.php
17/07/2016 18:50:59 Entrée dans ActionContact.php
17/07/2016 18:55:44 Entrée dans ActionEcoleDeFoot.php
17/07/2016 19:16:18 Entrée dans ActionContact.php
17/07/2016 19:16:19 Entrée dans ActionContact.php
17/07/2016 19:16:27 Entrée dans ActionContact.php
17/07/2016 19:16:27 Entrée dans ActionContact.php
17/07/2016 19:16:31 Entrée dans ActionContact.php
17/07/2016 19:16:32 Entrée dans ActionContact.php
17/07/2016 19:16:37 Entrée dans ActionContact.php
17/07/2016 19:16:38 Entrée dans ActionContact.php
17/07/2016 19:16:38 Entrée dans ActionContact.php
17/07/2016 19:16:38 Entrée dans ActionContact.php
17/07/2016 19:16:39 Entrée dans ActionContact.php
17/07/2016 23:28:47 Entrée dans ActionClub.php
18/07/2016 00:42:17 Entrée dans ActionJoueurs.php
18/07/2016 00:47:10 Entrée dans ActionAccueil.php
18/07/2016 00:47:21 Entrée dans ActionClub.php
18/07/2016 00:47:43 Entrée dans ActionJoueurs.php
18/07/2016 01:45:42 Entrée dans ActionJoueurs.php
18/07/2016 02:50:55 Entrée dans ActionContact.php
18/07/2016 03:01:37 Entrée dans ActionAccueil.php
18/07/2016 06:02:57 Entrée dans ActionContact.php
18/07/2016 10:58:09 Entrée dans ActionAccueil.php
18/07/2016 10:58:14 Entrée dans ActionClub.php
18/07/2016 10:58:16 Entrée dans ActionJoueurs.php
18/07/2016 10:58:18 Entrée dans ActionEcoleDeFoot.php
18/07/2016 10:58:21 Entrée dans ActionAgenda.php
18/07/2016 10:58:23 Entrée dans ActionEvenement.php
18/07/2016 10:58:25 Entrée dans ActionSponsor.php
18/07/2016 13:43:13 Entrée dans ActionAccueil.php
18/07/2016 14:56:56 Entrée dans ActionContact.php
18/07/2016 15:59:47 Entrée dans ActionContact.php
18/07/2016 16:08:32 Entrée dans ActionAccueil.php
18/07/2016 16:08:35 Entrée dans ActionAgenda.php
18/07/2016 16:08:36 Entrée dans ActionClub.php
18/07/2016 16:08:37 Entrée dans ActionEcoleDeFoot.php
18/07/2016 16:08:38 Entrée dans ActionEvenement.php
18/07/2016 16:08:39 Entrée dans ActionJoueurs.php
18/07/2016 18:06:21 Entrée dans ActionAccueil.php
18/07/2016 18:09:36 Entrée dans ActionAccueil.php
18/07/2016 18:50:24 Entrée dans ActionAccueil.php
18/07/2016 19:20:02 Entrée dans ActionContact.php
18/07/2016 20:12:00 Entrée dans ActionAccueil.php
18/07/2016 20:12:51 Entrée dans ActionClub.php
18/07/2016 22:26:02 Entrée dans ActionAccueil.php
19/07/2016 00:28:50 Entrée dans ActionAccueil.php
19/07/2016 00:29:20 Entrée dans ActionAccueil.php
19/07/2016 01:07:33 Entrée dans ActionContact.php
19/07/2016 01:21:30 Entrée dans ActionClub.php
19/07/2016 01:39:12 Entrée dans ActionJoueurs.php
19/07/2016 04:17:25 Entrée dans ActionContact.php
19/07/2016 04:23:50 Entrée dans ActionSponsor.php
19/07/2016 06:26:11 Entrée dans ActionAccueil.php
19/07/2016 09:27:02 Entrée dans ActionJoueurs.php
19/07/2016 09:27:23 Entrée dans ActionJoueurs.php
19/07/2016 14:10:30 Entrée dans ActionAgenda.php
19/07/2016 14:27:13 Entrée dans ActionAccueil.php
19/07/2016 14:27:19 Entrée dans ActionJoueurs.php
19/07/2016 14:40:54 Entrée dans ActionAccueil.php
19/07/2016 14:41:47 Entrée dans ActionEcoleDeFoot.php
19/07/2016 14:41:58 Entrée dans ActionEcoleDeFoot.php
19/07/2016 14:42:08 Entrée dans ActionEcoleDeFoot.php
19/07/2016 14:42:25 Entrée dans ActionEcoleDeFoot.php
19/07/2016 14:54:05 Entrée dans ActionAccueil.php
19/07/2016 14:54:26 Entrée dans AfficherPopupArticle.php
19/07/2016 14:54:45 Entrée dans ActionAccueil.php
19/07/2016 14:54:54 Entrée dans ActionAgenda.php
19/07/2016 14:55:03 Entrée dans ActionAgenda.php
19/07/2016 14:55:03 Entrée dans ActionAgenda.php
19/07/2016 14:56:03 Entrée dans ActionEcoleDeFoot.php
19/07/2016 14:56:12 Entrée dans ActionEvenement.php
19/07/2016 14:56:18 Entrée dans ActionSponsor.php
19/07/2016 14:56:20 Entrée dans ActionEvenement.php
19/07/2016 14:57:42 Entrée dans ActionAccueil.php
19/07/2016 14:57:52 Entrée dans ActionAccueil.php
19/07/2016 14:57:56 Entrée dans ActionJoueurs.php
19/07/2016 15:59:52 Entrée dans ActionJoueurs.php
19/07/2016 16:25:38 Entrée dans ActionAccueil.php
19/07/2016 16:26:05 Entrée dans AfficherPopupArticle.php
19/07/2016 16:32:36 Entrée dans ActionEcoleDeFoot.php
19/07/2016 16:33:05 Entrée dans ActionEcoleDeFoot.php
19/07/2016 16:33:06 Entrée dans ActionEcoleDeFoot.php
19/07/2016 16:33:14 Entrée dans ActionEcoleDeFoot.php
19/07/2016 16:33:29 Entrée dans ActionEcoleDeFoot.php
19/07/2016 16:33:44 Entrée dans ActionEcoleDeFoot.php
19/07/2016 17:15:56 Entrée dans ActionAgenda.php
19/07/2016 17:16:00 Entrée dans ActionClub.php
19/07/2016 17:16:06 Entrée dans ActionEcoleDeFoot.php
19/07/2016 17:16:11 Entrée dans ActionEvenement.php
19/07/2016 17:16:17 Entrée dans ActionJoueurs.php
19/07/2016 17:41:36 Entrée dans ActionContact.php
19/07/2016 20:44:07 Entrée dans ActionContact.php
19/07/2016 22:10:42 Entrée dans ActionAgenda.php
19/07/2016 22:10:47 Entrée dans ActionAgenda.php
19/07/2016 22:10:50 Entrée dans ActionClub.php
19/07/2016 22:10:52 Entrée dans ActionJoueurs.php
19/07/2016 22:10:55 Entrée dans ActionSponsor.php
19/07/2016 22:11:20 Entrée dans ActionEcoleDeFoot.php
19/07/2016 22:11:23 Entrée dans ActionEvenement.php
20/07/2016 01:46:26 Entrée dans ActionContact.php
20/07/2016 05:09:51 Entrée dans ActionContact.php
20/07/2016 08:33:06 Entrée dans ActionAccueil.php
20/07/2016 09:11:51 Entrée dans ActionAccueil.php
20/07/2016 09:12:23 Entrée dans ActionJoueurs.php
20/07/2016 09:13:38 Entrée dans ActionClub.php
20/07/2016 09:17:04 Entrée dans ActionAccueil.php
20/07/2016 09:18:26 Entrée dans ActionJoueurs.php
20/07/2016 09:26:29 Entrée dans ActionAccueil.php
20/07/2016 09:27:01 Entrée dans ActionAgenda.php
20/07/2016 09:27:03 Entrée dans ActionAgenda.php
20/07/2016 10:41:44 Entrée dans ActionAccueil.php
20/07/2016 13:16:54 Entrée dans ActionContact.php
20/07/2016 16:18:54 Entrée dans ActionAccueil.php
20/07/2016 16:19:00 Entrée dans ActionJoueurs.php
20/07/2016 17:04:41 Entrée dans ActionContact.php
20/07/2016 17:55:05 Entrée dans ActionAccueil.php
20/07/2016 17:55:17 Entrée dans AfficherPopupArticle.php
20/07/2016 17:55:59 Entrée dans ActionJoueurs.php
20/07/2016 17:58:09 Entrée dans ActionAgenda.php
20/07/2016 17:58:10 Entrée dans ActionAgenda.php
20/07/2016 17:58:15 Entrée dans ActionEvenement.php
20/07/2016 17:58:26 Entrée dans ActionAccueil.php
20/07/2016 18:46:46 Entrée dans ActionClub.php
20/07/2016 21:05:05 Entrée dans ActionAccueil.php
20/07/2016 21:05:11 Entrée dans ActionEvenement.php
21/07/2016 01:24:59 Entrée dans ActionJoueurs.php
21/07/2016 03:10:57 Entrée dans ActionSponsor.php
21/07/2016 05:22:50 Entrée dans ActionContact.php
21/07/2016 06:30:02 Entrée dans ActionAccueil.php
21/07/2016 09:07:32 Entrée dans ActionAccueil.php
21/07/2016 09:07:36 Entrée dans ActionAccueil.php
21/07/2016 09:55:43 Entrée dans ActionJoueurs.php
21/07/2016 10:00:43 Entrée dans ActionEcoleDeFoot.php
21/07/2016 10:04:39 Entrée dans ActionAgenda.php
21/07/2016 10:04:44 Entrée dans ActionClub.php
21/07/2016 10:04:49 Entrée dans ActionEcoleDeFoot.php
21/07/2016 10:04:55 Entrée dans ActionEvenement.php
21/07/2016 10:05:00 Entrée dans ActionJoueurs.php
21/07/2016 10:05:48 Entrée dans ActionAccueil.php
21/07/2016 10:06:04 Entrée dans ActionJoueurs.php
21/07/2016 10:31:27 Entrée dans ActionContact.php
21/07/2016 10:31:30 Entrée dans ActionContact.php
21/07/2016 11:06:50 Entrée dans ActionJoueurs.php
21/07/2016 16:20:25 Entrée dans ActionAccueil.php
21/07/2016 16:20:35 Entrée dans ActionAgenda.php
21/07/2016 16:20:43 Entrée dans ActionClub.php
21/07/2016 16:20:51 Entrée dans ActionEcoleDeFoot.php
21/07/2016 16:20:58 Entrée dans ActionEvenement.php
21/07/2016 16:21:05 Entrée dans ActionJoueurs.php
21/07/2016 16:21:13 Entrée dans ActionSponsor.php
21/07/2016 18:02:37 Entrée dans ActionAccueil.php
21/07/2016 18:03:21 Entrée dans ActionEcoleDeFoot.php
21/07/2016 18:03:34 Entrée dans ActionClub.php
21/07/2016 19:06:37 Entrée dans ActionContact.php
21/07/2016 20:30:30 Entrée dans ActionClub.php
21/07/2016 20:35:10 Entrée dans ActionAgenda.php
21/07/2016 20:53:41 Entrée dans ActionAgenda.php
21/07/2016 20:53:45 Entrée dans ActionClub.php
21/07/2016 20:53:47 Entrée dans ActionAccueil.php
21/07/2016 20:53:49 Entrée dans ActionAccueil.php
21/07/2016 20:53:53 Entrée dans ActionJoueurs.php
21/07/2016 20:53:57 Entrée dans ActionSponsor.php
21/07/2016 20:54:00 Entrée dans ActionEvenement.php
21/07/2016 20:54:02 Entrée dans ActionEcoleDeFoot.php
21/07/2016 20:54:05 Entrée dans ActionAccueil.php
21/07/2016 20:54:08 Entrée dans AfficherPopupCompteRendu.php
21/07/2016 20:54:09 Entrée dans AfficherPopupArticle.php
21/07/2016 20:54:15 Entrée dans ActionLogin.php
21/07/2016 20:54:16 Entrée dans AfficherPopupArticle.php
21/07/2016 20:54:18 Entrée dans ActionAccueil.php
21/07/2016 20:54:20 Entrée dans ActionAgenda.php
21/07/2016 20:54:22 Entrée dans ActionClub.php
21/07/2016 20:54:26 Entrée dans AfficherPopupArticle.php
21/07/2016 20:54:28 Entrée dans ActionAccueil.php
21/07/2016 20:54:30 Entrée dans ActionJoueurs.php
21/07/2016 20:54:31 Entrée dans AfficherPopupArticle.php
21/07/2016 20:54:35 Entrée dans ActionSponsor.php
21/07/2016 20:54:38 Entrée dans ActionEvenement.php
21/07/2016 20:54:39 Entrée dans ActionEcoleDeFoot.php
21/07/2016 20:54:41 Entrée dans AfficherPopupCompteRendu.php
21/07/2016 20:54:52 Entrée dans ActionLogin.php
21/07/2016 20:54:53 Entrée dans ActionProfil.php
21/07/2016 20:54:54 Entrée dans ActionAccueil.php
21/07/2016 20:54:55 Entrée dans ActionAccueil.php
21/07/2016 20:54:57 Entrée dans ActionProfil.php
21/07/2016 20:54:58 Entrée dans ActionAccueil.php
21/07/2016 21:20:43 Entrée dans ActionAccueil.php
21/07/2016 21:21:08 Entrée dans ActionClub.php
21/07/2016 21:21:16 Entrée dans ActionJoueurs.php
21/07/2016 22:12:14 Entrée dans ActionClub.php
21/07/2016 23:52:20 Entrée dans ActionClub.php
22/07/2016 00:27:19 Entrée dans ActionAccueil.php
22/07/2016 00:27:20 Entrée dans ActionEvenement.php
22/07/2016 00:27:21 Entrée dans ActionSponsor.php
22/07/2016 00:27:21 Entrée dans ActionClub.php
22/07/2016 00:27:22 Entrée dans ActionEcoleDeFoot.php
22/07/2016 00:27:23 Entrée dans ActionAgenda.php
22/07/2016 00:27:24 Entrée dans ActionJoueurs.php
22/07/2016 00:27:29 Entrée dans ActionAccueil.php
22/07/2016 00:27:30 Entrée dans ActionEvenement.php
22/07/2016 00:27:30 Entrée dans ActionSponsor.php
22/07/2016 00:27:31 Entrée dans ActionClub.php
22/07/2016 00:27:32 Entrée dans ActionEcoleDeFoot.php
22/07/2016 00:27:33 Entrée dans ActionAgenda.php
22/07/2016 00:27:33 Entrée dans ActionJoueurs.php
22/07/2016 02:50:33 Entrée dans ActionContact.php
22/07/2016 07:17:49 Entrée dans ActionContact.php
22/07/2016 11:27:57 Entrée dans ActionAccueil.php
22/07/2016 11:28:05 Entrée dans ActionClub.php
22/07/2016 11:28:37 Entrée dans ActionAccueil.php
22/07/2016 11:28:41 Entrée dans ActionJoueurs.php
22/07/2016 11:29:10 Entrée dans ActionAccueil.php
22/07/2016 12:44:52 Entrée dans ActionAgenda.php
22/07/2016 13:49:42 Entrée dans ActionAgenda.php
22/07/2016 13:49:42 Entrée dans ActionAgenda.php
22/07/2016 17:13:21 Entrée dans ActionAccueil.php
22/07/2016 17:13:57 Entrée dans AfficherPopupArticle.php
22/07/2016 17:15:15 Entrée dans ActionAccueil.php
22/07/2016 17:15:21 Entrée dans ActionAccueil.php
22/07/2016 17:16:02 Entrée dans ActionAccueil.php
22/07/2016 17:16:16 Entrée dans ActionClub.php
22/07/2016 17:16:37 Entrée dans ActionEcoleDeFoot.php
22/07/2016 17:17:24 Entrée dans ActionEcoleDeFoot.php
22/07/2016 18:08:11 Entrée dans ActionAccueil.php
22/07/2016 18:08:22 Entrée dans ActionJoueurs.php
22/07/2016 18:09:39 Entrée dans ActionAccueil.php
22/07/2016 18:09:47 Entrée dans ActionAccueil.php
22/07/2016 19:39:33 Entrée dans ActionContact.php
22/07/2016 21:11:08 Entrée dans ActionAccueil.php
22/07/2016 21:40:48 Entrée dans ActionAccueil.php
23/07/2016 03:22:28 Entrée dans ActionClub.php
23/07/2016 06:19:25 Entrée dans ActionContact.php
23/07/2016 09:32:33 Entrée dans ActionContact.php
23/07/2016 09:40:07 Entrée dans ActionContact.php
23/07/2016 09:40:07 Entrée dans ActionContact.php
23/07/2016 09:40:08 Entrée dans ActionContact.php
23/07/2016 09:40:11 Entrée dans ActionContact.php
23/07/2016 09:40:12 Entrée dans ActionContact.php
23/07/2016 10:20:15 Entrée dans ActionEvenement.php
23/07/2016 11:36:39 Entrée dans ActionAccueil.php
23/07/2016 14:17:27 Entrée dans ActionAccueil.php
23/07/2016 14:17:54 Entrée dans AfficherPopupArticle.php
23/07/2016 14:18:14 Entrée dans ActionAccueil.php
23/07/2016 14:18:18 Entrée dans ActionAccueil.php
23/07/2016 14:18:19 Entrée dans ActionClub.php
23/07/2016 14:18:26 Entrée dans ActionClub.php
23/07/2016 14:18:42 Entrée dans ActionClub.php
23/07/2016 14:18:45 Entrée dans ActionJoueurs.php
23/07/2016 14:18:48 Entrée dans ActionEcoleDeFoot.php
23/07/2016 14:18:51 Entrée dans ActionEcoleDeFoot.php
23/07/2016 14:20:07 Entrée dans ActionSponsor.php
23/07/2016 15:02:54 Entrée dans ActionAccueil.php
23/07/2016 15:05:02 Entrée dans AfficherPopupArticle.php
23/07/2016 15:05:38 Entrée dans ActionAccueil.php
23/07/2016 15:20:12 Entrée dans ActionClub.php
23/07/2016 16:11:02 Entrée dans ActionAgenda.php
23/07/2016 16:11:05 Entrée dans ActionEvenement.php
23/07/2016 18:26:20 Entrée dans ActionAccueil.php
23/07/2016 18:26:33 Entrée dans ActionAccueil.php
23/07/2016 18:26:43 Entrée dans ActionClub.php
23/07/2016 18:29:00 Entrée dans ActionJoueurs.php
24/07/2016 00:14:03 Entrée dans ActionContact.php
24/07/2016 01:42:20 Entrée dans ActionAccueil.php
24/07/2016 01:42:35 Entrée dans ActionEcoleDeFoot.php
24/07/2016 01:42:38 Entrée dans ActionEcoleDeFoot.php
24/07/2016 02:07:09 Entrée dans ActionJoueurs.php
24/07/2016 03:43:46 Entrée dans ActionJoueurs.php
24/07/2016 06:54:07 Entrée dans ActionClub.php
24/07/2016 07:55:06 Entrée dans ActionJoueurs.php
24/07/2016 11:27:14 Entrée dans ActionContact.php
24/07/2016 12:55:34 Entrée dans ActionContact.php
24/07/2016 14:02:29 Entrée dans ActionContact.php
24/07/2016 15:03:47 Entrée dans ActionAccueil.php
24/07/2016 15:32:05 Entrée dans ActionAccueil.php
24/07/2016 15:32:15 Entrée dans ActionJoueurs.php
24/07/2016 15:32:32 Entrée dans ActionAccueil.php
24/07/2016 15:32:39 Entrée dans ActionClub.php
24/07/2016 15:32:50 Entrée dans ActionAgenda.php
24/07/2016 15:32:51 Entrée dans ActionAgenda.php
24/07/2016 15:33:01 Entrée dans ActionAgenda.php
24/07/2016 15:33:04 Entrée dans ActionEcoleDeFoot.php
24/07/2016 15:33:08 Entrée dans ActionEcoleDeFoot.php
24/07/2016 15:33:39 Entrée dans ActionAgenda.php
24/07/2016 15:33:41 Entrée dans ActionAgenda.php
24/07/2016 15:33:45 Entrée dans ActionEvenement.php
24/07/2016 15:33:53 Entrée dans ActionAccueil.php
24/07/2016 15:56:01 Entrée dans ActionAccueil.php
24/07/2016 16:40:20 Entrée dans ActionAccueil.php
24/07/2016 16:40:25 Entrée dans ActionJoueurs.php
24/07/2016 18:31:27 Entrée dans ActionAccueil.php
24/07/2016 18:31:40 Entrée dans ActionAccueil.php
24/07/2016 20:59:00 Entrée dans ActionAccueil.php
24/07/2016 20:59:09 Entrée dans ActionJoueurs.php
25/07/2016 06:26:04 Entrée dans ActionJoueurs.php
25/07/2016 08:17:23 Entrée dans ActionAccueil.php
25/07/2016 08:17:42 Entrée dans ActionEcoleDeFoot.php
25/07/2016 08:17:45 Entrée dans ActionEcoleDeFoot.php
25/07/2016 08:17:52 Entrée dans ActionEcoleDeFoot.php
25/07/2016 08:18:08 Entrée dans ActionAccueil.php
25/07/2016 08:18:16 Entrée dans ActionClub.php
25/07/2016 08:18:43 Entrée dans ActionEcoleDeFoot.php
25/07/2016 08:19:26 Entrée dans ActionEcoleDeFoot.php
25/07/2016 08:19:35 Entrée dans ActionEcoleDeFoot.php
25/07/2016 08:19:41 Entrée dans ActionEcoleDeFoot.php
25/07/2016 08:20:18 Entrée dans ActionAccueil.php
25/07/2016 08:20:27 Entrée dans ActionClub.php
25/07/2016 08:45:09 Entrée dans ActionAccueil.php
25/07/2016 08:45:34 Entrée dans ActionSponsor.php
25/07/2016 08:45:39 Entrée dans ActionEvenement.php
25/07/2016 08:49:44 Entrée dans ActionAgenda.php
25/07/2016 09:33:31 Entrée dans ActionAccueil.php
25/07/2016 09:33:34 Entrée dans ActionJoueurs.php
25/07/2016 09:48:51 Entrée dans ActionAccueil.php
25/07/2016 10:08:32 Entrée dans ActionAccueil.php
25/07/2016 10:09:00 Entrée dans AfficherPopupArticle.php
25/07/2016 10:09:09 Entrée dans ActionJoueurs.php
25/07/2016 10:42:32 Entrée dans ActionClub.php
25/07/2016 12:04:17 Entrée dans ActionAccueil.php
25/07/2016 12:04:29 Entrée dans ActionJoueurs.php
25/07/2016 12:06:26 Entrée dans ActionClub.php
25/07/2016 12:33:12 Entrée dans ActionContact.php
25/07/2016 13:06:53 Entrée dans ActionAccueil.php
25/07/2016 13:06:59 Entrée dans ActionJoueurs.php
25/07/2016 13:35:48 Entrée dans ActionClub.php
25/07/2016 14:50:28 Entrée dans ActionContact.php
25/07/2016 15:18:03 Entrée dans ActionAccueil.php
25/07/2016 15:35:00 Entrée dans ActionAccueil.php
25/07/2016 15:40:40 Entrée dans ActionAccueil.php
25/07/2016 15:40:52 Entrée dans ActionJoueurs.php
25/07/2016 15:53:27 Entrée dans ActionAccueil.php
25/07/2016 15:53:41 Entrée dans AfficherPopupArticle.php
25/07/2016 15:53:51 Entrée dans ActionClub.php
25/07/2016 15:54:18 Entrée dans ActionJoueurs.php
25/07/2016 16:23:04 Entrée dans ActionContact.php
25/07/2016 17:37:47 Entrée dans ActionAccueil.php
25/07/2016 19:33:13 Entrée dans ActionContact.php
25/07/2016 20:34:33 Entrée dans ActionAccueil.php
25/07/2016 20:36:14 Entrée dans AfficherPopupArticle.php
25/07/2016 20:37:12 Entrée dans ActionClub.php
25/07/2016 20:38:21 Entrée dans ActionEcoleDeFoot.php
25/07/2016 20:38:47 Entrée dans ActionEcoleDeFoot.php
25/07/2016 20:38:50 Entrée dans ActionEcoleDeFoot.php
25/07/2016 20:39:07 Entrée dans ActionEcoleDeFoot.php
25/07/2016 20:39:20 Entrée dans ActionEcoleDeFoot.php
25/07/2016 20:39:27 Entrée dans ActionEcoleDeFoot.php
25/07/2016 20:40:00 Entrée dans ActionEcoleDeFoot.php
25/07/2016 20:40:51 Entrée dans ActionEcoleDeFoot.php
25/07/2016 20:41:48 Entrée dans ActionClub.php
25/07/2016 20:43:05 Entrée dans ActionAccueil.php
25/07/2016 20:43:23 Entrée dans ActionJoueurs.php
25/07/2016 21:19:16 Entrée dans ActionAccueil.php
26/07/2016 07:07:51 Entrée dans ActionSponsor.php
26/07/2016 07:52:55 Entrée dans ActionContact.php
26/07/2016 10:01:30 Entrée dans ActionAccueil.php
26/07/2016 10:01:33 Entrée dans ActionJoueurs.php
26/07/2016 10:02:27 Entrée dans ActionSponsor.php
26/07/2016 12:49:44 Entrée dans ActionContact.php
26/07/2016 14:03:25 Entrée dans ActionAccueil.php
26/07/2016 17:00:55 Entrée dans ActionContact.php
26/07/2016 17:06:46 Entrée dans ActionContact.php
26/07/2016 17:39:40 Entrée dans ActionAccueil.php
26/07/2016 18:19:54 Entrée dans ActionAccueil.php
26/07/2016 18:20:37 Entrée dans ActionClub.php
26/07/2016 18:25:43 Entrée dans ActionClub.php
26/07/2016 19:18:15 Entrée dans ActionAgenda.php
26/07/2016 19:18:19 Entrée dans ActionClub.php
26/07/2016 19:18:22 Entrée dans ActionEcoleDeFoot.php
26/07/2016 19:18:25 Entrée dans ActionEvenement.php
26/07/2016 19:18:28 Entrée dans ActionJoueurs.php
26/07/2016 19:18:31 Entrée dans ActionSponsor.php
26/07/2016 19:32:55 Entrée dans ActionAccueil.php
26/07/2016 19:33:08 Entrée dans AfficherPopupArticle.php
26/07/2016 19:33:30 Entrée dans ActionClub.php
26/07/2016 19:35:28 Entrée dans ActionAccueil.php
26/07/2016 19:35:29 Entrée dans AfficherPopupArticle.php
26/07/2016 19:35:36 Entrée dans ActionJoueurs.php
26/07/2016 19:35:45 Entrée dans ActionEcoleDeFoot.php
26/07/2016 19:35:50 Entrée dans ActionClub.php
26/07/2016 21:21:19 Entrée dans ActionAccueil.php
26/07/2016 21:21:23 Entrée dans AfficherPopupArticle.php
26/07/2016 21:21:48 Entrée dans ActionAccueil.php
26/07/2016 21:22:04 Entrée dans ActionAgenda.php
26/07/2016 21:22:04 Entrée dans ActionAgenda.php
26/07/2016 22:18:04 Entrée dans ActionContact.php
26/07/2016 22:18:04 Entrée dans ActionContact.php
26/07/2016 22:18:04 Entrée dans ActionContact.php
26/07/2016 22:18:06 Entrée dans ActionContact.php
26/07/2016 22:18:07 Entrée dans ActionContact.php
27/07/2016 10:29:42 Entrée dans ActionAccueil.php
27/07/2016 10:29:51 Entrée dans ActionEvenement.php
27/07/2016 10:29:53 Entrée dans ActionAgenda.php
27/07/2016 10:29:53 Entrée dans ActionAgenda.php
27/07/2016 10:29:54 Entrée dans ActionEcoleDeFoot.php
27/07/2016 10:29:56 Entrée dans ActionAgenda.php
27/07/2016 10:29:57 Entrée dans ActionAgenda.php
27/07/2016 10:30:00 Entrée dans ActionJoueurs.php
27/07/2016 11:22:39 Entrée dans ActionClub.php
27/07/2016 11:22:44 Entrée dans ActionClub.php
27/07/2016 12:09:57 Entrée dans ActionAccueil.php
27/07/2016 13:54:22 Entrée dans ActionContact.php
27/07/2016 14:35:20 Entrée dans ActionJoueurs.php
27/07/2016 15:45:19 Entrée dans ActionAccueil.php
27/07/2016 15:45:35 Entrée dans AfficherPopupArticle.php
27/07/2016 15:55:09 Entrée dans ActionContact.php
27/07/2016 16:53:25 Entrée dans ActionContact.php
27/07/2016 17:16:06 Entrée dans ActionContact.php
27/07/2016 17:54:12 Entrée dans ActionAccueil.php
27/07/2016 20:06:51 Entrée dans ActionContact.php
27/07/2016 22:03:44 Entrée dans ActionAccueil.php
27/07/2016 22:03:46 Entrée dans ActionClub.php
27/07/2016 22:03:49 Entrée dans ActionJoueurs.php
27/07/2016 22:03:54 Entrée dans ActionEcoleDeFoot.php
27/07/2016 22:03:57 Entrée dans ActionAgenda.php
27/07/2016 22:03:58 Entrée dans ActionAgenda.php
27/07/2016 22:03:58 Entrée dans ActionEvenement.php
27/07/2016 22:20:00 Entrée dans ActionAccueil.php
27/07/2016 22:20:11 Entrée dans ActionEvenement.php
27/07/2016 22:20:16 Entrée dans ActionSponsor.php
27/07/2016 22:20:19 Entrée dans ActionAgenda.php
27/07/2016 22:20:19 Entrée dans ActionClub.php
27/07/2016 22:20:28 Entrée dans ActionJoueurs.php
27/07/2016 22:20:31 Entrée dans ActionEcoleDeFoot.php
28/07/2016 00:03:52 Entrée dans ActionAccueil.php
28/07/2016 00:04:05 Entrée dans ActionClub.php
28/07/2016 00:04:16 Entrée dans ActionAgenda.php
28/07/2016 00:04:26 Entrée dans ActionSponsor.php
28/07/2016 00:04:36 Entrée dans ActionJoueurs.php
28/07/2016 00:04:50 Entrée dans ActionEvenement.php
28/07/2016 00:05:01 Entrée dans ActionEcoleDeFoot.php
28/07/2016 02:21:09 Entrée dans ActionContact.php
28/07/2016 02:32:36 Entrée dans ActionContact.php
28/07/2016 03:30:08 Entrée dans ActionClub.php
28/07/2016 04:53:11 Entrée dans ActionAgenda.php
28/07/2016 06:26:27 Entrée dans ActionContact.php
28/07/2016 06:26:28 Entrée dans ActionContact.php
28/07/2016 06:26:30 Entrée dans ActionContact.php
28/07/2016 08:20:43 Entrée dans ActionAccueil.php
28/07/2016 08:20:46 Entrée dans ActionJoueurs.php
28/07/2016 13:22:36 Entrée dans ActionAgenda.php
28/07/2016 14:24:48 Entrée dans ActionContact.php
28/07/2016 15:40:55 Entrée dans ActionAccueil.php
28/07/2016 15:42:31 Entrée dans ActionClub.php
28/07/2016 16:24:25 Entrée dans ActionEvenement.php
28/07/2016 17:07:59 Entrée dans ActionContact.php
28/07/2016 17:24:16 Entrée dans ActionAccueil.php
28/07/2016 18:48:23 Entrée dans ActionJoueurs.php
28/07/2016 18:48:56 Entrée dans ActionClub.php
28/07/2016 19:53:52 Entrée dans ActionAgenda.php
28/07/2016 19:54:02 Entrée dans ActionSponsor.php
28/07/2016 21:37:38 Entrée dans ActionAccueil.php
28/07/2016 21:37:42 Entrée dans ActionJoueurs.php
28/07/2016 21:38:54 Entrée dans ActionAccueil.php
28/07/2016 21:39:22 Entrée dans AfficherPopupArticle.php
28/07/2016 22:01:18 Entrée dans ActionAccueil.php
29/07/2016 00:06:58 Entrée dans ActionAccueil.php
29/07/2016 00:07:25 Entrée dans ActionJoueurs.php
29/07/2016 01:54:48 Entrée dans ActionContact.php
29/07/2016 01:56:44 Entrée dans ActionSponsor.php
29/07/2016 02:25:28 Entrée dans ActionEvenement.php
29/07/2016 04:17:20 Entrée dans ActionJoueurs.php
29/07/2016 04:42:45 Entrée dans ActionEvenement.php
29/07/2016 08:39:33 Entrée dans ActionClub.php
29/07/2016 11:57:47 Entrée dans ActionAccueil.php
29/07/2016 11:58:02 Entrée dans ActionClub.php
29/07/2016 11:58:13 Entrée dans ActionJoueurs.php
29/07/2016 12:24:40 Entrée dans ActionEcoleDeFoot.php
29/07/2016 13:21:28 Entrée dans ActionClub.php
29/07/2016 14:14:02 Entrée dans ActionJoueurs.php
29/07/2016 14:29:36 Entrée dans ActionClub.php
29/07/2016 15:10:08 Entrée dans ActionContact.php
29/07/2016 15:36:08 Entrée dans ActionEvenement.php
29/07/2016 17:12:47 Entrée dans ActionAccueil.php
29/07/2016 17:13:07 Entrée dans ActionJoueurs.php
29/07/2016 17:13:17 Entrée dans ActionClub.php
29/07/2016 17:13:27 Entrée dans ActionAccueil.php
29/07/2016 17:13:35 Entrée dans ActionClub.php
29/07/2016 17:13:41 Entrée dans ActionJoueurs.php
29/07/2016 17:13:46 Entrée dans ActionAgenda.php
29/07/2016 17:13:47 Entrée dans ActionAgenda.php
29/07/2016 17:13:49 Entrée dans ActionEvenement.php
29/07/2016 17:13:52 Entrée dans ActionAgenda.php
29/07/2016 18:33:13 Entrée dans ActionAgenda.php
29/07/2016 19:16:47 Entrée dans ActionContact.php
29/07/2016 19:19:07 Entrée dans ActionContact.php
29/07/2016 19:19:08 Entrée dans ActionContact.php
29/07/2016 19:25:40 Entrée dans ActionContact.php
29/07/2016 19:42:00 Entrée dans ActionContact.php
29/07/2016 20:30:02 Entrée dans ActionContact.php
29/07/2016 20:30:37 Entrée dans ActionContact.php
29/07/2016 21:09:39 Entrée dans ActionContact.php
29/07/2016 21:16:51 Entrée dans ActionContact.php
29/07/2016 21:17:50 Entrée dans ActionContact.php
29/07/2016 21:42:19 Entrée dans ActionContact.php
29/07/2016 21:45:17 Entrée dans ActionAccueil.php
29/07/2016 22:06:21 Entrée dans ActionContact.php
29/07/2016 22:06:23 Entrée dans ActionContact.php
29/07/2016 22:22:10 Entrée dans ActionContact.php
29/07/2016 22:22:10 Entrée dans ActionContact.php
29/07/2016 22:34:38 Entrée dans ActionContact.php
29/07/2016 22:34:39 Entrée dans ActionContact.php
29/07/2016 22:36:32 Entrée dans ActionContact.php
29/07/2016 22:36:34 Entrée dans ActionContact.php
29/07/2016 22:39:19 Entrée dans ActionContact.php
29/07/2016 22:39:20 Entrée dans ActionContact.php
29/07/2016 22:48:33 Entrée dans ActionEcoleDeFoot.php
29/07/2016 23:28:53 Entrée dans ActionEcoleDeFoot.php
29/07/2016 23:45:20 Entrée dans ActionAccueil.php
30/07/2016 01:02:22 Entrée dans ActionAccueil.php
30/07/2016 01:02:50 Entrée dans ActionJoueurs.php
30/07/2016 03:07:59 Entrée dans ActionContact.php
30/07/2016 04:21:03 Entrée dans ActionAccueil.php
30/07/2016 10:17:23 Entrée dans ActionAccueil.php
30/07/2016 11:34:42 Entrée dans ActionAccueil.php
30/07/2016 11:35:01 Entrée dans ActionJoueurs.php
30/07/2016 12:29:38 Entrée dans ActionClub.php
30/07/2016 14:16:36 Entrée dans ActionContact.php
30/07/2016 14:38:41 Entrée dans ActionAccueil.php
30/07/2016 15:37:47 Entrée dans ActionAccueil.php
30/07/2016 15:38:04 Entrée dans ActionJoueurs.php
30/07/2016 17:36:09 Entrée dans ActionContact.php
30/07/2016 18:12:53 Entrée dans ActionContact.php
30/07/2016 18:52:54 Entrée dans ActionAccueil.php
30/07/2016 18:53:15 Entrée dans ActionJoueurs.php
30/07/2016 20:59:27 Entrée dans ActionContact.php
30/07/2016 21:23:13 Entrée dans ActionEcoleDeFoot.php
31/07/2016 01:38:14 Entrée dans ActionClub.php
31/07/2016 04:25:52 Entrée dans ActionEvenement.php
31/07/2016 07:31:01 Entrée dans ActionContact.php
31/07/2016 07:31:04 Entrée dans ActionContact.php
31/07/2016 07:37:29 Entrée dans ActionContact.php
31/07/2016 07:37:31 Entrée dans ActionContact.php
31/07/2016 07:38:14 Entrée dans ActionContact.php
31/07/2016 07:38:17 Entrée dans ActionContact.php
31/07/2016 07:38:18 Entrée dans ActionContact.php
31/07/2016 07:38:20 Entrée dans ActionContact.php
31/07/2016 07:38:26 Entrée dans ActionContact.php
31/07/2016 07:40:22 Entrée dans ActionContact.php
31/07/2016 07:40:24 Entrée dans ActionContact.php
31/07/2016 07:46:04 Entrée dans ActionContact.php
31/07/2016 07:52:06 Entrée dans ActionContact.php
31/07/2016 09:18:11 Entrée dans ActionContact.php
31/07/2016 09:18:11 Entrée dans ActionContact.php
31/07/2016 09:18:11 Entrée dans ActionContact.php
31/07/2016 09:18:13 Entrée dans ActionContact.php
31/07/2016 09:18:15 Entrée dans ActionContact.php
31/07/2016 09:18:21 Entrée dans ActionContact.php
31/07/2016 09:18:24 Entrée dans ActionContact.php
31/07/2016 09:18:26 Entrée dans ActionContact.php
31/07/2016 09:18:28 Entrée dans ActionContact.php
31/07/2016 09:20:17 Entrée dans ActionContact.php
31/07/2016 09:20:17 Entrée dans ActionContact.php
31/07/2016 09:20:31 Entrée dans ActionContact.php
31/07/2016 09:20:32 Entrée dans ActionContact.php
31/07/2016 10:04:38 Entrée dans ActionContact.php
31/07/2016 10:05:39 Entrée dans ActionContact.php
31/07/2016 10:05:39 Entrée dans ActionContact.php
31/07/2016 10:05:39 Entrée dans ActionContact.php
31/07/2016 10:05:39 Entrée dans ActionContact.php
31/07/2016 10:05:40 Entrée dans ActionContact.php
31/07/2016 10:05:41 Entrée dans ActionContact.php
31/07/2016 10:05:42 Entrée dans ActionContact.php
31/07/2016 10:05:42 Entrée dans ActionContact.php
31/07/2016 10:05:42 Entrée dans ActionContact.php
31/07/2016 10:54:21 Entrée dans ActionEvenement.php
31/07/2016 11:30:40 Entrée dans ActionEcoleDeFoot.php
31/07/2016 15:42:48 Entrée dans ActionClub.php
31/07/2016 16:36:02 Entrée dans ActionEvenement.php
31/07/2016 17:49:50 Entrée dans ActionContact.php
31/07/2016 18:12:10 Entrée dans ActionJoueurs.php
31/07/2016 18:45:01 Entrée dans ActionContact.php
31/07/2016 18:45:01 Entrée dans ActionContact.php
31/07/2016 18:45:01 Entrée dans ActionContact.php
31/07/2016 18:45:02 Entrée dans ActionContact.php
31/07/2016 18:45:04 Entrée dans ActionContact.php
31/07/2016 18:45:05 Entrée dans ActionContact.php
31/07/2016 18:45:06 Entrée dans ActionContact.php
31/07/2016 18:46:48 Entrée dans ActionContact.php
31/07/2016 18:46:48 Entrée dans ActionContact.php
31/07/2016 18:46:49 Entrée dans ActionContact.php
31/07/2016 18:46:49 Entrée dans ActionContact.php
31/07/2016 18:46:53 Entrée dans ActionContact.php
31/07/2016 18:59:57 Entrée dans ActionContact.php
31/07/2016 19:36:05 Entrée dans ActionContact.php
31/07/2016 22:43:20 Entrée dans ActionContact.php
31/07/2016 22:54:01 Entrée dans ActionContact.php
31/07/2016 23:17:04 Entrée dans ActionContact.php
31/07/2016 23:51:27 Entrée dans ActionAccueil.php
31/07/2016 23:51:39 Entrée dans ActionJoueurs.php
31/07/2016 23:52:30 Entrée dans ActionEvenement.php
31/07/2016 23:52:40 Entrée dans ActionAccueil.php
31/07/2016 23:52:57 Entrée dans ActionClub.php
31/07/2016 23:54:13 Entrée dans ActionJoueurs.php
31/07/2016 23:55:21 Entrée dans ActionAccueil.php
31/07/2016 23:55:30 Entrée dans ActionClub.php
31/07/2016 23:55:51 Entrée dans ActionEcoleDeFoot.php
31/07/2016 23:55:55 Entrée dans ActionAgenda.php
31/07/2016 23:55:56 Entrée dans ActionAgenda.php
31/07/2016 23:56:14 Entrée dans ActionAgenda.php
31/07/2016 23:56:16 Entrée dans ActionAgenda.php
31/07/2016 23:56:20 Entrée dans ActionAgenda.php
31/07/2016 23:56:20 Entrée dans ActionAgenda.php
31/07/2016 23:56:34 Entrée dans ActionAgenda.php
31/07/2016 23:56:35 Entrée dans ActionEvenement.php
31/07/2016 23:58:03 Entrée dans ActionSponsor.php
