01/11/2018 00:25:18 Entrée dans ActionSponsor.php
01/11/2018 00:39:58 Entrée dans ActionClub.php
01/11/2018 01:36:11 Entrée dans ActionEvenement.php
01/11/2018 04:29:50 Entrée dans ActionSponsor.php
01/11/2018 04:35:16 Entrée dans ActionAgenda.php
01/11/2018 12:31:08 Entrée dans ActionSponsor.php
01/11/2018 12:57:39 Entrée dans ActionAccueil.php
01/11/2018 12:57:41 Entrée dans ActionClub.php
01/11/2018 12:57:43 Entrée dans ActionAgenda.php
01/11/2018 12:57:45 Entrée dans ActionSponsor.php
01/11/2018 12:57:46 Entrée dans ActionJoueurs.php
01/11/2018 12:59:04 Entrée dans ActionClub.php
01/11/2018 14:58:40 Entrée dans ActionEvenement.php
01/11/2018 16:18:06 Entrée dans ActionClub.php
01/11/2018 17:11:20 Entrée dans ActionAccueil.php
01/11/2018 17:11:35 Entrée dans ActionJoueurs.php
01/11/2018 17:11:47 Entrée dans ActionClub.php
01/11/2018 18:15:51 Entrée dans ActionEvenement.php
01/11/2018 18:16:06 Entrée dans ActionEcoleDeFoot.php
01/11/2018 18:16:16 Entrée dans ActionEvenement.php
01/11/2018 18:16:21 Entrée dans ActionSponsor.php
01/11/2018 18:16:50 Entrée dans ActionClub.php
01/11/2018 18:17:09 Entrée dans ActionEvenement.php
01/11/2018 18:17:15 Entrée dans ActionAgenda.php
01/11/2018 18:30:53 Entrée dans ActionAgenda.php
01/11/2018 19:54:06 Entrée dans ActionAccueil.php
01/11/2018 22:11:11 Entrée dans ActionEcoleDeFoot.php
01/11/2018 22:17:39 Entrée dans ActionAgenda.php
01/11/2018 22:34:42 Entrée dans ActionAccueil.php
01/11/2018 22:36:31 Entrée dans ActionAccueil.php
01/11/2018 22:37:35 Entrée dans ActionEcoleDeFoot.php
01/11/2018 22:38:03 Entrée dans ActionAgenda.php
02/11/2018 00:13:08 Entrée dans ActionClub.php
02/11/2018 04:50:01 Entrée dans ActionAgenda.php
02/11/2018 06:52:58 Entrée dans ActionEvenement.php
02/11/2018 06:53:46 Entrée dans ActionAccueil.php
02/11/2018 06:55:13 Entrée dans ActionAgenda.php
02/11/2018 06:56:05 Entrée dans ActionEvenement.php
02/11/2018 06:56:11 Entrée dans ActionSponsor.php
02/11/2018 06:57:05 Entrée dans ActionClub.php
02/11/2018 06:57:12 Entrée dans ActionJoueurs.php
02/11/2018 06:57:28 Entrée dans ActionEcoleDeFoot.php
02/11/2018 06:58:17 Entrée dans ActionJoueurs.php
02/11/2018 06:58:49 Entrée dans ActionClub.php
02/11/2018 09:39:54 Entrée dans ActionEcoleDeFoot.php
02/11/2018 10:15:35 Entrée dans ActionSponsor.php
02/11/2018 17:36:26 Entrée dans ActionClub.php
02/11/2018 18:25:34 Entrée dans ActionContact.php
02/11/2018 18:25:35 Entrée dans ActionContact.php
03/11/2018 10:03:20 Entrée dans ActionAccueil.php
03/11/2018 10:03:21 Entrée dans ActionAccueil.php
03/11/2018 10:03:21 Entrée dans ActionClub.php
03/11/2018 10:03:22 Entrée dans ActionJoueurs.php
03/11/2018 10:03:22 Entrée dans ActionEcoleDeFoot.php
03/11/2018 10:03:22 Entrée dans ActionAgenda.php
03/11/2018 10:03:23 Entrée dans ActionEvenement.php
03/11/2018 10:03:23 Entrée dans ActionSponsor.php
03/11/2018 10:03:24 Entrée dans ActionAccueil.php
03/11/2018 10:03:24 Entrée dans ActionClub.php
03/11/2018 10:03:24 Entrée dans ActionJoueurs.php
03/11/2018 10:03:25 Entrée dans ActionEcoleDeFoot.php
03/11/2018 10:03:25 Entrée dans ActionAgenda.php
03/11/2018 10:03:25 Entrée dans ActionEvenement.php
03/11/2018 10:03:25 Entrée dans ActionSponsor.php
03/11/2018 10:03:26 Entrée dans ActionAccueil.php
03/11/2018 10:03:26 Entrée dans ActionClub.php
03/11/2018 10:03:26 Entrée dans ActionJoueurs.php
03/11/2018 10:03:26 Entrée dans ActionEcoleDeFoot.php
03/11/2018 10:03:26 Entrée dans ActionEvenement.php
03/11/2018 10:03:27 Entrée dans ActionAgenda.php
03/11/2018 10:03:27 Entrée dans ActionSponsor.php
03/11/2018 10:03:27 Entrée dans ActionAccueil.php
03/11/2018 14:39:31 Entrée dans ActionClub.php
03/11/2018 19:34:10 Entrée dans ActionAccueil.php
03/11/2018 19:34:17 Entrée dans ActionEcoleDeFoot.php
03/11/2018 20:46:46 Entrée dans ActionAccueil.php
03/11/2018 20:47:32 Entrée dans ActionClub.php
03/11/2018 23:45:00 Entrée dans ActionAccueil.php
03/11/2018 23:45:03 Entrée dans ActionClub.php
04/11/2018 08:32:18 Entrée dans ActionAccueil.php
04/11/2018 08:32:20 Entrée dans ActionAccueil.php
04/11/2018 12:16:14 Entrée dans ActionAccueil.php
04/11/2018 14:59:11 Entrée dans ActionEvenement.php
04/11/2018 18:06:38 Entrée dans ActionAccueil.php
04/11/2018 20:56:25 Entrée dans ActionAccueil.php
04/11/2018 20:56:42 Entrée dans ActionJoueurs.php
04/11/2018 21:01:30 Entrée dans ActionEcoleDeFoot.php
04/11/2018 21:31:52 Entrée dans ActionAccueil.php
04/11/2018 21:31:55 Entrée dans ActionLogin.php
04/11/2018 21:31:55 Authentification de tsutter.
04/11/2018 21:31:55 Entrée dans ActionProfil.php
04/11/2018 21:31:58 Entrée dans GestionResultats.php
04/11/2018 21:34:45 Entrée dans GestionResultats.php
04/11/2018 21:35:41 Entrée dans GestionResultats.php
04/11/2018 21:36:30 Entrée dans GestionResultats.php
04/11/2018 21:36:47 Entrée dans ActionRencontre.php
04/11/2018 21:37:05 Entrée dans RechercherEquipe.php
04/11/2018 21:37:07 Entrée dans RechercherCompetitionEquipe.php
04/11/2018 21:37:35 Entrée dans ActionRencontre.php
04/11/2018 21:38:03 Entrée dans RechercherEquipe.php
04/11/2018 21:38:07 Entrée dans RechercherCompetitionEquipe.php
04/11/2018 21:38:33 Entrée dans ActionRencontre.php
04/11/2018 21:38:50 Entrée dans RechercherEquipe.php
04/11/2018 21:38:52 Entrée dans RechercherCompetitionEquipe.php
04/11/2018 21:39:07 Entrée dans ActionRencontre.php
04/11/2018 21:39:10 Entrée dans GestionResultats.php
04/11/2018 21:39:31 Entrée dans GestionResultats.php
04/11/2018 21:41:14 Entrée dans GestionResultats.php
04/11/2018 21:43:53 Entrée dans GestionResultats.php
04/11/2018 21:44:09 Entrée dans GestionResultats.php
04/11/2018 21:45:55 Entrée dans ActionRencontre.php
04/11/2018 21:46:06 Entrée dans ActionRencontre.php
04/11/2018 21:46:11 Entrée dans RechercherRencontre.php
04/11/2018 21:46:27 Entrée dans ActionRencontre.php
04/11/2018 21:46:39 Entrée dans ActionRencontre.php
04/11/2018 21:46:43 Entrée dans RechercherRencontre.php
04/11/2018 21:46:48 Entrée dans ActionRencontre.php
04/11/2018 21:46:59 Entrée dans GestionResultats.php
04/11/2018 21:47:16 Entrée dans GestionResultats.php
04/11/2018 21:47:40 Entrée dans GestionResultats.php
05/11/2018 03:21:36 Entrée dans ActionEcoleDeFoot.php
05/11/2018 04:11:21 Entrée dans ActionAccueil.php
05/11/2018 04:11:26 Entrée dans ActionClub.php
05/11/2018 04:11:28 Entrée dans ActionJoueurs.php
05/11/2018 04:11:30 Entrée dans ActionEcoleDeFoot.php
05/11/2018 04:11:32 Entrée dans ActionAgenda.php
05/11/2018 04:11:35 Entrée dans ActionEvenement.php
05/11/2018 04:11:37 Entrée dans ActionSponsor.php
05/11/2018 04:59:57 Entrée dans ActionJoueurs.php
05/11/2018 05:00:34 Entrée dans ActionJoueurs.php
05/11/2018 08:04:24 Entrée dans ActionAgenda.php
05/11/2018 09:56:40 Entrée dans ActionAccueil.php
05/11/2018 09:58:04 Entrée dans ActionJoueurs.php
05/11/2018 10:50:21 Entrée dans ActionAccueil.php
05/11/2018 11:01:07 Entrée dans ActionAgenda.php
05/11/2018 18:23:42 Entrée dans ActionAccueil.php
05/11/2018 20:51:20 Entrée dans ActionEcoleDeFoot.php
05/11/2018 23:26:16 Entrée dans ActionAccueil.php
05/11/2018 23:26:26 Entrée dans ActionClub.php
05/11/2018 23:26:31 Entrée dans ActionJoueurs.php
06/11/2018 03:01:59 Entrée dans ActionSponsor.php
06/11/2018 08:20:16 Entrée dans ActionAccueil.php
06/11/2018 13:02:20 Entrée dans ActionJoueurs.php
06/11/2018 15:45:07 Entrée dans ActionEvenement.php
06/11/2018 21:53:40 Entrée dans ActionAccueil.php
07/11/2018 02:41:26 Entrée dans ActionJoueurs.php
07/11/2018 13:19:38 Entrée dans ActionAccueil.php
07/11/2018 13:20:00 Entrée dans ActionJoueurs.php
07/11/2018 13:20:14 Entrée dans ActionJoueurs.php
07/11/2018 18:56:44 Entrée dans ActionAccueil.php
07/11/2018 19:09:37 Entrée dans ActionJoueurs.php
08/11/2018 04:03:25 Entrée dans ActionClub.php
08/11/2018 05:27:34 Entrée dans ActionAgenda.php
08/11/2018 07:23:39 Entrée dans ActionAgenda.php
08/11/2018 09:54:14 Entrée dans ActionClub.php
08/11/2018 12:24:45 Entrée dans ActionAccueil.php
08/11/2018 12:25:01 Entrée dans ActionEvenement.php
08/11/2018 23:24:21 Entrée dans ActionEvenement.php
09/11/2018 01:15:41 Entrée dans ActionAccueil.php
09/11/2018 01:15:45 Entrée dans ActionJoueurs.php
09/11/2018 01:15:51 Entrée dans ActionClub.php
09/11/2018 01:21:15 Entrée dans ActionAccueil.php
09/11/2018 01:21:20 Entrée dans ActionAgenda.php
09/11/2018 01:21:28 Entrée dans ActionJoueurs.php
09/11/2018 02:10:26 Entrée dans ActionClub.php
09/11/2018 03:31:40 Entrée dans ActionAccueil.php
09/11/2018 05:02:00 Entrée dans ActionEcoleDeFoot.php
09/11/2018 09:19:58 Entrée dans ActionAgenda.php
09/11/2018 10:53:31 Entrée dans ActionAgenda.php
09/11/2018 11:03:03 Entrée dans ActionSponsor.php
09/11/2018 11:25:32 Entrée dans ActionAccueil.php
09/11/2018 13:14:58 Entrée dans ActionClub.php
09/11/2018 18:57:55 Entrée dans ActionAccueil.php
09/11/2018 21:36:39 Entrée dans ActionEvenement.php
09/11/2018 21:39:17 Entrée dans ActionAgenda.php
09/11/2018 21:39:28 Entrée dans ActionAgenda.php
09/11/2018 21:39:54 Entrée dans ActionEcoleDeFoot.php
09/11/2018 21:40:33 Entrée dans ActionAgenda.php
09/11/2018 21:40:46 Entrée dans ActionAgenda.php
09/11/2018 21:40:47 Entrée dans ActionAgenda.php
09/11/2018 21:41:20 Entrée dans ActionEcoleDeFoot.php
09/11/2018 21:41:57 Entrée dans ActionEcoleDeFoot.php
09/11/2018 21:42:19 Entrée dans ActionAgenda.php
09/11/2018 21:42:45 Entrée dans ActionClub.php
10/11/2018 05:07:42 Entrée dans ActionSponsor.php
10/11/2018 09:00:17 Entrée dans ActionJoueurs.php
10/11/2018 09:30:36 Entrée dans ActionAccueil.php
10/11/2018 10:06:26 Entrée dans ActionSponsor.php
10/11/2018 10:06:26 Entrée dans ActionJoueurs.php
10/11/2018 10:06:26 Entrée dans ActionEvenement.php
10/11/2018 10:06:28 Entrée dans ActionAccueil.php
10/11/2018 10:06:28 Entrée dans ActionClub.php
10/11/2018 10:06:30 Entrée dans ActionEcoleDeFoot.php
10/11/2018 11:34:30 Entrée dans ActionAccueil.php
10/11/2018 14:43:39 Entrée dans ActionAgenda.php
10/11/2018 14:43:47 Entrée dans ActionAgenda.php
10/11/2018 14:45:42 Entrée dans ActionEcoleDeFoot.php
10/11/2018 15:06:42 Entrée dans ActionAgenda.php
10/11/2018 15:06:53 Entrée dans ActionAgenda.php
10/11/2018 23:14:22 Entrée dans ActionAccueil.php
10/11/2018 23:14:28 Entrée dans ActionJoueurs.php
10/11/2018 23:15:20 Entrée dans ActionClub.php
10/11/2018 23:15:48 Entrée dans ActionEvenement.php
10/11/2018 23:15:59 Entrée dans ActionEcoleDeFoot.php
10/11/2018 23:16:17 Entrée dans ActionJoueurs.php
11/11/2018 00:11:31 Entrée dans ActionEvenement.php
11/11/2018 01:32:02 Entrée dans ActionEcoleDeFoot.php
11/11/2018 01:33:26 Entrée dans ActionJoueurs.php
11/11/2018 01:34:25 Entrée dans ActionClub.php
11/11/2018 01:35:31 Entrée dans ActionAgenda.php
11/11/2018 01:36:45 Entrée dans ActionAgenda.php
11/11/2018 11:51:51 Entrée dans ActionAccueil.php
11/11/2018 11:55:31 Entrée dans ActionJoueurs.php
11/11/2018 13:04:32 Entrée dans ActionAccueil.php
11/11/2018 13:04:33 Entrée dans ActionClub.php
11/11/2018 13:04:34 Entrée dans ActionJoueurs.php
11/11/2018 13:04:35 Entrée dans ActionEcoleDeFoot.php
11/11/2018 13:04:36 Entrée dans ActionAgenda.php
11/11/2018 19:15:59 Entrée dans ActionAccueil.php
11/11/2018 19:16:10 Entrée dans ActionLogin.php
11/11/2018 19:16:10 Authentification de tsutter.
11/11/2018 19:16:10 Entrée dans ActionProfil.php
11/11/2018 19:16:43 Entrée dans GestionResultats.php
11/11/2018 19:19:19 Entrée dans GestionResultats.php
11/11/2018 21:22:50 Entrée dans ActionAccueil.php
11/11/2018 21:22:56 Entrée dans ActionJoueurs.php
11/11/2018 21:24:38 Entrée dans ActionJoueurs.php
11/11/2018 21:24:42 Entrée dans ActionClub.php
11/11/2018 21:24:51 Entrée dans ActionEvenement.php
11/11/2018 21:24:53 Entrée dans ActionAgenda.php
11/11/2018 23:36:22 Entrée dans ActionJoueurs.php
11/11/2018 23:50:19 Entrée dans ActionSponsor.php
12/11/2018 08:25:03 Entrée dans ActionEcoleDeFoot.php
12/11/2018 13:16:56 Entrée dans ActionContact.php
12/11/2018 13:22:28 Entrée dans ActionClub.php
12/11/2018 15:39:17 Entrée dans ActionAccueil.php
12/11/2018 15:39:52 Entrée dans ActionJoueurs.php
12/11/2018 16:20:28 Entrée dans ActionAccueil.php
12/11/2018 18:01:15 Entrée dans ActionAccueil.php
12/11/2018 19:10:36 Entrée dans ActionClub.php
12/11/2018 19:44:22 Entrée dans ActionAgenda.php
12/11/2018 20:12:00 Entrée dans ActionEcoleDeFoot.php
12/11/2018 20:17:44 Entrée dans ActionSponsor.php
12/11/2018 20:48:41 Entrée dans ActionAccueil.php
12/11/2018 20:49:10 Entrée dans ActionClub.php
12/11/2018 20:49:22 Entrée dans ActionJoueurs.php
12/11/2018 20:49:51 Entrée dans ActionEvenement.php
12/11/2018 20:53:42 Entrée dans ActionAccueil.php
12/11/2018 20:53:43 Entrée dans ActionAccueil.php
12/11/2018 20:54:03 Entrée dans ActionAccueil.php
12/11/2018 20:54:03 Entrée dans ActionAccueil.php
12/11/2018 21:19:27 Entrée dans ActionEvenement.php
12/11/2018 21:57:52 Entrée dans ActionEcoleDeFoot.php
12/11/2018 23:23:00 Entrée dans ActionAccueil.php
13/11/2018 06:19:21 Entrée dans ActionAgenda.php
13/11/2018 06:21:58 Entrée dans ActionClub.php
13/11/2018 06:23:25 Entrée dans ActionEcoleDeFoot.php
13/11/2018 06:25:57 Entrée dans ActionEvenement.php
13/11/2018 06:27:23 Entrée dans ActionJoueurs.php
13/11/2018 06:34:02 Entrée dans ActionSponsor.php
13/11/2018 08:14:01 Entrée dans ActionContact.php
13/11/2018 21:38:03 Entrée dans ActionAccueil.php
13/11/2018 21:38:20 Entrée dans ActionJoueurs.php
13/11/2018 21:38:28 Entrée dans ActionClub.php
13/11/2018 22:23:02 Entrée dans ActionAccueil.php
13/11/2018 22:28:12 Entrée dans ActionAccueil.php
13/11/2018 22:50:28 Entrée dans ActionEvenement.php
14/11/2018 04:00:36 Entrée dans ActionAccueil.php
14/11/2018 07:19:34 Entrée dans ActionSponsor.php
14/11/2018 07:38:43 Entrée dans ActionAccueil.php
14/11/2018 07:40:40 Entrée dans ActionAccueil.php
14/11/2018 09:11:51 Entrée dans ActionAccueil.php
14/11/2018 09:59:43 Entrée dans ActionJoueurs.php
14/11/2018 10:08:31 Entrée dans ActionEvenement.php
14/11/2018 10:54:55 Entrée dans ActionEcoleDeFoot.php
14/11/2018 11:04:49 Entrée dans ActionClub.php
14/11/2018 11:54:43 Entrée dans ActionAgenda.php
14/11/2018 12:55:13 Entrée dans ActionAccueil.php
14/11/2018 12:55:25 Entrée dans ActionAgenda.php
14/11/2018 13:49:01 Entrée dans ActionSponsor.php
14/11/2018 14:20:16 Entrée dans ActionJoueurs.php
14/11/2018 14:20:27 Entrée dans ActionEcoleDeFoot.php
14/11/2018 14:21:00 Entrée dans ActionJoueurs.php
14/11/2018 18:10:11 Entrée dans ActionAccueil.php
14/11/2018 18:38:13 Entrée dans ActionAccueil.php
14/11/2018 18:45:37 Entrée dans ActionAccueil.php
14/11/2018 18:45:49 Entrée dans ActionClub.php
14/11/2018 18:46:05 Entrée dans ActionAgenda.php
14/11/2018 18:46:20 Entrée dans ActionAccueil.php
14/11/2018 18:46:33 Entrée dans ActionAccueil.php
14/11/2018 19:48:14 Entrée dans ActionJoueurs.php
14/11/2018 20:48:28 Entrée dans ActionAccueil.php
14/11/2018 20:48:58 Entrée dans ActionAccueil.php
15/11/2018 02:31:04 Entrée dans ActionAccueil.php
15/11/2018 05:42:07 Entrée dans ActionSponsor.php
15/11/2018 07:32:16 Entrée dans ActionAccueil.php
15/11/2018 08:03:03 Entrée dans ActionJoueurs.php
15/11/2018 08:21:49 Entrée dans ActionEvenement.php
15/11/2018 09:07:56 Entrée dans ActionEcoleDeFoot.php
15/11/2018 09:19:08 Entrée dans ActionClub.php
15/11/2018 09:42:44 Entrée dans ActionAgenda.php
15/11/2018 09:53:40 Entrée dans ActionClub.php
15/11/2018 10:08:19 Entrée dans ActionAgenda.php
15/11/2018 10:43:42 Entrée dans ActionEcoleDeFoot.php
15/11/2018 11:06:35 Entrée dans ActionSponsor.php
15/11/2018 11:27:46 Entrée dans ActionEvenement.php
15/11/2018 11:47:48 Entrée dans ActionJoueurs.php
15/11/2018 14:34:59 Entrée dans ActionAccueil.php
15/11/2018 14:35:28 Entrée dans ActionEcoleDeFoot.php
15/11/2018 14:35:46 Entrée dans ActionJoueurs.php
15/11/2018 14:36:06 Entrée dans ActionClub.php
15/11/2018 15:09:47 Entrée dans ActionAccueil.php
15/11/2018 15:09:58 Entrée dans ActionJoueurs.php
15/11/2018 16:59:30 Entrée dans ActionClub.php
15/11/2018 17:28:48 Entrée dans ActionAgenda.php
15/11/2018 18:09:14 Entrée dans ActionSponsor.php
15/11/2018 18:32:18 Entrée dans ActionEvenement.php
15/11/2018 18:53:59 Entrée dans ActionJoueurs.php
15/11/2018 19:42:09 Entrée dans ActionAccueil.php
15/11/2018 19:48:50 Entrée dans ActionClub.php
15/11/2018 20:54:55 Entrée dans ActionEvenement.php
16/11/2018 01:59:20 Entrée dans ActionAccueil.php
16/11/2018 02:21:58 Entrée dans ActionClub.php
16/11/2018 03:45:37 Entrée dans ActionClub.php
16/11/2018 04:15:06 Entrée dans ActionSponsor.php
16/11/2018 04:23:25 Entrée dans ActionSponsor.php
16/11/2018 04:23:39 Entrée dans ActionSponsor.php
16/11/2018 04:43:06 Entrée dans ActionEvenement.php
16/11/2018 05:56:23 Entrée dans ActionAccueil.php
16/11/2018 06:23:47 Entrée dans ActionEcoleDeFoot.php
16/11/2018 08:38:40 Entrée dans ActionAccueil.php
16/11/2018 10:32:50 Entrée dans ActionAccueil.php
16/11/2018 10:33:31 Entrée dans ActionJoueurs.php
16/11/2018 10:34:10 Entrée dans ActionClub.php
16/11/2018 10:41:49 Entrée dans ActionContact.php
16/11/2018 10:41:56 Entrée dans ActionJoueurs.php
16/11/2018 13:08:02 Entrée dans ActionJoueurs.php
16/11/2018 13:33:27 Entrée dans ActionEcoleDeFoot.php
16/11/2018 17:50:26 Entrée dans ActionAccueil.php
16/11/2018 18:02:46 Entrée dans ActionContact.php
16/11/2018 18:32:53 Entrée dans ActionJoueurs.php
16/11/2018 18:39:25 Entrée dans ActionEvenement.php
16/11/2018 18:49:12 Entrée dans ActionAccueil.php
16/11/2018 18:49:38 Entrée dans ActionJoueurs.php
16/11/2018 18:50:32 Entrée dans ActionAccueil.php
16/11/2018 18:56:57 Entrée dans ActionSponsor.php
16/11/2018 19:06:39 Entrée dans ActionAgenda.php
16/11/2018 19:12:14 Entrée dans ActionClub.php
16/11/2018 19:21:34 Entrée dans ActionAgenda.php
16/11/2018 19:26:37 Entrée dans ActionClub.php
16/11/2018 19:35:48 Entrée dans ActionEcoleDeFoot.php
16/11/2018 19:48:12 Entrée dans ActionEvenement.php
16/11/2018 19:54:15 Entrée dans ActionJoueurs.php
16/11/2018 20:01:26 Entrée dans ActionAccueil.php
16/11/2018 20:14:41 Entrée dans ActionEcoleDeFoot.php
16/11/2018 23:11:31 Entrée dans ActionEcoleDeFoot.php
17/11/2018 02:53:36 Entrée dans ActionSponsor.php
17/11/2018 05:24:28 Entrée dans ActionAgenda.php
17/11/2018 06:57:47 Entrée dans ActionAgenda.php
17/11/2018 10:16:08 Entrée dans ActionAccueil.php
17/11/2018 13:38:55 Entrée dans ActionClub.php
17/11/2018 13:38:57 Entrée dans ActionSponsor.php
17/11/2018 13:38:58 Entrée dans ActionEcoleDeFoot.php
17/11/2018 13:38:59 Entrée dans ActionJoueurs.php
17/11/2018 13:38:59 Entrée dans ActionEvenement.php
17/11/2018 14:17:48 Entrée dans ActionEvenement.php
17/11/2018 14:36:21 Entrée dans ActionClub.php
17/11/2018 15:01:21 Entrée dans ActionAccueil.php
17/11/2018 15:01:28 Entrée dans ActionClub.php
17/11/2018 17:09:11 Entrée dans ActionAccueil.php
17/11/2018 19:49:23 Entrée dans ActionSponsor.php
17/11/2018 21:33:22 Entrée dans ActionAccueil.php
17/11/2018 21:34:30 Entrée dans ActionJoueurs.php
17/11/2018 21:35:23 Entrée dans ActionEvenement.php
17/11/2018 21:35:41 Entrée dans ActionClub.php
17/11/2018 21:36:42 Entrée dans ActionJoueurs.php
17/11/2018 21:37:59 Entrée dans ActionEvenement.php
17/11/2018 21:38:12 Entrée dans ActionClub.php
17/11/2018 21:38:39 Entrée dans ActionEcoleDeFoot.php
17/11/2018 21:40:00 Entrée dans ActionJoueurs.php
17/11/2018 22:45:14 Entrée dans ActionAccueil.php
17/11/2018 22:46:11 Entrée dans ActionClub.php
17/11/2018 22:46:48 Entrée dans ActionClub.php
17/11/2018 22:46:50 Entrée dans ActionAccueil.php
17/11/2018 22:47:54 Entrée dans ActionSponsor.php
17/11/2018 22:47:56 Entrée dans ActionEvenement.php
17/11/2018 22:48:00 Entrée dans ActionAgenda.php
17/11/2018 23:17:23 Entrée dans ActionAccueil.php
17/11/2018 23:18:03 Entrée dans ActionAccueil.php
17/11/2018 23:18:17 Entrée dans ActionEcoleDeFoot.php
17/11/2018 23:18:31 Entrée dans ActionAgenda.php
18/11/2018 01:37:42 Entrée dans ActionAccueil.php
18/11/2018 01:46:54 Entrée dans ActionSponsor.php
18/11/2018 02:01:48 Entrée dans ActionAgenda.php
18/11/2018 02:13:41 Entrée dans ActionSponsor.php
18/11/2018 02:25:23 Entrée dans ActionClub.php
18/11/2018 02:36:54 Entrée dans ActionJoueurs.php
18/11/2018 02:54:44 Entrée dans ActionEcoleDeFoot.php
18/11/2018 03:05:27 Entrée dans ActionEvenement.php
18/11/2018 03:08:10 Entrée dans ActionAgenda.php
18/11/2018 03:13:47 Entrée dans ActionJoueurs.php
18/11/2018 03:22:43 Entrée dans ActionEvenement.php
18/11/2018 03:30:11 Entrée dans ActionEcoleDeFoot.php
18/11/2018 03:39:36 Entrée dans ActionAccueil.php
18/11/2018 03:46:41 Entrée dans ActionClub.php
18/11/2018 03:55:58 Entrée dans ActionAgenda.php
18/11/2018 04:03:21 Entrée dans ActionEcoleDeFoot.php
18/11/2018 04:12:40 Entrée dans ActionAccueil.php
18/11/2018 04:37:46 Entrée dans ActionClub.php
18/11/2018 04:51:34 Entrée dans ActionAgenda.php
18/11/2018 05:07:36 Entrée dans ActionSponsor.php
18/11/2018 05:24:39 Entrée dans ActionEvenement.php
18/11/2018 05:41:23 Entrée dans ActionJoueurs.php
18/11/2018 11:15:59 Entrée dans ActionAccueil.php
18/11/2018 11:16:25 Entrée dans ActionJoueurs.php
18/11/2018 12:25:39 Entrée dans ActionAccueil.php
18/11/2018 12:26:31 Entrée dans ActionEvenement.php
18/11/2018 12:55:59 Entrée dans ActionAccueil.php
18/11/2018 12:57:28 Entrée dans ActionLogin.php
18/11/2018 13:54:02 Entrée dans ActionAccueil.php
18/11/2018 13:54:20 Entrée dans ActionAgenda.php
18/11/2018 13:54:36 Entrée dans ActionAgenda.php
18/11/2018 13:54:50 Entrée dans ActionAgenda.php
18/11/2018 14:24:06 Entrée dans ActionAccueil.php
18/11/2018 14:24:44 Entrée dans ActionEcoleDeFoot.php
18/11/2018 14:25:55 Entrée dans ActionAgenda.php
18/11/2018 14:26:13 Entrée dans ActionAgenda.php
18/11/2018 14:29:32 Entrée dans ActionAccueil.php
18/11/2018 14:29:59 Entrée dans ActionEcoleDeFoot.php
18/11/2018 14:31:04 Entrée dans ActionClub.php
18/11/2018 14:31:07 Entrée dans ActionJoueurs.php
18/11/2018 14:31:27 Entrée dans ActionJoueurs.php
18/11/2018 14:31:31 Entrée dans ActionEcoleDeFoot.php
18/11/2018 14:31:32 Entrée dans ActionEvenement.php
18/11/2018 14:31:46 Entrée dans ActionSponsor.php
18/11/2018 14:31:48 Entrée dans ActionEvenement.php
18/11/2018 14:31:50 Entrée dans ActionAgenda.php
18/11/2018 14:47:01 Entrée dans ActionEvenement.php
18/11/2018 15:00:34 Entrée dans ActionEcoleDeFoot.php
18/11/2018 15:22:50 Entrée dans ActionJoueurs.php
18/11/2018 15:41:06 Entrée dans ActionClub.php
18/11/2018 15:54:23 Entrée dans ActionSponsor.php
18/11/2018 16:15:52 Entrée dans ActionAgenda.php
18/11/2018 16:41:17 Entrée dans ActionAccueil.php
18/11/2018 17:06:46 Entrée dans ActionEcoleDeFoot.php
18/11/2018 18:15:46 Entrée dans ActionAccueil.php
18/11/2018 19:42:39 Entrée dans ActionClub.php
18/11/2018 20:46:23 Entrée dans ActionAccueil.php
18/11/2018 20:52:47 Entrée dans ActionAgenda.php
18/11/2018 21:01:47 Entrée dans ActionClub.php
18/11/2018 21:03:30 Entrée dans ActionSponsor.php
18/11/2018 22:03:37 Entrée dans ActionAccueil.php
19/11/2018 00:39:18 Entrée dans ActionClub.php
19/11/2018 01:06:34 Entrée dans ActionJoueurs.php
19/11/2018 01:18:28 Entrée dans ActionAccueil.php
19/11/2018 04:05:08 Entrée dans ActionEvenement.php
19/11/2018 04:11:13 Entrée dans ActionSponsor.php
19/11/2018 04:15:23 Entrée dans ActionAgenda.php
19/11/2018 04:17:56 Entrée dans ActionJoueurs.php
19/11/2018 04:23:26 Entrée dans ActionAgenda.php
19/11/2018 04:30:55 Entrée dans ActionAccueil.php
19/11/2018 04:43:33 Entrée dans ActionClub.php
19/11/2018 04:47:56 Entrée dans ActionSponsor.php
19/11/2018 04:55:59 Entrée dans ActionAgenda.php
19/11/2018 05:08:34 Entrée dans ActionClub.php
19/11/2018 05:20:59 Entrée dans ActionEcoleDeFoot.php
19/11/2018 05:33:20 Entrée dans ActionAccueil.php
19/11/2018 05:45:38 Entrée dans ActionEvenement.php
19/11/2018 05:57:36 Entrée dans ActionJoueurs.php
19/11/2018 06:09:54 Entrée dans ActionEcoleDeFoot.php
19/11/2018 06:34:30 Entrée dans ActionSponsor.php
19/11/2018 06:40:33 Entrée dans ActionAccueil.php
19/11/2018 06:40:47 Entrée dans ActionEcoleDeFoot.php
19/11/2018 09:38:28 Entrée dans ActionAccueil.php
19/11/2018 09:38:32 Entrée dans ActionClub.php
19/11/2018 09:38:34 Entrée dans ActionJoueurs.php
19/11/2018 09:38:36 Entrée dans ActionEcoleDeFoot.php
19/11/2018 09:38:38 Entrée dans ActionAgenda.php
19/11/2018 09:38:41 Entrée dans ActionEvenement.php
19/11/2018 09:38:43 Entrée dans ActionSponsor.php
19/11/2018 14:28:30 Entrée dans ActionEcoleDeFoot.php
19/11/2018 17:51:30 Entrée dans ActionAccueil.php
19/11/2018 20:52:52 Entrée dans ActionSponsor.php
19/11/2018 21:11:47 Entrée dans ActionEcoleDeFoot.php
19/11/2018 22:19:40 Entrée dans ActionAccueil.php
19/11/2018 22:20:35 Entrée dans ActionEcoleDeFoot.php
19/11/2018 22:20:59 Entrée dans ActionEvenement.php
19/11/2018 22:21:30 Entrée dans ActionClub.php
19/11/2018 23:21:22 Entrée dans ActionAccueil.php
19/11/2018 23:34:00 Entrée dans ActionAgenda.php
19/11/2018 23:40:34 Entrée dans ActionSponsor.php
19/11/2018 23:49:01 Entrée dans ActionClub.php
19/11/2018 23:55:03 Entrée dans ActionJoueurs.php
20/11/2018 02:37:23 Entrée dans ActionEvenement.php
20/11/2018 02:50:41 Entrée dans ActionJoueurs.php
20/11/2018 03:02:58 Entrée dans ActionAgenda.php
20/11/2018 03:08:13 Entrée dans ActionSponsor.php
20/11/2018 03:16:22 Entrée dans ActionClub.php
20/11/2018 03:26:52 Entrée dans ActionEvenement.php
20/11/2018 03:59:01 Entrée dans ActionAgenda.php
20/11/2018 04:08:57 Entrée dans ActionAccueil.php
20/11/2018 04:17:16 Entrée dans ActionClub.php
20/11/2018 04:27:56 Entrée dans ActionAccueil.php
20/11/2018 04:35:11 Entrée dans ActionEcoleDeFoot.php
20/11/2018 05:00:01 Entrée dans ActionJoueurs.php
20/11/2018 05:05:36 Entrée dans ActionEvenement.php
20/11/2018 05:13:35 Entrée dans ActionEcoleDeFoot.php
20/11/2018 08:08:43 Entrée dans ActionSponsor.php
20/11/2018 11:51:49 Entrée dans ActionJoueurs.php
20/11/2018 12:57:29 Entrée dans ActionEcoleDeFoot.php
20/11/2018 13:52:43 Entrée dans ActionAccueil.php
20/11/2018 17:02:29 Entrée dans ActionAccueil.php
20/11/2018 17:02:37 Entrée dans ActionClub.php
20/11/2018 23:33:21 Entrée dans ActionAccueil.php
20/11/2018 23:33:58 Entrée dans ActionEvenement.php
20/11/2018 23:34:24 Entrée dans ActionEcoleDeFoot.php
20/11/2018 23:34:48 Entrée dans ActionJoueurs.php
20/11/2018 23:34:51 Entrée dans ActionAccueil.php
20/11/2018 23:35:00 Entrée dans ActionAgenda.php
20/11/2018 23:41:16 Entrée dans ActionAccueil.php
20/11/2018 23:44:22 Entrée dans ActionEcoleDeFoot.php
20/11/2018 23:45:00 Entrée dans ActionEvenement.php
20/11/2018 23:45:15 Entrée dans ActionClub.php
21/11/2018 00:07:00 Entrée dans ActionAccueil.php
21/11/2018 03:13:52 Entrée dans ActionEcoleDeFoot.php
21/11/2018 03:46:53 Entrée dans ActionClub.php
21/11/2018 03:48:10 Entrée dans ActionClub.php
21/11/2018 03:52:59 Entrée dans ActionEcoleDeFoot.php
21/11/2018 04:01:32 Entrée dans ActionAgenda.php
21/11/2018 04:07:31 Entrée dans ActionAccueil.php
21/11/2018 04:17:05 Entrée dans ActionEvenement.php
21/11/2018 04:22:42 Entrée dans ActionClub.php
21/11/2018 04:33:22 Entrée dans ActionJoueurs.php
21/11/2018 04:44:55 Entrée dans ActionClub.php
21/11/2018 04:49:21 Entrée dans ActionEcoleDeFoot.php
21/11/2018 05:08:43 Entrée dans ActionEvenement.php
21/11/2018 05:22:07 Entrée dans ActionAccueil.php
21/11/2018 05:25:22 Entrée dans ActionAgenda.php
21/11/2018 05:31:41 Entrée dans ActionSponsor.php
21/11/2018 05:42:47 Entrée dans ActionSponsor.php
21/11/2018 05:48:49 Entrée dans ActionAgenda.php
21/11/2018 05:55:08 Entrée dans ActionJoueurs.php
21/11/2018 06:00:39 Entrée dans ActionEvenement.php
21/11/2018 06:05:50 Entrée dans ActionAccueil.php
21/11/2018 06:06:30 Entrée dans ActionJoueurs.php
21/11/2018 06:07:27 Entrée dans ActionJoueurs.php
21/11/2018 06:18:27 Entrée dans ActionEvenement.php
21/11/2018 06:31:15 Entrée dans ActionClub.php
21/11/2018 06:36:33 Entrée dans ActionSponsor.php
21/11/2018 06:44:21 Entrée dans ActionAgenda.php
21/11/2018 06:56:43 Entrée dans ActionAccueil.php
21/11/2018 07:49:40 Entrée dans ActionSponsor.php
21/11/2018 13:35:34 Entrée dans ActionEcoleDeFoot.php
21/11/2018 15:18:29 Entrée dans ActionAccueil.php
21/11/2018 15:18:57 Entrée dans ActionClub.php
21/11/2018 15:20:38 Entrée dans ActionEvenement.php
21/11/2018 15:20:44 Entrée dans ActionAgenda.php
21/11/2018 15:21:32 Entrée dans ActionAgenda.php
21/11/2018 15:21:38 Entrée dans ActionEcoleDeFoot.php
21/11/2018 15:21:53 Entrée dans ActionJoueurs.php
21/11/2018 15:23:01 Entrée dans ActionClub.php
21/11/2018 19:08:39 Entrée dans ActionClub.php
21/11/2018 23:17:33 Entrée dans ActionSponsor.php
22/11/2018 02:22:14 Entrée dans ActionAccueil.php
22/11/2018 03:12:44 Entrée dans ActionAccueil.php
22/11/2018 03:18:37 Entrée dans ActionEcoleDeFoot.php
22/11/2018 03:24:58 Entrée dans ActionClub.php
22/11/2018 03:43:29 Entrée dans ActionClub.php
22/11/2018 03:54:46 Entrée dans ActionEvenement.php
22/11/2018 04:00:14 Entrée dans ActionAgenda.php
22/11/2018 04:07:25 Entrée dans ActionJoueurs.php
22/11/2018 04:19:22 Entrée dans ActionEcoleDeFoot.php
22/11/2018 04:31:40 Entrée dans ActionEvenement.php
22/11/2018 04:43:26 Entrée dans ActionEvenement.php
22/11/2018 04:56:08 Entrée dans ActionJoueurs.php
22/11/2018 05:08:13 Entrée dans ActionSponsor.php
22/11/2018 05:33:07 Entrée dans ActionAccueil.php
22/11/2018 05:39:48 Entrée dans ActionAccueil.php
22/11/2018 05:53:17 Entrée dans ActionAgenda.php
22/11/2018 06:34:45 Entrée dans ActionAgenda.php
22/11/2018 06:47:16 Entrée dans ActionJoueurs.php
22/11/2018 07:18:53 Entrée dans ActionClub.php
22/11/2018 07:27:54 Entrée dans ActionSponsor.php
22/11/2018 09:06:55 Entrée dans ActionSponsor.php
22/11/2018 11:09:46 Entrée dans ActionAccueil.php
22/11/2018 13:16:19 Entrée dans ActionJoueurs.php
22/11/2018 13:35:12 Entrée dans ActionAccueil.php
22/11/2018 13:36:51 Entrée dans ActionClub.php
22/11/2018 13:38:35 Entrée dans ActionEcoleDeFoot.php
22/11/2018 13:40:30 Entrée dans ActionAgenda.php
22/11/2018 13:40:46 Entrée dans ActionAgenda.php
22/11/2018 13:40:58 Entrée dans ActionAgenda.php
22/11/2018 13:41:07 Entrée dans ActionEvenement.php
22/11/2018 13:41:36 Entrée dans ActionSponsor.php
22/11/2018 13:42:03 Entrée dans ActionClub.php
22/11/2018 13:42:11 Entrée dans ActionEcoleDeFoot.php
22/11/2018 13:42:20 Entrée dans ActionEcoleDeFoot.php
22/11/2018 14:39:39 Entrée dans ActionJoueurs.php
23/11/2018 06:29:21 Entrée dans ActionEcoleDeFoot.php
23/11/2018 07:19:12 Entrée dans ActionClub.php
23/11/2018 07:35:03 Entrée dans ActionSponsor.php
23/11/2018 09:17:43 Entrée dans ActionAccueil.php
23/11/2018 09:40:20 Entrée dans ActionJoueurs.php
23/11/2018 12:56:46 Entrée dans ActionContact.php
23/11/2018 12:56:46 Entrée dans ActionContact.php
23/11/2018 14:56:31 Entrée dans ActionEvenement.php
23/11/2018 20:04:33 Entrée dans ActionAccueil.php
24/11/2018 04:18:32 Entrée dans ActionEvenement.php
24/11/2018 08:21:03 Entrée dans ActionAccueil.php
24/11/2018 11:22:51 Entrée dans ActionClub.php
24/11/2018 12:22:04 Entrée dans ActionAgenda.php
24/11/2018 17:56:36 Entrée dans ActionEcoleDeFoot.php
24/11/2018 18:28:40 Entrée dans ActionAccueil.php
24/11/2018 18:29:09 Entrée dans ActionSponsor.php
24/11/2018 18:29:25 Entrée dans ActionJoueurs.php
24/11/2018 18:29:28 Entrée dans ActionAgenda.php
24/11/2018 18:29:35 Entrée dans ActionAgenda.php
24/11/2018 19:45:31 Entrée dans ActionSponsor.php
25/11/2018 04:29:14 Entrée dans ActionAgenda.php
25/11/2018 07:52:30 Entrée dans ActionSponsor.php
25/11/2018 14:16:55 Entrée dans ActionAgenda.php
25/11/2018 15:35:19 Entrée dans ActionAccueil.php
25/11/2018 15:40:18 Entrée dans ActionEcoleDeFoot.php
25/11/2018 15:42:42 Entrée dans ActionAccueil.php
25/11/2018 15:42:55 Entrée dans ActionEcoleDeFoot.php
25/11/2018 15:44:48 Entrée dans ActionAccueil.php
25/11/2018 15:44:53 Entrée dans ActionEcoleDeFoot.php
25/11/2018 15:55:25 Entrée dans ActionAccueil.php
25/11/2018 17:09:30 Entrée dans ActionEvenement.php
25/11/2018 17:22:01 Entrée dans ActionClub.php
25/11/2018 21:01:12 Entrée dans ActionClub.php
25/11/2018 23:47:50 Entrée dans ActionAccueil.php
26/11/2018 03:43:31 Entrée dans ActionAgenda.php
26/11/2018 06:19:35 Entrée dans ActionAccueil.php
26/11/2018 08:37:22 Entrée dans ActionAgenda.php
26/11/2018 10:04:42 Entrée dans ActionSponsor.php
26/11/2018 11:33:28 Entrée dans ActionClub.php
26/11/2018 15:20:25 Entrée dans ActionAccueil.php
26/11/2018 18:42:45 Entrée dans ActionAccueil.php
26/11/2018 20:41:17 Entrée dans ActionJoueurs.php
26/11/2018 21:35:19 Entrée dans ActionAccueil.php
26/11/2018 21:39:24 Entrée dans ActionAccueil.php
26/11/2018 22:06:41 Entrée dans ActionContact.php
26/11/2018 22:14:09 Entrée dans ActionContact.php
26/11/2018 22:15:45 Entrée dans ActionContact.php
27/11/2018 03:36:10 Entrée dans ActionAccueil.php
27/11/2018 14:31:55 Entrée dans ActionClub.php
27/11/2018 15:18:36 Entrée dans ActionEcoleDeFoot.php
27/11/2018 18:33:49 Entrée dans ActionSponsor.php
28/11/2018 05:02:40 Entrée dans ActionAgenda.php
28/11/2018 05:02:43 Entrée dans ActionClub.php
28/11/2018 05:02:46 Entrée dans ActionEcoleDeFoot.php
28/11/2018 05:02:50 Entrée dans ActionEvenement.php
28/11/2018 05:02:53 Entrée dans ActionJoueurs.php
28/11/2018 05:02:56 Entrée dans ActionSponsor.php
28/11/2018 13:56:34 Entrée dans ActionEcoleDeFoot.php
28/11/2018 15:56:17 Entrée dans ActionAccueil.php
28/11/2018 15:56:18 Entrée dans ActionAccueil.php
28/11/2018 15:56:18 Entrée dans ActionAccueil.php
28/11/2018 18:30:26 Entrée dans ActionAccueil.php
28/11/2018 18:30:34 Entrée dans ActionJoueurs.php
28/11/2018 18:30:50 Entrée dans ActionAgenda.php
29/11/2018 03:29:38 Entrée dans ActionEcoleDeFoot.php
29/11/2018 03:37:27 Entrée dans ActionAccueil.php
29/11/2018 03:38:02 Entrée dans ActionClub.php
29/11/2018 03:38:15 Entrée dans ActionAgenda.php
29/11/2018 03:38:28 Entrée dans ActionJoueurs.php
29/11/2018 03:38:41 Entrée dans ActionSponsor.php
29/11/2018 03:38:53 Entrée dans ActionEvenement.php
29/11/2018 03:39:04 Entrée dans ActionEcoleDeFoot.php
29/11/2018 05:15:31 Entrée dans ActionSponsor.php
29/11/2018 05:21:04 Entrée dans ActionEcoleDeFoot.php
29/11/2018 06:32:57 Entrée dans ActionAccueil.php
29/11/2018 10:47:37 Entrée dans ActionAccueil.php
29/11/2018 12:49:11 Entrée dans ActionClub.php
29/11/2018 13:16:15 Entrée dans ActionJoueurs.php
29/11/2018 18:25:07 Entrée dans ActionAccueil.php
29/11/2018 18:25:14 Entrée dans ActionEcoleDeFoot.php
29/11/2018 18:27:36 Entrée dans ActionAccueil.php
29/11/2018 18:27:40 Entrée dans ActionEcoleDeFoot.php
29/11/2018 19:24:59 Entrée dans ActionAccueil.php
29/11/2018 19:25:32 Entrée dans ActionAgenda.php
29/11/2018 19:25:45 Entrée dans ActionAgenda.php
29/11/2018 19:25:52 Entrée dans ActionAgenda.php
29/11/2018 19:26:14 Entrée dans ActionAgenda.php
29/11/2018 19:47:17 Entrée dans ActionAccueil.php
29/11/2018 19:57:54 Entrée dans ActionAccueil.php
29/11/2018 19:58:04 Entrée dans ActionJoueurs.php
29/11/2018 19:58:35 Entrée dans ActionAccueil.php
30/11/2018 03:22:57 Entrée dans ActionAccueil.php
30/11/2018 03:32:41 Entrée dans ActionSponsor.php
30/11/2018 12:15:26 Entrée dans ActionAccueil.php
30/11/2018 14:16:52 Entrée dans ActionEvenement.php
30/11/2018 18:41:23 Entrée dans ActionAgenda.php
30/11/2018 18:41:49 Entrée dans ActionAgenda.php
30/11/2018 18:42:00 Entrée dans ActionAgenda.php
30/11/2018 18:42:20 Entrée dans ActionAccueil.php
30/11/2018 19:06:29 Entrée dans ActionContact.php
30/11/2018 20:07:41 Entrée dans ActionAccueil.php
30/11/2018 23:09:04 Entrée dans ActionAccueil.php
30/11/2018 23:09:25 Entrée dans ActionEcoleDeFoot.php
30/11/2018 23:11:06 Entrée dans ActionClub.php
30/11/2018 23:11:25 Entrée dans ActionAccueil.php
30/11/2018 23:12:41 Entrée dans ActionSponsor.php
