07/12/2014 17:48:57 Entrée dans ChercherAgenda.php
07/12/2014 17:49:14 Entrée dans ChercherAgenda.php
07/12/2014 17:52:29 Entrée dans ChercherAgenda.php
11/12/2014 18:41:01 Entrée dans ActionAccueil.php
11/12/2014 18:41:09 Entrée dans ActionClub.php
11/12/2014 18:41:19 Entrée dans Login.php
11/12/2014 18:41:19 Authentification de test.
11/12/2014 18:41:19 Entrée dans ActionAccueil.php
11/12/2014 18:44:30 Entrée dans ActionAccueil.php
11/12/2014 18:55:19 Entrée dans ActionJoueurs.php
11/12/2014 18:55:22 Entrée dans ActionJoueurs.php
11/12/2014 18:55:38 Entrée dans ActionJoueurs.php
11/12/2014 18:59:28 Entrée dans ActionJoueurs.php
11/12/2014 19:00:29 Entrée dans ActionJoueurs.php
11/12/2014 19:00:31 Entrée dans ActionJoueurs.php
11/12/2014 19:04:40 Entrée dans ActionJoueurs.php
11/12/2014 19:04:43 Entrée dans ActionJoueurs.php
11/12/2014 19:04:56 Entrée dans ActionAccueil.php
11/12/2014 19:04:58 Entrée dans ActionJoueurs.php
11/12/2014 19:05:23 Entrée dans ActionJoueurs.php
11/12/2014 19:06:00 Entrée dans ActionJoueurs.php
11/12/2014 19:08:03 Entrée dans ChercherAgenda.php
11/12/2014 19:24:43 Entrée dans ActionClub.php
11/12/2014 19:24:47 Entrée dans ActionAgenda.php
11/12/2014 19:24:53 Entrée dans ActionAgenda.php
11/12/2014 19:25:27 Entrée dans ActionAgenda.php
11/12/2014 19:25:40 Entrée dans ActionAgenda.php
11/12/2014 19:25:53 Entrée dans ActionAgenda.php
11/12/2014 19:26:08 Entrée dans ActionAgenda.php
11/12/2014 19:27:17 Entrée dans ChercherAgenda.php
11/12/2014 19:59:49 Entrée dans ActionAgenda.php
11/12/2014 20:01:21 Entrée dans ActionAccueil.php
11/12/2014 20:01:22 Entrée dans ActionAgenda.php
11/12/2014 20:01:25 Entrée dans ActionAgenda.php
11/12/2014 20:01:28 Entrée dans ActionAgenda.php
11/12/2014 20:01:30 Entrée dans ActionAgenda.php
11/12/2014 20:01:35 Entrée dans ActionAgenda.php
11/12/2014 20:02:03 Entrée dans ActionAgenda.php
11/12/2014 20:03:52 Entrée dans ActionAgenda.php
11/12/2014 20:03:54 Entrée dans ActionAgenda.php
11/12/2014 20:03:56 Entrée dans ActionAgenda.php
11/12/2014 20:03:58 Entrée dans ActionAgenda.php
11/12/2014 20:04:45 Entrée dans ActionAgenda.php
11/12/2014 20:04:47 Entrée dans ActionAgenda.php
11/12/2014 20:04:48 Entrée dans ActionAgenda.php
11/12/2014 20:04:50 Entrée dans ActionAgenda.php
11/12/2014 20:05:17 Entrée dans ActionAgenda.php
11/12/2014 20:05:19 Entrée dans ActionAgenda.php
11/12/2014 20:05:43 Entrée dans ActionAgenda.php
11/12/2014 20:05:45 Entrée dans ActionAgenda.php
11/12/2014 20:05:48 Entrée dans ActionAgenda.php
11/12/2014 20:05:50 Entrée dans ActionAgenda.php
11/12/2014 20:05:57 Entrée dans ActionAgenda.php
11/12/2014 20:05:59 Entrée dans ActionAgenda.php
11/12/2014 20:07:22 Entrée dans ActionAgenda.php
11/12/2014 20:07:24 Entrée dans ActionAgenda.php
11/12/2014 20:07:26 Entrée dans ActionAgenda.php
11/12/2014 20:08:58 Entrée dans ActionJoueurs.php
11/12/2014 20:35:39 Entrée dans ActionJoueurs.php
18/12/2014 21:22:11 Entrée dans ActionAccueil.php
18/12/2014 21:22:21 Entrée dans Login.php
18/12/2014 21:22:21 Authentification de test.
18/12/2014 21:22:21 Entrée dans ActionProfil.php
18/12/2014 21:22:26 Entrée dans ActionUtilisateur.php
18/12/2014 21:22:29 Entrée dans ActionUtilisateur.php
18/12/2014 21:22:30 Entrée dans ActionUtilisateur.php
18/12/2014 21:22:36 Entrée dans RechercherEquipe.php
18/12/2014 21:22:41 Entrée dans ActionUtilisateur.php
18/12/2014 21:22:46 Entrée dans ActionUtilisateur.php
18/12/2014 21:22:47 Entrée dans ActionEquipe.php
18/12/2014 21:22:52 Entrée dans ActionMembre.php
18/12/2014 21:23:00 Entrée dans ActionMembre.php
18/12/2014 21:23:05 Entrée dans GestionResultats.php
18/12/2014 21:23:06 Entrée dans ActionArticle.php
18/12/2014 21:23:11 Entrée dans ActionProfil.php
18/12/2014 21:23:54 Entrée dans ActionProfil.php
18/12/2014 21:24:39 Entrée dans ActionProfil.php
18/12/2014 21:24:40 Entrée dans ActionProfil.php
18/12/2014 21:25:05 Entrée dans ActionUtilisateur.php
18/12/2014 21:25:15 Entrée dans ActionProfil.php
18/12/2014 21:27:58 Entrée dans ActionUtilisateur.php
18/12/2014 21:30:22 Entrée dans ActionProfil.php
18/12/2014 21:30:53 Entrée dans ActionProfil.php
18/12/2014 21:31:12 Entrée dans ActionAccueil.php
18/12/2014 21:31:12 Entrée dans ActionAccueil.php
18/12/2014 21:31:21 Entrée dans Login.php
18/12/2014 21:31:21 Authentification de tsutter.
18/12/2014 21:31:21 Entrée dans ActionProfil.php
18/12/2014 21:43:45 Entrée dans ActionUtilisateur.php
18/12/2014 21:44:15 Entrée dans ActionProfil.php
18/12/2014 21:44:28 Entrée dans ActionUtilisateur.php
18/12/2014 21:46:56 Entrée dans ActionProfil.php
18/12/2014 21:47:04 Entrée dans ActionAccueil.php
18/12/2014 21:47:04 Entrée dans ActionAccueil.php
18/12/2014 21:47:13 Entrée dans Login.php
18/12/2014 21:47:13 Authentification de tsutter.
18/12/2014 21:47:13 Entrée dans ActionProfil.php
18/12/2014 21:51:25 Entrée dans ActionProfil.php
18/12/2014 21:54:06 Entrée dans ActionUtilisateur.php
18/12/2014 21:54:08 Entrée dans RechercherEquipe.php
18/12/2014 21:54:18 Entrée dans ActionMembre.php
18/12/2014 21:54:29 Entrée dans ActionUtilisateur.php
18/12/2014 21:55:00 Entrée dans ActionUtilisateur.php
18/12/2014 21:55:04 Entrée dans ActionAccueil.php
18/12/2014 21:55:05 Entrée dans ActionAccueil.php
18/12/2014 21:55:14 Entrée dans Login.php
18/12/2014 21:55:14 Authentification de lsutter.
18/12/2014 21:55:14 Entrée dans ActionProfil.php
18/12/2014 21:59:12 Entrée dans ActionProfil.php
18/12/2014 21:59:53 Entrée dans GestionResultats.php
18/12/2014 21:59:54 Entrée dans ActionProfil.php
18/12/2014 22:00:08 Entrée dans ActionAccueil.php
18/12/2014 22:00:10 Entrée dans ActionProfil.php
18/12/2014 22:00:17 Entrée dans ActionProfil.php
18/12/2014 22:01:18 Entrée dans ActionProfil.php
18/12/2014 22:04:58 Entrée dans ActionMembre.php
18/12/2014 22:12:44 Entrée dans ActionMembre.php
18/12/2014 22:26:41 Entrée dans ActionMembre.php
18/12/2014 22:26:45 Entrée dans ActionMembre.php
18/12/2014 22:27:17 Entrée dans ActionMembre.php
18/12/2014 22:28:18 Entrée dans ActionMembre.php
23/12/2014 21:27:32 Entrée dans ActionAccueil.php
23/12/2014 21:27:38 Entrée dans ActionJoueurs.php
23/12/2014 21:28:01 Entrée dans ActionLogin.php
23/12/2014 21:33:20 Entrée dans ActionLogin.php
23/12/2014 21:33:20 Authentification de tsutter.
23/12/2014 21:33:20 Entrée dans ActionProfil.php
23/12/2014 21:33:23 Entrée dans ActionPartenaire.php
23/12/2014 21:37:20 Entrée dans ActionPartenaire.php
23/12/2014 21:52:02 Entrée dans ActionPartenaire.php
23/12/2014 22:02:00 Entrée dans ActionPartenaire.php
23/12/2014 22:02:02 Entrée dans RechercherPartenaire.php
23/12/2014 22:02:23 Entrée dans RechercherPartenaire.php
23/12/2014 22:03:16 Entrée dans RechercherPartenaire.php
23/12/2014 22:04:05 Entrée dans RechercherPartenaire.php
23/12/2014 22:04:18 Entrée dans ActionPartenaire.php
23/12/2014 22:04:22 Entrée dans RechercherPartenaire.php
23/12/2014 22:05:08 Entrée dans RechercherPartenaire.php
23/12/2014 22:05:36 Entrée dans RechercherPartenaire.php
23/12/2014 22:05:57 Entrée dans RechercherPartenaire.php
23/12/2014 22:10:41 Entrée dans ActionPartenaire.php
23/12/2014 22:10:44 Entrée dans RechercherPartenaire.php
23/12/2014 22:11:12 Entrée dans ActionArticle.php
23/12/2014 22:11:33 Entrée dans ActionPartenaire.php
23/12/2014 22:11:40 Entrée dans RechercherPartenaire.php
23/12/2014 22:14:22 Entrée dans ActionPartenaire.php
23/12/2014 22:14:24 Entrée dans RechercherPartenaire.php
23/12/2014 22:14:28 Entrée dans ActionArticle.php
23/12/2014 22:15:01 Entrée dans ActionPartenaire.php
23/12/2014 22:15:04 Entrée dans RechercherPartenaire.php
23/12/2014 22:15:33 Entrée dans ActionPartenaire.php
23/12/2014 22:15:46 Entrée dans RechercherPartenaire.php
23/12/2014 22:15:55 Entrée dans ActionPartenaire.php
23/12/2014 22:15:58 Entrée dans RechercherPartenaire.php
23/12/2014 22:16:01 Entrée dans ActionPartenaire.php
23/12/2014 22:33:00 Entrée dans ActionPartenaire.php
23/12/2014 22:33:12 Entrée dans ActionPartenaire.php
23/12/2014 22:34:35 Entrée dans ActionPartenaire.php
23/12/2014 22:34:37 Entrée dans ActionAccueil.php
23/12/2014 22:34:39 Entrée dans ActionSponsor.php
23/12/2014 22:35:34 Entrée dans ActionProfil.php
23/12/2014 22:35:37 Entrée dans ActionPartenaire.php
23/12/2014 22:35:40 Entrée dans RechercherPartenaire.php
23/12/2014 22:36:17 Entrée dans ActionPartenaire.php
23/12/2014 22:36:20 Entrée dans ActionPartenaire.php
23/12/2014 22:36:22 Entrée dans ActionAccueil.php
