01/06/2017 02:58:22 Entrée dans ActionJoueurs.php
01/06/2017 06:31:28 Entrée dans ActionAccueil.php
01/06/2017 14:20:53 Entrée dans ActionAccueil.php
01/06/2017 14:21:15 Entrée dans ActionJoueurs.php
01/06/2017 14:21:46 Entrée dans ActionSponsor.php
01/06/2017 14:21:49 Entrée dans ActionEvenement.php
01/06/2017 14:21:54 Entrée dans ActionClub.php
01/06/2017 14:22:39 Entrée dans ActionEcoleDeFoot.php
01/06/2017 15:03:51 Entrée dans ActionEcoleDeFoot.php
01/06/2017 17:49:02 Entrée dans ActionEvenement.php
01/06/2017 20:43:04 Entrée dans ActionClub.php
02/06/2017 03:49:54 Entrée dans ActionAccueil.php
02/06/2017 06:02:40 Entrée dans ActionAccueil.php
02/06/2017 06:02:53 Entrée dans ActionAccueil.php
02/06/2017 06:02:59 Entrée dans ActionEcoleDeFoot.php
02/06/2017 06:03:05 Entrée dans ActionEcoleDeFoot.php
02/06/2017 06:03:10 Entrée dans ActionEcoleDeFoot.php
02/06/2017 08:14:38 Entrée dans ActionJoueurs.php
02/06/2017 08:59:17 Entrée dans ActionAccueil.php
02/06/2017 08:59:35 Entrée dans AfficherPopupArticle.php
02/06/2017 12:26:42 Entrée dans ActionJoueurs.php
02/06/2017 13:22:22 Entrée dans ActionAgenda.php
02/06/2017 13:22:40 Entrée dans ActionClub.php
02/06/2017 13:51:26 Entrée dans ActionJoueurs.php
02/06/2017 14:09:55 Entrée dans ActionAccueil.php
02/06/2017 14:10:07 Entrée dans ActionJoueurs.php
02/06/2017 14:22:21 Entrée dans ActionEcoleDeFoot.php
02/06/2017 15:52:41 Entrée dans ActionAccueil.php
02/06/2017 18:33:45 Entrée dans ActionAccueil.php
02/06/2017 18:33:52 Entrée dans ActionEcoleDeFoot.php
02/06/2017 18:33:56 Entrée dans ActionEcoleDeFoot.php
02/06/2017 19:23:31 Entrée dans ActionEvenement.php
02/06/2017 19:50:05 Entrée dans ActionSponsor.php
02/06/2017 19:51:39 Entrée dans ActionAccueil.php
02/06/2017 21:12:52 Entrée dans ActionEcoleDeFoot.php
03/06/2017 03:26:11 Entrée dans ActionEcoleDeFoot.php
03/06/2017 03:26:22 Entrée dans ActionEvenement.php
03/06/2017 03:26:32 Entrée dans ActionSponsor.php
03/06/2017 03:41:40 Entrée dans ActionAgenda.php
03/06/2017 11:49:39 Entrée dans ActionAccueil.php
03/06/2017 11:51:04 Entrée dans ActionAccueil.php
03/06/2017 11:51:07 Entrée dans ActionClub.php
03/06/2017 11:56:36 Entrée dans ActionJoueurs.php
03/06/2017 11:58:19 Entrée dans ActionJoueurs.php
03/06/2017 11:58:21 Entrée dans ActionEcoleDeFoot.php
03/06/2017 11:58:30 Entrée dans ActionAgenda.php
03/06/2017 11:58:40 Entrée dans ActionEvenement.php
03/06/2017 11:59:10 Entrée dans ActionSponsor.php
03/06/2017 12:00:01 Entrée dans ActionAccueil.php
03/06/2017 14:11:11 Entrée dans ActionClub.php
03/06/2017 22:52:59 Entrée dans ActionJoueurs.php
03/06/2017 22:53:02 Entrée dans ActionJoueurs.php
03/06/2017 23:28:30 Entrée dans ActionAccueil.php
03/06/2017 23:30:14 Entrée dans ActionClub.php
03/06/2017 23:59:07 Entrée dans ActionAgenda.php
03/06/2017 23:59:22 Entrée dans ActionAccueil.php
04/06/2017 00:58:24 Entrée dans ActionClub.php
04/06/2017 01:23:05 Entrée dans ActionClub.php
04/06/2017 08:58:54 Entrée dans ActionAccueil.php
04/06/2017 09:49:38 Entrée dans ActionAccueil.php
04/06/2017 09:49:51 Entrée dans ActionClub.php
04/06/2017 09:50:01 Entrée dans ActionAgenda.php
04/06/2017 09:50:10 Entrée dans ActionSponsor.php
04/06/2017 09:50:20 Entrée dans ActionJoueurs.php
04/06/2017 09:50:35 Entrée dans ActionEvenement.php
04/06/2017 09:50:46 Entrée dans ActionEcoleDeFoot.php
04/06/2017 10:46:54 Entrée dans ActionAccueil.php
04/06/2017 15:51:27 Entrée dans ActionAccueil.php
04/06/2017 15:52:00 Entrée dans AfficherPopupArticle.php
04/06/2017 15:58:54 Entrée dans ActionClub.php
04/06/2017 16:15:18 Entrée dans ActionAccueil.php
04/06/2017 16:15:44 Entrée dans ActionEcoleDeFoot.php
04/06/2017 16:15:59 Entrée dans ActionEcoleDeFoot.php
04/06/2017 18:47:21 Entrée dans ActionSponsor.php
04/06/2017 19:35:34 Entrée dans ActionAccueil.php
04/06/2017 19:36:14 Entrée dans ActionClub.php
04/06/2017 19:36:34 Entrée dans ActionAgenda.php
04/06/2017 19:36:45 Entrée dans ActionJoueurs.php
04/06/2017 19:36:56 Entrée dans ActionSponsor.php
04/06/2017 19:37:17 Entrée dans ActionEvenement.php
04/06/2017 19:37:39 Entrée dans ActionEcoleDeFoot.php
04/06/2017 19:49:28 Entrée dans ActionEvenement.php
05/06/2017 00:12:50 Entrée dans ActionEcoleDeFoot.php
05/06/2017 01:39:14 Entrée dans ActionAgenda.php
05/06/2017 03:39:02 Entrée dans ActionAccueil.php
05/06/2017 03:39:07 Entrée dans ActionClub.php
05/06/2017 03:39:09 Entrée dans ActionJoueurs.php
05/06/2017 03:39:11 Entrée dans ActionEcoleDeFoot.php
05/06/2017 03:39:13 Entrée dans ActionAgenda.php
05/06/2017 03:39:16 Entrée dans ActionEvenement.php
05/06/2017 03:39:18 Entrée dans ActionSponsor.php
05/06/2017 05:29:11 Entrée dans ActionAccueil.php
05/06/2017 14:11:03 Entrée dans ActionAccueil.php
05/06/2017 16:10:10 Entrée dans ActionAccueil.php
05/06/2017 17:56:04 Entrée dans ActionJoueurs.php
05/06/2017 20:37:13 Entrée dans ActionAccueil.php
05/06/2017 20:37:36 Entrée dans ActionJoueurs.php
05/06/2017 21:28:23 Entrée dans ActionAccueil.php
05/06/2017 21:29:02 Entrée dans AfficherPopupArticle.php
05/06/2017 21:29:17 Entrée dans ActionAccueil.php
05/06/2017 21:29:43 Entrée dans ActionClub.php
05/06/2017 21:30:20 Entrée dans AfficherPopupArticle.php
05/06/2017 21:32:46 Entrée dans ActionEcoleDeFoot.php
05/06/2017 21:32:59 Entrée dans ActionClub.php
05/06/2017 21:34:55 Entrée dans ActionEcoleDeFoot.php
05/06/2017 21:37:12 Entrée dans ActionEcoleDeFoot.php
05/06/2017 21:37:34 Entrée dans ActionEcoleDeFoot.php
05/06/2017 21:39:36 Entrée dans ActionEcoleDeFoot.php
05/06/2017 21:56:41 Entrée dans ActionAccueil.php
05/06/2017 21:57:04 Entrée dans AfficherPopupArticle.php
05/06/2017 21:58:49 Entrée dans ActionJoueurs.php
05/06/2017 22:29:33 Entrée dans ActionAccueil.php
05/06/2017 22:30:00 Entrée dans ActionJoueurs.php
06/06/2017 02:18:39 Entrée dans ActionAccueil.php
06/06/2017 04:03:05 Entrée dans ActionClub.php
06/06/2017 05:45:47 Entrée dans ActionClub.php
06/06/2017 11:49:59 Entrée dans ActionAccueil.php
06/06/2017 11:50:19 Entrée dans ActionAgenda.php
06/06/2017 11:50:30 Entrée dans ActionAgenda.php
06/06/2017 11:50:33 Entrée dans ActionSponsor.php
06/06/2017 11:50:39 Entrée dans ActionEvenement.php
06/06/2017 11:51:05 Entrée dans ActionEcoleDeFoot.php
06/06/2017 11:55:32 Entrée dans ActionAccueil.php
06/06/2017 11:55:51 Entrée dans ActionEcoleDeFoot.php
06/06/2017 11:55:57 Entrée dans ActionEcoleDeFoot.php
06/06/2017 13:19:01 Entrée dans ActionEcoleDeFoot.php
06/06/2017 13:19:04 Entrée dans ActionEcoleDeFoot.php
06/06/2017 13:19:23 Entrée dans ActionAccueil.php
06/06/2017 15:48:17 Entrée dans ActionAccueil.php
06/06/2017 16:20:16 Entrée dans ActionAccueil.php
06/06/2017 16:32:18 Entrée dans ActionAccueil.php
06/06/2017 16:32:27 Entrée dans ActionJoueurs.php
06/06/2017 19:43:19 Entrée dans ActionSponsor.php
06/06/2017 20:22:42 Entrée dans ActionEvenement.php
06/06/2017 21:59:12 Entrée dans ActionJoueurs.php
06/06/2017 23:54:01 Entrée dans ActionAccueil.php
06/06/2017 23:54:30 Entrée dans ActionJoueurs.php
06/06/2017 23:55:29 Entrée dans ActionAccueil.php
07/06/2017 00:57:00 Entrée dans ActionEcoleDeFoot.php
07/06/2017 03:23:40 Entrée dans ActionAgenda.php
07/06/2017 10:49:44 Entrée dans ActionContact.php
07/06/2017 13:32:42 Entrée dans ActionAccueil.php
07/06/2017 13:33:17 Entrée dans ActionClub.php
07/06/2017 13:33:29 Entrée dans ActionEcoleDeFoot.php
07/06/2017 13:34:02 Entrée dans ActionEcoleDeFoot.php
07/06/2017 13:34:08 Entrée dans ActionEcoleDeFoot.php
07/06/2017 13:34:19 Entrée dans ActionEcoleDeFoot.php
07/06/2017 15:32:45 Entrée dans ActionAccueil.php
07/06/2017 16:25:10 Entrée dans ActionSponsor.php
07/06/2017 17:18:39 Entrée dans ActionAccueil.php
07/06/2017 17:18:50 Entrée dans ActionJoueurs.php
07/06/2017 22:32:15 Entrée dans ActionClub.php
07/06/2017 22:43:03 Entrée dans ActionClub.php
07/06/2017 23:57:45 Entrée dans ActionAccueil.php
07/06/2017 23:58:26 Entrée dans ActionClub.php
08/06/2017 02:40:45 Entrée dans ActionClub.php
08/06/2017 05:13:14 Entrée dans ActionEcoleDeFoot.php
08/06/2017 05:13:14 Entrée dans ActionSponsor.php
08/06/2017 08:08:13 Entrée dans ActionJoueurs.php
08/06/2017 08:57:36 Entrée dans ActionClub.php
08/06/2017 08:58:04 Entrée dans ActionAgenda.php
08/06/2017 08:59:22 Entrée dans ActionJoueurs.php
08/06/2017 08:59:41 Entrée dans ActionEvenement.php
08/06/2017 13:30:31 Entrée dans ActionAgenda.php
08/06/2017 13:31:01 Entrée dans ActionAccueil.php
08/06/2017 14:12:56 Entrée dans ActionJoueurs.php
08/06/2017 14:55:48 Entrée dans ActionContact.php
08/06/2017 16:30:02 Entrée dans ActionJoueurs.php
08/06/2017 17:23:25 Entrée dans ActionAccueil.php
08/06/2017 17:23:25 Entrée dans ActionAccueil.php
08/06/2017 17:24:07 Entrée dans ActionEvenement.php
08/06/2017 17:24:21 Entrée dans ActionAgenda.php
08/06/2017 17:24:34 Entrée dans ActionLogin.php
08/06/2017 17:24:34 Authentification de aissadi.
08/06/2017 17:24:34 Entrée dans ActionProfil.php
08/06/2017 17:24:39 Entrée dans ActionMembre.php
08/06/2017 17:24:59 Entrée dans ActionMembre.php
08/06/2017 18:55:13 Entrée dans ActionJoueurs.php
08/06/2017 22:17:04 Entrée dans ActionAgenda.php
09/06/2017 08:03:24 Entrée dans ActionEcoleDeFoot.php
09/06/2017 08:03:26 Entrée dans ActionEcoleDeFoot.php
09/06/2017 08:03:45 Entrée dans ActionEcoleDeFoot.php
09/06/2017 08:06:28 Entrée dans ActionEvenement.php
09/06/2017 08:06:34 Entrée dans ActionAccueil.php
09/06/2017 10:17:50 Entrée dans ActionAccueil.php
09/06/2017 10:18:04 Entrée dans AfficherPopupArticle.php
09/06/2017 10:18:38 Entrée dans AfficherPopupArticle.php
09/06/2017 10:19:49 Entrée dans AfficherPopupArticle.php
09/06/2017 10:20:14 Entrée dans AfficherPopupArticle.php
09/06/2017 10:20:45 Entrée dans AfficherPopupArticle.php
09/06/2017 10:21:53 Entrée dans AfficherPopupArticle.php
09/06/2017 10:22:30 Entrée dans ActionEcoleDeFoot.php
09/06/2017 10:22:43 Entrée dans ActionEcoleDeFoot.php
09/06/2017 10:25:11 Entrée dans ActionClub.php
09/06/2017 10:25:11 Entrée dans ActionClub.php
09/06/2017 10:50:07 Entrée dans ActionAccueil.php
09/06/2017 10:50:22 Entrée dans ActionAccueil.php
09/06/2017 10:50:25 Entrée dans ActionClub.php
09/06/2017 10:50:43 Entrée dans ActionEcoleDeFoot.php
09/06/2017 10:50:48 Entrée dans ActionEcoleDeFoot.php
09/06/2017 10:51:32 Entrée dans ActionEcoleDeFoot.php
09/06/2017 10:51:39 Entrée dans ActionAccueil.php
09/06/2017 10:51:45 Entrée dans AfficherPopupArticle.php
09/06/2017 10:51:59 Entrée dans AfficherPopupArticle.php
09/06/2017 10:52:15 Entrée dans AfficherPopupArticle.php
09/06/2017 14:16:05 Entrée dans ActionAccueil.php
09/06/2017 14:16:20 Entrée dans ActionEvenement.php
09/06/2017 14:16:26 Entrée dans ActionAgenda.php
09/06/2017 14:16:31 Entrée dans ActionJoueurs.php
09/06/2017 14:17:25 Entrée dans ActionClub.php
09/06/2017 16:01:23 Entrée dans ActionAccueil.php
09/06/2017 16:01:45 Entrée dans ActionJoueurs.php
09/06/2017 16:01:51 Entrée dans ActionJoueurs.php
09/06/2017 16:02:23 Entrée dans ActionJoueurs.php
09/06/2017 16:03:05 Entrée dans ActionEcoleDeFoot.php
09/06/2017 16:03:15 Entrée dans ActionAgenda.php
09/06/2017 17:19:07 Entrée dans ActionAccueil.php
09/06/2017 17:19:35 Entrée dans ActionEcoleDeFoot.php
09/06/2017 17:19:39 Entrée dans ActionEcoleDeFoot.php
09/06/2017 17:26:24 Entrée dans ActionEcoleDeFoot.php
09/06/2017 17:26:28 Entrée dans ActionEcoleDeFoot.php
09/06/2017 17:26:34 Entrée dans ActionEcoleDeFoot.php
09/06/2017 17:26:53 Entrée dans ActionEcoleDeFoot.php
09/06/2017 17:30:14 Entrée dans ActionEcoleDeFoot.php
09/06/2017 17:30:23 Entrée dans ActionAgenda.php
09/06/2017 17:30:28 Entrée dans ActionEcoleDeFoot.php
09/06/2017 17:30:34 Entrée dans ActionEcoleDeFoot.php
09/06/2017 17:35:21 Entrée dans ActionEcoleDeFoot.php
09/06/2017 17:35:25 Entrée dans ActionEcoleDeFoot.php
09/06/2017 18:07:40 Entrée dans ActionEcoleDeFoot.php
09/06/2017 18:07:46 Entrée dans ActionEcoleDeFoot.php
09/06/2017 18:07:57 Entrée dans ActionEcoleDeFoot.php
09/06/2017 18:08:01 Entrée dans ActionEcoleDeFoot.php
09/06/2017 18:08:09 Entrée dans ActionEcoleDeFoot.php
09/06/2017 19:52:12 Entrée dans ActionEcoleDeFoot.php
09/06/2017 19:52:15 Entrée dans ActionEcoleDeFoot.php
09/06/2017 19:52:27 Entrée dans ActionEcoleDeFoot.php
09/06/2017 19:52:31 Entrée dans ActionEcoleDeFoot.php
09/06/2017 19:52:53 Entrée dans ActionEcoleDeFoot.php
09/06/2017 19:54:13 Entrée dans ActionEvenement.php
10/06/2017 00:08:37 Entrée dans ActionClub.php
10/06/2017 02:03:22 Entrée dans ActionEvenement.php
10/06/2017 09:38:55 Entrée dans ActionEcoleDeFoot.php
10/06/2017 09:39:10 Entrée dans ActionEcoleDeFoot.php
10/06/2017 09:39:41 Entrée dans ActionEcoleDeFoot.php
10/06/2017 09:40:17 Entrée dans ActionAgenda.php
10/06/2017 09:40:23 Entrée dans ActionEvenement.php
10/06/2017 09:40:31 Entrée dans ActionEcoleDeFoot.php
10/06/2017 09:40:34 Entrée dans ActionEcoleDeFoot.php
10/06/2017 09:40:39 Entrée dans ActionEcoleDeFoot.php
10/06/2017 09:40:40 Entrée dans ActionEcoleDeFoot.php
10/06/2017 09:40:45 Entrée dans ActionEcoleDeFoot.php
10/06/2017 14:18:11 Entrée dans ActionClub.php
10/06/2017 15:54:55 Entrée dans ActionEcoleDeFoot.php
10/06/2017 15:54:58 Entrée dans ActionEcoleDeFoot.php
10/06/2017 19:13:54 Entrée dans ActionEvenement.php
11/06/2017 03:56:47 Entrée dans ActionAccueil.php
11/06/2017 03:57:08 Entrée dans ActionJoueurs.php
11/06/2017 03:58:39 Entrée dans ActionClub.php
11/06/2017 04:01:00 Entrée dans ActionAccueil.php
11/06/2017 04:01:04 Entrée dans ActionAccueil.php
11/06/2017 04:01:16 Entrée dans AfficherPopupArticle.php
11/06/2017 04:01:50 Entrée dans ActionClub.php
11/06/2017 04:23:47 Entrée dans ActionAccueil.php
11/06/2017 04:24:04 Entrée dans AfficherPopupArticle.php
11/06/2017 04:24:58 Entrée dans AfficherPopupArticle.php
11/06/2017 04:25:10 Entrée dans AfficherPopupArticle.php
11/06/2017 04:25:19 Entrée dans AfficherPopupArticle.php
11/06/2017 04:25:37 Entrée dans AfficherPopupArticle.php
11/06/2017 04:25:47 Entrée dans ActionJoueurs.php
11/06/2017 04:26:16 Entrée dans ActionClub.php
11/06/2017 04:27:51 Entrée dans ActionAgenda.php
11/06/2017 04:28:02 Entrée dans ActionSponsor.php
11/06/2017 04:28:18 Entrée dans ActionClub.php
11/06/2017 04:30:17 Entrée dans ActionAccueil.php
11/06/2017 04:30:35 Entrée dans AfficherPopupArticle.php
11/06/2017 04:55:12 Entrée dans ActionEcoleDeFoot.php
11/06/2017 11:17:09 Entrée dans ActionAccueil.php
11/06/2017 11:17:20 Entrée dans ActionJoueurs.php
11/06/2017 14:45:53 Entrée dans ActionClub.php
11/06/2017 15:27:05 Entrée dans ActionClub.php
11/06/2017 18:16:15 Entrée dans ActionJoueurs.php
11/06/2017 20:53:08 Entrée dans ActionAccueil.php
11/06/2017 20:53:17 Entrée dans ActionClub.php
11/06/2017 20:53:20 Entrée dans ActionJoueurs.php
11/06/2017 20:53:23 Entrée dans ActionEcoleDeFoot.php
11/06/2017 20:53:25 Entrée dans ActionAgenda.php
11/06/2017 20:53:28 Entrée dans ActionEvenement.php
11/06/2017 20:53:30 Entrée dans ActionSponsor.php
11/06/2017 21:40:36 Entrée dans ActionClub.php
12/06/2017 08:01:57 Entrée dans ActionJoueurs.php
12/06/2017 10:22:20 Entrée dans ActionEvenement.php
12/06/2017 12:43:28 Entrée dans ActionAccueil.php
12/06/2017 12:43:59 Entrée dans ActionJoueurs.php
12/06/2017 12:44:40 Entrée dans ActionAccueil.php
12/06/2017 14:20:44 Entrée dans ActionAccueil.php
12/06/2017 14:20:58 Entrée dans ActionJoueurs.php
12/06/2017 16:44:28 Entrée dans ActionJoueurs.php
12/06/2017 17:34:11 Entrée dans ActionJoueurs.php
12/06/2017 17:35:46 Entrée dans ActionJoueurs.php
12/06/2017 17:36:14 Entrée dans ActionClub.php
12/06/2017 17:49:31 Entrée dans ActionAccueil.php
12/06/2017 18:18:12 Entrée dans ActionAccueil.php
12/06/2017 18:18:17 Entrée dans ActionEcoleDeFoot.php
12/06/2017 18:18:31 Entrée dans ActionEcoleDeFoot.php
12/06/2017 19:44:48 Entrée dans ActionJoueurs.php
12/06/2017 20:28:15 Entrée dans ActionEcoleDeFoot.php
12/06/2017 20:28:18 Entrée dans ActionEcoleDeFoot.php
12/06/2017 20:28:22 Entrée dans ActionAgenda.php
12/06/2017 20:28:26 Entrée dans ActionEvenement.php
12/06/2017 20:28:30 Entrée dans ActionClub.php
12/06/2017 20:32:14 Entrée dans ActionAccueil.php
12/06/2017 20:32:48 Entrée dans ActionEcoleDeFoot.php
12/06/2017 20:39:43 Entrée dans ActionAccueil.php
12/06/2017 20:39:48 Entrée dans ActionAccueil.php
12/06/2017 20:39:55 Entrée dans ActionClub.php
12/06/2017 20:44:50 Entrée dans ActionContact.php
12/06/2017 20:49:24 Entrée dans ActionContact.php
12/06/2017 23:23:38 Entrée dans ActionAgenda.php
13/06/2017 01:08:25 Entrée dans ActionAccueil.php
13/06/2017 01:08:40 Entrée dans ActionClub.php
13/06/2017 01:08:43 Entrée dans ActionJoueurs.php
13/06/2017 01:08:45 Entrée dans ActionEcoleDeFoot.php
13/06/2017 01:08:46 Entrée dans ActionAgenda.php
13/06/2017 01:08:48 Entrée dans ActionEvenement.php
13/06/2017 01:08:50 Entrée dans ActionSponsor.php
13/06/2017 08:33:46 Entrée dans ActionAccueil.php
13/06/2017 08:34:13 Entrée dans ActionAccueil.php
13/06/2017 08:34:15 Entrée dans ActionClub.php
13/06/2017 08:34:27 Entrée dans ActionEcoleDeFoot.php
13/06/2017 08:34:51 Entrée dans ActionEcoleDeFoot.php
13/06/2017 08:35:04 Entrée dans ActionEcoleDeFoot.php
13/06/2017 08:35:23 Entrée dans ActionEcoleDeFoot.php
13/06/2017 08:55:02 Entrée dans ActionAccueil.php
13/06/2017 09:44:11 Entrée dans ActionAccueil.php
13/06/2017 11:45:52 Entrée dans ActionAccueil.php
13/06/2017 11:50:11 Entrée dans ActionAccueil.php
13/06/2017 13:59:05 Entrée dans ActionEcoleDeFoot.php
13/06/2017 15:59:29 Entrée dans ActionAccueil.php
13/06/2017 15:59:51 Entrée dans AfficherPopupArticle.php
13/06/2017 16:00:43 Entrée dans ActionEcoleDeFoot.php
13/06/2017 16:02:58 Entrée dans ActionEvenement.php
13/06/2017 16:03:16 Entrée dans ActionJoueurs.php
13/06/2017 16:03:55 Entrée dans ActionAccueil.php
13/06/2017 16:04:33 Entrée dans ActionAccueil.php
13/06/2017 16:04:35 Entrée dans ActionClub.php
13/06/2017 17:19:13 Entrée dans ActionAccueil.php
13/06/2017 17:23:07 Entrée dans ActionAccueil.php
13/06/2017 17:23:20 Entrée dans ActionJoueurs.php
13/06/2017 17:23:59 Entrée dans ActionAgenda.php
13/06/2017 17:24:15 Entrée dans ActionAgenda.php
13/06/2017 17:24:26 Entrée dans ActionAccueil.php
13/06/2017 19:06:40 Entrée dans ActionEvenement.php
13/06/2017 20:02:27 Entrée dans ActionAccueil.php
13/06/2017 20:02:42 Entrée dans AfficherPopupArticle.php
13/06/2017 20:03:02 Entrée dans ActionAccueil.php
13/06/2017 20:03:06 Entrée dans ActionJoueurs.php
13/06/2017 23:05:35 Entrée dans ActionClub.php
14/06/2017 01:02:05 Entrée dans ActionClub.php
14/06/2017 01:02:05 Entrée dans ActionAccueil.php
14/06/2017 04:32:19 Entrée dans ActionAccueil.php
14/06/2017 04:32:32 Entrée dans ActionClub.php
14/06/2017 04:32:43 Entrée dans ActionAgenda.php
14/06/2017 04:32:52 Entrée dans ActionJoueurs.php
14/06/2017 04:32:58 Entrée dans ActionSponsor.php
14/06/2017 04:33:17 Entrée dans ActionEvenement.php
14/06/2017 04:33:27 Entrée dans ActionEcoleDeFoot.php
14/06/2017 07:54:36 Entrée dans ActionAccueil.php
14/06/2017 09:02:33 Entrée dans ActionAccueil.php
14/06/2017 09:02:59 Entrée dans ActionJoueurs.php
14/06/2017 09:04:12 Entrée dans ActionAccueil.php
14/06/2017 13:06:22 Entrée dans ActionAccueil.php
14/06/2017 14:07:21 Entrée dans ActionAgenda.php
14/06/2017 14:10:42 Entrée dans ActionAccueil.php
14/06/2017 14:10:49 Entrée dans ActionAccueil.php
14/06/2017 14:11:04 Entrée dans ActionClub.php
14/06/2017 14:16:19 Entrée dans ActionAccueil.php
14/06/2017 14:16:20 Entrée dans ActionAccueil.php
14/06/2017 14:16:43 Entrée dans ActionLogin.php
14/06/2017 14:16:43 Authentification de aissadi.
14/06/2017 14:16:43 Entrée dans ActionProfil.php
14/06/2017 14:16:48 Entrée dans ActionMembre.php
14/06/2017 14:17:12 Entrée dans ActionMembre.php
14/06/2017 14:17:23 Entrée dans ActionMembre.php
14/06/2017 17:08:05 Entrée dans ActionClub.php
14/06/2017 20:17:51 Entrée dans ActionAccueil.php
14/06/2017 20:18:32 Entrée dans AfficherPopupArticle.php
14/06/2017 20:21:13 Entrée dans AfficherPopupArticle.php
14/06/2017 20:24:03 Entrée dans ActionAccueil.php
14/06/2017 20:24:12 Entrée dans AfficherPopupArticle.php
14/06/2017 21:42:06 Entrée dans ActionAgenda.php
14/06/2017 22:49:21 Entrée dans ActionAccueil.php
14/06/2017 22:49:31 Entrée dans ActionClub.php
14/06/2017 23:09:16 Entrée dans ActionAccueil.php
14/06/2017 23:09:24 Entrée dans AfficherPopupArticle.php
14/06/2017 23:09:59 Entrée dans ActionAccueil.php
14/06/2017 23:10:19 Entrée dans AfficherPopupArticle.php
14/06/2017 23:10:50 Entrée dans AfficherPopupArticle.php
14/06/2017 23:11:58 Entrée dans AfficherPopupArticle.php
15/06/2017 02:43:04 Entrée dans ActionEcoleDeFoot.php
15/06/2017 08:44:46 Entrée dans ActionAccueil.php
15/06/2017 08:45:11 Entrée dans ActionEcoleDeFoot.php
15/06/2017 08:45:20 Entrée dans ActionEcoleDeFoot.php
15/06/2017 08:45:26 Entrée dans ActionClub.php
15/06/2017 08:45:44 Entrée dans ActionAccueil.php
15/06/2017 08:46:11 Entrée dans ActionClub.php
15/06/2017 08:46:41 Entrée dans ActionEcoleDeFoot.php
15/06/2017 08:46:45 Entrée dans ActionEcoleDeFoot.php
15/06/2017 08:46:54 Entrée dans ActionEcoleDeFoot.php
15/06/2017 08:46:57 Entrée dans ActionEcoleDeFoot.php
15/06/2017 08:47:01 Entrée dans ActionEcoleDeFoot.php
15/06/2017 11:11:08 Entrée dans ActionAccueil.php
15/06/2017 11:11:14 Entrée dans ActionJoueurs.php
15/06/2017 12:27:48 Entrée dans ActionAccueil.php
15/06/2017 13:07:19 Entrée dans ActionAccueil.php
15/06/2017 13:07:55 Entrée dans ActionJoueurs.php
15/06/2017 13:16:50 Entrée dans ActionContact.php
15/06/2017 14:19:27 Entrée dans ActionAccueil.php
15/06/2017 20:13:26 Entrée dans ActionAccueil.php
15/06/2017 20:13:59 Entrée dans AfficherPopupArticle.php
15/06/2017 20:14:47 Entrée dans ActionJoueurs.php
15/06/2017 20:14:49 Entrée dans ActionClub.php
15/06/2017 20:15:47 Entrée dans ActionAccueil.php
15/06/2017 20:15:52 Entrée dans ActionClub.php
15/06/2017 22:00:49 Entrée dans ActionAccueil.php
16/06/2017 00:57:06 Entrée dans ActionAccueil.php
16/06/2017 01:50:29 Entrée dans ActionClub.php
16/06/2017 06:40:42 Entrée dans ActionAgenda.php
16/06/2017 10:25:55 Entrée dans ActionAccueil.php
16/06/2017 15:03:11 Entrée dans ActionJoueurs.php
16/06/2017 15:21:25 Entrée dans ActionEvenement.php
16/06/2017 17:56:10 Entrée dans ActionEvenement.php
16/06/2017 20:13:26 Entrée dans ActionAgenda.php
16/06/2017 23:06:04 Entrée dans ActionAccueil.php
16/06/2017 23:06:39 Entrée dans ActionJoueurs.php
17/06/2017 01:38:10 Entrée dans ActionClub.php
17/06/2017 06:21:11 Entrée dans ActionClub.php
17/06/2017 09:06:28 Entrée dans ActionAccueil.php
17/06/2017 09:07:42 Entrée dans ActionClub.php
17/06/2017 09:09:37 Entrée dans ActionAccueil.php
17/06/2017 09:10:39 Entrée dans ActionAccueil.php
17/06/2017 10:52:44 Entrée dans ActionAccueil.php
17/06/2017 13:06:42 Entrée dans ActionAccueil.php
17/06/2017 13:06:54 Entrée dans AfficherPopupArticle.php
17/06/2017 14:27:58 Entrée dans ActionJoueurs.php
17/06/2017 19:30:42 Entrée dans ActionAccueil.php
17/06/2017 19:31:00 Entrée dans ActionClub.php
17/06/2017 19:31:26 Entrée dans ActionAccueil.php
18/06/2017 01:54:32 Entrée dans ActionClub.php
18/06/2017 01:54:32 Entrée dans ActionAccueil.php
18/06/2017 02:08:17 Entrée dans ActionClub.php
18/06/2017 04:22:14 Entrée dans ActionAccueil.php
18/06/2017 06:44:14 Entrée dans ActionAgenda.php
18/06/2017 07:16:26 Entrée dans ActionAccueil.php
18/06/2017 07:17:26 Entrée dans ActionJoueurs.php
18/06/2017 14:32:43 Entrée dans ActionAgenda.php
18/06/2017 19:40:29 Entrée dans ActionAgenda.php
19/06/2017 09:53:54 Entrée dans ActionEcoleDeFoot.php
19/06/2017 13:59:45 Entrée dans ActionJoueurs.php
19/06/2017 17:04:20 Entrée dans ActionAccueil.php
19/06/2017 17:49:17 Entrée dans ActionAccueil.php
19/06/2017 17:49:38 Entrée dans AfficherPopupArticle.php
19/06/2017 17:50:19 Entrée dans ActionClub.php
19/06/2017 17:50:22 Entrée dans ActionJoueurs.php
19/06/2017 18:47:48 Entrée dans ActionEvenement.php
19/06/2017 21:51:36 Entrée dans ActionSponsor.php
19/06/2017 21:52:55 Entrée dans ActionAccueil.php
20/06/2017 00:27:39 Entrée dans ActionAccueil.php
20/06/2017 00:27:51 Entrée dans ActionEcoleDeFoot.php
20/06/2017 00:27:55 Entrée dans ActionEcoleDeFoot.php
20/06/2017 00:28:10 Entrée dans ActionEcoleDeFoot.php
20/06/2017 00:28:20 Entrée dans ActionEcoleDeFoot.php
20/06/2017 00:28:23 Entrée dans ActionEcoleDeFoot.php
20/06/2017 00:28:27 Entrée dans ActionEcoleDeFoot.php
20/06/2017 00:28:37 Entrée dans ActionEvenement.php
20/06/2017 00:28:47 Entrée dans ActionJoueurs.php
20/06/2017 00:29:01 Entrée dans ActionEcoleDeFoot.php
20/06/2017 00:29:03 Entrée dans ActionEcoleDeFoot.php
20/06/2017 00:29:04 Entrée dans ActionEcoleDeFoot.php
20/06/2017 00:29:07 Entrée dans ActionClub.php
20/06/2017 01:00:01 Entrée dans ActionAccueil.php
20/06/2017 03:48:14 Entrée dans ActionClub.php
20/06/2017 03:55:54 Entrée dans ActionEcoleDeFoot.php
20/06/2017 10:19:22 Entrée dans ActionClub.php
20/06/2017 17:01:19 Entrée dans ActionAccueil.php
20/06/2017 18:51:05 Entrée dans ActionAccueil.php
20/06/2017 20:13:29 Entrée dans ActionAccueil.php
20/06/2017 20:13:37 Entrée dans ActionAccueil.php
20/06/2017 20:13:43 Entrée dans ActionEcoleDeFoot.php
20/06/2017 20:13:46 Entrée dans ActionEcoleDeFoot.php
20/06/2017 20:13:55 Entrée dans ActionEcoleDeFoot.php
20/06/2017 20:14:02 Entrée dans ActionEcoleDeFoot.php
20/06/2017 20:43:41 Entrée dans ActionAgenda.php
20/06/2017 23:04:19 Entrée dans AfficherPopupArticle.php
20/06/2017 23:04:50 Entrée dans ActionJoueurs.php
21/06/2017 00:09:40 Entrée dans ActionClub.php
21/06/2017 00:09:40 Entrée dans ActionAccueil.php
21/06/2017 07:41:07 Entrée dans ActionAccueil.php
21/06/2017 07:54:14 Entrée dans ActionAccueil.php
21/06/2017 09:37:28 Entrée dans ActionContact.php
21/06/2017 09:37:28 Entrée dans ActionContact.php
21/06/2017 09:37:40 Entrée dans ActionEcoleDeFoot.php
21/06/2017 09:37:50 Entrée dans ActionEcoleDeFoot.php
21/06/2017 09:38:05 Entrée dans ActionEcoleDeFoot.php
21/06/2017 11:39:58 Entrée dans ActionAccueil.php
21/06/2017 11:40:03 Entrée dans ActionClub.php
21/06/2017 11:40:12 Entrée dans ActionEcoleDeFoot.php
21/06/2017 11:40:16 Entrée dans ActionEcoleDeFoot.php
21/06/2017 11:40:23 Entrée dans ActionClub.php
21/06/2017 23:56:40 Entrée dans ActionClub.php
22/06/2017 01:17:56 Entrée dans ActionAccueil.php
22/06/2017 01:18:00 Entrée dans ActionClub.php
22/06/2017 01:18:04 Entrée dans ActionEcoleDeFoot.php
22/06/2017 07:23:26 Entrée dans ActionClub.php
22/06/2017 08:46:50 Entrée dans ActionAccueil.php
22/06/2017 08:47:23 Entrée dans AfficherPopupArticle.php
22/06/2017 08:50:02 Entrée dans ActionAccueil.php
22/06/2017 08:50:17 Entrée dans AfficherPopupArticle.php
22/06/2017 08:50:37 Entrée dans ActionEcoleDeFoot.php
22/06/2017 08:50:40 Entrée dans ActionEcoleDeFoot.php
22/06/2017 08:50:45 Entrée dans ActionEvenement.php
22/06/2017 17:29:03 Entrée dans ActionClub.php
22/06/2017 20:12:17 Entrée dans ActionAgenda.php
22/06/2017 22:49:14 Entrée dans ActionEcoleDeFoot.php
23/06/2017 00:21:30 Entrée dans ActionAgenda.php
23/06/2017 00:21:50 Entrée dans ActionEcoleDeFoot.php
23/06/2017 00:22:00 Entrée dans ActionJoueurs.php
23/06/2017 00:22:18 Entrée dans ActionEvenement.php
23/06/2017 00:22:27 Entrée dans ActionSponsor.php
23/06/2017 00:22:37 Entrée dans ActionClub.php
23/06/2017 00:22:45 Entrée dans ActionAccueil.php
23/06/2017 01:42:10 Entrée dans ActionSponsor.php
23/06/2017 02:16:00 Entrée dans ActionClub.php
23/06/2017 02:16:00 Entrée dans ActionAccueil.php
23/06/2017 18:19:00 Entrée dans ActionAccueil.php
23/06/2017 18:19:11 Entrée dans ActionClub.php
23/06/2017 18:19:27 Entrée dans ActionAccueil.php
23/06/2017 18:19:35 Entrée dans ActionClub.php
23/06/2017 18:19:57 Entrée dans ActionClub.php
23/06/2017 18:20:09 Entrée dans ActionAccueil.php
23/06/2017 18:20:34 Entrée dans ActionAccueil.php
23/06/2017 18:20:39 Entrée dans ActionClub.php
23/06/2017 19:07:02 Entrée dans ActionEvenement.php
23/06/2017 21:26:48 Entrée dans ActionAccueil.php
23/06/2017 21:27:07 Entrée dans ActionClub.php
23/06/2017 23:44:10 Entrée dans ActionEcoleDeFoot.php
24/06/2017 01:46:11 Entrée dans ActionAccueil.php
24/06/2017 01:46:25 Entrée dans ActionClub.php
24/06/2017 01:46:35 Entrée dans ActionAgenda.php
24/06/2017 01:46:45 Entrée dans ActionSponsor.php
24/06/2017 01:46:55 Entrée dans ActionJoueurs.php
24/06/2017 01:47:10 Entrée dans ActionEvenement.php
24/06/2017 01:47:20 Entrée dans ActionEcoleDeFoot.php
24/06/2017 04:39:53 Entrée dans ActionClub.php
24/06/2017 13:38:14 Entrée dans ActionAccueil.php
24/06/2017 19:20:32 Entrée dans ActionAgenda.php
25/06/2017 00:07:04 Entrée dans ActionSponsor.php
25/06/2017 10:47:50 Entrée dans ActionAccueil.php
25/06/2017 16:44:40 Entrée dans ActionClub.php
25/06/2017 17:04:15 Entrée dans ActionClub.php
25/06/2017 17:04:23 Entrée dans ActionClub.php
25/06/2017 17:04:25 Entrée dans ActionEcoleDeFoot.php
25/06/2017 17:04:29 Entrée dans ActionEcoleDeFoot.php
25/06/2017 17:04:32 Entrée dans ActionEvenement.php
25/06/2017 17:04:39 Entrée dans ActionClub.php
25/06/2017 17:04:47 Entrée dans ActionJoueurs.php
25/06/2017 17:07:27 Entrée dans ActionEcoleDeFoot.php
25/06/2017 18:43:07 Entrée dans ActionEvenement.php
25/06/2017 18:57:48 Entrée dans ActionAccueil.php
25/06/2017 18:58:25 Entrée dans ActionClub.php
25/06/2017 19:25:43 Entrée dans ActionAgenda.php
25/06/2017 21:45:08 Entrée dans ActionClub.php
25/06/2017 23:22:15 Entrée dans ActionAccueil.php
25/06/2017 23:22:36 Entrée dans ActionEcoleDeFoot.php
25/06/2017 23:22:41 Entrée dans ActionEcoleDeFoot.php
25/06/2017 23:22:47 Entrée dans ActionEcoleDeFoot.php
25/06/2017 23:23:18 Entrée dans ActionEcoleDeFoot.php
25/06/2017 23:23:21 Entrée dans ActionEcoleDeFoot.php
25/06/2017 23:23:25 Entrée dans ActionEcoleDeFoot.php
25/06/2017 23:23:49 Entrée dans ActionEcoleDeFoot.php
25/06/2017 23:24:04 Entrée dans ActionEcoleDeFoot.php
25/06/2017 23:24:17 Entrée dans ActionEcoleDeFoot.php
25/06/2017 23:24:31 Entrée dans ActionEcoleDeFoot.php
25/06/2017 23:24:33 Entrée dans ActionAccueil.php
25/06/2017 23:24:51 Entrée dans AfficherPopupArticle.php
25/06/2017 23:25:32 Entrée dans ActionEcoleDeFoot.php
25/06/2017 23:25:37 Entrée dans ActionAccueil.php
25/06/2017 23:25:55 Entrée dans ActionClub.php
25/06/2017 23:26:43 Entrée dans ActionJoueurs.php
26/06/2017 03:32:10 Entrée dans ActionEcoleDeFoot.php
26/06/2017 07:55:59 Entrée dans ActionAccueil.php
26/06/2017 07:56:03 Entrée dans ActionClub.php
26/06/2017 07:56:09 Entrée dans ActionAgenda.php
26/06/2017 07:56:10 Entrée dans ActionJoueurs.php
26/06/2017 12:06:47 Entrée dans ActionAccueil.php
26/06/2017 12:37:28 Entrée dans ActionAccueil.php
26/06/2017 21:40:53 Entrée dans ActionAgenda.php
27/06/2017 01:01:49 Entrée dans ActionSponsor.php
27/06/2017 01:30:55 Entrée dans ActionSponsor.php
27/06/2017 04:05:37 Entrée dans ActionEvenement.php
27/06/2017 05:10:36 Entrée dans ActionAccueil.php
27/06/2017 20:05:11 Entrée dans ActionClub.php
27/06/2017 21:43:26 Entrée dans ActionAccueil.php
27/06/2017 21:43:38 Entrée dans ActionJoueurs.php
27/06/2017 21:44:04 Entrée dans ActionJoueurs.php
27/06/2017 21:44:31 Entrée dans ActionAccueil.php
27/06/2017 21:55:09 Entrée dans ActionAccueil.php
27/06/2017 21:56:54 Entrée dans AfficherPopupArticle.php
27/06/2017 22:53:55 Entrée dans ActionClub.php
27/06/2017 23:28:54 Entrée dans ActionAccueil.php
27/06/2017 23:29:04 Entrée dans ActionJoueurs.php
27/06/2017 23:29:58 Entrée dans ActionJoueurs.php
28/06/2017 04:28:38 Entrée dans ActionEvenement.php
28/06/2017 11:17:41 Entrée dans ActionClub.php
28/06/2017 16:00:06 Entrée dans ActionAccueil.php
28/06/2017 19:15:22 Entrée dans ActionEvenement.php
28/06/2017 20:10:45 Entrée dans ActionAccueil.php
28/06/2017 20:11:44 Entrée dans AfficherPopupArticle.php
28/06/2017 20:11:58 Entrée dans ActionAccueil.php
28/06/2017 20:12:08 Entrée dans ActionAccueil.php
28/06/2017 20:13:12 Entrée dans AfficherPopupArticle.php
28/06/2017 21:21:00 Entrée dans ActionAccueil.php
28/06/2017 21:21:00 Entrée dans ActionClub.php
29/06/2017 01:20:48 Entrée dans ActionSponsor.php
29/06/2017 02:25:13 Entrée dans ActionAccueil.php
29/06/2017 02:25:14 Entrée dans ActionAccueil.php
29/06/2017 02:25:16 Entrée dans ActionClub.php
29/06/2017 02:25:17 Entrée dans ActionJoueurs.php
29/06/2017 02:25:17 Entrée dans ActionEcoleDeFoot.php
29/06/2017 02:25:18 Entrée dans ActionClub.php
29/06/2017 02:25:19 Entrée dans ActionJoueurs.php
29/06/2017 02:25:19 Entrée dans ActionEcoleDeFoot.php
29/06/2017 04:36:44 Entrée dans ActionEcoleDeFoot.php
29/06/2017 04:52:45 Entrée dans ActionAccueil.php
29/06/2017 13:15:55 Entrée dans ActionJoueurs.php
29/06/2017 13:15:56 Entrée dans ActionJoueurs.php
29/06/2017 14:47:44 Entrée dans ActionAgenda.php
29/06/2017 17:52:08 Entrée dans ActionEvenement.php
29/06/2017 18:11:35 Entrée dans ActionAccueil.php
29/06/2017 18:12:31 Entrée dans AfficherPopupArticle.php
29/06/2017 19:29:25 Entrée dans ActionAccueil.php
29/06/2017 19:30:43 Entrée dans ActionEcoleDeFoot.php
29/06/2017 19:30:57 Entrée dans ActionEcoleDeFoot.php
29/06/2017 19:32:07 Entrée dans ActionEcoleDeFoot.php
29/06/2017 19:32:23 Entrée dans ActionEcoleDeFoot.php
29/06/2017 19:32:41 Entrée dans ActionEcoleDeFoot.php
29/06/2017 19:33:04 Entrée dans ActionEcoleDeFoot.php
29/06/2017 19:33:29 Entrée dans ActionEcoleDeFoot.php
29/06/2017 19:33:36 Entrée dans ActionAccueil.php
29/06/2017 19:34:04 Entrée dans ActionAccueil.php
29/06/2017 19:34:07 Entrée dans ActionJoueurs.php
29/06/2017 20:09:27 Entrée dans ActionAccueil.php
30/06/2017 00:14:56 Entrée dans ActionClub.php
30/06/2017 07:52:39 Entrée dans ActionAccueil.php
30/06/2017 14:46:07 Entrée dans ActionJoueurs.php
30/06/2017 20:39:44 Entrée dans ActionAgenda.php
30/06/2017 20:42:00 Entrée dans ActionAccueil.php
30/06/2017 20:42:21 Entrée dans ActionAccueil.php
30/06/2017 20:42:35 Entrée dans ActionJoueurs.php
