01/03/2018 01:27:45 Entrée dans ActionClub.php
01/03/2018 06:33:25 Entrée dans ActionEvenement.php
01/03/2018 06:33:25 Entrée dans ActionAgenda.php
01/03/2018 13:18:49 Entrée dans ActionEvenement.php
02/03/2018 08:26:39 Entrée dans ActionContact.php
02/03/2018 08:26:41 Entrée dans ActionContact.php
02/03/2018 08:54:49 Entrée dans ActionContact.php
02/03/2018 08:54:50 Entrée dans ActionContact.php
02/03/2018 12:35:22 Entrée dans ActionJoueurs.php
02/03/2018 13:44:43 Entrée dans ActionJoueurs.php
02/03/2018 13:50:26 Entrée dans ActionAccueil.php
02/03/2018 13:50:28 Entrée dans ActionClub.php
02/03/2018 13:50:31 Entrée dans ActionAgenda.php
02/03/2018 13:50:33 Entrée dans ActionSponsor.php
02/03/2018 13:50:35 Entrée dans ActionJoueurs.php
02/03/2018 13:50:36 Entrée dans ActionEvenement.php
02/03/2018 14:10:58 Entrée dans ActionAccueil.php
02/03/2018 14:12:21 Entrée dans ActionEcoleDeFoot.php
02/03/2018 17:08:53 Entrée dans ActionAccueil.php
02/03/2018 17:48:47 Entrée dans ActionAccueil.php
02/03/2018 17:48:48 Entrée dans ActionAgenda.php
02/03/2018 17:48:48 Entrée dans ActionClub.php
02/03/2018 17:48:50 Entrée dans ActionClub.php
02/03/2018 17:48:50 Entrée dans ActionEcoleDeFoot.php
02/03/2018 17:48:51 Entrée dans ActionEvenement.php
02/03/2018 17:48:51 Entrée dans ActionJoueurs.php
02/03/2018 17:48:52 Entrée dans ActionLogin.php
02/03/2018 17:48:52 Entrée dans ActionSponsor.php
02/03/2018 17:48:52 Entrée dans AfficherPopupArticle.php
02/03/2018 17:48:52 Entrée dans AfficherPopupCompteRendu.php
02/03/2018 17:48:52 Entrée dans ActionAccueil.php
02/03/2018 17:48:53 Entrée dans RechercherArticle.php
02/03/2018 17:48:53 Entrée dans ActionAccueil.php
02/03/2018 17:48:54 Entrée dans ActionAccueil.php
02/03/2018 17:48:55 Entrée dans ActionProfil.php
02/03/2018 17:48:56 Entrée dans ActionAccueil.php
02/03/2018 17:48:56 Entrée dans ActionProfil.php
02/03/2018 17:48:56 Entrée dans ActionAccueil.php
02/03/2018 18:04:13 Entrée dans ActionContact.php
02/03/2018 18:04:14 Entrée dans ActionContact.php
02/03/2018 20:31:18 Entrée dans ActionEcoleDeFoot.php
02/03/2018 23:27:32 Entrée dans ActionAccueil.php
02/03/2018 23:27:45 Entrée dans ActionClub.php
02/03/2018 23:27:55 Entrée dans ActionAgenda.php
02/03/2018 23:28:05 Entrée dans ActionJoueurs.php
02/03/2018 23:28:11 Entrée dans ActionSponsor.php
02/03/2018 23:28:25 Entrée dans ActionEvenement.php
02/03/2018 23:28:35 Entrée dans ActionEcoleDeFoot.php
03/03/2018 03:40:48 Entrée dans ActionEvenement.php
03/03/2018 04:03:52 Entrée dans ActionContact.php
03/03/2018 04:03:54 Entrée dans ActionContact.php
03/03/2018 05:56:32 Entrée dans ActionEvenement.php
03/03/2018 10:18:10 Entrée dans ActionContact.php
03/03/2018 10:18:11 Entrée dans ActionContact.php
03/03/2018 14:07:56 Entrée dans ActionAccueil.php
03/03/2018 14:09:35 Entrée dans ActionJoueurs.php
03/03/2018 14:09:55 Entrée dans ActionAccueil.php
03/03/2018 17:14:01 Entrée dans ActionEcoleDeFoot.php
03/03/2018 18:33:59 Entrée dans ActionClub.php
03/03/2018 18:34:11 Entrée dans ActionAgenda.php
03/03/2018 18:34:26 Entrée dans ActionSponsor.php
03/03/2018 18:35:45 Entrée dans ActionAccueil.php
03/03/2018 18:35:51 Entrée dans ActionJoueurs.php
03/03/2018 18:36:13 Entrée dans ActionEvenement.php
03/03/2018 21:26:25 Entrée dans ActionEcoleDeFoot.php
04/03/2018 00:47:49 Entrée dans ActionSponsor.php
04/03/2018 02:01:57 Entrée dans ActionContact.php
04/03/2018 02:02:01 Entrée dans ActionContact.php
04/03/2018 02:52:31 Entrée dans ActionEvenement.php
04/03/2018 04:54:14 Entrée dans ActionAccueil.php
04/03/2018 04:54:15 Entrée dans ActionEcoleDeFoot.php
04/03/2018 04:54:16 Entrée dans ActionClub.php
04/03/2018 04:54:29 Entrée dans ActionEvenement.php
04/03/2018 04:54:29 Entrée dans ActionAgenda.php
04/03/2018 05:37:12 Entrée dans ActionSponsor.php
04/03/2018 07:48:20 Entrée dans ActionContact.php
04/03/2018 07:48:21 Entrée dans ActionContact.php
04/03/2018 08:36:58 Entrée dans ActionJoueurs.php
04/03/2018 11:18:11 Entrée dans ActionAccueil.php
04/03/2018 15:28:23 Entrée dans ActionJoueurs.php
04/03/2018 16:53:02 Entrée dans ActionAccueil.php
04/03/2018 17:56:05 Entrée dans ActionContact.php
04/03/2018 17:56:06 Entrée dans ActionContact.php
04/03/2018 21:42:17 Entrée dans ActionAccueil.php
05/03/2018 09:14:40 Entrée dans ActionAccueil.php
05/03/2018 11:19:10 Entrée dans ActionAccueil.php
05/03/2018 11:19:11 Entrée dans ActionAccueil.php
05/03/2018 11:27:35 Entrée dans ActionContact.php
05/03/2018 11:27:36 Entrée dans ActionContact.php
05/03/2018 12:52:08 Entrée dans ActionSponsor.php
05/03/2018 14:08:41 Entrée dans ActionAccueil.php
05/03/2018 14:41:02 Entrée dans ActionAccueil.php
05/03/2018 15:22:29 Entrée dans ActionAccueil.php
05/03/2018 15:52:35 Entrée dans ActionAccueil.php
05/03/2018 15:52:38 Entrée dans ActionAccueil.php
05/03/2018 15:53:07 Entrée dans ActionJoueurs.php
05/03/2018 17:13:14 Entrée dans ActionAccueil.php
05/03/2018 17:40:03 Entrée dans ActionClub.php
05/03/2018 19:27:51 Entrée dans ActionContact.php
05/03/2018 19:27:52 Entrée dans ActionContact.php
05/03/2018 20:40:31 Entrée dans ActionEcoleDeFoot.php
05/03/2018 22:37:38 Entrée dans ActionAccueil.php
05/03/2018 22:43:08 Entrée dans ActionJoueurs.php
06/03/2018 14:03:36 Entrée dans ActionContact.php
06/03/2018 14:03:38 Entrée dans ActionContact.php
06/03/2018 14:48:00 Entrée dans ActionEvenement.php
06/03/2018 15:18:19 Entrée dans ActionContact.php
06/03/2018 15:18:20 Entrée dans ActionContact.php
07/03/2018 06:59:40 Entrée dans ActionEvenement.php
07/03/2018 06:59:40 Entrée dans ActionAgenda.php
07/03/2018 06:59:41 Entrée dans ActionAccueil.php
07/03/2018 06:59:41 Entrée dans ActionEcoleDeFoot.php
07/03/2018 06:59:41 Entrée dans ActionClub.php
07/03/2018 15:26:22 Entrée dans ActionAccueil.php
07/03/2018 15:26:22 Entrée dans ActionSponsor.php
07/03/2018 15:26:23 Entrée dans ActionEvenement.php
07/03/2018 15:26:23 Entrée dans ActionClub.php
07/03/2018 15:26:24 Entrée dans ActionAgenda.php
07/03/2018 15:26:25 Entrée dans ActionJoueurs.php
07/03/2018 15:26:26 Entrée dans ActionEcoleDeFoot.php
07/03/2018 15:26:27 Entrée dans ActionAccueil.php
07/03/2018 15:26:28 Entrée dans ActionSponsor.php
07/03/2018 15:26:28 Entrée dans ActionEvenement.php
07/03/2018 15:26:29 Entrée dans ActionClub.php
07/03/2018 15:26:30 Entrée dans ActionAgenda.php
07/03/2018 15:26:30 Entrée dans ActionJoueurs.php
07/03/2018 15:26:31 Entrée dans ActionEcoleDeFoot.php
07/03/2018 15:53:10 Entrée dans ActionAccueil.php
07/03/2018 15:53:14 Entrée dans ActionClub.php
07/03/2018 15:53:18 Entrée dans ActionJoueurs.php
07/03/2018 15:53:23 Entrée dans ActionEcoleDeFoot.php
07/03/2018 15:53:24 Entrée dans ActionAgenda.php
07/03/2018 15:53:26 Entrée dans ActionEvenement.php
07/03/2018 15:53:28 Entrée dans ActionSponsor.php
07/03/2018 18:39:33 Entrée dans ActionAccueil.php
08/03/2018 00:04:35 Entrée dans ActionAccueil.php
08/03/2018 05:35:12 Entrée dans ActionClub.php
08/03/2018 05:35:30 Entrée dans ActionJoueurs.php
08/03/2018 05:35:40 Entrée dans ActionSponsor.php
08/03/2018 05:36:00 Entrée dans ActionEvenement.php
08/03/2018 16:03:52 Entrée dans ActionSponsor.php
08/03/2018 18:06:52 Entrée dans ActionSponsor.php
08/03/2018 18:21:09 Entrée dans ActionEvenement.php
08/03/2018 18:21:09 Entrée dans ActionJoueurs.php
08/03/2018 18:21:10 Entrée dans ActionAgenda.php
08/03/2018 18:21:12 Entrée dans ActionSponsor.php
09/03/2018 00:12:21 Entrée dans ActionAccueil.php
09/03/2018 05:41:50 Entrée dans ActionEvenement.php
09/03/2018 06:05:47 Entrée dans ActionAccueil.php
09/03/2018 21:03:24 Entrée dans ActionClub.php
10/03/2018 00:01:49 Entrée dans ActionAccueil.php
10/03/2018 00:36:26 Entrée dans ActionClub.php
10/03/2018 00:59:10 Entrée dans ActionEcoleDeFoot.php
10/03/2018 01:08:49 Entrée dans ActionAgenda.php
10/03/2018 01:18:58 Entrée dans ActionEvenement.php
10/03/2018 01:29:05 Entrée dans ActionSponsor.php
10/03/2018 01:36:05 Entrée dans ActionAccueil.php
10/03/2018 01:36:12 Entrée dans ActionJoueurs.php
10/03/2018 01:36:53 Entrée dans ActionJoueurs.php
10/03/2018 14:48:54 Entrée dans ActionAccueil.php
10/03/2018 18:15:11 Entrée dans ActionAccueil.php
10/03/2018 19:04:50 Entrée dans ActionAccueil.php
10/03/2018 19:05:41 Entrée dans ActionJoueurs.php
10/03/2018 19:06:05 Entrée dans ActionClub.php
10/03/2018 19:06:33 Entrée dans ActionJoueurs.php
10/03/2018 19:34:51 Entrée dans ActionAccueil.php
10/03/2018 21:56:11 Entrée dans ActionAccueil.php
11/03/2018 00:07:46 Entrée dans ActionAccueil.php
11/03/2018 06:43:30 Entrée dans ActionClub.php
11/03/2018 06:52:01 Entrée dans ActionAccueil.php
11/03/2018 10:50:42 Entrée dans ActionAccueil.php
11/03/2018 10:50:50 Entrée dans ActionJoueurs.php
11/03/2018 10:52:43 Entrée dans ActionClub.php
11/03/2018 10:57:56 Entrée dans ActionAccueil.php
11/03/2018 10:58:02 Entrée dans ActionAgenda.php
11/03/2018 10:58:11 Entrée dans ActionAgenda.php
11/03/2018 10:58:18 Entrée dans ActionAgenda.php
11/03/2018 10:58:21 Entrée dans ActionAgenda.php
11/03/2018 10:58:29 Entrée dans ActionAgenda.php
11/03/2018 14:44:03 Entrée dans ActionSponsor.php
11/03/2018 15:44:36 Entrée dans ActionAccueil.php
11/03/2018 15:44:47 Entrée dans ActionJoueurs.php
11/03/2018 16:06:10 Entrée dans ActionAccueil.php
11/03/2018 16:40:12 Entrée dans ActionSponsor.php
11/03/2018 18:47:36 Entrée dans ActionAccueil.php
11/03/2018 18:48:42 Entrée dans ActionClub.php
11/03/2018 18:48:57 Entrée dans ActionEvenement.php
11/03/2018 18:49:21 Entrée dans ActionLogin.php
11/03/2018 18:49:52 Entrée dans ActionLogin.php
11/03/2018 18:50:07 Entrée dans ActionAgenda.php
11/03/2018 18:50:20 Entrée dans ActionAgenda.php
11/03/2018 18:50:25 Entrée dans ActionAgenda.php
11/03/2018 18:50:51 Entrée dans ActionAgenda.php
11/03/2018 21:39:20 Entrée dans ActionEcoleDeFoot.php
11/03/2018 22:20:36 Entrée dans ActionAccueil.php
11/03/2018 22:21:00 Entrée dans ActionJoueurs.php
12/03/2018 01:03:24 Entrée dans ActionEvenement.php
12/03/2018 05:45:51 Entrée dans ActionAccueil.php
12/03/2018 05:45:53 Entrée dans ActionEvenement.php
12/03/2018 05:45:54 Entrée dans ActionAgenda.php
12/03/2018 05:45:55 Entrée dans ActionClub.php
12/03/2018 05:45:55 Entrée dans ActionJoueurs.php
12/03/2018 05:45:56 Entrée dans ActionSponsor.php
12/03/2018 05:45:56 Entrée dans ActionEcoleDeFoot.php
12/03/2018 07:24:22 Entrée dans ActionAccueil.php
12/03/2018 07:24:26 Entrée dans ActionClub.php
12/03/2018 07:24:28 Entrée dans ActionJoueurs.php
12/03/2018 07:24:30 Entrée dans ActionEcoleDeFoot.php
12/03/2018 07:24:32 Entrée dans ActionAgenda.php
12/03/2018 07:24:34 Entrée dans ActionEvenement.php
12/03/2018 07:24:36 Entrée dans ActionSponsor.php
12/03/2018 10:27:56 Entrée dans ActionAccueil.php
12/03/2018 10:33:00 Entrée dans ActionAccueil.php
12/03/2018 11:14:55 Entrée dans ActionAccueil.php
12/03/2018 11:15:14 Entrée dans ActionClub.php
12/03/2018 15:13:49 Entrée dans ActionAccueil.php
12/03/2018 16:33:14 Entrée dans ActionSponsor.php
12/03/2018 16:33:17 Entrée dans ActionAccueil.php
12/03/2018 16:33:18 Entrée dans ActionClub.php
12/03/2018 16:33:18 Entrée dans ActionEcoleDeFoot.php
12/03/2018 16:33:21 Entrée dans ActionEvenement.php
12/03/2018 16:33:21 Entrée dans ActionJoueurs.php
12/03/2018 16:33:22 Entrée dans ActionAgenda.php
12/03/2018 21:35:24 Entrée dans ActionAccueil.php
12/03/2018 21:37:12 Entrée dans ActionClub.php
12/03/2018 21:37:14 Entrée dans ActionJoueurs.php
12/03/2018 21:37:19 Entrée dans ActionEcoleDeFoot.php
12/03/2018 21:37:23 Entrée dans ActionAgenda.php
12/03/2018 21:37:35 Entrée dans ActionEvenement.php
12/03/2018 21:37:49 Entrée dans ActionSponsor.php
12/03/2018 21:37:51 Entrée dans ActionEvenement.php
12/03/2018 21:37:53 Entrée dans ActionSponsor.php
12/03/2018 21:38:15 Entrée dans ActionSponsor.php
12/03/2018 22:48:14 Entrée dans ActionAccueil.php
13/03/2018 04:48:03 Entrée dans ActionJoueurs.php
13/03/2018 11:04:06 Entrée dans ActionClub.php
13/03/2018 11:04:19 Entrée dans ActionClub.php
13/03/2018 11:04:21 Entrée dans ActionJoueurs.php
13/03/2018 11:04:45 Entrée dans ActionClub.php
13/03/2018 14:00:38 Entrée dans ActionJoueurs.php
13/03/2018 14:23:13 Entrée dans ActionAccueil.php
13/03/2018 14:54:29 Entrée dans ActionClub.php
13/03/2018 14:56:27 Entrée dans ActionEvenement.php
13/03/2018 17:25:31 Entrée dans ActionClub.php
13/03/2018 18:45:50 Entrée dans ActionAccueil.php
13/03/2018 21:27:36 Entrée dans ActionEcoleDeFoot.php
13/03/2018 22:39:32 Entrée dans ActionAccueil.php
13/03/2018 22:40:06 Entrée dans ActionJoueurs.php
13/03/2018 22:40:35 Entrée dans ActionEvenement.php
13/03/2018 22:40:59 Entrée dans ActionAccueil.php
13/03/2018 22:41:27 Entrée dans ActionEcoleDeFoot.php
13/03/2018 22:41:38 Entrée dans ActionJoueurs.php
13/03/2018 22:41:46 Entrée dans ActionClub.php
13/03/2018 22:42:59 Entrée dans ActionSponsor.php
13/03/2018 23:34:19 Entrée dans ActionAccueil.php
13/03/2018 23:34:24 Entrée dans ActionClub.php
13/03/2018 23:34:27 Entrée dans ActionJoueurs.php
13/03/2018 23:34:31 Entrée dans ActionEcoleDeFoot.php
13/03/2018 23:34:33 Entrée dans ActionAgenda.php
13/03/2018 23:34:36 Entrée dans ActionEvenement.php
13/03/2018 23:34:39 Entrée dans ActionSponsor.php
14/03/2018 06:26:15 Entrée dans ActionJoueurs.php
14/03/2018 06:37:53 Entrée dans ActionAccueil.php
14/03/2018 07:25:44 Entrée dans ActionContact.php
14/03/2018 11:27:42 Entrée dans ActionAccueil.php
14/03/2018 12:01:02 Entrée dans ActionAccueil.php
14/03/2018 14:05:02 Entrée dans ActionAccueil.php
14/03/2018 14:05:31 Entrée dans ActionJoueurs.php
14/03/2018 16:20:10 Entrée dans ActionAccueil.php
14/03/2018 16:20:56 Entrée dans ActionJoueurs.php
14/03/2018 16:21:07 Entrée dans ActionClub.php
14/03/2018 16:25:13 Entrée dans ActionAccueil.php
14/03/2018 16:25:26 Entrée dans ActionClub.php
14/03/2018 22:45:31 Entrée dans ActionEvenement.php
14/03/2018 23:13:50 Entrée dans ActionAccueil.php
14/03/2018 23:55:23 Entrée dans ActionAccueil.php
14/03/2018 23:56:55 Entrée dans ActionClub.php
14/03/2018 23:57:25 Entrée dans ActionJoueurs.php
14/03/2018 23:57:55 Entrée dans ActionEcoleDeFoot.php
14/03/2018 23:58:25 Entrée dans ActionAgenda.php
14/03/2018 23:58:56 Entrée dans ActionEvenement.php
14/03/2018 23:59:26 Entrée dans ActionSponsor.php
15/03/2018 01:58:08 Entrée dans ActionSponsor.php
15/03/2018 04:50:34 Entrée dans ActionJoueurs.php
15/03/2018 10:34:56 Entrée dans ActionClub.php
15/03/2018 13:08:46 Entrée dans ActionEcoleDeFoot.php
15/03/2018 14:16:59 Entrée dans ActionAccueil.php
15/03/2018 15:47:58 Entrée dans ActionClub.php
15/03/2018 15:48:11 Entrée dans ActionJoueurs.php
15/03/2018 15:48:23 Entrée dans ActionSponsor.php
15/03/2018 15:48:47 Entrée dans ActionEvenement.php
16/03/2018 03:11:55 Entrée dans ActionAccueil.php
16/03/2018 03:32:19 Entrée dans ActionClub.php
16/03/2018 03:33:24 Entrée dans ActionJoueurs.php
16/03/2018 08:41:51 Entrée dans ActionEcoleDeFoot.php
16/03/2018 08:41:51 Entrée dans ActionAccueil.php
16/03/2018 08:41:52 Entrée dans ActionClub.php
16/03/2018 08:42:19 Entrée dans ActionSponsor.php
16/03/2018 13:26:43 Entrée dans ActionAccueil.php
16/03/2018 13:30:09 Entrée dans ActionAccueil.php
16/03/2018 16:22:56 Entrée dans ActionAccueil.php
16/03/2018 16:35:36 Entrée dans ActionAccueil.php
16/03/2018 16:46:01 Entrée dans ActionAccueil.php
16/03/2018 16:46:25 Entrée dans ActionJoueurs.php
16/03/2018 17:20:46 Entrée dans ActionEvenement.php
16/03/2018 22:34:24 Entrée dans ActionAccueil.php
16/03/2018 23:34:02 Entrée dans ActionAccueil.php
17/03/2018 00:03:59 Entrée dans ActionClub.php
17/03/2018 00:13:27 Entrée dans ActionJoueurs.php
17/03/2018 00:25:03 Entrée dans ActionEcoleDeFoot.php
17/03/2018 00:31:39 Entrée dans ActionAgenda.php
17/03/2018 00:38:12 Entrée dans ActionEvenement.php
17/03/2018 00:46:43 Entrée dans ActionSponsor.php
17/03/2018 01:29:38 Entrée dans ActionJoueurs.php
17/03/2018 06:52:34 Entrée dans ActionAccueil.php
17/03/2018 06:54:44 Entrée dans ActionEcoleDeFoot.php
17/03/2018 07:33:57 Entrée dans ActionAccueil.php
17/03/2018 07:35:29 Entrée dans ActionClub.php
17/03/2018 07:40:20 Entrée dans ActionEvenement.php
17/03/2018 07:40:58 Entrée dans ActionSponsor.php
17/03/2018 12:45:36 Entrée dans ActionClub.php
17/03/2018 13:27:56 Entrée dans ActionClub.php
17/03/2018 17:20:33 Entrée dans ActionAccueil.php
17/03/2018 19:33:11 Entrée dans ActionEvenement.php
17/03/2018 21:18:00 Entrée dans ActionAccueil.php
17/03/2018 21:19:48 Entrée dans ActionEcoleDeFoot.php
17/03/2018 21:20:21 Entrée dans ActionAccueil.php
17/03/2018 21:20:52 Entrée dans ActionEcoleDeFoot.php
17/03/2018 21:21:00 Entrée dans ActionJoueurs.php
17/03/2018 21:32:56 Entrée dans ActionAccueil.php
17/03/2018 21:33:27 Entrée dans ActionEvenement.php
17/03/2018 22:18:18 Entrée dans ActionClub.php
17/03/2018 22:37:55 Entrée dans ActionAccueil.php
17/03/2018 22:38:31 Entrée dans ActionEcoleDeFoot.php
17/03/2018 22:52:15 Entrée dans ActionSponsor.php
18/03/2018 02:02:44 Entrée dans ActionJoueurs.php
18/03/2018 03:15:46 Entrée dans ActionAccueil.php
18/03/2018 10:10:34 Entrée dans ActionAccueil.php
18/03/2018 10:57:54 Entrée dans ActionAccueil.php
18/03/2018 10:57:54 Entrée dans ActionEcoleDeFoot.php
18/03/2018 11:03:12 Entrée dans ActionClub.php
18/03/2018 11:04:36 Entrée dans ActionEvenement.php
18/03/2018 11:04:38 Entrée dans ActionAgenda.php
18/03/2018 11:09:11 Entrée dans ActionSponsor.php
18/03/2018 11:09:12 Entrée dans ActionAgenda.php
18/03/2018 11:09:12 Entrée dans ActionEvenement.php
18/03/2018 11:09:13 Entrée dans ActionJoueurs.php
18/03/2018 11:12:27 Entrée dans ActionClub.php
18/03/2018 11:12:30 Entrée dans ActionEcoleDeFoot.php
18/03/2018 11:12:33 Entrée dans ActionEvenement.php
18/03/2018 11:12:34 Entrée dans ActionAccueil.php
18/03/2018 11:12:36 Entrée dans ActionClub.php
18/03/2018 11:12:37 Entrée dans ActionJoueurs.php
18/03/2018 11:12:39 Entrée dans ActionEcoleDeFoot.php
18/03/2018 11:12:41 Entrée dans ActionAgenda.php
18/03/2018 11:12:43 Entrée dans ActionEvenement.php
18/03/2018 11:12:45 Entrée dans ActionSponsor.php
18/03/2018 11:12:50 Entrée dans ActionClub.php
18/03/2018 11:12:59 Entrée dans ActionEcoleDeFoot.php
18/03/2018 11:13:20 Entrée dans ActionEcoleDeFoot.php
18/03/2018 11:13:21 Entrée dans ActionJoueurs.php
18/03/2018 11:13:33 Entrée dans ActionAccueil.php
18/03/2018 11:17:01 Entrée dans ActionEcoleDeFoot.php
18/03/2018 11:17:01 Entrée dans ActionAccueil.php
18/03/2018 11:17:01 Entrée dans ActionClub.php
18/03/2018 15:41:44 Entrée dans ActionAccueil.php
18/03/2018 15:41:48 Entrée dans ActionLogin.php
18/03/2018 15:41:48 Authentification de tsutter.
18/03/2018 15:41:48 Entrée dans ActionProfil.php
18/03/2018 15:41:50 Entrée dans ActionRencontre.php
18/03/2018 15:41:51 Entrée dans GestionResultats.php
18/03/2018 15:43:03 Entrée dans GestionResultats.php
18/03/2018 15:43:37 Entrée dans ActionRencontre.php
18/03/2018 15:43:47 Entrée dans ActionRencontre.php
18/03/2018 15:43:57 Entrée dans ActionRencontre.php
18/03/2018 15:44:02 Entrée dans RechercherRencontre.php
18/03/2018 15:44:08 Entrée dans ActionRencontre.php
18/03/2018 15:44:12 Entrée dans ActionRencontre.php
18/03/2018 15:44:13 Entrée dans GestionResultats.php
18/03/2018 15:44:26 Entrée dans GestionResultats.php
18/03/2018 15:44:33 Entrée dans GestionResultats.php
18/03/2018 15:45:10 Entrée dans ActionRencontre.php
18/03/2018 15:45:16 Entrée dans ActionRencontre.php
18/03/2018 15:45:24 Entrée dans RechercherRencontre.php
18/03/2018 15:45:30 Entrée dans ActionRencontre.php
18/03/2018 15:46:09 Entrée dans GestionResultats.php
18/03/2018 15:46:19 Entrée dans GestionResultats.php
18/03/2018 15:47:34 Entrée dans ActionAccueil.php
18/03/2018 17:56:16 Entrée dans ActionAccueil.php
18/03/2018 17:56:41 Entrée dans ActionJoueurs.php
18/03/2018 17:57:29 Entrée dans ActionClub.php
18/03/2018 21:55:47 Entrée dans ActionAccueil.php
18/03/2018 22:16:37 Entrée dans ActionAccueil.php
18/03/2018 22:16:56 Entrée dans ActionJoueurs.php
18/03/2018 22:17:15 Entrée dans ActionClub.php
19/03/2018 02:05:12 Entrée dans ActionJoueurs.php
19/03/2018 05:10:22 Entrée dans ActionAccueil.php
19/03/2018 05:10:35 Entrée dans ActionClub.php
19/03/2018 05:10:45 Entrée dans ActionAgenda.php
19/03/2018 05:10:55 Entrée dans ActionJoueurs.php
19/03/2018 05:11:00 Entrée dans ActionSponsor.php
19/03/2018 05:11:15 Entrée dans ActionEvenement.php
19/03/2018 05:11:25 Entrée dans ActionEcoleDeFoot.php
19/03/2018 10:08:58 Entrée dans ActionEcoleDeFoot.php
19/03/2018 11:00:42 Entrée dans ActionClub.php
19/03/2018 11:19:56 Entrée dans ActionAccueil.php
19/03/2018 11:20:12 Entrée dans ActionAccueil.php
19/03/2018 11:20:17 Entrée dans ActionJoueurs.php
19/03/2018 14:47:49 Entrée dans ActionAgenda.php
19/03/2018 20:06:32 Entrée dans ActionAccueil.php
19/03/2018 20:07:03 Entrée dans ActionLogin.php
19/03/2018 20:07:03 Authentification de vdasilva.
19/03/2018 20:07:03 Entrée dans ActionProfil.php
19/03/2018 20:07:17 Entrée dans ActionAccueil.php
19/03/2018 20:07:17 Entrée dans ActionAccueil.php
19/03/2018 20:07:32 Entrée dans ActionLogin.php
19/03/2018 20:07:32 Authentification de vdasilva.
19/03/2018 20:07:32 Entrée dans ActionProfil.php
19/03/2018 20:08:19 Entrée dans ActionProfil.php
19/03/2018 20:08:42 Entrée dans GestionResultats.php
19/03/2018 20:08:49 Entrée dans ActionArticle.php
19/03/2018 20:08:53 Entrée dans ActionAccueil.php
19/03/2018 20:09:54 Entrée dans ActionAccueil.php
19/03/2018 20:10:10 Entrée dans ActionProfil.php
19/03/2018 20:10:18 Entrée dans ActionRencontre.php
19/03/2018 20:10:39 Entrée dans ActionAccueil.php
19/03/2018 20:10:39 Entrée dans ActionAccueil.php
19/03/2018 20:11:07 Entrée dans ActionLogin.php
19/03/2018 20:11:07 Authentification de fdasilva.
19/03/2018 20:11:07 Entrée dans ActionProfil.php
19/03/2018 20:11:15 Entrée dans ActionAccueil.php
19/03/2018 20:11:15 Entrée dans ActionAccueil.php
19/03/2018 20:11:26 Entrée dans ActionLogin.php
19/03/2018 20:11:26 Authentification de tsutter.
19/03/2018 20:11:26 Entrée dans ActionProfil.php
19/03/2018 20:11:34 Entrée dans ActionAccueil.php
19/03/2018 20:48:22 Entrée dans ActionAccueil.php
19/03/2018 20:48:23 Entrée dans ActionAccueil.php
19/03/2018 20:48:57 Entrée dans ActionClub.php
20/03/2018 00:09:34 Entrée dans ActionEvenement.php
20/03/2018 00:16:41 Entrée dans ActionAgenda.php
20/03/2018 04:35:50 Entrée dans ActionSponsor.php
20/03/2018 10:39:35 Entrée dans ActionAccueil.php
20/03/2018 13:21:49 Entrée dans ActionEvenement.php
20/03/2018 16:27:20 Entrée dans ActionSponsor.php
20/03/2018 19:04:42 Entrée dans ActionJoueurs.php
20/03/2018 19:04:48 Entrée dans ActionAccueil.php
21/03/2018 11:08:50 Entrée dans ActionAccueil.php
21/03/2018 11:09:01 Entrée dans ActionJoueurs.php
21/03/2018 11:09:14 Entrée dans ActionAgenda.php
21/03/2018 11:09:25 Entrée dans ActionEvenement.php
21/03/2018 16:49:17 Entrée dans ActionContact.php
22/03/2018 23:47:13 Entrée dans ActionContact.php
23/03/2018 05:06:43 Entrée dans ActionEvenement.php
23/03/2018 13:02:08 Entrée dans ActionAccueil.php
23/03/2018 13:35:45 Entrée dans ActionClub.php
23/03/2018 13:44:24 Entrée dans ActionJoueurs.php
23/03/2018 13:44:52 Entrée dans ActionAccueil.php
23/03/2018 13:52:28 Entrée dans ActionEcoleDeFoot.php
23/03/2018 14:00:35 Entrée dans ActionAgenda.php
23/03/2018 14:08:41 Entrée dans ActionEvenement.php
23/03/2018 14:24:55 Entrée dans ActionSponsor.php
24/03/2018 04:07:22 Entrée dans ActionJoueurs.php
24/03/2018 04:07:22 Entrée dans ActionAgenda.php
24/03/2018 04:07:23 Entrée dans ActionEvenement.php
24/03/2018 04:08:56 Entrée dans ActionSponsor.php
24/03/2018 04:10:39 Entrée dans ActionEcoleDeFoot.php
24/03/2018 04:10:39 Entrée dans ActionClub.php
24/03/2018 04:10:39 Entrée dans ActionAccueil.php
24/03/2018 07:18:37 Entrée dans ActionAccueil.php
24/03/2018 07:57:41 Entrée dans ActionAccueil.php
24/03/2018 12:39:54 Entrée dans ActionAccueil.php
24/03/2018 12:40:34 Entrée dans ActionEvenement.php
24/03/2018 12:40:49 Entrée dans ActionEvenement.php
24/03/2018 12:41:00 Entrée dans ActionSponsor.php
24/03/2018 12:41:26 Entrée dans ActionClub.php
24/03/2018 12:49:51 Entrée dans ActionAgenda.php
24/03/2018 12:53:52 Entrée dans ActionAccueil.php
24/03/2018 13:19:18 Entrée dans ActionAccueil.php
24/03/2018 17:03:41 Entrée dans ActionAccueil.php
24/03/2018 17:04:08 Entrée dans ActionJoueurs.php
24/03/2018 17:04:30 Entrée dans ActionClub.php
24/03/2018 17:14:24 Entrée dans ActionAccueil.php
24/03/2018 17:14:26 Entrée dans ActionAccueil.php
24/03/2018 17:14:26 Entrée dans ActionAccueil.php
24/03/2018 17:15:07 Entrée dans ActionAgenda.php
24/03/2018 17:15:51 Entrée dans ActionAgenda.php
24/03/2018 20:57:16 Entrée dans ActionAccueil.php
24/03/2018 21:03:01 Entrée dans ActionAccueil.php
24/03/2018 22:00:38 Entrée dans ActionEvenement.php
25/03/2018 03:36:26 Entrée dans ActionAccueil.php
25/03/2018 03:46:05 Entrée dans ActionAccueil.php
25/03/2018 03:47:13 Entrée dans ActionEcoleDeFoot.php
25/03/2018 03:48:58 Entrée dans ActionClub.php
25/03/2018 08:20:52 Entrée dans ActionAccueil.php
25/03/2018 08:20:54 Entrée dans ActionClub.php
25/03/2018 08:21:01 Entrée dans ActionJoueurs.php
25/03/2018 08:21:03 Entrée dans ActionEcoleDeFoot.php
25/03/2018 08:21:07 Entrée dans ActionAgenda.php
25/03/2018 08:21:09 Entrée dans ActionEvenement.php
25/03/2018 08:21:10 Entrée dans ActionSponsor.php
25/03/2018 09:06:20 Entrée dans ActionJoueurs.php
25/03/2018 10:05:35 Entrée dans ActionAccueil.php
25/03/2018 10:35:15 Entrée dans ActionAccueil.php
25/03/2018 10:36:10 Entrée dans ActionJoueurs.php
25/03/2018 10:36:27 Entrée dans ActionJoueurs.php
25/03/2018 10:36:29 Entrée dans ActionClub.php
25/03/2018 10:42:44 Entrée dans ActionAccueil.php
25/03/2018 13:12:11 Entrée dans ActionAccueil.php
25/03/2018 13:41:37 Entrée dans ActionAgenda.php
25/03/2018 13:56:54 Entrée dans ActionAccueil.php
25/03/2018 18:55:12 Entrée dans ActionClub.php
25/03/2018 21:12:52 Entrée dans ActionEcoleDeFoot.php
25/03/2018 21:12:56 Entrée dans ActionAgenda.php
25/03/2018 21:13:09 Entrée dans ActionEvenement.php
25/03/2018 21:13:11 Entrée dans ActionClub.php
25/03/2018 21:13:14 Entrée dans ActionJoueurs.php
25/03/2018 21:13:21 Entrée dans ActionEcoleDeFoot.php
25/03/2018 21:13:36 Entrée dans ActionAccueil.php
26/03/2018 00:00:49 Entrée dans ActionAccueil.php
26/03/2018 00:48:52 Entrée dans ActionAgenda.php
26/03/2018 03:32:59 Entrée dans ActionJoueurs.php
26/03/2018 04:06:16 Entrée dans ActionAccueil.php
26/03/2018 04:06:20 Entrée dans ActionClub.php
26/03/2018 04:06:22 Entrée dans ActionJoueurs.php
26/03/2018 04:06:24 Entrée dans ActionEcoleDeFoot.php
26/03/2018 04:06:26 Entrée dans ActionAgenda.php
26/03/2018 04:06:29 Entrée dans ActionEvenement.php
26/03/2018 04:06:31 Entrée dans ActionSponsor.php
26/03/2018 06:17:13 Entrée dans ActionEcoleDeFoot.php
26/03/2018 06:17:13 Entrée dans ActionClub.php
26/03/2018 06:17:13 Entrée dans ActionAccueil.php
26/03/2018 06:17:24 Entrée dans ActionJoueurs.php
26/03/2018 06:17:24 Entrée dans ActionAgenda.php
26/03/2018 06:17:24 Entrée dans ActionEvenement.php
26/03/2018 07:34:45 Entrée dans ActionAccueil.php
26/03/2018 07:35:15 Entrée dans ActionJoueurs.php
26/03/2018 08:12:47 Entrée dans ActionAccueil.php
26/03/2018 09:33:12 Entrée dans ActionAccueil.php
26/03/2018 09:33:39 Entrée dans ActionClub.php
26/03/2018 09:33:53 Entrée dans ActionEvenement.php
26/03/2018 11:00:34 Entrée dans ActionAccueil.php
26/03/2018 11:03:46 Entrée dans ActionAccueil.php
26/03/2018 11:04:15 Entrée dans ActionClub.php
26/03/2018 11:04:18 Entrée dans ActionJoueurs.php
26/03/2018 11:04:20 Entrée dans ActionEcoleDeFoot.php
26/03/2018 11:04:23 Entrée dans ActionAgenda.php
26/03/2018 11:04:45 Entrée dans ActionJoueurs.php
26/03/2018 13:36:03 Entrée dans ActionAccueil.php
26/03/2018 13:36:20 Entrée dans ActionJoueurs.php
26/03/2018 13:36:46 Entrée dans ActionAgenda.php
26/03/2018 13:37:07 Entrée dans ActionAgenda.php
26/03/2018 13:37:13 Entrée dans ActionAgenda.php
26/03/2018 13:38:01 Entrée dans ActionAgenda.php
26/03/2018 13:38:04 Entrée dans ActionEvenement.php
26/03/2018 13:38:08 Entrée dans ActionClub.php
26/03/2018 13:38:12 Entrée dans ActionJoueurs.php
26/03/2018 13:38:21 Entrée dans ActionAccueil.php
26/03/2018 19:53:43 Entrée dans ActionEvenement.php
26/03/2018 19:57:49 Entrée dans ActionAccueil.php
26/03/2018 19:58:04 Entrée dans ActionJoueurs.php
26/03/2018 22:30:21 Entrée dans ActionAccueil.php
26/03/2018 23:51:00 Entrée dans ActionAccueil.php
26/03/2018 23:51:19 Entrée dans ActionJoueurs.php
26/03/2018 23:51:55 Entrée dans ActionClub.php
27/03/2018 00:34:26 Entrée dans ActionJoueurs.php
27/03/2018 00:43:04 Entrée dans ActionClub.php
27/03/2018 03:25:30 Entrée dans ActionJoueurs.php
27/03/2018 05:07:00 Entrée dans ActionJoueurs.php
27/03/2018 09:40:00 Entrée dans ActionAccueil.php
27/03/2018 09:49:25 Entrée dans ActionClub.php
27/03/2018 09:53:07 Entrée dans ActionJoueurs.php
27/03/2018 09:57:12 Entrée dans ActionEcoleDeFoot.php
27/03/2018 10:00:15 Entrée dans ActionAgenda.php
27/03/2018 10:03:59 Entrée dans ActionEvenement.php
27/03/2018 10:07:03 Entrée dans ActionSponsor.php
27/03/2018 13:30:54 Entrée dans ActionAccueil.php
27/03/2018 13:31:10 Entrée dans ActionJoueurs.php
27/03/2018 18:27:11 Entrée dans ActionEcoleDeFoot.php
27/03/2018 20:02:08 Entrée dans ActionJoueurs.php
27/03/2018 21:29:10 Entrée dans ActionAccueil.php
28/03/2018 00:29:00 Entrée dans ActionAccueil.php
28/03/2018 15:16:20 Entrée dans ActionAccueil.php
28/03/2018 15:17:11 Entrée dans ActionJoueurs.php
28/03/2018 16:33:08 Entrée dans ActionClub.php
28/03/2018 16:33:42 Entrée dans ActionClub.php
28/03/2018 16:35:25 Entrée dans ActionClub.php
28/03/2018 16:35:40 Entrée dans ActionClub.php
28/03/2018 16:35:58 Entrée dans ActionEvenement.php
28/03/2018 16:38:19 Entrée dans ActionEcoleDeFoot.php
28/03/2018 16:39:54 Entrée dans ActionAccueil.php
28/03/2018 18:55:18 Entrée dans ActionAccueil.php
28/03/2018 18:55:52 Entrée dans ActionEvenement.php
28/03/2018 18:56:09 Entrée dans ActionClub.php
28/03/2018 18:56:24 Entrée dans ActionJoueurs.php
28/03/2018 18:56:40 Entrée dans ActionSponsor.php
28/03/2018 19:54:32 Entrée dans ActionAccueil.php
28/03/2018 21:51:57 Entrée dans ActionAccueil.php
29/03/2018 01:05:41 Entrée dans ActionAccueil.php
29/03/2018 11:36:00 Entrée dans ActionJoueurs.php
29/03/2018 11:36:04 Entrée dans ActionJoueurs.php
29/03/2018 11:36:07 Entrée dans ActionEvenement.php
29/03/2018 12:28:51 Entrée dans ActionSponsor.php
29/03/2018 12:28:56 Entrée dans ActionAccueil.php
29/03/2018 12:28:56 Entrée dans ActionEcoleDeFoot.php
29/03/2018 12:28:56 Entrée dans ActionClub.php
29/03/2018 12:50:31 Entrée dans ActionAccueil.php
29/03/2018 12:50:47 Entrée dans ActionClub.php
29/03/2018 12:50:56 Entrée dans ActionAgenda.php
29/03/2018 12:51:04 Entrée dans ActionSponsor.php
29/03/2018 12:51:13 Entrée dans ActionJoueurs.php
29/03/2018 12:51:21 Entrée dans ActionEvenement.php
29/03/2018 12:51:31 Entrée dans ActionEcoleDeFoot.php
29/03/2018 15:20:15 Entrée dans ActionAccueil.php
30/03/2018 07:38:44 Entrée dans ActionClub.php
30/03/2018 07:56:55 Entrée dans ActionAccueil.php
30/03/2018 10:44:25 Entrée dans ActionClub.php
30/03/2018 13:10:27 Entrée dans ActionAccueil.php
30/03/2018 18:50:46 Entrée dans ActionContact.php
31/03/2018 02:52:18 Entrée dans ActionAccueil.php
31/03/2018 02:56:37 Entrée dans ActionAccueil.php
31/03/2018 05:51:05 Entrée dans ActionAccueil.php
31/03/2018 11:08:07 Entrée dans ActionAccueil.php
31/03/2018 11:08:07 Entrée dans ActionEcoleDeFoot.php
31/03/2018 11:08:08 Entrée dans ActionClub.php
31/03/2018 11:08:12 Entrée dans ActionAgenda.php
31/03/2018 11:08:13 Entrée dans ActionEvenement.php
31/03/2018 11:08:34 Entrée dans ActionSponsor.php
31/03/2018 12:22:54 Entrée dans ActionEcoleDeFoot.php
31/03/2018 14:06:45 Entrée dans ActionSponsor.php
31/03/2018 14:07:03 Entrée dans ActionAccueil.php
31/03/2018 14:07:03 Entrée dans ActionClub.php
31/03/2018 14:07:04 Entrée dans ActionEcoleDeFoot.php
31/03/2018 14:07:14 Entrée dans ActionJoueurs.php
31/03/2018 14:07:15 Entrée dans ActionAgenda.php
31/03/2018 14:07:15 Entrée dans ActionEvenement.php
31/03/2018 15:39:00 Entrée dans ActionAccueil.php
31/03/2018 15:41:23 Entrée dans ActionAccueil.php
31/03/2018 15:43:12 Entrée dans ActionLogin.php
31/03/2018 15:43:56 Entrée dans ActionAccueil.php
31/03/2018 20:26:42 Entrée dans ActionClub.php
31/03/2018 21:47:29 Entrée dans ActionAccueil.php
31/03/2018 21:47:43 Entrée dans ActionEcoleDeFoot.php
