01/05/2018 14:20:50 Entrée dans ActionAccueil.php
01/05/2018 14:21:12 Entrée dans ActionJoueurs.php
01/05/2018 19:04:25 Entrée dans ActionAccueil.php
01/05/2018 19:05:25 Entrée dans ActionEvenement.php
01/05/2018 19:05:44 Entrée dans ActionEcoleDeFoot.php
02/05/2018 02:38:26 Entrée dans ActionEvenement.php
02/05/2018 03:46:50 Entrée dans ActionSponsor.php
02/05/2018 05:09:50 Entrée dans ActionAccueil.php
02/05/2018 08:33:51 Entrée dans ActionAccueil.php
02/05/2018 08:33:52 Entrée dans ActionClub.php
02/05/2018 08:33:52 Entrée dans ActionJoueurs.php
02/05/2018 08:33:52 Entrée dans ActionEcoleDeFoot.php
02/05/2018 08:33:52 Entrée dans ActionAgenda.php
02/05/2018 08:33:52 Entrée dans ActionEvenement.php
02/05/2018 08:33:52 Entrée dans ActionSponsor.php
02/05/2018 15:46:15 Entrée dans ActionAccueil.php
02/05/2018 16:06:23 Entrée dans ActionClub.php
02/05/2018 20:22:21 Entrée dans ActionAccueil.php
02/05/2018 20:22:58 Entrée dans ActionAgenda.php
02/05/2018 20:41:15 Entrée dans ActionJoueurs.php
02/05/2018 22:33:02 Entrée dans ActionAccueil.php
03/05/2018 16:40:41 Entrée dans ActionSponsor.php
04/05/2018 10:33:31 Entrée dans ActionAccueil.php
04/05/2018 10:33:34 Entrée dans ActionClub.php
04/05/2018 10:33:36 Entrée dans ActionJoueurs.php
04/05/2018 10:33:37 Entrée dans ActionEcoleDeFoot.php
04/05/2018 10:33:39 Entrée dans ActionAgenda.php
04/05/2018 10:33:42 Entrée dans ActionEvenement.php
04/05/2018 10:33:48 Entrée dans ActionSponsor.php
04/05/2018 12:40:20 Entrée dans ActionAccueil.php
04/05/2018 13:24:09 Entrée dans ActionAccueil.php
04/05/2018 13:24:43 Entrée dans ActionJoueurs.php
04/05/2018 13:24:43 Entrée dans ActionJoueurs.php
04/05/2018 13:27:27 Entrée dans ActionEvenement.php
04/05/2018 14:12:42 Entrée dans ActionAccueil.php
04/05/2018 15:32:32 Entrée dans ActionAccueil.php
04/05/2018 19:09:16 Entrée dans ActionJoueurs.php
04/05/2018 20:00:03 Entrée dans ActionAccueil.php
04/05/2018 20:00:03 Entrée dans ActionAccueil.php
04/05/2018 20:00:54 Entrée dans ActionJoueurs.php
04/05/2018 20:01:06 Entrée dans ActionEvenement.php
04/05/2018 21:13:43 Entrée dans ActionClub.php
04/05/2018 22:59:24 Entrée dans ActionAccueil.php
04/05/2018 23:10:01 Entrée dans ActionAccueil.php
05/05/2018 23:09:41 Entrée dans ActionAccueil.php
05/05/2018 23:09:54 Entrée dans ActionEcoleDeFoot.php
06/05/2018 05:10:46 Entrée dans ActionEvenement.php
06/05/2018 05:11:15 Entrée dans ActionJoueurs.php
06/05/2018 08:06:04 Entrée dans ActionClub.php
06/05/2018 09:07:00 Entrée dans ActionAccueil.php
06/05/2018 12:56:00 Entrée dans ActionAccueil.php
06/05/2018 12:56:44 Entrée dans ActionJoueurs.php
06/05/2018 12:58:15 Entrée dans ActionAgenda.php
06/05/2018 12:58:29 Entrée dans ActionAgenda.php
06/05/2018 12:58:43 Entrée dans ActionAgenda.php
06/05/2018 12:58:57 Entrée dans ActionClub.php
06/05/2018 12:59:15 Entrée dans ActionJoueurs.php
06/05/2018 12:59:35 Entrée dans ActionEvenement.php
06/05/2018 12:59:44 Entrée dans ActionJoueurs.php
06/05/2018 13:00:32 Entrée dans ActionJoueurs.php
06/05/2018 14:28:18 Entrée dans ActionAccueil.php
06/05/2018 14:29:00 Entrée dans ActionJoueurs.php
06/05/2018 14:34:03 Entrée dans ActionJoueurs.php
06/05/2018 14:34:28 Entrée dans ActionAgenda.php
06/05/2018 15:18:06 Entrée dans ActionAccueil.php
06/05/2018 15:53:28 Entrée dans ActionAccueil.php
06/05/2018 15:54:52 Entrée dans ActionAccueil.php
06/05/2018 18:03:52 Entrée dans ActionAccueil.php
06/05/2018 19:34:52 Entrée dans ActionSponsor.php
06/05/2018 19:34:55 Entrée dans ActionEcoleDeFoot.php
06/05/2018 19:34:55 Entrée dans ActionClub.php
06/05/2018 19:34:55 Entrée dans ActionAccueil.php
06/05/2018 19:41:21 Entrée dans ActionAccueil.php
06/05/2018 20:16:20 Entrée dans ActionAccueil.php
06/05/2018 20:37:32 Entrée dans ActionContact.php
07/05/2018 04:47:56 Entrée dans ActionAccueil.php
07/05/2018 04:48:01 Entrée dans ActionClub.php
07/05/2018 04:48:03 Entrée dans ActionJoueurs.php
07/05/2018 04:48:05 Entrée dans ActionEcoleDeFoot.php
07/05/2018 04:48:07 Entrée dans ActionAgenda.php
07/05/2018 04:48:10 Entrée dans ActionEvenement.php
07/05/2018 04:48:12 Entrée dans ActionSponsor.php
07/05/2018 17:12:21 Entrée dans ActionAccueil.php
07/05/2018 17:12:32 Entrée dans ActionJoueurs.php
07/05/2018 20:22:10 Entrée dans ActionClub.php
08/05/2018 01:26:06 Entrée dans ActionAccueil.php
08/05/2018 06:44:05 Entrée dans ActionAgenda.php
08/05/2018 06:44:35 Entrée dans ActionAgenda.php
08/05/2018 20:43:39 Entrée dans ActionEvenement.php
08/05/2018 20:43:40 Entrée dans ActionJoueurs.php
08/05/2018 20:43:40 Entrée dans ActionAgenda.php
08/05/2018 20:43:43 Entrée dans ActionSponsor.php
08/05/2018 20:43:48 Entrée dans ActionEcoleDeFoot.php
08/05/2018 20:43:48 Entrée dans ActionAccueil.php
08/05/2018 20:43:49 Entrée dans ActionClub.php
08/05/2018 22:20:17 Entrée dans ActionAccueil.php
08/05/2018 22:20:37 Entrée dans ActionAccueil.php
08/05/2018 22:21:00 Entrée dans ActionClub.php
08/05/2018 22:21:10 Entrée dans ActionJoueurs.php
09/05/2018 01:10:12 Entrée dans ActionAccueil.php
09/05/2018 01:41:42 Entrée dans ActionJoueurs.php
09/05/2018 04:19:31 Entrée dans ActionAccueil.php
09/05/2018 04:19:32 Entrée dans ActionClub.php
09/05/2018 04:19:32 Entrée dans ActionJoueurs.php
09/05/2018 04:19:32 Entrée dans ActionEcoleDeFoot.php
09/05/2018 04:19:32 Entrée dans ActionAgenda.php
09/05/2018 04:19:32 Entrée dans ActionEvenement.php
09/05/2018 04:19:32 Entrée dans ActionSponsor.php
09/05/2018 08:59:53 Entrée dans ActionAccueil.php
09/05/2018 13:55:40 Entrée dans ActionAccueil.php
09/05/2018 13:55:41 Entrée dans ActionAccueil.php
09/05/2018 13:55:55 Entrée dans ActionClub.php
09/05/2018 17:00:00 Entrée dans ActionAccueil.php
09/05/2018 18:07:28 Entrée dans ActionClub.php
09/05/2018 22:17:55 Entrée dans ActionAccueil.php
09/05/2018 22:19:36 Entrée dans ActionClub.php
10/05/2018 01:44:14 Entrée dans ActionAccueil.php
10/05/2018 01:44:46 Entrée dans ActionClub.php
10/05/2018 01:44:58 Entrée dans ActionAgenda.php
10/05/2018 01:45:19 Entrée dans ActionJoueurs.php
10/05/2018 01:45:30 Entrée dans ActionSponsor.php
10/05/2018 01:45:40 Entrée dans ActionEvenement.php
10/05/2018 01:45:50 Entrée dans ActionEcoleDeFoot.php
10/05/2018 04:12:03 Entrée dans ActionClub.php
10/05/2018 04:16:27 Entrée dans ActionClub.php
10/05/2018 09:26:44 Entrée dans ActionClub.php
10/05/2018 16:30:04 Entrée dans ActionSponsor.php
10/05/2018 16:30:06 Entrée dans ActionEcoleDeFoot.php
10/05/2018 16:30:06 Entrée dans ActionClub.php
10/05/2018 16:30:06 Entrée dans ActionAccueil.php
10/05/2018 16:30:16 Entrée dans ActionAgenda.php
10/05/2018 16:30:16 Entrée dans ActionJoueurs.php
10/05/2018 16:30:16 Entrée dans ActionEvenement.php
10/05/2018 18:03:37 Entrée dans ActionEcoleDeFoot.php
10/05/2018 18:03:37 Entrée dans ActionAccueil.php
10/05/2018 18:03:37 Entrée dans ActionClub.php
10/05/2018 18:03:43 Entrée dans ActionEvenement.php
10/05/2018 18:03:43 Entrée dans ActionJoueurs.php
10/05/2018 18:03:43 Entrée dans ActionAgenda.php
10/05/2018 18:04:00 Entrée dans ActionSponsor.php
10/05/2018 19:14:11 Entrée dans ActionEcoleDeFoot.php
10/05/2018 21:56:41 Entrée dans ActionClub.php
10/05/2018 21:56:43 Entrée dans ActionJoueurs.php
10/05/2018 21:56:46 Entrée dans ActionJoueurs.php
10/05/2018 21:56:47 Entrée dans ActionJoueurs.php
10/05/2018 21:56:51 Entrée dans ActionEcoleDeFoot.php
10/05/2018 21:56:56 Entrée dans ActionAgenda.php
10/05/2018 21:57:06 Entrée dans ActionEvenement.php
10/05/2018 21:57:06 Entrée dans ActionEvenement.php
10/05/2018 21:57:10 Entrée dans ActionSponsor.php
10/05/2018 23:14:21 Entrée dans ActionAccueil.php
10/05/2018 23:25:14 Entrée dans ActionClub.php
10/05/2018 23:29:51 Entrée dans ActionJoueurs.php
10/05/2018 23:29:52 Entrée dans ActionEcoleDeFoot.php
10/05/2018 23:29:52 Entrée dans ActionAgenda.php
10/05/2018 23:34:31 Entrée dans ActionEvenement.php
10/05/2018 23:34:31 Entrée dans ActionSponsor.php
11/05/2018 03:38:59 Entrée dans ActionEcoleDeFoot.php
11/05/2018 08:47:43 Entrée dans ActionEcoleDeFoot.php
11/05/2018 22:31:30 Entrée dans ActionContact.php
11/05/2018 23:29:48 Entrée dans ActionEcoleDeFoot.php
11/05/2018 23:30:09 Entrée dans ActionJoueurs.php
12/05/2018 03:20:36 Entrée dans ActionAccueil.php
12/05/2018 03:20:58 Entrée dans ActionClub.php
12/05/2018 03:21:24 Entrée dans ActionJoueurs.php
12/05/2018 03:21:47 Entrée dans ActionEcoleDeFoot.php
12/05/2018 03:22:11 Entrée dans ActionAgenda.php
12/05/2018 03:22:33 Entrée dans ActionEvenement.php
12/05/2018 03:22:56 Entrée dans ActionSponsor.php
12/05/2018 07:28:01 Entrée dans ActionAccueil.php
12/05/2018 12:32:07 Entrée dans ActionAccueil.php
12/05/2018 14:35:56 Entrée dans ActionAccueil.php
12/05/2018 18:15:24 Entrée dans ActionAccueil.php
12/05/2018 20:01:39 Entrée dans ActionAccueil.php
12/05/2018 21:32:48 Entrée dans ActionAccueil.php
12/05/2018 21:33:18 Entrée dans ActionAgenda.php
12/05/2018 21:33:47 Entrée dans ActionAgenda.php
12/05/2018 21:34:20 Entrée dans ActionAgenda.php
12/05/2018 21:34:31 Entrée dans ActionAccueil.php
12/05/2018 21:35:18 Entrée dans ActionEvenement.php
12/05/2018 21:35:24 Entrée dans ActionAccueil.php
12/05/2018 21:35:34 Entrée dans ActionEcoleDeFoot.php
12/05/2018 21:36:32 Entrée dans ActionClub.php
12/05/2018 21:36:49 Entrée dans ActionEvenement.php
12/05/2018 21:37:10 Entrée dans ActionEcoleDeFoot.php
12/05/2018 21:37:23 Entrée dans ActionSponsor.php
12/05/2018 21:37:48 Entrée dans ActionJoueurs.php
13/05/2018 00:57:44 Entrée dans ActionSponsor.php
13/05/2018 03:10:59 Entrée dans ActionJoueurs.php
13/05/2018 07:03:20 Entrée dans ActionAccueil.php
13/05/2018 08:12:34 Entrée dans ActionEvenement.php
13/05/2018 13:29:40 Entrée dans ActionAccueil.php
13/05/2018 13:31:01 Entrée dans ActionClub.php
13/05/2018 16:32:23 Entrée dans ActionAccueil.php
13/05/2018 22:58:05 Entrée dans ActionAccueil.php
14/05/2018 09:42:47 Entrée dans ActionAccueil.php
14/05/2018 15:10:35 Entrée dans ActionJoueurs.php
14/05/2018 15:11:03 Entrée dans ActionJoueurs.php
14/05/2018 16:33:50 Entrée dans ActionAccueil.php
14/05/2018 18:02:37 Entrée dans ActionAccueil.php
14/05/2018 18:02:52 Entrée dans ActionClub.php
14/05/2018 18:03:02 Entrée dans ActionAgenda.php
14/05/2018 18:03:11 Entrée dans ActionJoueurs.php
14/05/2018 18:03:15 Entrée dans ActionSponsor.php
14/05/2018 18:03:31 Entrée dans ActionEvenement.php
14/05/2018 18:03:41 Entrée dans ActionEcoleDeFoot.php
14/05/2018 20:51:20 Entrée dans ActionAccueil.php
14/05/2018 20:51:22 Entrée dans ActionAccueil.php
14/05/2018 20:53:21 Entrée dans ActionEvenement.php
14/05/2018 20:53:42 Entrée dans ActionEcoleDeFoot.php
14/05/2018 20:54:06 Entrée dans ActionClub.php
15/05/2018 00:16:52 Entrée dans ActionClub.php
15/05/2018 00:17:00 Entrée dans ActionClub.php
15/05/2018 06:41:36 Entrée dans ActionContact.php
15/05/2018 16:20:51 Entrée dans ActionAccueil.php
15/05/2018 16:21:37 Entrée dans ActionEcoleDeFoot.php
15/05/2018 16:23:26 Entrée dans ActionClub.php
15/05/2018 16:23:29 Entrée dans ActionJoueurs.php
15/05/2018 16:23:33 Entrée dans ActionEcoleDeFoot.php
15/05/2018 16:23:33 Entrée dans ActionAgenda.php
15/05/2018 16:23:42 Entrée dans ActionEcoleDeFoot.php
15/05/2018 16:23:48 Entrée dans ActionAgenda.php
15/05/2018 16:23:49 Entrée dans ActionEcoleDeFoot.php
15/05/2018 16:23:59 Entrée dans ActionAgenda.php
15/05/2018 16:24:06 Entrée dans ActionAgenda.php
15/05/2018 16:24:08 Entrée dans ActionAgenda.php
15/05/2018 16:24:17 Entrée dans ActionAgenda.php
15/05/2018 16:24:36 Entrée dans ActionAgenda.php
15/05/2018 19:32:03 Entrée dans ActionAccueil.php
16/05/2018 11:17:58 Entrée dans ActionAccueil.php
16/05/2018 11:17:59 Entrée dans ActionAccueil.php
16/05/2018 11:18:02 Entrée dans ActionAccueil.php
16/05/2018 11:18:04 Entrée dans ActionAccueil.php
16/05/2018 11:18:07 Entrée dans ActionAccueil.php
16/05/2018 11:18:12 Entrée dans ActionAccueil.php
16/05/2018 11:18:13 Entrée dans ActionAccueil.php
16/05/2018 11:18:13 Entrée dans ActionAccueil.php
16/05/2018 11:18:14 Entrée dans ActionAccueil.php
16/05/2018 11:18:15 Entrée dans ActionAccueil.php
16/05/2018 11:18:16 Entrée dans ActionAccueil.php
16/05/2018 11:18:17 Entrée dans ActionAccueil.php
16/05/2018 11:18:18 Entrée dans ActionAccueil.php
16/05/2018 11:18:19 Entrée dans ActionAccueil.php
16/05/2018 11:18:19 Entrée dans ActionAccueil.php
16/05/2018 11:18:19 Entrée dans ActionAccueil.php
16/05/2018 11:18:20 Entrée dans ActionAccueil.php
16/05/2018 11:18:21 Entrée dans ActionAccueil.php
16/05/2018 11:18:22 Entrée dans ActionAccueil.php
16/05/2018 11:18:23 Entrée dans ActionAccueil.php
16/05/2018 11:18:24 Entrée dans ActionAccueil.php
16/05/2018 11:18:25 Entrée dans ActionAccueil.php
16/05/2018 11:18:26 Entrée dans ActionAccueil.php
16/05/2018 11:18:26 Entrée dans ActionAccueil.php
16/05/2018 11:18:26 Entrée dans ActionAccueil.php
16/05/2018 11:18:27 Entrée dans ActionAccueil.php
16/05/2018 11:18:29 Entrée dans ActionAccueil.php
16/05/2018 11:18:30 Entrée dans ActionAccueil.php
16/05/2018 11:18:46 Entrée dans ActionAccueil.php
16/05/2018 12:15:40 Entrée dans ActionAccueil.php
16/05/2018 12:15:49 Entrée dans ActionJoueurs.php
16/05/2018 12:16:05 Entrée dans ActionClub.php
16/05/2018 12:16:18 Entrée dans ActionAgenda.php
16/05/2018 12:16:22 Entrée dans ActionEvenement.php
16/05/2018 15:44:26 Entrée dans ActionAccueil.php
16/05/2018 15:44:40 Entrée dans ActionJoueurs.php
16/05/2018 18:38:41 Entrée dans ActionAccueil.php
16/05/2018 21:09:30 Entrée dans ActionJoueurs.php
17/05/2018 01:47:21 Entrée dans ActionClub.php
17/05/2018 02:45:00 Entrée dans ActionAgenda.php
17/05/2018 02:53:30 Entrée dans ActionEcoleDeFoot.php
17/05/2018 02:53:30 Entrée dans ActionAccueil.php
17/05/2018 03:02:19 Entrée dans ActionAccueil.php
17/05/2018 06:05:04 Entrée dans ActionJoueurs.php
17/05/2018 18:55:14 Entrée dans ActionAgenda.php
17/05/2018 20:35:30 Entrée dans ActionJoueurs.php
18/05/2018 04:24:40 Entrée dans ActionAccueil.php
18/05/2018 10:16:28 Entrée dans ActionClub.php
18/05/2018 19:26:59 Entrée dans ActionAccueil.php
18/05/2018 19:27:17 Entrée dans ActionAccueil.php
18/05/2018 19:27:59 Entrée dans ActionClub.php
18/05/2018 23:48:09 Entrée dans ActionAccueil.php
19/05/2018 00:11:25 Entrée dans ActionAccueil.php
19/05/2018 09:11:56 Entrée dans ActionAccueil.php
19/05/2018 13:25:33 Entrée dans ActionAccueil.php
19/05/2018 16:16:36 Entrée dans ActionClub.php
20/05/2018 07:50:25 Entrée dans ActionAccueil.php
20/05/2018 08:13:09 Entrée dans ActionAccueil.php
20/05/2018 08:13:54 Entrée dans ActionClub.php
20/05/2018 08:14:09 Entrée dans ActionJoueurs.php
20/05/2018 08:14:54 Entrée dans ActionEcoleDeFoot.php
20/05/2018 08:15:21 Entrée dans ActionAgenda.php
20/05/2018 08:15:46 Entrée dans ActionEvenement.php
20/05/2018 08:16:28 Entrée dans ActionSponsor.php
20/05/2018 20:01:21 Entrée dans ActionAccueil.php
20/05/2018 20:02:02 Entrée dans ActionEvenement.php
20/05/2018 20:02:19 Entrée dans ActionClub.php
20/05/2018 20:03:35 Entrée dans ActionClub.php
20/05/2018 20:03:40 Entrée dans ActionClub.php
20/05/2018 20:03:45 Entrée dans ActionEcoleDeFoot.php
20/05/2018 20:04:13 Entrée dans ActionAgenda.php
20/05/2018 20:04:24 Entrée dans ActionAgenda.php
20/05/2018 20:04:52 Entrée dans ActionAccueil.php
20/05/2018 20:04:53 Entrée dans ActionAccueil.php
20/05/2018 21:48:52 Entrée dans ActionAgenda.php
21/05/2018 00:04:23 Entrée dans ActionAccueil.php
21/05/2018 00:22:42 Entrée dans ActionAgenda.php
21/05/2018 00:22:42 Entrée dans ActionEvenement.php
21/05/2018 00:22:43 Entrée dans ActionJoueurs.php
21/05/2018 02:53:20 Entrée dans ActionAccueil.php
21/05/2018 06:30:24 Entrée dans ActionAgenda.php
21/05/2018 09:01:49 Entrée dans ActionAccueil.php
21/05/2018 09:03:51 Entrée dans ActionClub.php
21/05/2018 09:04:45 Entrée dans ActionClub.php
21/05/2018 09:05:15 Entrée dans ActionClub.php
21/05/2018 09:05:22 Entrée dans ActionEcoleDeFoot.php
21/05/2018 10:51:18 Entrée dans ActionClub.php
21/05/2018 12:50:37 Entrée dans ActionAccueil.php
21/05/2018 12:50:41 Entrée dans ActionClub.php
21/05/2018 12:50:44 Entrée dans ActionJoueurs.php
21/05/2018 12:50:46 Entrée dans ActionEcoleDeFoot.php
21/05/2018 12:50:48 Entrée dans ActionAgenda.php
21/05/2018 12:50:51 Entrée dans ActionEvenement.php
21/05/2018 12:50:53 Entrée dans ActionSponsor.php
21/05/2018 14:38:14 Entrée dans ActionAccueil.php
21/05/2018 18:12:26 Entrée dans ActionAccueil.php
22/05/2018 00:59:40 Entrée dans ActionJoueurs.php
22/05/2018 03:49:47 Entrée dans ActionJoueurs.php
22/05/2018 07:29:53 Entrée dans ActionSponsor.php
22/05/2018 09:35:24 Entrée dans ActionAccueil.php
22/05/2018 10:46:21 Entrée dans ActionClub.php
22/05/2018 11:27:19 Entrée dans ActionAccueil.php
22/05/2018 13:13:55 Entrée dans ActionAccueil.php
22/05/2018 13:14:30 Entrée dans ActionEcoleDeFoot.php
22/05/2018 13:14:31 Entrée dans ActionAgenda.php
22/05/2018 19:25:09 Entrée dans ActionAgenda.php
22/05/2018 19:30:52 Entrée dans ActionAccueil.php
22/05/2018 20:34:42 Entrée dans ActionClub.php
22/05/2018 20:34:52 Entrée dans ActionAgenda.php
22/05/2018 20:34:53 Entrée dans ActionEvenement.php
22/05/2018 20:34:53 Entrée dans ActionJoueurs.php
22/05/2018 22:30:15 Entrée dans ActionAccueil.php
22/05/2018 22:30:53 Entrée dans ActionJoueurs.php
23/05/2018 13:37:42 Entrée dans ActionContact.php
23/05/2018 17:15:39 Entrée dans ActionAccueil.php
23/05/2018 17:15:42 Entrée dans ActionClub.php
23/05/2018 17:15:45 Entrée dans ActionAgenda.php
23/05/2018 17:15:47 Entrée dans ActionJoueurs.php
23/05/2018 17:15:47 Entrée dans ActionSponsor.php
23/05/2018 17:15:49 Entrée dans ActionEvenement.php
23/05/2018 21:17:43 Entrée dans ActionAccueil.php
23/05/2018 22:06:51 Entrée dans ActionAccueil.php
24/05/2018 02:09:46 Entrée dans ActionClub.php
24/05/2018 12:46:59 Entrée dans ActionClub.php
25/05/2018 00:26:01 Entrée dans ActionAccueil.php
25/05/2018 02:41:31 Entrée dans ActionAccueil.php
25/05/2018 02:41:33 Entrée dans ActionClub.php
25/05/2018 02:41:38 Entrée dans ActionJoueurs.php
25/05/2018 02:41:40 Entrée dans ActionEcoleDeFoot.php
25/05/2018 02:41:48 Entrée dans ActionAgenda.php
25/05/2018 02:41:50 Entrée dans ActionEvenement.php
25/05/2018 02:42:01 Entrée dans ActionSponsor.php
25/05/2018 03:47:04 Entrée dans ActionEvenement.php
25/05/2018 10:24:07 Entrée dans ActionAccueil.php
25/05/2018 10:48:46 Entrée dans ActionEcoleDeFoot.php
25/05/2018 10:51:03 Entrée dans ActionJoueurs.php
25/05/2018 11:30:42 Entrée dans ActionAccueil.php
25/05/2018 11:33:04 Entrée dans ActionAccueil.php
25/05/2018 11:33:27 Entrée dans ActionEcoleDeFoot.php
25/05/2018 12:21:08 Entrée dans ActionAccueil.php
25/05/2018 18:38:31 Entrée dans ActionAccueil.php
25/05/2018 18:38:56 Entrée dans ActionEcoleDeFoot.php
25/05/2018 20:02:45 Entrée dans ActionAccueil.php
25/05/2018 20:03:16 Entrée dans ActionEcoleDeFoot.php
25/05/2018 20:03:36 Entrée dans ActionEcoleDeFoot.php
25/05/2018 20:03:50 Entrée dans ActionEcoleDeFoot.php
25/05/2018 20:04:05 Entrée dans ActionEcoleDeFoot.php
25/05/2018 20:22:57 Entrée dans ActionAccueil.php
25/05/2018 20:24:35 Entrée dans ActionAgenda.php
25/05/2018 20:24:49 Entrée dans ActionAccueil.php
25/05/2018 22:52:40 Entrée dans ActionAccueil.php
25/05/2018 22:53:13 Entrée dans ActionAgenda.php
26/05/2018 01:45:11 Entrée dans ActionAccueil.php
26/05/2018 12:31:23 Entrée dans ActionAccueil.php
26/05/2018 12:32:41 Entrée dans ActionEvenement.php
26/05/2018 17:16:43 Entrée dans ActionAgenda.php
26/05/2018 17:16:48 Entrée dans ActionAgenda.php
26/05/2018 19:52:19 Entrée dans ActionEcoleDeFoot.php
26/05/2018 19:52:56 Entrée dans ActionAgenda.php
26/05/2018 19:53:32 Entrée dans ActionClub.php
26/05/2018 19:56:19 Entrée dans ActionAccueil.php
26/05/2018 19:56:56 Entrée dans ActionAccueil.php
26/05/2018 21:51:44 Entrée dans ActionAccueil.php
26/05/2018 21:52:30 Entrée dans ActionJoueurs.php
26/05/2018 21:54:41 Entrée dans ActionAgenda.php
27/05/2018 01:59:48 Entrée dans ActionClub.php
27/05/2018 04:07:23 Entrée dans ActionJoueurs.php
27/05/2018 07:14:33 Entrée dans ActionAccueil.php
27/05/2018 07:14:34 Entrée dans ActionAgenda.php
27/05/2018 07:14:35 Entrée dans ActionClub.php
27/05/2018 07:14:35 Entrée dans ActionEcoleDeFoot.php
27/05/2018 07:14:36 Entrée dans ActionEvenement.php
27/05/2018 07:14:36 Entrée dans ActionJoueurs.php
27/05/2018 07:14:36 Entrée dans ActionLogin.php
27/05/2018 07:14:36 Entrée dans ActionSponsor.php
27/05/2018 07:14:37 Entrée dans AfficherPopupArticle.php
27/05/2018 07:14:37 Entrée dans AfficherPopupCompteRendu.php
27/05/2018 07:14:37 Entrée dans ActionAccueil.php
27/05/2018 07:14:37 Entrée dans RechercherArticle.php
27/05/2018 07:14:41 Entrée dans ActionAccueil.php
27/05/2018 07:14:48 Entrée dans ActionAccueil.php
27/05/2018 07:15:04 Entrée dans ActionProfil.php
27/05/2018 07:15:10 Entrée dans ActionAccueil.php
27/05/2018 07:15:11 Entrée dans ActionProfil.php
27/05/2018 07:15:15 Entrée dans ActionAccueil.php
27/05/2018 10:48:32 Entrée dans ActionAccueil.php
27/05/2018 10:56:00 Entrée dans ActionClub.php
27/05/2018 11:16:05 Entrée dans ActionAccueil.php
27/05/2018 12:46:19 Entrée dans ActionClub.php
27/05/2018 13:03:31 Entrée dans ActionAccueil.php
27/05/2018 14:01:57 Entrée dans ActionAccueil.php
27/05/2018 14:02:18 Entrée dans ActionAgenda.php
27/05/2018 14:02:40 Entrée dans ActionJoueurs.php
27/05/2018 14:02:59 Entrée dans ActionAgenda.php
27/05/2018 14:04:18 Entrée dans ActionAgenda.php
27/05/2018 14:04:26 Entrée dans ActionAgenda.php
27/05/2018 14:05:03 Entrée dans ActionAgenda.php
27/05/2018 14:05:33 Entrée dans ActionClub.php
27/05/2018 14:05:43 Entrée dans ActionEcoleDeFoot.php
27/05/2018 16:12:11 Entrée dans ActionAccueil.php
27/05/2018 16:12:46 Entrée dans ActionAccueil.php
27/05/2018 16:13:19 Entrée dans ActionJoueurs.php
27/05/2018 16:13:35 Entrée dans ActionEcoleDeFoot.php
27/05/2018 16:19:13 Entrée dans ActionAccueil.php
27/05/2018 16:42:31 Entrée dans ActionAccueil.php
27/05/2018 16:42:53 Entrée dans ActionJoueurs.php
27/05/2018 17:00:54 Entrée dans ActionAgenda.php
27/05/2018 21:27:38 Entrée dans ActionAccueil.php
28/05/2018 01:13:07 Entrée dans ActionJoueurs.php
28/05/2018 07:41:13 Entrée dans ActionAgenda.php
28/05/2018 13:17:49 Entrée dans ActionAccueil.php
28/05/2018 13:58:50 Entrée dans ActionAccueil.php
28/05/2018 13:58:55 Entrée dans ActionEcoleDeFoot.php
28/05/2018 13:59:50 Entrée dans ActionAgenda.php
28/05/2018 13:59:54 Entrée dans ActionAgenda.php
28/05/2018 14:00:02 Entrée dans ActionSponsor.php
28/05/2018 14:00:09 Entrée dans ActionClub.php
28/05/2018 14:00:25 Entrée dans ActionJoueurs.php
28/05/2018 14:00:26 Entrée dans ActionEcoleDeFoot.php
28/05/2018 15:45:34 Entrée dans ActionAccueil.php
28/05/2018 18:55:01 Entrée dans ActionAccueil.php
28/05/2018 18:55:49 Entrée dans ActionAccueil.php
28/05/2018 18:55:49 Entrée dans ActionAccueil.php
29/05/2018 01:09:05 Entrée dans ActionClub.php
29/05/2018 01:09:11 Entrée dans ActionClub.php
29/05/2018 04:17:25 Entrée dans ActionEcoleDeFoot.php
29/05/2018 18:51:40 Entrée dans ActionClub.php
29/05/2018 20:22:02 Entrée dans ActionClub.php
30/05/2018 01:17:46 Entrée dans ActionAccueil.php
30/05/2018 02:34:21 Entrée dans ActionSponsor.php
30/05/2018 06:10:08 Entrée dans ActionAccueil.php
30/05/2018 06:50:26 Entrée dans ActionAccueil.php
30/05/2018 06:51:06 Entrée dans ActionJoueurs.php
30/05/2018 06:51:58 Entrée dans ActionJoueurs.php
30/05/2018 06:52:14 Entrée dans ActionClub.php
30/05/2018 13:19:09 Entrée dans ActionAccueil.php
30/05/2018 13:19:09 Entrée dans ActionAccueil.php
30/05/2018 13:19:42 Entrée dans ActionLogin.php
30/05/2018 13:19:42 Authentification de aissadi.
30/05/2018 13:19:42 Entrée dans ActionProfil.php
30/05/2018 13:20:00 Entrée dans ActionMembre.php
30/05/2018 13:20:39 Entrée dans ActionMembre.php
30/05/2018 13:20:43 Entrée dans ActionMembre.php
30/05/2018 13:22:08 Entrée dans ActionMembre.php
30/05/2018 13:22:32 Entrée dans ActionMembre.php
30/05/2018 13:22:46 Entrée dans ActionMembre.php
30/05/2018 13:22:58 Entrée dans ActionProfil.php
30/05/2018 13:24:13 Entrée dans ActionProfil.php
30/05/2018 13:24:30 Entrée dans ActionMembre.php
30/05/2018 13:25:01 Entrée dans ActionMembre.php
30/05/2018 15:31:21 Entrée dans ActionAccueil.php
30/05/2018 15:31:40 Entrée dans ActionClub.php
30/05/2018 21:48:46 Entrée dans ActionContact.php
30/05/2018 22:07:55 Entrée dans ActionAccueil.php
30/05/2018 22:08:27 Entrée dans ActionEcoleDeFoot.php
31/05/2018 04:40:52 Entrée dans ActionClub.php
31/05/2018 07:04:39 Entrée dans ActionClub.php
31/05/2018 07:04:39 Entrée dans ActionAccueil.php
31/05/2018 07:04:40 Entrée dans ActionEcoleDeFoot.php
31/05/2018 10:49:10 Entrée dans ActionJoueurs.php
31/05/2018 10:49:27 Entrée dans ActionEcoleDeFoot.php
31/05/2018 14:36:10 Entrée dans ActionAccueil.php
31/05/2018 15:26:15 Entrée dans ActionAccueil.php
31/05/2018 15:58:48 Entrée dans ActionAccueil.php
