24/06/2020 18:21:08 Entrée dans ActionAccueil.php
24/06/2020 18:22:09 Entrée dans ActionAccueil.php
24/06/2020 18:22:55 Entrée dans ActionAccueil.php
24/06/2020 18:22:57 Entrée dans ActionEvenement.php
24/06/2020 18:24:08 Entrée dans ActionEvenement.php
24/06/2020 18:28:23 Entrée dans ActionAccueil.php
24/06/2020 18:28:27 Entrée dans ActionEcoleDeFoot.php
24/06/2020 18:28:35 Entrée dans ActionJoueurs.php
24/06/2020 18:32:09 Entrée dans ActionJoueurs.php
24/06/2020 18:33:09 Entrée dans ActionJoueurs.php
24/06/2020 18:33:24 Entrée dans ActionJoueurs.php
24/06/2020 18:33:40 Entrée dans ActionJoueurs.php
27/06/2020 15:36:09 Entrée dans ActionAccueil.php
27/06/2020 15:36:13 Entrée dans ActionClub.php
27/06/2020 15:48:47 Entrée dans ActionAccueil.php
27/06/2020 15:48:50 Entrée dans ActionEcoleDeFoot.php
27/06/2020 15:48:51 Entrï¿½e dans ActionEcoleDeFoot.php
27/06/2020 15:51:38 Entrée dans ActionAccueil.php
27/06/2020 15:54:34 Entrï¿½e dans ActionEcoleDeFoot.php
27/06/2020 15:54:35 Entrï¿½e dans ActionEcoleDeFoot.php
27/06/2020 15:54:36 Entrée dans ActionEcoleDeFoot.php
27/06/2020 15:54:37 Entrï¿½e dans ActionEcoleDeFoot.php
27/06/2020 16:00:39 Entrï¿½e dans ActionEcoleDeFoot.php
27/06/2020 16:01:45 Entrï¿½e dans ActionEcoleDeFoot.php
27/06/2020 16:01:47 Entrï¿½e dans ActionEcoleDeFoot.php
27/06/2020 16:02:22 Entrée dans ActionAccueil.php
27/06/2020 16:02:24 Entrï¿½e dans ActionEcoleDeFoot.php
27/06/2020 16:03:42 Entrï¿½e dans ActionEcoleDeFoot.php
27/06/2020 16:03:47 Entrée dans ActionEcoleDeFoot.php
27/06/2020 16:04:45 Entrée dans ActionAccueil.php
27/06/2020 16:04:46 Entrï¿½e dans ActionEcoleDeFoot.php
27/06/2020 16:04:48 Entrée dans ActionEcoleDeFoot.php
27/06/2020 16:04:51 Entrï¿½e dans ActionEcoleDeFoot.php
27/06/2020 16:04:55 Entrée dans ActionEcoleDeFoot.php
27/06/2020 16:04:57 Entrï¿½e dans ActionEcoleDeFoot.php
27/06/2020 16:05:01 Entrée dans ActionEcoleDeFoot.php
27/06/2020 16:05:07 Entrée dans ActionJoueurs.php
