01/02/2019 04:51:32 Entrée dans ActionJoueurs.php
01/02/2019 07:27:03 Entrée dans ActionAccueil.php
01/02/2019 09:48:10 Entrée dans ActionContact.php
01/02/2019 11:30:25 Entrée dans ActionSponsor.php
01/02/2019 14:39:07 Entrée dans ActionAccueil.php
01/02/2019 20:36:23 Entrée dans ActionAccueil.php
01/02/2019 20:36:50 Entrée dans ActionClub.php
01/02/2019 20:37:02 Entrée dans ActionEcoleDeFoot.php
01/02/2019 22:18:53 Entrée dans ActionAccueil.php
01/02/2019 22:19:11 Entrée dans ActionClub.php
01/02/2019 22:22:04 Entrée dans ActionEcoleDeFoot.php
02/02/2019 04:46:08 Entrée dans ActionAccueil.php
02/02/2019 04:55:38 Entrée dans ActionAccueil.php
02/02/2019 07:07:59 Entrée dans ActionAccueil.php
02/02/2019 07:08:00 Entrée dans ActionClub.php
02/02/2019 07:08:01 Entrée dans ActionJoueurs.php
02/02/2019 07:08:02 Entrée dans ActionEcoleDeFoot.php
02/02/2019 07:08:03 Entrée dans ActionAgenda.php
02/02/2019 08:40:25 Entrée dans ActionSponsor.php
02/02/2019 09:48:18 Entrée dans ActionJoueurs.php
02/02/2019 14:33:13 Entrée dans ActionSponsor.php
02/02/2019 14:55:24 Entrée dans ActionEvenement.php
02/02/2019 15:59:28 Entrée dans ActionAccueil.php
02/02/2019 21:33:45 Entrée dans ActionJoueurs.php
03/02/2019 00:48:53 Entrée dans ActionAccueil.php
03/02/2019 01:17:08 Entrée dans ActionAccueil.php
03/02/2019 03:41:40 Entrée dans ActionEvenement.php
03/02/2019 06:18:45 Entrée dans ActionAgenda.php
03/02/2019 11:42:13 Entrée dans ActionAccueil.php
03/02/2019 11:42:43 Entrée dans ActionJoueurs.php
03/02/2019 11:42:58 Entrée dans ActionClub.php
03/02/2019 12:02:18 Entrée dans ActionAccueil.php
03/02/2019 12:02:35 Entrée dans ActionAgenda.php
03/02/2019 12:02:51 Entrée dans ActionAgenda.php
03/02/2019 15:34:14 Entrée dans ActionAccueil.php
03/02/2019 16:28:38 Entrée dans ActionAccueil.php
03/02/2019 16:29:15 Entrée dans ActionAgenda.php
03/02/2019 16:29:28 Entrée dans ActionAgenda.php
03/02/2019 21:07:29 Entrée dans ActionAgenda.php
03/02/2019 22:01:32 Entrée dans ActionJoueurs.php
03/02/2019 22:19:13 Entrée dans ActionAccueil.php
03/02/2019 22:19:39 Entrée dans ActionEcoleDeFoot.php
03/02/2019 22:20:31 Entrée dans ActionClub.php
03/02/2019 22:22:55 Entrée dans ActionEvenement.php
04/02/2019 00:54:51 Entrée dans ActionAccueil.php
04/02/2019 01:29:32 Entrée dans ActionAccueil.php
04/02/2019 02:14:00 Entrée dans ActionAgenda.php
04/02/2019 04:16:06 Entrée dans ActionAccueil.php
04/02/2019 04:55:38 Entrée dans ActionEvenement.php
04/02/2019 20:43:17 Entrée dans ActionAccueil.php
04/02/2019 20:43:54 Entrée dans ActionEcoleDeFoot.php
05/02/2019 06:34:14 Entrée dans ActionSponsor.php
05/02/2019 09:44:38 Entrée dans ActionSponsor.php
05/02/2019 15:10:35 Entrée dans ActionAccueil.php
05/02/2019 15:11:00 Entrée dans ActionEcoleDeFoot.php
05/02/2019 15:11:08 Entrée dans ActionJoueurs.php
05/02/2019 16:40:52 Entrée dans ActionAccueil.php
05/02/2019 16:41:27 Entrée dans ActionClub.php
06/02/2019 05:25:59 Entrée dans ActionJoueurs.php
06/02/2019 07:26:22 Entrée dans ActionSponsor.php
06/02/2019 08:27:15 Entrée dans ActionAccueil.php
06/02/2019 08:28:23 Entrée dans ActionJoueurs.php
06/02/2019 11:13:00 Entrée dans ActionAccueil.php
06/02/2019 11:13:14 Entrée dans ActionAgenda.php
06/02/2019 11:13:14 Entrée dans ActionEvenement.php
06/02/2019 11:45:59 Entrée dans ActionAccueil.php
06/02/2019 13:59:36 Entrée dans ActionAccueil.php
06/02/2019 13:59:43 Entrée dans ActionEcoleDeFoot.php
06/02/2019 15:01:03 Entrée dans ActionClub.php
06/02/2019 15:01:08 Entrée dans ActionClub.php
06/02/2019 15:01:11 Entrée dans ActionEvenement.php
06/02/2019 15:28:54 Entrée dans ActionAccueil.php
06/02/2019 16:25:02 Entrée dans ActionAccueil.php
06/02/2019 18:28:37 Entrée dans ActionJoueurs.php
06/02/2019 20:41:57 Entrée dans ActionJoueurs.php
06/02/2019 22:32:57 Entrée dans ActionAccueil.php
06/02/2019 23:54:23 Entrée dans ActionAccueil.php
06/02/2019 23:54:24 Entrée dans ActionAgenda.php
06/02/2019 23:54:25 Entrée dans ActionClub.php
06/02/2019 23:54:25 Entrée dans ActionEcoleDeFoot.php
06/02/2019 23:54:26 Entrée dans ActionEvenement.php
06/02/2019 23:54:26 Entrée dans ActionJoueurs.php
06/02/2019 23:54:26 Entrée dans ActionLogin.php
06/02/2019 23:54:26 Entrée dans ActionSponsor.php
06/02/2019 23:54:27 Entrée dans AfficherPopupArticle.php
06/02/2019 23:54:27 Entrée dans AfficherPopupCompteRendu.php
06/02/2019 23:54:27 Entrée dans ActionAccueil.php
06/02/2019 23:54:27 Entrée dans RechercherArticle.php
06/02/2019 23:54:28 Entrée dans ActionAccueil.php
06/02/2019 23:54:29 Entrée dans ActionAccueil.php
06/02/2019 23:54:30 Entrée dans ActionProfil.php
06/02/2019 23:54:30 Entrée dans ActionAccueil.php
06/02/2019 23:54:31 Entrée dans ActionProfil.php
06/02/2019 23:54:31 Entrée dans ActionAccueil.php
07/02/2019 04:15:32 Entrée dans ActionEvenement.php
07/02/2019 04:17:14 Entrée dans ActionClub.php
07/02/2019 04:18:11 Entrée dans ActionAccueil.php
07/02/2019 04:19:16 Entrée dans ActionEvenement.php
07/02/2019 05:59:16 Entrée dans ActionClub.php
07/02/2019 08:28:14 Entrée dans ActionAccueil.php
07/02/2019 11:15:09 Entrée dans ActionEcoleDeFoot.php
07/02/2019 11:49:02 Entrée dans ActionAccueil.php
07/02/2019 18:39:39 Entrée dans ActionAccueil.php
07/02/2019 23:55:49 Entrée dans ActionEcoleDeFoot.php
08/02/2019 00:01:05 Entrée dans ActionEcoleDeFoot.php
08/02/2019 13:17:01 Entrée dans ActionEvenement.php
08/02/2019 15:20:39 Entrée dans ActionAccueil.php
08/02/2019 15:37:00 Entrée dans ActionSponsor.php
08/02/2019 16:48:28 Entrée dans ActionEcoleDeFoot.php
08/02/2019 19:27:37 Entrée dans ActionAccueil.php
09/02/2019 06:25:54 Entrée dans ActionJoueurs.php
09/02/2019 06:47:32 Entrée dans ActionSponsor.php
09/02/2019 08:39:57 Entrée dans ActionAccueil.php
09/02/2019 08:41:10 Entrée dans ActionAgenda.php
09/02/2019 08:41:34 Entrée dans ActionAgenda.php
09/02/2019 08:41:43 Entrée dans ActionAgenda.php
09/02/2019 08:42:14 Entrée dans ActionAgenda.php
09/02/2019 15:27:23 Entrée dans ActionAccueil.php
09/02/2019 15:27:34 Entrée dans ActionClub.php
09/02/2019 17:37:00 Entrée dans ActionAccueil.php
09/02/2019 17:37:59 Entrée dans ActionSponsor.php
09/02/2019 19:56:44 Entrée dans ActionAccueil.php
09/02/2019 19:57:10 Entrée dans ActionClub.php
09/02/2019 19:57:15 Entrée dans ActionAccueil.php
09/02/2019 19:57:20 Entrée dans ActionClub.php
09/02/2019 20:18:58 Entrée dans ActionAccueil.php
09/02/2019 22:20:28 Entrée dans ActionAgenda.php
09/02/2019 22:44:18 Entrée dans ActionAccueil.php
09/02/2019 23:39:05 Entrée dans ActionEcoleDeFoot.php
10/02/2019 01:22:26 Entrée dans ActionAccueil.php
10/02/2019 01:23:37 Entrée dans ActionClub.php
10/02/2019 01:24:12 Entrée dans ActionAgenda.php
10/02/2019 01:24:48 Entrée dans ActionJoueurs.php
10/02/2019 01:25:24 Entrée dans ActionSponsor.php
10/02/2019 01:26:00 Entrée dans ActionEvenement.php
10/02/2019 01:26:36 Entrée dans ActionEcoleDeFoot.php
10/02/2019 11:20:03 Entrée dans ActionAccueil.php
10/02/2019 11:20:18 Entrée dans ActionJoueurs.php
10/02/2019 11:20:32 Entrée dans ActionClub.php
10/02/2019 12:16:16 Entrée dans ActionContact.php
10/02/2019 19:03:40 Entrée dans ActionAccueil.php
10/02/2019 19:21:15 Entrée dans ActionAgenda.php
10/02/2019 21:28:38 Entrée dans ActionAccueil.php
10/02/2019 21:49:18 Entrée dans ActionAccueil.php
11/02/2019 04:54:39 Entrée dans ActionAgenda.php
11/02/2019 04:55:16 Entrée dans ActionClub.php
11/02/2019 04:56:34 Entrée dans ActionEcoleDeFoot.php
11/02/2019 04:57:54 Entrée dans ActionEvenement.php
11/02/2019 04:58:25 Entrée dans ActionJoueurs.php
11/02/2019 04:58:57 Entrée dans ActionSponsor.php
11/02/2019 06:02:26 Entrée dans ActionAccueil.php
11/02/2019 09:56:31 Entrée dans ActionSponsor.php
11/02/2019 10:20:49 Entrée dans ActionJoueurs.php
11/02/2019 11:06:48 Entrée dans ActionClub.php
11/02/2019 12:06:51 Entrée dans ActionContact.php
11/02/2019 13:43:43 Entrée dans ActionAccueil.php
11/02/2019 13:43:48 Entrée dans ActionClub.php
11/02/2019 13:43:50 Entrée dans ActionJoueurs.php
11/02/2019 13:43:52 Entrée dans ActionEcoleDeFoot.php
11/02/2019 13:43:54 Entrée dans ActionAgenda.php
11/02/2019 13:43:56 Entrée dans ActionEvenement.php
11/02/2019 13:43:58 Entrée dans ActionSponsor.php
11/02/2019 14:18:38 Entrée dans ActionAccueil.php
11/02/2019 16:27:18 Entrée dans ActionAccueil.php
11/02/2019 16:28:06 Entrée dans ActionJoueurs.php
11/02/2019 16:28:34 Entrée dans ActionClub.php
11/02/2019 16:29:37 Entrée dans ActionJoueurs.php
11/02/2019 16:29:43 Entrée dans ActionEcoleDeFoot.php
11/02/2019 16:29:49 Entrée dans ActionClub.php
11/02/2019 16:31:24 Entrée dans ActionAccueil.php
11/02/2019 16:31:27 Entrée dans ActionAccueil.php
11/02/2019 16:49:28 Entrée dans ActionAccueil.php
11/02/2019 19:47:46 Entrée dans ActionAccueil.php
11/02/2019 20:10:35 Entrée dans ActionAccueil.php
11/02/2019 20:13:36 Entrée dans ActionAccueil.php
11/02/2019 20:52:56 Entrée dans ActionJoueurs.php
11/02/2019 21:23:33 Entrée dans ActionAccueil.php
11/02/2019 21:24:12 Entrée dans ActionClub.php
12/02/2019 00:50:57 Entrée dans ActionJoueurs.php
12/02/2019 01:37:57 Entrée dans ActionEcoleDeFoot.php
12/02/2019 02:58:20 Entrée dans ActionAgenda.php
12/02/2019 03:25:48 Entrée dans ActionSponsor.php
12/02/2019 03:37:27 Entrée dans ActionClub.php
12/02/2019 04:07:30 Entrée dans ActionEvenement.php
12/02/2019 15:00:01 Entrée dans ActionContact.php
13/02/2019 00:14:39 Entrée dans ActionClub.php
13/02/2019 04:19:10 Entrée dans ActionAccueil.php
13/02/2019 06:36:52 Entrée dans ActionJoueurs.php
13/02/2019 08:05:44 Entrée dans ActionAccueil.php
13/02/2019 08:06:23 Entrée dans ActionAgenda.php
13/02/2019 09:42:37 Entrée dans ActionEcoleDeFoot.php
13/02/2019 11:25:21 Entrée dans ActionAccueil.php
13/02/2019 11:25:41 Entrée dans ActionJoueurs.php
13/02/2019 11:26:07 Entrée dans ActionClub.php
13/02/2019 12:39:37 Entrée dans ActionClub.php
13/02/2019 15:03:27 Entrée dans ActionAccueil.php
13/02/2019 15:42:28 Entrée dans ActionEcoleDeFoot.php
13/02/2019 17:53:20 Entrée dans ActionAccueil.php
13/02/2019 22:57:03 Entrée dans ActionEvenement.php
14/02/2019 08:27:40 Entrée dans ActionAccueil.php
14/02/2019 11:11:38 Entrée dans ActionJoueurs.php
14/02/2019 14:41:13 Entrée dans ActionEvenement.php
14/02/2019 14:58:00 Entrée dans ActionEcoleDeFoot.php
14/02/2019 17:04:04 Entrée dans ActionJoueurs.php
14/02/2019 17:56:52 Entrée dans ActionAccueil.php
14/02/2019 17:57:02 Entrée dans ActionEvenement.php
14/02/2019 19:10:25 Entrée dans ActionEvenement.php
14/02/2019 19:22:57 Entrée dans ActionAgenda.php
14/02/2019 22:39:59 Entrée dans ActionAccueil.php
14/02/2019 23:28:57 Entrée dans ActionAccueil.php
15/02/2019 06:27:07 Entrée dans ActionEcoleDeFoot.php
15/02/2019 06:27:13 Entrée dans ActionClub.php
15/02/2019 06:27:19 Entrée dans ActionAgenda.php
15/02/2019 06:27:25 Entrée dans ActionSponsor.php
15/02/2019 06:27:30 Entrée dans ActionJoueurs.php
15/02/2019 06:27:36 Entrée dans ActionEvenement.php
15/02/2019 07:55:26 Entrée dans ActionAccueil.php
15/02/2019 08:32:37 Entrée dans ActionSponsor.php
15/02/2019 09:07:22 Entrée dans ActionAgenda.php
15/02/2019 09:30:45 Entrée dans ActionJoueurs.php
15/02/2019 10:33:05 Entrée dans ActionClub.php
15/02/2019 13:21:05 Entrée dans ActionEcoleDeFoot.php
15/02/2019 13:47:27 Entrée dans ActionSponsor.php
15/02/2019 13:59:10 Entrée dans ActionEvenement.php
15/02/2019 14:43:39 Entrée dans ActionSponsor.php
15/02/2019 16:24:04 Entrée dans ActionEvenement.php
15/02/2019 17:29:59 Entrée dans ActionAccueil.php
15/02/2019 21:26:34 Entrée dans ActionSponsor.php
16/02/2019 02:36:30 Entrée dans ActionSponsor.php
16/02/2019 02:47:13 Entrée dans ActionSponsor.php
16/02/2019 03:23:03 Entrée dans ActionEcoleDeFoot.php
16/02/2019 03:34:33 Entrée dans ActionAgenda.php
16/02/2019 11:22:35 Entrée dans ActionEvenement.php
16/02/2019 15:01:46 Entrée dans ActionAgenda.php
16/02/2019 17:14:12 Entrée dans ActionAccueil.php
16/02/2019 17:14:13 Entrée dans ActionAccueil.php
16/02/2019 17:14:36 Entrée dans ActionJoueurs.php
16/02/2019 17:14:36 Entrée dans ActionJoueurs.php
16/02/2019 18:47:50 Entrée dans ActionAccueil.php
16/02/2019 18:48:00 Entrée dans ActionClub.php
16/02/2019 18:48:18 Entrée dans ActionAgenda.php
16/02/2019 18:48:26 Entrée dans ActionJoueurs.php
16/02/2019 18:48:30 Entrée dans ActionSponsor.php
17/02/2019 00:35:05 Entrée dans ActionClub.php
17/02/2019 04:37:29 Entrée dans ActionAgenda.php
17/02/2019 04:54:48 Entrée dans ActionAgenda.php
17/02/2019 05:42:48 Entrée dans ActionAccueil.php
17/02/2019 06:45:16 Entrée dans ActionAgenda.php
17/02/2019 13:28:36 Entrée dans ActionAccueil.php
17/02/2019 13:29:28 Entrée dans ActionAccueil.php
17/02/2019 13:29:37 Entrée dans ActionEvenement.php
17/02/2019 13:29:53 Entrée dans ActionAgenda.php
17/02/2019 13:30:49 Entrée dans ActionAgenda.php
17/02/2019 13:30:58 Entrée dans ActionAgenda.php
17/02/2019 13:32:53 Entrée dans ActionAccueil.php
17/02/2019 13:33:06 Entrée dans ActionEvenement.php
17/02/2019 13:33:14 Entrée dans ActionAgenda.php
17/02/2019 15:25:50 Entrée dans ActionAccueil.php
17/02/2019 18:01:13 Entrée dans ActionAccueil.php
17/02/2019 18:01:29 Entrée dans ActionAgenda.php
17/02/2019 18:01:43 Entrée dans ActionAgenda.php
17/02/2019 18:01:54 Entrée dans ActionAgenda.php
17/02/2019 18:02:12 Entrée dans ActionAccueil.php
17/02/2019 21:15:25 Entrée dans ActionAccueil.php
17/02/2019 21:49:56 Entrée dans ActionAccueil.php
18/02/2019 00:03:59 Entrée dans ActionAccueil.php
18/02/2019 00:04:12 Entrée dans ActionClub.php
18/02/2019 02:10:59 Entrée dans ActionJoueurs.php
18/02/2019 02:44:43 Entrée dans ActionClub.php
18/02/2019 03:51:11 Entrée dans ActionJoueurs.php
18/02/2019 06:03:06 Entrée dans ActionEcoleDeFoot.php
18/02/2019 09:46:03 Entrée dans ActionEvenement.php
18/02/2019 12:12:08 Entrée dans ActionAccueil.php
18/02/2019 12:12:12 Entrée dans ActionJoueurs.php
18/02/2019 12:12:48 Entrée dans ActionClub.php
18/02/2019 13:27:33 Entrée dans ActionClub.php
18/02/2019 19:14:09 Entrée dans ActionAccueil.php
18/02/2019 21:28:01 Entrée dans ActionJoueurs.php
18/02/2019 21:28:23 Entrée dans ActionClub.php
19/02/2019 01:56:59 Entrée dans ActionJoueurs.php
19/02/2019 07:41:29 Entrée dans ActionAccueil.php
19/02/2019 13:55:31 Entrée dans ActionAgenda.php
19/02/2019 15:10:43 Entrée dans ActionEvenement.php
19/02/2019 16:07:51 Entrée dans ActionAccueil.php
19/02/2019 16:09:28 Entrée dans ActionJoueurs.php
19/02/2019 16:10:24 Entrée dans ActionClub.php
19/02/2019 17:40:36 Entrée dans ActionAccueil.php
19/02/2019 17:41:28 Entrée dans ActionEcoleDeFoot.php
19/02/2019 17:41:51 Entrée dans ActionEvenement.php
19/02/2019 17:42:14 Entrée dans ActionClub.php
19/02/2019 18:19:38 Entrée dans ActionEcoleDeFoot.php
19/02/2019 18:58:42 Entrée dans ActionAgenda.php
19/02/2019 19:18:40 Entrée dans ActionClub.php
19/02/2019 20:46:14 Entrée dans ActionEvenement.php
19/02/2019 20:51:34 Entrée dans ActionEvenement.php
19/02/2019 20:51:47 Entrée dans ActionEcoleDeFoot.php
19/02/2019 20:51:53 Entrée dans ActionAccueil.php
20/02/2019 01:09:50 Entrée dans ActionClub.php
20/02/2019 02:34:31 Entrée dans ActionAccueil.php
20/02/2019 05:04:32 Entrée dans ActionJoueurs.php
20/02/2019 05:43:07 Entrée dans ActionClub.php
20/02/2019 06:08:01 Entrée dans ActionEvenement.php
20/02/2019 06:09:42 Entrée dans ActionAgenda.php
20/02/2019 09:41:01 Entrée dans ActionAccueil.php
20/02/2019 09:41:07 Entrée dans ActionSponsor.php
20/02/2019 09:41:15 Entrée dans ActionJoueurs.php
20/02/2019 09:41:36 Entrée dans ActionClub.php
20/02/2019 12:56:12 Entrée dans ActionAccueil.php
20/02/2019 12:56:31 Entrée dans ActionJoueurs.php
20/02/2019 12:56:31 Entrée dans ActionJoueurs.php
20/02/2019 16:16:51 Entrée dans ActionAccueil.php
20/02/2019 19:07:49 Entrée dans ActionJoueurs.php
20/02/2019 21:35:14 Entrée dans ActionAccueil.php
21/02/2019 06:22:26 Entrée dans ActionSponsor.php
21/02/2019 11:44:30 Entrée dans ActionAgenda.php
21/02/2019 13:12:24 Entrée dans ActionJoueurs.php
21/02/2019 14:25:58 Entrée dans ActionSponsor.php
21/02/2019 17:06:30 Entrée dans ActionAgenda.php
21/02/2019 18:10:08 Entrée dans ActionAccueil.php
21/02/2019 20:14:31 Entrée dans ActionAgenda.php
21/02/2019 21:52:16 Entrée dans ActionAccueil.php
22/02/2019 01:53:42 Entrée dans ActionAgenda.php
22/02/2019 09:16:49 Entrée dans ActionJoueurs.php
22/02/2019 12:51:32 Entrée dans ActionAccueil.php
22/02/2019 12:51:48 Entrée dans ActionAgenda.php
22/02/2019 12:52:10 Entrée dans ActionClub.php
22/02/2019 15:51:04 Entrée dans ActionAccueil.php
22/02/2019 21:29:55 Entrée dans ActionAccueil.php
22/02/2019 21:30:08 Entrée dans ActionEcoleDeFoot.php
22/02/2019 21:30:56 Entrée dans ActionClub.php
22/02/2019 21:31:05 Entrée dans ActionAgenda.php
22/02/2019 21:31:12 Entrée dans ActionAgenda.php
22/02/2019 22:31:19 Entrée dans ActionEcoleDeFoot.php
23/02/2019 01:47:07 Entrée dans ActionJoueurs.php
23/02/2019 06:12:38 Entrée dans ActionAccueil.php
23/02/2019 06:24:12 Entrée dans ActionAccueil.php
23/02/2019 13:18:09 Entrée dans ActionAccueil.php
23/02/2019 13:18:14 Entrée dans ActionJoueurs.php
23/02/2019 13:18:26 Entrée dans ActionEvenement.php
23/02/2019 18:12:22 Entrée dans ActionAccueil.php
23/02/2019 19:56:42 Entrée dans ActionAccueil.php
23/02/2019 19:57:29 Entrée dans ActionClub.php
23/02/2019 19:57:47 Entrée dans ActionEcoleDeFoot.php
23/02/2019 20:13:52 Entrée dans ActionClub.php
23/02/2019 21:37:23 Entrée dans ActionAccueil.php
24/02/2019 04:20:17 Entrée dans ActionContact.php
24/02/2019 07:50:13 Entrée dans ActionAccueil.php
24/02/2019 07:50:33 Entrée dans ActionAgenda.php
24/02/2019 07:51:02 Entrée dans ActionAgenda.php
24/02/2019 10:11:14 Entrée dans ActionClub.php
24/02/2019 10:41:28 Entrée dans ActionAccueil.php
24/02/2019 11:25:37 Entrée dans ActionAccueil.php
24/02/2019 12:55:34 Entrée dans ActionAccueil.php
24/02/2019 12:55:55 Entrée dans ActionJoueurs.php
24/02/2019 13:24:24 Entrée dans ActionAccueil.php
24/02/2019 13:24:32 Entrée dans ActionEcoleDeFoot.php
24/02/2019 13:29:25 Entrée dans ActionAccueil.php
24/02/2019 13:29:31 Entrée dans ActionAgenda.php
24/02/2019 13:30:23 Entrée dans ActionAgenda.php
24/02/2019 13:30:37 Entrée dans ActionAgenda.php
24/02/2019 13:30:51 Entrée dans ActionEcoleDeFoot.php
24/02/2019 13:31:13 Entrée dans ActionEcoleDeFoot.php
24/02/2019 13:32:08 Entrée dans ActionEvenement.php
24/02/2019 13:32:32 Entrée dans ActionEvenement.php
24/02/2019 13:32:37 Entrée dans ActionAgenda.php
24/02/2019 13:32:50 Entrée dans ActionClub.php
24/02/2019 13:35:55 Entrée dans ActionClub.php
24/02/2019 13:36:00 Entrée dans ActionSponsor.php
24/02/2019 13:36:38 Entrée dans ActionAccueil.php
24/02/2019 14:21:40 Entrée dans ActionAccueil.php
24/02/2019 14:21:40 Entrée dans ActionAccueil.php
24/02/2019 15:04:12 Entrée dans ActionAccueil.php
24/02/2019 15:05:17 Entrée dans ActionJoueurs.php
24/02/2019 16:54:48 Entrée dans ActionLogin.php
24/02/2019 18:14:40 Entrée dans ActionClub.php
24/02/2019 21:09:18 Entrée dans ActionJoueurs.php
24/02/2019 21:27:36 Entrée dans ActionAgenda.php
24/02/2019 22:10:02 Entrée dans ActionAccueil.php
24/02/2019 23:27:03 Entrée dans ActionAccueil.php
25/02/2019 11:43:58 Entrée dans ActionEvenement.php
25/02/2019 11:44:27 Entrée dans ActionClub.php
25/02/2019 11:44:36 Entrée dans ActionJoueurs.php
25/02/2019 11:44:47 Entrée dans ActionAgenda.php
25/02/2019 12:15:27 Entrée dans ActionAccueil.php
25/02/2019 12:15:32 Entrée dans ActionClub.php
25/02/2019 12:15:34 Entrée dans ActionJoueurs.php
25/02/2019 12:15:36 Entrée dans ActionEcoleDeFoot.php
25/02/2019 12:15:38 Entrée dans ActionAgenda.php
25/02/2019 12:15:40 Entrée dans ActionEvenement.php
25/02/2019 12:15:42 Entrée dans ActionSponsor.php
25/02/2019 12:49:57 Entrée dans ActionAccueil.php
25/02/2019 16:06:42 Entrée dans ActionEvenement.php
25/02/2019 17:18:14 Entrée dans ActionEvenement.php
25/02/2019 17:18:16 Entrée dans ActionSponsor.php
25/02/2019 17:18:57 Entrée dans ActionClub.php
25/02/2019 20:42:33 Entrée dans ActionAccueil.php
25/02/2019 22:11:36 Entrée dans ActionEvenement.php
25/02/2019 23:35:49 Entrée dans ActionAccueil.php
26/02/2019 03:42:59 Entrée dans ActionEcoleDeFoot.php
26/02/2019 12:46:27 Entrée dans ActionAccueil.php
26/02/2019 12:47:42 Entrée dans ActionEcoleDeFoot.php
26/02/2019 12:49:58 Entrée dans ActionAccueil.php
26/02/2019 12:50:04 Entrée dans ActionClub.php
26/02/2019 15:46:25 Entrée dans ActionEvenement.php
26/02/2019 20:46:04 Entrée dans ActionAccueil.php
27/02/2019 03:51:35 Entrée dans ActionAccueil.php
27/02/2019 07:01:43 Entrée dans ActionAccueil.php
27/02/2019 10:06:37 Entrée dans ActionAccueil.php
27/02/2019 14:56:06 Entrée dans ActionEvenement.php
27/02/2019 18:24:45 Entrée dans ActionSponsor.php
27/02/2019 19:25:12 Entrée dans ActionAgenda.php
27/02/2019 20:37:58 Entrée dans ActionAccueil.php
27/02/2019 20:38:47 Entrée dans ActionAgenda.php
27/02/2019 20:39:45 Entrée dans ActionAgenda.php
27/02/2019 20:41:04 Entrée dans ActionAccueil.php
27/02/2019 22:00:44 Entrée dans ActionAccueil.php
27/02/2019 22:00:59 Entrée dans ActionEcoleDeFoot.php
28/02/2019 01:46:26 Entrée dans ActionAgenda.php
28/02/2019 10:48:53 Entrée dans ActionAccueil.php
28/02/2019 10:49:02 Entrée dans ActionEcoleDeFoot.php
28/02/2019 14:40:38 Entrée dans ActionAgenda.php
28/02/2019 20:26:11 Entrée dans ActionAccueil.php
28/02/2019 20:40:39 Entrée dans ActionEcoleDeFoot.php
28/02/2019 20:54:10 Entrée dans ActionAccueil.php
28/02/2019 20:55:15 Entrée dans ActionEcoleDeFoot.php
28/02/2019 20:56:26 Entrée dans ActionClub.php
28/02/2019 21:17:26 Entrée dans ActionJoueurs.php
28/02/2019 23:42:02 Entrée dans ActionClub.php
