01/03/2016 00:23:42 Entrée dans ActionClub.php
01/03/2016 04:41:00 Entrée dans ActionAccueil.php
01/03/2016 10:10:46 Entrée dans ActionAccueil.php
01/03/2016 10:12:19 Entrée dans AfficherPopupArticle.php
01/03/2016 10:27:14 Entrée dans ActionAccueil.php
01/03/2016 10:27:50 Entrée dans ActionJoueurs.php
01/03/2016 10:28:20 Entrée dans ActionAccueil.php
01/03/2016 14:23:33 Entrée dans ActionAccueil.php
01/03/2016 14:37:47 Entrée dans ActionEvenement.php
01/03/2016 15:25:40 Entrée dans ActionAccueil.php
01/03/2016 15:48:53 Entrée dans ActionAccueil.php
01/03/2016 16:33:09 Entrée dans ActionAccueil.php
01/03/2016 16:33:17 Entrée dans AfficherPopupArticle.php
01/03/2016 16:33:43 Entrée dans AfficherPopupArticle.php
01/03/2016 16:34:15 Entrée dans AfficherPopupArticle.php
01/03/2016 16:34:33 Entrée dans AfficherPopupArticle.php
01/03/2016 16:35:01 Entrée dans AfficherPopupArticle.php
01/03/2016 16:35:12 Entrée dans ActionClub.php
01/03/2016 16:35:27 Entrée dans ActionEcoleDeFoot.php
01/03/2016 16:35:38 Entrée dans ActionEcoleDeFoot.php
01/03/2016 16:35:47 Entrée dans ActionEcoleDeFoot.php
01/03/2016 16:36:09 Entrée dans ActionEcoleDeFoot.php
01/03/2016 16:36:11 Entrée dans ActionEcoleDeFoot.php
01/03/2016 19:06:58 Entrée dans ActionAccueil.php
01/03/2016 19:07:55 Entrée dans AfficherPopupArticle.php
01/03/2016 19:08:24 Entrée dans AfficherPopupArticle.php
01/03/2016 19:09:02 Entrée dans AfficherPopupArticle.php
01/03/2016 19:09:44 Entrée dans ActionClub.php
01/03/2016 19:11:07 Entrée dans ActionEcoleDeFoot.php
01/03/2016 19:11:16 Entrée dans ActionEcoleDeFoot.php
01/03/2016 19:12:50 Entrée dans ActionEcoleDeFoot.php
01/03/2016 19:12:56 Entrée dans ActionEcoleDeFoot.php
01/03/2016 20:23:22 Entrée dans ActionAccueil.php
01/03/2016 20:23:32 Entrée dans ActionEvenement.php
01/03/2016 20:23:36 Entrée dans ActionAgenda.php
01/03/2016 20:23:38 Entrée dans ActionAgenda.php
01/03/2016 20:24:00 Entrée dans ActionClub.php
01/03/2016 20:24:12 Entrée dans ActionAccueil.php
01/03/2016 20:24:39 Entrée dans ActionEcoleDeFoot.php
01/03/2016 20:24:42 Entrée dans ActionEcoleDeFoot.php
01/03/2016 20:27:34 Entrée dans ActionAccueil.php
01/03/2016 20:27:44 Entrée dans AfficherPopupArticle.php
01/03/2016 20:28:02 Entrée dans AfficherPopupArticle.php
01/03/2016 20:28:56 Entrée dans ActionClub.php
01/03/2016 20:29:38 Entrée dans ActionSponsor.php
01/03/2016 20:29:41 Entrée dans ActionEvenement.php
01/03/2016 20:29:48 Entrée dans ActionJoueurs.php
01/03/2016 20:29:50 Entrée dans ActionClub.php
01/03/2016 20:29:51 Entrée dans ActionJoueurs.php
01/03/2016 20:30:17 Entrée dans ActionEcoleDeFoot.php
01/03/2016 20:30:25 Entrée dans ActionEcoleDeFoot.php
01/03/2016 20:30:38 Entrée dans ActionAccueil.php
01/03/2016 20:31:03 Entrée dans AfficherPopupArticle.php
01/03/2016 20:33:03 Entrée dans ActionAccueil.php
02/03/2016 00:00:24 Entrée dans ActionAccueil.php
02/03/2016 00:01:06 Entrée dans AfficherPopupArticle.php
02/03/2016 00:01:40 Entrée dans AfficherPopupArticle.php
02/03/2016 00:15:05 Entrée dans ActionAccueil.php
02/03/2016 06:47:56 Entrée dans ActionSponsor.php
02/03/2016 06:52:35 Entrée dans ActionAccueil.php
02/03/2016 06:52:45 Entrée dans ActionClub.php
02/03/2016 07:49:14 Entrée dans ActionJoueurs.php
02/03/2016 08:45:35 Entrée dans ActionJoueurs.php
02/03/2016 09:57:07 Entrée dans ActionAccueil.php
02/03/2016 09:58:05 Entrée dans ActionJoueurs.php
02/03/2016 16:16:21 Entrée dans ActionAccueil.php
02/03/2016 17:02:48 Entrée dans ActionAccueil.php
02/03/2016 17:02:58 Entrée dans ActionClub.php
02/03/2016 17:03:11 Entrée dans ActionEcoleDeFoot.php
02/03/2016 17:03:33 Entrée dans ActionEcoleDeFoot.php
02/03/2016 17:04:50 Entrée dans ActionEcoleDeFoot.php
02/03/2016 17:09:30 Entrée dans ActionEcoleDeFoot.php
02/03/2016 17:09:38 Entrée dans ActionEcoleDeFoot.php
02/03/2016 17:09:49 Entrée dans ActionEcoleDeFoot.php
02/03/2016 17:32:38 Entrée dans ActionAgenda.php
02/03/2016 19:38:42 Entrée dans ActionAccueil.php
02/03/2016 19:39:31 Entrée dans ActionClub.php
02/03/2016 19:39:41 Entrée dans ActionEcoleDeFoot.php
02/03/2016 19:39:46 Entrée dans ActionEcoleDeFoot.php
02/03/2016 19:40:11 Entrée dans ActionAccueil.php
02/03/2016 20:23:08 Entrée dans ActionAccueil.php
02/03/2016 20:23:32 Entrée dans ActionJoueurs.php
02/03/2016 20:23:57 Entrée dans ActionClub.php
02/03/2016 20:24:05 Entrée dans ActionEcoleDeFoot.php
02/03/2016 20:24:12 Entrée dans ActionAgenda.php
02/03/2016 20:24:14 Entrée dans ActionAgenda.php
02/03/2016 20:24:21 Entrée dans ActionAccueil.php
02/03/2016 20:43:46 Entrée dans ActionAccueil.php
03/03/2016 05:40:36 Entrée dans ActionAccueil.php
03/03/2016 05:40:54 Entrée dans ActionEvenement.php
03/03/2016 05:41:03 Entrée dans ActionAgenda.php
03/03/2016 05:41:04 Entrée dans ActionAgenda.php
03/03/2016 05:41:25 Entrée dans ActionAccueil.php
03/03/2016 05:42:09 Entrée dans AfficherPopupArticle.php
03/03/2016 05:49:21 Entrée dans ActionAccueil.php
03/03/2016 06:29:12 Entrée dans ActionAgenda.php
03/03/2016 08:59:41 Entrée dans ActionAccueil.php
03/03/2016 09:01:43 Entrée dans ActionAccueil.php
03/03/2016 09:02:45 Entrée dans ActionJoueurs.php
03/03/2016 09:03:12 Entrée dans ActionAccueil.php
03/03/2016 09:03:17 Entrée dans ActionJoueurs.php
03/03/2016 10:30:59 Entrée dans ActionAccueil.php
03/03/2016 10:31:30 Entrée dans ActionClub.php
03/03/2016 10:34:57 Entrée dans ActionEcoleDeFoot.php
03/03/2016 10:35:18 Entrée dans ActionAgenda.php
03/03/2016 10:35:19 Entrée dans ActionAgenda.php
03/03/2016 10:35:21 Entrée dans ActionSponsor.php
03/03/2016 10:35:58 Entrée dans ActionAccueil.php
03/03/2016 12:05:51 Entrée dans ActionAccueil.php
03/03/2016 12:05:55 Entrée dans ActionClub.php
03/03/2016 12:27:50 Entrée dans ActionAccueil.php
03/03/2016 13:07:51 Entrée dans ActionAccueil.php
03/03/2016 13:08:05 Entrée dans ActionLogin.php
03/03/2016 13:08:05 Authentification de tsutter.
03/03/2016 13:08:05 Entrée dans ActionProfil.php
03/03/2016 13:09:57 Entrée dans ActionArticle.php
03/03/2016 13:19:34 Entrée dans ActionAccueil.php
03/03/2016 13:21:09 Entrée dans ActionProfil.php
03/03/2016 13:21:11 Entrée dans ActionRencontre.php
03/03/2016 13:21:19 Entrée dans ActionRencontre.php
03/03/2016 13:21:23 Entrée dans RechercherRencontre.php
03/03/2016 13:21:29 Entrée dans ActionRencontre.php
03/03/2016 13:21:35 Entrée dans ActionRencontre.php
03/03/2016 13:21:38 Entrée dans RechercherRencontre.php
03/03/2016 13:21:44 Entrée dans ActionRencontre.php
03/03/2016 13:21:50 Entrée dans ActionRencontre.php
03/03/2016 13:22:03 Entrée dans ActionAccueil.php
03/03/2016 13:24:56 Entrée dans ActionAccueil.php
03/03/2016 13:26:28 Entrée dans ActionAccueil.php
03/03/2016 13:28:07 Entrée dans ActionClub.php
03/03/2016 13:29:11 Entrée dans ActionJoueurs.php
03/03/2016 13:30:13 Entrée dans ActionEcoleDeFoot.php
03/03/2016 13:31:27 Entrée dans ActionAgenda.php
03/03/2016 13:32:48 Entrée dans ActionEvenement.php
03/03/2016 13:34:13 Entrée dans ActionSponsor.php
03/03/2016 13:38:54 Entrée dans ActionProfil.php
03/03/2016 13:38:56 Entrée dans ActionArticle.php
03/03/2016 13:43:52 Entrée dans ActionArticle.php
03/03/2016 13:43:58 Entrée dans ActionArticle.php
03/03/2016 13:43:59 Entrée dans RechercherArticle.php
03/03/2016 13:44:14 Entrée dans ActionArticle.php
03/03/2016 13:44:17 Entrée dans ActionArticle.php
03/03/2016 13:44:19 Entrée dans ActionAccueil.php
03/03/2016 13:56:51 Entrée dans AfficherPopupArticle.php
03/03/2016 14:07:43 Entrée dans ActionAccueil.php
03/03/2016 14:07:57 Entrée dans AfficherPopupArticle.php
03/03/2016 15:04:36 Entrée dans ActionAccueil.php
03/03/2016 15:05:53 Entrée dans AfficherPopupArticle.php
03/03/2016 15:06:16 Entrée dans AfficherPopupArticle.php
03/03/2016 15:07:58 Entrée dans AfficherPopupArticle.php
03/03/2016 15:56:45 Entrée dans ActionAgenda.php
03/03/2016 17:26:02 Entrée dans ActionAccueil.php
03/03/2016 17:26:21 Entrée dans AfficherPopupArticle.php
03/03/2016 17:26:21 Entrée dans AfficherPopupArticle.php
03/03/2016 17:26:34 Entrée dans AfficherPopupArticle.php
03/03/2016 17:27:24 Entrée dans ActionAccueil.php
03/03/2016 17:27:30 Entrée dans AfficherPopupArticle.php
03/03/2016 18:37:45 Entrée dans ActionAccueil.php
03/03/2016 18:42:54 Entrée dans ActionAccueil.php
03/03/2016 21:48:39 Entrée dans ActionAccueil.php
03/03/2016 21:49:09 Entrée dans ActionJoueurs.php
04/03/2016 01:48:48 Entrée dans ActionAgenda.php
04/03/2016 01:56:15 Entrée dans ActionAccueil.php
04/03/2016 07:11:39 Entrée dans ActionAccueil.php
04/03/2016 07:12:08 Entrée dans AfficherPopupArticle.php
04/03/2016 07:12:19 Entrée dans ActionAccueil.php
04/03/2016 07:12:36 Entrée dans AfficherPopupArticle.php
04/03/2016 07:13:48 Entrée dans AfficherPopupArticle.php
04/03/2016 11:35:58 Entrée dans ActionAccueil.php
04/03/2016 11:38:10 Entrée dans ActionJoueurs.php
04/03/2016 11:39:05 Entrée dans ActionAgenda.php
04/03/2016 11:39:06 Entrée dans ActionAgenda.php
04/03/2016 11:39:17 Entrée dans ActionClub.php
04/03/2016 11:41:09 Entrée dans ActionAccueil.php
04/03/2016 11:41:15 Entrée dans ActionSponsor.php
04/03/2016 11:41:16 Entrée dans ActionEvenement.php
04/03/2016 11:41:18 Entrée dans ActionAgenda.php
04/03/2016 11:41:18 Entrée dans ActionAgenda.php
04/03/2016 11:41:20 Entrée dans ActionEcoleDeFoot.php
04/03/2016 11:41:24 Entrée dans ActionJoueurs.php
04/03/2016 12:41:57 Entrée dans ActionAccueil.php
04/03/2016 12:42:27 Entrée dans ActionAgenda.php
04/03/2016 12:42:28 Entrée dans ActionAgenda.php
04/03/2016 12:42:38 Entrée dans ActionAccueil.php
04/03/2016 12:42:40 Entrée dans ActionClub.php
04/03/2016 12:42:45 Entrée dans ActionJoueurs.php
04/03/2016 12:44:12 Entrée dans ActionEcoleDeFoot.php
04/03/2016 12:44:16 Entrée dans ActionEcoleDeFoot.php
04/03/2016 12:44:20 Entrée dans ActionSponsor.php
04/03/2016 13:13:48 Entrée dans ActionAgenda.php
04/03/2016 13:49:12 Entrée dans ActionAccueil.php
04/03/2016 13:50:23 Entrée dans AfficherPopupArticle.php
04/03/2016 14:25:04 Entrée dans ActionAccueil.php
04/03/2016 14:25:15 Entrée dans ActionJoueurs.php
04/03/2016 14:26:01 Entrée dans ActionAccueil.php
04/03/2016 14:27:07 Entrée dans ActionClub.php
04/03/2016 14:27:28 Entrée dans ActionEvenement.php
04/03/2016 15:55:35 Entrée dans ActionAccueil.php
04/03/2016 15:55:50 Entrée dans ActionLogin.php
04/03/2016 15:55:50 Authentification de tsutter.
04/03/2016 15:55:50 Entrée dans ActionProfil.php
04/03/2016 16:09:16 Entrée dans ActionArticle.php
04/03/2016 16:14:38 Entrée dans ActionArticle.php
04/03/2016 16:14:45 Entrée dans ActionAccueil.php
04/03/2016 16:14:50 Entrée dans ActionProfil.php
04/03/2016 16:14:53 Entrée dans ActionArticle.php
04/03/2016 16:16:48 Entrée dans ActionArticle.php
04/03/2016 16:16:50 Entrée dans ActionAccueil.php
04/03/2016 16:20:12 Entrée dans ActionAccueil.php
04/03/2016 16:20:19 Entrée dans AfficherPopupArticle.php
04/03/2016 16:20:29 Entrée dans AfficherPopupArticle.php
04/03/2016 16:20:56 Entrée dans AfficherPopupArticle.php
04/03/2016 16:21:06 Entrée dans AfficherPopupArticle.php
04/03/2016 17:07:44 Entrée dans ActionAccueil.php
04/03/2016 17:08:13 Entrée dans AfficherPopupArticle.php
04/03/2016 17:08:45 Entrée dans ActionAgenda.php
04/03/2016 18:52:02 Entrée dans ActionAccueil.php
04/03/2016 18:52:08 Entrée dans AfficherPopupArticle.php
04/03/2016 18:52:43 Entrée dans AfficherPopupArticle.php
04/03/2016 20:53:07 Entrée dans ActionEcoleDeFoot.php
04/03/2016 20:53:11 Entrée dans ActionEcoleDeFoot.php
04/03/2016 22:44:26 Entrée dans ActionAccueil.php
04/03/2016 22:44:29 Entrée dans ActionAccueil.php
05/03/2016 07:19:24 Entrée dans ActionAccueil.php
05/03/2016 07:24:57 Entrée dans ActionAccueil.php
05/03/2016 07:25:27 Entrée dans AfficherPopupArticle.php
05/03/2016 07:25:45 Entrée dans AfficherPopupArticle.php
05/03/2016 07:27:54 Entrée dans ActionAccueil.php
05/03/2016 07:28:02 Entrée dans ActionAccueil.php
05/03/2016 07:28:04 Entrée dans ActionClub.php
05/03/2016 07:33:04 Entrée dans AfficherPopupArticle.php
05/03/2016 07:34:08 Entrée dans AfficherPopupArticle.php
05/03/2016 07:34:11 Entrée dans AfficherPopupArticle.php
05/03/2016 12:28:36 Entrée dans ActionAccueil.php
05/03/2016 12:29:08 Entrée dans ActionAccueil.php
05/03/2016 12:29:11 Entrée dans ActionClub.php
05/03/2016 12:52:49 Entrée dans ActionAccueil.php
05/03/2016 12:52:56 Entrée dans AfficherPopupArticle.php
05/03/2016 12:53:09 Entrée dans AfficherPopupArticle.php
05/03/2016 12:53:11 Entrée dans ActionSponsor.php
05/03/2016 13:03:05 Entrée dans ActionAccueil.php
05/03/2016 13:03:50 Entrée dans AfficherPopupArticle.php
05/03/2016 13:04:08 Entrée dans ActionAccueil.php
05/03/2016 13:04:30 Entrée dans AfficherPopupArticle.php
05/03/2016 16:50:13 Entrée dans ActionAccueil.php
05/03/2016 16:51:24 Entrée dans AfficherPopupArticle.php
05/03/2016 17:07:58 Entrée dans ActionAgenda.php
05/03/2016 17:08:02 Entrée dans ActionClub.php
05/03/2016 17:08:05 Entrée dans ActionEcoleDeFoot.php
05/03/2016 17:15:40 Entrée dans ActionAccueil.php
05/03/2016 17:15:54 Entrée dans AfficherPopupArticle.php
05/03/2016 17:16:59 Entrée dans ActionEvenement.php
05/03/2016 17:17:17 Entrée dans ActionAccueil.php
05/03/2016 17:17:20 Entrée dans AfficherPopupArticle.php
05/03/2016 17:17:23 Entrée dans ActionAccueil.php
05/03/2016 21:26:47 Entrée dans ActionAccueil.php
05/03/2016 21:27:05 Entrée dans AfficherPopupArticle.php
05/03/2016 21:33:02 Entrée dans ActionAccueil.php
05/03/2016 21:33:42 Entrée dans AfficherPopupArticle.php
05/03/2016 23:02:06 Entrée dans ActionRencontre.php
05/03/2016 23:02:07 Entrée dans ActionAccueil.php
05/03/2016 23:02:21 Entrée dans AfficherPopupArticle.php
05/03/2016 23:02:43 Entrée dans AfficherPopupArticle.php
05/03/2016 23:04:00 Entrée dans ActionLogin.php
05/03/2016 23:04:00 Authentification de rernesti.
05/03/2016 23:04:01 Entrée dans ActionProfil.php
05/03/2016 23:04:10 Entrée dans ActionArticle.php
05/03/2016 23:07:28 Entrée dans ActionArticle.php
05/03/2016 23:07:31 Entrée dans ActionAccueil.php
05/03/2016 23:16:08 Entrée dans ActionAccueil.php
05/03/2016 23:24:47 Entrée dans ActionAccueil.php
05/03/2016 23:25:03 Entrée dans ActionClub.php
05/03/2016 23:25:10 Entrée dans ActionJoueurs.php
05/03/2016 23:25:19 Entrée dans ActionEcoleDeFoot.php
05/03/2016 23:25:28 Entrée dans ActionAgenda.php
05/03/2016 23:25:37 Entrée dans ActionEvenement.php
05/03/2016 23:25:45 Entrée dans ActionSponsor.php
06/03/2016 06:20:39 Entrée dans ActionAccueil.php
06/03/2016 08:30:10 Entrée dans ActionAccueil.php
06/03/2016 08:30:36 Entrée dans ActionEvenement.php
06/03/2016 08:30:39 Entrée dans ActionSponsor.php
06/03/2016 08:31:01 Entrée dans ActionAccueil.php
06/03/2016 09:12:09 Entrée dans ActionEvenement.php
06/03/2016 10:19:40 Entrée dans ActionAccueil.php
06/03/2016 10:19:41 Entrée dans ActionAccueil.php
06/03/2016 10:20:00 Entrée dans ActionEcoleDeFoot.php
06/03/2016 10:20:32 Entrée dans ActionEcoleDeFoot.php
06/03/2016 10:20:50 Entrée dans ActionEcoleDeFoot.php
06/03/2016 11:02:42 Entrée dans ActionAccueil.php
06/03/2016 11:03:04 Entrée dans AfficherPopupArticle.php
06/03/2016 11:03:22 Entrée dans AfficherPopupArticle.php
06/03/2016 13:41:33 Entrée dans ActionAccueil.php
06/03/2016 13:41:46 Entrée dans ActionClub.php
06/03/2016 13:41:55 Entrée dans ActionAgenda.php
06/03/2016 13:42:06 Entrée dans ActionSponsor.php
06/03/2016 13:42:16 Entrée dans ActionJoueurs.php
06/03/2016 13:42:31 Entrée dans ActionEvenement.php
06/03/2016 13:42:41 Entrée dans ActionEcoleDeFoot.php
06/03/2016 16:21:12 Entrée dans ActionEvenement.php
06/03/2016 16:21:57 Entrée dans ActionAgenda.php
06/03/2016 16:21:59 Entrée dans ActionAgenda.php
06/03/2016 16:22:10 Entrée dans ActionEvenement.php
06/03/2016 16:22:14 Entrée dans ActionAccueil.php
06/03/2016 16:22:47 Entrée dans AfficherPopupArticle.php
06/03/2016 16:23:05 Entrée dans AfficherPopupArticle.php
06/03/2016 16:25:20 Entrée dans ActionClub.php
06/03/2016 18:08:57 Entrée dans ActionAccueil.php
06/03/2016 18:09:35 Entrée dans ActionLogin.php
06/03/2016 18:09:35 Authentification de tsutter.
06/03/2016 18:09:36 Entrée dans ActionProfil.php
06/03/2016 18:09:38 Entrée dans ActionUtilisateur.php
06/03/2016 18:09:49 Entrée dans ActionUtilisateur.php
06/03/2016 18:09:58 Entrée dans ActionUtilisateur.php
06/03/2016 18:25:50 Entrée dans ActionAccueil.php
06/03/2016 18:26:18 Entrée dans AfficherPopupArticle.php
06/03/2016 18:26:32 Entrée dans ActionJoueurs.php
06/03/2016 18:27:02 Entrée dans ActionClub.php
06/03/2016 21:10:03 Entrée dans ActionAccueil.php
06/03/2016 22:07:43 Entrée dans ActionAgenda.php
07/03/2016 01:18:50 Entrée dans ActionJoueurs.php
07/03/2016 05:11:57 Entrée dans ActionAccueil.php
07/03/2016 06:19:30 Entrée dans ActionEvenement.php
07/03/2016 10:13:39 Entrée dans ActionAccueil.php
07/03/2016 17:33:05 Entrée dans ActionAccueil.php
07/03/2016 17:34:04 Entrée dans AfficherPopupArticle.php
07/03/2016 19:20:05 Entrée dans ActionSponsor.php
07/03/2016 21:10:17 Entrée dans ActionAccueil.php
07/03/2016 21:10:48 Entrée dans ActionClub.php
07/03/2016 23:40:02 Entrée dans ActionAccueil.php
07/03/2016 23:41:08 Entrée dans AfficherPopupArticle.php
07/03/2016 23:41:55 Entrée dans AfficherPopupArticle.php
07/03/2016 23:42:10 Entrée dans AfficherPopupArticle.php
07/03/2016 23:42:24 Entrée dans ActionSponsor.php
07/03/2016 23:43:20 Entrée dans ActionClub.php
07/03/2016 23:46:56 Entrée dans ActionEcoleDeFoot.php
08/03/2016 03:37:13 Entrée dans ActionAccueil.php
08/03/2016 06:44:23 Entrée dans ActionAccueil.php
08/03/2016 06:44:29 Entrée dans ActionJoueurs.php
08/03/2016 09:52:17 Entrée dans ActionAccueil.php
08/03/2016 09:52:27 Entrée dans AfficherPopupArticle.php
08/03/2016 09:54:31 Entrée dans ActionAccueil.php
08/03/2016 09:54:31 Entrée dans ActionEcoleDeFoot.php
08/03/2016 09:54:31 Entrée dans ActionAgenda.php
08/03/2016 09:54:31 Entrée dans ActionClub.php
08/03/2016 09:54:31 Entrée dans ActionJoueurs.php
08/03/2016 09:54:32 Entrée dans ActionSponsor.php
08/03/2016 09:54:33 Entrée dans ActionEvenement.php
08/03/2016 10:53:59 Entrée dans ActionAccueil.php
08/03/2016 11:03:06 Entrée dans ActionAccueil.php
08/03/2016 11:03:27 Entrée dans ActionClub.php
08/03/2016 14:40:07 Entrée dans ActionAccueil.php
08/03/2016 19:37:03 Entrée dans ActionContact.php
08/03/2016 21:17:53 Entrée dans ActionContact.php
08/03/2016 23:12:06 Entrée dans ActionAccueil.php
09/03/2016 00:28:57 Entrée dans ActionClub.php
09/03/2016 16:49:59 Entrée dans ActionAccueil.php
09/03/2016 17:53:25 Entrée dans ActionAccueil.php
09/03/2016 18:35:44 Entrée dans ActionAccueil.php
09/03/2016 18:36:45 Entrée dans ActionAccueil.php
09/03/2016 18:36:53 Entrée dans ActionJoueurs.php
09/03/2016 18:56:09 Entrée dans ActionAccueil.php
09/03/2016 18:56:38 Entrée dans ActionAccueil.php
09/03/2016 18:56:42 Entrée dans ActionAccueil.php
09/03/2016 18:57:03 Entrée dans AfficherPopupArticle.php
09/03/2016 18:58:09 Entrée dans ActionAccueil.php
09/03/2016 18:58:13 Entrée dans ActionJoueurs.php
09/03/2016 18:59:04 Entrée dans ActionAgenda.php
09/03/2016 18:59:04 Entrée dans ActionSponsor.php
09/03/2016 18:59:09 Entrée dans ActionAgenda.php
09/03/2016 19:42:40 Entrée dans ActionAccueil.php
09/03/2016 19:43:46 Entrée dans AfficherPopupArticle.php
09/03/2016 21:41:52 Entrée dans ActionEvenement.php
10/03/2016 00:06:31 Entrée dans ActionAccueil.php
10/03/2016 00:07:15 Entrée dans AfficherPopupArticle.php
10/03/2016 00:07:41 Entrée dans AfficherPopupArticle.php
10/03/2016 00:08:00 Entrée dans AfficherPopupArticle.php
10/03/2016 00:26:56 Entrée dans ActionAccueil.php
10/03/2016 00:27:01 Entrée dans AfficherPopupArticle.php
10/03/2016 00:28:05 Entrée dans ActionJoueurs.php
10/03/2016 07:29:38 Entrée dans ActionAccueil.php
10/03/2016 07:29:39 Entrée dans ActionClub.php
10/03/2016 07:29:39 Entrée dans ActionJoueurs.php
10/03/2016 07:29:40 Entrée dans ActionEcoleDeFoot.php
10/03/2016 07:29:40 Entrée dans ActionAgenda.php
10/03/2016 07:29:41 Entrée dans ActionEvenement.php
10/03/2016 07:29:41 Entrée dans ActionSponsor.php
10/03/2016 07:41:29 Entrée dans ActionJoueurs.php
10/03/2016 12:46:33 Entrée dans ActionAccueil.php
10/03/2016 13:09:56 Entrée dans ActionAccueil.php
10/03/2016 13:10:28 Entrée dans AfficherPopupArticle.php
10/03/2016 13:12:12 Entrée dans AfficherPopupArticle.php
10/03/2016 13:12:19 Entrée dans AfficherPopupArticle.php
10/03/2016 13:12:25 Entrée dans AfficherPopupArticle.php
10/03/2016 13:12:36 Entrée dans AfficherPopupArticle.php
10/03/2016 13:13:15 Entrée dans AfficherPopupArticle.php
10/03/2016 13:13:25 Entrée dans AfficherPopupArticle.php
10/03/2016 13:13:29 Entrée dans AfficherPopupArticle.php
10/03/2016 13:13:35 Entrée dans AfficherPopupArticle.php
10/03/2016 16:55:35 Entrée dans ActionAccueil.php
10/03/2016 17:03:58 Entrée dans ActionAccueil.php
10/03/2016 19:52:19 Entrée dans ActionAccueil.php
10/03/2016 23:25:21 Entrée dans ActionAccueil.php
10/03/2016 23:25:23 Entrée dans AfficherPopupArticle.php
10/03/2016 23:29:13 Entrée dans ActionEcoleDeFoot.php
10/03/2016 23:29:21 Entrée dans ActionEcoleDeFoot.php
10/03/2016 23:29:40 Entrée dans ActionAccueil.php
11/03/2016 00:28:48 Entrée dans ActionAccueil.php
11/03/2016 00:29:38 Entrée dans ActionLogin.php
11/03/2016 00:29:38 Authentification de fgastrini.
11/03/2016 00:29:38 Entrée dans ActionProfil.php
11/03/2016 00:29:42 Entrée dans ActionRencontre.php
11/03/2016 00:30:13 Entrée dans GestionResultats.php
11/03/2016 00:30:39 Entrée dans GestionResultats.php
11/03/2016 00:30:42 Entrée dans GestionResultats.php
11/03/2016 00:30:51 Entrée dans ActionRencontre.php
11/03/2016 00:31:11 Entrée dans ActionRencontre.php
11/03/2016 00:31:32 Entrée dans ActionRencontre.php
11/03/2016 00:31:36 Entrée dans ActionAccueil.php
11/03/2016 00:32:13 Entrée dans ActionProfil.php
11/03/2016 00:32:18 Entrée dans ActionAccueil.php
11/03/2016 00:32:18 Entrée dans ActionAccueil.php
11/03/2016 01:25:09 Entrée dans ActionEcoleDeFoot.php
11/03/2016 04:02:20 Entrée dans ActionEcoleDeFoot.php
11/03/2016 04:42:30 Entrée dans ActionEcoleDeFoot.php
11/03/2016 10:02:40 Entrée dans ActionAccueil.php
11/03/2016 11:16:20 Entrée dans ActionJoueurs.php
11/03/2016 11:16:21 Entrée dans ActionEcoleDeFoot.php
11/03/2016 11:16:26 Entrée dans ActionAccueil.php
11/03/2016 11:16:27 Entrée dans RechercherArticle.php
11/03/2016 11:16:27 Entrée dans ActionAccueil.php
11/03/2016 11:30:44 Entrée dans ActionAccueil.php
11/03/2016 11:31:15 Entrée dans AfficherPopupArticle.php
11/03/2016 12:51:05 Entrée dans ActionAccueil.php
11/03/2016 12:51:24 Entrée dans AfficherPopupArticle.php
11/03/2016 12:53:58 Entrée dans ActionAccueil.php
11/03/2016 12:54:19 Entrée dans AfficherPopupArticle.php
11/03/2016 12:55:07 Entrée dans ActionAccueil.php
11/03/2016 12:55:27 Entrée dans AfficherPopupArticle.php
11/03/2016 12:55:29 Entrée dans AfficherPopupArticle.php
11/03/2016 14:19:07 Entrée dans ActionAccueil.php
11/03/2016 16:39:15 Entrée dans ActionEcoleDeFoot.php
11/03/2016 16:39:21 Entrée dans ActionEcoleDeFoot.php
11/03/2016 16:39:33 Entrée dans ActionSponsor.php
11/03/2016 16:39:45 Entrée dans ActionClub.php
11/03/2016 16:40:10 Entrée dans ActionAccueil.php
11/03/2016 16:40:56 Entrée dans ActionClub.php
11/03/2016 16:41:27 Entrée dans ActionEvenement.php
11/03/2016 17:19:19 Entrée dans ActionAccueil.php
11/03/2016 17:19:22 Entrée dans AfficherPopupArticle.php
11/03/2016 17:19:56 Entrée dans AfficherPopupArticle.php
11/03/2016 19:59:13 Entrée dans ActionAccueil.php
11/03/2016 22:54:21 Entrée dans ActionAccueil.php
11/03/2016 22:54:36 Entrée dans ActionLogin.php
11/03/2016 22:54:36 Authentification de fgastrini.
11/03/2016 22:54:36 Entrée dans ActionProfil.php
11/03/2016 22:54:41 Entrée dans ActionRencontre.php
11/03/2016 22:54:57 Entrée dans RechercherRencontre.php
11/03/2016 22:55:07 Entrée dans ActionRencontre.php
11/03/2016 22:55:13 Entrée dans ActionConvocation.php
11/03/2016 22:56:42 Entrée dans ActionMembre.php
11/03/2016 22:56:56 Entrée dans ActionMembre.php
11/03/2016 22:57:56 Entrée dans ActionRencontre.php
11/03/2016 22:58:01 Entrée dans ActionConvocation.php
11/03/2016 22:58:30 Entrée dans ActionRencontre.php
11/03/2016 22:58:39 Entrée dans ActionConvocation.php
11/03/2016 22:58:46 Entrée dans ActionConvocation.php
11/03/2016 22:59:18 Entrée dans ActionConvocation.php
11/03/2016 22:59:26 Entrée dans ActionAccueil.php
11/03/2016 22:59:46 Entrée dans ActionAccueil.php
11/03/2016 22:59:47 Entrée dans ActionAccueil.php
11/03/2016 22:59:51 Entrée dans ActionAgenda.php
11/03/2016 22:59:52 Entrée dans ActionAgenda.php
11/03/2016 23:00:01 Entrée dans ActionAccueil.php
11/03/2016 23:00:14 Entrée dans ActionEcoleDeFoot.php
11/03/2016 23:00:20 Entrée dans ActionEvenement.php
12/03/2016 03:38:24 Entrée dans ActionAccueil.php
12/03/2016 06:34:45 Entrée dans ActionJoueurs.php
12/03/2016 06:35:00 Entrée dans ActionAccueil.php
12/03/2016 06:35:02 Entrée dans ActionClub.php
12/03/2016 06:39:08 Entrée dans ActionJoueurs.php
12/03/2016 09:36:09 Entrée dans ActionAccueil.php
12/03/2016 09:37:27 Entrée dans ActionAgenda.php
12/03/2016 09:37:28 Entrée dans ActionAgenda.php
12/03/2016 09:38:41 Entrée dans ActionAgenda.php
12/03/2016 09:43:41 Entrée dans ActionEcoleDeFoot.php
12/03/2016 09:43:50 Entrée dans ActionEcoleDeFoot.php
12/03/2016 09:44:41 Entrée dans ActionAgenda.php
12/03/2016 09:44:42 Entrée dans ActionAgenda.php
12/03/2016 10:50:56 Entrée dans ActionAccueil.php
12/03/2016 10:51:20 Entrée dans ActionAgenda.php
12/03/2016 10:51:21 Entrée dans ActionAgenda.php
12/03/2016 10:51:48 Entrée dans ActionEcoleDeFoot.php
12/03/2016 10:51:51 Entrée dans ActionEcoleDeFoot.php
12/03/2016 10:52:05 Entrée dans ActionEcoleDeFoot.php
12/03/2016 10:52:59 Entrée dans ActionAgenda.php
12/03/2016 10:53:00 Entrée dans ActionAgenda.php
12/03/2016 10:53:15 Entrée dans ActionAgenda.php
12/03/2016 10:57:19 Entrée dans ActionClub.php
12/03/2016 11:48:02 Entrée dans ActionAccueil.php
12/03/2016 11:51:37 Entrée dans ActionClub.php
12/03/2016 12:16:14 Entrée dans ActionAccueil.php
12/03/2016 13:37:59 Entrée dans ActionAccueil.php
12/03/2016 13:38:10 Entrée dans AfficherPopupArticle.php
12/03/2016 13:38:38 Entrée dans AfficherPopupArticle.php
12/03/2016 13:39:04 Entrée dans AfficherPopupArticle.php
12/03/2016 13:39:26 Entrée dans AfficherPopupArticle.php
12/03/2016 13:39:58 Entrée dans AfficherPopupArticle.php
12/03/2016 13:40:15 Entrée dans AfficherPopupArticle.php
12/03/2016 13:40:49 Entrée dans AfficherPopupArticle.php
12/03/2016 13:41:30 Entrée dans ActionEvenement.php
12/03/2016 14:40:50 Entrée dans ActionEvenement.php
12/03/2016 14:40:58 Entrée dans ActionAccueil.php
12/03/2016 14:41:06 Entrée dans AfficherPopupArticle.php
12/03/2016 15:31:34 Entrée dans ActionAccueil.php
12/03/2016 15:31:56 Entrée dans AfficherPopupArticle.php
12/03/2016 15:32:55 Entrée dans ActionAccueil.php
12/03/2016 15:34:05 Entrée dans AfficherPopupArticle.php
12/03/2016 18:44:11 Entrée dans ActionRencontre.php
12/03/2016 18:44:19 Entrée dans ActionAccueil.php
12/03/2016 18:50:06 Entrée dans ActionAccueil.php
12/03/2016 19:13:25 Entrée dans ActionAccueil.php
12/03/2016 19:13:41 Entrée dans ActionLogin.php
12/03/2016 19:13:41 Authentification de fgastrini.
12/03/2016 19:13:41 Entrée dans ActionProfil.php
12/03/2016 19:13:44 Entrée dans GestionResultats.php
12/03/2016 19:13:55 Entrée dans AfficherPopupCompteRendu.php
12/03/2016 19:20:32 Entrée dans GestionResultats.php
12/03/2016 19:20:37 Entrée dans GestionResultats.php
12/03/2016 19:20:46 Entrée dans ActionAccueil.php
12/03/2016 19:20:53 Entrée dans AfficherPopupCompteRendu.php
12/03/2016 19:21:27 Entrée dans ActionProfil.php
12/03/2016 19:21:30 Entrée dans ActionAccueil.php
12/03/2016 19:21:30 Entrée dans ActionAccueil.php
12/03/2016 20:16:34 Entrée dans ActionEcoleDeFoot.php
12/03/2016 20:16:43 Entrée dans ActionEcoleDeFoot.php
12/03/2016 20:16:48 Entrée dans ActionEcoleDeFoot.php
12/03/2016 20:16:52 Entrée dans ActionEcoleDeFoot.php
12/03/2016 20:33:04 Entrée dans ActionAccueil.php
12/03/2016 20:33:46 Entrée dans ActionClub.php
12/03/2016 20:34:04 Entrée dans ActionEcoleDeFoot.php
12/03/2016 20:34:09 Entrée dans ActionEcoleDeFoot.php
12/03/2016 20:51:40 Entrée dans ActionAccueil.php
12/03/2016 20:54:31 Entrée dans ActionEvenement.php
12/03/2016 20:56:16 Entrée dans ActionAccueil.php
12/03/2016 20:56:18 Entrée dans AfficherPopupArticle.php
13/03/2016 02:57:26 Entrée dans ActionEvenement.php
13/03/2016 05:07:45 Entrée dans ActionAccueil.php
13/03/2016 05:22:19 Entrée dans ActionAccueil.php
13/03/2016 07:31:13 Entrée dans ActionAccueil.php
13/03/2016 07:32:33 Entrée dans ActionEcoleDeFoot.php
13/03/2016 07:32:38 Entrée dans ActionEcoleDeFoot.php
13/03/2016 07:33:02 Entrée dans ActionEcoleDeFoot.php
13/03/2016 07:33:05 Entrée dans ActionEcoleDeFoot.php
13/03/2016 07:33:07 Entrée dans ActionJoueurs.php
13/03/2016 08:23:21 Entrée dans ActionAccueil.php
13/03/2016 08:24:52 Entrée dans AfficherPopupCompteRendu.php
13/03/2016 09:14:01 Entrée dans ActionEcoleDeFoot.php
13/03/2016 09:14:02 Entrée dans ActionEcoleDeFoot.php
13/03/2016 09:14:13 Entrée dans ActionAgenda.php
13/03/2016 09:14:16 Entrée dans ActionEvenement.php
13/03/2016 09:20:03 Entrée dans ActionEcoleDeFoot.php
13/03/2016 09:56:08 Entrée dans ActionJoueurs.php
13/03/2016 11:23:11 Entrée dans ActionAccueil.php
13/03/2016 13:07:24 Entrée dans ActionAccueil.php
13/03/2016 13:07:34 Entrée dans ActionAgenda.php
13/03/2016 13:07:36 Entrée dans ActionAgenda.php
13/03/2016 13:08:03 Entrée dans ActionAccueil.php
13/03/2016 13:08:38 Entrée dans ActionAgenda.php
13/03/2016 13:08:39 Entrée dans ActionAgenda.php
13/03/2016 13:09:04 Entrée dans ActionAgenda.php
13/03/2016 13:09:05 Entrée dans ActionAgenda.php
13/03/2016 13:09:18 Entrée dans ActionJoueurs.php
13/03/2016 13:12:25 Entrée dans ActionJoueurs.php
13/03/2016 14:47:48 Entrée dans ActionEcoleDeFoot.php
13/03/2016 14:47:52 Entrée dans ActionEcoleDeFoot.php
13/03/2016 14:49:22 Entrée dans ActionEcoleDeFoot.php
13/03/2016 14:49:44 Entrée dans ActionEcoleDeFoot.php
13/03/2016 14:51:44 Entrée dans AfficherPopupCompteRendu.php
13/03/2016 16:09:07 Entrée dans ActionAccueil.php
13/03/2016 16:09:33 Entrée dans AfficherPopupCompteRendu.php
13/03/2016 17:20:11 Entrée dans ActionAccueil.php
13/03/2016 17:20:16 Entrée dans ActionEcoleDeFoot.php
13/03/2016 17:20:22 Entrée dans ActionClub.php
13/03/2016 17:54:03 Entrée dans ActionAccueil.php
13/03/2016 17:54:10 Entrée dans AfficherPopupArticle.php
13/03/2016 17:54:37 Entrée dans AfficherPopupArticle.php
13/03/2016 17:55:03 Entrée dans AfficherPopupArticle.php
13/03/2016 17:55:29 Entrée dans AfficherPopupArticle.php
13/03/2016 17:56:05 Entrée dans AfficherPopupArticle.php
13/03/2016 17:56:26 Entrée dans ActionEvenement.php
13/03/2016 17:56:33 Entrée dans ActionAgenda.php
13/03/2016 17:56:34 Entrée dans ActionAgenda.php
13/03/2016 17:56:39 Entrée dans ActionEcoleDeFoot.php
13/03/2016 17:56:44 Entrée dans ActionClub.php
13/03/2016 17:56:45 Entrée dans ActionClub.php
13/03/2016 17:56:47 Entrée dans ActionAccueil.php
13/03/2016 18:20:56 Entrée dans ActionAccueil.php
13/03/2016 18:21:07 Entrée dans AfficherPopupCompteRendu.php
13/03/2016 18:43:14 Entrée dans ActionAccueil.php
13/03/2016 18:43:28 Entrée dans ActionJoueurs.php
13/03/2016 18:50:43 Entrée dans ActionAgenda.php
13/03/2016 18:50:44 Entrée dans ActionAgenda.php
13/03/2016 18:50:56 Entrée dans ActionJoueurs.php
13/03/2016 18:51:15 Entrée dans ActionSponsor.php
13/03/2016 18:54:42 Entrée dans ActionAccueil.php
13/03/2016 18:56:35 Entrée dans ActionAgenda.php
13/03/2016 18:56:37 Entrée dans ActionAgenda.php
13/03/2016 19:37:30 Entrée dans ActionAgenda.php
13/03/2016 19:37:31 Entrée dans ActionAgenda.php
13/03/2016 20:20:11 Entrée dans ActionAccueil.php
14/03/2016 05:53:38 Entrée dans ActionAgenda.php
14/03/2016 06:41:51 Entrée dans ActionAccueil.php
14/03/2016 06:41:53 Entrée dans AfficherPopupArticle.php
14/03/2016 06:42:09 Entrée dans AfficherPopupCompteRendu.php
14/03/2016 07:14:37 Entrée dans ActionAccueil.php
14/03/2016 07:14:54 Entrée dans AfficherPopupCompteRendu.php
14/03/2016 08:03:02 Entrée dans ActionAccueil.php
14/03/2016 08:04:04 Entrée dans ActionAccueil.php
14/03/2016 08:04:07 Entrée dans ActionClub.php
14/03/2016 08:04:34 Entrée dans ActionClub.php
14/03/2016 10:19:36 Entrée dans ActionEcoleDeFoot.php
14/03/2016 10:39:04 Entrée dans ActionAccueil.php
14/03/2016 11:50:38 Entrée dans ActionAccueil.php
14/03/2016 11:51:15 Entrée dans ActionClub.php
14/03/2016 12:27:45 Entrée dans ActionAccueil.php
14/03/2016 12:29:07 Entrée dans AfficherPopupArticle.php
14/03/2016 12:29:15 Entrée dans AfficherPopupArticle.php
14/03/2016 12:29:24 Entrée dans ActionEcoleDeFoot.php
14/03/2016 12:29:34 Entrée dans ActionEcoleDeFoot.php
14/03/2016 12:29:58 Entrée dans ActionAgenda.php
14/03/2016 12:30:00 Entrée dans ActionAgenda.php
14/03/2016 12:31:44 Entrée dans ActionEcoleDeFoot.php
14/03/2016 12:31:47 Entrée dans ActionEvenement.php
14/03/2016 12:34:06 Entrée dans ActionSponsor.php
14/03/2016 12:34:17 Entrée dans ActionClub.php
14/03/2016 12:47:48 Entrée dans ActionEcoleDeFoot.php
14/03/2016 13:08:36 Entrée dans ActionAccueil.php
14/03/2016 13:20:51 Entrée dans ActionAccueil.php
14/03/2016 13:21:32 Entrée dans ActionAgenda.php
14/03/2016 13:21:33 Entrée dans ActionAgenda.php
14/03/2016 13:21:44 Entrée dans ActionAgenda.php
14/03/2016 13:21:45 Entrée dans ActionAgenda.php
14/03/2016 13:21:46 Entrée dans ActionEvenement.php
14/03/2016 13:21:53 Entrée dans ActionSponsor.php
14/03/2016 13:23:00 Entrée dans ActionAccueil.php
14/03/2016 13:23:06 Entrée dans ActionSponsor.php
14/03/2016 13:23:08 Entrée dans ActionEcoleDeFoot.php
14/03/2016 13:23:36 Entrée dans ActionEcoleDeFoot.php
14/03/2016 13:23:58 Entrée dans ActionEcoleDeFoot.php
14/03/2016 13:24:01 Entrée dans ActionEcoleDeFoot.php
14/03/2016 13:24:28 Entrée dans ActionEcoleDeFoot.php
14/03/2016 13:24:57 Entrée dans ActionEcoleDeFoot.php
14/03/2016 13:25:42 Entrée dans ActionEcoleDeFoot.php
14/03/2016 13:25:48 Entrée dans ActionEcoleDeFoot.php
14/03/2016 13:25:58 Entrée dans ActionEcoleDeFoot.php
14/03/2016 13:26:26 Entrée dans ActionLogin.php
14/03/2016 13:55:45 Entrée dans ActionAccueil.php
14/03/2016 13:55:49 Entrée dans ActionClub.php
14/03/2016 13:55:52 Entrée dans ActionJoueurs.php
14/03/2016 13:55:54 Entrée dans ActionEcoleDeFoot.php
14/03/2016 13:55:56 Entrée dans ActionAgenda.php
14/03/2016 13:55:58 Entrée dans ActionEvenement.php
14/03/2016 13:56:00 Entrée dans ActionSponsor.php
14/03/2016 14:04:18 Entrée dans ActionAccueil.php
14/03/2016 14:04:24 Entrée dans ActionJoueurs.php
14/03/2016 14:39:49 Entrée dans ActionAccueil.php
14/03/2016 14:39:49 Entrée dans ActionAccueil.php
14/03/2016 14:40:00 Entrée dans ActionLogin.php
14/03/2016 14:40:00 Authentification de tsutter.
14/03/2016 14:40:00 Entrée dans ActionProfil.php
14/03/2016 14:40:02 Entrée dans ActionArticle.php
14/03/2016 14:40:10 Entrée dans ActionAccueil.php
14/03/2016 14:44:55 Entrée dans ActionArticle.php
14/03/2016 14:44:59 Entrée dans ActionAccueil.php
14/03/2016 14:45:06 Entrée dans AfficherPopupArticle.php
14/03/2016 14:50:56 Entrée dans ActionClub.php
14/03/2016 16:15:51 Entrée dans ActionAccueil.php
14/03/2016 16:16:27 Entrée dans ActionJoueurs.php
14/03/2016 16:58:02 Entrée dans ActionAccueil.php
14/03/2016 16:58:15 Entrée dans AfficherPopupArticle.php
14/03/2016 16:59:15 Entrée dans AfficherPopupArticle.php
14/03/2016 17:01:16 Entrée dans AfficherPopupArticle.php
14/03/2016 17:01:26 Entrée dans ActionEvenement.php
14/03/2016 17:16:57 Entrée dans ActionAccueil.php
14/03/2016 17:17:03 Entrée dans AfficherPopupArticle.php
14/03/2016 17:17:19 Entrée dans AfficherPopupArticle.php
14/03/2016 17:17:29 Entrée dans AfficherPopupCompteRendu.php
14/03/2016 17:29:00 Entrée dans ActionSponsor.php
14/03/2016 19:08:23 Entrée dans ActionAccueil.php
14/03/2016 19:24:56 Entrée dans ActionAccueil.php
14/03/2016 20:48:17 Entrée dans ActionAccueil.php
14/03/2016 20:48:31 Entrée dans ActionSponsor.php
14/03/2016 20:48:43 Entrée dans ActionAccueil.php
14/03/2016 21:17:58 Entrée dans ActionRencontre.php
14/03/2016 21:17:59 Entrée dans ActionAccueil.php
14/03/2016 21:19:42 Entrée dans ActionEcoleDeFoot.php
14/03/2016 21:19:48 Entrée dans ActionEcoleDeFoot.php
14/03/2016 21:20:02 Entrée dans ActionEcoleDeFoot.php
14/03/2016 21:20:22 Entrée dans ActionEcoleDeFoot.php
14/03/2016 21:20:42 Entrée dans ActionEcoleDeFoot.php
14/03/2016 21:21:41 Entrée dans ActionAccueil.php
14/03/2016 21:22:51 Entrée dans AfficherPopupArticle.php
14/03/2016 21:26:32 Entrée dans AfficherPopupArticle.php
14/03/2016 21:26:55 Entrée dans AfficherPopupArticle.php
14/03/2016 22:44:54 Entrée dans ActionRencontre.php
14/03/2016 22:44:55 Entrée dans ActionAccueil.php
14/03/2016 22:52:49 Entrée dans ActionJoueurs.php
14/03/2016 23:00:02 Entrée dans ActionEcoleDeFoot.php
14/03/2016 23:00:35 Entrée dans ActionEcoleDeFoot.php
14/03/2016 23:01:04 Entrée dans ActionLogin.php
14/03/2016 23:01:04 Authentification de rernesti.
14/03/2016 23:01:04 Entrée dans ActionProfil.php
14/03/2016 23:01:09 Entrée dans ActionMembre.php
14/03/2016 23:01:24 Entrée dans ActionMembre.php
14/03/2016 23:01:34 Entrée dans ActionMembre.php
14/03/2016 23:01:39 Entrée dans ActionMembre.php
14/03/2016 23:01:50 Entrée dans ActionMembre.php
14/03/2016 23:01:59 Entrée dans ActionMembre.php
14/03/2016 23:02:11 Entrée dans ActionMembre.php
14/03/2016 23:05:15 Entrée dans ActionMembre.php
14/03/2016 23:07:50 Entrée dans ActionMembre.php
14/03/2016 23:08:05 Entrée dans ActionMembre.php
14/03/2016 23:08:17 Entrée dans ActionAccueil.php
14/03/2016 23:08:17 Entrée dans ActionAccueil.php
14/03/2016 23:08:22 Entrée dans ActionEcoleDeFoot.php
14/03/2016 23:08:24 Entrée dans ActionEcoleDeFoot.php
14/03/2016 23:30:35 Entrée dans ActionAccueil.php
14/03/2016 23:31:56 Entrée dans ActionEcoleDeFoot.php
14/03/2016 23:31:58 Entrée dans ActionEcoleDeFoot.php
14/03/2016 23:34:04 Entrée dans ActionLogin.php
14/03/2016 23:34:04 Authentification de rernesti.
14/03/2016 23:34:04 Entrée dans ActionProfil.php
14/03/2016 23:34:08 Entrée dans ActionMembre.php
14/03/2016 23:34:16 Entrée dans ActionMembre.php
14/03/2016 23:34:41 Entrée dans ActionAccueil.php
14/03/2016 23:34:46 Entrée dans ActionJoueurs.php
14/03/2016 23:35:07 Entrée dans ActionProfil.php
14/03/2016 23:35:10 Entrée dans ActionMembre.php
14/03/2016 23:35:36 Entrée dans ActionMembre.php
14/03/2016 23:36:18 Entrée dans ActionMembre.php
14/03/2016 23:36:24 Entrée dans ActionMembre.php
14/03/2016 23:36:35 Entrée dans ActionAccueil.php
14/03/2016 23:36:40 Entrée dans ActionEcoleDeFoot.php
14/03/2016 23:36:42 Entrée dans ActionEcoleDeFoot.php
14/03/2016 23:36:58 Entrée dans ActionEcoleDeFoot.php
14/03/2016 23:37:04 Entrée dans ActionAgenda.php
14/03/2016 23:37:05 Entrée dans ActionAgenda.php
14/03/2016 23:37:20 Entrée dans ActionAgenda.php
14/03/2016 23:37:28 Entrée dans ActionEvenement.php
14/03/2016 23:37:34 Entrée dans ActionProfil.php
14/03/2016 23:37:38 Entrée dans ActionRencontre.php
14/03/2016 23:37:58 Entrée dans RechercherEquipe.php
14/03/2016 23:38:03 Entrée dans RechercherCompetitionEquipe.php
14/03/2016 23:38:19 Entrée dans ActionRencontre.php
14/03/2016 23:38:32 Entrée dans RechercherEquipe.php
14/03/2016 23:38:37 Entrée dans RechercherCompetitionEquipe.php
14/03/2016 23:39:07 Entrée dans ActionRencontre.php
14/03/2016 23:39:15 Entrée dans ActionConvocation.php
14/03/2016 23:40:12 Entrée dans ActionConvocation.php
14/03/2016 23:40:19 Entrée dans ActionRencontre.php
14/03/2016 23:40:22 Entrée dans ActionConvocation.php
14/03/2016 23:41:07 Entrée dans ActionConvocation.php
14/03/2016 23:41:09 Entrée dans ActionRencontre.php
14/03/2016 23:41:33 Entrée dans ActionConvocation.php
14/03/2016 23:41:40 Entrée dans ActionRencontre.php
14/03/2016 23:41:42 Entrée dans ActionAccueil.php
14/03/2016 23:41:46 Entrée dans ActionAgenda.php
14/03/2016 23:41:47 Entrée dans ActionAgenda.php
15/03/2016 05:22:53 Entrée dans ActionSponsor.php
15/03/2016 05:34:06 Entrée dans ActionAccueil.php
15/03/2016 05:34:10 Entrée dans ActionClub.php
15/03/2016 05:34:12 Entrée dans ActionJoueurs.php
15/03/2016 05:34:14 Entrée dans ActionEcoleDeFoot.php
15/03/2016 05:34:16 Entrée dans ActionAgenda.php
15/03/2016 05:34:18 Entrée dans ActionEvenement.php
15/03/2016 05:34:19 Entrée dans ActionSponsor.php
15/03/2016 08:17:59 Entrée dans ActionAccueil.php
15/03/2016 08:57:36 Entrée dans ActionAccueil.php
15/03/2016 08:57:47 Entrée dans AfficherPopupArticle.php
15/03/2016 08:59:06 Entrée dans ActionAccueil.php
15/03/2016 08:59:10 Entrée dans AfficherPopupArticle.php
15/03/2016 08:59:58 Entrée dans AfficherPopupArticle.php
15/03/2016 09:02:00 Entrée dans AfficherPopupArticle.php
15/03/2016 09:02:43 Entrée dans ActionEcoleDeFoot.php
15/03/2016 09:02:55 Entrée dans ActionEcoleDeFoot.php
15/03/2016 09:03:37 Entrée dans ActionEcoleDeFoot.php
15/03/2016 09:03:49 Entrée dans ActionEcoleDeFoot.php
15/03/2016 09:04:20 Entrée dans ActionEcoleDeFoot.php
15/03/2016 11:06:29 Entrée dans ActionAccueil.php
15/03/2016 12:05:44 Entrée dans ActionEvenement.php
15/03/2016 12:05:56 Entrée dans ActionAccueil.php
15/03/2016 12:28:46 Entrée dans ActionAccueil.php
15/03/2016 12:29:22 Entrée dans ActionJoueurs.php
15/03/2016 13:07:45 Entrée dans ActionAccueil.php
15/03/2016 15:04:34 Entrée dans ActionJoueurs.php
15/03/2016 15:07:09 Entrée dans ActionAccueil.php
15/03/2016 16:55:16 Entrée dans ActionAccueil.php
15/03/2016 16:55:40 Entrée dans ActionEcoleDeFoot.php
15/03/2016 16:55:46 Entrée dans ActionEcoleDeFoot.php
15/03/2016 16:55:54 Entrée dans ActionEvenement.php
15/03/2016 16:56:04 Entrée dans ActionAgenda.php
15/03/2016 16:56:05 Entrée dans ActionAgenda.php
15/03/2016 16:56:15 Entrée dans ActionAgenda.php
15/03/2016 16:56:37 Entrée dans ActionEcoleDeFoot.php
15/03/2016 16:56:45 Entrée dans ActionEvenement.php
15/03/2016 16:56:53 Entrée dans ActionAgenda.php
15/03/2016 16:56:53 Entrée dans ActionAgenda.php
15/03/2016 16:56:55 Entrée dans ActionEcoleDeFoot.php
15/03/2016 16:57:01 Entrée dans ActionAccueil.php
15/03/2016 16:57:07 Entrée dans AfficherPopupArticle.php
15/03/2016 16:57:21 Entrée dans AfficherPopupArticle.php
15/03/2016 16:57:27 Entrée dans ActionAccueil.php
15/03/2016 16:58:03 Entrée dans ActionAccueil.php
15/03/2016 17:11:13 Entrée dans ActionAgenda.php
15/03/2016 19:09:15 Entrée dans ActionAccueil.php
15/03/2016 20:03:13 Entrée dans ActionAccueil.php
15/03/2016 21:04:38 Entrée dans ActionAccueil.php
16/03/2016 00:34:46 Entrée dans ActionAccueil.php
16/03/2016 00:34:49 Entrée dans AfficherPopupArticle.php
16/03/2016 00:36:07 Entrée dans ActionEcoleDeFoot.php
16/03/2016 00:36:11 Entrée dans ActionEcoleDeFoot.php
16/03/2016 00:36:44 Entrée dans ActionEcoleDeFoot.php
16/03/2016 00:37:15 Entrée dans ActionEcoleDeFoot.php
16/03/2016 01:28:50 Entrée dans ActionAccueil.php
16/03/2016 01:28:52 Entrée dans AfficherPopupArticle.php
16/03/2016 01:29:16 Entrée dans ActionSponsor.php
16/03/2016 01:29:23 Entrée dans ActionAccueil.php
16/03/2016 03:35:38 Entrée dans ActionAgenda.php
16/03/2016 03:35:42 Entrée dans ActionClub.php
16/03/2016 05:47:22 Entrée dans ActionAccueil.php
16/03/2016 08:14:38 Entrée dans ActionAccueil.php
16/03/2016 08:15:27 Entrée dans AfficherPopupArticle.php
16/03/2016 12:25:37 Entrée dans ActionAccueil.php
16/03/2016 12:25:52 Entrée dans ActionAgenda.php
16/03/2016 12:25:55 Entrée dans ActionAgenda.php
16/03/2016 12:26:02 Entrée dans ActionEvenement.php
16/03/2016 13:45:04 Entrée dans ActionAccueil.php
16/03/2016 13:46:02 Entrée dans ActionEvenement.php
16/03/2016 13:46:09 Entrée dans ActionEcoleDeFoot.php
16/03/2016 13:46:18 Entrée dans ActionEcoleDeFoot.php
16/03/2016 13:47:00 Entrée dans ActionAccueil.php
16/03/2016 13:47:12 Entrée dans AfficherPopupArticle.php
16/03/2016 13:47:40 Entrée dans AfficherPopupArticle.php
16/03/2016 13:48:06 Entrée dans ActionAgenda.php
16/03/2016 13:48:08 Entrée dans ActionAgenda.php
16/03/2016 14:04:38 Entrée dans ActionAccueil.php
16/03/2016 14:04:52 Entrée dans ActionClub.php
16/03/2016 14:05:02 Entrée dans ActionAgenda.php
16/03/2016 14:05:12 Entrée dans ActionSponsor.php
16/03/2016 14:05:22 Entrée dans ActionJoueurs.php
16/03/2016 14:05:36 Entrée dans ActionEvenement.php
16/03/2016 14:05:47 Entrée dans ActionEcoleDeFoot.php
16/03/2016 14:55:20 Entrée dans ActionAccueil.php
16/03/2016 18:43:23 Entrée dans ActionAccueil.php
16/03/2016 23:20:39 Entrée dans ActionAccueil.php
16/03/2016 23:21:07 Entrée dans AfficherPopupArticle.php
17/03/2016 04:24:07 Entrée dans ActionAgenda.php
17/03/2016 05:30:12 Entrée dans ActionAccueil.php
17/03/2016 07:07:28 Entrée dans ActionAccueil.php
17/03/2016 07:07:28 Entrée dans ActionAccueil.php
17/03/2016 07:08:09 Entrée dans AfficherPopupArticle.php
17/03/2016 10:34:49 Entrée dans ActionAccueil.php
17/03/2016 10:38:39 Entrée dans ActionAccueil.php
17/03/2016 10:47:51 Entrée dans ActionLogin.php
17/03/2016 10:47:51 Authentification de tsutter.
17/03/2016 10:47:51 Entrée dans ActionProfil.php
17/03/2016 10:47:55 Entrée dans GestionResultats.php
17/03/2016 10:49:07 Entrée dans ActionRencontre.php
17/03/2016 10:49:14 Entrée dans ActionRencontre.php
17/03/2016 10:49:19 Entrée dans RechercherRencontre.php
17/03/2016 10:49:26 Entrée dans ActionRencontre.php
17/03/2016 10:49:31 Entrée dans ActionRencontre.php
17/03/2016 10:50:26 Entrée dans RechercherRencontre.php
17/03/2016 10:50:33 Entrée dans ActionRencontre.php
17/03/2016 10:50:41 Entrée dans ActionRencontre.php
17/03/2016 10:50:45 Entrée dans RechercherRencontre.php
17/03/2016 10:51:01 Entrée dans ActionRencontre.php
17/03/2016 10:51:07 Entrée dans ActionRencontre.php
17/03/2016 10:51:54 Entrée dans GestionResultats.php
17/03/2016 10:52:22 Entrée dans GestionResultats.php
17/03/2016 10:53:01 Entrée dans ActionRencontre.php
17/03/2016 10:53:07 Entrée dans ActionRencontre.php
17/03/2016 10:53:14 Entrée dans RechercherRencontre.php
17/03/2016 10:53:19 Entrée dans ActionRencontre.php
17/03/2016 10:53:27 Entrée dans ActionRencontre.php
17/03/2016 10:53:29 Entrée dans RechercherRencontre.php
17/03/2016 10:53:33 Entrée dans ActionRencontre.php
17/03/2016 10:53:44 Entrée dans ActionRencontre.php
17/03/2016 10:53:46 Entrée dans RechercherRencontre.php
17/03/2016 10:53:51 Entrée dans ActionRencontre.php
17/03/2016 10:53:54 Entrée dans GestionResultats.php
17/03/2016 10:54:26 Entrée dans GestionResultats.php
17/03/2016 10:54:29 Entrée dans ActionAccueil.php
17/03/2016 10:54:35 Entrée dans ActionProfil.php
17/03/2016 10:54:37 Entrée dans ActionRencontre.php
17/03/2016 10:54:48 Entrée dans ActionRencontre.php
17/03/2016 10:54:53 Entrée dans AfficherPopupCompteRendu.php
17/03/2016 10:55:05 Entrée dans GestionResultats.php
17/03/2016 10:55:07 Entrée dans ActionAccueil.php
17/03/2016 10:55:12 Entrée dans AfficherPopupCompteRendu.php
17/03/2016 10:55:28 Entrée dans ActionProfil.php
17/03/2016 10:55:29 Entrée dans ActionRencontre.php
17/03/2016 10:55:32 Entrée dans ActionRencontre.php
17/03/2016 10:55:38 Entrée dans ActionRencontre.php
17/03/2016 10:55:48 Entrée dans ActionRencontre.php
17/03/2016 10:55:57 Entrée dans ActionRencontre.php
17/03/2016 10:55:58 Entrée dans ActionRencontre.php
17/03/2016 10:56:02 Entrée dans ActionAccueil.php
17/03/2016 12:52:13 Entrée dans ActionEcoleDeFoot.php
17/03/2016 12:52:59 Entrée dans ActionAccueil.php
17/03/2016 12:55:42 Entrée dans AfficherPopupArticle.php
17/03/2016 13:20:19 Entrée dans ActionAccueil.php
17/03/2016 13:20:29 Entrée dans ActionLogin.php
17/03/2016 13:20:29 Authentification de tsutter.
17/03/2016 13:20:30 Entrée dans ActionProfil.php
17/03/2016 13:20:32 Entrée dans GestionResultats.php
17/03/2016 13:20:32 Entrée dans ActionRencontre.php
17/03/2016 13:20:50 Entrée dans RechercherRencontre.php
17/03/2016 13:20:55 Entrée dans ActionRencontre.php
17/03/2016 13:20:58 Entrée dans RechercherRencontre.php
17/03/2016 13:21:03 Entrée dans ActionRencontre.php
17/03/2016 13:21:22 Entrée dans ActionRencontre.php
17/03/2016 13:21:39 Entrée dans RechercherRencontre.php
17/03/2016 13:21:47 Entrée dans ActionRencontre.php
17/03/2016 13:21:57 Entrée dans ActionRencontre.php
17/03/2016 13:22:04 Entrée dans ActionRencontre.php
17/03/2016 15:44:23 Entrée dans ActionAccueil.php
17/03/2016 17:54:30 Entrée dans ActionAccueil.php
17/03/2016 17:55:07 Entrée dans AfficherPopupArticle.php
17/03/2016 17:55:28 Entrée dans ActionEcoleDeFoot.php
17/03/2016 17:55:36 Entrée dans ActionEcoleDeFoot.php
17/03/2016 19:16:17 Entrée dans ActionAgenda.php
17/03/2016 19:26:47 Entrée dans ActionAgenda.php
17/03/2016 20:18:38 Entrée dans ActionAgenda.php
17/03/2016 20:36:54 Entrée dans ActionRencontre.php
17/03/2016 20:36:56 Entrée dans ActionAccueil.php
17/03/2016 20:55:54 Entrée dans AfficherPopupArticle.php
17/03/2016 20:56:30 Entrée dans AfficherPopupArticle.php
17/03/2016 20:57:43 Entrée dans ActionAccueil.php
17/03/2016 20:57:53 Entrée dans AfficherPopupArticle.php
17/03/2016 20:59:42 Entrée dans AfficherPopupArticle.php
17/03/2016 21:00:06 Entrée dans AfficherPopupArticle.php
17/03/2016 21:00:21 Entrée dans AfficherPopupArticle.php
17/03/2016 21:00:55 Entrée dans AfficherPopupArticle.php
17/03/2016 21:01:20 Entrée dans AfficherPopupArticle.php
17/03/2016 21:01:20 Entrée dans ActionAccueil.php
17/03/2016 21:01:36 Entrée dans AfficherPopupArticle.php
17/03/2016 21:02:16 Entrée dans AfficherPopupCompteRendu.php
17/03/2016 21:02:34 Entrée dans ActionEcoleDeFoot.php
17/03/2016 21:02:45 Entrée dans ActionAccueil.php
17/03/2016 21:02:51 Entrée dans ActionEcoleDeFoot.php
17/03/2016 21:02:56 Entrée dans ActionJoueurs.php
17/03/2016 21:20:54 Entrée dans ActionRencontre.php
17/03/2016 21:20:55 Entrée dans ActionAccueil.php
18/03/2016 04:46:38 Entrée dans ActionAccueil.php
18/03/2016 12:15:03 Entrée dans ActionAccueil.php
18/03/2016 13:12:34 Entrée dans ActionAccueil.php
18/03/2016 13:12:39 Entrée dans ActionClub.php
18/03/2016 13:12:49 Entrée dans ActionAccueil.php
18/03/2016 13:13:08 Entrée dans AfficherPopupArticle.php
18/03/2016 13:16:24 Entrée dans AfficherPopupArticle.php
18/03/2016 13:17:28 Entrée dans AfficherPopupArticle.php
18/03/2016 13:18:26 Entrée dans ActionAccueil.php
18/03/2016 13:18:32 Entrée dans ActionJoueurs.php
18/03/2016 13:19:16 Entrée dans ActionClub.php
18/03/2016 13:19:28 Entrée dans ActionClub.php
18/03/2016 13:19:36 Entrée dans ActionAccueil.php
18/03/2016 13:19:47 Entrée dans AfficherPopupArticle.php
18/03/2016 13:51:20 Entrée dans ActionRencontre.php
18/03/2016 13:51:21 Entrée dans ActionAccueil.php
18/03/2016 15:20:30 Entrée dans ActionLogin.php
18/03/2016 15:20:30 Authentification de rernesti.
18/03/2016 15:20:31 Entrée dans ActionProfil.php
18/03/2016 15:24:43 Entrée dans ActionArticle.php
18/03/2016 15:33:35 Entrée dans ActionArticle.php
18/03/2016 15:33:40 Entrée dans ActionAccueil.php
18/03/2016 15:33:49 Entrée dans AfficherPopupArticle.php
18/03/2016 15:34:04 Entrée dans AfficherPopupArticle.php
18/03/2016 15:34:18 Entrée dans ActionAccueil.php
18/03/2016 15:34:18 Entrée dans ActionAccueil.php
18/03/2016 15:34:22 Entrée dans AfficherPopupArticle.php
18/03/2016 19:24:01 Entrée dans ActionAccueil.php
18/03/2016 19:24:14 Entrée dans ActionEcoleDeFoot.php
18/03/2016 19:25:26 Entrée dans ActionEcoleDeFoot.php
18/03/2016 19:25:36 Entrée dans ActionEcoleDeFoot.php
18/03/2016 19:25:55 Entrée dans ActionEcoleDeFoot.php
18/03/2016 19:26:05 Entrée dans ActionEcoleDeFoot.php
18/03/2016 19:26:38 Entrée dans ActionClub.php
18/03/2016 20:32:31 Entrée dans ActionAgenda.php
18/03/2016 21:08:44 Entrée dans ActionRencontre.php
18/03/2016 21:08:45 Entrée dans ActionAccueil.php
18/03/2016 21:08:53 Entrée dans AfficherPopupArticle.php
18/03/2016 23:15:50 Entrée dans ActionAccueil.php
18/03/2016 23:16:08 Entrée dans AfficherPopupArticle.php
18/03/2016 23:16:25 Entrée dans AfficherPopupArticle.php
18/03/2016 23:16:38 Entrée dans AfficherPopupArticle.php
18/03/2016 23:16:48 Entrée dans AfficherPopupArticle.php
18/03/2016 23:16:51 Entrée dans AfficherPopupArticle.php
18/03/2016 23:16:55 Entrée dans AfficherPopupArticle.php
18/03/2016 23:16:59 Entrée dans ActionEcoleDeFoot.php
18/03/2016 23:17:10 Entrée dans ActionEcoleDeFoot.php
18/03/2016 23:17:15 Entrée dans ActionEcoleDeFoot.php
18/03/2016 23:17:19 Entrée dans ActionEcoleDeFoot.php
18/03/2016 23:17:21 Entrée dans ActionEcoleDeFoot.php
18/03/2016 23:17:23 Entrée dans ActionEcoleDeFoot.php
18/03/2016 23:18:19 Entrée dans ActionEcoleDeFoot.php
18/03/2016 23:18:51 Entrée dans ActionEcoleDeFoot.php
18/03/2016 23:18:56 Entrée dans ActionEcoleDeFoot.php
18/03/2016 23:35:49 Entrée dans AfficherPopupArticle.php
19/03/2016 00:02:01 Entrée dans ActionAccueil.php
19/03/2016 00:02:15 Entrée dans ActionJoueurs.php
19/03/2016 00:08:44 Entrée dans ActionAccueil.php
19/03/2016 00:08:47 Entrée dans AfficherPopupArticle.php
19/03/2016 00:08:54 Entrée dans ActionJoueurs.php
19/03/2016 01:04:47 Entrée dans ActionAccueil.php
19/03/2016 04:07:01 Entrée dans ActionAccueil.php
19/03/2016 05:24:19 Entrée dans ActionAccueil.php
19/03/2016 05:26:15 Entrée dans ActionClub.php
19/03/2016 05:26:38 Entrée dans ActionJoueurs.php
19/03/2016 05:27:00 Entrée dans ActionEcoleDeFoot.php
19/03/2016 05:27:21 Entrée dans ActionAgenda.php
19/03/2016 05:27:45 Entrée dans ActionEvenement.php
19/03/2016 05:28:05 Entrée dans ActionSponsor.php
19/03/2016 09:55:06 Entrée dans ActionAccueil.php
19/03/2016 09:57:19 Entrée dans AfficherPopupArticle.php
19/03/2016 09:57:27 Entrée dans AfficherPopupArticle.php
19/03/2016 09:57:32 Entrée dans AfficherPopupArticle.php
19/03/2016 09:59:26 Entrée dans ActionLogin.php
19/03/2016 09:59:26 Authentification de tsutter.
19/03/2016 09:59:26 Entrée dans ActionProfil.php
19/03/2016 09:59:29 Entrée dans ActionArticle.php
19/03/2016 09:59:36 Entrée dans RechercherArticle.php
19/03/2016 10:00:52 Entrée dans ActionAccueil.php
19/03/2016 10:39:29 Entrée dans ActionAccueil.php
19/03/2016 10:39:49 Entrée dans AfficherPopupArticle.php
19/03/2016 10:39:56 Entrée dans AfficherPopupArticle.php
19/03/2016 10:40:17 Entrée dans ActionLogin.php
19/03/2016 10:40:17 Authentification de fgastrini.
19/03/2016 10:40:17 Entrée dans ActionProfil.php
19/03/2016 10:40:22 Entrée dans ActionRencontre.php
19/03/2016 10:40:43 Entrée dans ActionConvocation.php
19/03/2016 10:42:05 Entrée dans ActionRencontre.php
19/03/2016 10:42:12 Entrée dans ActionConvocation.php
19/03/2016 10:42:18 Entrée dans ActionRencontre.php
19/03/2016 11:31:49 Entrée dans ActionProfil.php
19/03/2016 11:31:54 Entrée dans ActionAccueil.php
19/03/2016 11:31:54 Entrée dans ActionAccueil.php
19/03/2016 11:32:11 Entrée dans ActionAgenda.php
19/03/2016 11:32:12 Entrée dans ActionAgenda.php
19/03/2016 11:32:42 Entrée dans ActionSponsor.php
19/03/2016 11:57:00 Entrée dans ActionAccueil.php
19/03/2016 12:22:17 Entrée dans ActionAccueil.php
19/03/2016 12:25:08 Entrée dans ActionAccueil.php
19/03/2016 13:05:06 Entrée dans ActionAccueil.php
19/03/2016 13:05:28 Entrée dans ActionAccueil.php
19/03/2016 13:05:36 Entrée dans ActionEcoleDeFoot.php
19/03/2016 13:05:55 Entrée dans ActionClub.php
19/03/2016 13:21:02 Entrée dans ActionJoueurs.php
19/03/2016 13:25:11 Entrée dans ActionAccueil.php
19/03/2016 13:25:54 Entrée dans ActionAgenda.php
19/03/2016 13:25:56 Entrée dans ActionAgenda.php
19/03/2016 13:26:10 Entrée dans ActionClub.php
19/03/2016 13:27:26 Entrée dans ActionSponsor.php
19/03/2016 13:27:48 Entrée dans ActionEcoleDeFoot.php
19/03/2016 13:28:05 Entrée dans ActionAccueil.php
19/03/2016 13:28:29 Entrée dans ActionEcoleDeFoot.php
19/03/2016 13:30:19 Entrée dans ActionEcoleDeFoot.php
19/03/2016 13:30:36 Entrée dans ActionEcoleDeFoot.php
19/03/2016 13:31:10 Entrée dans ActionEcoleDeFoot.php
19/03/2016 13:31:34 Entrée dans ActionEcoleDeFoot.php
19/03/2016 13:31:39 Entrée dans ActionEcoleDeFoot.php
19/03/2016 14:18:16 Entrée dans ActionAccueil.php
19/03/2016 14:28:27 Entrée dans AfficherPopupArticle.php
19/03/2016 14:40:31 Entrée dans AfficherPopupArticle.php
19/03/2016 14:41:10 Entrée dans AfficherPopupArticle.php
19/03/2016 16:01:16 Entrée dans ActionAccueil.php
19/03/2016 16:33:58 Entrée dans ActionRencontre.php
19/03/2016 16:33:59 Entrée dans ActionAccueil.php
19/03/2016 19:00:15 Entrée dans ActionAccueil.php
19/03/2016 19:00:30 Entrée dans ActionLogin.php
19/03/2016 19:00:30 Authentification de tsutter.
19/03/2016 19:00:30 Entrée dans ActionProfil.php
19/03/2016 19:00:31 Entrée dans GestionResultats.php
19/03/2016 19:00:38 Entrée dans GestionResultats.php
19/03/2016 19:46:44 Entrée dans ActionAccueil.php
19/03/2016 19:47:15 Entrée dans ActionClub.php
19/03/2016 22:51:06 Entrée dans ActionEcoleDeFoot.php
19/03/2016 22:51:14 Entrée dans ActionEcoleDeFoot.php
20/03/2016 03:01:51 Entrée dans ActionClub.php
20/03/2016 05:43:20 Entrée dans ActionAgenda.php
20/03/2016 05:43:24 Entrée dans ActionClub.php
20/03/2016 06:16:10 Entrée dans ActionClub.php
20/03/2016 07:58:30 Entrée dans ActionAgenda.php
20/03/2016 07:58:33 Entrée dans ActionClub.php
20/03/2016 07:58:37 Entrée dans ActionEcoleDeFoot.php
20/03/2016 07:58:40 Entrée dans ActionEvenement.php
20/03/2016 07:58:43 Entrée dans ActionJoueurs.php
20/03/2016 07:58:46 Entrée dans ActionSponsor.php
20/03/2016 07:59:12 Entrée dans ActionAgenda.php
20/03/2016 07:59:15 Entrée dans ActionClub.php
20/03/2016 07:59:18 Entrée dans ActionEcoleDeFoot.php
20/03/2016 07:59:21 Entrée dans ActionEvenement.php
20/03/2016 08:31:00 Entrée dans ActionAccueil.php
20/03/2016 08:31:24 Entrée dans AfficherPopupCompteRendu.php
20/03/2016 08:31:38 Entrée dans AfficherPopupCompteRendu.php
20/03/2016 09:08:59 Entrée dans ActionAccueil.php
20/03/2016 09:09:27 Entrée dans ActionClub.php
20/03/2016 10:00:33 Entrée dans ActionAccueil.php
20/03/2016 10:52:09 Entrée dans ActionAccueil.php
20/03/2016 10:52:21 Entrée dans AfficherPopupArticle.php
20/03/2016 10:52:24 Entrée dans AfficherPopupArticle.php
20/03/2016 10:52:27 Entrée dans AfficherPopupArticle.php
20/03/2016 10:52:48 Entrée dans AfficherPopupArticle.php
20/03/2016 10:53:11 Entrée dans AfficherPopupArticle.php
20/03/2016 10:53:55 Entrée dans AfficherPopupArticle.php
20/03/2016 10:57:06 Entrée dans AfficherPopupArticle.php
20/03/2016 10:58:43 Entrée dans AfficherPopupArticle.php
20/03/2016 10:59:37 Entrée dans ActionAccueil.php
20/03/2016 10:59:56 Entrée dans ActionSponsor.php
20/03/2016 10:59:58 Entrée dans ActionEvenement.php
20/03/2016 11:00:11 Entrée dans ActionEvenement.php
20/03/2016 11:00:13 Entrée dans ActionSponsor.php
20/03/2016 11:00:15 Entrée dans ActionEvenement.php
20/03/2016 11:00:16 Entrée dans ActionAgenda.php
20/03/2016 11:00:17 Entrée dans ActionAgenda.php
20/03/2016 11:00:53 Entrée dans ActionEcoleDeFoot.php
20/03/2016 11:01:12 Entrée dans ActionEcoleDeFoot.php
20/03/2016 13:21:59 Entrée dans ActionAccueil.php
20/03/2016 14:21:38 Entrée dans ActionAccueil.php
20/03/2016 14:24:01 Entrée dans ActionAccueil.php
20/03/2016 14:25:07 Entrée dans AfficherPopupArticle.php
20/03/2016 14:25:35 Entrée dans ActionJoueurs.php
20/03/2016 14:26:32 Entrée dans ActionAccueil.php
20/03/2016 14:26:49 Entrée dans AfficherPopupArticle.php
20/03/2016 16:02:59 Entrée dans ActionAccueil.php
20/03/2016 16:04:36 Entrée dans ActionLogin.php
20/03/2016 16:04:36 Authentification de fgastrini.
20/03/2016 16:04:36 Entrée dans ActionProfil.php
20/03/2016 16:04:46 Entrée dans GestionResultats.php
20/03/2016 16:04:57 Entrée dans AfficherPopupCompteRendu.php
20/03/2016 16:20:43 Entrée dans ActionEcoleDeFoot.php
20/03/2016 16:20:48 Entrée dans ActionEcoleDeFoot.php
20/03/2016 16:28:08 Entrée dans GestionResultats.php
20/03/2016 16:28:11 Entrée dans GestionResultats.php
20/03/2016 16:28:18 Entrée dans ActionAccueil.php
20/03/2016 16:29:47 Entrée dans ActionAccueil.php
20/03/2016 16:29:49 Entrée dans ActionAccueil.php
20/03/2016 19:49:26 Entrée dans ActionAccueil.php
20/03/2016 19:49:27 Entrée dans ActionAccueil.php
20/03/2016 20:53:48 Entrée dans ActionAccueil.php
21/03/2016 00:39:27 Entrée dans ActionRencontre.php
21/03/2016 00:39:28 Entrée dans ActionAccueil.php
21/03/2016 09:57:09 Entrée dans ActionAccueil.php
21/03/2016 09:57:10 Entrée dans ActionAccueil.php
21/03/2016 09:57:24 Entrée dans AfficherPopupArticle.php
21/03/2016 09:57:56 Entrée dans AfficherPopupArticle.php
21/03/2016 09:58:42 Entrée dans AfficherPopupArticle.php
21/03/2016 11:31:29 Entrée dans ActionAccueil.php
21/03/2016 11:31:40 Entrée dans ActionLogin.php
21/03/2016 11:31:40 Authentification de tsutter.
21/03/2016 11:31:41 Entrée dans ActionProfil.php
21/03/2016 11:31:44 Entrée dans GestionResultats.php
21/03/2016 11:32:19 Entrée dans GestionResultats.php
21/03/2016 11:32:23 Entrée dans ActionAccueil.php
21/03/2016 11:45:21 Entrée dans AfficherPopupCompteRendu.php
21/03/2016 13:18:34 Entrée dans ActionAccueil.php
21/03/2016 13:18:48 Entrée dans AfficherPopupCompteRendu.php
21/03/2016 13:57:54 Entrée dans ActionAccueil.php
21/03/2016 15:25:49 Entrée dans ActionAccueil.php
21/03/2016 15:25:59 Entrée dans AfficherPopupCompteRendu.php
21/03/2016 17:21:57 Entrée dans ActionAccueil.php
21/03/2016 17:21:59 Entrée dans ActionAccueil.php
21/03/2016 17:22:57 Entrée dans AfficherPopupArticle.php
21/03/2016 17:23:11 Entrée dans AfficherPopupArticle.php
21/03/2016 17:23:54 Entrée dans ActionClub.php
21/03/2016 17:24:01 Entrée dans ActionAgenda.php
21/03/2016 17:24:02 Entrée dans ActionAgenda.php
21/03/2016 17:24:29 Entrée dans ActionAccueil.php
21/03/2016 17:24:46 Entrée dans ActionSponsor.php
21/03/2016 17:25:44 Entrée dans ActionLogin.php
21/03/2016 17:26:00 Entrée dans ActionAccueil.php
21/03/2016 17:26:01 Entrée dans ActionAccueil.php
21/03/2016 19:08:41 Entrée dans ActionAccueil.php
21/03/2016 19:09:35 Entrée dans ActionAccueil.php
22/03/2016 04:42:39 Entrée dans ActionAccueil.php
22/03/2016 04:49:04 Entrée dans ActionAccueil.php
22/03/2016 04:49:23 Entrée dans AfficherPopupArticle.php
22/03/2016 04:49:32 Entrée dans ActionEvenement.php
22/03/2016 13:10:47 Entrée dans ActionAccueil.php
22/03/2016 13:10:57 Entrée dans ActionAgenda.php
22/03/2016 13:11:00 Entrée dans ActionAgenda.php
22/03/2016 13:11:36 Entrée dans ActionAgenda.php
22/03/2016 13:34:35 Entrée dans ActionAccueil.php
22/03/2016 13:34:51 Entrée dans AfficherPopupArticle.php
22/03/2016 14:50:56 Entrée dans ActionJoueurs.php
22/03/2016 16:12:12 Entrée dans ActionAccueil.php
22/03/2016 16:12:26 Entrée dans AfficherPopupArticle.php
22/03/2016 23:47:16 Entrée dans ActionRencontre.php
22/03/2016 23:47:17 Entrée dans ActionAccueil.php
23/03/2016 04:10:24 Entrée dans ActionAgenda.php
23/03/2016 04:11:01 Entrée dans ActionAgenda.php
23/03/2016 05:45:45 Entrée dans ActionAgenda.php
23/03/2016 05:45:49 Entrée dans ActionClub.php
23/03/2016 08:51:54 Entrée dans ActionAgenda.php
23/03/2016 08:51:54 Entrée dans ActionAgenda.php
23/03/2016 08:55:27 Entrée dans ActionAccueil.php
23/03/2016 09:39:47 Entrée dans ActionAccueil.php
23/03/2016 10:06:39 Entrée dans ActionAccueil.php
23/03/2016 10:15:02 Entrée dans ActionAgenda.php
23/03/2016 13:10:03 Entrée dans ActionAccueil.php
23/03/2016 13:10:11 Entrée dans ActionJoueurs.php
23/03/2016 13:11:20 Entrée dans ActionJoueurs.php
23/03/2016 13:12:34 Entrée dans ActionAccueil.php
23/03/2016 15:28:39 Entrée dans ActionAccueil.php
23/03/2016 15:28:48 Entrée dans ActionAccueil.php
23/03/2016 16:36:54 Entrée dans ActionAccueil.php
23/03/2016 16:37:07 Entrée dans AfficherPopupArticle.php
23/03/2016 16:37:28 Entrée dans ActionAccueil.php
23/03/2016 16:37:33 Entrée dans ActionAccueil.php
23/03/2016 16:38:11 Entrée dans ActionJoueurs.php
23/03/2016 16:38:33 Entrée dans ActionClub.php
23/03/2016 16:39:54 Entrée dans ActionClub.php
23/03/2016 16:40:45 Entrée dans ActionClub.php
23/03/2016 16:41:29 Entrée dans ActionEcoleDeFoot.php
23/03/2016 16:41:38 Entrée dans ActionEcoleDeFoot.php
23/03/2016 17:03:39 Entrée dans ActionAccueil.php
23/03/2016 17:03:40 Entrée dans ActionAccueil.php
23/03/2016 17:14:13 Entrée dans ActionAgenda.php
23/03/2016 17:14:15 Entrée dans ActionAgenda.php
23/03/2016 17:48:52 Entrée dans ActionAccueil.php
23/03/2016 17:49:08 Entrée dans ActionLogin.php
23/03/2016 17:49:08 Authentification de tsutter.
23/03/2016 17:49:08 Entrée dans ActionProfil.php
23/03/2016 17:49:10 Entrée dans ActionArticle.php
23/03/2016 17:49:42 Entrée dans ActionArticle.php
23/03/2016 17:49:45 Entrée dans ActionAccueil.php
23/03/2016 17:55:45 Entrée dans ActionAccueil.php
23/03/2016 17:55:53 Entrée dans ActionLogin.php
23/03/2016 17:55:53 Authentification de tsutter.
23/03/2016 17:55:54 Entrée dans ActionProfil.php
23/03/2016 17:55:56 Entrée dans ActionRencontre.php
23/03/2016 17:56:19 Entrée dans ActionRencontre.php
23/03/2016 17:56:25 Entrée dans RechercherRencontre.php
23/03/2016 17:56:30 Entrée dans ActionRencontre.php
23/03/2016 17:57:52 Entrée dans RechercherRencontre.php
23/03/2016 17:59:09 Entrée dans ActionRencontre.php
23/03/2016 17:59:12 Entrée dans RechercherRencontre.php
23/03/2016 17:59:18 Entrée dans ActionRencontre.php
23/03/2016 17:59:26 Entrée dans ActionRencontre.php
23/03/2016 17:59:45 Entrée dans ActionAccueil.php
23/03/2016 19:53:38 Entrée dans ActionAccueil.php
23/03/2016 19:53:51 Entrée dans AfficherPopupArticle.php
23/03/2016 19:54:46 Entrée dans ActionAccueil.php
23/03/2016 20:00:44 Entrée dans ActionEvenement.php
23/03/2016 20:06:43 Entrée dans ActionAccueil.php
23/03/2016 20:06:58 Entrée dans ActionAccueil.php
23/03/2016 20:07:04 Entrée dans ActionClub.php
23/03/2016 20:40:40 Entrée dans ActionAccueil.php
23/03/2016 20:40:52 Entrée dans AfficherPopupCompteRendu.php
23/03/2016 20:46:28 Entrée dans AfficherPopupArticle.php
23/03/2016 20:48:27 Entrée dans ActionAccueil.php
23/03/2016 20:48:34 Entrée dans AfficherPopupCompteRendu.php
23/03/2016 20:50:36 Entrée dans ActionAccueil.php
23/03/2016 20:50:51 Entrée dans AfficherPopupArticle.php
23/03/2016 20:51:29 Entrée dans AfficherPopupArticle.php
23/03/2016 21:05:08 Entrée dans ActionRencontre.php
23/03/2016 21:05:09 Entrée dans ActionAccueil.php
23/03/2016 21:24:36 Entrée dans AfficherPopupArticle.php
23/03/2016 21:55:00 Entrée dans ActionEcoleDeFoot.php
23/03/2016 21:55:09 Entrée dans ActionEcoleDeFoot.php
23/03/2016 22:01:07 Entrée dans ActionAccueil.php
23/03/2016 22:01:41 Entrée dans AfficherPopupArticle.php
23/03/2016 22:04:13 Entrée dans AfficherPopupArticle.php
23/03/2016 22:45:15 Entrée dans ActionAccueil.php
24/03/2016 03:55:18 Entrée dans ActionAgenda.php
24/03/2016 03:55:36 Entrée dans ActionAgenda.php
24/03/2016 08:49:50 Entrée dans ActionAccueil.php
24/03/2016 13:03:09 Entrée dans ActionAccueil.php
24/03/2016 13:05:14 Entrée dans ActionAccueil.php
24/03/2016 13:06:00 Entrée dans AfficherPopupArticle.php
24/03/2016 13:06:48 Entrée dans ActionAccueil.php
24/03/2016 14:47:58 Entrée dans ActionAccueil.php
24/03/2016 14:48:17 Entrée dans ActionLogin.php
24/03/2016 14:48:17 Authentification de fgastrini.
24/03/2016 14:48:17 Entrée dans ActionProfil.php
24/03/2016 14:48:22 Entrée dans ActionRencontre.php
24/03/2016 14:48:41 Entrée dans RechercherEquipe.php
24/03/2016 14:48:44 Entrée dans RechercherCompetitionEquipe.php
24/03/2016 14:49:20 Entrée dans ActionRencontre.php
24/03/2016 14:49:28 Entrée dans ActionConvocation.php
24/03/2016 14:53:04 Entrée dans ActionRencontre.php
24/03/2016 14:53:10 Entrée dans ActionAccueil.php
24/03/2016 14:53:11 Entrée dans ActionAccueil.php
24/03/2016 15:07:35 Entrée dans ActionLogin.php
24/03/2016 15:07:35 Authentification de epetot.
24/03/2016 15:07:35 Entrée dans ActionProfil.php
24/03/2016 15:07:42 Entrée dans GestionResultats.php
24/03/2016 15:07:55 Entrée dans ActionRencontre.php
24/03/2016 15:08:05 Entrée dans ActionRencontre.php
24/03/2016 15:08:22 Entrée dans RechercherRencontre.php
24/03/2016 15:08:34 Entrée dans ActionAccueil.php
24/03/2016 15:09:00 Entrée dans AfficherPopupCompteRendu.php
24/03/2016 15:09:09 Entrée dans AfficherPopupArticle.php
24/03/2016 15:09:30 Entrée dans AfficherPopupArticle.php
24/03/2016 15:10:16 Entrée dans AfficherPopupArticle.php
24/03/2016 15:10:57 Entrée dans AfficherPopupArticle.php
24/03/2016 15:50:06 Entrée dans ActionAccueil.php
24/03/2016 17:22:59 Entrée dans ActionAccueil.php
24/03/2016 17:23:16 Entrée dans AfficherPopupArticle.php
24/03/2016 17:52:07 Entrée dans ActionAccueil.php
24/03/2016 17:52:32 Entrée dans AfficherPopupArticle.php
24/03/2016 17:52:34 Entrée dans AfficherPopupArticle.php
24/03/2016 19:37:00 Entrée dans ActionEcoleDeFoot.php
24/03/2016 19:48:42 Entrée dans ActionAccueil.php
24/03/2016 20:19:52 Entrée dans ActionAgenda.php
24/03/2016 20:19:56 Entrée dans ActionClub.php
24/03/2016 20:20:20 Entrée dans ActionEcoleDeFoot.php
24/03/2016 20:20:29 Entrée dans ActionEvenement.php
24/03/2016 20:20:54 Entrée dans ActionJoueurs.php
24/03/2016 20:20:58 Entrée dans ActionSponsor.php
24/03/2016 20:45:50 Entrée dans ActionEcoleDeFoot.php
24/03/2016 20:46:03 Entrée dans ActionEcoleDeFoot.php
24/03/2016 20:47:19 Entrée dans ActionAccueil.php
24/03/2016 20:47:21 Entrée dans ActionAccueil.php
24/03/2016 20:47:48 Entrée dans AfficherPopupArticle.php
24/03/2016 20:48:29 Entrée dans AfficherPopupArticle.php
24/03/2016 20:48:43 Entrée dans AfficherPopupArticle.php
24/03/2016 20:50:19 Entrée dans AfficherPopupArticle.php
24/03/2016 22:35:58 Entrée dans ActionAccueil.php
24/03/2016 22:36:57 Entrée dans ActionAgenda.php
24/03/2016 22:37:10 Entrée dans ActionClub.php
24/03/2016 22:37:15 Entrée dans ActionEcoleDeFoot.php
24/03/2016 22:37:19 Entrée dans ActionEvenement.php
25/03/2016 03:56:42 Entrée dans ActionAccueil.php
25/03/2016 07:42:29 Entrée dans AfficherPopupArticle.php
25/03/2016 08:53:40 Entrée dans ActionAccueil.php
25/03/2016 09:10:03 Entrée dans ActionAccueil.php
25/03/2016 09:11:12 Entrée dans ActionClub.php
25/03/2016 10:30:11 Entrée dans ActionClub.php
25/03/2016 10:43:19 Entrée dans ActionAccueil.php
25/03/2016 12:18:25 Entrée dans ActionAgenda.php
25/03/2016 12:18:29 Entrée dans ActionClub.php
25/03/2016 12:42:45 Entrée dans ActionEvenement.php
25/03/2016 14:03:33 Entrée dans ActionSponsor.php
25/03/2016 14:07:41 Entrée dans ActionSponsor.php
25/03/2016 14:54:44 Entrée dans ActionAccueil.php
25/03/2016 14:54:44 Entrée dans ActionAccueil.php
25/03/2016 14:54:46 Entrée dans ActionAccueil.php
25/03/2016 14:55:11 Entrée dans ActionAccueil.php
25/03/2016 14:56:41 Entrée dans AfficherPopupArticle.php
25/03/2016 14:56:48 Entrée dans AfficherPopupArticle.php
25/03/2016 16:22:58 Entrée dans ActionAccueil.php
25/03/2016 21:08:58 Entrée dans ActionAccueil.php
25/03/2016 21:54:47 Entrée dans ActionAccueil.php
25/03/2016 22:27:20 Entrée dans ActionAccueil.php
26/03/2016 02:30:23 Entrée dans ActionAccueil.php
26/03/2016 02:31:09 Entrée dans ActionSponsor.php
26/03/2016 02:31:20 Entrée dans ActionAccueil.php
26/03/2016 02:31:27 Entrée dans ActionClub.php
26/03/2016 07:53:34 Entrée dans ActionEvenement.php
26/03/2016 08:21:06 Entrée dans ActionAgenda.php
26/03/2016 08:21:18 Entrée dans ActionJoueurs.php
26/03/2016 09:23:06 Entrée dans ActionAccueil.php
26/03/2016 09:23:22 Entrée dans AfficherPopupArticle.php
26/03/2016 09:26:32 Entrée dans ActionAccueil.php
26/03/2016 10:06:36 Entrée dans ActionAccueil.php
26/03/2016 10:07:11 Entrée dans AfficherPopupArticle.php
26/03/2016 10:07:57 Entrée dans AfficherPopupArticle.php
26/03/2016 10:07:58 Entrée dans ActionAccueil.php
26/03/2016 10:08:08 Entrée dans ActionEcoleDeFoot.php
26/03/2016 10:08:14 Entrée dans ActionEcoleDeFoot.php
26/03/2016 10:08:16 Entrée dans AfficherPopupArticle.php
26/03/2016 10:08:56 Entrée dans ActionSponsor.php
26/03/2016 10:09:01 Entrée dans ActionEvenement.php
26/03/2016 10:09:09 Entrée dans ActionAgenda.php
26/03/2016 10:09:09 Entrée dans ActionAgenda.php
26/03/2016 10:09:21 Entrée dans ActionJoueurs.php
26/03/2016 10:10:42 Entrée dans ActionAgenda.php
26/03/2016 14:09:45 Entrée dans ActionAccueil.php
26/03/2016 14:10:21 Entrée dans ActionClub.php
26/03/2016 15:25:08 Entrée dans ActionAgenda.php
26/03/2016 16:28:24 Entrée dans ActionRencontre.php
26/03/2016 16:28:25 Entrée dans ActionAccueil.php
26/03/2016 16:29:09 Entrée dans ActionLogin.php
26/03/2016 16:29:09 Authentification de rernesti.
26/03/2016 16:29:10 Entrée dans ActionProfil.php
26/03/2016 16:29:16 Entrée dans ActionRencontre.php
26/03/2016 16:29:32 Entrée dans ActionRencontre.php
26/03/2016 16:29:40 Entrée dans ActionRencontre.php
26/03/2016 16:29:43 Entrée dans ActionRencontre.php
26/03/2016 16:29:52 Entrée dans ActionAccueil.php
26/03/2016 16:30:07 Entrée dans ActionAgenda.php
26/03/2016 16:30:08 Entrée dans ActionAgenda.php
26/03/2016 16:30:15 Entrée dans ActionProfil.php
26/03/2016 16:30:17 Entrée dans ActionRencontre.php
26/03/2016 16:30:24 Entrée dans ActionRencontre.php
26/03/2016 16:30:32 Entrée dans ActionRencontre.php
26/03/2016 16:30:41 Entrée dans ActionRencontre.php
26/03/2016 16:31:04 Entrée dans ActionRencontre.php
26/03/2016 18:53:43 Entrée dans ActionAccueil.php
26/03/2016 18:53:57 Entrée dans ActionClub.php
26/03/2016 18:54:06 Entrée dans ActionAgenda.php
26/03/2016 18:54:16 Entrée dans ActionJoueurs.php
26/03/2016 18:54:21 Entrée dans ActionSponsor.php
26/03/2016 18:54:41 Entrée dans ActionEvenement.php
26/03/2016 18:54:51 Entrée dans ActionEcoleDeFoot.php
26/03/2016 19:40:03 Entrée dans ActionAccueil.php
26/03/2016 19:41:59 Entrée dans ActionAccueil.php
26/03/2016 19:43:40 Entrée dans AfficherPopupArticle.php
26/03/2016 19:44:16 Entrée dans ActionEcoleDeFoot.php
26/03/2016 19:44:24 Entrée dans ActionEcoleDeFoot.php
26/03/2016 19:44:32 Entrée dans ActionEcoleDeFoot.php
26/03/2016 19:44:39 Entrée dans ActionEcoleDeFoot.php
26/03/2016 19:44:43 Entrée dans ActionEcoleDeFoot.php
26/03/2016 19:44:46 Entrée dans ActionEcoleDeFoot.php
26/03/2016 19:44:59 Entrée dans ActionEcoleDeFoot.php
26/03/2016 19:45:20 Entrée dans ActionEcoleDeFoot.php
26/03/2016 19:45:31 Entrée dans ActionClub.php
26/03/2016 20:33:06 Entrée dans ActionAgenda.php
26/03/2016 22:00:08 Entrée dans ActionAccueil.php
26/03/2016 22:41:09 Entrée dans ActionAccueil.php
26/03/2016 22:41:15 Entrée dans ActionJoueurs.php
27/03/2016 01:03:55 Entrée dans ActionAccueil.php
27/03/2016 01:04:15 Entrée dans ActionClub.php
27/03/2016 01:05:19 Entrée dans ActionEcoleDeFoot.php
27/03/2016 01:05:32 Entrée dans ActionEcoleDeFoot.php
27/03/2016 01:06:32 Entrée dans ActionEcoleDeFoot.php
27/03/2016 01:07:06 Entrée dans ActionEcoleDeFoot.php
27/03/2016 01:07:17 Entrée dans ActionJoueurs.php
27/03/2016 01:08:14 Entrée dans ActionAccueil.php
27/03/2016 07:15:57 Entrée dans ActionAccueil.php
27/03/2016 10:33:04 Entrée dans ActionJoueurs.php
27/03/2016 11:16:58 Entrée dans ActionJoueurs.php
27/03/2016 13:54:11 Entrée dans ActionAccueil.php
27/03/2016 13:55:14 Entrée dans ActionJoueurs.php
27/03/2016 13:57:47 Entrée dans ActionAccueil.php
27/03/2016 15:28:44 Entrée dans ActionAgenda.php
27/03/2016 15:28:47 Entrée dans ActionClub.php
27/03/2016 15:58:55 Entrée dans ActionAgenda.php
27/03/2016 16:57:18 Entrée dans ActionAgenda.php
27/03/2016 16:57:25 Entrée dans ActionAgenda.php
27/03/2016 18:51:03 Entrée dans ActionAccueil.php
27/03/2016 19:30:39 Entrée dans ActionAccueil.php
27/03/2016 21:17:25 Entrée dans ActionRencontre.php
27/03/2016 21:17:26 Entrée dans ActionAccueil.php
27/03/2016 21:24:57 Entrée dans AfficherPopupArticle.php
27/03/2016 22:09:59 Entrée dans ActionAccueil.php
27/03/2016 22:10:42 Entrée dans ActionEvenement.php
27/03/2016 22:10:59 Entrée dans ActionEcoleDeFoot.php
27/03/2016 22:11:07 Entrée dans ActionEcoleDeFoot.php
27/03/2016 22:11:18 Entrée dans ActionEvenement.php
27/03/2016 23:42:48 Entrée dans ActionJoueurs.php
27/03/2016 23:47:50 Entrée dans ActionAccueil.php
28/03/2016 02:43:10 Entrée dans ActionAccueil.php
28/03/2016 02:43:15 Entrée dans ActionClub.php
28/03/2016 02:43:17 Entrée dans ActionJoueurs.php
28/03/2016 02:43:19 Entrée dans ActionEcoleDeFoot.php
28/03/2016 02:43:21 Entrée dans ActionAgenda.php
28/03/2016 02:43:24 Entrée dans ActionEvenement.php
28/03/2016 02:43:26 Entrée dans ActionSponsor.php
28/03/2016 07:26:58 Entrée dans ActionAccueil.php
28/03/2016 07:28:02 Entrée dans ActionEvenement.php
28/03/2016 09:58:05 Entrée dans ActionAccueil.php
28/03/2016 09:59:42 Entrée dans ActionAccueil.php
28/03/2016 12:05:20 Entrée dans ActionSponsor.php
28/03/2016 13:42:58 Entrée dans ActionAccueil.php
28/03/2016 13:43:46 Entrée dans AfficherPopupArticle.php
28/03/2016 13:44:44 Entrée dans ActionAgenda.php
28/03/2016 13:44:45 Entrée dans ActionAgenda.php
28/03/2016 13:45:04 Entrée dans ActionAgenda.php
28/03/2016 13:45:08 Entrée dans ActionAgenda.php
28/03/2016 13:45:27 Entrée dans ActionAgenda.php
28/03/2016 13:45:52 Entrée dans ActionClub.php
28/03/2016 13:49:03 Entrée dans ActionClub.php
28/03/2016 13:49:05 Entrée dans ActionJoueurs.php
28/03/2016 13:51:05 Entrée dans ActionAccueil.php
28/03/2016 13:51:07 Entrée dans ActionEcoleDeFoot.php
28/03/2016 13:51:11 Entrée dans ActionAccueil.php
28/03/2016 13:51:22 Entrée dans AfficherPopupArticle.php
28/03/2016 16:30:22 Entrée dans ActionAccueil.php
28/03/2016 16:30:34 Entrée dans ActionClub.php
28/03/2016 19:16:51 Entrée dans ActionAccueil.php
28/03/2016 19:16:52 Entrée dans ActionAccueil.php
28/03/2016 19:41:26 Entrée dans ActionAccueil.php
28/03/2016 19:42:27 Entrée dans ActionEvenement.php
28/03/2016 19:42:30 Entrée dans ActionAccueil.php
28/03/2016 19:42:34 Entrée dans AfficherPopupArticle.php
28/03/2016 19:43:32 Entrée dans AfficherPopupArticle.php
28/03/2016 19:43:47 Entrée dans ActionEcoleDeFoot.php
28/03/2016 19:43:52 Entrée dans ActionEcoleDeFoot.php
28/03/2016 19:46:10 Entrée dans ActionEcoleDeFoot.php
28/03/2016 19:46:34 Entrée dans ActionAgenda.php
28/03/2016 19:46:35 Entrée dans ActionAgenda.php
28/03/2016 19:47:03 Entrée dans ActionAgenda.php
28/03/2016 19:47:44 Entrée dans ActionAgenda.php
28/03/2016 19:48:14 Entrée dans ActionAgenda.php
28/03/2016 19:48:26 Entrée dans ActionSponsor.php
28/03/2016 19:50:25 Entrée dans ActionAccueil.php
28/03/2016 19:51:00 Entrée dans ActionAccueil.php
28/03/2016 19:51:09 Entrée dans ActionClub.php
28/03/2016 19:51:21 Entrée dans ActionEcoleDeFoot.php
28/03/2016 19:51:32 Entrée dans ActionEcoleDeFoot.php
28/03/2016 19:51:37 Entrée dans ActionEcoleDeFoot.php
28/03/2016 23:46:54 Entrée dans ActionAccueil.php
28/03/2016 23:47:04 Entrée dans AfficherPopupArticle.php
29/03/2016 00:42:02 Entrée dans ActionAccueil.php
29/03/2016 02:23:30 Entrée dans ActionAgenda.php
29/03/2016 07:19:53 Entrée dans ActionAccueil.php
29/03/2016 07:20:01 Entrée dans ActionClub.php
29/03/2016 07:20:04 Entrée dans ActionEcoleDeFoot.php
29/03/2016 07:20:15 Entrée dans ActionEcoleDeFoot.php
29/03/2016 07:20:19 Entrée dans ActionEcoleDeFoot.php
29/03/2016 07:20:21 Entrée dans ActionEcoleDeFoot.php
29/03/2016 07:20:25 Entrée dans ActionEcoleDeFoot.php
29/03/2016 07:21:31 Entrée dans ActionEcoleDeFoot.php
29/03/2016 07:21:47 Entrée dans ActionEcoleDeFoot.php
29/03/2016 07:21:50 Entrée dans ActionEcoleDeFoot.php
29/03/2016 11:03:35 Entrée dans ActionAgenda.php
29/03/2016 11:42:43 Entrée dans ActionAccueil.php
29/03/2016 11:42:51 Entrée dans ActionEvenement.php
29/03/2016 12:04:56 Entrée dans ActionAgenda.php
29/03/2016 13:40:41 Entrée dans ActionAccueil.php
29/03/2016 13:40:41 Entrée dans ActionAccueil.php
29/03/2016 13:41:56 Entrée dans AfficherPopupArticle.php
29/03/2016 15:10:02 Entrée dans ActionAccueil.php
29/03/2016 15:10:21 Entrée dans ActionJoueurs.php
29/03/2016 15:48:58 Entrée dans ActionAccueil.php
29/03/2016 15:55:25 Entrée dans ActionAccueil.php
29/03/2016 15:55:40 Entrée dans AfficherPopupArticle.php
29/03/2016 15:57:08 Entrée dans AfficherPopupArticle.php
29/03/2016 15:58:52 Entrée dans AfficherPopupArticle.php
29/03/2016 17:43:30 Entrée dans ActionAccueil.php
29/03/2016 17:43:31 Entrée dans AfficherPopupArticle.php
29/03/2016 18:20:40 Entrée dans ActionAccueil.php
29/03/2016 18:37:53 Entrée dans ActionAccueil.php
29/03/2016 19:34:02 Entrée dans ActionJoueurs.php
30/03/2016 03:10:16 Entrée dans ActionAgenda.php
30/03/2016 03:10:39 Entrée dans ActionClub.php
30/03/2016 08:31:51 Entrée dans ActionAccueil.php
30/03/2016 08:33:00 Entrée dans AfficherPopupArticle.php
30/03/2016 08:33:46 Entrée dans AfficherPopupArticle.php
30/03/2016 14:26:40 Entrée dans ActionEcoleDeFoot.php
30/03/2016 15:16:43 Entrée dans ActionAccueil.php
30/03/2016 15:18:12 Entrée dans ActionAccueil.php
30/03/2016 15:18:14 Entrée dans ActionAccueil.php
30/03/2016 15:18:21 Entrée dans ActionClub.php
30/03/2016 15:58:09 Entrée dans ActionJoueurs.php
30/03/2016 17:30:52 Entrée dans ActionAccueil.php
30/03/2016 17:31:23 Entrée dans ActionClub.php
30/03/2016 17:31:29 Entrée dans ActionAccueil.php
30/03/2016 17:53:00 Entrée dans AfficherPopupArticle.php
30/03/2016 17:53:32 Entrée dans AfficherPopupArticle.php
30/03/2016 17:53:46 Entrée dans ActionEvenement.php
30/03/2016 17:53:51 Entrée dans ActionAgenda.php
30/03/2016 17:53:54 Entrée dans ActionAgenda.php
30/03/2016 17:53:55 Entrée dans ActionAgenda.php
30/03/2016 17:54:07 Entrée dans ActionAccueil.php
30/03/2016 17:54:13 Entrée dans ActionAccueil.php
30/03/2016 18:16:33 Entrée dans ActionAccueil.php
30/03/2016 18:16:41 Entrée dans ActionClub.php
30/03/2016 18:16:41 Entrée dans ActionClub.php
30/03/2016 18:53:09 Entrée dans ActionEcoleDeFoot.php
30/03/2016 18:53:21 Entrée dans ActionEcoleDeFoot.php
30/03/2016 18:53:37 Entrée dans ActionEcoleDeFoot.php
30/03/2016 18:54:24 Entrée dans ActionAgenda.php
30/03/2016 18:54:28 Entrée dans ActionEcoleDeFoot.php
30/03/2016 18:54:32 Entrée dans ActionEcoleDeFoot.php
30/03/2016 18:54:39 Entrée dans ActionAgenda.php
31/03/2016 04:55:18 Entrée dans ActionAccueil.php
31/03/2016 06:52:10 Entrée dans ActionAccueil.php
31/03/2016 07:46:07 Entrée dans ActionEcoleDeFoot.php
31/03/2016 07:46:12 Entrée dans ActionEcoleDeFoot.php
31/03/2016 07:46:19 Entrée dans ActionEcoleDeFoot.php
31/03/2016 07:46:28 Entrée dans ActionEcoleDeFoot.php
31/03/2016 07:46:30 Entrée dans ActionEcoleDeFoot.php
31/03/2016 07:47:01 Entrée dans ActionEcoleDeFoot.php
31/03/2016 07:47:04 Entrée dans ActionEcoleDeFoot.php
31/03/2016 07:58:10 Entrée dans ActionAgenda.php
31/03/2016 08:52:23 Entrée dans ActionAccueil.php
31/03/2016 08:52:58 Entrée dans AfficherPopupArticle.php
31/03/2016 11:59:14 Entrée dans ActionAccueil.php
31/03/2016 11:59:15 Entrée dans ActionAccueil.php
31/03/2016 13:27:51 Entrée dans ActionAccueil.php
31/03/2016 13:28:40 Entrée dans AfficherPopupArticle.php
31/03/2016 14:00:14 Entrée dans ActionAccueil.php
31/03/2016 14:00:20 Entrée dans ActionClub.php
31/03/2016 14:56:37 Entrée dans ActionAccueil.php
31/03/2016 15:47:55 Entrée dans ActionAccueil.php
31/03/2016 15:48:37 Entrée dans AfficherPopupArticle.php
31/03/2016 15:49:00 Entrée dans AfficherPopupArticle.php
31/03/2016 15:49:46 Entrée dans AfficherPopupArticle.php
31/03/2016 15:50:27 Entrée dans ActionEcoleDeFoot.php
31/03/2016 15:50:33 Entrée dans ActionEcoleDeFoot.php
31/03/2016 15:50:37 Entrée dans ActionEcoleDeFoot.php
31/03/2016 15:51:14 Entrée dans ActionSponsor.php
31/03/2016 15:51:20 Entrée dans ActionJoueurs.php
31/03/2016 17:36:36 Entrée dans ActionAccueil.php
31/03/2016 17:37:05 Entrée dans ActionEcoleDeFoot.php
31/03/2016 17:37:17 Entrée dans ActionEcoleDeFoot.php
31/03/2016 17:38:05 Entrée dans ActionEcoleDeFoot.php
31/03/2016 17:38:21 Entrée dans ActionEcoleDeFoot.php
31/03/2016 17:38:26 Entrée dans ActionEcoleDeFoot.php
31/03/2016 17:38:33 Entrée dans ActionEcoleDeFoot.php
31/03/2016 17:39:03 Entrée dans ActionJoueurs.php
31/03/2016 17:39:52 Entrée dans ActionAccueil.php
31/03/2016 17:39:53 Entrée dans ActionClub.php
31/03/2016 18:25:55 Entrée dans ActionAccueil.php
31/03/2016 19:38:03 Entrée dans ActionAccueil.php
31/03/2016 20:24:04 Entrée dans AfficherPopupArticle.php
31/03/2016 20:28:39 Entrée dans ActionAccueil.php
31/03/2016 20:29:26 Entrée dans AfficherPopupArticle.php
