07/02/2015 09:38:32 Entrée dans ActionAccueil.php
07/02/2015 09:38:35 Entrée dans ActionAccueil.php
07/02/2015 09:49:29 Entrée dans ActionAccueil.php
07/02/2015 09:53:35 Entrée dans ActionAccueil.php
07/02/2015 09:54:12 Entrée dans ActionAccueil.php
07/02/2015 09:54:52 Entrée dans ActionAccueil.php
07/02/2015 09:54:57 Entrée dans ActionAccueil.php
07/02/2015 09:55:26 Entrée dans ActionAccueil.php
07/02/2015 09:55:29 Entrée dans ActionEcoleDeFoot.php
07/02/2015 09:55:32 Entrée dans ActionJoueurs.php
07/02/2015 10:03:50 Entrée dans ActionJoueurs.php
07/02/2015 10:04:57 Entrée dans ActionClub.php
07/02/2015 10:04:59 Entrée dans ActionClub.php
07/02/2015 10:11:38 Entrée dans ActionAccueil.php
07/02/2015 10:11:45 Entrée dans ActionAccueil.php
07/02/2015 10:11:52 Entrée dans ActionJoueurs.php
07/02/2015 10:14:38 Entrée dans ActionAccueil.php
07/02/2015 10:14:47 Entrée dans ActionAccueil.php
07/02/2015 10:15:04 Entrée dans AfficherPopupArticle.php
07/02/2015 10:15:07 Entrée dans ActionJoueurs.php
07/02/2015 10:15:23 Entrée dans ActionJoueurs.php
07/02/2015 10:15:34 Entrée dans ActionClub.php
07/02/2015 10:16:37 Entrée dans ActionSponsor.php
07/02/2015 10:17:16 Entrée dans ActionClub.php
07/02/2015 10:17:20 Entrée dans ActionAccueil.php
07/02/2015 10:17:25 Entrée dans ActionJoueurs.php
07/02/2015 10:17:30 Entrée dans ActionEcoleDeFoot.php
07/02/2015 10:17:39 Entrée dans ActionEcoleDeFoot.php
07/02/2015 10:17:42 Entrée dans ActionJoueurs.php
07/02/2015 10:18:21 Entrée dans ActionClub.php
07/02/2015 10:18:57 Entrée dans ActionAccueil.php
07/02/2015 10:19:06 Entrée dans ActionAccueil.php
07/02/2015 10:19:10 Entrée dans AfficherPopupArticle.php
07/02/2015 10:21:44 Entrée dans ActionAccueil.php
07/02/2015 10:22:23 Entrée dans AfficherPopupArticle.php
07/02/2015 10:22:27 Entrée dans ActionAccueil.php
07/02/2015 10:22:57 Entrée dans ActionEcoleDeFoot.php
07/02/2015 10:23:01 Entrée dans ActionEcoleDeFoot.php
07/02/2015 10:23:31 Entrée dans ActionAccueil.php
07/02/2015 10:23:51 Entrée dans AfficherPopupArticle.php
07/02/2015 10:23:57 Entrée dans ActionEcoleDeFoot.php
07/02/2015 10:24:20 Entrée dans ActionJoueurs.php
07/02/2015 10:24:24 Entrée dans ActionJoueurs.php
07/02/2015 10:24:41 Entrée dans ActionAccueil.php
07/02/2015 10:27:12 Entrée dans ActionAccueil.php
07/02/2015 10:27:18 Entrée dans ActionAccueil.php
07/02/2015 10:27:29 Entrée dans ActionJoueurs.php
07/02/2015 10:28:18 Entrée dans AfficherPopupArticle.php
07/02/2015 10:29:01 Entrée dans ActionAccueil.php
07/02/2015 10:29:33 Entrée dans ActionAccueil.php
07/02/2015 10:29:40 Entrée dans AfficherPopupArticle.php
07/02/2015 10:31:15 Entrée dans ActionJoueurs.php
07/02/2015 10:34:25 Entrée dans ActionLogin.php
07/02/2015 10:34:25 Authentification de tsutter.
07/02/2015 10:34:25 Entrée dans ActionProfil.php
07/02/2015 10:34:27 Entrée dans ActionUtilisateur.php
07/02/2015 10:34:30 Entrée dans ActionMembre.php
07/02/2015 10:34:36 Entrée dans ActionMembre.php
07/02/2015 10:34:54 Entrée dans ActionAccueil.php
07/02/2015 10:35:19 Entrée dans ActionMembre.php
07/02/2015 10:35:25 Entrée dans ActionMembre.php
07/02/2015 10:35:37 Entrée dans ActionUtilisateur.php
07/02/2015 10:36:02 Entrée dans ActionUtilisateur.php
07/02/2015 10:36:08 Entrée dans ActionAccueil.php
07/02/2015 10:36:10 Entrée dans ActionJoueurs.php
07/02/2015 10:38:57 Entrée dans ActionAccueil.php
07/02/2015 10:39:01 Entrée dans ActionJoueurs.php
07/02/2015 10:39:45 Entrée dans ActionAccueil.php
07/02/2015 10:39:54 Entrée dans ActionClub.php
07/02/2015 10:42:40 Entrée dans ActionAccueil.php
07/02/2015 10:43:45 Entrée dans ActionJoueurs.php
07/02/2015 10:50:00 Entrée dans AfficherPopupArticle.php
07/02/2015 10:50:17 Entrée dans AfficherPopupArticle.php
07/02/2015 10:59:16 Entrée dans ActionAccueil.php
07/02/2015 10:59:52 Entrée dans AfficherPopupArticle.php
07/02/2015 11:00:07 Entrée dans AfficherPopupArticle.php
07/02/2015 11:00:39 Entrée dans ActionClub.php
07/02/2015 11:03:56 Entrée dans ActionEcoleDeFoot.php
07/02/2015 11:04:19 Entrée dans ActionEcoleDeFoot.php
07/02/2015 11:04:22 Entrée dans ActionEcoleDeFoot.php
07/02/2015 11:04:23 Entrée dans ActionEcoleDeFoot.php
07/02/2015 11:04:28 Entrée dans ActionEcoleDeFoot.php
07/02/2015 11:04:53 Entrée dans ActionEcoleDeFoot.php
07/02/2015 11:05:32 Entrée dans ActionJoueurs.php
07/02/2015 11:05:43 Entrée dans ActionClub.php
07/02/2015 11:11:02 Entrée dans ActionAgenda.php
07/02/2015 11:11:03 Entrée dans ActionAgenda.php
07/02/2015 11:11:05 Entrée dans ActionEvenement.php
07/02/2015 11:12:38 Entrée dans ActionAccueil.php
07/02/2015 11:13:11 Entrée dans ActionAccueil.php
07/02/2015 11:13:13 Entrée dans ActionJoueurs.php
07/02/2015 11:20:25 Entrée dans ActionAccueil.php
07/02/2015 11:26:27 Entrée dans ActionAccueil.php
07/02/2015 11:26:41 Entrée dans ActionJoueurs.php
07/02/2015 11:40:17 Entrée dans ActionAccueil.php
07/02/2015 11:49:38 Entrée dans ActionAccueil.php
07/02/2015 11:49:50 Entrée dans ActionJoueurs.php
07/02/2015 11:50:35 Entrée dans ActionJoueurs.php
07/02/2015 11:56:16 Entrée dans ActionClub.php
07/02/2015 11:56:48 Entrée dans ActionEcoleDeFoot.php
07/02/2015 11:56:57 Entrée dans ActionEcoleDeFoot.php
07/02/2015 11:57:28 Entrée dans ActionEcoleDeFoot.php
07/02/2015 11:57:57 Entrée dans ActionJoueurs.php
07/02/2015 12:00:19 Entrée dans ActionSponsor.php
07/02/2015 12:00:40 Entrée dans ActionClub.php
07/02/2015 12:02:12 Entrée dans ActionJoueurs.php
07/02/2015 12:02:36 Entrée dans ActionEcoleDeFoot.php
07/02/2015 12:03:21 Entrée dans ActionEcoleDeFoot.php
07/02/2015 12:07:55 Entrée dans ActionAccueil.php
07/02/2015 12:09:03 Entrée dans ActionAccueil.php
07/02/2015 12:10:03 Entrée dans ActionAgenda.php
07/02/2015 12:10:04 Entrée dans ActionAgenda.php
07/02/2015 12:10:06 Entrée dans AfficherPopupArticle.php
07/02/2015 12:10:07 Entrée dans ActionEvenement.php
07/02/2015 12:10:18 Entrée dans AfficherPopupArticle.php
07/02/2015 12:10:23 Entrée dans AfficherPopupArticle.php
07/02/2015 12:11:39 Entrée dans ActionEcoleDeFoot.php
07/02/2015 12:11:57 Entrée dans ActionLogin.php
07/02/2015 12:11:57 Authentification de fgastrini.
07/02/2015 12:11:57 Entrée dans ActionProfil.php
07/02/2015 12:12:12 Entrée dans ActionAccueil.php
07/02/2015 12:12:17 Entrée dans ActionProfil.php
07/02/2015 12:12:24 Entrée dans AfficherPopupArticle.php
07/02/2015 12:12:38 Entrée dans ActionMembre.php
07/02/2015 12:12:48 Entrée dans RechercherMembre.php
07/02/2015 12:13:14 Entrée dans ActionMembre.php
07/02/2015 12:13:29 Entrée dans ActionMembre.php
07/02/2015 12:13:55 Entrée dans RechercherMembre.php
07/02/2015 12:14:11 Entrée dans ActionMembre.php
07/02/2015 12:14:16 Entrée dans ActionClub.php
07/02/2015 12:14:24 Entrée dans ActionJoueurs.php
07/02/2015 12:14:37 Entrée dans ActionRencontre.php
07/02/2015 12:14:51 Entrée dans ActionMembre.php
07/02/2015 12:15:02 Entrée dans ActionAccueil.php
07/02/2015 12:15:02 Entrée dans ActionAccueil.php
07/02/2015 12:19:21 Entrée dans ActionAccueil.php
07/02/2015 12:19:34 Entrée dans AfficherPopupArticle.php
07/02/2015 12:19:50 Entrée dans AfficherPopupArticle.php
07/02/2015 12:20:24 Entrée dans ActionJoueurs.php
07/02/2015 12:21:14 Entrée dans ActionSponsor.php
07/02/2015 12:21:26 Entrée dans ActionAccueil.php
07/02/2015 12:21:31 Entrée dans AfficherPopupArticle.php
07/02/2015 12:21:52 Entrée dans ActionAgenda.php
07/02/2015 12:21:53 Entrée dans ActionAgenda.php
07/02/2015 12:21:57 Entrée dans ActionAccueil.php
07/02/2015 12:28:17 Entrée dans ActionAccueil.php
07/02/2015 12:28:19 Entrée dans ActionClub.php
07/02/2015 12:29:18 Entrée dans AfficherPopupArticle.php
07/02/2015 12:29:45 Entrée dans ActionClub.php
07/02/2015 12:30:42 Entrée dans ActionClub.php
07/02/2015 12:30:55 Entrée dans ActionEcoleDeFoot.php
07/02/2015 12:31:02 Entrée dans ActionEvenement.php
07/02/2015 12:31:08 Entrée dans ActionEvenement.php
07/02/2015 12:31:10 Entrée dans ActionSponsor.php
07/02/2015 12:36:13 Entrée dans ActionAccueil.php
07/02/2015 12:37:58 Entrée dans ActionJoueurs.php
07/02/2015 12:39:59 Entrée dans ActionAccueil.php
07/02/2015 12:43:17 Entrée dans ActionAccueil.php
07/02/2015 12:44:32 Entrée dans ActionJoueurs.php
07/02/2015 12:45:23 Entrée dans ActionAccueil.php
07/02/2015 12:46:12 Entrée dans AfficherPopupArticle.php
07/02/2015 12:54:45 Entrée dans ActionAccueil.php
07/02/2015 12:54:48 Entrée dans ActionAccueil.php
07/02/2015 13:20:48 Entrée dans ActionAccueil.php
07/02/2015 13:21:12 Entrée dans ActionAccueil.php
07/02/2015 13:21:51 Entrée dans AfficherPopupArticle.php
07/02/2015 13:22:19 Entrée dans AfficherPopupArticle.php
07/02/2015 13:22:36 Entrée dans ActionAgenda.php
07/02/2015 13:22:39 Entrée dans ActionAgenda.php
07/02/2015 13:22:43 Entrée dans ActionEvenement.php
07/02/2015 13:22:51 Entrée dans ActionJoueurs.php
07/02/2015 13:27:24 Entrée dans ActionJoueurs.php
07/02/2015 13:28:59 Entrée dans ActionClub.php
07/02/2015 13:29:45 Entrée dans ActionSponsor.php
07/02/2015 13:41:06 Entrée dans ActionAccueil.php
07/02/2015 13:42:06 Entrée dans AfficherPopupArticle.php
07/02/2015 13:42:47 Entrée dans AfficherPopupArticle.php
07/02/2015 13:43:13 Entrée dans AfficherPopupArticle.php
07/02/2015 13:44:10 Entrée dans ActionAccueil.php
07/02/2015 13:44:17 Entrée dans AfficherPopupArticle.php
07/02/2015 13:44:46 Entrée dans ActionAccueil.php
07/02/2015 13:45:15 Entrée dans ActionClub.php
07/02/2015 13:45:46 Entrée dans ActionClub.php
07/02/2015 13:45:57 Entrée dans ActionEcoleDeFoot.php
07/02/2015 13:46:21 Entrée dans ActionEcoleDeFoot.php
07/02/2015 13:48:55 Entrée dans ActionJoueurs.php
07/02/2015 13:50:04 Entrée dans ActionAccueil.php
07/02/2015 13:56:30 Entrée dans ActionJoueurs.php
07/02/2015 14:05:59 Entrée dans ActionAccueil.php
07/02/2015 14:06:46 Entrée dans ActionAccueil.php
07/02/2015 14:07:01 Entrée dans ActionJoueurs.php
07/02/2015 14:20:45 Entrée dans ActionJoueurs.php
07/02/2015 14:26:14 Entrée dans ActionAccueil.php
07/02/2015 14:26:19 Entrée dans AfficherPopupArticle.php
07/02/2015 14:27:11 Entrée dans AfficherPopupArticle.php
07/02/2015 14:27:24 Entrée dans AfficherPopupArticle.php
07/02/2015 14:27:37 Entrée dans AfficherPopupArticle.php
07/02/2015 14:39:37 Entrée dans ActionAccueil.php
07/02/2015 14:39:48 Entrée dans ActionJoueurs.php
07/02/2015 14:41:13 Entrée dans ActionClub.php
07/02/2015 14:41:42 Entrée dans ActionClub.php
07/02/2015 14:51:03 Entrée dans ActionAccueil.php
07/02/2015 14:51:51 Entrée dans ActionClub.php
07/02/2015 14:52:15 Entrée dans ActionJoueurs.php
07/02/2015 14:54:38 Entrée dans ActionAgenda.php
07/02/2015 14:54:39 Entrée dans ActionAgenda.php
07/02/2015 14:54:43 Entrée dans ActionEcoleDeFoot.php
07/02/2015 14:54:48 Entrée dans ActionJoueurs.php
07/02/2015 15:36:28 Entrée dans ActionAccueil.php
07/02/2015 15:37:14 Entrée dans ActionJoueurs.php
07/02/2015 15:41:21 Entrée dans ActionClub.php
07/02/2015 15:44:46 Entrée dans ActionEcoleDeFoot.php
07/02/2015 15:45:09 Entrée dans ActionEvenement.php
07/02/2015 15:45:20 Entrée dans ActionJoueurs.php
07/02/2015 15:54:19 Entrée dans ActionAccueil.php
07/02/2015 15:54:45 Entrée dans ActionJoueurs.php
07/02/2015 15:55:31 Entrée dans ActionEcoleDeFoot.php
07/02/2015 15:55:42 Entrée dans ActionJoueurs.php
07/02/2015 16:41:32 Entrée dans ActionAccueil.php
07/02/2015 16:41:40 Entrée dans ActionEcoleDeFoot.php
07/02/2015 16:42:02 Entrée dans ActionEcoleDeFoot.php
07/02/2015 16:42:07 Entrée dans ActionEcoleDeFoot.php
07/02/2015 16:42:21 Entrée dans ActionEcoleDeFoot.php
07/02/2015 16:42:50 Entrée dans ActionEcoleDeFoot.php
07/02/2015 16:43:13 Entrée dans ActionJoueurs.php
07/02/2015 16:43:43 Entrée dans ActionAgenda.php
07/02/2015 16:43:44 Entrée dans ActionAgenda.php
07/02/2015 16:43:47 Entrée dans ActionEvenement.php
07/02/2015 16:43:50 Entrée dans ActionSponsor.php
07/02/2015 16:48:33 Entrée dans ActionAccueil.php
07/02/2015 16:48:46 Entrée dans AfficherPopupArticle.php
07/02/2015 16:48:56 Entrée dans AfficherPopupArticle.php
07/02/2015 16:49:26 Entrée dans AfficherPopupArticle.php
07/02/2015 16:50:32 Entrée dans ActionAccueil.php
07/02/2015 16:50:35 Entrée dans ActionClub.php
07/02/2015 16:51:44 Entrée dans ActionEvenement.php
07/02/2015 16:52:00 Entrée dans ActionEcoleDeFoot.php
07/02/2015 16:52:29 Entrée dans ActionEcoleDeFoot.php
07/02/2015 16:52:33 Entrée dans ActionEcoleDeFoot.php
07/02/2015 16:52:37 Entrée dans ActionEcoleDeFoot.php
07/02/2015 16:52:56 Entrée dans ActionJoueurs.php
07/02/2015 16:54:12 Entrée dans ActionClub.php
07/02/2015 17:01:05 Entrée dans ActionAccueil.php
07/02/2015 17:01:34 Entrée dans AfficherPopupArticle.php
07/02/2015 17:13:09 Entrée dans ActionAccueil.php
07/02/2015 17:13:46 Entrée dans ActionLogin.php
07/02/2015 17:13:46 Authentification de bpigeot.
07/02/2015 17:13:46 Entrée dans ActionProfil.php
07/02/2015 17:15:25 Entrée dans ActionProfil.php
07/02/2015 17:18:32 Entrée dans ActionAccueil.php
07/02/2015 17:18:32 Entrée dans ActionAccueil.php
07/02/2015 17:18:49 Entrée dans AfficherPopupArticle.php
07/02/2015 17:18:53 Entrée dans AfficherPopupArticle.php
07/02/2015 17:18:58 Entrée dans ActionEvenement.php
07/02/2015 17:19:02 Entrée dans ActionSponsor.php
07/02/2015 17:19:32 Entrée dans ActionLogin.php
07/02/2015 17:19:32 Authentification de bpigeot.
07/02/2015 17:19:32 Entrée dans ActionProfil.php
07/02/2015 17:20:15 Entrée dans ActionArticle.php
07/02/2015 17:20:47 Entrée dans ActionMembre.php
07/02/2015 17:20:58 Entrée dans ActionRencontre.php
07/02/2015 17:21:01 Entrée dans GestionResultats.php
07/02/2015 17:21:08 Entrée dans ActionArticle.php
07/02/2015 17:21:09 Entrée dans ActionPartenaire.php
07/02/2015 17:21:18 Entrée dans ActionPartenaire.php
07/02/2015 17:21:31 Entrée dans ActionArticle.php
07/02/2015 17:21:33 Entrée dans ActionPartenaire.php
07/02/2015 17:21:35 Entrée dans ActionProfil.php
07/02/2015 17:23:11 Entrée dans ActionEvenement.php
07/02/2015 17:23:15 Entrée dans ActionEcoleDeFoot.php
07/02/2015 17:23:20 Entrée dans ActionJoueurs.php
07/02/2015 17:23:25 Entrée dans ActionClub.php
07/02/2015 17:24:25 Entrée dans ActionLogin.php
07/02/2015 17:24:38 Entrée dans ActionSponsor.php
07/02/2015 17:24:40 Entrée dans ActionEvenement.php
07/02/2015 17:24:42 Entrée dans ActionAgenda.php
07/02/2015 17:24:43 Entrée dans ActionAgenda.php
07/02/2015 17:24:47 Entrée dans ActionJoueurs.php
07/02/2015 17:24:53 Entrée dans ActionAccueil.php
07/02/2015 17:24:54 Entrée dans ActionClub.php
07/02/2015 17:24:56 Entrée dans ActionClub.php
07/02/2015 17:26:02 Entrée dans ActionAccueil.php
07/02/2015 18:24:11 Entrée dans ActionAccueil.php
07/02/2015 18:38:53 Entrée dans ActionAccueil.php
07/02/2015 18:39:45 Entrée dans ActionClub.php
07/02/2015 18:39:51 Entrée dans ActionJoueurs.php
07/02/2015 18:42:49 Entrée dans ActionEvenement.php
07/02/2015 18:43:23 Entrée dans ActionAccueil.php
07/02/2015 19:13:28 Entrée dans ActionJoueurs.php
07/02/2015 20:02:38 Entrée dans ActionAccueil.php
07/02/2015 20:03:00 Entrée dans AfficherPopupArticle.php
07/02/2015 20:03:22 Entrée dans ActionJoueurs.php
07/02/2015 20:06:11 Entrée dans ActionClub.php
07/02/2015 20:06:38 Entrée dans ActionAccueil.php
07/02/2015 20:06:51 Entrée dans AfficherPopupArticle.php
07/02/2015 20:07:12 Entrée dans ActionAccueil.php
07/02/2015 20:23:17 Entrée dans ActionAccueil.php
07/02/2015 20:23:50 Entrée dans ActionAccueil.php
07/02/2015 20:23:52 Entrée dans ActionClub.php
07/02/2015 20:23:58 Entrée dans ActionJoueurs.php
07/02/2015 20:24:14 Entrée dans ActionEcoleDeFoot.php
07/02/2015 20:24:17 Entrée dans ActionAgenda.php
07/02/2015 20:24:18 Entrée dans ActionAgenda.php
07/02/2015 20:24:54 Entrée dans ActionJoueurs.php
07/02/2015 20:26:10 Entrée dans ActionAccueil.php
07/02/2015 20:32:47 Entrée dans ActionEcoleDeFoot.php
07/02/2015 20:33:06 Entrée dans ActionEcoleDeFoot.php
07/02/2015 20:34:16 Entrée dans ActionEcoleDeFoot.php
07/02/2015 20:34:19 Entrée dans ActionEcoleDeFoot.php
07/02/2015 20:35:05 Entrée dans ActionEcoleDeFoot.php
07/02/2015 20:36:35 Entrée dans ActionEcoleDeFoot.php
07/02/2015 21:21:25 Entrée dans ActionJoueurs.php
07/02/2015 21:23:05 Entrée dans ActionAccueil.php
07/02/2015 21:24:05 Entrée dans AfficherPopupArticle.php
07/02/2015 22:00:30 Entrée dans ActionClub.php
07/02/2015 22:02:19 Entrée dans ActionEcoleDeFoot.php
07/02/2015 22:02:26 Entrée dans ActionEcoleDeFoot.php
07/02/2015 22:02:40 Entrée dans ActionEcoleDeFoot.php
07/02/2015 22:02:55 Entrée dans ActionEcoleDeFoot.php
07/02/2015 22:03:30 Entrée dans ActionEcoleDeFoot.php
07/02/2015 22:04:01 Entrée dans ActionEvenement.php
07/02/2015 22:04:06 Entrée dans ActionSponsor.php
07/02/2015 22:08:38 Entrée dans ActionJoueurs.php
07/02/2015 22:10:16 Entrée dans ActionJoueurs.php
07/02/2015 22:10:43 Entrée dans ActionJoueurs.php
07/02/2015 22:27:22 Entrée dans ActionAccueil.php
07/02/2015 22:27:47 Entrée dans ActionJoueurs.php
07/02/2015 23:06:10 Entrée dans ActionAccueil.php
07/02/2015 23:06:34 Entrée dans AfficherPopupArticle.php
07/02/2015 23:06:43 Entrée dans ActionJoueurs.php
07/02/2015 23:07:01 Entrée dans ActionJoueurs.php
07/02/2015 23:07:16 Entrée dans ActionJoueurs.php
07/02/2015 23:15:56 Entrée dans ActionAccueil.php
07/02/2015 23:17:02 Entrée dans AfficherPopupArticle.php
07/02/2015 23:17:52 Entrée dans AfficherPopupArticle.php
07/02/2015 23:18:01 Entrée dans AfficherPopupArticle.php
07/02/2015 23:18:12 Entrée dans AfficherPopupArticle.php
07/02/2015 23:18:52 Entrée dans ActionClub.php
07/02/2015 23:22:46 Entrée dans ActionJoueurs.php
07/02/2015 23:23:19 Entrée dans ActionAgenda.php
07/02/2015 23:23:19 Entrée dans ActionAgenda.php
07/02/2015 23:23:22 Entrée dans ActionEvenement.php
07/02/2015 23:24:08 Entrée dans ActionSponsor.php
07/02/2015 23:43:13 Entrée dans ActionAccueil.php
07/02/2015 23:43:18 Entrée dans ActionClub.php
07/02/2015 23:43:21 Entrée dans ActionJoueurs.php
07/02/2015 23:43:27 Entrée dans ActionEcoleDeFoot.php
07/02/2015 23:43:35 Entrée dans ActionEcoleDeFoot.php
07/02/2015 23:43:40 Entrée dans ActionAgenda.php
07/02/2015 23:43:41 Entrée dans ActionAgenda.php
07/02/2015 23:43:46 Entrée dans ActionAgenda.php
07/02/2015 23:44:06 Entrée dans ActionEvenement.php
07/02/2015 23:44:10 Entrée dans ActionSponsor.php
08/02/2015 00:40:20 Entrée dans ActionAccueil.php
08/02/2015 06:48:32 Entrée dans ActionAccueil.php
08/02/2015 06:48:55 Entrée dans AfficherPopupArticle.php
08/02/2015 06:49:01 Entrée dans AfficherPopupArticle.php
08/02/2015 06:49:23 Entrée dans AfficherPopupArticle.php
08/02/2015 06:49:28 Entrée dans ActionJoueurs.php
08/02/2015 09:40:43 Entrée dans ActionAccueil.php
08/02/2015 16:27:37 Entrée dans ActionAccueil.php
08/02/2015 16:53:14 Entrée dans ActionAccueil.php
08/02/2015 16:53:22 Entrée dans ActionJoueurs.php
08/02/2015 18:13:49 Entrée dans ActionJoueurs.php
08/02/2015 19:20:42 Entrée dans ActionAccueil.php
08/02/2015 22:01:33 Entrée dans ActionJoueurs.php
08/02/2015 23:07:37 Entrée dans ActionAccueil.php
08/02/2015 23:08:25 Entrée dans ActionAgenda.php
08/02/2015 23:08:26 Entrée dans ActionAgenda.php
08/02/2015 23:08:31 Entrée dans ActionAgenda.php
08/02/2015 23:08:32 Entrée dans ActionAgenda.php
08/02/2015 23:08:33 Entrée dans ActionEvenement.php
08/02/2015 23:08:36 Entrée dans ActionEcoleDeFoot.php
08/02/2015 23:08:47 Entrée dans ActionEcoleDeFoot.php
08/02/2015 23:08:52 Entrée dans ActionEcoleDeFoot.php
08/02/2015 23:09:19 Entrée dans ActionEcoleDeFoot.php
08/02/2015 23:09:51 Entrée dans ActionEcoleDeFoot.php
08/02/2015 23:10:06 Entrée dans ActionEcoleDeFoot.php
08/02/2015 23:11:00 Entrée dans ActionEcoleDeFoot.php
08/02/2015 23:11:03 Entrée dans ActionEcoleDeFoot.php
08/02/2015 23:11:06 Entrée dans ActionEcoleDeFoot.php
08/02/2015 23:11:09 Entrée dans ActionEcoleDeFoot.php
08/02/2015 23:11:12 Entrée dans ActionEcoleDeFoot.php
08/02/2015 23:11:17 Entrée dans ActionEcoleDeFoot.php
08/02/2015 23:11:21 Entrée dans ActionEcoleDeFoot.php
08/02/2015 23:11:52 Entrée dans ActionJoueurs.php
08/02/2015 23:17:29 Entrée dans ActionAccueil.php
08/02/2015 23:17:38 Entrée dans AfficherPopupArticle.php
08/02/2015 23:17:53 Entrée dans AfficherPopupArticle.php
08/02/2015 23:18:01 Entrée dans AfficherPopupArticle.php
08/02/2015 23:18:16 Entrée dans AfficherPopupArticle.php
08/02/2015 23:18:53 Entrée dans ActionEcoleDeFoot.php
08/02/2015 23:19:07 Entrée dans ActionEcoleDeFoot.php
08/02/2015 23:19:31 Entrée dans ActionEcoleDeFoot.php
08/02/2015 23:19:41 Entrée dans ActionEcoleDeFoot.php
08/02/2015 23:20:07 Entrée dans ActionAccueil.php
08/02/2015 23:20:19 Entrée dans ActionSponsor.php
08/02/2015 23:20:26 Entrée dans ActionEvenement.php
08/02/2015 23:21:14 Entrée dans ActionEvenement.php
08/02/2015 23:31:59 Entrée dans ActionAccueil.php
08/02/2015 23:32:27 Entrée dans ActionJoueurs.php
08/02/2015 23:58:23 Entrée dans ActionAccueil.php
08/02/2015 23:58:43 Entrée dans AfficherPopupArticle.php
09/02/2015 00:00:05 Entrée dans ActionAccueil.php
09/02/2015 03:03:02 Entrée dans ActionAccueil.php
09/02/2015 04:12:18 Entrée dans ActionAccueil.php
09/02/2015 04:12:21 Entrée dans ActionAccueil.php
09/02/2015 04:12:22 Entrée dans ActionAccueil.php
09/02/2015 04:14:15 Entrée dans ActionClub.php
09/02/2015 04:14:15 Entrée dans ActionEcoleDeFoot.php
09/02/2015 04:19:14 Entrée dans ActionEvenement.php
09/02/2015 04:19:14 Entrée dans ActionAgenda.php
09/02/2015 05:04:24 Entrée dans ActionJoueurs.php
09/02/2015 05:20:13 Entrée dans ActionSponsor.php
09/02/2015 05:20:38 Entrée dans ActionSponsor.php
09/02/2015 09:47:10 Entrée dans ActionAccueil.php
09/02/2015 09:47:26 Entrée dans ActionEcoleDeFoot.php
09/02/2015 09:47:31 Entrée dans ActionEcoleDeFoot.php
09/02/2015 09:48:18 Entrée dans ActionEcoleDeFoot.php
09/02/2015 09:48:24 Entrée dans ActionEcoleDeFoot.php
09/02/2015 09:48:29 Entrée dans ActionEcoleDeFoot.php
09/02/2015 09:48:36 Entrée dans ActionEcoleDeFoot.php
09/02/2015 09:49:21 Entrée dans ActionEcoleDeFoot.php
09/02/2015 09:49:28 Entrée dans ActionEcoleDeFoot.php
09/02/2015 09:49:34 Entrée dans ActionAccueil.php
09/02/2015 09:49:50 Entrée dans ActionAgenda.php
09/02/2015 09:49:51 Entrée dans ActionAgenda.php
09/02/2015 09:49:54 Entrée dans ActionEvenement.php
09/02/2015 09:49:59 Entrée dans ActionAccueil.php
09/02/2015 09:50:16 Entrée dans AfficherPopupArticle.php
09/02/2015 09:50:23 Entrée dans AfficherPopupArticle.php
09/02/2015 09:50:39 Entrée dans ActionClub.php
09/02/2015 09:51:13 Entrée dans ActionEcoleDeFoot.php
09/02/2015 09:51:19 Entrée dans ActionEcoleDeFoot.php
09/02/2015 10:49:23 Entrée dans ActionAccueil.php
09/02/2015 10:49:30 Entrée dans ActionAccueil.php
09/02/2015 10:49:44 Entrée dans ActionAccueil.php
09/02/2015 10:51:16 Entrée dans ActionAccueil.php
09/02/2015 10:55:59 Entrée dans ActionEcoleDeFoot.php
09/02/2015 10:56:04 Entrée dans ActionEcoleDeFoot.php
09/02/2015 10:58:08 Entrée dans ActionAccueil.php
09/02/2015 10:58:09 Entrée dans ActionJoueurs.php
09/02/2015 10:58:12 Entrée dans ActionEcoleDeFoot.php
09/02/2015 10:58:13 Entrée dans ActionAgenda.php
09/02/2015 10:58:14 Entrée dans ActionAgenda.php
09/02/2015 10:59:16 Entrée dans ActionAccueil.php
09/02/2015 10:59:34 Entrée dans ActionAccueil.php
09/02/2015 11:16:26 Entrée dans ActionAccueil.php
09/02/2015 11:16:33 Entrée dans AfficherPopupArticle.php
09/02/2015 11:17:41 Entrée dans ActionEcoleDeFoot.php
09/02/2015 11:18:13 Entrée dans ActionEcoleDeFoot.php
09/02/2015 11:18:28 Entrée dans ActionEcoleDeFoot.php
09/02/2015 11:19:20 Entrée dans ActionEcoleDeFoot.php
09/02/2015 11:20:18 Entrée dans ActionAccueil.php
09/02/2015 11:20:43 Entrée dans ActionEcoleDeFoot.php
09/02/2015 11:21:43 Entrée dans ActionJoueurs.php
09/02/2015 11:25:31 Entrée dans ActionSponsor.php
09/02/2015 11:32:43 Entrée dans ActionJoueurs.php
09/02/2015 11:32:45 Entrée dans ActionJoueurs.php
09/02/2015 11:33:11 Entrée dans ActionAgenda.php
09/02/2015 11:33:12 Entrée dans ActionAgenda.php
09/02/2015 11:33:25 Entrée dans ActionClub.php
09/02/2015 14:03:13 Entrée dans ActionAccueil.php
09/02/2015 14:03:20 Entrée dans ActionJoueurs.php
09/02/2015 14:04:57 Entrée dans ActionClub.php
09/02/2015 14:10:56 Entrée dans ActionAccueil.php
09/02/2015 14:11:00 Entrée dans AfficherPopupArticle.php
09/02/2015 14:13:36 Entrée dans ActionLogin.php
09/02/2015 14:13:36 Authentification de tsutter.
09/02/2015 14:13:36 Entrée dans ActionProfil.php
09/02/2015 14:13:40 Entrée dans ActionArticle.php
09/02/2015 14:13:50 Entrée dans RechercherArticle.php
09/02/2015 14:14:34 Entrée dans ActionArticle.php
09/02/2015 14:14:34 Entrée dans ActionAccueil.php
09/02/2015 14:14:40 Entrée dans ActionAccueil.php
09/02/2015 14:15:05 Entrée dans AfficherPopupArticle.php
09/02/2015 14:15:16 Entrée dans AfficherPopupArticle.php
09/02/2015 14:16:09 Entrée dans AfficherPopupArticle.php
09/02/2015 15:03:02 Entrée dans ActionAccueil.php
09/02/2015 15:05:15 Entrée dans ActionAccueil.php
09/02/2015 15:25:14 Entrée dans ActionAccueil.php
09/02/2015 15:31:23 Entrée dans ActionAccueil.php
09/02/2015 15:34:16 Entrée dans ActionAccueil.php
09/02/2015 15:34:47 Entrée dans ActionLogin.php
09/02/2015 15:34:47 Authentification de epetot.
09/02/2015 15:34:47 Entrée dans ActionProfil.php
09/02/2015 15:34:52 Entrée dans ActionArticle.php
09/02/2015 15:39:44 Entrée dans ActionArticle.php
09/02/2015 15:40:01 Entrée dans ActionAccueil.php
09/02/2015 15:40:02 Entrée dans RechercherArticle.php
09/02/2015 15:40:05 Entrée dans ActionAccueil.php
09/02/2015 15:40:09 Entrée dans ActionArticle.php
09/02/2015 15:40:15 Entrée dans ActionAccueil.php
09/02/2015 15:40:57 Entrée dans ActionEvenement.php
09/02/2015 15:41:04 Entrée dans ActionAccueil.php
09/02/2015 15:41:06 Entrée dans ActionEvenement.php
09/02/2015 15:41:11 Entrée dans ActionAgenda.php
09/02/2015 15:41:12 Entrée dans ActionAgenda.php
09/02/2015 15:41:13 Entrée dans ActionAccueil.php
09/02/2015 15:41:32 Entrée dans ActionProfil.php
09/02/2015 15:41:35 Entrée dans ActionArticle.php
09/02/2015 15:41:39 Entrée dans RechercherArticle.php
09/02/2015 15:41:59 Entrée dans ActionArticle.php
09/02/2015 15:42:02 Entrée dans ActionAccueil.php
09/02/2015 15:42:27 Entrée dans AfficherPopupArticle.php
09/02/2015 15:43:12 Entrée dans AfficherPopupArticle.php
09/02/2015 15:44:07 Entrée dans ActionEcoleDeFoot.php
09/02/2015 15:44:09 Entrée dans ActionEcoleDeFoot.php
09/02/2015 15:44:14 Entrée dans ActionEcoleDeFoot.php
09/02/2015 15:44:16 Entrée dans ActionEcoleDeFoot.php
09/02/2015 15:44:39 Entrée dans ActionLogin.php
09/02/2015 15:44:39 Authentification de tsutter.
09/02/2015 15:44:39 Entrée dans ActionProfil.php
09/02/2015 15:44:39 Entrée dans ActionAccueil.php
09/02/2015 15:44:41 Entrée dans GestionResultats.php
09/02/2015 15:44:47 Entrée dans GestionResultats.php
09/02/2015 15:44:55 Entrée dans ActionAccueil.php
09/02/2015 15:45:45 Entrée dans AfficherPopupArticle.php
09/02/2015 16:01:57 Entrée dans ActionAccueil.php
09/02/2015 16:02:01 Entrée dans ActionClub.php
09/02/2015 16:02:03 Entrée dans ActionJoueurs.php
09/02/2015 16:02:05 Entrée dans ActionEcoleDeFoot.php
09/02/2015 16:02:07 Entrée dans ActionAgenda.php
09/02/2015 16:02:10 Entrée dans ActionEvenement.php
09/02/2015 16:02:12 Entrée dans ActionSponsor.php
09/02/2015 16:26:22 Entrée dans ActionAccueil.php
09/02/2015 16:31:48 Entrée dans ActionAccueil.php
09/02/2015 16:31:51 Entrée dans AfficherPopupArticle.php
09/02/2015 16:33:24 Entrée dans ActionAgenda.php
09/02/2015 16:33:27 Entrée dans ActionClub.php
09/02/2015 16:33:30 Entrée dans ActionEcoleDeFoot.php
09/02/2015 16:33:33 Entrée dans ActionAccueil.php
09/02/2015 16:33:33 Entrée dans ActionEvenement.php
09/02/2015 16:33:35 Entrée dans AfficherPopupArticle.php
09/02/2015 16:33:36 Entrée dans ActionJoueurs.php
09/02/2015 16:33:39 Entrée dans ActionSponsor.php
09/02/2015 16:33:43 Entrée dans AfficherPopupArticle.php
09/02/2015 16:34:42 Entrée dans ActionAccueil.php
09/02/2015 16:34:46 Entrée dans AfficherPopupArticle.php
09/02/2015 16:34:47 Entrée dans AfficherPopupArticle.php
09/02/2015 16:36:40 Entrée dans ActionEvenement.php
09/02/2015 16:38:48 Entrée dans ActionEvenement.php
09/02/2015 16:39:26 Entrée dans ActionSponsor.php
09/02/2015 16:39:31 Entrée dans ActionAgenda.php
09/02/2015 16:39:32 Entrée dans ActionAgenda.php
09/02/2015 16:39:37 Entrée dans ActionAgenda.php
09/02/2015 16:39:45 Entrée dans ActionClub.php
09/02/2015 16:55:33 Entrée dans ActionAccueil.php
09/02/2015 17:16:26 Entrée dans ActionAccueil.php
09/02/2015 17:16:55 Entrée dans ActionAccueil.php
09/02/2015 17:17:00 Entrée dans ActionEvenement.php
09/02/2015 17:17:02 Entrée dans ActionJoueurs.php
09/02/2015 17:17:03 Entrée dans ActionClub.php
09/02/2015 17:29:17 Entrée dans ActionAccueil.php
09/02/2015 17:29:19 Entrée dans ActionClub.php
09/02/2015 17:35:42 Entrée dans ActionAccueil.php
09/02/2015 17:36:01 Entrée dans ActionClub.php
09/02/2015 17:36:13 Entrée dans ActionJoueurs.php
09/02/2015 17:40:59 Entrée dans ActionAccueil.php
09/02/2015 17:44:17 Entrée dans ActionAccueil.php
09/02/2015 17:44:32 Entrée dans AfficherPopupArticle.php
09/02/2015 17:48:28 Entrée dans ActionJoueurs.php
09/02/2015 17:48:54 Entrée dans ActionSponsor.php
09/02/2015 17:49:08 Entrée dans ActionEvenement.php
09/02/2015 17:49:14 Entrée dans ActionAgenda.php
09/02/2015 17:49:15 Entrée dans ActionAgenda.php
09/02/2015 17:49:29 Entrée dans ActionAgenda.php
09/02/2015 17:49:34 Entrée dans ActionAgenda.php
09/02/2015 17:49:35 Entrée dans ActionAgenda.php
09/02/2015 17:49:37 Entrée dans ActionClub.php
09/02/2015 17:56:42 Entrée dans ActionAccueil.php
09/02/2015 17:56:43 Entrée dans ActionClub.php
09/02/2015 18:00:36 Entrée dans ActionAccueil.php
09/02/2015 19:16:19 Entrée dans ActionAccueil.php
09/02/2015 19:16:55 Entrée dans ActionJoueurs.php
09/02/2015 19:51:42 Entrée dans ActionAccueil.php
09/02/2015 19:51:48 Entrée dans ActionClub.php
09/02/2015 19:55:02 Entrée dans ActionAccueil.php
09/02/2015 19:57:19 Entrée dans ActionAccueil.php
09/02/2015 19:57:28 Entrée dans AfficherPopupArticle.php
09/02/2015 19:58:23 Entrée dans AfficherPopupArticle.php
09/02/2015 20:13:47 Entrée dans ActionJoueurs.php
09/02/2015 20:14:12 Entrée dans ActionAgenda.php
09/02/2015 20:14:13 Entrée dans ActionAgenda.php
09/02/2015 20:14:16 Entrée dans ActionEvenement.php
09/02/2015 20:14:21 Entrée dans ActionSponsor.php
09/02/2015 20:14:29 Entrée dans ActionAccueil.php
09/02/2015 21:13:50 Entrée dans ActionAccueil.php
09/02/2015 21:14:20 Entrée dans ActionJoueurs.php
09/02/2015 21:14:45 Entrée dans ActionEcoleDeFoot.php
09/02/2015 21:45:52 Entrée dans ActionJoueurs.php
09/02/2015 23:03:58 Entrée dans ActionAccueil.php
09/02/2015 23:05:09 Entrée dans AfficherPopupArticle.php
09/02/2015 23:05:14 Entrée dans AfficherPopupArticle.php
09/02/2015 23:05:23 Entrée dans AfficherPopupArticle.php
10/02/2015 02:05:59 Entrée dans ActionAccueil.php
10/02/2015 05:32:59 Entrée dans ActionAccueil.php
10/02/2015 05:33:05 Entrée dans ActionClub.php
10/02/2015 10:07:48 Entrée dans ActionAccueil.php
10/02/2015 10:38:28 Entrée dans ActionAccueil.php
10/02/2015 10:40:11 Entrée dans ActionJoueurs.php
10/02/2015 10:40:55 Entrée dans ActionEcoleDeFoot.php
10/02/2015 10:42:05 Entrée dans ActionEcoleDeFoot.php
10/02/2015 10:42:45 Entrée dans ActionEcoleDeFoot.php
10/02/2015 10:44:06 Entrée dans ActionEvenement.php
10/02/2015 10:44:48 Entrée dans ActionClub.php
10/02/2015 12:03:42 Entrée dans ActionAccueil.php
10/02/2015 12:03:57 Entrée dans ActionJoueurs.php
10/02/2015 12:04:08 Entrée dans ActionEcoleDeFoot.php
10/02/2015 13:14:22 Entrée dans ActionAccueil.php
10/02/2015 13:15:19 Entrée dans ActionEcoleDeFoot.php
10/02/2015 13:15:36 Entrée dans ActionEcoleDeFoot.php
10/02/2015 19:06:19 Entrée dans ActionAccueil.php
10/02/2015 22:53:48 Entrée dans ActionAccueil.php
10/02/2015 22:54:33 Entrée dans AfficherPopupArticle.php
10/02/2015 22:54:41 Entrée dans ActionJoueurs.php
10/02/2015 22:56:09 Entrée dans ActionAccueil.php
10/02/2015 22:56:20 Entrée dans ActionEvenement.php
10/02/2015 22:56:23 Entrée dans ActionAgenda.php
10/02/2015 22:56:24 Entrée dans ActionAgenda.php
10/02/2015 22:56:27 Entrée dans ActionClub.php
10/02/2015 22:56:41 Entrée dans ActionJoueurs.php
10/02/2015 22:57:15 Entrée dans ActionAccueil.php
10/02/2015 22:57:18 Entrée dans ActionJoueurs.php
10/02/2015 23:29:48 Entrée dans ActionAccueil.php
11/02/2015 08:45:46 Entrée dans ActionAccueil.php
11/02/2015 08:46:27 Entrée dans ActionJoueurs.php
11/02/2015 11:17:22 Entrée dans ActionAccueil.php
11/02/2015 11:33:24 Entrée dans ActionAccueil.php
11/02/2015 15:07:58 Entrée dans ActionAccueil.php
11/02/2015 15:08:04 Entrée dans ActionJoueurs.php
11/02/2015 15:09:06 Entrée dans ActionAgenda.php
11/02/2015 15:09:06 Entrée dans ActionAgenda.php
11/02/2015 15:09:09 Entrée dans ActionClub.php
11/02/2015 15:09:59 Entrée dans ActionJoueurs.php
11/02/2015 15:12:38 Entrée dans ActionAccueil.php
11/02/2015 15:13:01 Entrée dans AfficherPopupArticle.php
11/02/2015 21:34:31 Entrée dans ActionAccueil.php
11/02/2015 21:34:52 Entrée dans AfficherPopupArticle.php
11/02/2015 21:36:27 Entrée dans ActionAccueil.php
11/02/2015 22:37:23 Entrée dans ActionAccueil.php
11/02/2015 22:37:30 Entrée dans ActionJoueurs.php
11/02/2015 22:55:12 Entrée dans ActionAccueil.php
11/02/2015 22:55:17 Entrée dans AfficherPopupArticle.php
11/02/2015 22:55:34 Entrée dans AfficherPopupArticle.php
11/02/2015 22:55:43 Entrée dans AfficherPopupArticle.php
11/02/2015 22:55:49 Entrée dans ActionJoueurs.php
11/02/2015 22:55:56 Entrée dans ActionAccueil.php
11/02/2015 22:56:10 Entrée dans AfficherPopupArticle.php
11/02/2015 22:56:25 Entrée dans AfficherPopupArticle.php
11/02/2015 22:56:44 Entrée dans ActionAgenda.php
11/02/2015 22:56:45 Entrée dans ActionAgenda.php
11/02/2015 22:56:48 Entrée dans ActionEcoleDeFoot.php
11/02/2015 22:57:09 Entrée dans ActionEcoleDeFoot.php
11/02/2015 22:57:14 Entrée dans ActionAgenda.php
12/02/2015 02:23:10 Entrée dans ActionClub.php
12/02/2015 04:00:47 Entrée dans ActionAgenda.php
12/02/2015 04:17:32 Entrée dans ActionSponsor.php
12/02/2015 04:23:36 Entrée dans ActionAgenda.php
12/02/2015 10:20:16 Entrée dans ActionJoueurs.php
12/02/2015 10:43:36 Entrée dans ActionAccueil.php
12/02/2015 10:44:13 Entrée dans ActionEvenement.php
12/02/2015 10:45:26 Entrée dans ActionEcoleDeFoot.php
12/02/2015 10:45:30 Entrée dans ActionEcoleDeFoot.php
12/02/2015 11:14:15 Entrée dans ActionAccueil.php
12/02/2015 11:14:50 Entrée dans ActionAccueil.php
12/02/2015 11:22:42 Entrée dans ActionAccueil.php
12/02/2015 11:22:45 Entrée dans AfficherPopupArticle.php
12/02/2015 11:25:12 Entrée dans ActionAgenda.php
12/02/2015 11:55:02 Entrée dans ActionAccueil.php
12/02/2015 12:13:50 Entrée dans ActionEvenement.php
12/02/2015 13:56:59 Entrée dans ActionJoueurs.php
12/02/2015 16:03:19 Entrée dans ActionEvenement.php
12/02/2015 16:33:18 Entrée dans ActionAccueil.php
12/02/2015 16:33:35 Entrée dans ActionAgenda.php
12/02/2015 16:33:44 Entrée dans ActionClub.php
12/02/2015 16:34:00 Entrée dans ActionEcoleDeFoot.php
12/02/2015 16:34:16 Entrée dans ActionEvenement.php
12/02/2015 16:34:28 Entrée dans ActionJoueurs.php
12/02/2015 16:34:42 Entrée dans ActionSponsor.php
12/02/2015 18:32:45 Entrée dans ActionAccueil.php
12/02/2015 18:44:30 Entrée dans ActionAccueil.php
12/02/2015 18:45:23 Entrée dans ActionAccueil.php
12/02/2015 18:48:04 Entrée dans ActionJoueurs.php
12/02/2015 19:42:46 Entrée dans ActionAccueil.php
12/02/2015 19:43:10 Entrée dans AfficherPopupArticle.php
12/02/2015 20:01:32 Entrée dans ActionClub.php
12/02/2015 21:24:15 Entrée dans ActionEcoleDeFoot.php
12/02/2015 22:52:05 Entrée dans ActionAccueil.php
12/02/2015 23:14:39 Entrée dans ActionEcoleDeFoot.php
13/02/2015 10:19:57 Entrée dans ActionEvenement.php
13/02/2015 12:53:53 Entrée dans ActionAccueil.php
13/02/2015 12:54:08 Entrée dans ActionEcoleDeFoot.php
13/02/2015 12:54:13 Entrée dans ActionEcoleDeFoot.php
13/02/2015 12:54:38 Entrée dans ActionClub.php
13/02/2015 12:55:52 Entrée dans ActionAccueil.php
13/02/2015 12:55:56 Entrée dans ActionJoueurs.php
13/02/2015 12:56:26 Entrée dans ActionClub.php
13/02/2015 12:56:41 Entrée dans ActionAccueil.php
13/02/2015 12:56:46 Entrée dans ActionJoueurs.php
13/02/2015 12:58:33 Entrée dans ActionAccueil.php
13/02/2015 12:58:54 Entrée dans AfficherPopupArticle.php
13/02/2015 12:58:59 Entrée dans AfficherPopupArticle.php
13/02/2015 12:59:27 Entrée dans ActionClub.php
13/02/2015 12:59:46 Entrée dans ActionEvenement.php
13/02/2015 12:59:48 Entrée dans ActionSponsor.php
13/02/2015 12:59:49 Entrée dans ActionEvenement.php
13/02/2015 12:59:51 Entrée dans ActionSponsor.php
13/02/2015 12:59:56 Entrée dans ActionAccueil.php
13/02/2015 12:59:57 Entrée dans ActionJoueurs.php
13/02/2015 14:27:34 Entrée dans ActionLogin.php
13/02/2015 14:27:34 Authentification de fgastrini.
13/02/2015 14:27:34 Entrée dans ActionProfil.php
13/02/2015 14:27:51 Entrée dans ActionAccueil.php
13/02/2015 20:37:35 Entrée dans ActionAccueil.php
13/02/2015 20:38:02 Entrée dans ActionAccueil.php
13/02/2015 20:38:06 Entrée dans ActionClub.php
13/02/2015 20:38:29 Entrée dans AfficherPopupArticle.php
13/02/2015 20:39:24 Entrée dans AfficherPopupArticle.php
13/02/2015 22:15:03 Entrée dans ActionAccueil.php
14/02/2015 00:42:04 Entrée dans ActionAccueil.php
14/02/2015 00:42:24 Entrée dans ActionJoueurs.php
14/02/2015 07:19:17 Entrée dans ActionAccueil.php
14/02/2015 07:19:31 Entrée dans AfficherPopupArticle.php
14/02/2015 09:12:50 Entrée dans ActionAccueil.php
14/02/2015 09:13:21 Entrée dans ActionJoueurs.php
14/02/2015 12:00:58 Entrée dans ActionAccueil.php
14/02/2015 12:01:56 Entrée dans AfficherPopupArticle.php
14/02/2015 12:04:53 Entrée dans ActionLogin.php
14/02/2015 12:18:00 Entrée dans ActionAccueil.php
14/02/2015 12:18:12 Entrée dans AfficherPopupArticle.php
14/02/2015 12:19:13 Entrée dans ActionLogin.php
14/02/2015 12:19:23 Entrée dans ActionLogin.php
14/02/2015 12:19:23 Authentification de bpigeot.
14/02/2015 12:19:24 Entrée dans ActionProfil.php
14/02/2015 12:20:25 Entrée dans ActionArticle.php
14/02/2015 12:20:29 Entrée dans ActionArticle.php
14/02/2015 12:20:34 Entrée dans ActionArticle.php
14/02/2015 12:20:47 Entrée dans GestionResultats.php
14/02/2015 12:20:51 Entrée dans ActionRencontre.php
14/02/2015 12:20:53 Entrée dans ActionMembre.php
14/02/2015 12:20:58 Entrée dans ActionEquipe.php
14/02/2015 12:21:02 Entrée dans RechercherEquipe.php
14/02/2015 12:21:06 Entrée dans ActionEquipe.php
14/02/2015 12:21:08 Entrée dans ActionAccueil.php
14/02/2015 12:21:12 Entrée dans AfficherPopupArticle.php
14/02/2015 12:21:35 Entrée dans AfficherPopupArticle.php
14/02/2015 12:21:42 Entrée dans AfficherPopupArticle.php
14/02/2015 12:21:49 Entrée dans AfficherPopupArticle.php
14/02/2015 12:22:09 Entrée dans ActionProfil.php
14/02/2015 12:22:20 Entrée dans ActionAccueil.php
14/02/2015 12:22:20 Entrée dans ActionAccueil.php
14/02/2015 12:22:25 Entrée dans ActionJoueurs.php
14/02/2015 18:06:35 Entrée dans ActionAccueil.php
14/02/2015 23:27:15 Entrée dans ActionAccueil.php
14/02/2015 23:27:35 Entrée dans AfficherPopupArticle.php
14/02/2015 23:28:20 Entrée dans AfficherPopupArticle.php
14/02/2015 23:29:23 Entrée dans ActionAccueil.php
14/02/2015 23:29:31 Entrée dans ActionClub.php
14/02/2015 23:31:11 Entrée dans ActionEcoleDeFoot.php
14/02/2015 23:31:29 Entrée dans ActionEcoleDeFoot.php
14/02/2015 23:32:46 Entrée dans ActionEcoleDeFoot.php
14/02/2015 23:32:48 Entrée dans ActionAgenda.php
14/02/2015 23:32:48 Entrée dans ActionAgenda.php
14/02/2015 23:32:53 Entrée dans ActionEvenement.php
14/02/2015 23:33:36 Entrée dans ActionSponsor.php
14/02/2015 23:33:42 Entrée dans ActionEvenement.php
14/02/2015 23:33:57 Entrée dans ActionAccueil.php
14/02/2015 23:33:57 Entrée dans ActionAccueil.php
14/02/2015 23:34:33 Entrée dans AfficherPopupArticle.php
15/02/2015 08:56:45 Entrée dans ActionAccueil.php
15/02/2015 08:56:51 Entrée dans ActionJoueurs.php
15/02/2015 09:48:30 Entrée dans ActionAccueil.php
15/02/2015 09:48:57 Entrée dans ActionAccueil.php
15/02/2015 11:21:40 Entrée dans ActionAccueil.php
15/02/2015 11:22:50 Entrée dans AfficherPopupArticle.php
15/02/2015 11:23:05 Entrée dans ActionAccueil.php
15/02/2015 11:23:28 Entrée dans ActionJoueurs.php
15/02/2015 11:24:10 Entrée dans ActionEvenement.php
15/02/2015 11:26:23 Entrée dans ActionClub.php
15/02/2015 11:27:44 Entrée dans ActionJoueurs.php
15/02/2015 12:22:26 Entrée dans ActionAccueil.php
15/02/2015 12:22:55 Entrée dans ActionJoueurs.php
15/02/2015 12:23:21 Entrée dans ActionAgenda.php
15/02/2015 12:23:23 Entrée dans ActionAgenda.php
15/02/2015 12:23:26 Entrée dans ActionAccueil.php
15/02/2015 12:23:40 Entrée dans ActionJoueurs.php
15/02/2015 12:24:22 Entrée dans ActionAccueil.php
15/02/2015 12:24:47 Entrée dans ActionJoueurs.php
15/02/2015 14:05:44 Entrée dans ActionAccueil.php
15/02/2015 14:05:54 Entrée dans ActionAccueil.php
15/02/2015 14:27:49 Entrée dans ActionAccueil.php
15/02/2015 15:56:54 Entrée dans ActionAgenda.php
15/02/2015 16:53:42 Entrée dans ActionAccueil.php
15/02/2015 16:53:55 Entrée dans ActionEcoleDeFoot.php
15/02/2015 16:54:09 Entrée dans ActionEcoleDeFoot.php
15/02/2015 16:54:24 Entrée dans ActionAccueil.php
15/02/2015 16:55:00 Entrée dans ActionClub.php
15/02/2015 16:56:47 Entrée dans ActionEcoleDeFoot.php
15/02/2015 16:56:53 Entrée dans ActionEcoleDeFoot.php
15/02/2015 16:58:32 Entrée dans ActionEcoleDeFoot.php
15/02/2015 16:58:45 Entrée dans ActionAgenda.php
15/02/2015 16:58:46 Entrée dans ActionAgenda.php
15/02/2015 16:59:05 Entrée dans ActionAgenda.php
15/02/2015 17:48:49 Entrée dans ActionAccueil.php
15/02/2015 19:17:35 Entrée dans ActionAccueil.php
15/02/2015 19:17:45 Entrée dans ActionClub.php
15/02/2015 19:18:03 Entrée dans ActionJoueurs.php
15/02/2015 19:22:10 Entrée dans ActionEvenement.php
15/02/2015 19:23:57 Entrée dans ActionJoueurs.php
15/02/2015 19:35:26 Entrée dans ActionAccueil.php
15/02/2015 19:35:37 Entrée dans AfficherPopupArticle.php
15/02/2015 19:36:02 Entrée dans AfficherPopupArticle.php
15/02/2015 19:36:44 Entrée dans AfficherPopupArticle.php
15/02/2015 22:06:03 Entrée dans ActionAccueil.php
16/02/2015 11:01:01 Entrée dans ActionAgenda.php
16/02/2015 11:01:03 Entrée dans ActionAgenda.php
16/02/2015 11:01:08 Entrée dans ActionEvenement.php
16/02/2015 11:26:59 Entrée dans ActionAccueil.php
16/02/2015 11:27:09 Entrée dans AfficherPopupArticle.php
16/02/2015 11:27:16 Entrée dans AfficherPopupArticle.php
16/02/2015 11:27:20 Entrée dans AfficherPopupArticle.php
16/02/2015 11:27:30 Entrée dans ActionLogin.php
16/02/2015 11:27:30 Authentification de tsutter.
16/02/2015 11:27:30 Entrée dans ActionProfil.php
16/02/2015 11:27:30 Entrée dans ActionAccueil.php
16/02/2015 11:27:34 Entrée dans ActionArticle.php
16/02/2015 11:27:37 Entrée dans RechercherArticle.php
16/02/2015 11:27:42 Entrée dans ActionArticle.php
16/02/2015 11:27:53 Entrée dans ActionUtilisateur.php
16/02/2015 11:28:12 Entrée dans ActionAccueil.php
16/02/2015 11:28:12 Entrée dans ActionAccueil.php
16/02/2015 12:56:58 Entrée dans ActionAccueil.php
16/02/2015 17:38:31 Entrée dans ActionAccueil.php
16/02/2015 17:38:33 Entrée dans AfficherPopupArticle.php
16/02/2015 17:38:38 Entrée dans ActionEvenement.php
16/02/2015 17:38:47 Entrée dans ActionJoueurs.php
16/02/2015 17:38:49 Entrée dans ActionEcoleDeFoot.php
16/02/2015 17:38:52 Entrée dans ActionClub.php
16/02/2015 17:44:42 Entrée dans ActionAccueil.php
16/02/2015 17:44:45 Entrée dans ActionSponsor.php
16/02/2015 17:44:50 Entrée dans ActionAgenda.php
16/02/2015 17:44:50 Entrée dans ActionAgenda.php
16/02/2015 17:45:01 Entrée dans ActionAgenda.php
16/02/2015 17:45:06 Entrée dans ActionEcoleDeFoot.php
16/02/2015 17:45:11 Entrée dans ActionEcoleDeFoot.php
16/02/2015 17:45:21 Entrée dans ActionClub.php
16/02/2015 17:45:22 Entrée dans ActionJoueurs.php
16/02/2015 20:05:37 Entrée dans ActionLogin.php
16/02/2015 20:05:37 Authentification de fgastrini.
16/02/2015 20:05:38 Entrée dans ActionProfil.php
16/02/2015 20:05:54 Entrée dans ActionAccueil.php
16/02/2015 20:06:13 Entrée dans AfficherPopupArticle.php
16/02/2015 20:07:51 Entrée dans ActionEcoleDeFoot.php
16/02/2015 20:08:19 Entrée dans ActionEcoleDeFoot.php
16/02/2015 20:08:48 Entrée dans ActionEcoleDeFoot.php
16/02/2015 20:09:34 Entrée dans ActionEvenement.php
16/02/2015 20:09:54 Entrée dans ActionAccueil.php
16/02/2015 20:09:58 Entrée dans ActionAccueil.php
16/02/2015 20:10:53 Entrée dans ActionEvenement.php
16/02/2015 20:11:16 Entrée dans ActionAccueil.php
16/02/2015 20:11:20 Entrée dans ActionClub.php
16/02/2015 20:11:26 Entrée dans ActionEcoleDeFoot.php
16/02/2015 20:11:29 Entrée dans ActionAccueil.php
16/02/2015 20:11:31 Entrée dans ActionClub.php
16/02/2015 20:11:52 Entrée dans ActionEcoleDeFoot.php
16/02/2015 20:12:55 Entrée dans ActionClub.php
16/02/2015 20:13:06 Entrée dans ActionAccueil.php
16/02/2015 20:13:53 Entrée dans ActionLogin.php
16/02/2015 20:14:09 Entrée dans ActionLogin.php
16/02/2015 20:14:26 Entrée dans ActionLogin.php
16/02/2015 20:14:26 Authentification de fgastrini.
16/02/2015 20:14:27 Entrée dans ActionProfil.php
16/02/2015 20:14:42 Entrée dans ActionAccueil.php
16/02/2015 20:16:53 Entrée dans ActionJoueurs.php
16/02/2015 20:17:35 Entrée dans ActionEcoleDeFoot.php
16/02/2015 20:17:44 Entrée dans ActionAgenda.php
16/02/2015 20:17:44 Entrée dans ActionAgenda.php
16/02/2015 20:17:46 Entrée dans ActionEcoleDeFoot.php
16/02/2015 20:17:49 Entrée dans ActionEcoleDeFoot.php
16/02/2015 20:18:29 Entrée dans ActionEcoleDeFoot.php
16/02/2015 20:18:39 Entrée dans ActionAgenda.php
16/02/2015 20:18:39 Entrée dans ActionAgenda.php
16/02/2015 20:18:50 Entrée dans ActionEvenement.php
16/02/2015 20:18:55 Entrée dans ActionSponsor.php
16/02/2015 20:39:18 Entrée dans ActionAccueil.php
16/02/2015 21:11:08 Entrée dans ActionAccueil.php
16/02/2015 21:11:44 Entrée dans ActionLogin.php
16/02/2015 21:11:44 Authentification de lsutter.
16/02/2015 21:11:44 Entrée dans ActionProfil.php
16/02/2015 21:11:54 Entrée dans ActionArticle.php
16/02/2015 21:12:01 Entrée dans ActionProfil.php
16/02/2015 21:12:06 Entrée dans ActionEquipe.php
16/02/2015 21:12:19 Entrée dans ActionRencontre.php
16/02/2015 21:12:28 Entrée dans ActionEquipe.php
16/02/2015 21:12:44 Entrée dans ActionEquipe.php
16/02/2015 21:12:45 Entrée dans ActionEquipe.php
16/02/2015 21:12:49 Entrée dans ActionEquipe.php
16/02/2015 21:13:00 Entrée dans ActionAccueil.php
16/02/2015 21:13:08 Entrée dans AfficherPopupArticle.php
16/02/2015 21:13:29 Entrée dans ActionEvenement.php
16/02/2015 21:13:30 Entrée dans ActionEvenement.php
16/02/2015 21:13:33 Entrée dans ActionEcoleDeFoot.php
16/02/2015 21:13:37 Entrée dans ActionEcoleDeFoot.php
16/02/2015 21:14:02 Entrée dans ActionProfil.php
16/02/2015 21:14:12 Entrée dans ActionRencontre.php
16/02/2015 21:14:28 Entrée dans ActionRencontre.php
16/02/2015 21:14:41 Entrée dans GestionResultats.php
16/02/2015 21:14:52 Entrée dans ActionArticle.php
16/02/2015 21:14:57 Entrée dans ActionAccueil.php
16/02/2015 21:14:57 Entrée dans ActionAccueil.php
16/02/2015 22:29:39 Entrée dans ActionAccueil.php
16/02/2015 22:49:21 Entrée dans ActionAccueil.php
16/02/2015 22:50:42 Entrée dans ActionEvenement.php
16/02/2015 22:50:49 Entrée dans ActionSponsor.php
16/02/2015 22:57:34 Entrée dans ActionLogin.php
16/02/2015 22:57:56 Entrée dans ActionLogin.php
16/02/2015 22:57:56 Authentification de fgastrini.
16/02/2015 22:57:56 Entrée dans ActionProfil.php
16/02/2015 22:58:07 Entrée dans ActionAccueil.php
16/02/2015 22:58:41 Entrée dans ActionLogin.php
16/02/2015 22:58:41 Authentification de fgastrini.
16/02/2015 22:58:41 Entrée dans ActionProfil.php
16/02/2015 22:58:57 Entrée dans ActionAccueil.php
16/02/2015 22:59:22 Entrée dans ActionLogin.php
16/02/2015 22:59:22 Authentification de fgastrini.
16/02/2015 22:59:22 Entrée dans ActionProfil.php
16/02/2015 22:59:26 Entrée dans ActionProfil.php
16/02/2015 22:59:26 Entrée dans ActionAccueil.php
16/02/2015 23:01:24 Entrée dans ActionAccueil.php
16/02/2015 23:01:40 Entrée dans ActionLogin.php
16/02/2015 23:01:40 Authentification de fgastrini.
16/02/2015 23:01:40 Entrée dans ActionProfil.php
16/02/2015 23:02:00 Entrée dans ActionProfil.php
16/02/2015 23:02:14 Entrée dans ActionProfil.php
16/02/2015 23:02:22 Entrée dans ActionArticle.php
16/02/2015 23:03:07 Entrée dans RechercherArticle.php
16/02/2015 23:03:21 Entrée dans ActionArticle.php
16/02/2015 23:03:37 Entrée dans ActionArticle.php
16/02/2015 23:03:57 Entrée dans ActionAccueil.php
16/02/2015 23:03:57 Entrée dans ActionAgenda.php
16/02/2015 23:03:58 Entrée dans ActionClub.php
16/02/2015 23:03:58 Entrée dans ActionEcoleDeFoot.php
16/02/2015 23:03:59 Entrée dans ActionEvenement.php
16/02/2015 23:03:59 Entrée dans ActionJoueurs.php
16/02/2015 23:03:59 Entrée dans ActionSponsor.php
16/02/2015 23:03:59 Entrée dans AfficherPopupArticle.php
16/02/2015 23:04:00 Entrée dans ActionAccueil.php
16/02/2015 23:04:00 Entrée dans RechercherArticle.php
16/02/2015 23:04:00 Entrée dans ActionAccueil.php
16/02/2015 23:04:02 Entrée dans ActionProfil.php
16/02/2015 23:04:02 Entrée dans ActionAccueil.php
16/02/2015 23:04:03 Entrée dans ActionLogin.php
16/02/2015 23:04:03 Entrée dans ActionProfil.php
16/02/2015 23:04:03 Entrée dans ActionAccueil.php
16/02/2015 23:04:04 Entrée dans ActionAccueil.php
16/02/2015 23:04:04 Entrée dans ActionAccueil.php
16/02/2015 23:05:05 Entrée dans ActionLogin.php
16/02/2015 23:05:06 Authentification de fgastrini.
16/02/2015 23:05:06 Entrée dans ActionProfil.php
16/02/2015 23:05:15 Entrée dans ActionArticle.php
16/02/2015 23:05:15 Entrée dans ActionAccueil.php
17/02/2015 03:43:26 Entrée dans ActionAccueil.php
17/02/2015 11:39:32 Entrée dans ActionAccueil.php
17/02/2015 11:39:52 Entrée dans ActionLogin.php
17/02/2015 11:39:52 Authentification de fgastrini.
17/02/2015 11:39:52 Entrée dans ActionProfil.php
17/02/2015 11:40:09 Entrée dans ActionArticle.php
17/02/2015 11:43:39 Entrée dans ActionAccueil.php
17/02/2015 11:43:39 Entrée dans ActionAccueil.php
17/02/2015 11:46:18 Entrée dans ActionAccueil.php
17/02/2015 11:46:53 Entrée dans AfficherPopupArticle.php
17/02/2015 11:47:07 Entrée dans AfficherPopupArticle.php
17/02/2015 15:39:55 Entrée dans ActionAccueil.php
17/02/2015 15:40:22 Entrée dans ActionLogin.php
17/02/2015 15:40:22 Authentification de fgastrini.
17/02/2015 15:40:23 Entrée dans ActionProfil.php
17/02/2015 15:40:30 Entrée dans ActionArticle.php
17/02/2015 15:40:43 Entrée dans ActionMembre.php
17/02/2015 15:41:02 Entrée dans ActionMembre.php
17/02/2015 15:41:05 Entrée dans ActionAccueil.php
17/02/2015 15:41:12 Entrée dans ActionEcoleDeFoot.php
17/02/2015 15:41:33 Entrée dans ActionEcoleDeFoot.php
17/02/2015 15:41:38 Entrée dans ActionEcoleDeFoot.php
17/02/2015 15:42:28 Entrée dans ActionAccueil.php
17/02/2015 15:42:36 Entrée dans ActionProfil.php
17/02/2015 15:42:41 Entrée dans ActionArticle.php
17/02/2015 15:42:45 Entrée dans ActionAccueil.php
17/02/2015 15:42:48 Entrée dans ActionProfil.php
17/02/2015 15:42:50 Entrée dans ActionArticle.php
17/02/2015 15:42:54 Entrée dans ActionAccueil.php
17/02/2015 18:27:01 Entrée dans ActionAccueil.php
17/02/2015 18:27:07 Entrée dans ActionClub.php
17/02/2015 21:25:43 Entrée dans ActionAccueil.php
17/02/2015 21:25:49 Entrée dans ActionJoueurs.php
17/02/2015 22:36:54 Entrée dans ActionAccueil.php
17/02/2015 22:38:03 Entrée dans AfficherPopupArticle.php
17/02/2015 22:38:40 Entrée dans ActionEvenement.php
18/02/2015 09:39:28 Entrée dans ActionAccueil.php
18/02/2015 09:39:53 Entrée dans ActionEvenement.php
18/02/2015 12:07:41 Entrée dans ActionAccueil.php
18/02/2015 12:08:03 Entrée dans ActionLogin.php
18/02/2015 12:08:03 Authentification de fgastrini.
18/02/2015 12:08:03 Entrée dans ActionProfil.php
18/02/2015 12:08:07 Entrée dans ActionArticle.php
18/02/2015 12:20:53 Entrée dans ActionArticle.php
18/02/2015 12:21:12 Entrée dans ActionAccueil.php
18/02/2015 12:21:49 Entrée dans AfficherPopupArticle.php
18/02/2015 12:22:33 Entrée dans AfficherPopupArticle.php
18/02/2015 12:22:50 Entrée dans AfficherPopupArticle.php
18/02/2015 12:22:55 Entrée dans AfficherPopupArticle.php
18/02/2015 12:23:25 Entrée dans ActionProfil.php
18/02/2015 12:23:33 Entrée dans ActionProfil.php
18/02/2015 12:23:37 Entrée dans ActionArticle.php
18/02/2015 12:23:55 Entrée dans RechercherArticle.php
18/02/2015 12:24:20 Entrée dans ActionArticle.php
18/02/2015 12:24:30 Entrée dans ActionArticle.php
18/02/2015 12:24:36 Entrée dans ActionRencontre.php
18/02/2015 12:24:51 Entrée dans ActionRencontre.php
18/02/2015 12:25:01 Entrée dans ActionEquipe.php
18/02/2015 12:25:25 Entrée dans ActionEquipe.php
18/02/2015 12:25:30 Entrée dans ActionMembre.php
18/02/2015 12:25:42 Entrée dans ActionMembre.php
18/02/2015 12:25:54 Entrée dans ActionProfil.php
18/02/2015 12:25:58 Entrée dans ActionAccueil.php
18/02/2015 12:25:58 Entrée dans ActionAccueil.php
18/02/2015 12:55:34 Entrée dans ActionAccueil.php
18/02/2015 12:55:47 Entrée dans ActionJoueurs.php
18/02/2015 13:07:46 Entrée dans ActionAccueil.php
18/02/2015 13:18:15 Entrée dans ActionEcoleDeFoot.php
18/02/2015 13:18:18 Entrée dans ActionAccueil.php
18/02/2015 13:18:38 Entrée dans AfficherPopupArticle.php
18/02/2015 16:26:58 Entrée dans ActionAccueil.php
18/02/2015 16:33:30 Entrée dans ActionAccueil.php
18/02/2015 16:34:18 Entrée dans AfficherPopupArticle.php
18/02/2015 17:11:50 Entrée dans ActionAccueil.php
18/02/2015 19:30:36 Entrée dans ActionAccueil.php
18/02/2015 19:31:34 Entrée dans AfficherPopupArticle.php
18/02/2015 19:31:54 Entrée dans AfficherPopupArticle.php
18/02/2015 19:32:42 Entrée dans AfficherPopupArticle.php
18/02/2015 19:33:40 Entrée dans ActionEcoleDeFoot.php
18/02/2015 19:34:46 Entrée dans ActionEcoleDeFoot.php
18/02/2015 19:34:49 Entrée dans ActionEcoleDeFoot.php
18/02/2015 19:35:18 Entrée dans ActionEcoleDeFoot.php
18/02/2015 19:36:25 Entrée dans ActionEcoleDeFoot.php
18/02/2015 19:37:16 Entrée dans ActionEcoleDeFoot.php
18/02/2015 19:37:44 Entrée dans ActionEvenement.php
18/02/2015 19:37:55 Entrée dans ActionAgenda.php
18/02/2015 19:37:56 Entrée dans ActionAgenda.php
18/02/2015 20:10:51 Entrée dans ActionAccueil.php
18/02/2015 20:11:50 Entrée dans AfficherPopupArticle.php
18/02/2015 20:12:34 Entrée dans ActionClub.php
18/02/2015 20:12:40 Entrée dans ActionJoueurs.php
18/02/2015 20:12:51 Entrée dans ActionEcoleDeFoot.php
18/02/2015 20:13:12 Entrée dans ActionAgenda.php
18/02/2015 20:13:12 Entrée dans ActionAgenda.php
18/02/2015 20:13:20 Entrée dans ActionEvenement.php
18/02/2015 20:29:43 Entrée dans ActionAccueil.php
18/02/2015 20:36:13 Entrée dans ActionAccueil.php
18/02/2015 20:36:50 Entrée dans AfficherPopupArticle.php
18/02/2015 20:37:13 Entrée dans AfficherPopupArticle.php
18/02/2015 20:37:43 Entrée dans AfficherPopupArticle.php
18/02/2015 20:38:40 Entrée dans ActionJoueurs.php
18/02/2015 20:40:58 Entrée dans ActionClub.php
18/02/2015 20:41:46 Entrée dans ActionAgenda.php
18/02/2015 20:41:47 Entrée dans ActionAgenda.php
18/02/2015 20:43:47 Entrée dans ActionClub.php
18/02/2015 21:37:45 Entrée dans ActionAccueil.php
18/02/2015 21:38:06 Entrée dans AfficherPopupArticle.php
18/02/2015 21:38:18 Entrée dans ActionAccueil.php
18/02/2015 21:38:22 Entrée dans AfficherPopupArticle.php
18/02/2015 21:38:50 Entrée dans AfficherPopupArticle.php
18/02/2015 21:39:35 Entrée dans ActionEcoleDeFoot.php
18/02/2015 21:39:50 Entrée dans AfficherPopupArticle.php
18/02/2015 21:39:51 Entrée dans ActionEcoleDeFoot.php
18/02/2015 21:39:59 Entrée dans ActionEcoleDeFoot.php
18/02/2015 21:40:20 Entrée dans ActionJoueurs.php
18/02/2015 21:40:34 Entrée dans ActionEcoleDeFoot.php
18/02/2015 21:40:36 Entrée dans ActionEcoleDeFoot.php
18/02/2015 21:40:37 Entrée dans ActionEcoleDeFoot.php
18/02/2015 21:40:53 Entrée dans ActionEcoleDeFoot.php
18/02/2015 21:40:54 Entrée dans ActionEvenement.php
18/02/2015 21:41:07 Entrée dans ActionClub.php
18/02/2015 21:41:25 Entrée dans ActionAccueil.php
18/02/2015 21:41:43 Entrée dans AfficherPopupArticle.php
18/02/2015 21:41:44 Entrée dans ActionEvenement.php
18/02/2015 21:41:53 Entrée dans ActionAgenda.php
18/02/2015 21:41:54 Entrée dans ActionAgenda.php
18/02/2015 21:42:02 Entrée dans ActionEcoleDeFoot.php
18/02/2015 21:42:13 Entrée dans ActionEcoleDeFoot.php
18/02/2015 21:42:17 Entrée dans ActionEcoleDeFoot.php
18/02/2015 21:42:17 Entrée dans AfficherPopupArticle.php
18/02/2015 21:42:19 Entrée dans ActionJoueurs.php
18/02/2015 21:42:38 Entrée dans ActionEcoleDeFoot.php
18/02/2015 21:42:40 Entrée dans ActionEcoleDeFoot.php
18/02/2015 21:42:44 Entrée dans ActionEcoleDeFoot.php
18/02/2015 21:42:48 Entrée dans ActionEcoleDeFoot.php
18/02/2015 21:42:52 Entrée dans ActionEcoleDeFoot.php
18/02/2015 21:42:54 Entrée dans ActionEcoleDeFoot.php
18/02/2015 21:42:58 Entrée dans ActionSponsor.php
18/02/2015 21:43:06 Entrée dans ActionAccueil.php
19/02/2015 02:42:37 Entrée dans ActionAccueil.php
19/02/2015 10:20:53 Entrée dans ActionAccueil.php
19/02/2015 10:21:10 Entrée dans ActionJoueurs.php
19/02/2015 10:24:51 Entrée dans ActionAccueil.php
19/02/2015 10:25:50 Entrée dans ActionJoueurs.php
19/02/2015 10:28:10 Entrée dans ActionAccueil.php
19/02/2015 10:28:31 Entrée dans ActionClub.php
19/02/2015 10:28:34 Entrée dans ActionJoueurs.php
19/02/2015 10:28:42 Entrée dans ActionJoueurs.php
19/02/2015 10:29:08 Entrée dans ActionClub.php
19/02/2015 11:19:14 Entrée dans ActionAccueil.php
19/02/2015 11:19:17 Entrée dans ActionJoueurs.php
19/02/2015 11:40:08 Entrée dans ActionAccueil.php
19/02/2015 11:40:51 Entrée dans ActionAgenda.php
19/02/2015 11:40:52 Entrée dans ActionAgenda.php
19/02/2015 11:45:18 Entrée dans ActionAccueil.php
19/02/2015 12:32:32 Entrée dans ActionAccueil.php
19/02/2015 12:32:38 Entrée dans ActionJoueurs.php
19/02/2015 12:33:37 Entrée dans ActionSponsor.php
19/02/2015 12:33:41 Entrée dans ActionEcoleDeFoot.php
19/02/2015 12:34:07 Entrée dans ActionEcoleDeFoot.php
19/02/2015 12:48:22 Entrée dans ActionAccueil.php
19/02/2015 12:48:49 Entrée dans ActionAccueil.php
19/02/2015 13:01:04 Entrée dans ActionAccueil.php
19/02/2015 13:01:27 Entrée dans ActionJoueurs.php
19/02/2015 13:05:34 Entrée dans ActionAccueil.php
19/02/2015 13:06:18 Entrée dans ActionAccueil.php
19/02/2015 13:06:56 Entrée dans ActionClub.php
19/02/2015 13:08:08 Entrée dans ActionClub.php
19/02/2015 14:27:20 Entrée dans ActionAccueil.php
19/02/2015 14:27:28 Entrée dans ActionJoueurs.php
19/02/2015 15:42:59 Entrée dans ActionAccueil.php
19/02/2015 16:17:22 Entrée dans ActionAccueil.php
19/02/2015 16:18:24 Entrée dans AfficherPopupArticle.php
19/02/2015 16:20:08 Entrée dans ActionJoueurs.php
19/02/2015 17:07:37 Entrée dans ActionAccueil.php
19/02/2015 17:07:59 Entrée dans ActionEcoleDeFoot.php
19/02/2015 17:08:03 Entrée dans ActionEcoleDeFoot.php
19/02/2015 17:08:05 Entrée dans ActionEcoleDeFoot.php
19/02/2015 17:08:20 Entrée dans ActionJoueurs.php
19/02/2015 17:08:37 Entrée dans ActionAccueil.php
19/02/2015 17:08:47 Entrée dans AfficherPopupArticle.php
19/02/2015 17:34:14 Entrée dans ActionAccueil.php
19/02/2015 17:37:10 Entrée dans ActionAccueil.php
19/02/2015 17:37:12 Entrée dans ActionClub.php
19/02/2015 17:37:58 Entrée dans ActionClub.php
19/02/2015 17:45:15 Entrée dans ActionJoueurs.php
19/02/2015 17:45:37 Entrée dans ActionAccueil.php
19/02/2015 17:46:09 Entrée dans ActionJoueurs.php
19/02/2015 18:05:24 Entrée dans ActionAccueil.php
19/02/2015 18:05:28 Entrée dans ActionJoueurs.php
19/02/2015 18:57:16 Entrée dans ActionAccueil.php
19/02/2015 18:57:31 Entrée dans ActionClub.php
19/02/2015 18:57:40 Entrée dans ActionAgenda.php
19/02/2015 18:57:50 Entrée dans ActionJoueurs.php
19/02/2015 18:57:56 Entrée dans ActionSponsor.php
19/02/2015 18:58:16 Entrée dans ActionEvenement.php
19/02/2015 18:58:25 Entrée dans ActionEcoleDeFoot.php
19/02/2015 18:59:52 Entrée dans ActionAccueil.php
19/02/2015 18:59:59 Entrée dans ActionClub.php
19/02/2015 19:00:08 Entrée dans ActionJoueurs.php
19/02/2015 20:18:34 Entrée dans ActionAccueil.php
19/02/2015 20:19:17 Entrée dans AfficherPopupArticle.php
19/02/2015 20:21:21 Entrée dans ActionAccueil.php
19/02/2015 20:21:27 Entrée dans ActionClub.php
19/02/2015 20:22:44 Entrée dans ActionEvenement.php
19/02/2015 20:23:57 Entrée dans ActionAgenda.php
19/02/2015 20:23:58 Entrée dans ActionAgenda.php
19/02/2015 20:24:07 Entrée dans ActionJoueurs.php
19/02/2015 20:25:01 Entrée dans ActionClub.php
19/02/2015 21:58:24 Entrée dans ActionAccueil.php
19/02/2015 21:58:55 Entrée dans AfficherPopupArticle.php
19/02/2015 21:59:36 Entrée dans AfficherPopupArticle.php
19/02/2015 21:59:50 Entrée dans ActionAccueil.php
19/02/2015 22:02:41 Entrée dans ActionEcoleDeFoot.php
19/02/2015 22:02:45 Entrée dans ActionEcoleDeFoot.php
19/02/2015 22:06:11 Entrée dans ActionEcoleDeFoot.php
19/02/2015 22:06:46 Entrée dans ActionEvenement.php
19/02/2015 22:06:51 Entrée dans ActionSponsor.php
19/02/2015 23:10:55 Entrée dans ActionAccueil.php
19/02/2015 23:11:11 Entrée dans AfficherPopupArticle.php
19/02/2015 23:11:26 Entrée dans AfficherPopupArticle.php
19/02/2015 23:11:38 Entrée dans ActionJoueurs.php
20/02/2015 00:44:12 Entrée dans ActionAccueil.php
20/02/2015 05:59:35 Entrée dans ActionAccueil.php
20/02/2015 05:59:58 Entrée dans ActionAgenda.php
20/02/2015 05:59:58 Entrée dans ActionAgenda.php
20/02/2015 06:00:04 Entrée dans ActionEvenement.php
20/02/2015 09:01:29 Entrée dans ActionAccueil.php
20/02/2015 09:55:21 Entrée dans ActionAccueil.php
20/02/2015 09:55:38 Entrée dans AfficherPopupArticle.php
20/02/2015 09:55:55 Entrée dans ActionAccueil.php
20/02/2015 14:05:18 Entrée dans ActionAccueil.php
20/02/2015 14:05:55 Entrée dans ActionClub.php
20/02/2015 14:06:32 Entrée dans ActionJoueurs.php
20/02/2015 14:06:38 Entrée dans ActionEcoleDeFoot.php
20/02/2015 14:06:41 Entrée dans ActionEcoleDeFoot.php
20/02/2015 15:19:36 Entrée dans ActionAccueil.php
20/02/2015 15:20:45 Entrée dans ActionClub.php
20/02/2015 15:20:58 Entrée dans ActionClub.php
20/02/2015 15:21:04 Entrée dans ActionAccueil.php
20/02/2015 15:21:51 Entrée dans ActionJoueurs.php
20/02/2015 15:22:07 Entrée dans ActionEcoleDeFoot.php
20/02/2015 15:22:32 Entrée dans ActionEcoleDeFoot.php
20/02/2015 15:36:37 Entrée dans ActionAccueil.php
20/02/2015 16:02:56 Entrée dans ActionAccueil.php
20/02/2015 16:02:56 Entrée dans ActionAccueil.php
20/02/2015 16:03:11 Entrée dans ActionAccueil.php
20/02/2015 16:07:18 Entrée dans ActionClub.php
20/02/2015 17:48:51 Entrée dans ActionAccueil.php
20/02/2015 17:49:18 Entrée dans AfficherPopupArticle.php
20/02/2015 18:55:41 Entrée dans ActionAccueil.php
20/02/2015 18:56:01 Entrée dans AfficherPopupArticle.php
20/02/2015 18:56:12 Entrée dans AfficherPopupArticle.php
20/02/2015 19:20:29 Entrée dans ActionAccueil.php
20/02/2015 20:27:50 Entrée dans ActionAccueil.php
20/02/2015 20:28:35 Entrée dans AfficherPopupArticle.php
20/02/2015 20:29:05 Entrée dans AfficherPopupArticle.php
20/02/2015 20:30:04 Entrée dans ActionAccueil.php
20/02/2015 20:30:10 Entrée dans ActionJoueurs.php
20/02/2015 20:32:04 Entrée dans ActionEvenement.php
20/02/2015 20:32:32 Entrée dans ActionAgenda.php
20/02/2015 20:32:49 Entrée dans ActionJoueurs.php
20/02/2015 20:34:44 Entrée dans ActionAccueil.php
20/02/2015 20:34:52 Entrée dans ActionJoueurs.php
20/02/2015 21:07:56 Entrée dans ActionAccueil.php
20/02/2015 21:09:02 Entrée dans ActionEcoleDeFoot.php
20/02/2015 21:09:34 Entrée dans ActionEcoleDeFoot.php
20/02/2015 21:11:31 Entrée dans ActionEcoleDeFoot.php
20/02/2015 21:11:37 Entrée dans ActionEcoleDeFoot.php
20/02/2015 21:12:43 Entrée dans ActionEvenement.php
20/02/2015 21:13:09 Entrée dans ActionAgenda.php
20/02/2015 21:13:10 Entrée dans ActionAgenda.php
20/02/2015 21:13:24 Entrée dans ActionAccueil.php
20/02/2015 21:15:03 Entrée dans AfficherPopupArticle.php
21/02/2015 02:03:28 Entrée dans ActionAccueil.php
21/02/2015 10:13:05 Entrée dans ActionAccueil.php
21/02/2015 11:36:48 Entrée dans ActionAccueil.php
21/02/2015 11:36:49 Entrée dans ActionAccueil.php
21/02/2015 11:36:52 Entrée dans AfficherPopupArticle.php
21/02/2015 12:56:22 Entrée dans ActionAccueil.php
21/02/2015 13:25:48 Entrée dans ActionAccueil.php
21/02/2015 13:50:14 Entrée dans ActionAccueil.php
21/02/2015 17:14:46 Entrée dans ActionAccueil.php
21/02/2015 17:14:52 Entrée dans ActionClub.php
21/02/2015 18:31:17 Entrée dans ActionAccueil.php
21/02/2015 18:31:49 Entrée dans ActionClub.php
21/02/2015 18:32:17 Entrée dans ActionJoueurs.php
21/02/2015 18:32:42 Entrée dans ActionAccueil.php
21/02/2015 18:33:10 Entrée dans AfficherPopupArticle.php
21/02/2015 18:33:19 Entrée dans AfficherPopupArticle.php
21/02/2015 18:33:36 Entrée dans ActionClub.php
21/02/2015 21:44:28 Entrée dans ActionAccueil.php
21/02/2015 21:45:21 Entrée dans ActionClub.php
21/02/2015 22:15:14 Entrée dans ActionAccueil.php
21/02/2015 22:18:13 Entrée dans ActionClub.php
21/02/2015 22:18:22 Entrée dans ActionAccueil.php
21/02/2015 22:18:57 Entrée dans AfficherPopupArticle.php
21/02/2015 22:19:21 Entrée dans AfficherPopupArticle.php
21/02/2015 22:19:36 Entrée dans ActionEcoleDeFoot.php
21/02/2015 22:19:48 Entrée dans ActionEcoleDeFoot.php
21/02/2015 22:20:21 Entrée dans ActionEcoleDeFoot.php
21/02/2015 22:20:51 Entrée dans ActionEcoleDeFoot.php
21/02/2015 22:21:37 Entrée dans ActionAccueil.php
21/02/2015 22:21:53 Entrée dans AfficherPopupArticle.php
22/02/2015 09:06:19 Entrée dans ActionAccueil.php
22/02/2015 09:06:38 Entrée dans ActionAccueil.php
22/02/2015 09:11:28 Entrée dans ActionAccueil.php
22/02/2015 09:11:33 Entrée dans ActionAgenda.php
22/02/2015 09:11:35 Entrée dans ActionAgenda.php
22/02/2015 10:32:27 Entrée dans ActionAccueil.php
22/02/2015 10:32:42 Entrée dans ActionJoueurs.php
22/02/2015 10:32:59 Entrée dans ActionSponsor.php
22/02/2015 10:33:05 Entrée dans ActionAgenda.php
22/02/2015 10:33:06 Entrée dans ActionAgenda.php
22/02/2015 10:33:15 Entrée dans ActionClub.php
22/02/2015 12:23:33 Entrée dans ActionAccueil.php
22/02/2015 12:24:15 Entrée dans ActionAccueil.php
22/02/2015 12:24:20 Entrée dans ActionAccueil.php
22/02/2015 12:24:22 Entrée dans ActionJoueurs.php
22/02/2015 12:24:30 Entrée dans ActionClub.php
22/02/2015 12:25:27 Entrée dans ActionAccueil.php
22/02/2015 12:26:42 Entrée dans ActionJoueurs.php
22/02/2015 18:42:22 Entrée dans ActionAccueil.php
22/02/2015 18:42:35 Entrée dans AfficherPopupArticle.php
22/02/2015 19:24:59 Entrée dans ActionAccueil.php
22/02/2015 19:25:33 Entrée dans ActionJoueurs.php
22/02/2015 19:25:49 Entrée dans ActionJoueurs.php
22/02/2015 19:26:17 Entrée dans ActionAccueil.php
22/02/2015 19:26:26 Entrée dans ActionClub.php
22/02/2015 19:37:46 Entrée dans ActionAccueil.php
22/02/2015 19:38:42 Entrée dans ActionJoueurs.php
22/02/2015 19:56:36 Entrée dans ActionAccueil.php
22/02/2015 19:56:42 Entrée dans ActionJoueurs.php
22/02/2015 19:56:58 Entrée dans ActionAgenda.php
22/02/2015 19:56:59 Entrée dans ActionAgenda.php
22/02/2015 19:57:16 Entrée dans ActionLogin.php
22/02/2015 19:57:16 Authentification de lsutter.
22/02/2015 19:57:16 Entrée dans ActionProfil.php
22/02/2015 19:57:19 Entrée dans GestionResultats.php
22/02/2015 19:57:28 Entrée dans GestionResultats.php
22/02/2015 19:57:33 Entrée dans ActionRencontre.php
22/02/2015 19:57:41 Entrée dans ActionEquipe.php
22/02/2015 19:57:43 Entrée dans GestionResultats.php
22/02/2015 19:57:47 Entrée dans ActionArticle.php
22/02/2015 19:57:53 Entrée dans ActionAccueil.php
22/02/2015 19:57:53 Entrée dans ActionAccueil.php
22/02/2015 19:57:56 Entrée dans ActionJoueurs.php
22/02/2015 23:14:00 Entrée dans ActionAccueil.php
22/02/2015 23:15:08 Entrée dans ActionEcoleDeFoot.php
22/02/2015 23:15:15 Entrée dans ActionEcoleDeFoot.php
22/02/2015 23:16:08 Entrée dans ActionEcoleDeFoot.php
22/02/2015 23:16:51 Entrée dans ActionEcoleDeFoot.php
23/02/2015 03:08:31 Entrée dans ActionAccueil.php
23/02/2015 03:09:58 Entrée dans ActionJoueurs.php
23/02/2015 03:10:00 Entrée dans ActionEcoleDeFoot.php
23/02/2015 03:10:03 Entrée dans ActionEvenement.php
23/02/2015 03:10:16 Entrée dans ActionAgenda.php
23/02/2015 03:10:18 Entrée dans ActionSponsor.php
23/02/2015 03:10:40 Entrée dans ActionClub.php
23/02/2015 03:29:19 Entrée dans ActionAccueil.php
23/02/2015 03:38:57 Entrée dans ActionEcoleDeFoot.php
23/02/2015 03:43:56 Entrée dans ActionEvenement.php
23/02/2015 04:55:05 Entrée dans ActionAgenda.php
23/02/2015 08:29:00 Entrée dans ActionAccueil.php
23/02/2015 08:30:33 Entrée dans AfficherPopupArticle.php
23/02/2015 08:30:46 Entrée dans ActionEcoleDeFoot.php
23/02/2015 08:30:50 Entrée dans ActionEcoleDeFoot.php
23/02/2015 08:31:51 Entrée dans ActionEcoleDeFoot.php
23/02/2015 10:01:50 Entrée dans ActionAccueil.php
23/02/2015 10:06:07 Entrée dans ActionAccueil.php
23/02/2015 10:30:22 Entrée dans ActionAccueil.php
23/02/2015 10:40:43 Entrée dans ActionAccueil.php
23/02/2015 10:41:30 Entrée dans ActionLogin.php
23/02/2015 10:41:30 Authentification de tsutter.
23/02/2015 10:41:31 Entrée dans ActionProfil.php
23/02/2015 10:41:50 Entrée dans ActionUtilisateur.php
23/02/2015 10:42:13 Entrée dans ActionAccueil.php
23/02/2015 11:06:29 Entrée dans ActionAccueil.php
23/02/2015 11:45:38 Entrée dans ActionAccueil.php
23/02/2015 11:45:46 Entrée dans ActionLogin.php
23/02/2015 11:45:46 Authentification de tsutter.
23/02/2015 11:45:46 Entrée dans ActionProfil.php
23/02/2015 11:45:46 Entrée dans ActionAccueil.php
23/02/2015 11:49:50 Entrée dans ActionUtilisateur.php
23/02/2015 11:49:50 Entrée dans ActionAccueil.php
23/02/2015 13:44:08 Entrée dans ActionAccueil.php
23/02/2015 14:43:56 Entrée dans ActionAccueil.php
23/02/2015 14:46:22 Entrée dans ActionLogin.php
23/02/2015 14:46:22 Authentification de tsutter.
23/02/2015 14:46:23 Entrée dans ActionProfil.php
23/02/2015 14:46:23 Entrée dans ActionAccueil.php
23/02/2015 14:46:32 Entrée dans ActionEquipe.php
23/02/2015 14:46:34 Entrée dans ActionRencontre.php
23/02/2015 14:46:43 Entrée dans ActionRencontre.php
23/02/2015 14:51:37 Entrée dans ActionRencontre.php
23/02/2015 14:51:38 Entrée dans ActionAccueil.php
23/02/2015 14:51:45 Entrée dans ActionRencontre.php
23/02/2015 14:54:55 Entrée dans ActionAgenda.php
23/02/2015 15:07:25 Entrée dans ActionAccueil.php
23/02/2015 15:13:08 Entrée dans ActionAccueil.php
23/02/2015 15:14:36 Entrée dans ActionAccueil.php
23/02/2015 16:53:58 Entrée dans ActionAccueil.php
23/02/2015 19:21:39 Entrée dans ActionAccueil.php
23/02/2015 22:25:58 Entrée dans ActionAccueil.php
23/02/2015 23:25:27 Entrée dans ActionAccueil.php
23/02/2015 23:26:10 Entrée dans AfficherPopupArticle.php
23/02/2015 23:26:19 Entrée dans AfficherPopupArticle.php
24/02/2015 00:32:31 Entrée dans ActionAgenda.php
24/02/2015 01:38:43 Entrée dans ActionAccueil.php
24/02/2015 01:38:47 Entrée dans ActionClub.php
24/02/2015 01:38:49 Entrée dans ActionJoueurs.php
24/02/2015 01:38:51 Entrée dans ActionEcoleDeFoot.php
24/02/2015 01:38:53 Entrée dans ActionAgenda.php
24/02/2015 01:38:56 Entrée dans ActionEvenement.php
24/02/2015 01:38:58 Entrée dans ActionSponsor.php
24/02/2015 07:34:48 Entrée dans ActionAccueil.php
24/02/2015 07:35:46 Entrée dans AfficherPopupArticle.php
24/02/2015 07:36:29 Entrée dans AfficherPopupArticle.php
24/02/2015 07:37:13 Entrée dans AfficherPopupArticle.php
24/02/2015 07:37:38 Entrée dans AfficherPopupArticle.php
24/02/2015 07:38:13 Entrée dans AfficherPopupArticle.php
24/02/2015 07:38:50 Entrée dans ActionClub.php
24/02/2015 07:43:47 Entrée dans ActionJoueurs.php
24/02/2015 07:46:54 Entrée dans ActionEcoleDeFoot.php
24/02/2015 07:47:15 Entrée dans ActionJoueurs.php
24/02/2015 09:59:01 Entrée dans ActionEcoleDeFoot.php
24/02/2015 10:40:08 Entrée dans ActionAccueil.php
24/02/2015 10:42:26 Entrée dans ActionEvenement.php
24/02/2015 10:44:17 Entrée dans ActionEcoleDeFoot.php
24/02/2015 10:44:24 Entrée dans ActionEcoleDeFoot.php
24/02/2015 10:44:44 Entrée dans ActionEvenement.php
24/02/2015 10:45:03 Entrée dans ActionEvenement.php
24/02/2015 10:45:41 Entrée dans ActionAccueil.php
24/02/2015 10:51:43 Entrée dans ActionAccueil.php
24/02/2015 10:51:50 Entrée dans ActionJoueurs.php
24/02/2015 10:52:32 Entrée dans ActionEcoleDeFoot.php
24/02/2015 10:52:49 Entrée dans ActionEcoleDeFoot.php
24/02/2015 10:52:54 Entrée dans ActionEcoleDeFoot.php
24/02/2015 10:53:14 Entrée dans ActionEcoleDeFoot.php
24/02/2015 10:53:40 Entrée dans ActionAgenda.php
24/02/2015 10:53:41 Entrée dans ActionAgenda.php
24/02/2015 10:53:44 Entrée dans ActionEvenement.php
24/02/2015 10:53:47 Entrée dans ActionSponsor.php
24/02/2015 10:53:50 Entrée dans ActionAccueil.php
24/02/2015 13:36:39 Entrée dans ActionAccueil.php
24/02/2015 14:52:09 Entrée dans ActionAccueil.php
24/02/2015 14:52:47 Entrée dans ActionLogin.php
24/02/2015 14:52:47 Authentification de epetot.
24/02/2015 14:52:47 Entrée dans ActionProfil.php
24/02/2015 14:52:54 Entrée dans ActionArticle.php
24/02/2015 14:53:07 Entrée dans RechercherArticle.php
24/02/2015 14:53:18 Entrée dans ActionArticle.php
24/02/2015 14:53:23 Entrée dans RechercherArticle.php
24/02/2015 14:53:44 Entrée dans ActionArticle.php
24/02/2015 14:53:48 Entrée dans RechercherArticle.php
24/02/2015 15:31:53 Entrée dans ActionAccueil.php
24/02/2015 15:32:10 Entrée dans ActionAgenda.php
24/02/2015 15:32:11 Entrée dans ActionAgenda.php
24/02/2015 15:32:30 Entrée dans ActionAgenda.php
24/02/2015 15:32:38 Entrée dans ActionEvenement.php
24/02/2015 16:19:04 Entrée dans ActionAccueil.php
24/02/2015 16:19:20 Entrée dans ActionClub.php
24/02/2015 16:19:23 Entrée dans ActionEcoleDeFoot.php
24/02/2015 16:19:25 Entrée dans ActionAgenda.php
24/02/2015 16:19:28 Entrée dans ActionSponsor.php
24/02/2015 16:19:47 Entrée dans ActionJoueurs.php
24/02/2015 16:19:50 Entrée dans ActionEvenement.php
24/02/2015 17:28:19 Entrée dans ActionAccueil.php
24/02/2015 17:29:48 Entrée dans AfficherPopupArticle.php
24/02/2015 20:54:14 Entrée dans ActionAccueil.php
24/02/2015 20:54:39 Entrée dans ActionSponsor.php
24/02/2015 20:54:43 Entrée dans ActionClub.php
24/02/2015 22:09:13 Entrée dans ActionAccueil.php
24/02/2015 22:09:25 Entrée dans ActionEvenement.php
24/02/2015 22:09:29 Entrée dans ActionAccueil.php
24/02/2015 22:09:32 Entrée dans ActionEcoleDeFoot.php
25/02/2015 04:59:48 Entrée dans ActionClub.php
25/02/2015 05:56:21 Entrée dans ActionJoueurs.php
25/02/2015 12:59:41 Entrée dans ActionAccueil.php
25/02/2015 14:12:10 Entrée dans ActionAccueil.php
25/02/2015 14:12:43 Entrée dans AfficherPopupArticle.php
25/02/2015 14:12:57 Entrée dans AfficherPopupArticle.php
25/02/2015 14:13:07 Entrée dans AfficherPopupArticle.php
25/02/2015 14:13:16 Entrée dans AfficherPopupArticle.php
25/02/2015 14:13:21 Entrée dans AfficherPopupArticle.php
25/02/2015 14:13:25 Entrée dans ActionJoueurs.php
25/02/2015 14:13:57 Entrée dans ActionAgenda.php
25/02/2015 14:13:58 Entrée dans ActionAgenda.php
25/02/2015 14:13:59 Entrée dans ActionEvenement.php
25/02/2015 14:14:03 Entrée dans ActionAccueil.php
25/02/2015 19:13:21 Entrée dans ActionAccueil.php
25/02/2015 19:14:01 Entrée dans ActionClub.php
26/02/2015 03:39:23 Entrée dans ActionAccueil.php
26/02/2015 08:25:02 Entrée dans ActionAccueil.php
26/02/2015 08:25:43 Entrée dans AfficherPopupArticle.php
26/02/2015 08:25:59 Entrée dans ActionAccueil.php
26/02/2015 08:26:13 Entrée dans ActionClub.php
26/02/2015 09:17:00 Entrée dans ActionAccueil.php
26/02/2015 09:17:08 Entrée dans ActionAccueil.php
26/02/2015 09:17:27 Entrée dans ActionAgenda.php
26/02/2015 09:17:27 Entrée dans ActionAgenda.php
26/02/2015 09:17:30 Entrée dans ActionClub.php
26/02/2015 17:08:48 Entrée dans ActionAccueil.php
26/02/2015 17:29:17 Entrée dans ActionAccueil.php
26/02/2015 17:30:39 Entrée dans ActionClub.php
26/02/2015 18:03:03 Entrée dans ActionJoueurs.php
26/02/2015 18:13:04 Entrée dans ActionAccueil.php
26/02/2015 18:13:11 Entrée dans ActionClub.php
26/02/2015 18:13:21 Entrée dans ActionAccueil.php
26/02/2015 18:13:29 Entrée dans ActionAccueil.php
26/02/2015 18:13:31 Entrée dans ActionAgenda.php
26/02/2015 18:13:31 Entrée dans ActionAgenda.php
26/02/2015 18:13:36 Entrée dans ActionAgenda.php
26/02/2015 18:13:40 Entrée dans ActionClub.php
26/02/2015 21:56:46 Entrée dans ActionAccueil.php
26/02/2015 22:13:00 Entrée dans ActionJoueurs.php
26/02/2015 22:13:03 Entrée dans ActionEcoleDeFoot.php
26/02/2015 22:13:05 Entrée dans ActionAgenda.php
26/02/2015 22:13:08 Entrée dans ActionEvenement.php
26/02/2015 22:13:11 Entrée dans ActionSponsor.php
26/02/2015 22:13:19 Entrée dans ActionAgenda.php
26/02/2015 22:13:21 Entrée dans ActionSponsor.php
27/02/2015 04:11:56 Entrée dans ActionAccueil.php
27/02/2015 04:13:03 Entrée dans ActionEcoleDeFoot.php
27/02/2015 04:13:07 Entrée dans ActionEcoleDeFoot.php
27/02/2015 04:13:26 Entrée dans ActionEcoleDeFoot.php
27/02/2015 04:13:45 Entrée dans ActionEcoleDeFoot.php
27/02/2015 08:56:38 Entrée dans ActionAccueil.php
27/02/2015 08:57:13 Entrée dans AfficherPopupArticle.php
27/02/2015 08:57:30 Entrée dans AfficherPopupArticle.php
27/02/2015 08:57:40 Entrée dans AfficherPopupArticle.php
27/02/2015 08:58:37 Entrée dans AfficherPopupArticle.php
27/02/2015 08:58:44 Entrée dans ActionJoueurs.php
27/02/2015 15:08:56 Entrée dans ActionAccueil.php
27/02/2015 15:09:17 Entrée dans AfficherPopupArticle.php
27/02/2015 20:28:52 Entrée dans ActionAccueil.php
27/02/2015 20:29:08 Entrée dans ActionJoueurs.php
27/02/2015 22:24:59 Entrée dans ActionAccueil.php
27/02/2015 22:25:50 Entrée dans AfficherPopupArticle.php
27/02/2015 23:32:30 Entrée dans ActionAccueil.php
28/02/2015 00:37:13 Entrée dans ActionJoueurs.php
28/02/2015 07:34:58 Entrée dans ActionAccueil.php
28/02/2015 07:35:10 Entrée dans ActionClub.php
28/02/2015 07:35:13 Entrée dans ActionJoueurs.php
28/02/2015 07:35:16 Entrée dans ActionEcoleDeFoot.php
28/02/2015 07:35:18 Entrée dans ActionAgenda.php
28/02/2015 07:35:21 Entrée dans ActionEvenement.php
28/02/2015 07:35:24 Entrée dans ActionSponsor.php
28/02/2015 08:52:12 Entrée dans ActionAccueil.php
28/02/2015 08:52:13 Entrée dans ActionAccueil.php
28/02/2015 08:52:13 Entrée dans ActionClub.php
28/02/2015 08:52:13 Entrée dans ActionJoueurs.php
28/02/2015 08:52:14 Entrée dans ActionClub.php
28/02/2015 08:52:14 Entrée dans ActionJoueurs.php
28/02/2015 08:52:15 Entrée dans ActionEcoleDeFoot.php
28/02/2015 08:52:15 Entrée dans ActionAgenda.php
28/02/2015 08:52:15 Entrée dans ActionEcoleDeFoot.php
28/02/2015 08:52:15 Entrée dans ActionEvenement.php
28/02/2015 08:52:16 Entrée dans ActionEvenement.php
28/02/2015 08:52:16 Entrée dans ActionAgenda.php
28/02/2015 08:52:16 Entrée dans ActionSponsor.php
28/02/2015 08:52:16 Entrée dans ActionSponsor.php
28/02/2015 11:57:59 Entrée dans ActionAccueil.php
28/02/2015 11:58:32 Entrée dans ActionClub.php
28/02/2015 14:42:36 Entrée dans ActionAccueil.php
28/02/2015 14:42:48 Entrée dans ActionEcoleDeFoot.php
28/02/2015 14:43:11 Entrée dans ActionEcoleDeFoot.php
28/02/2015 14:44:38 Entrée dans ActionEcoleDeFoot.php
28/02/2015 14:44:43 Entrée dans ActionEcoleDeFoot.php
28/02/2015 14:45:06 Entrée dans ActionEcoleDeFoot.php
28/02/2015 14:45:29 Entrée dans ActionEcoleDeFoot.php
28/02/2015 14:45:49 Entrée dans ActionEcoleDeFoot.php
28/02/2015 14:45:57 Entrée dans ActionEvenement.php
28/02/2015 14:46:41 Entrée dans ActionAgenda.php
28/02/2015 14:46:42 Entrée dans ActionAgenda.php
28/02/2015 14:46:58 Entrée dans ActionAgenda.php
28/02/2015 14:47:16 Entrée dans ActionAgenda.php
28/02/2015 14:47:22 Entrée dans ActionAccueil.php
28/02/2015 14:49:37 Entrée dans ActionAccueil.php
28/02/2015 14:49:48 Entrée dans ActionEcoleDeFoot.php
28/02/2015 14:49:54 Entrée dans ActionEcoleDeFoot.php
28/02/2015 19:04:34 Entrée dans ActionAccueil.php
28/02/2015 19:05:11 Entrée dans AfficherPopupArticle.php
28/02/2015 20:51:27 Entrée dans ActionAccueil.php
28/02/2015 20:51:59 Entrée dans AfficherPopupArticle.php
28/02/2015 20:52:19 Entrée dans AfficherPopupArticle.php
28/02/2015 20:53:09 Entrée dans AfficherPopupArticle.php
28/02/2015 20:53:23 Entrée dans ActionEcoleDeFoot.php
28/02/2015 20:53:30 Entrée dans ActionEcoleDeFoot.php
28/02/2015 20:54:04 Entrée dans ActionEcoleDeFoot.php
28/02/2015 20:54:26 Entrée dans ActionEcoleDeFoot.php
28/02/2015 20:54:29 Entrée dans ActionEcoleDeFoot.php
28/02/2015 20:54:32 Entrée dans ActionEcoleDeFoot.php
28/02/2015 20:54:34 Entrée dans ActionEcoleDeFoot.php
28/02/2015 20:54:37 Entrée dans ActionEcoleDeFoot.php
28/02/2015 20:54:42 Entrée dans ActionEcoleDeFoot.php
28/02/2015 20:54:46 Entrée dans ActionJoueurs.php
28/02/2015 20:54:54 Entrée dans ActionAgenda.php
28/02/2015 20:54:55 Entrée dans ActionAgenda.php
28/02/2015 20:54:59 Entrée dans ActionEvenement.php
28/02/2015 20:55:31 Entrée dans ActionSponsor.php
28/02/2015 20:55:40 Entrée dans ActionAccueil.php
28/02/2015 20:55:49 Entrée dans AfficherPopupArticle.php
28/02/2015 20:56:08 Entrée dans AfficherPopupArticle.php
28/02/2015 22:20:02 Entrée dans ActionAccueil.php
28/02/2015 22:20:38 Entrée dans ActionAccueil.php
28/02/2015 22:20:40 Entrée dans ActionClub.php
28/02/2015 23:10:14 Entrée dans ActionAccueil.php
