01/06/2015 07:12:08 Entrée dans ActionAccueil.php
01/06/2015 07:12:10 Entrée dans ActionEvenement.php
01/06/2015 07:12:23 Entrée dans ActionSponsor.php
01/06/2015 07:12:33 Entrée dans ActionClub.php
01/06/2015 07:12:39 Entrée dans ActionJoueurs.php
01/06/2015 07:12:40 Entrée dans ActionEcoleDeFoot.php
01/06/2015 07:12:46 Entrée dans ActionAgenda.php
01/06/2015 07:52:37 Entrée dans ActionAccueil.php
01/06/2015 07:53:56 Entrée dans ActionAccueil.php
01/06/2015 07:54:00 Entrée dans ActionClub.php
01/06/2015 07:54:02 Entrée dans ActionJoueurs.php
01/06/2015 07:54:05 Entrée dans ActionEcoleDeFoot.php
01/06/2015 07:54:07 Entrée dans ActionAgenda.php
01/06/2015 07:54:09 Entrée dans ActionEvenement.php
01/06/2015 07:54:11 Entrée dans ActionSponsor.php
01/06/2015 10:37:05 Entrée dans ActionEvenement.php
01/06/2015 12:19:34 Entrée dans ActionAccueil.php
01/06/2015 12:19:59 Entrée dans ActionJoueurs.php
01/06/2015 12:20:29 Entrée dans ActionAccueil.php
01/06/2015 12:20:45 Entrée dans ActionAccueil.php
01/06/2015 12:20:51 Entrée dans ActionAccueil.php
01/06/2015 12:20:52 Entrée dans ActionClub.php
01/06/2015 12:50:40 Entrée dans ActionAccueil.php
01/06/2015 14:31:18 Entrée dans ActionAccueil.php
01/06/2015 14:31:28 Entrée dans ActionAccueil.php
01/06/2015 14:31:35 Entrée dans ActionEcoleDeFoot.php
01/06/2015 15:32:45 Entrée dans ActionAccueil.php
01/06/2015 15:32:50 Entrée dans ActionJoueurs.php
01/06/2015 15:32:55 Entrée dans AfficherPopupArticle.php
01/06/2015 15:38:36 Entrée dans AfficherPopupArticle.php
01/06/2015 15:39:04 Entrée dans ActionJoueurs.php
01/06/2015 15:39:28 Entrée dans ActionSponsor.php
01/06/2015 15:39:31 Entrée dans ActionAgenda.php
01/06/2015 15:39:33 Entrée dans ActionAgenda.php
01/06/2015 16:07:39 Entrée dans ActionAccueil.php
01/06/2015 16:07:47 Entrée dans AfficherPopupArticle.php
01/06/2015 16:08:20 Entrée dans ActionJoueurs.php
01/06/2015 16:09:02 Entrée dans ActionClub.php
01/06/2015 16:09:06 Entrée dans ActionJoueurs.php
01/06/2015 21:02:02 Entrée dans ActionAccueil.php
01/06/2015 21:02:07 Entrée dans ActionClub.php
01/06/2015 21:02:26 Entrée dans ActionEcoleDeFoot.php
01/06/2015 21:02:51 Entrée dans ActionEcoleDeFoot.php
01/06/2015 22:38:01 Entrée dans ActionAccueil.php
01/06/2015 22:38:26 Entrée dans AfficherPopupArticle.php
02/06/2015 00:05:43 Entrée dans ActionAccueil.php
02/06/2015 00:06:21 Entrée dans AfficherPopupArticle.php
02/06/2015 00:09:30 Entrée dans AfficherPopupArticle.php
02/06/2015 00:09:45 Entrée dans AfficherPopupArticle.php
02/06/2015 00:09:55 Entrée dans AfficherPopupArticle.php
02/06/2015 00:10:01 Entrée dans ActionClub.php
02/06/2015 00:10:25 Entrée dans ActionEcoleDeFoot.php
02/06/2015 00:10:51 Entrée dans ActionAgenda.php
02/06/2015 00:10:52 Entrée dans ActionAgenda.php
02/06/2015 00:10:53 Entrée dans ActionEcoleDeFoot.php
02/06/2015 00:11:00 Entrée dans ActionJoueurs.php
02/06/2015 00:11:04 Entrée dans ActionAccueil.php
02/06/2015 09:44:58 Entrée dans ActionClub.php
02/06/2015 13:45:21 Entrée dans ActionAccueil.php
02/06/2015 13:45:54 Entrée dans AfficherPopupArticle.php
02/06/2015 13:46:38 Entrée dans ActionJoueurs.php
02/06/2015 14:30:02 Entrée dans ActionAccueil.php
02/06/2015 22:26:20 Entrée dans ActionAccueil.php
02/06/2015 22:27:36 Entrée dans ActionLogin.php
02/06/2015 22:27:36 Authentification de fgastrini.
02/06/2015 22:27:37 Entrée dans ActionProfil.php
02/06/2015 22:27:41 Entrée dans GestionResultats.php
02/06/2015 22:27:57 Entrée dans GestionResultats.php
02/06/2015 22:28:12 Entrée dans GestionResultats.php
02/06/2015 22:28:15 Entrée dans GestionResultats.php
02/06/2015 22:28:24 Entrée dans ActionRencontre.php
02/06/2015 22:28:28 Entrée dans GestionResultats.php
02/06/2015 22:28:30 Entrée dans ActionArticle.php
02/06/2015 22:28:42 Entrée dans RechercherArticle.php
02/06/2015 22:29:16 Entrée dans ActionArticle.php
02/06/2015 22:29:24 Entrée dans RechercherArticle.php
02/06/2015 22:29:29 Entrée dans ActionArticle.php
02/06/2015 22:29:32 Entrée dans RechercherArticle.php
02/06/2015 22:29:40 Entrée dans ActionArticle.php
02/06/2015 22:29:48 Entrée dans RechercherArticle.php
02/06/2015 22:30:10 Entrée dans ActionArticle.php
02/06/2015 22:30:16 Entrée dans ActionEquipe.php
02/06/2015 22:30:19 Entrée dans ActionMembre.php
02/06/2015 22:30:23 Entrée dans ActionProfil.php
02/06/2015 22:30:37 Entrée dans ActionProfil.php
02/06/2015 22:30:42 Entrée dans ActionAccueil.php
02/06/2015 22:30:42 Entrée dans ActionAccueil.php
03/06/2015 06:47:00 Entrée dans ActionAccueil.php
03/06/2015 06:47:25 Entrée dans AfficherPopupArticle.php
03/06/2015 06:47:48 Entrée dans ActionJoueurs.php
03/06/2015 07:50:18 Entrée dans ActionAccueil.php
03/06/2015 07:50:57 Entrée dans AfficherPopupArticle.php
03/06/2015 07:51:27 Entrée dans ActionAgenda.php
03/06/2015 07:51:28 Entrée dans ActionAgenda.php
03/06/2015 07:51:30 Entrée dans ActionEvenement.php
03/06/2015 07:51:39 Entrée dans ActionEvenement.php
03/06/2015 07:51:43 Entrée dans ActionEcoleDeFoot.php
03/06/2015 07:51:52 Entrée dans ActionEcoleDeFoot.php
03/06/2015 07:53:20 Entrée dans ActionAgenda.php
03/06/2015 07:54:36 Entrée dans ActionAgenda.php
03/06/2015 13:02:07 Entrée dans ActionAccueil.php
03/06/2015 13:02:15 Entrée dans ActionEcoleDeFoot.php
03/06/2015 13:02:20 Entrée dans ActionEcoleDeFoot.php
03/06/2015 13:03:05 Entrée dans ActionEcoleDeFoot.php
03/06/2015 13:03:57 Entrée dans ActionEcoleDeFoot.php
03/06/2015 13:11:43 Entrée dans ActionAccueil.php
03/06/2015 13:44:23 Entrée dans ActionAccueil.php
03/06/2015 13:44:37 Entrée dans ActionSponsor.php
03/06/2015 13:44:39 Entrée dans ActionEvenement.php
03/06/2015 13:44:40 Entrée dans ActionAgenda.php
03/06/2015 13:44:41 Entrée dans ActionAgenda.php
03/06/2015 13:44:42 Entrée dans ActionEcoleDeFoot.php
03/06/2015 13:44:44 Entrée dans ActionJoueurs.php
03/06/2015 13:45:02 Entrée dans ActionClub.php
03/06/2015 13:45:08 Entrée dans ActionAccueil.php
03/06/2015 13:45:13 Entrée dans ActionJoueurs.php
03/06/2015 14:08:53 Entrée dans ActionAccueil.php
03/06/2015 14:09:09 Entrée dans AfficherPopupArticle.php
03/06/2015 14:09:51 Entrée dans ActionJoueurs.php
03/06/2015 14:10:13 Entrée dans ActionClub.php
03/06/2015 19:53:47 Entrée dans ActionAccueil.php
03/06/2015 19:53:59 Entrée dans ActionJoueurs.php
03/06/2015 20:33:16 Entrée dans ActionAccueil.php
03/06/2015 20:33:28 Entrée dans AfficherPopupArticle.php
03/06/2015 20:35:31 Entrée dans AfficherPopupArticle.php
03/06/2015 20:35:31 Entrée dans AfficherPopupArticle.php
03/06/2015 20:45:31 Entrée dans ActionAgenda.php
03/06/2015 21:14:20 Entrée dans ActionAccueil.php
03/06/2015 21:14:36 Entrée dans AfficherPopupArticle.php
03/06/2015 21:15:14 Entrée dans ActionAgenda.php
03/06/2015 21:15:15 Entrée dans ActionAgenda.php
03/06/2015 22:00:13 Entrée dans ActionAccueil.php
03/06/2015 22:00:17 Entrée dans ActionClub.php
03/06/2015 22:00:20 Entrée dans ActionJoueurs.php
03/06/2015 22:00:22 Entrée dans ActionEcoleDeFoot.php
03/06/2015 22:00:25 Entrée dans ActionAgenda.php
03/06/2015 22:00:28 Entrée dans ActionEvenement.php
03/06/2015 22:00:32 Entrée dans ActionSponsor.php
03/06/2015 22:24:50 Entrée dans ActionAccueil.php
03/06/2015 22:25:21 Entrée dans ActionAccueil.php
03/06/2015 22:25:23 Entrée dans ActionJoueurs.php
04/06/2015 04:08:48 Entrée dans ActionAccueil.php
04/06/2015 04:08:54 Entrée dans AfficherPopupArticle.php
04/06/2015 04:09:02 Entrée dans AfficherPopupArticle.php
04/06/2015 04:09:15 Entrée dans ActionAgenda.php
04/06/2015 04:09:17 Entrée dans ActionAgenda.php
04/06/2015 04:09:22 Entrée dans ActionJoueurs.php
04/06/2015 04:09:40 Entrée dans ActionAccueil.php
04/06/2015 06:12:06 Entrée dans ActionEcoleDeFoot.php
04/06/2015 07:29:14 Entrée dans ActionAccueil.php
04/06/2015 07:32:53 Entrée dans ActionClub.php
04/06/2015 07:32:54 Entrée dans ActionJoueurs.php
04/06/2015 07:32:56 Entrée dans ActionEcoleDeFoot.php
04/06/2015 07:32:56 Entrée dans ActionAgenda.php
04/06/2015 07:33:02 Entrée dans ActionEvenement.php
04/06/2015 07:33:03 Entrée dans ActionSponsor.php
04/06/2015 10:37:14 Entrée dans ActionAccueil.php
04/06/2015 10:37:20 Entrée dans ActionEcoleDeFoot.php
04/06/2015 10:37:24 Entrée dans ActionEcoleDeFoot.php
04/06/2015 12:08:20 Entrée dans ActionAccueil.php
04/06/2015 12:08:57 Entrée dans AfficherPopupArticle.php
04/06/2015 12:24:00 Entrée dans ActionAccueil.php
04/06/2015 12:24:05 Entrée dans ActionEcoleDeFoot.php
04/06/2015 12:24:26 Entrée dans ActionClub.php
04/06/2015 12:24:29 Entrée dans ActionAccueil.php
04/06/2015 12:24:45 Entrée dans AfficherPopupArticle.php
04/06/2015 12:24:57 Entrée dans ActionJoueurs.php
04/06/2015 12:25:05 Entrée dans ActionAgenda.php
04/06/2015 12:25:06 Entrée dans ActionAgenda.php
04/06/2015 12:25:08 Entrée dans ActionEvenement.php
04/06/2015 12:25:15 Entrée dans ActionSponsor.php
04/06/2015 12:25:18 Entrée dans ActionAccueil.php
04/06/2015 12:51:33 Entrée dans ActionAccueil.php
04/06/2015 12:51:45 Entrée dans AfficherPopupArticle.php
04/06/2015 14:38:45 Entrée dans ActionAccueil.php
04/06/2015 14:40:00 Entrée dans ActionAccueil.php
04/06/2015 15:41:12 Entrée dans ActionAccueil.php
04/06/2015 15:42:04 Entrée dans AfficherPopupArticle.php
04/06/2015 15:42:20 Entrée dans ActionJoueurs.php
04/06/2015 20:32:36 Entrée dans ActionAccueil.php
04/06/2015 20:32:37 Entrée dans ActionEvenement.php
04/06/2015 20:32:44 Entrée dans ActionSponsor.php
04/06/2015 20:32:46 Entrée dans ActionClub.php
04/06/2015 20:32:47 Entrée dans ActionJoueurs.php
04/06/2015 20:32:49 Entrée dans ActionEcoleDeFoot.php
04/06/2015 20:32:49 Entrée dans ActionAgenda.php
05/06/2015 08:00:00 Entrée dans ActionAccueil.php
05/06/2015 08:00:04 Entrée dans AfficherPopupArticle.php
05/06/2015 08:00:24 Entrée dans AfficherPopupArticle.php
05/06/2015 08:00:36 Entrée dans AfficherPopupArticle.php
05/06/2015 08:01:06 Entrée dans ActionEvenement.php
05/06/2015 08:01:21 Entrée dans ActionAccueil.php
05/06/2015 08:03:55 Entrée dans AfficherPopupArticle.php
05/06/2015 13:27:01 Entrée dans ActionAccueil.php
05/06/2015 13:27:13 Entrée dans AfficherPopupArticle.php
05/06/2015 13:27:37 Entrée dans ActionEcoleDeFoot.php
05/06/2015 13:27:44 Entrée dans ActionEcoleDeFoot.php
05/06/2015 15:24:55 Entrée dans ActionAccueil.php
05/06/2015 15:25:13 Entrée dans AfficherPopupArticle.php
05/06/2015 19:37:51 Entrée dans ActionSponsor.php
05/06/2015 22:02:04 Entrée dans ActionAccueil.php
05/06/2015 22:02:43 Entrée dans ActionAccueil.php
05/06/2015 22:02:50 Entrée dans AfficherPopupArticle.php
05/06/2015 22:03:09 Entrée dans AfficherPopupArticle.php
06/06/2015 00:12:13 Entrée dans ActionAccueil.php
06/06/2015 00:12:29 Entrée dans AfficherPopupArticle.php
06/06/2015 00:13:45 Entrée dans AfficherPopupArticle.php
06/06/2015 00:14:58 Entrée dans ActionEvenement.php
06/06/2015 00:15:34 Entrée dans ActionClub.php
06/06/2015 00:17:30 Entrée dans ActionEcoleDeFoot.php
06/06/2015 00:18:28 Entrée dans ActionEcoleDeFoot.php
06/06/2015 00:18:59 Entrée dans ActionEcoleDeFoot.php
06/06/2015 09:23:25 Entrée dans ActionAccueil.php
06/06/2015 09:23:44 Entrée dans AfficherPopupArticle.php
06/06/2015 09:29:33 Entrée dans ActionAccueil.php
07/06/2015 12:36:41 Entrée dans ActionAccueil.php
07/06/2015 16:52:56 Entrée dans ActionAccueil.php
07/06/2015 16:53:08 Entrée dans AfficherPopupArticle.php
07/06/2015 16:53:55 Entrée dans ActionEvenement.php
07/06/2015 16:54:01 Entrée dans ActionEcoleDeFoot.php
07/06/2015 16:54:08 Entrée dans ActionEcoleDeFoot.php
07/06/2015 16:54:25 Entrée dans ActionJoueurs.php
07/06/2015 16:56:31 Entrée dans ActionAccueil.php
07/06/2015 16:56:43 Entrée dans AfficherPopupArticle.php
07/06/2015 20:01:52 Entrée dans ActionClub.php
07/06/2015 20:49:29 Entrée dans ActionAccueil.php
07/06/2015 20:49:35 Entrée dans ActionClub.php
07/06/2015 20:50:06 Entrée dans ActionJoueurs.php
07/06/2015 20:50:23 Entrée dans ActionAccueil.php
07/06/2015 22:03:24 Entrée dans ActionAccueil.php
07/06/2015 22:03:32 Entrée dans ActionClub.php
07/06/2015 23:52:03 Entrée dans ActionAccueil.php
07/06/2015 23:52:06 Entrée dans ActionEvenement.php
07/06/2015 23:52:10 Entrée dans ActionSponsor.php
07/06/2015 23:52:12 Entrée dans ActionClub.php
07/06/2015 23:52:13 Entrée dans ActionJoueurs.php
07/06/2015 23:52:15 Entrée dans ActionEcoleDeFoot.php
07/06/2015 23:52:16 Entrée dans ActionAgenda.php
07/06/2015 23:53:35 Entrée dans ActionEcoleDeFoot.php
08/06/2015 01:33:58 Entrée dans ActionAccueil.php
08/06/2015 01:34:55 Entrée dans ActionAccueil.php
08/06/2015 01:35:01 Entrée dans ActionAccueil.php
08/06/2015 01:35:14 Entrée dans ActionAccueil.php
08/06/2015 01:35:24 Entrée dans ActionClub.php
08/06/2015 11:41:56 Entrée dans ActionAccueil.php
08/06/2015 11:42:24 Entrée dans ActionAccueil.php
08/06/2015 11:42:35 Entrée dans ActionClub.php
08/06/2015 12:46:54 Entrée dans ActionAccueil.php
08/06/2015 12:47:21 Entrée dans ActionClub.php
08/06/2015 13:39:51 Entrée dans ActionAccueil.php
08/06/2015 13:40:51 Entrée dans ActionJoueurs.php
08/06/2015 13:42:56 Entrée dans ActionClub.php
08/06/2015 13:43:45 Entrée dans ActionAccueil.php
08/06/2015 13:43:50 Entrée dans AfficherPopupArticle.php
08/06/2015 14:04:38 Entrée dans ActionAccueil.php
08/06/2015 14:04:47 Entrée dans ActionClub.php
08/06/2015 14:20:37 Entrée dans ActionAccueil.php
08/06/2015 14:21:26 Entrée dans ActionClub.php
08/06/2015 14:33:44 Entrée dans ActionClub.php
08/06/2015 14:34:08 Entrée dans ActionEcoleDeFoot.php
08/06/2015 14:34:18 Entrée dans ActionEcoleDeFoot.php
08/06/2015 14:34:22 Entrée dans ActionAgenda.php
08/06/2015 14:34:23 Entrée dans ActionAgenda.php
08/06/2015 14:34:25 Entrée dans ActionEvenement.php
08/06/2015 15:09:17 Entrée dans ActionAccueil.php
08/06/2015 15:16:07 Entrée dans ActionAccueil.php
08/06/2015 15:46:58 Entrée dans ActionAccueil.php
08/06/2015 15:47:15 Entrée dans ActionClub.php
08/06/2015 15:47:46 Entrée dans ActionClub.php
08/06/2015 16:34:44 Entrée dans ActionAccueil.php
08/06/2015 16:35:08 Entrée dans ActionLogin.php
08/06/2015 16:35:08 Authentification de fgastrini.
08/06/2015 16:35:08 Entrée dans ActionProfil.php
08/06/2015 16:35:13 Entrée dans GestionResultats.php
08/06/2015 16:35:28 Entrée dans ActionRencontre.php
08/06/2015 16:35:34 Entrée dans ActionArticle.php
08/06/2015 16:35:46 Entrée dans ActionAccueil.php
08/06/2015 16:36:23 Entrée dans ActionProfil.php
08/06/2015 16:36:35 Entrée dans ActionEquipe.php
08/06/2015 16:36:41 Entrée dans ActionMembre.php
08/06/2015 16:41:58 Entrée dans ActionAccueil.php
08/06/2015 16:41:58 Entrée dans ActionAccueil.php
08/06/2015 19:25:05 Entrée dans ActionAccueil.php
08/06/2015 19:25:20 Entrée dans AfficherPopupArticle.php
08/06/2015 19:27:16 Entrée dans AfficherPopupArticle.php
08/06/2015 19:27:56 Entrée dans ActionJoueurs.php
08/06/2015 19:30:52 Entrée dans AfficherPopupArticle.php
08/06/2015 19:44:48 Entrée dans AfficherPopupArticle.php
08/06/2015 19:45:05 Entrée dans ActionEvenement.php
08/06/2015 19:45:13 Entrée dans ActionAccueil.php
08/06/2015 20:18:43 Entrée dans ActionAccueil.php
08/06/2015 20:19:03 Entrée dans ActionClub.php
08/06/2015 20:19:12 Entrée dans ActionAccueil.php
08/06/2015 20:48:56 Entrée dans ActionAccueil.php
08/06/2015 20:49:19 Entrée dans AfficherPopupArticle.php
08/06/2015 20:52:40 Entrée dans ActionJoueurs.php
08/06/2015 20:52:43 Entrée dans ActionClub.php
08/06/2015 20:52:47 Entrée dans ActionAccueil.php
08/06/2015 20:52:51 Entrée dans ActionEvenement.php
08/06/2015 20:53:34 Entrée dans ActionEcoleDeFoot.php
08/06/2015 20:53:44 Entrée dans ActionEcoleDeFoot.php
08/06/2015 20:55:15 Entrée dans ActionEcoleDeFoot.php
08/06/2015 20:55:31 Entrée dans ActionEcoleDeFoot.php
08/06/2015 20:55:56 Entrée dans ActionEcoleDeFoot.php
08/06/2015 20:56:24 Entrée dans ActionEcoleDeFoot.php
08/06/2015 20:56:28 Entrée dans ActionEcoleDeFoot.php
08/06/2015 20:56:41 Entrée dans ActionAccueil.php
08/06/2015 21:01:09 Entrée dans ActionEcoleDeFoot.php
08/06/2015 21:01:42 Entrée dans ActionEcoleDeFoot.php
08/06/2015 21:04:01 Entrée dans ActionEcoleDeFoot.php
08/06/2015 21:05:01 Entrée dans ActionEcoleDeFoot.php
08/06/2015 21:05:05 Entrée dans ActionEcoleDeFoot.php
08/06/2015 21:05:09 Entrée dans ActionEcoleDeFoot.php
08/06/2015 21:05:14 Entrée dans ActionEcoleDeFoot.php
08/06/2015 21:05:29 Entrée dans ActionClub.php
08/06/2015 21:06:18 Entrée dans ActionEvenement.php
08/06/2015 21:06:33 Entrée dans ActionAccueil.php
08/06/2015 21:06:45 Entrée dans AfficherPopupArticle.php
08/06/2015 21:12:43 Entrée dans ActionAccueil.php
08/06/2015 21:13:33 Entrée dans ActionJoueurs.php
08/06/2015 21:14:30 Entrée dans ActionEcoleDeFoot.php
08/06/2015 21:17:00 Entrée dans AfficherPopupArticle.php
09/06/2015 01:12:05 Entrée dans ActionAccueil.php
09/06/2015 01:12:29 Entrée dans ActionJoueurs.php
09/06/2015 03:41:19 Entrée dans ActionAccueil.php
09/06/2015 03:41:20 Entrée dans ActionAgenda.php
09/06/2015 03:41:21 Entrée dans ActionClub.php
09/06/2015 03:41:22 Entrée dans ActionEcoleDeFoot.php
09/06/2015 03:41:22 Entrée dans ActionEvenement.php
09/06/2015 03:41:22 Entrée dans ActionJoueurs.php
09/06/2015 03:41:23 Entrée dans ActionSponsor.php
09/06/2015 03:41:23 Entrée dans AfficherPopupArticle.php
09/06/2015 03:41:23 Entrée dans ActionAccueil.php
09/06/2015 03:41:24 Entrée dans RechercherArticle.php
09/06/2015 03:41:24 Entrée dans ActionAccueil.php
09/06/2015 03:41:25 Entrée dans ActionAccueil.php
09/06/2015 03:41:28 Entrée dans ActionProfil.php
09/06/2015 03:41:28 Entrée dans ActionAccueil.php
09/06/2015 03:41:29 Entrée dans ActionLogin.php
09/06/2015 03:41:29 Entrée dans ActionProfil.php
09/06/2015 03:41:29 Entrée dans ActionAccueil.php
09/06/2015 09:31:13 Entrée dans ActionAccueil.php
09/06/2015 11:03:34 Entrée dans ActionAccueil.php
09/06/2015 11:03:41 Entrée dans ActionAgenda.php
09/06/2015 11:03:43 Entrée dans ActionAgenda.php
09/06/2015 11:03:48 Entrée dans ActionAgenda.php
09/06/2015 11:03:52 Entrée dans ActionAccueil.php
09/06/2015 11:04:17 Entrée dans ActionClub.php
09/06/2015 11:04:22 Entrée dans ActionEcoleDeFoot.php
09/06/2015 11:04:30 Entrée dans ActionEvenement.php
09/06/2015 17:57:34 Entrée dans ActionClub.php
09/06/2015 18:41:36 Entrée dans ActionAccueil.php
09/06/2015 18:42:05 Entrée dans ActionAccueil.php
09/06/2015 18:42:17 Entrée dans ActionClub.php
09/06/2015 19:28:57 Entrée dans ActionAccueil.php
09/06/2015 19:29:11 Entrée dans ActionAccueil.php
09/06/2015 19:29:20 Entrée dans ActionClub.php
09/06/2015 21:18:05 Entrée dans ActionAccueil.php
09/06/2015 22:14:49 Entrée dans ActionAccueil.php
09/06/2015 22:15:15 Entrée dans AfficherPopupArticle.php
09/06/2015 22:16:43 Entrée dans AfficherPopupArticle.php
09/06/2015 22:17:07 Entrée dans AfficherPopupArticle.php
09/06/2015 22:17:23 Entrée dans ActionEcoleDeFoot.php
09/06/2015 22:17:37 Entrée dans ActionEvenement.php
09/06/2015 22:27:46 Entrée dans ActionAccueil.php
10/06/2015 01:11:44 Entrée dans ActionAccueil.php
10/06/2015 01:11:57 Entrée dans ActionClub.php
10/06/2015 01:12:07 Entrée dans ActionAgenda.php
10/06/2015 01:12:17 Entrée dans ActionSponsor.php
10/06/2015 01:12:27 Entrée dans ActionJoueurs.php
10/06/2015 01:12:42 Entrée dans ActionEvenement.php
10/06/2015 01:12:53 Entrée dans ActionEcoleDeFoot.php
10/06/2015 07:11:15 Entrée dans ActionAccueil.php
10/06/2015 07:11:18 Entrée dans ActionSponsor.php
10/06/2015 07:11:20 Entrée dans ActionAgenda.php
10/06/2015 07:11:22 Entrée dans ActionEvenement.php
10/06/2015 07:11:24 Entrée dans ActionJoueurs.php
10/06/2015 07:11:26 Entrée dans ActionEcoleDeFoot.php
10/06/2015 07:11:29 Entrée dans ActionClub.php
10/06/2015 07:13:16 Entrée dans ActionAccueil.php
10/06/2015 07:15:32 Entrée dans ActionClub.php
10/06/2015 07:18:09 Entrée dans ActionAgenda.php
10/06/2015 07:18:13 Entrée dans ActionAgenda.php
10/06/2015 07:18:21 Entrée dans ActionAccueil.php
10/06/2015 07:18:33 Entrée dans AfficherPopupArticle.php
10/06/2015 07:21:21 Entrée dans ActionAccueil.php
10/06/2015 07:21:25 Entrée dans ActionClub.php
10/06/2015 07:23:20 Entrée dans ActionEcoleDeFoot.php
10/06/2015 07:23:59 Entrée dans ActionEcoleDeFoot.php
10/06/2015 07:24:17 Entrée dans ActionEcoleDeFoot.php
10/06/2015 07:25:04 Entrée dans ActionEcoleDeFoot.php
10/06/2015 07:25:15 Entrée dans ActionEcoleDeFoot.php
10/06/2015 07:25:28 Entrée dans ActionEcoleDeFoot.php
10/06/2015 07:25:30 Entrée dans ActionEcoleDeFoot.php
10/06/2015 07:25:40 Entrée dans ActionEcoleDeFoot.php
10/06/2015 07:26:52 Entrée dans ActionEcoleDeFoot.php
10/06/2015 09:05:52 Entrée dans ActionAccueil.php
10/06/2015 09:05:58 Entrée dans ActionAccueil.php
10/06/2015 09:06:14 Entrée dans ActionAgenda.php
10/06/2015 09:06:15 Entrée dans ActionAgenda.php
10/06/2015 09:27:12 Entrée dans ActionAccueil.php
10/06/2015 09:36:45 Entrée dans ActionAccueil.php
10/06/2015 09:36:58 Entrée dans ActionAccueil.php
10/06/2015 11:24:58 Entrée dans ActionAccueil.php
10/06/2015 11:24:59 Entrée dans ActionEvenement.php
10/06/2015 11:25:01 Entrée dans ActionSponsor.php
10/06/2015 11:25:02 Entrée dans ActionClub.php
10/06/2015 11:25:04 Entrée dans ActionJoueurs.php
10/06/2015 11:25:09 Entrée dans ActionEcoleDeFoot.php
10/06/2015 11:25:15 Entrée dans ActionAgenda.php
10/06/2015 16:58:53 Entrée dans ActionAccueil.php
10/06/2015 16:59:02 Entrée dans AfficherPopupArticle.php
10/06/2015 17:30:19 Entrée dans ActionAccueil.php
10/06/2015 17:30:52 Entrée dans ActionEcoleDeFoot.php
10/06/2015 17:30:57 Entrée dans ActionJoueurs.php
10/06/2015 17:31:05 Entrée dans ActionEcoleDeFoot.php
10/06/2015 17:31:19 Entrée dans ActionClub.php
10/06/2015 17:31:35 Entrée dans ActionEvenement.php
10/06/2015 17:31:41 Entrée dans ActionAgenda.php
10/06/2015 17:31:42 Entrée dans ActionAgenda.php
10/06/2015 17:31:42 Entrée dans ActionEcoleDeFoot.php
10/06/2015 17:31:45 Entrée dans ActionEcoleDeFoot.php
10/06/2015 17:32:04 Entrée dans ActionEcoleDeFoot.php
10/06/2015 17:32:54 Entrée dans ActionEcoleDeFoot.php
10/06/2015 17:33:46 Entrée dans ActionAgenda.php
10/06/2015 17:33:49 Entrée dans ActionEcoleDeFoot.php
10/06/2015 17:33:52 Entrée dans ActionEcoleDeFoot.php
10/06/2015 17:34:39 Entrée dans ActionEcoleDeFoot.php
10/06/2015 17:34:43 Entrée dans ActionEcoleDeFoot.php
11/06/2015 01:39:53 Entrée dans ActionJoueurs.php
11/06/2015 05:18:13 Entrée dans ActionAccueil.php
11/06/2015 05:21:24 Entrée dans ActionAccueil.php
11/06/2015 05:33:47 Entrée dans ActionClub.php
11/06/2015 05:37:06 Entrée dans ActionEcoleDeFoot.php
11/06/2015 05:38:04 Entrée dans ActionEcoleDeFoot.php
11/06/2015 05:38:21 Entrée dans ActionEcoleDeFoot.php
11/06/2015 10:17:07 Entrée dans ActionAccueil.php
11/06/2015 12:22:59 Entrée dans ActionAccueil.php
11/06/2015 12:23:12 Entrée dans AfficherPopupArticle.php
11/06/2015 12:24:12 Entrée dans AfficherPopupArticle.php
11/06/2015 12:24:30 Entrée dans AfficherPopupArticle.php
11/06/2015 13:58:33 Entrée dans ActionAccueil.php
11/06/2015 15:05:10 Entrée dans ActionEcoleDeFoot.php
11/06/2015 15:05:23 Entrée dans ActionAccueil.php
11/06/2015 15:05:32 Entrée dans ActionClub.php
11/06/2015 16:32:53 Entrée dans ActionAccueil.php
11/06/2015 16:33:02 Entrée dans ActionClub.php
11/06/2015 16:33:03 Entrée dans ActionClub.php
11/06/2015 16:35:44 Entrée dans ActionEcoleDeFoot.php
11/06/2015 16:36:03 Entrée dans ActionEcoleDeFoot.php
11/06/2015 16:38:45 Entrée dans ActionSponsor.php
11/06/2015 16:38:59 Entrée dans ActionEcoleDeFoot.php
11/06/2015 16:39:40 Entrée dans ActionEvenement.php
11/06/2015 16:40:40 Entrée dans ActionAccueil.php
11/06/2015 16:40:54 Entrée dans AfficherPopupArticle.php
11/06/2015 16:41:35 Entrée dans ActionClub.php
11/06/2015 16:41:57 Entrée dans ActionAgenda.php
11/06/2015 16:41:59 Entrée dans ActionAgenda.php
11/06/2015 16:42:04 Entrée dans ActionAgenda.php
11/06/2015 16:42:23 Entrée dans ActionAgenda.php
11/06/2015 16:42:31 Entrée dans ActionJoueurs.php
11/06/2015 16:43:12 Entrée dans ActionAccueil.php
11/06/2015 16:44:11 Entrée dans AfficherPopupArticle.php
11/06/2015 17:03:39 Entrée dans ActionAccueil.php
11/06/2015 17:03:54 Entrée dans ActionClub.php
11/06/2015 17:03:56 Entrée dans ActionClub.php
11/06/2015 18:13:24 Entrée dans ActionAccueil.php
11/06/2015 18:13:31 Entrée dans ActionClub.php
11/06/2015 18:19:21 Entrée dans ActionAccueil.php
11/06/2015 19:18:13 Entrée dans ActionAccueil.php
11/06/2015 19:18:20 Entrée dans ActionEvenement.php
11/06/2015 20:19:55 Entrée dans ActionAccueil.php
11/06/2015 20:20:07 Entrée dans ActionAccueil.php
11/06/2015 20:20:15 Entrée dans ActionClub.php
11/06/2015 20:21:45 Entrée dans ActionJoueurs.php
11/06/2015 20:21:56 Entrée dans ActionEcoleDeFoot.php
11/06/2015 20:22:01 Entrée dans ActionAgenda.php
11/06/2015 20:22:03 Entrée dans ActionAgenda.php
11/06/2015 20:22:05 Entrée dans ActionEvenement.php
11/06/2015 20:22:09 Entrée dans ActionSponsor.php
11/06/2015 20:22:18 Entrée dans ActionAccueil.php
12/06/2015 05:32:15 Entrée dans ActionAccueil.php
12/06/2015 05:32:43 Entrée dans ActionEcoleDeFoot.php
12/06/2015 05:32:50 Entrée dans ActionEcoleDeFoot.php
12/06/2015 05:32:59 Entrée dans ActionAgenda.php
12/06/2015 05:33:00 Entrée dans ActionAgenda.php
12/06/2015 10:13:28 Entrée dans ActionAccueil.php
12/06/2015 13:28:26 Entrée dans ActionAccueil.php
12/06/2015 13:28:53 Entrée dans ActionAccueil.php
12/06/2015 13:29:10 Entrée dans AfficherPopupArticle.php
12/06/2015 13:30:22 Entrée dans AfficherPopupArticle.php
12/06/2015 13:30:46 Entrée dans ActionAgenda.php
12/06/2015 13:30:48 Entrée dans ActionAgenda.php
12/06/2015 13:30:53 Entrée dans ActionClub.php
12/06/2015 13:32:33 Entrée dans ActionClub.php
12/06/2015 13:32:43 Entrée dans ActionEcoleDeFoot.php
12/06/2015 13:33:23 Entrée dans ActionEcoleDeFoot.php
12/06/2015 13:35:35 Entrée dans ActionEcoleDeFoot.php
12/06/2015 13:35:45 Entrée dans ActionEcoleDeFoot.php
12/06/2015 13:35:50 Entrée dans ActionEcoleDeFoot.php
12/06/2015 13:47:05 Entrée dans ActionAccueil.php
12/06/2015 13:47:19 Entrée dans ActionAccueil.php
12/06/2015 13:47:57 Entrée dans ActionJoueurs.php
12/06/2015 13:50:21 Entrée dans ActionAccueil.php
12/06/2015 15:09:42 Entrée dans ActionClub.php
12/06/2015 15:18:22 Entrée dans ActionAccueil.php
12/06/2015 15:19:00 Entrée dans ActionClub.php
12/06/2015 17:20:51 Entrée dans ActionAccueil.php
12/06/2015 19:19:16 Entrée dans ActionAccueil.php
12/06/2015 19:19:17 Entrée dans ActionEvenement.php
12/06/2015 19:19:19 Entrée dans ActionSponsor.php
12/06/2015 19:19:19 Entrée dans ActionClub.php
12/06/2015 19:19:21 Entrée dans ActionJoueurs.php
12/06/2015 19:19:21 Entrée dans ActionEcoleDeFoot.php
12/06/2015 19:19:22 Entrée dans ActionAgenda.php
12/06/2015 20:47:13 Entrée dans ActionAccueil.php
12/06/2015 23:11:58 Entrée dans ActionAccueil.php
13/06/2015 03:34:52 Entrée dans ActionAccueil.php
13/06/2015 05:05:29 Entrée dans ActionAccueil.php
13/06/2015 05:05:31 Entrée dans ActionEvenement.php
13/06/2015 05:05:36 Entrée dans ActionSponsor.php
13/06/2015 05:05:39 Entrée dans ActionClub.php
13/06/2015 05:05:40 Entrée dans ActionJoueurs.php
13/06/2015 05:05:44 Entrée dans ActionEcoleDeFoot.php
13/06/2015 05:05:47 Entrée dans ActionAgenda.php
13/06/2015 05:59:13 Entrée dans ActionClub.php
13/06/2015 07:13:40 Entrée dans ActionAccueil.php
13/06/2015 07:15:07 Entrée dans AfficherPopupArticle.php
13/06/2015 07:15:26 Entrée dans AfficherPopupArticle.php
13/06/2015 07:15:37 Entrée dans AfficherPopupArticle.php
13/06/2015 07:15:45 Entrée dans AfficherPopupArticle.php
13/06/2015 07:16:08 Entrée dans AfficherPopupArticle.php
13/06/2015 07:16:25 Entrée dans ActionClub.php
13/06/2015 09:05:54 Entrée dans ActionAccueil.php
13/06/2015 09:07:25 Entrée dans ActionEcoleDeFoot.php
13/06/2015 09:07:48 Entrée dans ActionEcoleDeFoot.php
13/06/2015 09:09:27 Entrée dans ActionAccueil.php
13/06/2015 11:24:10 Entrée dans ActionClub.php
13/06/2015 16:34:01 Entrée dans ActionAccueil.php
13/06/2015 16:34:32 Entrée dans ActionAccueil.php
13/06/2015 16:34:36 Entrée dans ActionJoueurs.php
13/06/2015 16:35:53 Entrée dans ActionEvenement.php
13/06/2015 16:36:08 Entrée dans ActionClub.php
13/06/2015 16:36:44 Entrée dans ActionAccueil.php
13/06/2015 16:36:58 Entrée dans AfficherPopupArticle.php
13/06/2015 18:44:10 Entrée dans ActionAccueil.php
13/06/2015 19:18:09 Entrée dans ActionAccueil.php
13/06/2015 19:18:43 Entrée dans AfficherPopupArticle.php
13/06/2015 19:19:14 Entrée dans ActionJoueurs.php
13/06/2015 19:19:49 Entrée dans ActionEcoleDeFoot.php
13/06/2015 19:20:03 Entrée dans ActionEvenement.php
13/06/2015 19:45:19 Entrée dans ActionSponsor.php
13/06/2015 21:34:44 Entrée dans ActionAccueil.php
14/06/2015 02:11:41 Entrée dans ActionAccueil.php
14/06/2015 02:11:49 Entrée dans ActionJoueurs.php
14/06/2015 02:23:52 Entrée dans ActionAgenda.php
14/06/2015 02:23:58 Entrée dans ActionAgenda.php
14/06/2015 02:24:10 Entrée dans ActionAgenda.php
14/06/2015 02:24:11 Entrée dans ActionAgenda.php
14/06/2015 02:24:13 Entrée dans ActionEvenement.php
14/06/2015 02:24:19 Entrée dans ActionClub.php
14/06/2015 02:25:15 Entrée dans ActionJoueurs.php
14/06/2015 08:10:50 Entrée dans ActionAccueil.php
14/06/2015 12:40:59 Entrée dans ActionJoueurs.php
14/06/2015 21:01:44 Entrée dans ActionEcoleDeFoot.php
15/06/2015 02:35:56 Entrée dans ActionAgenda.php
15/06/2015 02:37:59 Entrée dans ActionAgenda.php
15/06/2015 02:38:08 Entrée dans ActionAgenda.php
15/06/2015 02:52:28 Entrée dans ActionEvenement.php
15/06/2015 04:44:08 Entrée dans ActionAccueil.php
15/06/2015 09:18:14 Entrée dans ActionAccueil.php
15/06/2015 09:20:39 Entrée dans AfficherPopupArticle.php
15/06/2015 10:34:17 Entrée dans ActionAccueil.php
15/06/2015 10:34:19 Entrée dans ActionAccueil.php
15/06/2015 10:34:48 Entrée dans ActionEcoleDeFoot.php
15/06/2015 10:35:32 Entrée dans ActionEcoleDeFoot.php
15/06/2015 10:38:20 Entrée dans ActionEcoleDeFoot.php
15/06/2015 10:38:41 Entrée dans ActionEcoleDeFoot.php
15/06/2015 14:00:12 Entrée dans ActionAccueil.php
15/06/2015 14:00:17 Entrée dans ActionClub.php
15/06/2015 14:00:19 Entrée dans ActionJoueurs.php
15/06/2015 14:00:21 Entrée dans ActionEcoleDeFoot.php
15/06/2015 14:00:23 Entrée dans ActionAgenda.php
15/06/2015 14:00:26 Entrée dans ActionEvenement.php
15/06/2015 14:00:28 Entrée dans ActionSponsor.php
15/06/2015 14:21:57 Entrée dans ActionAccueil.php
15/06/2015 14:28:03 Entrée dans ActionAccueil.php
15/06/2015 14:28:07 Entrée dans ActionAccueil.php
15/06/2015 14:28:14 Entrée dans ActionAgenda.php
15/06/2015 14:28:16 Entrée dans ActionAgenda.php
15/06/2015 14:28:19 Entrée dans ActionEcoleDeFoot.php
15/06/2015 14:28:32 Entrée dans ActionEcoleDeFoot.php
15/06/2015 14:29:33 Entrée dans ActionEcoleDeFoot.php
15/06/2015 14:29:34 Entrée dans ActionEcoleDeFoot.php
15/06/2015 14:29:46 Entrée dans ActionEcoleDeFoot.php
15/06/2015 14:29:52 Entrée dans ActionEcoleDeFoot.php
15/06/2015 14:29:54 Entrée dans ActionEcoleDeFoot.php
15/06/2015 14:30:19 Entrée dans ActionAccueil.php
15/06/2015 21:25:47 Entrée dans ActionAccueil.php
16/06/2015 06:37:45 Entrée dans ActionAgenda.php
16/06/2015 11:21:16 Entrée dans ActionAccueil.php
16/06/2015 11:21:31 Entrée dans AfficherPopupArticle.php
16/06/2015 11:25:56 Entrée dans ActionEcoleDeFoot.php
16/06/2015 11:26:47 Entrée dans ActionEcoleDeFoot.php
16/06/2015 11:26:51 Entrée dans ActionEcoleDeFoot.php
16/06/2015 11:27:03 Entrée dans ActionEcoleDeFoot.php
16/06/2015 11:27:10 Entrée dans ActionEcoleDeFoot.php
16/06/2015 11:27:14 Entrée dans ActionEcoleDeFoot.php
16/06/2015 11:27:17 Entrée dans ActionEcoleDeFoot.php
16/06/2015 13:14:51 Entrée dans ActionEcoleDeFoot.php
16/06/2015 16:16:06 Entrée dans ActionAccueil.php
16/06/2015 16:16:26 Entrée dans ActionAccueil.php
16/06/2015 16:48:29 Entrée dans ActionAccueil.php
16/06/2015 18:53:31 Entrée dans AfficherPopupArticle.php
16/06/2015 18:53:48 Entrée dans AfficherPopupArticle.php
16/06/2015 22:04:43 Entrée dans ActionAccueil.php
16/06/2015 22:05:17 Entrée dans ActionEcoleDeFoot.php
16/06/2015 22:05:21 Entrée dans ActionEcoleDeFoot.php
16/06/2015 22:11:06 Entrée dans ActionAccueil.php
16/06/2015 22:11:10 Entrée dans ActionJoueurs.php
16/06/2015 22:11:40 Entrée dans ActionEcoleDeFoot.php
16/06/2015 22:12:24 Entrée dans ActionEcoleDeFoot.php
16/06/2015 22:12:26 Entrée dans ActionEcoleDeFoot.php
16/06/2015 22:13:50 Entrée dans ActionEcoleDeFoot.php
16/06/2015 22:16:47 Entrée dans ActionEcoleDeFoot.php
16/06/2015 22:17:31 Entrée dans ActionEcoleDeFoot.php
16/06/2015 22:17:45 Entrée dans ActionClub.php
16/06/2015 22:19:09 Entrée dans ActionClub.php
16/06/2015 22:19:12 Entrée dans ActionJoueurs.php
16/06/2015 22:19:21 Entrée dans ActionEvenement.php
16/06/2015 22:20:04 Entrée dans ActionSponsor.php
16/06/2015 22:20:08 Entrée dans ActionAccueil.php
16/06/2015 22:20:49 Entrée dans ActionEcoleDeFoot.php
16/06/2015 22:20:56 Entrée dans ActionEcoleDeFoot.php
16/06/2015 22:21:00 Entrée dans ActionEcoleDeFoot.php
16/06/2015 22:21:06 Entrée dans ActionEcoleDeFoot.php
16/06/2015 22:56:09 Entrée dans ActionAccueil.php
17/06/2015 00:36:53 Entrée dans ActionAccueil.php
17/06/2015 10:38:26 Entrée dans ActionEcoleDeFoot.php
17/06/2015 13:45:57 Entrée dans ActionAccueil.php
17/06/2015 13:46:16 Entrée dans AfficherPopupArticle.php
17/06/2015 13:46:28 Entrée dans ActionAccueil.php
17/06/2015 13:46:31 Entrée dans ActionJoueurs.php
17/06/2015 13:46:40 Entrée dans ActionClub.php
17/06/2015 16:29:01 Entrée dans ActionAccueil.php
17/06/2015 16:36:12 Entrée dans ActionAccueil.php
17/06/2015 16:36:23 Entrée dans ActionClub.php
17/06/2015 16:51:11 Entrée dans ActionAccueil.php
17/06/2015 16:51:39 Entrée dans AfficherPopupArticle.php
17/06/2015 16:51:45 Entrée dans AfficherPopupArticle.php
17/06/2015 16:52:19 Entrée dans AfficherPopupArticle.php
17/06/2015 16:52:37 Entrée dans ActionAccueil.php
17/06/2015 16:52:39 Entrée dans ActionClub.php
17/06/2015 16:55:25 Entrée dans ActionClub.php
17/06/2015 16:55:33 Entrée dans ActionJoueurs.php
17/06/2015 16:55:51 Entrée dans ActionJoueurs.php
17/06/2015 16:55:53 Entrée dans ActionEcoleDeFoot.php
17/06/2015 16:56:26 Entrée dans ActionEcoleDeFoot.php
17/06/2015 16:56:59 Entrée dans ActionEcoleDeFoot.php
17/06/2015 16:57:02 Entrée dans ActionEcoleDeFoot.php
17/06/2015 16:57:28 Entrée dans ActionAgenda.php
17/06/2015 16:57:30 Entrée dans ActionAgenda.php
17/06/2015 16:57:34 Entrée dans ActionAgenda.php
17/06/2015 19:45:38 Entrée dans ActionAccueil.php
17/06/2015 19:48:59 Entrée dans ActionAccueil.php
17/06/2015 19:49:10 Entrée dans ActionEcoleDeFoot.php
17/06/2015 19:50:25 Entrée dans ActionEcoleDeFoot.php
17/06/2015 19:51:35 Entrée dans ActionEcoleDeFoot.php
17/06/2015 19:51:43 Entrée dans ActionEcoleDeFoot.php
17/06/2015 19:52:07 Entrée dans ActionEcoleDeFoot.php
17/06/2015 19:52:45 Entrée dans ActionSponsor.php
17/06/2015 19:52:49 Entrée dans ActionEvenement.php
17/06/2015 19:52:52 Entrée dans ActionAgenda.php
17/06/2015 19:52:53 Entrée dans ActionAgenda.php
17/06/2015 19:52:57 Entrée dans ActionJoueurs.php
17/06/2015 19:53:06 Entrée dans ActionClub.php
18/06/2015 09:42:58 Entrée dans ActionAccueil.php
18/06/2015 13:57:50 Entrée dans ActionAccueil.php
18/06/2015 13:58:39 Entrée dans ActionJoueurs.php
18/06/2015 13:59:16 Entrée dans AfficherPopupArticle.php
18/06/2015 13:59:35 Entrée dans ActionClub.php
18/06/2015 22:58:18 Entrée dans ActionAccueil.php
18/06/2015 22:58:32 Entrée dans AfficherPopupArticle.php
19/06/2015 02:19:29 Entrée dans ActionClub.php
19/06/2015 09:23:36 Entrée dans ActionAccueil.php
19/06/2015 09:23:53 Entrée dans AfficherPopupArticle.php
19/06/2015 09:24:06 Entrée dans AfficherPopupArticle.php
19/06/2015 10:41:37 Entrée dans ActionAccueil.php
19/06/2015 10:42:09 Entrée dans ActionClub.php
19/06/2015 10:44:08 Entrée dans ActionJoueurs.php
19/06/2015 10:44:20 Entrée dans ActionClub.php
19/06/2015 10:44:24 Entrée dans ActionClub.php
19/06/2015 10:44:26 Entrée dans ActionJoueurs.php
19/06/2015 10:44:32 Entrée dans ActionEcoleDeFoot.php
19/06/2015 10:44:42 Entrée dans ActionAgenda.php
19/06/2015 10:44:43 Entrée dans ActionAgenda.php
19/06/2015 10:44:46 Entrée dans ActionEvenement.php
19/06/2015 10:44:57 Entrée dans ActionSponsor.php
19/06/2015 10:45:06 Entrée dans ActionAccueil.php
19/06/2015 10:45:20 Entrée dans AfficherPopupArticle.php
19/06/2015 10:45:32 Entrée dans AfficherPopupArticle.php
19/06/2015 13:49:36 Entrée dans ActionAccueil.php
19/06/2015 16:27:12 Entrée dans ActionAccueil.php
19/06/2015 16:27:42 Entrée dans ActionJoueurs.php
19/06/2015 17:25:42 Entrée dans ActionAccueil.php
19/06/2015 17:56:02 Entrée dans ActionAccueil.php
19/06/2015 17:56:33 Entrée dans ActionJoueurs.php
19/06/2015 19:42:36 Entrée dans ActionAccueil.php
19/06/2015 19:43:30 Entrée dans ActionJoueurs.php
19/06/2015 19:44:42 Entrée dans ActionEvenement.php
19/06/2015 19:44:47 Entrée dans ActionAgenda.php
19/06/2015 19:44:48 Entrée dans ActionAgenda.php
19/06/2015 19:44:51 Entrée dans ActionEvenement.php
19/06/2015 19:44:52 Entrée dans ActionClub.php
19/06/2015 19:45:00 Entrée dans ActionJoueurs.php
19/06/2015 19:46:20 Entrée dans ActionSponsor.php
19/06/2015 19:46:32 Entrée dans ActionEcoleDeFoot.php
19/06/2015 19:46:58 Entrée dans ActionEcoleDeFoot.php
19/06/2015 19:47:01 Entrée dans ActionEcoleDeFoot.php
19/06/2015 19:47:03 Entrée dans ActionEcoleDeFoot.php
19/06/2015 19:47:07 Entrée dans ActionEcoleDeFoot.php
19/06/2015 19:47:31 Entrée dans ActionEcoleDeFoot.php
19/06/2015 19:47:53 Entrée dans ActionEcoleDeFoot.php
19/06/2015 22:42:17 Entrée dans ActionAccueil.php
19/06/2015 22:42:17 Entrée dans ActionAccueil.php
19/06/2015 22:42:28 Entrée dans ActionClub.php
19/06/2015 22:42:45 Entrée dans ActionJoueurs.php
19/06/2015 22:42:56 Entrée dans ActionEcoleDeFoot.php
19/06/2015 22:43:11 Entrée dans ActionEcoleDeFoot.php
19/06/2015 22:43:38 Entrée dans ActionEcoleDeFoot.php
19/06/2015 22:44:00 Entrée dans ActionEcoleDeFoot.php
19/06/2015 22:44:21 Entrée dans ActionAgenda.php
19/06/2015 22:44:23 Entrée dans ActionAgenda.php
20/06/2015 10:04:10 Entrée dans ActionAccueil.php
20/06/2015 12:09:58 Entrée dans ActionAccueil.php
20/06/2015 13:03:12 Entrée dans ActionAccueil.php
20/06/2015 13:03:31 Entrée dans ActionEcoleDeFoot.php
20/06/2015 13:03:44 Entrée dans ActionEcoleDeFoot.php
20/06/2015 15:52:09 Entrée dans ActionClub.php
20/06/2015 19:07:46 Entrée dans ActionAccueil.php
20/06/2015 19:10:01 Entrée dans AfficherPopupArticle.php
20/06/2015 19:11:14 Entrée dans ActionAccueil.php
20/06/2015 19:11:16 Entrée dans ActionEcoleDeFoot.php
20/06/2015 19:11:23 Entrée dans ActionEcoleDeFoot.php
20/06/2015 19:11:28 Entrée dans ActionEcoleDeFoot.php
20/06/2015 19:11:52 Entrée dans ActionClub.php
20/06/2015 19:13:07 Entrée dans ActionSponsor.php
20/06/2015 19:13:17 Entrée dans ActionAccueil.php
20/06/2015 22:23:35 Entrée dans ActionAccueil.php
20/06/2015 22:24:18 Entrée dans ActionAccueil.php
21/06/2015 11:58:13 Entrée dans ActionAccueil.php
21/06/2015 11:59:06 Entrée dans ActionAccueil.php
21/06/2015 11:59:10 Entrée dans ActionClub.php
21/06/2015 11:59:13 Entrée dans ActionClub.php
21/06/2015 11:59:27 Entrée dans ActionAgenda.php
21/06/2015 11:59:29 Entrée dans ActionAgenda.php
21/06/2015 11:59:33 Entrée dans ActionEcoleDeFoot.php
21/06/2015 12:00:03 Entrée dans ActionEcoleDeFoot.php
21/06/2015 13:36:17 Entrée dans ActionAccueil.php
21/06/2015 13:37:38 Entrée dans AfficherPopupArticle.php
21/06/2015 13:38:26 Entrée dans ActionJoueurs.php
21/06/2015 13:40:11 Entrée dans ActionClub.php
21/06/2015 13:40:24 Entrée dans ActionAgenda.php
21/06/2015 13:40:25 Entrée dans ActionAgenda.php
21/06/2015 13:40:29 Entrée dans ActionEvenement.php
21/06/2015 13:40:47 Entrée dans ActionSponsor.php
21/06/2015 13:40:57 Entrée dans ActionAccueil.php
21/06/2015 13:41:16 Entrée dans ActionClub.php
21/06/2015 13:41:20 Entrée dans ActionAccueil.php
21/06/2015 13:41:24 Entrée dans AfficherPopupArticle.php
21/06/2015 13:41:41 Entrée dans AfficherPopupArticle.php
21/06/2015 13:42:25 Entrée dans AfficherPopupArticle.php
21/06/2015 13:43:03 Entrée dans ActionEcoleDeFoot.php
21/06/2015 13:43:29 Entrée dans ActionEvenement.php
21/06/2015 13:44:10 Entrée dans ActionAgenda.php
21/06/2015 19:03:20 Entrée dans ActionAccueil.php
21/06/2015 19:03:32 Entrée dans AfficherPopupArticle.php
21/06/2015 19:04:12 Entrée dans AfficherPopupArticle.php
21/06/2015 19:05:25 Entrée dans AfficherPopupArticle.php
21/06/2015 19:06:02 Entrée dans ActionJoueurs.php
21/06/2015 19:06:24 Entrée dans ActionAgenda.php
21/06/2015 19:06:25 Entrée dans ActionAgenda.php
21/06/2015 19:06:28 Entrée dans ActionEvenement.php
21/06/2015 19:06:44 Entrée dans ActionClub.php
21/06/2015 19:09:18 Entrée dans ActionAccueil.php
21/06/2015 19:09:27 Entrée dans ActionEcoleDeFoot.php
21/06/2015 19:10:08 Entrée dans ActionAccueil.php
21/06/2015 19:10:12 Entrée dans ActionJoueurs.php
21/06/2015 19:40:36 Entrée dans ActionEcoleDeFoot.php
21/06/2015 19:40:45 Entrée dans ActionEcoleDeFoot.php
21/06/2015 19:46:41 Entrée dans ActionAccueil.php
21/06/2015 19:47:06 Entrée dans ActionJoueurs.php
22/06/2015 11:23:44 Entrée dans ActionAccueil.php
22/06/2015 11:24:15 Entrée dans ActionJoueurs.php
22/06/2015 12:24:13 Entrée dans ActionAccueil.php
22/06/2015 12:33:23 Entrée dans ActionClub.php
22/06/2015 12:33:36 Entrée dans ActionEvenement.php
22/06/2015 12:33:42 Entrée dans ActionSponsor.php
22/06/2015 12:35:07 Entrée dans ActionAccueil.php
22/06/2015 12:35:30 Entrée dans AfficherPopupArticle.php
22/06/2015 14:45:18 Entrée dans ActionSponsor.php
22/06/2015 14:58:17 Entrée dans ActionAccueil.php
22/06/2015 16:38:40 Entrée dans ActionAccueil.php
22/06/2015 16:39:17 Entrée dans ActionEvenement.php
22/06/2015 16:39:23 Entrée dans ActionEcoleDeFoot.php
22/06/2015 16:39:26 Entrée dans ActionJoueurs.php
22/06/2015 18:39:17 Entrée dans ActionAccueil.php
22/06/2015 18:39:36 Entrée dans ActionAccueil.php
22/06/2015 21:45:03 Entrée dans ActionAccueil.php
22/06/2015 23:19:01 Entrée dans ActionAccueil.php
22/06/2015 23:19:37 Entrée dans ActionJoueurs.php
22/06/2015 23:20:16 Entrée dans ActionClub.php
23/06/2015 07:14:24 Entrée dans ActionAccueil.php
23/06/2015 07:14:50 Entrée dans AfficherPopupArticle.php
23/06/2015 10:56:47 Entrée dans ActionAccueil.php
23/06/2015 10:57:16 Entrée dans ActionSponsor.php
23/06/2015 10:57:50 Entrée dans ActionAccueil.php
23/06/2015 16:55:47 Entrée dans ActionAccueil.php
23/06/2015 16:56:08 Entrée dans AfficherPopupArticle.php
23/06/2015 16:56:41 Entrée dans ActionSponsor.php
23/06/2015 20:09:26 Entrée dans ActionAccueil.php
23/06/2015 20:09:26 Entrée dans ActionAccueil.php
23/06/2015 20:09:26 Entrée dans ActionAccueil.php
23/06/2015 20:09:26 Entrée dans ActionAccueil.php
23/06/2015 20:09:29 Entrée dans ActionClub.php
23/06/2015 20:09:29 Entrée dans ActionClub.php
23/06/2015 20:09:29 Entrée dans ActionJoueurs.php
23/06/2015 20:09:29 Entrée dans ActionClub.php
23/06/2015 20:09:29 Entrée dans ActionJoueurs.php
23/06/2015 20:09:29 Entrée dans ActionClub.php
23/06/2015 20:09:29 Entrée dans ActionJoueurs.php
23/06/2015 20:09:29 Entrée dans ActionJoueurs.php
23/06/2015 20:09:29 Entrée dans ActionEcoleDeFoot.php
23/06/2015 20:09:29 Entrée dans ActionEcoleDeFoot.php
23/06/2015 20:09:29 Entrée dans ActionEcoleDeFoot.php
23/06/2015 20:09:29 Entrée dans ActionEcoleDeFoot.php
23/06/2015 20:09:29 Entrée dans ActionAgenda.php
23/06/2015 20:09:29 Entrée dans ActionAgenda.php
23/06/2015 20:09:29 Entrée dans ActionAgenda.php
23/06/2015 20:09:29 Entrée dans ActionAgenda.php
23/06/2015 20:09:29 Entrée dans ActionEvenement.php
23/06/2015 20:09:29 Entrée dans ActionEvenement.php
23/06/2015 20:09:29 Entrée dans ActionEvenement.php
23/06/2015 20:09:29 Entrée dans ActionEvenement.php
23/06/2015 20:09:30 Entrée dans ActionSponsor.php
23/06/2015 20:09:30 Entrée dans ActionSponsor.php
23/06/2015 20:09:30 Entrée dans ActionSponsor.php
23/06/2015 20:09:30 Entrée dans ActionSponsor.php
23/06/2015 20:36:03 Entrée dans ActionAccueil.php
23/06/2015 20:36:10 Entrée dans ActionEvenement.php
23/06/2015 23:05:20 Entrée dans ActionAccueil.php
23/06/2015 23:05:34 Entrée dans AfficherPopupArticle.php
23/06/2015 23:41:41 Entrée dans ActionAccueil.php
23/06/2015 23:41:57 Entrée dans AfficherPopupArticle.php
23/06/2015 23:42:29 Entrée dans ActionEcoleDeFoot.php
23/06/2015 23:44:31 Entrée dans ActionAgenda.php
23/06/2015 23:44:34 Entrée dans ActionAgenda.php
23/06/2015 23:44:43 Entrée dans ActionAgenda.php
23/06/2015 23:44:47 Entrée dans ActionClub.php
23/06/2015 23:45:03 Entrée dans ActionAccueil.php
23/06/2015 23:45:46 Entrée dans ActionEcoleDeFoot.php
24/06/2015 05:27:09 Entrée dans ActionAccueil.php
24/06/2015 05:27:10 Entrée dans ActionAccueil.php
24/06/2015 05:27:10 Entrée dans ActionJoueurs.php
24/06/2015 05:27:10 Entrée dans ActionClub.php
24/06/2015 05:27:11 Entrée dans ActionEcoleDeFoot.php
24/06/2015 05:27:11 Entrée dans ActionAgenda.php
24/06/2015 05:27:11 Entrée dans ActionEvenement.php
24/06/2015 05:27:11 Entrée dans ActionSponsor.php
24/06/2015 08:04:36 Entrée dans ActionClub.php
24/06/2015 08:28:41 Entrée dans ActionSponsor.php
24/06/2015 15:26:41 Entrée dans ActionAccueil.php
24/06/2015 16:06:29 Entrée dans ActionAccueil.php
24/06/2015 16:06:36 Entrée dans AfficherPopupArticle.php
24/06/2015 16:07:07 Entrée dans AfficherPopupArticle.php
24/06/2015 16:07:15 Entrée dans ActionJoueurs.php
24/06/2015 16:08:24 Entrée dans ActionAccueil.php
24/06/2015 16:08:31 Entrée dans ActionClub.php
24/06/2015 16:09:06 Entrée dans ActionAccueil.php
24/06/2015 18:57:39 Entrée dans ActionAgenda.php
24/06/2015 19:11:41 Entrée dans ActionEcoleDeFoot.php
24/06/2015 19:11:49 Entrée dans ActionEcoleDeFoot.php
24/06/2015 19:11:56 Entrée dans ActionJoueurs.php
24/06/2015 19:12:17 Entrée dans ActionClub.php
24/06/2015 19:12:25 Entrée dans ActionAccueil.php
24/06/2015 19:12:38 Entrée dans AfficherPopupArticle.php
24/06/2015 19:54:50 Entrée dans ActionAccueil.php
24/06/2015 19:55:05 Entrée dans AfficherPopupArticle.php
24/06/2015 19:56:02 Entrée dans ActionJoueurs.php
24/06/2015 19:58:25 Entrée dans ActionClub.php
24/06/2015 20:01:12 Entrée dans ActionAgenda.php
24/06/2015 20:01:14 Entrée dans ActionAgenda.php
24/06/2015 20:01:22 Entrée dans ActionClub.php
24/06/2015 21:49:17 Entrée dans ActionAgenda.php
24/06/2015 21:49:19 Entrée dans ActionAgenda.php
24/06/2015 21:49:27 Entrée dans ActionSponsor.php
24/06/2015 21:49:45 Entrée dans ActionAccueil.php
24/06/2015 21:50:08 Entrée dans AfficherPopupArticle.php
24/06/2015 21:50:35 Entrée dans AfficherPopupArticle.php
25/06/2015 03:03:54 Entrée dans ActionJoueurs.php
25/06/2015 09:13:06 Entrée dans ActionAccueil.php
25/06/2015 11:03:32 Entrée dans ActionAccueil.php
25/06/2015 11:03:33 Entrée dans ActionAccueil.php
25/06/2015 11:04:24 Entrée dans ActionLogin.php
25/06/2015 11:04:24 Authentification de tsutter.
25/06/2015 11:04:24 Entrée dans ActionProfil.php
25/06/2015 11:04:25 Entrée dans ActionAccueil.php
25/06/2015 11:04:28 Entrée dans ActionArticle.php
25/06/2015 11:05:17 Entrée dans ActionArticle.php
25/06/2015 11:05:18 Entrée dans ActionAccueil.php
25/06/2015 11:05:20 Entrée dans ActionAccueil.php
25/06/2015 13:21:48 Entrée dans ActionAccueil.php
25/06/2015 13:22:00 Entrée dans ActionEcoleDeFoot.php
25/06/2015 13:22:15 Entrée dans ActionEcoleDeFoot.php
25/06/2015 13:22:18 Entrée dans ActionEcoleDeFoot.php
25/06/2015 20:11:44 Entrée dans ActionEvenement.php
25/06/2015 21:07:31 Entrée dans ActionAccueil.php
25/06/2015 23:28:25 Entrée dans ActionAgenda.php
25/06/2015 23:29:24 Entrée dans ActionAgenda.php
25/06/2015 23:29:59 Entrée dans ActionAgenda.php
26/06/2015 00:49:57 Entrée dans ActionAccueil.php
26/06/2015 00:51:49 Entrée dans AfficherPopupArticle.php
26/06/2015 00:52:12 Entrée dans ActionEcoleDeFoot.php
26/06/2015 00:52:29 Entrée dans ActionClub.php
26/06/2015 00:52:34 Entrée dans ActionEcoleDeFoot.php
26/06/2015 21:46:50 Entrée dans ActionAccueil.php
26/06/2015 21:47:20 Entrée dans ActionAccueil.php
27/06/2015 12:39:25 Entrée dans ActionAccueil.php
27/06/2015 15:48:42 Entrée dans ActionAccueil.php
27/06/2015 15:48:48 Entrée dans AfficherPopupArticle.php
27/06/2015 15:49:41 Entrée dans ActionJoueurs.php
27/06/2015 15:49:58 Entrée dans ActionClub.php
27/06/2015 20:55:27 Entrée dans ActionEcoleDeFoot.php
28/06/2015 00:20:19 Entrée dans ActionAccueil.php
28/06/2015 00:20:29 Entrée dans AfficherPopupArticle.php
28/06/2015 11:12:33 Entrée dans ActionEcoleDeFoot.php
28/06/2015 11:48:29 Entrée dans ActionSponsor.php
28/06/2015 22:53:29 Entrée dans ActionJoueurs.php
29/06/2015 08:18:02 Entrée dans ActionAccueil.php
29/06/2015 08:18:06 Entrée dans ActionClub.php
29/06/2015 08:18:08 Entrée dans ActionJoueurs.php
29/06/2015 08:18:10 Entrée dans ActionEcoleDeFoot.php
29/06/2015 08:18:12 Entrée dans ActionAgenda.php
29/06/2015 08:18:15 Entrée dans ActionEvenement.php
29/06/2015 08:18:17 Entrée dans ActionSponsor.php
29/06/2015 10:26:05 Entrée dans ActionAccueil.php
29/06/2015 10:26:15 Entrée dans ActionAccueil.php
29/06/2015 10:26:21 Entrée dans ActionAccueil.php
29/06/2015 10:26:23 Entrée dans ActionJoueurs.php
29/06/2015 10:26:38 Entrée dans ActionAccueil.php
29/06/2015 10:26:49 Entrée dans AfficherPopupArticle.php
29/06/2015 10:26:57 Entrée dans ActionAccueil.php
29/06/2015 11:20:19 Entrée dans ActionAccueil.php
29/06/2015 11:20:29 Entrée dans AfficherPopupArticle.php
29/06/2015 11:21:23 Entrée dans ActionAccueil.php
29/06/2015 11:21:25 Entrée dans ActionJoueurs.php
29/06/2015 11:21:41 Entrée dans ActionEcoleDeFoot.php
29/06/2015 11:21:56 Entrée dans ActionEcoleDeFoot.php
29/06/2015 13:22:37 Entrée dans ActionClub.php
30/06/2015 04:30:28 Entrée dans ActionAccueil.php
30/06/2015 10:07:57 Entrée dans ActionJoueurs.php
30/06/2015 14:21:22 Entrée dans ActionAccueil.php
30/06/2015 14:21:44 Entrée dans ActionClub.php
30/06/2015 15:33:54 Entrée dans ActionLogin.php
30/06/2015 15:34:16 Entrée dans ActionLogin.php
30/06/2015 15:34:16 Authentification de epetot.
30/06/2015 15:34:16 Entrée dans ActionProfil.php
30/06/2015 15:34:23 Entrée dans ActionArticle.php
30/06/2015 15:36:39 Entrée dans ActionArticle.php
30/06/2015 15:36:46 Entrée dans ActionArticle.php
30/06/2015 15:38:22 Entrée dans ActionArticle.php
30/06/2015 15:38:55 Entrée dans ActionArticle.php
30/06/2015 15:39:08 Entrée dans RechercherArticle.php
30/06/2015 15:39:21 Entrée dans RechercherArticle.php
30/06/2015 15:39:35 Entrée dans ActionArticle.php
30/06/2015 15:39:39 Entrée dans RechercherArticle.php
30/06/2015 15:39:48 Entrée dans GestionResultats.php
30/06/2015 15:39:54 Entrée dans ActionArticle.php
30/06/2015 15:39:57 Entrée dans RechercherArticle.php
30/06/2015 15:40:02 Entrée dans ActionArticle.php
30/06/2015 15:40:04 Entrée dans RechercherArticle.php
30/06/2015 15:40:10 Entrée dans ActionArticle.php
30/06/2015 15:41:20 Entrée dans ActionArticle.php
30/06/2015 15:41:25 Entrée dans RechercherArticle.php
30/06/2015 15:42:01 Entrée dans ActionArticle.php
30/06/2015 15:42:09 Entrée dans RechercherArticle.php
30/06/2015 15:42:20 Entrée dans ActionArticle.php
30/06/2015 15:42:25 Entrée dans RechercherArticle.php
30/06/2015 15:42:57 Entrée dans ActionArticle.php
30/06/2015 15:44:20 Entrée dans ActionArticle.php
30/06/2015 15:44:27 Entrée dans RechercherArticle.php
30/06/2015 15:44:45 Entrée dans ActionArticle.php
30/06/2015 15:45:02 Entrée dans RechercherArticle.php
30/06/2015 17:05:40 Entrée dans ActionAccueil.php
30/06/2015 18:01:05 Entrée dans ActionAccueil.php
30/06/2015 21:44:28 Entrée dans ActionAccueil.php
30/06/2015 21:45:30 Entrée dans AfficherPopupArticle.php
30/06/2015 21:46:09 Entrée dans ActionJoueurs.php
