10/09/2017 15:36:49 Entrée dans ActionAccueil.php
10/09/2017 16:22:57 Entrée dans ActionAccueil.php
10/09/2017 17:09:28 Entrée dans ActionAccueil.php
10/09/2017 17:30:58 Entrée dans ActionAccueil.php
10/09/2017 18:51:39 Entrée dans ActionAccueil.php
10/09/2017 18:52:12 Entrée dans ActionJoueurs.php
10/09/2017 20:06:22 Entrée dans ActionAgenda.php
11/09/2017 03:40:40 Entrée dans ActionAccueil.php
11/09/2017 03:56:59 Entrée dans ActionAccueil.php
11/09/2017 03:57:00 Entrée dans ActionAccueil.php
11/09/2017 04:34:58 Entrée dans ActionAccueil.php
11/09/2017 04:35:02 Entrée dans ActionClub.php
11/09/2017 04:35:05 Entrée dans ActionJoueurs.php
11/09/2017 04:35:07 Entrée dans ActionEcoleDeFoot.php
11/09/2017 04:35:09 Entrée dans ActionAgenda.php
11/09/2017 04:35:12 Entrée dans ActionEvenement.php
11/09/2017 04:35:14 Entrée dans ActionSponsor.php
11/09/2017 09:47:44 Entrée dans ActionJoueurs.php
11/09/2017 09:47:44 Entrée dans ActionEvenement.php
11/09/2017 09:47:52 Entrée dans ActionSponsor.php
11/09/2017 09:50:08 Entrée dans ActionAccueil.php
11/09/2017 09:50:10 Entrée dans ActionClub.php
11/09/2017 09:52:30 Entrée dans ActionAccueil.php
11/09/2017 12:29:21 Entrée dans ActionAccueil.php
11/09/2017 13:00:18 Entrée dans ActionAccueil.php
11/09/2017 14:54:22 Entrée dans ActionAccueil.php
11/09/2017 14:54:37 Entrée dans ActionEcoleDeFoot.php
11/09/2017 14:54:46 Entrée dans ActionEcoleDeFoot.php
11/09/2017 14:55:07 Entrée dans ActionEcoleDeFoot.php
11/09/2017 14:55:14 Entrée dans ActionClub.php
11/09/2017 14:55:17 Entrée dans ActionJoueurs.php
11/09/2017 17:19:20 Entrée dans ActionAccueil.php
11/09/2017 17:19:34 Entrée dans ActionClub.php
11/09/2017 17:19:44 Entrée dans ActionAgenda.php
11/09/2017 17:19:55 Entrée dans ActionJoueurs.php
11/09/2017 17:19:59 Entrée dans ActionSponsor.php
11/09/2017 17:20:19 Entrée dans ActionEvenement.php
11/09/2017 17:20:29 Entrée dans ActionEcoleDeFoot.php
11/09/2017 19:09:14 Entrée dans ActionJoueurs.php
11/09/2017 19:21:19 Entrée dans ActionJoueurs.php
11/09/2017 19:54:54 Entrée dans ActionSponsor.php
11/09/2017 20:29:56 Entrée dans ActionClub.php
11/09/2017 20:32:10 Entrée dans ActionAccueil.php
11/09/2017 21:22:17 Entrée dans AfficherPopupArticle.php
11/09/2017 21:23:05 Entrée dans AfficherPopupArticle.php
11/09/2017 21:24:03 Entrée dans AfficherPopupArticle.php
11/09/2017 21:24:48 Entrée dans AfficherPopupArticle.php
11/09/2017 21:26:20 Entrée dans AfficherPopupArticle.php
11/09/2017 21:26:54 Entrée dans AfficherPopupArticle.php
12/09/2017 06:15:04 Entrée dans ActionJoueurs.php
12/09/2017 08:34:30 Entrée dans ActionEvenement.php
12/09/2017 10:13:57 Entrée dans ActionEcoleDeFoot.php
12/09/2017 11:55:56 Entrée dans ActionAccueil.php
12/09/2017 11:56:02 Entrée dans AfficherPopupArticle.php
12/09/2017 11:56:11 Entrée dans AfficherPopupArticle.php
12/09/2017 11:56:11 Entrée dans AfficherPopupArticle.php
12/09/2017 11:56:30 Entrée dans AfficherPopupArticle.php
12/09/2017 12:08:32 Entrée dans ActionJoueurs.php
12/09/2017 13:07:12 Entrée dans ActionAccueil.php
12/09/2017 13:07:27 Entrée dans ActionJoueurs.php
12/09/2017 13:26:51 Entrée dans ActionEcoleDeFoot.php
12/09/2017 13:27:45 Entrée dans ActionEcoleDeFoot.php
12/09/2017 13:27:47 Entrée dans ActionEcoleDeFoot.php
12/09/2017 13:27:51 Entrée dans ActionEcoleDeFoot.php
12/09/2017 13:27:52 Entrée dans ActionEcoleDeFoot.php
12/09/2017 13:27:53 Entrée dans ActionEcoleDeFoot.php
12/09/2017 13:28:02 Entrée dans ActionAccueil.php
12/09/2017 13:28:55 Entrée dans ActionEcoleDeFoot.php
12/09/2017 13:29:00 Entrée dans ActionEcoleDeFoot.php
12/09/2017 13:29:02 Entrée dans ActionEcoleDeFoot.php
12/09/2017 13:29:03 Entrée dans ActionEcoleDeFoot.php
12/09/2017 13:29:05 Entrée dans ActionEcoleDeFoot.php
12/09/2017 13:29:39 Entrée dans ActionAgenda.php
12/09/2017 13:30:11 Entrée dans ActionClub.php
12/09/2017 13:30:16 Entrée dans ActionAccueil.php
12/09/2017 13:30:20 Entrée dans ActionAgenda.php
12/09/2017 13:30:30 Entrée dans ActionEvenement.php
12/09/2017 13:30:34 Entrée dans ActionAgenda.php
12/09/2017 13:30:38 Entrée dans ActionEcoleDeFoot.php
12/09/2017 13:30:40 Entrée dans ActionJoueurs.php
12/09/2017 13:30:51 Entrée dans ActionClub.php
12/09/2017 16:00:35 Entrée dans ActionJoueurs.php
12/09/2017 16:51:58 Entrée dans ActionJoueurs.php
12/09/2017 17:09:14 Entrée dans ActionAccueil.php
12/09/2017 17:09:37 Entrée dans AfficherPopupArticle.php
12/09/2017 17:09:55 Entrée dans ActionAccueil.php
12/09/2017 17:10:10 Entrée dans ActionEcoleDeFoot.php
12/09/2017 17:10:45 Entrée dans ActionAccueil.php
12/09/2017 17:58:26 Entrée dans ActionAgenda.php
12/09/2017 18:06:53 Entrée dans ActionAccueil.php
12/09/2017 19:14:52 Entrée dans ActionJoueurs.php
12/09/2017 19:19:17 Entrée dans ActionAgenda.php
12/09/2017 21:08:54 Entrée dans ActionAccueil.php
12/09/2017 21:09:09 Entrée dans AfficherPopupArticle.php
12/09/2017 22:37:56 Entrée dans ActionJoueurs.php
12/09/2017 23:22:08 Entrée dans ActionJoueurs.php
13/09/2017 01:19:37 Entrée dans ActionClub.php
13/09/2017 06:03:10 Entrée dans ActionJoueurs.php
13/09/2017 08:54:05 Entrée dans ActionEcoleDeFoot.php
13/09/2017 08:54:08 Entrée dans ActionEvenement.php
13/09/2017 08:54:08 Entrée dans ActionJoueurs.php
13/09/2017 08:54:08 Entrée dans ActionAgenda.php
13/09/2017 08:54:14 Entrée dans ActionSponsor.php
13/09/2017 09:41:34 Entrée dans ActionJoueurs.php
13/09/2017 09:41:35 Entrée dans ActionEvenement.php
13/09/2017 09:41:36 Entrée dans ActionSponsor.php
13/09/2017 11:51:32 Entrée dans ActionAgenda.php
13/09/2017 11:51:36 Entrée dans ActionEcoleDeFoot.php
13/09/2017 13:02:13 Entrée dans ActionEcoleDeFoot.php
13/09/2017 14:40:06 Entrée dans ActionAccueil.php
13/09/2017 14:40:54 Entrée dans ActionClub.php
13/09/2017 14:41:00 Entrée dans ActionAgenda.php
13/09/2017 14:41:06 Entrée dans ActionEcoleDeFoot.php
13/09/2017 14:41:43 Entrée dans ActionAccueil.php
13/09/2017 14:41:52 Entrée dans ActionAccueil.php
13/09/2017 16:16:26 Entrée dans ActionEcoleDeFoot.php
13/09/2017 16:58:17 Entrée dans ActionEcoleDeFoot.php
13/09/2017 16:58:56 Entrée dans ActionAccueil.php
13/09/2017 17:00:05 Entrée dans ActionEvenement.php
13/09/2017 17:02:12 Entrée dans ActionContact.php
13/09/2017 18:30:35 Entrée dans ActionSponsor.php
13/09/2017 18:31:30 Entrée dans ActionAccueil.php
13/09/2017 18:31:42 Entrée dans ActionClub.php
13/09/2017 18:31:48 Entrée dans ActionJoueurs.php
13/09/2017 18:32:04 Entrée dans ActionEcoleDeFoot.php
13/09/2017 18:34:28 Entrée dans ActionAccueil.php
13/09/2017 18:34:31 Entrée dans ActionClub.php
13/09/2017 19:32:38 Entrée dans ActionJoueurs.php
13/09/2017 22:20:56 Entrée dans ActionAccueil.php
13/09/2017 22:21:19 Entrée dans AfficherPopupArticle.php
13/09/2017 22:21:45 Entrée dans ActionClub.php
13/09/2017 23:32:37 Entrée dans ActionAccueil.php
14/09/2017 05:05:56 Entrée dans ActionEvenement.php
14/09/2017 05:17:32 Entrée dans ActionAccueil.php
14/09/2017 05:17:32 Entrée dans RechercherArticle.php
14/09/2017 05:17:32 Entrée dans ActionAccueil.php
14/09/2017 05:17:33 Entrée dans ActionJoueurs.php
14/09/2017 05:17:40 Entrée dans RechercherArticle.php
14/09/2017 05:17:40 Entrée dans ActionAccueil.php
14/09/2017 05:17:40 Entrée dans RechercherArticle.php
14/09/2017 05:17:40 Entrée dans ActionAccueil.php
14/09/2017 05:17:41 Entrée dans ActionEcoleDeFoot.php
14/09/2017 05:17:41 Entrée dans ActionSponsor.php
14/09/2017 05:17:42 Entrée dans ActionEvenement.php
14/09/2017 05:17:42 Entrée dans ActionAgenda.php
14/09/2017 05:17:58 Entrée dans ActionClub.php
14/09/2017 07:40:34 Entrée dans ActionEcoleDeFoot.php
14/09/2017 08:16:38 Entrée dans ActionEcoleDeFoot.php
14/09/2017 08:16:45 Entrée dans ActionEcoleDeFoot.php
14/09/2017 09:44:14 Entrée dans ActionAccueil.php
14/09/2017 09:44:33 Entrée dans ActionClub.php
14/09/2017 09:44:54 Entrée dans ActionEcoleDeFoot.php
14/09/2017 09:44:58 Entrée dans ActionEcoleDeFoot.php
14/09/2017 09:45:12 Entrée dans ActionEcoleDeFoot.php
14/09/2017 09:45:30 Entrée dans ActionEcoleDeFoot.php
14/09/2017 09:45:30 Entrée dans ActionEcoleDeFoot.php
14/09/2017 15:35:38 Entrée dans ActionAccueil.php
14/09/2017 15:37:09 Entrée dans AfficherPopupArticle.php
14/09/2017 15:37:17 Entrée dans ActionAccueil.php
14/09/2017 15:37:23 Entrée dans ActionJoueurs.php
14/09/2017 16:56:27 Entrée dans ActionJoueurs.php
14/09/2017 18:07:37 Entrée dans ActionSponsor.php
14/09/2017 18:30:45 Entrée dans ActionJoueurs.php
14/09/2017 19:11:15 Entrée dans ActionClub.php
14/09/2017 19:11:15 Entrée dans ActionClub.php
14/09/2017 19:11:17 Entrée dans ActionClub.php
14/09/2017 20:07:30 Entrée dans ActionAgenda.php
14/09/2017 21:16:29 Entrée dans ActionAccueil.php
15/09/2017 04:29:15 Entrée dans ActionClub.php
15/09/2017 07:58:35 Entrée dans ActionContact.php
15/09/2017 11:25:32 Entrée dans ActionAccueil.php
15/09/2017 11:25:47 Entrée dans ActionClub.php
15/09/2017 11:46:16 Entrée dans ActionJoueurs.php
15/09/2017 13:00:08 Entrée dans ActionJoueurs.php
15/09/2017 13:53:30 Entrée dans ActionClub.php
15/09/2017 18:07:35 Entrée dans ActionAccueil.php
15/09/2017 19:51:44 Entrée dans ActionSponsor.php
15/09/2017 20:36:40 Entrée dans ActionEcoleDeFoot.php
15/09/2017 20:36:49 Entrée dans ActionEcoleDeFoot.php
15/09/2017 20:36:53 Entrée dans ActionEcoleDeFoot.php
15/09/2017 20:43:45 Entrée dans ActionClub.php
15/09/2017 20:45:09 Entrée dans ActionClub.php
16/09/2017 06:49:27 Entrée dans ActionEvenement.php
16/09/2017 08:45:28 Entrée dans ActionEcoleDeFoot.php
16/09/2017 11:02:26 Entrée dans ActionAccueil.php
16/09/2017 12:22:57 Entrée dans ActionJoueurs.php
16/09/2017 15:35:53 Entrée dans ActionAgenda.php
16/09/2017 16:31:59 Entrée dans ActionAgenda.php
16/09/2017 16:33:18 Entrée dans ActionJoueurs.php
16/09/2017 17:35:53 Entrée dans ActionJoueurs.php
16/09/2017 19:16:54 Entrée dans ActionAgenda.php
16/09/2017 20:24:08 Entrée dans ActionAccueil.php
16/09/2017 21:37:23 Entrée dans ActionAccueil.php
17/09/2017 02:15:25 Entrée dans ActionClub.php
17/09/2017 02:58:50 Entrée dans ActionEcoleDeFoot.php
17/09/2017 02:58:53 Entrée dans ActionAgenda.php
17/09/2017 05:43:22 Entrée dans ActionAccueil.php
17/09/2017 05:43:22 Entrée dans ActionClub.php
17/09/2017 10:30:56 Entrée dans ActionAccueil.php
17/09/2017 14:44:33 Entrée dans ActionClub.php
17/09/2017 17:25:08 Entrée dans ActionJoueurs.php
17/09/2017 17:25:34 Entrée dans ActionClub.php
17/09/2017 17:25:37 Entrée dans ActionJoueurs.php
17/09/2017 17:26:13 Entrée dans ActionAccueil.php
17/09/2017 17:42:13 Entrée dans ActionEcoleDeFoot.php
17/09/2017 17:42:20 Entrée dans ActionEcoleDeFoot.php
17/09/2017 17:44:17 Entrée dans ActionAccueil.php
17/09/2017 17:44:28 Entrée dans ActionEcoleDeFoot.php
17/09/2017 17:45:18 Entrée dans ActionAgenda.php
17/09/2017 19:12:30 Entrée dans ActionSponsor.php
17/09/2017 19:21:33 Entrée dans ActionAccueil.php
17/09/2017 19:22:18 Entrée dans AfficherPopupArticle.php
17/09/2017 19:22:53 Entrée dans AfficherPopupArticle.php
17/09/2017 19:23:22 Entrée dans AfficherPopupArticle.php
17/09/2017 19:23:54 Entrée dans ActionAccueil.php
17/09/2017 19:24:08 Entrée dans AfficherPopupArticle.php
17/09/2017 19:24:46 Entrée dans ActionClub.php
17/09/2017 19:24:53 Entrée dans ActionEcoleDeFoot.php
17/09/2017 19:25:18 Entrée dans ActionEcoleDeFoot.php
17/09/2017 19:25:48 Entrée dans ActionAgenda.php
17/09/2017 19:25:59 Entrée dans ActionClub.php
17/09/2017 19:26:34 Entrée dans ActionEcoleDeFoot.php
17/09/2017 19:26:49 Entrée dans ActionAccueil.php
17/09/2017 19:54:49 Entrée dans ActionAccueil.php
17/09/2017 19:54:52 Entrée dans ActionClub.php
17/09/2017 19:54:57 Entrée dans ActionAgenda.php
17/09/2017 19:54:59 Entrée dans ActionSponsor.php
17/09/2017 20:09:45 Entrée dans ActionAccueil.php
17/09/2017 20:09:57 Entrée dans ActionAccueil.php
17/09/2017 20:10:10 Entrée dans ActionEcoleDeFoot.php
17/09/2017 20:10:17 Entrée dans ActionEcoleDeFoot.php
17/09/2017 20:10:21 Entrée dans ActionEcoleDeFoot.php
17/09/2017 20:10:43 Entrée dans ActionEcoleDeFoot.php
17/09/2017 20:10:47 Entrée dans ActionEcoleDeFoot.php
17/09/2017 20:10:51 Entrée dans ActionEcoleDeFoot.php
17/09/2017 20:10:55 Entrée dans ActionEcoleDeFoot.php
17/09/2017 20:11:02 Entrée dans ActionEcoleDeFoot.php
17/09/2017 20:11:09 Entrée dans ActionEcoleDeFoot.php
17/09/2017 20:40:42 Entrée dans ActionAccueil.php
17/09/2017 20:40:46 Entrée dans ActionClub.php
17/09/2017 20:40:47 Entrée dans ActionJoueurs.php
17/09/2017 20:40:48 Entrée dans ActionEcoleDeFoot.php
17/09/2017 20:40:49 Entrée dans ActionAgenda.php
17/09/2017 20:40:50 Entrée dans ActionEvenement.php
17/09/2017 20:40:51 Entrée dans ActionSponsor.php
18/09/2017 06:35:46 Entrée dans ActionJoueurs.php
18/09/2017 07:37:50 Entrée dans ActionEvenement.php
18/09/2017 08:18:37 Entrée dans ActionAccueil.php
18/09/2017 08:19:12 Entrée dans ActionEcoleDeFoot.php
18/09/2017 14:11:13 Entrée dans ActionAccueil.php
18/09/2017 14:11:18 Entrée dans ActionJoueurs.php
18/09/2017 17:55:21 Entrée dans ActionJoueurs.php
18/09/2017 19:58:19 Entrée dans ActionClub.php
18/09/2017 20:15:10 Entrée dans ActionAgenda.php
18/09/2017 20:38:02 Entrée dans ActionEcoleDeFoot.php
18/09/2017 20:38:06 Entrée dans ActionEcoleDeFoot.php
18/09/2017 20:38:10 Entrée dans ActionEcoleDeFoot.php
18/09/2017 20:38:36 Entrée dans ActionEcoleDeFoot.php
18/09/2017 20:38:36 Entrée dans ActionEcoleDeFoot.php
18/09/2017 20:38:48 Entrée dans ActionEcoleDeFoot.php
18/09/2017 20:38:49 Entrée dans ActionEcoleDeFoot.php
18/09/2017 20:39:39 Entrée dans ActionEcoleDeFoot.php
18/09/2017 20:42:00 Entrée dans ActionEcoleDeFoot.php
18/09/2017 20:42:12 Entrée dans ActionSponsor.php
18/09/2017 21:59:23 Entrée dans ActionAccueil.php
18/09/2017 22:00:14 Entrée dans AfficherPopupArticle.php
18/09/2017 22:01:21 Entrée dans AfficherPopupArticle.php
18/09/2017 22:02:24 Entrée dans ActionEcoleDeFoot.php
18/09/2017 22:02:35 Entrée dans ActionEcoleDeFoot.php
19/09/2017 03:06:48 Entrée dans ActionClub.php
19/09/2017 09:39:26 Entrée dans ActionJoueurs.php
19/09/2017 09:39:56 Entrée dans ActionAccueil.php
19/09/2017 09:40:00 Entrée dans ActionAgenda.php
19/09/2017 09:40:06 Entrée dans ActionClub.php
19/09/2017 18:49:14 Entrée dans ActionAccueil.php
19/09/2017 20:50:51 Entrée dans ActionSponsor.php
19/09/2017 20:56:35 Entrée dans ActionAccueil.php
19/09/2017 20:58:25 Entrée dans ActionAgenda.php
19/09/2017 23:12:26 Entrée dans ActionAccueil.php
19/09/2017 23:12:26 Entrée dans ActionClub.php
20/09/2017 07:45:45 Entrée dans ActionEvenement.php
20/09/2017 09:32:44 Entrée dans ActionEcoleDeFoot.php
20/09/2017 12:27:21 Entrée dans ActionAccueil.php
20/09/2017 15:36:19 Entrée dans ActionAccueil.php
20/09/2017 15:36:27 Entrée dans ActionEcoleDeFoot.php
20/09/2017 15:36:38 Entrée dans ActionEcoleDeFoot.php
20/09/2017 15:36:53 Entrée dans ActionAccueil.php
20/09/2017 15:37:18 Entrée dans ActionClub.php
20/09/2017 17:57:12 Entrée dans ActionJoueurs.php
20/09/2017 19:59:33 Entrée dans ActionAgenda.php
20/09/2017 20:52:50 Entrée dans ActionAccueil.php
20/09/2017 22:37:08 Entrée dans ActionJoueurs.php
20/09/2017 22:37:08 Entrée dans ActionEvenement.php
20/09/2017 22:37:18 Entrée dans ActionClub.php
20/09/2017 22:37:28 Entrée dans ActionAccueil.php
20/09/2017 22:38:05 Entrée dans ActionSponsor.php
21/09/2017 02:15:15 Entrée dans ActionClub.php
21/09/2017 14:13:28 Entrée dans ActionEvenement.php
21/09/2017 14:13:39 Entrée dans ActionAccueil.php
21/09/2017 14:44:56 Entrée dans ActionAccueil.php
21/09/2017 14:57:49 Entrée dans ActionEvenement.php
21/09/2017 14:57:50 Entrée dans ActionJoueurs.php
21/09/2017 14:57:52 Entrée dans ActionEcoleDeFoot.php
21/09/2017 15:22:36 Entrée dans ActionAccueil.php
21/09/2017 15:22:43 Entrée dans ActionClub.php
21/09/2017 15:22:54 Entrée dans ActionAgenda.php
21/09/2017 15:23:05 Entrée dans ActionSponsor.php
21/09/2017 15:23:17 Entrée dans ActionJoueurs.php
21/09/2017 15:23:29 Entrée dans ActionEvenement.php
21/09/2017 15:23:38 Entrée dans ActionEcoleDeFoot.php
21/09/2017 15:46:08 Entrée dans ActionAccueil.php
21/09/2017 17:14:49 Entrée dans ActionAccueil.php
21/09/2017 17:16:43 Entrée dans ActionClub.php
21/09/2017 17:16:52 Entrée dans ActionJoueurs.php
21/09/2017 17:37:25 Entrée dans ActionClub.php
21/09/2017 17:37:43 Entrée dans ActionEcoleDeFoot.php
21/09/2017 17:38:28 Entrée dans ActionEcoleDeFoot.php
21/09/2017 17:38:42 Entrée dans ActionEcoleDeFoot.php
21/09/2017 22:48:09 Entrée dans ActionAccueil.php
21/09/2017 22:48:12 Entrée dans ActionSponsor.php
21/09/2017 23:01:49 Entrée dans ActionEvenement.php
21/09/2017 23:01:53 Entrée dans ActionClub.php
22/09/2017 09:03:52 Entrée dans ActionAgenda.php
22/09/2017 10:24:34 Entrée dans ActionContact.php
22/09/2017 10:24:36 Entrée dans ActionContact.php
22/09/2017 10:24:40 Entrée dans ActionContact.php
22/09/2017 10:24:41 Entrée dans ActionContact.php
22/09/2017 10:24:44 Entrée dans ActionContact.php
22/09/2017 10:24:45 Entrée dans ActionContact.php
22/09/2017 15:14:14 Entrée dans ActionEvenement.php
22/09/2017 18:18:47 Entrée dans ActionClub.php
22/09/2017 19:29:32 Entrée dans ActionAgenda.php
22/09/2017 22:15:10 Entrée dans ActionAccueil.php
22/09/2017 22:15:12 Entrée dans ActionSponsor.php
22/09/2017 22:16:16 Entrée dans ActionClub.php
22/09/2017 22:16:18 Entrée dans ActionEcoleDeFoot.php
22/09/2017 22:16:21 Entrée dans ActionAgenda.php
22/09/2017 22:16:23 Entrée dans ActionAgenda.php
22/09/2017 22:16:24 Entrée dans ActionEvenement.php
23/09/2017 01:12:33 Entrée dans ActionAccueil.php
23/09/2017 01:13:05 Entrée dans ActionClub.php
23/09/2017 01:13:20 Entrée dans ActionJoueurs.php
23/09/2017 01:14:38 Entrée dans ActionAccueil.php
23/09/2017 01:14:43 Entrée dans ActionJoueurs.php
23/09/2017 01:16:01 Entrée dans ActionEvenement.php
23/09/2017 01:16:13 Entrée dans ActionSponsor.php
23/09/2017 01:16:24 Entrée dans ActionClub.php
23/09/2017 01:21:34 Entrée dans ActionEcoleDeFoot.php
23/09/2017 01:21:55 Entrée dans ActionEcoleDeFoot.php
23/09/2017 01:22:01 Entrée dans ActionAgenda.php
23/09/2017 01:22:18 Entrée dans ActionAccueil.php
23/09/2017 01:22:45 Entrée dans AfficherPopupArticle.php
23/09/2017 01:23:14 Entrée dans ActionClub.php
23/09/2017 01:24:38 Entrée dans ActionJoueurs.php
23/09/2017 01:24:39 Entrée dans ActionEvenement.php
23/09/2017 01:24:39 Entrée dans ActionAgenda.php
23/09/2017 01:40:01 Entrée dans ActionClub.php
23/09/2017 06:41:21 Entrée dans ActionJoueurs.php
23/09/2017 13:34:50 Entrée dans ActionAccueil.php
23/09/2017 19:20:19 Entrée dans ActionSponsor.php
24/09/2017 11:43:57 Entrée dans ActionAgenda.php
24/09/2017 14:18:10 Entrée dans ActionAccueil.php
24/09/2017 14:18:52 Entrée dans ActionClub.php
24/09/2017 14:20:54 Entrée dans ActionAgenda.php
24/09/2017 16:42:38 Entrée dans ActionAccueil.php
24/09/2017 17:15:09 Entrée dans ActionAccueil.php
24/09/2017 18:31:38 Entrée dans ActionAccueil.php
24/09/2017 18:32:09 Entrée dans ActionClub.php
24/09/2017 18:32:18 Entrée dans ActionAccueil.php
24/09/2017 18:32:23 Entrée dans ActionLogin.php
24/09/2017 18:32:24 Authentification de tsutter.
24/09/2017 18:32:24 Entrée dans ActionProfil.php
24/09/2017 18:32:29 Entrée dans ActionArticle.php
24/09/2017 18:32:34 Entrée dans ActionAccueil.php
24/09/2017 18:32:48 Entrée dans ActionAccueil.php
24/09/2017 18:32:57 Entrée dans ActionClub.php
24/09/2017 18:33:06 Entrée dans ActionEcoleDeFoot.php
24/09/2017 18:33:06 Entrée dans ActionJoueurs.php
24/09/2017 18:33:18 Entrée dans ActionEcoleDeFoot.php
24/09/2017 18:33:30 Entrée dans ActionAccueil.php
24/09/2017 18:33:42 Entrée dans ActionAgenda.php
24/09/2017 18:33:53 Entrée dans ActionEvenement.php
24/09/2017 18:33:59 Entrée dans ActionSponsor.php
24/09/2017 18:35:06 Entrée dans ActionArticle.php
24/09/2017 18:35:11 Entrée dans ActionAccueil.php
24/09/2017 18:35:22 Entrée dans ActionProfil.php
24/09/2017 18:35:24 Entrée dans ActionArticle.php
24/09/2017 18:35:26 Entrée dans RechercherArticle.php
24/09/2017 18:35:31 Entrée dans ActionArticle.php
24/09/2017 18:35:33 Entrée dans ActionAccueil.php
24/09/2017 18:36:16 Entrée dans ActionProfil.php
24/09/2017 18:36:19 Entrée dans ActionArticle.php
24/09/2017 18:36:20 Entrée dans RechercherArticle.php
24/09/2017 18:36:47 Entrée dans ActionArticle.php
24/09/2017 18:36:49 Entrée dans ActionAccueil.php
24/09/2017 18:36:55 Entrée dans ActionProfil.php
24/09/2017 18:36:56 Entrée dans ActionArticle.php
24/09/2017 18:36:58 Entrée dans RechercherArticle.php
24/09/2017 18:37:13 Entrée dans ActionAccueil.php
24/09/2017 18:37:34 Entrée dans ActionArticle.php
24/09/2017 18:37:37 Entrée dans ActionAccueil.php
24/09/2017 18:37:37 Entrée dans ActionAccueil.php
24/09/2017 18:37:37 Entrée dans ActionAccueil.php
24/09/2017 18:37:43 Entrée dans RechercherArticle.php
24/09/2017 18:37:45 Entrée dans ActionAccueil.php
24/09/2017 18:37:53 Entrée dans ActionArticle.php
24/09/2017 18:37:57 Entrée dans ActionAccueil.php
24/09/2017 18:38:02 Entrée dans ActionAccueil.php
24/09/2017 18:38:09 Entrée dans ActionAccueil.php
24/09/2017 18:53:26 Entrée dans ActionClub.php
24/09/2017 19:05:12 Entrée dans ActionJoueurs.php
24/09/2017 19:05:22 Entrée dans ActionAgenda.php
24/09/2017 19:05:23 Entrée dans ActionAgenda.php
24/09/2017 19:05:26 Entrée dans ActionEvenement.php
24/09/2017 19:05:28 Entrée dans ActionSponsor.php
24/09/2017 19:43:26 Entrée dans ActionAccueil.php
24/09/2017 19:43:33 Entrée dans ActionAgenda.php
24/09/2017 20:39:58 Entrée dans ActionAccueil.php
24/09/2017 20:40:12 Entrée dans AfficherPopupArticle.php
24/09/2017 20:40:29 Entrée dans ActionClub.php
24/09/2017 20:40:32 Entrée dans ActionJoueurs.php
24/09/2017 20:40:35 Entrée dans ActionEcoleDeFoot.php
24/09/2017 20:40:37 Entrée dans ActionEcoleDeFoot.php
24/09/2017 20:40:56 Entrée dans ActionAccueil.php
24/09/2017 20:41:02 Entrée dans ActionJoueurs.php
24/09/2017 21:53:44 Entrée dans ActionJoueurs.php
24/09/2017 21:53:44 Entrée dans ActionEvenement.php
24/09/2017 21:53:45 Entrée dans ActionSponsor.php
24/09/2017 21:53:54 Entrée dans ActionClub.php
24/09/2017 21:53:55 Entrée dans ActionAccueil.php
24/09/2017 22:02:20 Entrée dans ActionAccueil.php
24/09/2017 22:02:44 Entrée dans AfficherPopupArticle.php
24/09/2017 23:29:26 Entrée dans ActionJoueurs.php
24/09/2017 23:29:26 Entrée dans ActionEvenement.php
24/09/2017 23:29:26 Entrée dans ActionAgenda.php
24/09/2017 23:29:27 Entrée dans ActionSponsor.php
24/09/2017 23:29:43 Entrée dans ActionEcoleDeFoot.php
25/09/2017 02:33:54 Entrée dans ActionEcoleDeFoot.php
25/09/2017 02:46:39 Entrée dans ActionAccueil.php
25/09/2017 02:47:43 Entrée dans ActionAccueil.php
25/09/2017 03:16:20 Entrée dans ActionClub.php
25/09/2017 07:37:06 Entrée dans ActionJoueurs.php
25/09/2017 09:18:49 Entrée dans ActionAccueil.php
25/09/2017 09:44:22 Entrée dans ActionAgenda.php
25/09/2017 09:44:44 Entrée dans ActionClub.php
25/09/2017 09:45:01 Entrée dans ActionSponsor.php
25/09/2017 09:45:20 Entrée dans ActionEcoleDeFoot.php
25/09/2017 09:45:36 Entrée dans ActionEvenement.php
25/09/2017 09:45:54 Entrée dans ActionJoueurs.php
25/09/2017 11:37:02 Entrée dans ActionAccueil.php
25/09/2017 11:37:07 Entrée dans ActionClub.php
25/09/2017 11:37:09 Entrée dans ActionJoueurs.php
25/09/2017 11:37:11 Entrée dans ActionEcoleDeFoot.php
25/09/2017 11:37:13 Entrée dans ActionAgenda.php
25/09/2017 11:37:16 Entrée dans ActionEvenement.php
25/09/2017 11:37:18 Entrée dans ActionSponsor.php
25/09/2017 18:15:45 Entrée dans ActionAgenda.php
25/09/2017 19:23:56 Entrée dans ActionSponsor.php
26/09/2017 05:07:04 Entrée dans ActionAccueil.php
26/09/2017 05:29:13 Entrée dans ActionAgenda.php
26/09/2017 07:45:34 Entrée dans ActionContact.php
26/09/2017 07:45:35 Entrée dans ActionContact.php
26/09/2017 07:45:39 Entrée dans ActionContact.php
26/09/2017 07:45:40 Entrée dans ActionContact.php
26/09/2017 07:45:43 Entrée dans ActionContact.php
26/09/2017 07:45:44 Entrée dans ActionContact.php
26/09/2017 08:32:32 Entrée dans ActionSponsor.php
26/09/2017 09:23:22 Entrée dans ActionAccueil.php
26/09/2017 09:24:00 Entrée dans ActionAccueil.php
26/09/2017 14:26:21 Entrée dans ActionSponsor.php
26/09/2017 14:28:31 Entrée dans ActionClub.php
26/09/2017 14:28:32 Entrée dans ActionAccueil.php
26/09/2017 14:55:58 Entrée dans ActionAccueil.php
26/09/2017 19:43:23 Entrée dans ActionAccueil.php
26/09/2017 19:43:36 Entrée dans ActionClub.php
26/09/2017 19:43:45 Entrée dans ActionEcoleDeFoot.php
26/09/2017 19:44:28 Entrée dans ActionAccueil.php
26/09/2017 22:19:45 Entrée dans ActionAccueil.php
26/09/2017 22:21:19 Entrée dans ActionEcoleDeFoot.php
27/09/2017 10:17:06 Entrée dans ActionContact.php
27/09/2017 10:17:07 Entrée dans ActionContact.php
27/09/2017 10:17:11 Entrée dans ActionContact.php
27/09/2017 10:17:12 Entrée dans ActionContact.php
27/09/2017 10:17:16 Entrée dans ActionContact.php
27/09/2017 10:17:17 Entrée dans ActionContact.php
27/09/2017 16:35:35 Entrée dans ActionAccueil.php
27/09/2017 16:35:42 Entrée dans AfficherPopupArticle.php
27/09/2017 16:37:17 Entrée dans AfficherPopupArticle.php
27/09/2017 16:37:57 Entrée dans ActionClub.php
27/09/2017 16:39:38 Entrée dans ActionEcoleDeFoot.php
27/09/2017 16:39:44 Entrée dans ActionEcoleDeFoot.php
27/09/2017 16:40:23 Entrée dans ActionEvenement.php
27/09/2017 16:40:42 Entrée dans ActionJoueurs.php
27/09/2017 19:48:01 Entrée dans ActionAccueil.php
27/09/2017 19:48:51 Entrée dans ActionClub.php
27/09/2017 19:49:03 Entrée dans ActionJoueurs.php
27/09/2017 19:49:17 Entrée dans ActionAccueil.php
27/09/2017 19:49:22 Entrée dans ActionAgenda.php
27/09/2017 19:49:27 Entrée dans ActionEvenement.php
27/09/2017 19:49:34 Entrée dans ActionEvenement.php
27/09/2017 19:49:37 Entrée dans ActionEcoleDeFoot.php
27/09/2017 19:49:45 Entrée dans ActionEcoleDeFoot.php
28/09/2017 00:24:05 Entrée dans ActionJoueurs.php
28/09/2017 00:24:06 Entrée dans ActionEvenement.php
28/09/2017 00:24:07 Entrée dans ActionAgenda.php
28/09/2017 04:33:21 Entrée dans ActionEvenement.php
28/09/2017 13:37:42 Entrée dans ActionAccueil.php
28/09/2017 16:12:08 Entrée dans ActionJoueurs.php
28/09/2017 16:37:37 Entrée dans ActionAccueil.php
28/09/2017 16:37:43 Entrée dans ActionEcoleDeFoot.php
28/09/2017 16:37:57 Entrée dans ActionJoueurs.php
28/09/2017 16:38:24 Entrée dans ActionEcoleDeFoot.php
28/09/2017 16:38:33 Entrée dans ActionEcoleDeFoot.php
28/09/2017 16:38:43 Entrée dans ActionEcoleDeFoot.php
28/09/2017 16:39:08 Entrée dans ActionEcoleDeFoot.php
28/09/2017 16:39:26 Entrée dans ActionEcoleDeFoot.php
28/09/2017 16:39:37 Entrée dans ActionEcoleDeFoot.php
28/09/2017 16:40:26 Entrée dans ActionEcoleDeFoot.php
28/09/2017 20:05:46 Entrée dans ActionAccueil.php
28/09/2017 20:06:44 Entrée dans ActionJoueurs.php
28/09/2017 20:09:39 Entrée dans ActionAccueil.php
28/09/2017 20:10:05 Entrée dans ActionJoueurs.php
28/09/2017 20:11:06 Entrée dans ActionAccueil.php
28/09/2017 23:13:34 Entrée dans ActionAccueil.php
28/09/2017 23:14:03 Entrée dans AfficherPopupArticle.php
29/09/2017 02:10:53 Entrée dans ActionAccueil.php
29/09/2017 02:18:02 Entrée dans ActionJoueurs.php
29/09/2017 04:55:37 Entrée dans ActionAgenda.php
29/09/2017 05:19:25 Entrée dans ActionEcoleDeFoot.php
29/09/2017 07:41:33 Entrée dans ActionAccueil.php
29/09/2017 17:36:09 Entrée dans ActionEvenement.php
29/09/2017 18:08:32 Entrée dans ActionJoueurs.php
29/09/2017 19:58:38 Entrée dans ActionContact.php
29/09/2017 19:58:39 Entrée dans ActionContact.php
29/09/2017 19:58:43 Entrée dans ActionContact.php
29/09/2017 19:58:43 Entrée dans ActionContact.php
29/09/2017 19:58:47 Entrée dans ActionContact.php
29/09/2017 19:58:48 Entrée dans ActionContact.php
29/09/2017 23:05:05 Entrée dans ActionAccueil.php
29/09/2017 23:05:53 Entrée dans ActionClub.php
29/09/2017 23:05:53 Entrée dans ActionClub.php
29/09/2017 23:06:02 Entrée dans ActionAccueil.php
29/09/2017 23:06:10 Entrée dans AfficherPopupArticle.php
29/09/2017 23:06:50 Entrée dans AfficherPopupArticle.php
29/09/2017 23:06:59 Entrée dans ActionAgenda.php
29/09/2017 23:07:24 Entrée dans ActionAgenda.php
29/09/2017 23:07:30 Entrée dans ActionAgenda.php
29/09/2017 23:07:32 Entrée dans ActionAgenda.php
29/09/2017 23:07:34 Entrée dans ActionAgenda.php
29/09/2017 23:07:39 Entrée dans ActionClub.php
29/09/2017 23:07:48 Entrée dans ActionAccueil.php
29/09/2017 23:07:55 Entrée dans AfficherPopupArticle.php
29/09/2017 23:08:05 Entrée dans AfficherPopupArticle.php
29/09/2017 23:08:45 Entrée dans AfficherPopupArticle.php
29/09/2017 23:09:34 Entrée dans ActionEvenement.php
30/09/2017 01:00:43 Entrée dans ActionJoueurs.php
30/09/2017 07:02:58 Entrée dans ActionAccueil.php
30/09/2017 07:04:22 Entrée dans ActionJoueurs.php
30/09/2017 11:38:23 Entrée dans ActionAccueil.php
30/09/2017 12:10:40 Entrée dans ActionJoueurs.php
30/09/2017 12:11:11 Entrée dans ActionJoueurs.php
30/09/2017 12:11:23 Entrée dans ActionJoueurs.php
30/09/2017 12:11:30 Entrée dans ActionJoueurs.php
30/09/2017 12:17:25 Entrée dans ActionClub.php
30/09/2017 18:40:12 Entrée dans ActionAccueil.php
30/09/2017 18:40:12 Entrée dans ActionAccueil.php
30/09/2017 22:16:57 Entrée dans ActionAccueil.php
30/09/2017 23:00:01 Entrée dans ActionAccueil.php
30/09/2017 23:00:07 Entrée dans ActionClub.php
30/09/2017 23:00:10 Entrée dans ActionJoueurs.php
30/09/2017 23:00:15 Entrée dans ActionEcoleDeFoot.php
30/09/2017 23:00:17 Entrée dans ActionEcoleDeFoot.php
30/09/2017 23:00:26 Entrée dans ActionAgenda.php
30/09/2017 23:00:31 Entrée dans ActionEvenement.php
30/09/2017 23:00:34 Entrée dans ActionSponsor.php
30/09/2017 23:00:41 Entrée dans ActionAccueil.php
