01/07/2017 14:12:06 Entrée dans ActionAccueil.php
01/07/2017 15:23:24 Entrée dans ActionContact.php
01/07/2017 17:09:29 Entrée dans ActionAccueil.php
01/07/2017 17:09:30 Entrée dans ActionClub.php
01/07/2017 19:17:43 Entrée dans ActionEvenement.php
01/07/2017 19:56:25 Entrée dans ActionAccueil.php
01/07/2017 22:38:46 Entrée dans ActionClub.php
02/07/2017 00:35:03 Entrée dans ActionSponsor.php
02/07/2017 05:39:53 Entrée dans ActionAccueil.php
02/07/2017 13:09:36 Entrée dans ActionAccueil.php
02/07/2017 16:15:42 Entrée dans ActionSponsor.php
02/07/2017 20:51:02 Entrée dans ActionAccueil.php
02/07/2017 21:11:19 Entrée dans ActionAgenda.php
02/07/2017 23:19:32 Entrée dans ActionAccueil.php
03/07/2017 01:23:17 Entrée dans ActionEcoleDeFoot.php
03/07/2017 01:23:27 Entrée dans ActionEcoleDeFoot.php
03/07/2017 01:23:30 Entrée dans ActionClub.php
03/07/2017 01:23:37 Entrée dans ActionClub.php
03/07/2017 01:23:39 Entrée dans ActionEcoleDeFoot.php
03/07/2017 01:23:41 Entrée dans ActionEcoleDeFoot.php
03/07/2017 03:54:54 Entrée dans ActionEcoleDeFoot.php
03/07/2017 06:48:45 Entrée dans ActionAccueil.php
03/07/2017 06:48:45 Entrée dans ActionClub.php
03/07/2017 12:27:34 Entrée dans ActionAccueil.php
03/07/2017 12:27:38 Entrée dans ActionClub.php
03/07/2017 12:27:40 Entrée dans ActionJoueurs.php
03/07/2017 12:27:43 Entrée dans ActionEcoleDeFoot.php
03/07/2017 12:27:45 Entrée dans ActionAgenda.php
03/07/2017 12:27:47 Entrée dans ActionEvenement.php
03/07/2017 12:27:51 Entrée dans ActionSponsor.php
03/07/2017 16:55:47 Entrée dans ActionAccueil.php
03/07/2017 18:49:32 Entrée dans ActionEvenement.php
03/07/2017 19:49:25 Entrée dans ActionAccueil.php
03/07/2017 19:54:15 Entrée dans ActionClub.php
03/07/2017 19:54:23 Entrée dans ActionEcoleDeFoot.php
03/07/2017 19:54:42 Entrée dans ActionEcoleDeFoot.php
03/07/2017 19:54:45 Entrée dans ActionEcoleDeFoot.php
03/07/2017 19:54:53 Entrée dans ActionEcoleDeFoot.php
03/07/2017 19:54:56 Entrée dans ActionEcoleDeFoot.php
03/07/2017 19:54:59 Entrée dans ActionEcoleDeFoot.php
03/07/2017 19:55:14 Entrée dans ActionEcoleDeFoot.php
03/07/2017 22:54:26 Entrée dans ActionClub.php
03/07/2017 23:21:46 Entrée dans ActionAccueil.php
03/07/2017 23:22:00 Entrée dans ActionClub.php
03/07/2017 23:22:10 Entrée dans ActionAgenda.php
03/07/2017 23:22:19 Entrée dans ActionSponsor.php
03/07/2017 23:22:30 Entrée dans ActionJoueurs.php
03/07/2017 23:22:45 Entrée dans ActionEvenement.php
03/07/2017 23:22:55 Entrée dans ActionEcoleDeFoot.php
04/07/2017 00:34:52 Entrée dans ActionClub.php
04/07/2017 00:40:15 Entrée dans ActionSponsor.php
04/07/2017 04:05:45 Entrée dans ActionClub.php
04/07/2017 04:05:45 Entrée dans ActionAccueil.php
04/07/2017 14:34:55 Entrée dans ActionAccueil.php
04/07/2017 14:34:56 Entrée dans ActionAccueil.php
04/07/2017 14:35:38 Entrée dans AfficherPopupArticle.php
04/07/2017 14:36:21 Entrée dans ActionJoueurs.php
04/07/2017 14:45:00 Entrée dans ActionAccueil.php
04/07/2017 14:45:33 Entrée dans ActionEcoleDeFoot.php
04/07/2017 14:46:01 Entrée dans ActionEcoleDeFoot.php
04/07/2017 14:46:04 Entrée dans ActionClub.php
04/07/2017 14:47:48 Entrée dans ActionAgenda.php
04/07/2017 14:47:53 Entrée dans ActionEcoleDeFoot.php
04/07/2017 14:47:57 Entrée dans ActionAccueil.php
04/07/2017 14:48:13 Entrée dans ActionClub.php
04/07/2017 14:48:31 Entrée dans ActionSponsor.php
04/07/2017 14:48:35 Entrée dans ActionEvenement.php
04/07/2017 14:48:40 Entrée dans ActionAccueil.php
04/07/2017 14:48:45 Entrée dans AfficherPopupArticle.php
04/07/2017 18:14:22 Entrée dans ActionAccueil.php
04/07/2017 18:15:02 Entrée dans ActionJoueurs.php
04/07/2017 22:36:22 Entrée dans ActionAgenda.php
05/07/2017 05:30:25 Entrée dans ActionSponsor.php
05/07/2017 07:29:09 Entrée dans ActionEvenement.php
05/07/2017 09:37:38 Entrée dans ActionJoueurs.php
05/07/2017 12:33:52 Entrée dans ActionAccueil.php
05/07/2017 13:07:27 Entrée dans ActionEvenement.php
05/07/2017 13:42:31 Entrée dans ActionAccueil.php
05/07/2017 13:42:54 Entrée dans ActionEcoleDeFoot.php
05/07/2017 13:43:43 Entrée dans ActionSponsor.php
05/07/2017 13:43:47 Entrée dans ActionEvenement.php
05/07/2017 13:43:51 Entrée dans ActionAgenda.php
05/07/2017 13:43:55 Entrée dans ActionAccueil.php
05/07/2017 13:44:14 Entrée dans ActionClub.php
05/07/2017 13:44:57 Entrée dans ActionEcoleDeFoot.php
05/07/2017 13:45:00 Entrée dans ActionEcoleDeFoot.php
05/07/2017 13:45:04 Entrée dans ActionEcoleDeFoot.php
05/07/2017 13:45:11 Entrée dans ActionEcoleDeFoot.php
05/07/2017 13:45:24 Entrée dans ActionAccueil.php
05/07/2017 13:45:59 Entrée dans ActionClub.php
05/07/2017 17:40:00 Entrée dans ActionAccueil.php
05/07/2017 17:40:10 Entrée dans ActionEcoleDeFoot.php
05/07/2017 17:40:21 Entrée dans ActionEcoleDeFoot.php
05/07/2017 17:40:23 Entrée dans ActionEcoleDeFoot.php
05/07/2017 21:56:22 Entrée dans ActionAccueil.php
05/07/2017 21:56:45 Entrée dans ActionEvenement.php
05/07/2017 21:56:47 Entrée dans ActionEcoleDeFoot.php
05/07/2017 21:58:57 Entrée dans ActionAccueil.php
05/07/2017 21:59:00 Entrée dans ActionAccueil.php
05/07/2017 21:59:04 Entrée dans ActionAccueil.php
05/07/2017 21:59:25 Entrée dans ActionAccueil.php
05/07/2017 21:59:33 Entrée dans ActionAccueil.php
05/07/2017 21:59:37 Entrée dans ActionAccueil.php
05/07/2017 22:10:56 Entrée dans ActionClub.php
05/07/2017 22:29:31 Entrée dans ActionAccueil.php
05/07/2017 22:43:47 Entrée dans ActionAccueil.php
05/07/2017 22:43:52 Entrée dans ActionAccueil.php
05/07/2017 22:44:10 Entrée dans ActionAccueil.php
05/07/2017 22:44:12 Entrée dans ActionClub.php
05/07/2017 22:56:16 Entrée dans ActionEcoleDeFoot.php
05/07/2017 23:03:28 Entrée dans ActionAccueil.php
05/07/2017 23:03:33 Entrée dans ActionClub.php
06/07/2017 06:01:31 Entrée dans ActionClub.php
06/07/2017 06:01:31 Entrée dans ActionAccueil.php
06/07/2017 15:39:13 Entrée dans ActionAccueil.php
06/07/2017 18:29:26 Entrée dans ActionEvenement.php
06/07/2017 18:58:12 Entrée dans ActionAgenda.php
06/07/2017 18:58:12 Entrée dans ActionJoueurs.php
06/07/2017 18:58:20 Entrée dans ActionSponsor.php
06/07/2017 20:27:06 Entrée dans ActionAccueil.php
06/07/2017 20:45:23 Entrée dans ActionAgenda.php
07/07/2017 01:36:34 Entrée dans ActionEvenement.php
07/07/2017 03:45:00 Entrée dans ActionSponsor.php
07/07/2017 03:45:12 Entrée dans ActionAgenda.php
07/07/2017 03:45:13 Entrée dans ActionJoueurs.php
07/07/2017 03:45:44 Entrée dans ActionClub.php
07/07/2017 03:46:10 Entrée dans ActionEcoleDeFoot.php
07/07/2017 04:14:34 Entrée dans ActionAgenda.php
07/07/2017 08:50:33 Entrée dans ActionAccueil.php
07/07/2017 08:50:34 Entrée dans ActionClub.php
07/07/2017 08:50:35 Entrée dans ActionJoueurs.php
07/07/2017 08:50:35 Entrée dans ActionEcoleDeFoot.php
07/07/2017 08:50:36 Entrée dans ActionAgenda.php
07/07/2017 08:50:37 Entrée dans ActionEvenement.php
07/07/2017 08:50:37 Entrée dans ActionSponsor.php
07/07/2017 16:15:24 Entrée dans ActionEcoleDeFoot.php
07/07/2017 23:35:24 Entrée dans ActionClub.php
08/07/2017 01:48:54 Entrée dans ActionAccueil.php
08/07/2017 01:49:02 Entrée dans ActionJoueurs.php
08/07/2017 01:50:37 Entrée dans ActionClub.php
08/07/2017 01:50:43 Entrée dans ActionAccueil.php
08/07/2017 09:26:29 Entrée dans ActionAccueil.php
08/07/2017 12:28:58 Entrée dans ActionAccueil.php
08/07/2017 12:29:34 Entrée dans AfficherPopupArticle.php
08/07/2017 12:29:46 Entrée dans AfficherPopupArticle.php
08/07/2017 12:30:10 Entrée dans AfficherPopupArticle.php
08/07/2017 12:30:48 Entrée dans AfficherPopupArticle.php
08/07/2017 12:30:53 Entrée dans ActionEcoleDeFoot.php
08/07/2017 12:31:02 Entrée dans ActionEcoleDeFoot.php
08/07/2017 12:31:18 Entrée dans ActionEcoleDeFoot.php
08/07/2017 12:38:48 Entrée dans ActionEcoleDeFoot.php
08/07/2017 12:39:04 Entrée dans ActionEcoleDeFoot.php
08/07/2017 21:49:27 Entrée dans ActionAgenda.php
09/07/2017 00:47:30 Entrée dans ActionSponsor.php
09/07/2017 02:43:27 Entrée dans ActionClub.php
09/07/2017 02:43:29 Entrée dans ActionClub.php
09/07/2017 02:43:30 Entrée dans ActionAccueil.php
09/07/2017 02:43:32 Entrée dans ActionJoueurs.php
09/07/2017 02:43:32 Entrée dans ActionEcoleDeFoot.php
09/07/2017 02:43:33 Entrée dans ActionAgenda.php
09/07/2017 02:43:34 Entrée dans ActionEvenement.php
09/07/2017 02:43:34 Entrée dans ActionSponsor.php
09/07/2017 04:23:52 Entrée dans ActionEvenement.php
09/07/2017 10:20:12 Entrée dans ActionClub.php
09/07/2017 10:20:16 Entrée dans ActionClub.php
09/07/2017 10:20:17 Entrée dans ActionAccueil.php
09/07/2017 10:20:19 Entrée dans ActionJoueurs.php
09/07/2017 10:20:20 Entrée dans ActionEcoleDeFoot.php
09/07/2017 10:20:22 Entrée dans ActionAgenda.php
09/07/2017 10:20:24 Entrée dans ActionEvenement.php
09/07/2017 10:20:25 Entrée dans ActionSponsor.php
09/07/2017 10:36:58 Entrée dans ActionAccueil.php
09/07/2017 10:37:04 Entrée dans ActionClub.php
09/07/2017 10:37:08 Entrée dans ActionJoueurs.php
09/07/2017 10:37:10 Entrée dans ActionEcoleDeFoot.php
09/07/2017 10:37:12 Entrée dans ActionAgenda.php
09/07/2017 10:37:15 Entrée dans ActionEvenement.php
09/07/2017 10:37:17 Entrée dans ActionSponsor.php
09/07/2017 10:45:34 Entrée dans ActionAccueil.php
09/07/2017 10:46:07 Entrée dans ActionAccueil.php
09/07/2017 10:46:14 Entrée dans ActionClub.php
09/07/2017 10:46:22 Entrée dans ActionEcoleDeFoot.php
09/07/2017 10:46:49 Entrée dans ActionEcoleDeFoot.php
09/07/2017 10:47:14 Entrée dans ActionEcoleDeFoot.php
09/07/2017 11:22:03 Entrée dans ActionAccueil.php
09/07/2017 11:22:09 Entrée dans ActionEcoleDeFoot.php
09/07/2017 11:22:20 Entrée dans ActionAccueil.php
09/07/2017 11:22:46 Entrée dans ActionAgenda.php
09/07/2017 11:22:50 Entrée dans ActionEvenement.php
09/07/2017 11:22:55 Entrée dans ActionEcoleDeFoot.php
09/07/2017 11:23:05 Entrée dans ActionEcoleDeFoot.php
09/07/2017 12:25:54 Entrée dans ActionAccueil.php
09/07/2017 17:17:03 Entrée dans ActionClub.php
09/07/2017 17:17:04 Entrée dans ActionEcoleDeFoot.php
09/07/2017 17:17:10 Entrée dans ActionSponsor.php
09/07/2017 17:17:19 Entrée dans ActionAgenda.php
09/07/2017 17:17:20 Entrée dans ActionJoueurs.php
09/07/2017 17:34:47 Entrée dans ActionAccueil.php
09/07/2017 17:35:29 Entrée dans ActionClub.php
09/07/2017 17:35:41 Entrée dans ActionEcoleDeFoot.php
09/07/2017 17:35:56 Entrée dans ActionEcoleDeFoot.php
09/07/2017 17:36:05 Entrée dans ActionEcoleDeFoot.php
09/07/2017 17:36:08 Entrée dans ActionEcoleDeFoot.php
09/07/2017 17:36:29 Entrée dans ActionAccueil.php
09/07/2017 17:37:05 Entrée dans AfficherPopupArticle.php
09/07/2017 18:12:50 Entrée dans ActionContact.php
09/07/2017 18:12:50 Entrée dans ActionContact.php
09/07/2017 18:12:50 Entrée dans ActionContact.php
09/07/2017 18:12:50 Entrée dans ActionContact.php
09/07/2017 18:12:50 Entrée dans ActionContact.php
09/07/2017 20:17:39 Entrée dans ActionAccueil.php
09/07/2017 21:35:25 Entrée dans ActionAccueil.php
09/07/2017 21:35:33 Entrée dans ActionJoueurs.php
09/07/2017 21:37:34 Entrée dans ActionClub.php
09/07/2017 23:17:29 Entrée dans ActionClub.php
10/07/2017 02:42:41 Entrée dans ActionAccueil.php
10/07/2017 02:43:02 Entrée dans ActionJoueurs.php
10/07/2017 07:01:34 Entrée dans ActionAccueil.php
10/07/2017 15:12:23 Entrée dans ActionAccueil.php
10/07/2017 23:39:22 Entrée dans ActionJoueurs.php
11/07/2017 00:02:33 Entrée dans ActionClub.php
11/07/2017 04:36:15 Entrée dans ActionClub.php
11/07/2017 04:46:15 Entrée dans ActionEvenement.php
11/07/2017 04:46:18 Entrée dans ActionAccueil.php
11/07/2017 07:46:30 Entrée dans ActionJoueurs.php
11/07/2017 13:39:21 Entrée dans ActionAccueil.php
11/07/2017 15:23:50 Entrée dans ActionAccueil.php
11/07/2017 15:24:02 Entrée dans ActionClub.php
11/07/2017 17:20:10 Entrée dans ActionAccueil.php
11/07/2017 18:42:59 Entrée dans ActionClub.php
11/07/2017 22:10:08 Entrée dans ActionAccueil.php
11/07/2017 22:11:06 Entrée dans AfficherPopupArticle.php
11/07/2017 22:11:35 Entrée dans ActionClub.php
11/07/2017 23:49:37 Entrée dans ActionAccueil.php
12/07/2017 00:01:18 Entrée dans ActionAccueil.php
12/07/2017 00:01:19 Entrée dans ActionAgenda.php
12/07/2017 00:01:20 Entrée dans ActionClub.php
12/07/2017 00:01:21 Entrée dans ActionEcoleDeFoot.php
12/07/2017 00:01:21 Entrée dans ActionEvenement.php
12/07/2017 00:01:22 Entrée dans ActionJoueurs.php
12/07/2017 00:01:24 Entrée dans ActionSponsor.php
12/07/2017 00:01:24 Entrée dans AfficherPopupArticle.php
12/07/2017 00:01:25 Entrée dans AfficherPopupArticle.php
12/07/2017 00:01:25 Entrée dans AfficherPopupCompteRendu.php
12/07/2017 00:01:25 Entrée dans ActionAccueil.php
12/07/2017 00:01:26 Entrée dans RechercherArticle.php
12/07/2017 00:01:27 Entrée dans ActionAccueil.php
12/07/2017 00:01:29 Entrée dans ActionAccueil.php
12/07/2017 00:01:31 Entrée dans ActionProfil.php
12/07/2017 00:01:32 Entrée dans ActionAccueil.php
12/07/2017 00:01:32 Entrée dans ActionLogin.php
12/07/2017 00:01:33 Entrée dans ActionProfil.php
12/07/2017 00:01:33 Entrée dans ActionAccueil.php
12/07/2017 00:15:18 Entrée dans ActionAgenda.php
12/07/2017 01:34:52 Entrée dans ActionEvenement.php
12/07/2017 08:52:05 Entrée dans ActionEcoleDeFoot.php
12/07/2017 10:41:36 Entrée dans ActionAccueil.php
12/07/2017 11:48:09 Entrée dans ActionAccueil.php
12/07/2017 11:48:19 Entrée dans ActionEcoleDeFoot.php
12/07/2017 11:49:05 Entrée dans ActionEcoleDeFoot.php
12/07/2017 11:49:09 Entrée dans ActionEcoleDeFoot.php
12/07/2017 11:49:12 Entrée dans ActionEcoleDeFoot.php
12/07/2017 11:49:14 Entrée dans ActionEcoleDeFoot.php
12/07/2017 11:49:16 Entrée dans ActionEcoleDeFoot.php
12/07/2017 11:49:18 Entrée dans ActionEcoleDeFoot.php
12/07/2017 11:49:19 Entrée dans ActionEcoleDeFoot.php
12/07/2017 11:49:21 Entrée dans ActionEcoleDeFoot.php
12/07/2017 12:04:19 Entrée dans ActionEcoleDeFoot.php
12/07/2017 12:35:23 Entrée dans ActionAccueil.php
12/07/2017 12:35:31 Entrée dans ActionAccueil.php
12/07/2017 12:36:17 Entrée dans AfficherPopupArticle.php
12/07/2017 12:44:09 Entrée dans ActionEcoleDeFoot.php
12/07/2017 12:44:15 Entrée dans ActionEcoleDeFoot.php
12/07/2017 12:44:20 Entrée dans ActionEcoleDeFoot.php
12/07/2017 12:46:09 Entrée dans ActionEcoleDeFoot.php
12/07/2017 12:47:03 Entrée dans ActionEcoleDeFoot.php
12/07/2017 12:47:07 Entrée dans ActionEcoleDeFoot.php
12/07/2017 13:04:44 Entrée dans ActionClub.php
12/07/2017 13:32:15 Entrée dans ActionAgenda.php
12/07/2017 13:36:17 Entrée dans ActionSponsor.php
12/07/2017 13:59:34 Entrée dans ActionAccueil.php
12/07/2017 14:00:00 Entrée dans ActionJoueurs.php
12/07/2017 14:08:10 Entrée dans ActionEvenement.php
12/07/2017 22:21:54 Entrée dans ActionClub.php
13/07/2017 01:55:29 Entrée dans ActionAccueil.php
13/07/2017 01:55:35 Entrée dans ActionClub.php
13/07/2017 01:55:38 Entrée dans ActionJoueurs.php
13/07/2017 01:55:41 Entrée dans ActionEcoleDeFoot.php
13/07/2017 01:55:43 Entrée dans ActionAgenda.php
13/07/2017 01:55:47 Entrée dans ActionEvenement.php
13/07/2017 01:55:51 Entrée dans ActionSponsor.php
13/07/2017 08:21:32 Entrée dans ActionJoueurs.php
13/07/2017 08:26:07 Entrée dans ActionEcoleDeFoot.php
13/07/2017 08:26:09 Entrée dans ActionEcoleDeFoot.php
13/07/2017 08:28:57 Entrée dans ActionEcoleDeFoot.php
13/07/2017 08:29:00 Entrée dans ActionEcoleDeFoot.php
13/07/2017 08:29:57 Entrée dans ActionEcoleDeFoot.php
13/07/2017 08:30:00 Entrée dans ActionEcoleDeFoot.php
13/07/2017 12:09:19 Entrée dans ActionEcoleDeFoot.php
13/07/2017 13:06:53 Entrée dans ActionClub.php
13/07/2017 13:32:34 Entrée dans ActionAgenda.php
13/07/2017 13:36:28 Entrée dans ActionSponsor.php
13/07/2017 13:58:42 Entrée dans ActionAccueil.php
13/07/2017 13:59:05 Entrée dans ActionJoueurs.php
13/07/2017 14:06:46 Entrée dans ActionEvenement.php
13/07/2017 15:52:55 Entrée dans ActionAccueil.php
13/07/2017 16:47:14 Entrée dans ActionAccueil.php
13/07/2017 16:47:41 Entrée dans ActionClub.php
13/07/2017 17:36:27 Entrée dans ActionAgenda.php
13/07/2017 17:36:28 Entrée dans ActionAgenda.php
13/07/2017 17:36:30 Entrée dans ActionEvenement.php
13/07/2017 19:27:35 Entrée dans ActionAccueil.php
13/07/2017 19:27:49 Entrée dans ActionClub.php
13/07/2017 19:27:59 Entrée dans ActionAgenda.php
13/07/2017 19:28:08 Entrée dans ActionSponsor.php
13/07/2017 19:28:18 Entrée dans ActionJoueurs.php
13/07/2017 19:28:33 Entrée dans ActionEvenement.php
13/07/2017 19:28:43 Entrée dans ActionEcoleDeFoot.php
13/07/2017 20:33:10 Entrée dans ActionAgenda.php
13/07/2017 21:17:00 Entrée dans ActionSponsor.php
13/07/2017 21:17:09 Entrée dans ActionJoueurs.php
13/07/2017 21:17:12 Entrée dans ActionAgenda.php
13/07/2017 21:17:20 Entrée dans ActionEcoleDeFoot.php
13/07/2017 21:17:20 Entrée dans ActionClub.php
13/07/2017 23:45:51 Entrée dans ActionAccueil.php
14/07/2017 00:44:55 Entrée dans ActionEcoleDeFoot.php
14/07/2017 00:45:05 Entrée dans ActionEcoleDeFoot.php
14/07/2017 00:47:14 Entrée dans ActionAccueil.php
14/07/2017 08:47:22 Entrée dans ActionEcoleDeFoot.php
14/07/2017 09:47:04 Entrée dans ActionClub.php
14/07/2017 10:13:55 Entrée dans ActionAgenda.php
14/07/2017 10:17:46 Entrée dans ActionSponsor.php
14/07/2017 10:38:23 Entrée dans ActionJoueurs.php
14/07/2017 10:39:29 Entrée dans ActionAccueil.php
14/07/2017 10:39:51 Entrée dans ActionJoueurs.php
14/07/2017 10:46:44 Entrée dans ActionEvenement.php
14/07/2017 14:56:01 Entrée dans ActionAccueil.php
14/07/2017 16:33:44 Entrée dans ActionAccueil.php
14/07/2017 16:46:42 Entrée dans ActionJoueurs.php
14/07/2017 21:30:22 Entrée dans ActionAccueil.php
14/07/2017 21:40:43 Entrée dans ActionAccueil.php
14/07/2017 22:19:30 Entrée dans ActionClub.php
15/07/2017 01:30:52 Entrée dans ActionClub.php
15/07/2017 01:30:53 Entrée dans ActionAccueil.php
15/07/2017 03:11:57 Entrée dans ActionEcoleDeFoot.php
15/07/2017 04:06:24 Entrée dans ActionClub.php
15/07/2017 04:30:21 Entrée dans ActionAgenda.php
15/07/2017 04:33:56 Entrée dans ActionSponsor.php
15/07/2017 04:54:18 Entrée dans ActionAccueil.php
15/07/2017 04:54:42 Entrée dans ActionJoueurs.php
15/07/2017 05:01:59 Entrée dans ActionEvenement.php
15/07/2017 10:33:40 Entrée dans ActionClub.php
15/07/2017 14:28:18 Entrée dans ActionAccueil.php
15/07/2017 19:39:18 Entrée dans ActionAgenda.php
16/07/2017 05:55:23 Entrée dans ActionAccueil.php
16/07/2017 13:52:39 Entrée dans ActionSponsor.php
16/07/2017 14:47:22 Entrée dans ActionJoueurs.php
16/07/2017 14:56:13 Entrée dans ActionAccueil.php
16/07/2017 14:56:44 Entrée dans ActionJoueurs.php
16/07/2017 14:57:26 Entrée dans ActionEcoleDeFoot.php
16/07/2017 14:57:32 Entrée dans ActionJoueurs.php
16/07/2017 18:01:23 Entrée dans ActionEcoleDeFoot.php
16/07/2017 18:57:26 Entrée dans ActionClub.php
16/07/2017 19:17:09 Entrée dans ActionEvenement.php
16/07/2017 19:22:52 Entrée dans ActionAgenda.php
16/07/2017 19:26:28 Entrée dans ActionSponsor.php
16/07/2017 19:48:07 Entrée dans ActionAccueil.php
16/07/2017 19:48:30 Entrée dans ActionJoueurs.php
16/07/2017 19:56:18 Entrée dans ActionEvenement.php
16/07/2017 21:14:23 Entrée dans ActionAccueil.php
16/07/2017 22:53:29 Entrée dans ActionClub.php
17/07/2017 00:12:45 Entrée dans ActionAccueil.php
17/07/2017 00:13:03 Entrée dans AfficherPopupArticle.php
17/07/2017 00:14:02 Entrée dans ActionEcoleDeFoot.php
17/07/2017 00:14:05 Entrée dans ActionEcoleDeFoot.php
17/07/2017 03:23:15 Entrée dans ActionClub.php
17/07/2017 03:23:16 Entrée dans ActionAccueil.php
17/07/2017 05:36:56 Entrée dans ActionEcoleDeFoot.php
17/07/2017 05:43:09 Entrée dans ActionAccueil.php
17/07/2017 06:47:10 Entrée dans ActionAccueil.php
17/07/2017 06:47:15 Entrée dans ActionClub.php
17/07/2017 06:47:17 Entrée dans ActionJoueurs.php
17/07/2017 06:47:19 Entrée dans ActionEcoleDeFoot.php
17/07/2017 06:47:21 Entrée dans ActionAgenda.php
17/07/2017 06:47:23 Entrée dans ActionEvenement.php
17/07/2017 06:47:25 Entrée dans ActionSponsor.php
17/07/2017 07:15:20 Entrée dans ActionAccueil.php
17/07/2017 08:24:34 Entrée dans ActionAccueil.php
17/07/2017 11:20:46 Entrée dans ActionAccueil.php
17/07/2017 11:21:35 Entrée dans ActionClub.php
17/07/2017 11:21:44 Entrée dans ActionEcoleDeFoot.php
17/07/2017 11:22:01 Entrée dans ActionClub.php
17/07/2017 15:25:26 Entrée dans ActionAccueil.php
17/07/2017 15:25:58 Entrée dans ActionJoueurs.php
17/07/2017 19:37:18 Entrée dans ActionAgenda.php
17/07/2017 21:13:56 Entrée dans ActionSponsor.php
17/07/2017 22:46:48 Entrée dans ActionEcoleDeFoot.php
18/07/2017 07:28:11 Entrée dans ActionJoueurs.php
18/07/2017 08:31:39 Entrée dans ActionAccueil.php
18/07/2017 08:32:09 Entrée dans AfficherPopupArticle.php
18/07/2017 08:32:48 Entrée dans ActionAccueil.php
18/07/2017 08:33:00 Entrée dans ActionClub.php
18/07/2017 08:33:13 Entrée dans ActionEcoleDeFoot.php
18/07/2017 08:33:35 Entrée dans ActionEcoleDeFoot.php
18/07/2017 10:08:41 Entrée dans ActionJoueurs.php
18/07/2017 11:43:17 Entrée dans ActionJoueurs.php
18/07/2017 13:39:03 Entrée dans ActionClub.php
18/07/2017 19:47:54 Entrée dans ActionAccueil.php
18/07/2017 19:48:00 Entrée dans AfficherPopupArticle.php
18/07/2017 19:48:19 Entrée dans ActionEcoleDeFoot.php
18/07/2017 19:48:29 Entrée dans ActionEcoleDeFoot.php
18/07/2017 19:48:59 Entrée dans ActionEvenement.php
18/07/2017 19:49:02 Entrée dans ActionAgenda.php
18/07/2017 19:49:27 Entrée dans ActionAgenda.php
18/07/2017 19:51:27 Entrée dans ActionEvenement.php
18/07/2017 20:41:07 Entrée dans ActionAccueil.php
18/07/2017 22:06:00 Entrée dans ActionJoueurs.php
18/07/2017 23:48:07 Entrée dans ActionClub.php
19/07/2017 03:34:16 Entrée dans ActionAccueil.php
19/07/2017 05:38:32 Entrée dans ActionEcoleDeFoot.php
19/07/2017 08:39:22 Entrée dans ActionAccueil.php
19/07/2017 10:13:53 Entrée dans ActionClub.php
19/07/2017 10:13:59 Entrée dans ActionJoueurs.php
19/07/2017 10:14:00 Entrée dans ActionEcoleDeFoot.php
19/07/2017 10:14:00 Entrée dans ActionAgenda.php
19/07/2017 10:14:07 Entrée dans ActionEcoleDeFoot.php
19/07/2017 10:14:18 Entrée dans ActionSponsor.php
19/07/2017 13:37:44 Entrée dans ActionEcoleDeFoot.php
19/07/2017 13:37:47 Entrée dans ActionEcoleDeFoot.php
19/07/2017 13:37:55 Entrée dans ActionEvenement.php
19/07/2017 13:37:58 Entrée dans ActionJoueurs.php
19/07/2017 13:38:13 Entrée dans ActionAccueil.php
19/07/2017 13:38:26 Entrée dans ActionAgenda.php
19/07/2017 21:11:50 Entrée dans ActionAgenda.php
19/07/2017 21:15:30 Entrée dans ActionAccueil.php
19/07/2017 21:38:52 Entrée dans ActionSponsor.php
19/07/2017 22:17:47 Entrée dans ActionAccueil.php
19/07/2017 22:18:11 Entrée dans AfficherPopupArticle.php
20/07/2017 00:05:37 Entrée dans ActionClub.php
20/07/2017 00:06:45 Entrée dans ActionClub.php
20/07/2017 00:06:48 Entrée dans ActionEcoleDeFoot.php
20/07/2017 00:06:50 Entrée dans ActionAgenda.php
20/07/2017 00:06:53 Entrée dans ActionSponsor.php
20/07/2017 00:07:08 Entrée dans ActionEvenement.php
20/07/2017 02:21:41 Entrée dans ActionJoueurs.php
20/07/2017 02:34:19 Entrée dans ActionSponsor.php
20/07/2017 10:03:01 Entrée dans ActionAccueil.php
20/07/2017 10:03:21 Entrée dans ActionJoueurs.php
20/07/2017 13:49:17 Entrée dans ActionEcoleDeFoot.php
20/07/2017 14:15:49 Entrée dans ActionEcoleDeFoot.php
20/07/2017 14:16:58 Entrée dans ActionClub.php
20/07/2017 14:16:58 Entrée dans ActionAccueil.php
20/07/2017 15:07:13 Entrée dans ActionEvenement.php
20/07/2017 17:54:43 Entrée dans ActionJoueurs.php
20/07/2017 19:07:53 Entrée dans ActionSponsor.php
20/07/2017 22:03:22 Entrée dans ActionClub.php
21/07/2017 03:40:54 Entrée dans ActionEcoleDeFoot.php
21/07/2017 05:53:22 Entrée dans ActionEcoleDeFoot.php
21/07/2017 07:34:29 Entrée dans ActionEvenement.php
21/07/2017 10:49:04 Entrée dans ActionClub.php
21/07/2017 12:01:27 Entrée dans ActionEcoleDeFoot.php
21/07/2017 12:01:43 Entrée dans ActionEcoleDeFoot.php
21/07/2017 12:02:40 Entrée dans ActionEcoleDeFoot.php
21/07/2017 12:02:44 Entrée dans ActionEcoleDeFoot.php
21/07/2017 12:02:50 Entrée dans ActionClub.php
21/07/2017 12:04:50 Entrée dans ActionEcoleDeFoot.php
21/07/2017 12:41:42 Entrée dans ActionClub.php
21/07/2017 15:08:40 Entrée dans ActionAgenda.php
21/07/2017 15:09:27 Entrée dans ActionEcoleDeFoot.php
21/07/2017 15:09:29 Entrée dans ActionAgenda.php
21/07/2017 19:20:50 Entrée dans ActionAccueil.php
21/07/2017 19:21:03 Entrée dans ActionJoueurs.php
21/07/2017 21:04:38 Entrée dans ActionAccueil.php
21/07/2017 21:04:48 Entrée dans ActionClub.php
21/07/2017 21:05:51 Entrée dans ActionJoueurs.php
21/07/2017 21:08:01 Entrée dans ActionAccueil.php
21/07/2017 21:08:11 Entrée dans ActionAccueil.php
21/07/2017 21:08:28 Entrée dans ActionClub.php
21/07/2017 21:09:05 Entrée dans ActionClub.php
21/07/2017 21:09:09 Entrée dans ActionJoueurs.php
21/07/2017 21:09:37 Entrée dans ActionAgenda.php
21/07/2017 21:09:52 Entrée dans ActionJoueurs.php
21/07/2017 21:14:16 Entrée dans ActionAccueil.php
21/07/2017 21:23:25 Entrée dans ActionAgenda.php
22/07/2017 04:56:51 Entrée dans ActionAccueil.php
22/07/2017 04:56:53 Entrée dans ActionAgenda.php
22/07/2017 04:56:54 Entrée dans ActionClub.php
22/07/2017 04:56:55 Entrée dans ActionEcoleDeFoot.php
22/07/2017 04:56:55 Entrée dans ActionEvenement.php
22/07/2017 04:56:56 Entrée dans ActionJoueurs.php
22/07/2017 04:56:57 Entrée dans ActionSponsor.php
22/07/2017 04:56:57 Entrée dans AfficherPopupArticle.php
22/07/2017 04:56:58 Entrée dans AfficherPopupArticle.php
22/07/2017 04:56:58 Entrée dans AfficherPopupCompteRendu.php
22/07/2017 04:56:58 Entrée dans ActionAccueil.php
22/07/2017 04:57:00 Entrée dans RechercherArticle.php
22/07/2017 04:57:00 Entrée dans ActionAccueil.php
22/07/2017 04:57:02 Entrée dans ActionAccueil.php
22/07/2017 04:57:04 Entrée dans ActionProfil.php
22/07/2017 04:57:04 Entrée dans ActionAccueil.php
22/07/2017 04:57:05 Entrée dans ActionLogin.php
22/07/2017 04:57:05 Entrée dans ActionProfil.php
22/07/2017 04:57:09 Entrée dans ActionAccueil.php
22/07/2017 05:22:24 Entrée dans ActionEcoleDeFoot.php
22/07/2017 08:08:56 Entrée dans ActionJoueurs.php
22/07/2017 10:15:24 Entrée dans ActionAgenda.php
22/07/2017 11:35:22 Entrée dans ActionAccueil.php
22/07/2017 11:35:33 Entrée dans ActionAccueil.php
22/07/2017 11:35:35 Entrée dans ActionClub.php
22/07/2017 11:38:08 Entrée dans ActionJoueurs.php
22/07/2017 11:40:04 Entrée dans ActionEcoleDeFoot.php
22/07/2017 11:40:14 Entrée dans ActionEcoleDeFoot.php
22/07/2017 11:40:18 Entrée dans ActionEcoleDeFoot.php
22/07/2017 11:40:43 Entrée dans ActionEvenement.php
22/07/2017 11:40:59 Entrée dans ActionSponsor.php
22/07/2017 11:41:12 Entrée dans ActionAccueil.php
22/07/2017 11:41:38 Entrée dans ActionEcoleDeFoot.php
22/07/2017 12:41:05 Entrée dans ActionEcoleDeFoot.php
22/07/2017 17:59:12 Entrée dans ActionAccueil.php
22/07/2017 18:00:48 Entrée dans ActionAccueil.php
22/07/2017 18:00:55 Entrée dans ActionClub.php
22/07/2017 18:04:32 Entrée dans ActionClub.php
22/07/2017 20:14:41 Entrée dans ActionSponsor.php
22/07/2017 23:36:35 Entrée dans ActionClub.php
23/07/2017 02:35:12 Entrée dans ActionAccueil.php
23/07/2017 02:35:43 Entrée dans AfficherPopupArticle.php
23/07/2017 02:36:05 Entrée dans ActionEcoleDeFoot.php
23/07/2017 02:36:14 Entrée dans ActionEcoleDeFoot.php
23/07/2017 02:36:28 Entrée dans ActionEcoleDeFoot.php
23/07/2017 02:36:37 Entrée dans ActionEcoleDeFoot.php
23/07/2017 02:36:47 Entrée dans ActionEcoleDeFoot.php
23/07/2017 02:36:53 Entrée dans ActionEcoleDeFoot.php
23/07/2017 06:04:29 Entrée dans ActionEcoleDeFoot.php
23/07/2017 10:15:58 Entrée dans ActionEvenement.php
23/07/2017 10:44:38 Entrée dans ActionClub.php
23/07/2017 10:44:38 Entrée dans ActionAccueil.php
23/07/2017 11:00:27 Entrée dans ActionClub.php
23/07/2017 11:29:51 Entrée dans ActionClub.php
23/07/2017 11:30:09 Entrée dans ActionClub.php
23/07/2017 11:30:12 Entrée dans ActionEcoleDeFoot.php
23/07/2017 11:30:14 Entrée dans ActionEvenement.php
23/07/2017 11:30:17 Entrée dans ActionSponsor.php
23/07/2017 12:14:06 Entrée dans ActionAccueil.php
23/07/2017 16:58:30 Entrée dans ActionAccueil.php
23/07/2017 16:58:42 Entrée dans ActionClub.php
23/07/2017 16:58:53 Entrée dans ActionAgenda.php
23/07/2017 16:59:03 Entrée dans ActionSponsor.php
23/07/2017 16:59:13 Entrée dans ActionJoueurs.php
23/07/2017 16:59:28 Entrée dans ActionEvenement.php
23/07/2017 16:59:38 Entrée dans ActionEcoleDeFoot.php
23/07/2017 17:55:12 Entrée dans ActionAgenda.php
24/07/2017 02:51:57 Entrée dans ActionClub.php
24/07/2017 02:52:07 Entrée dans ActionEcoleDeFoot.php
24/07/2017 02:52:13 Entrée dans ActionEcoleDeFoot.php
24/07/2017 13:23:15 Entrée dans ActionAccueil.php
24/07/2017 15:33:02 Entrée dans ActionAccueil.php
24/07/2017 16:23:44 Entrée dans ActionClub.php
24/07/2017 16:23:51 Entrée dans ActionClub.php
24/07/2017 16:23:54 Entrée dans ActionEcoleDeFoot.php
24/07/2017 16:24:10 Entrée dans ActionClub.php
24/07/2017 16:24:13 Entrée dans ActionEcoleDeFoot.php
24/07/2017 16:24:15 Entrée dans ActionEcoleDeFoot.php
24/07/2017 16:24:50 Entrée dans ActionAccueil.php
24/07/2017 16:25:01 Entrée dans AfficherPopupArticle.php
24/07/2017 16:25:34 Entrée dans AfficherPopupArticle.php
24/07/2017 16:26:23 Entrée dans AfficherPopupArticle.php
24/07/2017 16:26:46 Entrée dans AfficherPopupArticle.php
24/07/2017 16:27:03 Entrée dans ActionClub.php
24/07/2017 16:27:09 Entrée dans ActionEcoleDeFoot.php
24/07/2017 16:27:12 Entrée dans ActionEcoleDeFoot.php
24/07/2017 16:27:24 Entrée dans ActionEcoleDeFoot.php
24/07/2017 16:27:28 Entrée dans ActionEcoleDeFoot.php
24/07/2017 16:27:55 Entrée dans ActionEcoleDeFoot.php
24/07/2017 16:27:57 Entrée dans ActionEcoleDeFoot.php
24/07/2017 16:28:00 Entrée dans ActionEcoleDeFoot.php
24/07/2017 16:28:19 Entrée dans ActionEcoleDeFoot.php
24/07/2017 16:28:22 Entrée dans ActionEcoleDeFoot.php
24/07/2017 16:28:30 Entrée dans ActionEcoleDeFoot.php
24/07/2017 16:28:34 Entrée dans ActionEvenement.php
24/07/2017 16:28:47 Entrée dans ActionEvenement.php
24/07/2017 16:28:51 Entrée dans ActionAccueil.php
24/07/2017 16:28:54 Entrée dans ActionAgenda.php
24/07/2017 16:29:00 Entrée dans ActionAgenda.php
24/07/2017 16:29:10 Entrée dans ActionAgenda.php
24/07/2017 16:29:32 Entrée dans ActionAgenda.php
24/07/2017 16:31:08 Entrée dans ActionAccueil.php
24/07/2017 16:45:31 Entrée dans ActionAccueil.php
24/07/2017 16:45:53 Entrée dans ActionAgenda.php
24/07/2017 16:46:11 Entrée dans ActionAgenda.php
24/07/2017 16:46:27 Entrée dans ActionJoueurs.php
24/07/2017 16:47:54 Entrée dans ActionJoueurs.php
24/07/2017 17:01:20 Entrée dans ActionAccueil.php
24/07/2017 17:01:24 Entrée dans ActionAccueil.php
24/07/2017 17:01:40 Entrée dans ActionClub.php
24/07/2017 17:01:42 Entrée dans ActionClub.php
24/07/2017 17:01:52 Entrée dans ActionEcoleDeFoot.php
24/07/2017 17:02:06 Entrée dans ActionAccueil.php
24/07/2017 17:02:22 Entrée dans ActionAgenda.php
24/07/2017 17:02:32 Entrée dans ActionEcoleDeFoot.php
24/07/2017 17:02:36 Entrée dans ActionEcoleDeFoot.php
24/07/2017 17:02:38 Entrée dans ActionEcoleDeFoot.php
24/07/2017 17:02:41 Entrée dans ActionEcoleDeFoot.php
24/07/2017 17:02:50 Entrée dans ActionEcoleDeFoot.php
24/07/2017 17:03:02 Entrée dans ActionEcoleDeFoot.php
24/07/2017 17:04:51 Entrée dans ActionAccueil.php
24/07/2017 17:05:13 Entrée dans ActionJoueurs.php
24/07/2017 17:42:15 Entrée dans ActionSponsor.php
24/07/2017 19:18:04 Entrée dans ActionEvenement.php
24/07/2017 21:19:21 Entrée dans ActionClub.php
25/07/2017 07:00:18 Entrée dans ActionEcoleDeFoot.php
25/07/2017 11:13:20 Entrée dans ActionAccueil.php
25/07/2017 13:59:24 Entrée dans ActionEvenement.php
25/07/2017 14:21:58 Entrée dans ActionAccueil.php
25/07/2017 18:41:59 Entrée dans ActionAgenda.php
26/07/2017 11:29:40 Entrée dans ActionJoueurs.php
26/07/2017 11:32:31 Entrée dans ActionClub.php
26/07/2017 11:32:33 Entrée dans ActionAgenda.php
26/07/2017 11:32:36 Entrée dans ActionAgenda.php
26/07/2017 11:32:42 Entrée dans ActionEvenement.php
26/07/2017 11:35:28 Entrée dans ActionAccueil.php
26/07/2017 11:35:48 Entrée dans ActionAgenda.php
26/07/2017 12:15:30 Entrée dans ActionJoueurs.php
26/07/2017 13:10:03 Entrée dans ActionClub.php
26/07/2017 17:09:00 Entrée dans ActionAccueil.php
26/07/2017 17:15:25 Entrée dans ActionClub.php
26/07/2017 17:15:25 Entrée dans ActionEvenement.php
26/07/2017 17:15:25 Entrée dans ActionAgenda.php
26/07/2017 17:15:25 Entrée dans ActionEcoleDeFoot.php
26/07/2017 17:15:25 Entrée dans ActionSponsor.php
26/07/2017 17:15:26 Entrée dans ActionJoueurs.php
26/07/2017 17:18:46 Entrée dans ActionEcoleDeFoot.php
26/07/2017 17:18:46 Entrée dans ActionEvenement.php
26/07/2017 17:18:46 Entrée dans ActionSponsor.php
26/07/2017 17:20:54 Entrée dans ActionEvenement.php
26/07/2017 17:20:54 Entrée dans ActionSponsor.php
26/07/2017 17:20:54 Entrée dans ActionEcoleDeFoot.php
26/07/2017 20:14:47 Entrée dans ActionSponsor.php
27/07/2017 00:44:59 Entrée dans ActionAccueil.php
27/07/2017 07:12:00 Entrée dans ActionClub.php
27/07/2017 09:14:02 Entrée dans ActionEvenement.php
27/07/2017 10:23:23 Entrée dans ActionAccueil.php
27/07/2017 10:23:39 Entrée dans ActionClub.php
27/07/2017 10:23:42 Entrée dans ActionClub.php
27/07/2017 10:23:45 Entrée dans ActionJoueurs.php
27/07/2017 10:25:01 Entrée dans ActionEcoleDeFoot.php
27/07/2017 10:25:01 Entrée dans ActionEcoleDeFoot.php
27/07/2017 10:25:23 Entrée dans ActionEcoleDeFoot.php
27/07/2017 11:33:24 Entrée dans ActionAccueil.php
27/07/2017 11:33:41 Entrée dans AfficherPopupArticle.php
27/07/2017 11:33:58 Entrée dans AfficherPopupArticle.php
27/07/2017 11:34:20 Entrée dans AfficherPopupArticle.php
27/07/2017 11:34:32 Entrée dans ActionJoueurs.php
27/07/2017 11:34:40 Entrée dans ActionEcoleDeFoot.php
27/07/2017 11:34:46 Entrée dans ActionAgenda.php
27/07/2017 11:34:50 Entrée dans ActionAccueil.php
27/07/2017 17:33:56 Entrée dans ActionAccueil.php
27/07/2017 17:34:12 Entrée dans ActionAccueil.php
27/07/2017 23:14:02 Entrée dans ActionAccueil.php
28/07/2017 01:53:27 Entrée dans ActionAgenda.php
28/07/2017 08:00:14 Entrée dans ActionAgenda.php
28/07/2017 08:21:02 Entrée dans ActionJoueurs.php
28/07/2017 08:32:38 Entrée dans ActionClub.php
28/07/2017 09:55:28 Entrée dans ActionAccueil.php
28/07/2017 09:55:32 Entrée dans ActionJoueurs.php
28/07/2017 13:49:29 Entrée dans ActionEcoleDeFoot.php
28/07/2017 13:49:31 Entrée dans ActionEvenement.php
28/07/2017 17:08:18 Entrée dans ActionEvenement.php
28/07/2017 20:19:57 Entrée dans ActionClub.php
28/07/2017 22:47:42 Entrée dans ActionSponsor.php
28/07/2017 22:54:05 Entrée dans ActionJoueurs.php
28/07/2017 22:55:53 Entrée dans ActionAccueil.php
28/07/2017 22:56:47 Entrée dans ActionAccueil.php
28/07/2017 23:16:20 Entrée dans ActionClub.php
29/07/2017 00:45:34 Entrée dans ActionAgenda.php
29/07/2017 03:28:38 Entrée dans ActionEcoleDeFoot.php
29/07/2017 05:32:21 Entrée dans ActionEvenement.php
29/07/2017 12:22:08 Entrée dans ActionAccueil.php
29/07/2017 12:22:31 Entrée dans ActionJoueurs.php
29/07/2017 12:24:16 Entrée dans ActionAgenda.php
29/07/2017 12:33:57 Entrée dans ActionJoueurs.php
29/07/2017 19:23:46 Entrée dans ActionAccueil.php
29/07/2017 19:41:26 Entrée dans ActionAgenda.php
29/07/2017 21:35:22 Entrée dans ActionAccueil.php
29/07/2017 21:35:30 Entrée dans ActionJoueurs.php
29/07/2017 21:35:56 Entrée dans ActionClub.php
29/07/2017 21:36:37 Entrée dans ActionClub.php
29/07/2017 21:36:42 Entrée dans ActionJoueurs.php
29/07/2017 21:37:14 Entrée dans ActionEcoleDeFoot.php
29/07/2017 21:37:18 Entrée dans ActionEcoleDeFoot.php
29/07/2017 21:37:25 Entrée dans ActionEcoleDeFoot.php
29/07/2017 21:37:41 Entrée dans ActionEvenement.php
29/07/2017 21:37:46 Entrée dans ActionClub.php
29/07/2017 21:55:17 Entrée dans ActionAccueil.php
29/07/2017 21:55:20 Entrée dans ActionJoueurs.php
29/07/2017 22:49:23 Entrée dans ActionAccueil.php
30/07/2017 02:31:51 Entrée dans ActionAccueil.php
30/07/2017 02:32:19 Entrée dans ActionClub.php
30/07/2017 02:32:22 Entrée dans ActionJoueurs.php
30/07/2017 02:32:24 Entrée dans ActionEcoleDeFoot.php
30/07/2017 02:32:25 Entrée dans ActionAgenda.php
30/07/2017 02:32:27 Entrée dans ActionEvenement.php
30/07/2017 02:32:29 Entrée dans ActionSponsor.php
30/07/2017 05:34:02 Entrée dans ActionAccueil.php
30/07/2017 05:34:03 Entrée dans ActionClub.php
30/07/2017 05:48:46 Entrée dans ActionAccueil.php
30/07/2017 05:49:16 Entrée dans ActionJoueurs.php
30/07/2017 10:18:03 Entrée dans ActionAccueil.php
30/07/2017 11:19:39 Entrée dans ActionAccueil.php
30/07/2017 14:05:58 Entrée dans ActionEvenement.php
30/07/2017 14:05:58 Entrée dans ActionEvenement.php
30/07/2017 18:37:18 Entrée dans ActionAccueil.php
30/07/2017 18:37:54 Entrée dans ActionJoueurs.php
30/07/2017 18:39:24 Entrée dans ActionAccueil.php
30/07/2017 18:39:39 Entrée dans ActionAgenda.php
30/07/2017 19:32:47 Entrée dans ActionJoueurs.php
30/07/2017 21:44:10 Entrée dans ActionJoueurs.php
30/07/2017 22:10:15 Entrée dans ActionClub.php
31/07/2017 06:12:49 Entrée dans ActionEvenement.php
31/07/2017 07:26:36 Entrée dans ActionEcoleDeFoot.php
31/07/2017 12:21:08 Entrée dans ActionAccueil.php
31/07/2017 12:21:12 Entrée dans ActionClub.php
31/07/2017 12:21:14 Entrée dans ActionJoueurs.php
31/07/2017 12:21:19 Entrée dans ActionEcoleDeFoot.php
31/07/2017 12:21:21 Entrée dans ActionAgenda.php
31/07/2017 12:21:24 Entrée dans ActionEvenement.php
31/07/2017 12:21:26 Entrée dans ActionSponsor.php
31/07/2017 15:33:32 Entrée dans ActionEvenement.php
31/07/2017 18:08:41 Entrée dans ActionAccueil.php
31/07/2017 19:21:19 Entrée dans ActionAccueil.php
31/07/2017 21:22:30 Entrée dans ActionAgenda.php
31/07/2017 22:34:55 Entrée dans ActionAccueil.php
31/07/2017 22:39:28 Entrée dans ActionAccueil.php
