01/10/2018 05:09:29 Entrée dans ActionEvenement.php
01/10/2018 10:21:36 Entrée dans ActionAccueil.php
01/10/2018 10:22:25 Entrée dans ActionEvenement.php
01/10/2018 18:04:48 Entrée dans ActionJoueurs.php
01/10/2018 18:04:59 Entrée dans ActionEcoleDeFoot.php
01/10/2018 18:06:01 Entrée dans ActionAgenda.php
01/10/2018 18:13:07 Entrée dans ActionAccueil.php
01/10/2018 19:46:56 Entrée dans ActionAccueil.php
01/10/2018 23:18:10 Entrée dans ActionAccueil.php
01/10/2018 23:18:19 Entrée dans ActionClub.php
02/10/2018 11:59:44 Entrée dans ActionAccueil.php
02/10/2018 12:00:04 Entrée dans ActionEcoleDeFoot.php
02/10/2018 12:00:18 Entrée dans ActionSponsor.php
02/10/2018 12:00:27 Entrée dans ActionEcoleDeFoot.php
02/10/2018 12:00:28 Entrée dans ActionJoueurs.php
02/10/2018 12:00:42 Entrée dans ActionAgenda.php
02/10/2018 12:00:50 Entrée dans ActionAgenda.php
02/10/2018 12:00:53 Entrée dans ActionClub.php
02/10/2018 19:13:10 Entrée dans ActionAccueil.php
02/10/2018 19:13:19 Entrée dans ActionJoueurs.php
02/10/2018 19:13:32 Entrée dans ActionJoueurs.php
02/10/2018 19:14:16 Entrée dans ActionClub.php
02/10/2018 19:17:02 Entrée dans ActionAccueil.php
02/10/2018 19:17:06 Entrée dans ActionJoueurs.php
02/10/2018 19:17:14 Entrée dans ActionJoueurs.php
02/10/2018 19:17:29 Entrée dans ActionClub.php
02/10/2018 19:18:16 Entrée dans ActionEvenement.php
02/10/2018 20:54:56 Entrée dans ActionAccueil.php
02/10/2018 21:47:58 Entrée dans ActionAgenda.php
03/10/2018 06:58:34 Entrée dans ActionClub.php
03/10/2018 08:54:51 Entrée dans ActionAccueil.php
03/10/2018 08:55:20 Entrée dans ActionAgenda.php
03/10/2018 08:55:29 Entrée dans ActionAgenda.php
03/10/2018 08:55:53 Entrée dans ActionAgenda.php
03/10/2018 10:52:14 Entrée dans ActionEvenement.php
03/10/2018 12:36:24 Entrée dans ActionAccueil.php
03/10/2018 14:26:36 Entrée dans ActionAccueil.php
03/10/2018 17:06:49 Entrée dans ActionAccueil.php
03/10/2018 17:06:50 Entrée dans ActionAccueil.php
03/10/2018 20:22:27 Entrée dans ActionAccueil.php
03/10/2018 21:00:20 Entrée dans ActionAccueil.php
03/10/2018 22:12:06 Entrée dans ActionAccueil.php
03/10/2018 22:12:14 Entrée dans ActionEcoleDeFoot.php
03/10/2018 22:19:03 Entrée dans ActionAccueil.php
03/10/2018 22:19:06 Entrée dans ActionEcoleDeFoot.php
03/10/2018 22:19:56 Entrée dans ActionClub.php
04/10/2018 01:10:32 Entrée dans ActionSponsor.php
04/10/2018 12:27:17 Entrée dans ActionAccueil.php
04/10/2018 12:28:11 Entrée dans ActionClub.php
04/10/2018 12:29:23 Entrée dans ActionAgenda.php
04/10/2018 12:29:33 Entrée dans ActionSponsor.php
04/10/2018 13:29:28 Entrée dans ActionAccueil.php
04/10/2018 13:29:29 Entrée dans ActionClub.php
04/10/2018 13:29:30 Entrée dans ActionJoueurs.php
04/10/2018 13:29:33 Entrée dans ActionEcoleDeFoot.php
04/10/2018 13:29:34 Entrée dans ActionAgenda.php
04/10/2018 15:32:10 Entrée dans ActionAccueil.php
04/10/2018 15:36:37 Entrée dans ActionJoueurs.php
04/10/2018 15:56:56 Entrée dans ActionClub.php
04/10/2018 15:58:24 Entrée dans ActionJoueurs.php
04/10/2018 17:05:17 Entrée dans ActionAccueil.php
04/10/2018 22:25:50 Entrée dans ActionClub.php
05/10/2018 08:39:28 Entrée dans ActionJoueurs.php
05/10/2018 09:02:29 Entrée dans ActionAccueil.php
05/10/2018 09:02:34 Entrée dans ActionClub.php
05/10/2018 09:02:38 Entrée dans ActionJoueurs.php
05/10/2018 09:02:41 Entrée dans ActionEcoleDeFoot.php
05/10/2018 11:41:59 Entrée dans ActionAccueil.php
05/10/2018 12:24:24 Entrée dans ActionAccueil.php
05/10/2018 12:24:48 Entrée dans ActionAgenda.php
05/10/2018 12:25:04 Entrée dans ActionAgenda.php
05/10/2018 12:25:51 Entrée dans ActionAccueil.php
05/10/2018 12:25:56 Entrée dans ActionAgenda.php
05/10/2018 12:26:05 Entrée dans ActionAgenda.php
05/10/2018 12:31:22 Entrée dans ActionAccueil.php
05/10/2018 19:47:35 Entrée dans ActionJoueurs.php
05/10/2018 20:11:26 Entrée dans ActionAccueil.php
05/10/2018 20:34:31 Entrée dans ActionAccueil.php
05/10/2018 21:39:45 Entrée dans ActionClub.php
05/10/2018 22:39:13 Entrée dans ActionAccueil.php
06/10/2018 00:30:30 Entrée dans ActionAccueil.php
06/10/2018 03:40:37 Entrée dans ActionAccueil.php
06/10/2018 03:55:06 Entrée dans ActionAccueil.php
06/10/2018 04:35:01 Entrée dans ActionEcoleDeFoot.php
06/10/2018 05:00:45 Entrée dans ActionClub.php
06/10/2018 05:12:18 Entrée dans ActionAgenda.php
06/10/2018 05:12:23 Entrée dans ActionClub.php
06/10/2018 05:12:27 Entrée dans ActionEcoleDeFoot.php
06/10/2018 05:12:30 Entrée dans ActionEvenement.php
06/10/2018 05:12:34 Entrée dans ActionSponsor.php
06/10/2018 06:38:53 Entrée dans ActionEvenement.php
06/10/2018 08:25:44 Entrée dans ActionClub.php
06/10/2018 08:25:50 Entrée dans ActionAgenda.php
06/10/2018 08:25:56 Entrée dans ActionSponsor.php
06/10/2018 08:26:02 Entrée dans ActionJoueurs.php
06/10/2018 08:26:08 Entrée dans ActionEvenement.php
06/10/2018 09:17:10 Entrée dans ActionClub.php
06/10/2018 12:06:20 Entrée dans ActionEcoleDeFoot.php
06/10/2018 13:33:25 Entrée dans ActionAccueil.php
06/10/2018 13:53:47 Entrée dans ActionAccueil.php
06/10/2018 13:54:59 Entrée dans ActionAccueil.php
06/10/2018 14:41:43 Entrée dans ActionAccueil.php
06/10/2018 18:43:28 Entrée dans ActionSponsor.php
06/10/2018 19:37:26 Entrée dans ActionAccueil.php
06/10/2018 22:19:23 Entrée dans ActionClub.php
06/10/2018 23:17:45 Entrée dans ActionAccueil.php
07/10/2018 02:00:22 Entrée dans ActionEcoleDeFoot.php
07/10/2018 04:18:49 Entrée dans ActionEcoleDeFoot.php
07/10/2018 06:15:06 Entrée dans ActionAgenda.php
07/10/2018 07:04:43 Entrée dans ActionEvenement.php
07/10/2018 09:51:20 Entrée dans ActionJoueurs.php
07/10/2018 10:12:07 Entrée dans ActionAccueil.php
07/10/2018 10:41:35 Entrée dans ActionAccueil.php
07/10/2018 12:42:40 Entrée dans ActionAccueil.php
07/10/2018 13:08:53 Entrée dans ActionAccueil.php
07/10/2018 13:08:53 Entrée dans ActionAccueil.php
07/10/2018 13:15:00 Entrée dans ActionEvenement.php
07/10/2018 13:15:14 Entrée dans ActionEcoleDeFoot.php
07/10/2018 13:17:06 Entrée dans ActionEcoleDeFoot.php
07/10/2018 13:17:36 Entrée dans ActionJoueurs.php
07/10/2018 13:44:45 Entrée dans ActionContact.php
07/10/2018 14:19:20 Entrée dans ActionAccueil.php
07/10/2018 15:08:52 Entrée dans ActionAccueil.php
07/10/2018 15:09:43 Entrée dans ActionLogin.php
07/10/2018 15:09:43 Authentification de tsutter.
07/10/2018 15:09:43 Entrée dans ActionProfil.php
07/10/2018 15:09:47 Entrée dans GestionResultats.php
07/10/2018 15:17:24 Entrée dans GestionResultats.php
07/10/2018 15:58:22 Entrée dans ActionRencontre.php
07/10/2018 15:58:26 Entrée dans RechercherRencontre.php
07/10/2018 15:58:36 Entrée dans ActionRencontre.php
07/10/2018 15:58:41 Entrée dans GestionResultats.php
07/10/2018 19:19:50 Entrée dans ActionAccueil.php
07/10/2018 19:46:52 Entrée dans ActionEcoleDeFoot.php
07/10/2018 20:34:38 Entrée dans ActionSponsor.php
07/10/2018 21:36:14 Entrée dans ActionJoueurs.php
07/10/2018 21:50:24 Entrée dans ActionAccueil.php
07/10/2018 21:51:33 Entrée dans ActionLogin.php
07/10/2018 21:51:33 Authentification de Fgastrini.
07/10/2018 21:51:33 Entrée dans ActionProfil.php
07/10/2018 21:51:37 Entrée dans ActionProfil.php
07/10/2018 21:51:40 Entrée dans GestionResultats.php
07/10/2018 21:51:51 Entrée dans GestionResultats.php
07/10/2018 21:52:24 Entrée dans AfficherPopupCompteRendu.php
07/10/2018 21:52:34 Entrée dans ActionRencontre.php
07/10/2018 21:52:56 Entrée dans ActionRencontre.php
07/10/2018 21:53:01 Entrée dans ActionRencontre.php
07/10/2018 21:53:08 Entrée dans ActionAccueil.php
07/10/2018 21:53:37 Entrée dans ActionProfil.php
07/10/2018 21:53:40 Entrée dans ActionRencontre.php
07/10/2018 21:54:18 Entrée dans RechercherEquipe.php
07/10/2018 21:54:31 Entrée dans RechercherCompetitionEquipe.php
07/10/2018 21:55:00 Entrée dans ActionRencontre.php
07/10/2018 21:55:16 Entrée dans ActionAccueil.php
07/10/2018 21:55:46 Entrée dans ActionProfil.php
07/10/2018 21:55:50 Entrée dans ActionAccueil.php
07/10/2018 21:55:51 Entrée dans ActionAccueil.php
07/10/2018 23:39:00 Entrée dans ActionAgenda.php
07/10/2018 23:44:50 Entrée dans ActionEcoleDeFoot.php
08/10/2018 01:14:15 Entrée dans ActionJoueurs.php
08/10/2018 07:04:06 Entrée dans ActionAgenda.php
08/10/2018 09:27:24 Entrée dans ActionJoueurs.php
08/10/2018 11:14:53 Entrée dans ActionAccueil.php
08/10/2018 11:14:58 Entrée dans ActionClub.php
08/10/2018 11:15:00 Entrée dans ActionJoueurs.php
08/10/2018 11:15:02 Entrée dans ActionEcoleDeFoot.php
08/10/2018 11:15:04 Entrée dans ActionAgenda.php
08/10/2018 11:15:07 Entrée dans ActionEvenement.php
08/10/2018 11:15:09 Entrée dans ActionSponsor.php
08/10/2018 13:18:14 Entrée dans ActionAccueil.php
08/10/2018 16:40:56 Entrée dans ActionAccueil.php
08/10/2018 16:42:28 Entrée dans ActionClub.php
08/10/2018 16:56:17 Entrée dans ActionJoueurs.php
08/10/2018 17:51:10 Entrée dans ActionAccueil.php
08/10/2018 18:07:31 Entrée dans ActionAccueil.php
08/10/2018 18:33:15 Entrée dans ActionJoueurs.php
08/10/2018 19:04:51 Entrée dans ActionAccueil.php
08/10/2018 20:32:43 Entrée dans ActionAccueil.php
08/10/2018 20:32:56 Entrée dans ActionJoueurs.php
08/10/2018 20:33:12 Entrée dans ActionJoueurs.php
09/10/2018 04:05:16 Entrée dans ActionAccueil.php
09/10/2018 11:11:58 Entrée dans ActionAccueil.php
09/10/2018 11:12:04 Entrée dans ActionClub.php
09/10/2018 11:12:07 Entrée dans ActionJoueurs.php
09/10/2018 11:12:15 Entrée dans ActionEcoleDeFoot.php
09/10/2018 11:12:17 Entrée dans ActionAgenda.php
09/10/2018 11:12:22 Entrée dans ActionEvenement.php
09/10/2018 11:12:26 Entrée dans ActionSponsor.php
09/10/2018 16:54:26 Entrée dans ActionClub.php
09/10/2018 18:17:36 Entrée dans ActionAccueil.php
09/10/2018 18:17:37 Entrée dans ActionAccueil.php
09/10/2018 18:17:50 Entrée dans ActionEvenement.php
09/10/2018 18:17:50 Entrée dans ActionEvenement.php
09/10/2018 18:17:58 Entrée dans ActionSponsor.php
09/10/2018 18:17:58 Entrée dans ActionSponsor.php
09/10/2018 18:18:04 Entrée dans ActionAgenda.php
09/10/2018 18:18:05 Entrée dans ActionAgenda.php
09/10/2018 18:18:12 Entrée dans ActionJoueurs.php
09/10/2018 18:18:12 Entrée dans ActionJoueurs.php
09/10/2018 18:18:17 Entrée dans ActionEcoleDeFoot.php
09/10/2018 18:18:17 Entrée dans ActionEcoleDeFoot.php
09/10/2018 18:18:23 Entrée dans ActionClub.php
09/10/2018 18:18:24 Entrée dans ActionClub.php
09/10/2018 22:35:03 Entrée dans ActionAccueil.php
09/10/2018 22:35:04 Entrée dans ActionAccueil.php
09/10/2018 22:36:16 Entrée dans ActionAccueil.php
09/10/2018 22:36:20 Entrée dans ActionClub.php
09/10/2018 22:36:26 Entrée dans ActionEcoleDeFoot.php
09/10/2018 22:36:28 Entrée dans ActionEcoleDeFoot.php
09/10/2018 22:36:32 Entrée dans ActionAgenda.php
09/10/2018 22:37:35 Entrée dans ActionAgenda.php
09/10/2018 22:37:49 Entrée dans ActionEvenement.php
09/10/2018 22:37:56 Entrée dans ActionClub.php
09/10/2018 22:38:43 Entrée dans ActionSponsor.php
09/10/2018 22:38:44 Entrée dans ActionEvenement.php
10/10/2018 09:59:42 Entrée dans ActionAccueil.php
10/10/2018 10:42:33 Entrée dans ActionAccueil.php
10/10/2018 11:23:11 Entrée dans ActionEcoleDeFoot.php
10/10/2018 11:27:01 Entrée dans ActionEcoleDeFoot.php
10/10/2018 11:27:47 Entrée dans ActionAgenda.php
10/10/2018 11:28:21 Entrée dans ActionAgenda.php
10/10/2018 11:28:44 Entrée dans ActionAgenda.php
10/10/2018 11:32:32 Entrée dans ActionAccueil.php
10/10/2018 11:32:40 Entrée dans ActionEcoleDeFoot.php
10/10/2018 12:33:13 Entrée dans ActionClub.php
10/10/2018 12:39:05 Entrée dans ActionAccueil.php
10/10/2018 12:39:36 Entrée dans ActionEcoleDeFoot.php
10/10/2018 14:11:15 Entrée dans ActionAccueil.php
10/10/2018 14:11:42 Entrée dans ActionEcoleDeFoot.php
10/10/2018 18:45:01 Entrée dans ActionAccueil.php
11/10/2018 00:08:23 Entrée dans ActionAccueil.php
11/10/2018 00:08:38 Entrée dans ActionClub.php
11/10/2018 00:08:47 Entrée dans ActionJoueurs.php
11/10/2018 00:08:55 Entrée dans ActionAgenda.php
11/10/2018 08:33:34 Entrée dans ActionAccueil.php
11/10/2018 11:10:44 Entrée dans ActionSponsor.php
11/10/2018 11:59:15 Entrée dans ActionAccueil.php
11/10/2018 12:26:05 Entrée dans ActionAccueil.php
11/10/2018 12:26:17 Entrée dans ActionClub.php
11/10/2018 12:26:26 Entrée dans ActionJoueurs.php
11/10/2018 12:50:27 Entrée dans ActionAccueil.php
11/10/2018 17:50:01 Entrée dans ActionAccueil.php
11/10/2018 19:06:21 Entrée dans ActionJoueurs.php
11/10/2018 21:12:09 Entrée dans ActionClub.php
11/10/2018 21:16:25 Entrée dans ActionAccueil.php
11/10/2018 22:31:05 Entrée dans ActionAccueil.php
11/10/2018 23:15:29 Entrée dans ActionAccueil.php
11/10/2018 23:15:37 Entrée dans ActionAccueil.php
12/10/2018 00:01:12 Entrée dans ActionEcoleDeFoot.php
12/10/2018 03:07:14 Entrée dans ActionEvenement.php
12/10/2018 07:49:23 Entrée dans ActionEcoleDeFoot.php
12/10/2018 12:28:58 Entrée dans ActionAccueil.php
12/10/2018 12:29:11 Entrée dans ActionClub.php
12/10/2018 12:29:32 Entrée dans ActionJoueurs.php
12/10/2018 12:29:40 Entrée dans ActionAgenda.php
12/10/2018 12:29:59 Entrée dans ActionLogin.php
12/10/2018 12:30:00 Entrée dans ActionEvenement.php
12/10/2018 12:30:16 Entrée dans ActionEcoleDeFoot.php
12/10/2018 12:30:33 Entrée dans ActionSponsor.php
12/10/2018 20:59:04 Entrée dans ActionAccueil.php
13/10/2018 00:34:04 Entrée dans ActionAccueil.php
13/10/2018 00:34:08 Entrée dans ActionJoueurs.php
13/10/2018 00:35:25 Entrée dans ActionJoueurs.php
13/10/2018 13:07:38 Entrée dans ActionJoueurs.php
13/10/2018 13:38:21 Entrée dans ActionAgenda.php
13/10/2018 13:55:48 Entrée dans ActionAccueil.php
13/10/2018 13:55:53 Entrée dans ActionClub.php
13/10/2018 14:10:41 Entrée dans ActionAccueil.php
13/10/2018 14:11:48 Entrée dans ActionLogin.php
13/10/2018 14:11:48 Authentification de tsutter.
13/10/2018 14:11:49 Entrée dans ActionProfil.php
13/10/2018 14:11:52 Entrée dans ActionRencontre.php
13/10/2018 14:13:19 Entrée dans RechercherEquipe.php
13/10/2018 14:13:22 Entrée dans RechercherCompetitionEquipe.php
13/10/2018 14:14:41 Entrée dans ActionRencontre.php
13/10/2018 14:16:26 Entrée dans RechercherRencontre.php
13/10/2018 14:16:37 Entrée dans ActionRencontre.php
13/10/2018 14:16:46 Entrée dans GestionResultats.php
13/10/2018 14:16:58 Entrée dans GestionResultats.php
13/10/2018 19:07:45 Entrée dans ActionJoueurs.php
13/10/2018 19:16:18 Entrée dans ActionAccueil.php
13/10/2018 20:55:42 Entrée dans ActionEcoleDeFoot.php
13/10/2018 22:43:44 Entrée dans ActionAccueil.php
14/10/2018 00:19:06 Entrée dans ActionAccueil.php
14/10/2018 00:19:42 Entrée dans ActionEvenement.php
14/10/2018 02:35:47 Entrée dans ActionAccueil.php
14/10/2018 06:46:55 Entrée dans ActionAccueil.php
14/10/2018 09:14:39 Entrée dans ActionAccueil.php
14/10/2018 09:14:51 Entrée dans ActionAgenda.php
14/10/2018 09:19:45 Entrée dans ActionAccueil.php
14/10/2018 09:19:49 Entrée dans ActionAgenda.php
14/10/2018 11:00:32 Entrée dans ActionAgenda.php
14/10/2018 11:47:58 Entrée dans ActionAccueil.php
14/10/2018 11:48:20 Entrée dans ActionAccueil.php
14/10/2018 11:48:25 Entrée dans ActionJoueurs.php
14/10/2018 12:46:37 Entrée dans ActionAccueil.php
14/10/2018 12:47:10 Entrée dans ActionEcoleDeFoot.php
14/10/2018 13:00:51 Entrée dans ActionAccueil.php
14/10/2018 13:01:00 Entrée dans ActionJoueurs.php
14/10/2018 13:01:13 Entrée dans ActionClub.php
14/10/2018 13:08:18 Entrée dans ActionAccueil.php
14/10/2018 13:08:50 Entrée dans ActionClub.php
14/10/2018 13:08:57 Entrée dans ActionEcoleDeFoot.php
14/10/2018 13:09:00 Entrée dans ActionAgenda.php
14/10/2018 13:09:05 Entrée dans ActionEcoleDeFoot.php
14/10/2018 13:54:17 Entrée dans ActionAgenda.php
14/10/2018 17:19:52 Entrée dans ActionAccueil.php
14/10/2018 17:20:02 Entrée dans ActionLogin.php
14/10/2018 17:20:02 Authentification de tsutter.
14/10/2018 17:20:02 Entrée dans ActionProfil.php
14/10/2018 17:20:07 Entrée dans GestionResultats.php
14/10/2018 17:20:43 Entrée dans GestionResultats.php
14/10/2018 17:57:50 Entrée dans ActionAccueil.php
14/10/2018 18:56:47 Entrée dans ActionAccueil.php
14/10/2018 18:57:04 Entrée dans ActionClub.php
14/10/2018 18:57:31 Entrée dans ActionJoueurs.php
14/10/2018 19:23:19 Entrée dans ActionAccueil.php
14/10/2018 20:35:42 Entrée dans ActionAccueil.php
14/10/2018 20:35:58 Entrée dans ActionLogin.php
14/10/2018 20:35:58 Authentification de tsutter.
14/10/2018 20:35:58 Entrée dans ActionProfil.php
14/10/2018 20:36:09 Entrée dans GestionResultats.php
14/10/2018 20:36:32 Entrée dans GestionResultats.php
14/10/2018 20:36:37 Entrée dans ActionAccueil.php
14/10/2018 22:21:12 Entrée dans ActionSponsor.php
14/10/2018 23:35:52 Entrée dans ActionEcoleDeFoot.php
15/10/2018 01:52:34 Entrée dans ActionClub.php
15/10/2018 02:21:59 Entrée dans ActionAccueil.php
15/10/2018 02:22:27 Entrée dans ActionEcoleDeFoot.php
15/10/2018 02:22:31 Entrée dans ActionJoueurs.php
15/10/2018 02:23:02 Entrée dans ActionClub.php
15/10/2018 02:28:25 Entrée dans ActionJoueurs.php
15/10/2018 02:29:00 Entrée dans ActionClub.php
15/10/2018 03:59:47 Entrée dans ActionAccueil.php
15/10/2018 05:46:12 Entrée dans ActionJoueurs.php
15/10/2018 09:28:00 Entrée dans ActionSponsor.php
15/10/2018 11:12:49 Entrée dans ActionAccueil.php
15/10/2018 16:07:21 Entrée dans ActionAgenda.php
15/10/2018 19:52:57 Entrée dans ActionAccueil.php
15/10/2018 21:11:22 Entrée dans ActionAccueil.php
16/10/2018 00:29:46 Entrée dans ActionClub.php
16/10/2018 01:05:10 Entrée dans ActionJoueurs.php
16/10/2018 01:45:52 Entrée dans ActionEvenement.php
16/10/2018 02:59:11 Entrée dans ActionClub.php
16/10/2018 05:51:04 Entrée dans ActionSponsor.php
16/10/2018 08:46:55 Entrée dans ActionJoueurs.php
16/10/2018 08:59:27 Entrée dans ActionContact.php
16/10/2018 12:34:41 Entrée dans ActionEvenement.php
16/10/2018 15:10:10 Entrée dans ActionAccueil.php
16/10/2018 16:33:59 Entrée dans ActionAgenda.php
16/10/2018 17:29:31 Entrée dans ActionAccueil.php
16/10/2018 19:20:34 Entrée dans ActionClub.php
16/10/2018 20:40:22 Entrée dans ActionAccueil.php
16/10/2018 20:40:34 Entrée dans ActionEcoleDeFoot.php
16/10/2018 20:41:36 Entrée dans ActionAccueil.php
16/10/2018 20:42:08 Entrée dans ActionAgenda.php
16/10/2018 21:04:15 Entrée dans ActionAccueil.php
16/10/2018 23:46:32 Entrée dans ActionAgenda.php
16/10/2018 23:54:40 Entrée dans ActionAccueil.php
17/10/2018 07:03:53 Entrée dans ActionJoueurs.php
17/10/2018 07:05:42 Entrée dans ActionAccueil.php
17/10/2018 07:09:19 Entrée dans ActionAgenda.php
17/10/2018 07:21:06 Entrée dans ActionEcoleDeFoot.php
17/10/2018 07:43:30 Entrée dans ActionClub.php
17/10/2018 07:56:34 Entrée dans ActionEvenement.php
17/10/2018 08:35:04 Entrée dans ActionSponsor.php
17/10/2018 13:25:09 Entrée dans ActionClub.php
17/10/2018 14:29:22 Entrée dans ActionClub.php
17/10/2018 18:10:35 Entrée dans ActionClub.php
17/10/2018 19:27:45 Entrée dans ActionAgenda.php
17/10/2018 23:48:30 Entrée dans ActionAgenda.php
18/10/2018 05:08:02 Entrée dans ActionEvenement.php
18/10/2018 09:28:52 Entrée dans ActionEvenement.php
18/10/2018 12:31:29 Entrée dans ActionClub.php
18/10/2018 14:00:52 Entrée dans ActionAccueil.php
18/10/2018 14:01:53 Entrée dans ActionAgenda.php
18/10/2018 14:02:10 Entrée dans ActionJoueurs.php
18/10/2018 23:02:18 Entrée dans ActionAccueil.php
18/10/2018 23:02:30 Entrée dans ActionJoueurs.php
18/10/2018 23:03:10 Entrée dans ActionJoueurs.php
18/10/2018 23:03:38 Entrée dans ActionJoueurs.php
19/10/2018 00:02:47 Entrée dans ActionClub.php
19/10/2018 04:48:55 Entrée dans ActionJoueurs.php
19/10/2018 09:54:07 Entrée dans ActionAccueil.php
19/10/2018 09:54:12 Entrée dans ActionLogin.php
19/10/2018 09:54:12 Authentification de tsutter.
19/10/2018 09:54:12 Entrée dans ActionProfil.php
19/10/2018 09:54:18 Entrée dans ActionArticle.php
19/10/2018 16:07:28 Entrée dans ActionAccueil.php
19/10/2018 16:09:01 Entrée dans ActionClub.php
19/10/2018 16:09:16 Entrée dans ActionEcoleDeFoot.php
19/10/2018 20:11:51 Entrée dans ActionAccueil.php
19/10/2018 21:16:48 Entrée dans ActionAccueil.php
19/10/2018 22:03:30 Entrée dans ActionAccueil.php
19/10/2018 22:39:44 Entrée dans ActionAccueil.php
19/10/2018 22:40:20 Entrée dans ActionJoueurs.php
20/10/2018 15:29:37 Entrée dans ActionAgenda.php
20/10/2018 15:29:55 Entrée dans ActionAgenda.php
20/10/2018 15:30:29 Entrée dans ActionAccueil.php
20/10/2018 15:30:42 Entrée dans ActionJoueurs.php
20/10/2018 15:31:15 Entrée dans ActionEcoleDeFoot.php
20/10/2018 17:36:32 Entrée dans ActionAccueil.php
20/10/2018 17:36:44 Entrée dans ActionClub.php
20/10/2018 17:36:53 Entrée dans ActionJoueurs.php
20/10/2018 17:59:33 Entrée dans ActionAccueil.php
20/10/2018 17:59:53 Entrée dans ActionClub.php
20/10/2018 20:28:56 Entrée dans ActionAccueil.php
20/10/2018 20:36:16 Entrée dans ActionContact.php
20/10/2018 20:42:29 Entrée dans ActionAgenda.php
21/10/2018 01:06:10 Entrée dans ActionAccueil.php
21/10/2018 08:48:08 Entrée dans ActionAccueil.php
21/10/2018 08:48:22 Entrée dans ActionJoueurs.php
21/10/2018 08:48:38 Entrée dans ActionJoueurs.php
21/10/2018 10:23:57 Entrée dans ActionAccueil.php
21/10/2018 10:24:25 Entrée dans ActionJoueurs.php
21/10/2018 10:24:30 Entrée dans ActionJoueurs.php
21/10/2018 10:26:13 Entrée dans ActionAccueil.php
21/10/2018 10:26:20 Entrée dans ActionEcoleDeFoot.php
21/10/2018 10:26:52 Entrée dans ActionClub.php
21/10/2018 11:31:50 Entrée dans ActionAccueil.php
21/10/2018 18:23:51 Entrée dans ActionAccueil.php
21/10/2018 19:09:08 Entrée dans ActionAgenda.php
21/10/2018 20:14:52 Entrée dans ActionAccueil.php
21/10/2018 22:51:17 Entrée dans ActionEcoleDeFoot.php
22/10/2018 00:09:42 Entrée dans ActionAccueil.php
22/10/2018 00:10:04 Entrée dans ActionJoueurs.php
22/10/2018 00:10:14 Entrée dans ActionClub.php
22/10/2018 06:49:11 Entrée dans ActionAccueil.php
22/10/2018 06:49:16 Entrée dans ActionClub.php
22/10/2018 06:49:18 Entrée dans ActionJoueurs.php
22/10/2018 06:49:20 Entrée dans ActionEcoleDeFoot.php
22/10/2018 06:49:22 Entrée dans ActionAgenda.php
22/10/2018 06:49:25 Entrée dans ActionEvenement.php
22/10/2018 06:49:27 Entrée dans ActionSponsor.php
22/10/2018 08:04:55 Entrée dans ActionJoueurs.php
22/10/2018 08:53:13 Entrée dans ActionAccueil.php
22/10/2018 15:36:19 Entrée dans ActionAccueil.php
22/10/2018 15:38:24 Entrée dans ActionJoueurs.php
22/10/2018 18:49:27 Entrée dans ActionJoueurs.php
22/10/2018 20:40:25 Entrée dans ActionEcoleDeFoot.php
22/10/2018 21:14:46 Entrée dans ActionAccueil.php
22/10/2018 21:14:51 Entrée dans ActionAccueil.php
22/10/2018 21:14:56 Entrée dans ActionLogin.php
22/10/2018 21:14:56 Authentification de tsutter.
22/10/2018 21:14:58 Entrée dans ActionProfil.php
22/10/2018 21:15:04 Entrée dans ActionPartenaire.php
22/10/2018 21:15:14 Entrée dans ActionPartenaire.php
22/10/2018 21:18:58 Entrée dans ActionPartenaire.php
22/10/2018 21:19:26 Entrée dans RechercherPartenaire.php
22/10/2018 21:19:50 Entrée dans ActionAccueil.php
22/10/2018 21:20:06 Entrée dans ActionProfil.php
22/10/2018 21:20:11 Entrée dans ActionArticle.php
22/10/2018 21:21:12 Entrée dans ActionArticle.php
22/10/2018 21:21:16 Entrée dans ActionAccueil.php
22/10/2018 21:29:39 Entrée dans ActionSponsor.php
22/10/2018 22:03:30 Entrée dans ActionSponsor.php
23/10/2018 05:21:23 Entrée dans ActionJoueurs.php
23/10/2018 06:17:04 Entrée dans ActionSponsor.php
23/10/2018 08:57:56 Entrée dans ActionClub.php
23/10/2018 09:31:02 Entrée dans ActionContact.php
23/10/2018 09:46:50 Entrée dans ActionClub.php
23/10/2018 16:21:03 Entrée dans ActionAccueil.php
23/10/2018 16:21:50 Entrée dans ActionEcoleDeFoot.php
23/10/2018 16:22:16 Entrée dans ActionClub.php
23/10/2018 16:23:18 Entrée dans ActionEvenement.php
23/10/2018 16:23:19 Entrée dans ActionSponsor.php
23/10/2018 16:23:30 Entrée dans ActionEvenement.php
23/10/2018 16:23:35 Entrée dans ActionEcoleDeFoot.php
23/10/2018 16:23:35 Entrée dans ActionAgenda.php
23/10/2018 16:24:15 Entrée dans ActionAccueil.php
23/10/2018 18:07:56 Entrée dans ActionEvenement.php
23/10/2018 18:25:43 Entrée dans ActionAccueil.php
23/10/2018 18:25:51 Entrée dans ActionClub.php
23/10/2018 18:26:01 Entrée dans ActionJoueurs.php
23/10/2018 18:26:04 Entrée dans ActionEcoleDeFoot.php
23/10/2018 18:26:07 Entrée dans ActionAgenda.php
23/10/2018 19:26:51 Entrée dans ActionJoueurs.php
23/10/2018 21:23:25 Entrée dans ActionEvenement.php
23/10/2018 21:23:31 Entrée dans ActionEvenement.php
23/10/2018 23:58:48 Entrée dans ActionEcoleDeFoot.php
23/10/2018 23:59:01 Entrée dans ActionClub.php
23/10/2018 23:59:03 Entrée dans ActionJoueurs.php
23/10/2018 23:59:12 Entrée dans ActionAgenda.php
24/10/2018 00:28:08 Entrée dans ActionAccueil.php
24/10/2018 06:09:30 Entrée dans ActionClub.php
24/10/2018 06:33:29 Entrée dans ActionEvenement.php
24/10/2018 18:55:08 Entrée dans ActionAccueil.php
24/10/2018 19:47:34 Entrée dans ActionAgenda.php
24/10/2018 21:20:05 Entrée dans ActionAgenda.php
24/10/2018 21:53:36 Entrée dans ActionClub.php
24/10/2018 22:50:10 Entrée dans ActionEvenement.php
24/10/2018 23:11:58 Entrée dans ActionAgenda.php
24/10/2018 23:25:35 Entrée dans ActionEcoleDeFoot.php
24/10/2018 23:51:41 Entrée dans ActionSponsor.php
25/10/2018 12:10:27 Entrée dans ActionAgenda.php
25/10/2018 12:10:47 Entrée dans ActionAccueil.php
25/10/2018 12:11:22 Entrée dans ActionAgenda.php
25/10/2018 12:52:54 Entrée dans ActionEvenement.php
25/10/2018 13:34:13 Entrée dans ActionClub.php
25/10/2018 13:57:53 Entrée dans ActionJoueurs.php
25/10/2018 15:41:52 Entrée dans ActionAccueil.php
25/10/2018 17:36:53 Entrée dans ActionAccueil.php
25/10/2018 17:37:34 Entrée dans ActionJoueurs.php
25/10/2018 21:04:27 Entrée dans ActionAccueil.php
25/10/2018 22:06:05 Entrée dans ActionEvenement.php
26/10/2018 07:02:29 Entrée dans ActionAccueil.php
26/10/2018 10:31:27 Entrée dans ActionClub.php
26/10/2018 13:39:12 Entrée dans ActionJoueurs.php
26/10/2018 15:51:25 Entrée dans ActionAccueil.php
26/10/2018 15:51:32 Entrée dans ActionEcoleDeFoot.php
26/10/2018 16:33:14 Entrée dans ActionClub.php
26/10/2018 16:33:15 Entrée dans ActionJoueurs.php
26/10/2018 22:27:35 Entrée dans ActionJoueurs.php
27/10/2018 00:04:41 Entrée dans ActionAgenda.php
27/10/2018 01:21:20 Entrée dans ActionAccueil.php
27/10/2018 09:04:19 Entrée dans ActionClub.php
27/10/2018 09:04:25 Entrée dans ActionClub.php
27/10/2018 13:52:09 Entrée dans ActionEvenement.php
27/10/2018 13:52:21 Entrée dans ActionEvenement.php
27/10/2018 19:53:15 Entrée dans ActionAccueil.php
27/10/2018 19:54:21 Entrée dans ActionClub.php
27/10/2018 19:58:52 Entrée dans ActionEcoleDeFoot.php
27/10/2018 23:35:02 Entrée dans ActionAgenda.php
27/10/2018 23:35:10 Entrée dans ActionAgenda.php
28/10/2018 04:45:35 Entrée dans ActionJoueurs.php
28/10/2018 11:22:34 Entrée dans ActionAccueil.php
28/10/2018 11:22:53 Entrée dans ActionJoueurs.php
28/10/2018 11:23:19 Entrée dans ActionAgenda.php
28/10/2018 11:23:32 Entrée dans ActionJoueurs.php
28/10/2018 12:44:48 Entrée dans ActionSponsor.php
28/10/2018 13:05:19 Entrée dans ActionAccueil.php
28/10/2018 15:38:31 Entrée dans ActionAccueil.php
28/10/2018 17:06:55 Entrée dans ActionAccueil.php
28/10/2018 17:11:13 Entrée dans ActionClub.php
28/10/2018 17:11:21 Entrée dans ActionClub.php
28/10/2018 20:43:11 Entrée dans ActionAccueil.php
28/10/2018 20:43:50 Entrée dans ActionLogin.php
28/10/2018 20:43:50 Authentification de fgastrini.
28/10/2018 20:43:50 Entrée dans ActionProfil.php
28/10/2018 20:43:56 Entrée dans GestionResultats.php
28/10/2018 20:44:06 Entrée dans GestionResultats.php
28/10/2018 20:44:30 Entrée dans ActionRencontre.php
28/10/2018 20:45:27 Entrée dans GestionResultats.php
28/10/2018 20:45:29 Entrée dans ActionArticle.php
28/10/2018 20:45:39 Entrée dans ActionRencontre.php
28/10/2018 20:45:45 Entrée dans ActionProfil.php
28/10/2018 20:45:58 Entrée dans ActionAccueil.php
28/10/2018 20:45:58 Entrée dans ActionAccueil.php
29/10/2018 00:46:30 Entrée dans ActionClub.php
29/10/2018 06:17:45 Entrée dans ActionAccueil.php
29/10/2018 13:02:48 Entrée dans ActionEvenement.php
29/10/2018 19:30:57 Entrée dans ActionEcoleDeFoot.php
29/10/2018 22:59:31 Entrée dans ActionAccueil.php
29/10/2018 23:00:06 Entrée dans ActionJoueurs.php
29/10/2018 23:42:44 Entrée dans ActionSponsor.php
30/10/2018 02:12:18 Entrée dans ActionSponsor.php
30/10/2018 03:06:52 Entrée dans ActionJoueurs.php
30/10/2018 04:41:24 Entrée dans ActionAccueil.php
30/10/2018 08:19:45 Entrée dans ActionEcoleDeFoot.php
30/10/2018 10:11:44 Entrée dans ActionAccueil.php
30/10/2018 15:14:15 Entrée dans ActionAccueil.php
30/10/2018 15:14:30 Entrée dans ActionClub.php
30/10/2018 15:14:42 Entrée dans ActionAgenda.php
30/10/2018 21:06:11 Entrée dans ActionAccueil.php
30/10/2018 21:38:18 Entrée dans ActionSponsor.php
30/10/2018 21:56:29 Entrée dans ActionJoueurs.php
31/10/2018 01:53:43 Entrée dans ActionJoueurs.php
31/10/2018 06:42:53 Entrée dans ActionJoueurs.php
31/10/2018 11:48:57 Entrée dans ActionSponsor.php
31/10/2018 16:15:55 Entrée dans ActionAccueil.php
31/10/2018 16:16:01 Entrée dans ActionSponsor.php
31/10/2018 16:16:12 Entrée dans ActionClub.php
31/10/2018 16:32:25 Entrée dans ActionClub.php
31/10/2018 17:28:55 Entrée dans ActionAccueil.php
