01/04/2017 07:20:18 Entrée dans ActionAccueil.php
01/04/2017 12:45:46 Entrée dans ActionAccueil.php
01/04/2017 12:46:01 Entrée dans AfficherPopupArticle.php
01/04/2017 12:56:34 Entrée dans ActionAccueil.php
01/04/2017 12:57:34 Entrée dans ActionAccueil.php
01/04/2017 12:57:43 Entrée dans ActionAccueil.php
01/04/2017 12:57:47 Entrée dans ActionClub.php
01/04/2017 13:18:03 Entrée dans ActionClub.php
01/04/2017 13:18:04 Entrée dans ActionClub.php
01/04/2017 13:18:06 Entrée dans ActionAccueil.php
01/04/2017 13:18:07 Entrée dans ActionJoueurs.php
01/04/2017 13:18:08 Entrée dans ActionEcoleDeFoot.php
01/04/2017 13:18:08 Entrée dans ActionAgenda.php
01/04/2017 13:18:09 Entrée dans ActionEvenement.php
01/04/2017 13:18:09 Entrée dans ActionSponsor.php
01/04/2017 16:23:09 Entrée dans ActionAccueil.php
01/04/2017 16:24:05 Entrée dans ActionClub.php
01/04/2017 17:11:26 Entrée dans ActionEcoleDeFoot.php
01/04/2017 17:11:41 Entrée dans ActionEcoleDeFoot.php
01/04/2017 17:57:36 Entrée dans ActionJoueurs.php
01/04/2017 19:45:34 Entrée dans ActionAccueil.php
01/04/2017 19:46:03 Entrée dans ActionClub.php
01/04/2017 19:46:20 Entrée dans ActionEcoleDeFoot.php
01/04/2017 19:46:28 Entrée dans ActionEcoleDeFoot.php
01/04/2017 19:46:49 Entrée dans ActionEcoleDeFoot.php
01/04/2017 19:46:59 Entrée dans ActionEcoleDeFoot.php
01/04/2017 19:47:10 Entrée dans ActionEcoleDeFoot.php
01/04/2017 19:47:33 Entrée dans ActionEcoleDeFoot.php
01/04/2017 19:48:08 Entrée dans ActionJoueurs.php
01/04/2017 19:48:27 Entrée dans ActionClub.php
01/04/2017 19:48:36 Entrée dans ActionEcoleDeFoot.php
01/04/2017 19:48:50 Entrée dans ActionEcoleDeFoot.php
01/04/2017 19:50:13 Entrée dans ActionAgenda.php
01/04/2017 19:50:28 Entrée dans ActionEvenement.php
01/04/2017 20:08:19 Entrée dans ActionEcoleDeFoot.php
01/04/2017 20:08:31 Entrée dans ActionEcoleDeFoot.php
01/04/2017 20:09:44 Entrée dans ActionAccueil.php
01/04/2017 20:10:08 Entrée dans AfficherPopupArticle.php
01/04/2017 20:12:44 Entrée dans ActionClub.php
01/04/2017 20:12:45 Entrée dans ActionClub.php
01/04/2017 20:12:46 Entrée dans ActionAccueil.php
01/04/2017 20:12:47 Entrée dans ActionJoueurs.php
01/04/2017 20:12:48 Entrée dans ActionEcoleDeFoot.php
01/04/2017 20:12:48 Entrée dans ActionAgenda.php
01/04/2017 20:12:49 Entrée dans ActionEvenement.php
01/04/2017 20:12:49 Entrée dans ActionSponsor.php
01/04/2017 20:13:42 Entrée dans ActionAccueil.php
01/04/2017 20:23:58 Entrée dans ActionAccueil.php
01/04/2017 20:24:11 Entrée dans ActionJoueurs.php
01/04/2017 20:25:54 Entrée dans ActionAccueil.php
01/04/2017 20:26:06 Entrée dans ActionAgenda.php
01/04/2017 21:55:45 Entrée dans ActionSponsor.php
02/04/2017 00:08:31 Entrée dans ActionAccueil.php
02/04/2017 00:09:23 Entrée dans AfficherPopupArticle.php
02/04/2017 00:09:33 Entrée dans AfficherPopupArticle.php
02/04/2017 00:10:00 Entrée dans AfficherPopupArticle.php
02/04/2017 00:10:38 Entrée dans AfficherPopupArticle.php
02/04/2017 00:11:00 Entrée dans AfficherPopupArticle.php
02/04/2017 00:16:05 Entrée dans ActionSponsor.php
02/04/2017 00:32:54 Entrée dans AfficherPopupArticle.php
02/04/2017 00:33:10 Entrée dans ActionClub.php
02/04/2017 00:33:32 Entrée dans ActionEcoleDeFoot.php
02/04/2017 00:33:41 Entrée dans ActionEcoleDeFoot.php
02/04/2017 00:34:05 Entrée dans ActionEcoleDeFoot.php
02/04/2017 00:34:19 Entrée dans ActionEcoleDeFoot.php
02/04/2017 00:35:27 Entrée dans ActionSponsor.php
02/04/2017 00:47:55 Entrée dans ActionSponsor.php
02/04/2017 01:03:23 Entrée dans ActionSponsor.php
02/04/2017 01:11:53 Entrée dans ActionEcoleDeFoot.php
02/04/2017 01:11:57 Entrée dans ActionEcoleDeFoot.php
02/04/2017 01:12:06 Entrée dans ActionEcoleDeFoot.php
02/04/2017 01:12:27 Entrée dans ActionEcoleDeFoot.php
02/04/2017 01:12:37 Entrée dans ActionEcoleDeFoot.php
02/04/2017 01:12:39 Entrée dans ActionEcoleDeFoot.php
02/04/2017 01:12:40 Entrée dans ActionEcoleDeFoot.php
02/04/2017 01:13:00 Entrée dans ActionEcoleDeFoot.php
02/04/2017 01:13:08 Entrée dans ActionEcoleDeFoot.php
02/04/2017 01:13:10 Entrée dans ActionEcoleDeFoot.php
02/04/2017 01:15:36 Entrée dans ActionSponsor.php
02/04/2017 02:18:56 Entrée dans ActionAccueil.php
02/04/2017 02:19:06 Entrée dans ActionJoueurs.php
02/04/2017 03:10:14 Entrée dans ActionAccueil.php
02/04/2017 03:10:20 Entrée dans ActionJoueurs.php
02/04/2017 07:59:09 Entrée dans ActionEcoleDeFoot.php
02/04/2017 08:02:18 Entrée dans ActionEcoleDeFoot.php
02/04/2017 08:02:20 Entrée dans ActionEvenement.php
02/04/2017 08:02:23 Entrée dans ActionSponsor.php
02/04/2017 08:47:19 Entrée dans ActionJoueurs.php
02/04/2017 09:17:52 Entrée dans ActionAccueil.php
02/04/2017 09:19:27 Entrée dans ActionEcoleDeFoot.php
02/04/2017 09:19:33 Entrée dans ActionEcoleDeFoot.php
02/04/2017 09:19:36 Entrée dans ActionEcoleDeFoot.php
02/04/2017 09:19:49 Entrée dans ActionEcoleDeFoot.php
02/04/2017 09:19:54 Entrée dans ActionEcoleDeFoot.php
02/04/2017 12:07:06 Entrée dans ActionEvenement.php
02/04/2017 12:20:42 Entrée dans ActionEvenement.php
02/04/2017 13:43:28 Entrée dans ActionAccueil.php
02/04/2017 13:43:33 Entrée dans ActionJoueurs.php
02/04/2017 14:31:44 Entrée dans ActionAgenda.php
02/04/2017 14:32:24 Entrée dans ActionClub.php
02/04/2017 14:34:53 Entrée dans ActionAgenda.php
02/04/2017 14:36:50 Entrée dans ActionJoueurs.php
02/04/2017 14:38:04 Entrée dans ActionSponsor.php
02/04/2017 14:39:33 Entrée dans ActionAgenda.php
02/04/2017 19:23:07 Entrée dans ActionAccueil.php
02/04/2017 19:23:20 Entrée dans ActionJoueurs.php
02/04/2017 20:12:57 Entrée dans ActionAccueil.php
02/04/2017 20:13:18 Entrée dans ActionEvenement.php
02/04/2017 20:13:32 Entrée dans ActionEvenement.php
02/04/2017 21:01:35 Entrée dans ActionAccueil.php
02/04/2017 21:02:29 Entrée dans ActionAccueil.php
02/04/2017 21:02:36 Entrée dans ActionJoueurs.php
02/04/2017 21:05:10 Entrée dans ActionEcoleDeFoot.php
02/04/2017 21:05:14 Entrée dans ActionEcoleDeFoot.php
03/04/2017 09:31:21 Entrée dans ActionAgenda.php
03/04/2017 15:44:14 Entrée dans ActionAccueil.php
03/04/2017 16:19:12 Entrée dans ActionAccueil.php
03/04/2017 16:19:33 Entrée dans AfficherPopupArticle.php
03/04/2017 20:16:33 Entrée dans ActionAccueil.php
03/04/2017 20:16:46 Entrée dans ActionClub.php
03/04/2017 23:21:06 Entrée dans ActionAccueil.php
03/04/2017 23:21:16 Entrée dans ActionClub.php
03/04/2017 23:21:19 Entrée dans ActionAccueil.php
03/04/2017 23:21:21 Entrée dans ActionEcoleDeFoot.php
03/04/2017 23:21:25 Entrée dans ActionEcoleDeFoot.php
04/04/2017 12:12:14 Entrée dans ActionJoueurs.php
05/04/2017 03:31:38 Entrée dans ActionJoueurs.php
05/04/2017 05:21:44 Entrée dans ActionSponsor.php
05/04/2017 17:15:57 Entrée dans ActionEvenement.php
05/04/2017 17:52:11 Entrée dans ActionJoueurs.php
05/04/2017 17:52:45 Entrée dans ActionEvenement.php
05/04/2017 17:53:45 Entrée dans ActionAccueil.php
05/04/2017 17:54:00 Entrée dans ActionClub.php
05/04/2017 17:54:25 Entrée dans ActionAgenda.php
05/04/2017 17:54:30 Entrée dans ActionJoueurs.php
05/04/2017 17:56:29 Entrée dans ActionJoueurs.php
05/04/2017 19:24:36 Entrée dans ActionSponsor.php
05/04/2017 21:43:31 Entrée dans ActionContact.php
06/04/2017 07:48:15 Entrée dans ActionAgenda.php
06/04/2017 11:55:51 Entrée dans ActionEvenement.php
06/04/2017 12:54:42 Entrée dans ActionAccueil.php
06/04/2017 12:54:57 Entrée dans ActionJoueurs.php
06/04/2017 15:46:58 Entrée dans ActionAccueil.php
06/04/2017 15:47:08 Entrée dans AfficherPopupArticle.php
06/04/2017 15:47:47 Entrée dans AfficherPopupArticle.php
06/04/2017 15:48:04 Entrée dans ActionEcoleDeFoot.php
06/04/2017 15:48:18 Entrée dans ActionEcoleDeFoot.php
06/04/2017 15:48:22 Entrée dans ActionEcoleDeFoot.php
06/04/2017 15:48:22 Entrée dans ActionEcoleDeFoot.php
06/04/2017 15:48:24 Entrée dans ActionEcoleDeFoot.php
06/04/2017 15:48:25 Entrée dans ActionEcoleDeFoot.php
06/04/2017 15:49:31 Entrée dans ActionEcoleDeFoot.php
06/04/2017 15:49:42 Entrée dans ActionEcoleDeFoot.php
06/04/2017 15:49:51 Entrée dans ActionEcoleDeFoot.php
06/04/2017 15:50:00 Entrée dans ActionEcoleDeFoot.php
06/04/2017 15:50:06 Entrée dans ActionAgenda.php
06/04/2017 19:24:05 Entrée dans ActionAccueil.php
06/04/2017 21:05:41 Entrée dans ActionAccueil.php
06/04/2017 21:06:25 Entrée dans ActionAgenda.php
06/04/2017 21:06:40 Entrée dans ActionAgenda.php
06/04/2017 21:07:05 Entrée dans ActionAgenda.php
06/04/2017 21:07:10 Entrée dans ActionClub.php
06/04/2017 21:32:52 Entrée dans ActionJoueurs.php
06/04/2017 21:45:17 Entrée dans ActionClub.php
06/04/2017 21:46:46 Entrée dans ActionAccueil.php
06/04/2017 22:11:34 Entrée dans ActionClub.php
07/04/2017 04:16:40 Entrée dans ActionJoueurs.php
07/04/2017 04:16:42 Entrée dans ActionAgenda.php
07/04/2017 05:32:26 Entrée dans ActionSponsor.php
07/04/2017 06:20:07 Entrée dans ActionEcoleDeFoot.php
07/04/2017 06:20:11 Entrée dans ActionEcoleDeFoot.php
07/04/2017 06:20:22 Entrée dans ActionEcoleDeFoot.php
07/04/2017 06:20:30 Entrée dans ActionEcoleDeFoot.php
07/04/2017 06:20:37 Entrée dans ActionEcoleDeFoot.php
07/04/2017 06:20:47 Entrée dans ActionEcoleDeFoot.php
07/04/2017 06:20:57 Entrée dans ActionEcoleDeFoot.php
07/04/2017 06:21:05 Entrée dans ActionEcoleDeFoot.php
07/04/2017 12:49:42 Entrée dans ActionAccueil.php
07/04/2017 12:50:02 Entrée dans ActionEcoleDeFoot.php
07/04/2017 12:50:05 Entrée dans ActionEcoleDeFoot.php
07/04/2017 12:50:10 Entrée dans ActionAccueil.php
07/04/2017 12:50:24 Entrée dans ActionEvenement.php
07/04/2017 12:50:31 Entrée dans ActionClub.php
07/04/2017 12:50:36 Entrée dans ActionAccueil.php
07/04/2017 12:50:56 Entrée dans AfficherPopupArticle.php
07/04/2017 12:51:21 Entrée dans AfficherPopupArticle.php
07/04/2017 13:36:00 Entrée dans ActionAccueil.php
07/04/2017 13:36:15 Entrée dans ActionClub.php
07/04/2017 13:36:17 Entrée dans ActionJoueurs.php
07/04/2017 13:36:19 Entrée dans ActionEcoleDeFoot.php
07/04/2017 13:36:21 Entrée dans ActionAgenda.php
07/04/2017 13:36:22 Entrée dans ActionEvenement.php
07/04/2017 13:36:24 Entrée dans ActionSponsor.php
07/04/2017 14:48:17 Entrée dans ActionAccueil.php
07/04/2017 16:59:45 Entrée dans ActionEvenement.php
07/04/2017 17:27:28 Entrée dans ActionAccueil.php
07/04/2017 19:29:27 Entrée dans ActionAccueil.php
07/04/2017 20:13:28 Entrée dans ActionAccueil.php
07/04/2017 22:07:54 Entrée dans ActionAgenda.php
07/04/2017 23:13:41 Entrée dans ActionAccueil.php
07/04/2017 23:13:55 Entrée dans AfficherPopupArticle.php
07/04/2017 23:14:33 Entrée dans AfficherPopupArticle.php
07/04/2017 23:15:31 Entrée dans ActionEvenement.php
07/04/2017 23:18:18 Entrée dans ActionAccueil.php
08/04/2017 03:09:25 Entrée dans ActionJoueurs.php
08/04/2017 08:40:12 Entrée dans ActionClub.php
08/04/2017 08:42:19 Entrée dans ActionAgenda.php
08/04/2017 10:09:33 Entrée dans ActionAccueil.php
08/04/2017 10:09:57 Entrée dans ActionEcoleDeFoot.php
08/04/2017 10:09:59 Entrée dans ActionEcoleDeFoot.php
08/04/2017 11:51:31 Entrée dans ActionJoueurs.php
08/04/2017 15:03:16 Entrée dans ActionAccueil.php
08/04/2017 15:03:50 Entrée dans AfficherPopupArticle.php
08/04/2017 17:52:15 Entrée dans ActionAccueil.php
08/04/2017 17:52:19 Entrée dans ActionAccueil.php
08/04/2017 18:22:32 Entrée dans ActionClub.php
08/04/2017 21:21:53 Entrée dans ActionAccueil.php
08/04/2017 22:38:55 Entrée dans ActionAccueil.php
08/04/2017 22:39:06 Entrée dans ActionClub.php
08/04/2017 22:39:09 Entrée dans ActionJoueurs.php
08/04/2017 22:39:11 Entrée dans ActionEcoleDeFoot.php
08/04/2017 22:39:14 Entrée dans ActionAgenda.php
08/04/2017 22:39:16 Entrée dans ActionEvenement.php
08/04/2017 22:39:18 Entrée dans ActionSponsor.php
09/04/2017 01:49:22 Entrée dans ActionAccueil.php
09/04/2017 01:49:23 Entrée dans ActionEvenement.php
09/04/2017 01:49:24 Entrée dans ActionClub.php
09/04/2017 01:49:24 Entrée dans ActionAgenda.php
09/04/2017 01:49:26 Entrée dans ActionJoueurs.php
09/04/2017 01:49:26 Entrée dans ActionSponsor.php
09/04/2017 01:49:27 Entrée dans ActionEcoleDeFoot.php
09/04/2017 01:49:29 Entrée dans ActionAccueil.php
09/04/2017 01:49:30 Entrée dans ActionEvenement.php
09/04/2017 01:49:30 Entrée dans ActionClub.php
09/04/2017 01:49:31 Entrée dans ActionAgenda.php
09/04/2017 01:49:32 Entrée dans ActionJoueurs.php
09/04/2017 01:49:33 Entrée dans ActionSponsor.php
09/04/2017 01:49:34 Entrée dans ActionEcoleDeFoot.php
09/04/2017 04:53:03 Entrée dans ActionAccueil.php
09/04/2017 08:13:35 Entrée dans ActionClub.php
09/04/2017 09:16:08 Entrée dans ActionEcoleDeFoot.php
09/04/2017 10:44:50 Entrée dans ActionJoueurs.php
09/04/2017 10:44:55 Entrée dans ActionAccueil.php
09/04/2017 10:45:02 Entrée dans ActionAccueil.php
09/04/2017 10:45:06 Entrée dans ActionEcoleDeFoot.php
09/04/2017 10:45:08 Entrée dans ActionEcoleDeFoot.php
09/04/2017 10:45:17 Entrée dans ActionEcoleDeFoot.php
09/04/2017 10:45:21 Entrée dans ActionEcoleDeFoot.php
09/04/2017 10:45:24 Entrée dans ActionEcoleDeFoot.php
09/04/2017 10:55:43 Entrée dans ActionAccueil.php
09/04/2017 12:27:31 Entrée dans ActionEvenement.php
09/04/2017 13:08:38 Entrée dans ActionAccueil.php
09/04/2017 13:08:44 Entrée dans ActionJoueurs.php
09/04/2017 13:16:22 Entrée dans ActionClub.php
09/04/2017 16:05:19 Entrée dans ActionAccueil.php
09/04/2017 16:05:25 Entrée dans ActionEcoleDeFoot.php
09/04/2017 16:05:28 Entrée dans ActionEcoleDeFoot.php
09/04/2017 16:05:49 Entrée dans ActionEcoleDeFoot.php
09/04/2017 16:05:51 Entrée dans ActionEcoleDeFoot.php
09/04/2017 16:05:58 Entrée dans ActionEcoleDeFoot.php
09/04/2017 16:06:01 Entrée dans ActionClub.php
09/04/2017 16:06:06 Entrée dans ActionEcoleDeFoot.php
09/04/2017 16:06:17 Entrée dans ActionEcoleDeFoot.php
09/04/2017 16:06:21 Entrée dans ActionEcoleDeFoot.php
09/04/2017 16:06:27 Entrée dans ActionEcoleDeFoot.php
09/04/2017 19:47:32 Entrée dans ActionAccueil.php
09/04/2017 20:55:50 Entrée dans ActionAccueil.php
09/04/2017 20:55:54 Entrée dans ActionJoueurs.php
09/04/2017 20:56:53 Entrée dans ActionAccueil.php
09/04/2017 20:56:57 Entrée dans ActionJoueurs.php
09/04/2017 23:11:39 Entrée dans ActionAccueil.php
09/04/2017 23:11:52 Entrée dans ActionJoueurs.php
10/04/2017 04:24:54 Entrée dans ActionAccueil.php
10/04/2017 05:39:28 Entrée dans ActionAccueil.php
10/04/2017 07:48:19 Entrée dans ActionAccueil.php
10/04/2017 07:56:20 Entrée dans ActionEcoleDeFoot.php
10/04/2017 07:56:22 Entrée dans ActionEcoleDeFoot.php
10/04/2017 09:39:15 Entrée dans ActionAccueil.php
10/04/2017 09:39:28 Entrée dans ActionClub.php
10/04/2017 09:39:38 Entrée dans ActionAgenda.php
10/04/2017 09:39:48 Entrée dans ActionSponsor.php
10/04/2017 09:39:58 Entrée dans ActionJoueurs.php
10/04/2017 09:40:13 Entrée dans ActionEvenement.php
10/04/2017 09:40:24 Entrée dans ActionEcoleDeFoot.php
10/04/2017 11:15:47 Entrée dans ActionAccueil.php
10/04/2017 13:00:19 Entrée dans ActionAccueil.php
10/04/2017 13:00:23 Entrée dans ActionClub.php
10/04/2017 13:00:26 Entrée dans ActionJoueurs.php
10/04/2017 13:00:28 Entrée dans ActionEcoleDeFoot.php
10/04/2017 13:00:30 Entrée dans ActionAgenda.php
10/04/2017 13:00:32 Entrée dans ActionEvenement.php
10/04/2017 13:00:34 Entrée dans ActionSponsor.php
10/04/2017 13:47:04 Entrée dans ActionAccueil.php
10/04/2017 13:47:19 Entrée dans ActionJoueurs.php
10/04/2017 18:03:56 Entrée dans ActionAgenda.php
10/04/2017 18:43:03 Entrée dans ActionAccueil.php
10/04/2017 18:43:31 Entrée dans AfficherPopupArticle.php
10/04/2017 22:09:10 Entrée dans ActionJoueurs.php
10/04/2017 23:33:44 Entrée dans ActionJoueurs.php
11/04/2017 00:24:07 Entrée dans ActionAccueil.php
11/04/2017 00:24:41 Entrée dans ActionJoueurs.php
11/04/2017 00:25:16 Entrée dans ActionAccueil.php
11/04/2017 00:25:19 Entrée dans ActionClub.php
11/04/2017 00:50:08 Entrée dans ActionAgenda.php
11/04/2017 01:06:30 Entrée dans ActionAccueil.php
11/04/2017 09:01:53 Entrée dans ActionAgenda.php
11/04/2017 09:02:01 Entrée dans ActionEvenement.php
11/04/2017 09:02:07 Entrée dans ActionEcoleDeFoot.php
11/04/2017 13:56:49 Entrée dans ActionEcoleDeFoot.php
11/04/2017 14:55:10 Entrée dans ActionAccueil.php
11/04/2017 20:44:57 Entrée dans ActionAccueil.php
12/04/2017 04:25:42 Entrée dans ActionClub.php
12/04/2017 06:28:23 Entrée dans ActionClub.php
12/04/2017 09:29:27 Entrée dans ActionAccueil.php
12/04/2017 09:29:43 Entrée dans ActionJoueurs.php
12/04/2017 11:40:12 Entrée dans ActionClub.php
12/04/2017 12:13:56 Entrée dans ActionAgenda.php
12/04/2017 17:15:34 Entrée dans ActionAccueil.php
12/04/2017 20:03:49 Entrée dans ActionJoueurs.php
12/04/2017 20:10:38 Entrée dans ActionAccueil.php
12/04/2017 20:10:53 Entrée dans ActionClub.php
12/04/2017 20:11:03 Entrée dans ActionJoueurs.php
12/04/2017 20:11:10 Entrée dans ActionEcoleDeFoot.php
12/04/2017 20:11:17 Entrée dans ActionAgenda.php
12/04/2017 20:11:24 Entrée dans ActionEvenement.php
12/04/2017 20:11:34 Entrée dans ActionSponsor.php
12/04/2017 21:38:14 Entrée dans ActionSponsor.php
12/04/2017 23:48:05 Entrée dans ActionAccueil.php
12/04/2017 23:48:20 Entrée dans AfficherPopupArticle.php
12/04/2017 23:49:25 Entrée dans AfficherPopupArticle.php
13/04/2017 00:02:22 Entrée dans AfficherPopupArticle.php
13/04/2017 06:16:05 Entrée dans ActionEcoleDeFoot.php
13/04/2017 07:34:34 Entrée dans ActionAccueil.php
13/04/2017 07:34:41 Entrée dans ActionClub.php
13/04/2017 07:35:47 Entrée dans ActionEcoleDeFoot.php
13/04/2017 07:35:52 Entrée dans ActionEcoleDeFoot.php
13/04/2017 07:36:07 Entrée dans ActionEcoleDeFoot.php
13/04/2017 07:37:03 Entrée dans ActionEcoleDeFoot.php
13/04/2017 07:37:16 Entrée dans ActionEcoleDeFoot.php
13/04/2017 07:40:37 Entrée dans ActionEcoleDeFoot.php
13/04/2017 07:40:40 Entrée dans ActionEcoleDeFoot.php
13/04/2017 07:40:42 Entrée dans ActionEcoleDeFoot.php
13/04/2017 07:43:48 Entrée dans ActionEcoleDeFoot.php
13/04/2017 07:43:51 Entrée dans ActionEcoleDeFoot.php
13/04/2017 07:45:25 Entrée dans ActionEvenement.php
13/04/2017 08:40:56 Entrée dans ActionClub.php
13/04/2017 12:44:25 Entrée dans ActionAgenda.php
13/04/2017 13:45:33 Entrée dans ActionAccueil.php
13/04/2017 13:45:54 Entrée dans ActionJoueurs.php
13/04/2017 13:46:34 Entrée dans ActionAccueil.php
13/04/2017 13:47:46 Entrée dans ActionJoueurs.php
13/04/2017 13:49:22 Entrée dans ActionAccueil.php
13/04/2017 13:49:27 Entrée dans ActionJoueurs.php
13/04/2017 13:50:21 Entrée dans ActionAccueil.php
13/04/2017 13:50:26 Entrée dans ActionJoueurs.php
13/04/2017 14:28:07 Entrée dans ActionAccueil.php
13/04/2017 14:28:14 Entrée dans ActionJoueurs.php
13/04/2017 16:25:07 Entrée dans ActionAccueil.php
13/04/2017 16:25:12 Entrée dans ActionJoueurs.php
13/04/2017 16:49:46 Entrée dans ActionContact.php
13/04/2017 19:02:20 Entrée dans ActionAccueil.php
13/04/2017 19:02:28 Entrée dans ActionClub.php
13/04/2017 19:02:33 Entrée dans ActionEcoleDeFoot.php
13/04/2017 19:02:38 Entrée dans ActionEcoleDeFoot.php
13/04/2017 19:02:42 Entrée dans ActionEcoleDeFoot.php
13/04/2017 19:02:46 Entrée dans ActionEcoleDeFoot.php
13/04/2017 19:03:14 Entrée dans ActionEcoleDeFoot.php
13/04/2017 19:03:23 Entrée dans ActionEcoleDeFoot.php
13/04/2017 22:51:24 Entrée dans ActionAccueil.php
14/04/2017 01:06:15 Entrée dans ActionAccueil.php
14/04/2017 12:11:41 Entrée dans ActionAccueil.php
14/04/2017 12:12:02 Entrée dans ActionEvenement.php
14/04/2017 14:08:38 Entrée dans ActionAccueil.php
14/04/2017 15:22:03 Entrée dans ActionAccueil.php
14/04/2017 17:55:34 Entrée dans ActionJoueurs.php
14/04/2017 18:49:54 Entrée dans ActionAccueil.php
14/04/2017 18:51:38 Entrée dans AfficherPopupArticle.php
14/04/2017 19:02:35 Entrée dans ActionAccueil.php
14/04/2017 19:02:35 Entrée dans ActionAccueil.php
14/04/2017 19:02:36 Entrée dans ActionAccueil.php
14/04/2017 19:02:37 Entrée dans ActionAccueil.php
14/04/2017 19:02:37 Entrée dans ActionAccueil.php
14/04/2017 19:05:29 Entrée dans AfficherPopupArticle.php
14/04/2017 19:05:29 Entrée dans AfficherPopupArticle.php
14/04/2017 19:05:30 Entrée dans AfficherPopupArticle.php
14/04/2017 19:05:31 Entrée dans AfficherPopupArticle.php
14/04/2017 19:05:31 Entrée dans AfficherPopupArticle.php
14/04/2017 19:07:20 Entrée dans AfficherPopupArticle.php
14/04/2017 19:10:35 Entrée dans AfficherPopupArticle.php
14/04/2017 23:21:33 Entrée dans ActionClub.php
14/04/2017 23:56:57 Entrée dans ActionAccueil.php
14/04/2017 23:59:29 Entrée dans ActionJoueurs.php
15/04/2017 00:01:23 Entrée dans ActionJoueurs.php
15/04/2017 03:19:09 Entrée dans ActionJoueurs.php
15/04/2017 08:31:41 Entrée dans ActionAccueil.php
15/04/2017 08:31:57 Entrée dans ActionJoueurs.php
15/04/2017 08:32:31 Entrée dans ActionEcoleDeFoot.php
15/04/2017 08:32:37 Entrée dans ActionEcoleDeFoot.php
15/04/2017 09:28:22 Entrée dans ActionAccueil.php
15/04/2017 09:29:20 Entrée dans AfficherPopupArticle.php
15/04/2017 09:29:22 Entrée dans AfficherPopupArticle.php
15/04/2017 09:49:53 Entrée dans ActionAccueil.php
15/04/2017 09:55:21 Entrée dans ActionJoueurs.php
15/04/2017 13:33:31 Entrée dans ActionSponsor.php
15/04/2017 14:15:16 Entrée dans ActionAccueil.php
15/04/2017 14:15:54 Entrée dans ActionJoueurs.php
15/04/2017 14:16:55 Entrée dans ActionClub.php
15/04/2017 14:20:07 Entrée dans ActionAccueil.php
15/04/2017 14:20:40 Entrée dans ActionClub.php
15/04/2017 14:21:36 Entrée dans ActionJoueurs.php
15/04/2017 14:30:17 Entrée dans ActionClub.php
15/04/2017 15:12:53 Entrée dans ActionAccueil.php
15/04/2017 15:13:03 Entrée dans AfficherPopupArticle.php
15/04/2017 15:37:59 Entrée dans ActionAccueil.php
15/04/2017 15:38:13 Entrée dans AfficherPopupArticle.php
15/04/2017 16:25:26 Entrée dans ActionClub.php
15/04/2017 16:25:54 Entrée dans ActionEcoleDeFoot.php
15/04/2017 16:26:29 Entrée dans ActionEcoleDeFoot.php
15/04/2017 16:26:34 Entrée dans ActionEcoleDeFoot.php
15/04/2017 16:26:41 Entrée dans ActionEcoleDeFoot.php
15/04/2017 16:27:31 Entrée dans ActionEcoleDeFoot.php
15/04/2017 16:27:43 Entrée dans ActionEcoleDeFoot.php
15/04/2017 16:27:57 Entrée dans ActionEvenement.php
15/04/2017 16:28:34 Entrée dans ActionSponsor.php
15/04/2017 16:29:07 Entrée dans ActionEcoleDeFoot.php
15/04/2017 16:29:12 Entrée dans ActionEcoleDeFoot.php
15/04/2017 16:30:19 Entrée dans ActionJoueurs.php
15/04/2017 18:53:19 Entrée dans AfficherPopupArticle.php
15/04/2017 18:53:40 Entrée dans AfficherPopupArticle.php
15/04/2017 19:18:37 Entrée dans ActionAccueil.php
15/04/2017 22:14:37 Entrée dans ActionAgenda.php
16/04/2017 07:03:38 Entrée dans ActionJoueurs.php
16/04/2017 12:38:11 Entrée dans ActionSponsor.php
16/04/2017 14:23:01 Entrée dans ActionAccueil.php
16/04/2017 15:19:47 Entrée dans ActionAccueil.php
16/04/2017 15:20:48 Entrée dans AfficherPopupArticle.php
16/04/2017 15:20:58 Entrée dans AfficherPopupArticle.php
16/04/2017 15:20:58 Entrée dans AfficherPopupArticle.php
16/04/2017 15:20:58 Entrée dans AfficherPopupArticle.php
16/04/2017 15:20:58 Entrée dans AfficherPopupArticle.php
16/04/2017 15:21:18 Entrée dans ActionClub.php
16/04/2017 15:21:23 Entrée dans ActionClub.php
16/04/2017 15:21:41 Entrée dans ActionJoueurs.php
16/04/2017 15:22:04 Entrée dans ActionClub.php
16/04/2017 16:31:55 Entrée dans ActionAccueil.php
16/04/2017 17:34:28 Entrée dans ActionAccueil.php
16/04/2017 18:08:01 Entrée dans ActionAccueil.php
16/04/2017 18:08:26 Entrée dans ActionJoueurs.php
16/04/2017 18:53:17 Entrée dans ActionEvenement.php
16/04/2017 20:33:06 Entrée dans ActionAccueil.php
16/04/2017 20:33:17 Entrée dans AfficherPopupArticle.php
16/04/2017 21:36:10 Entrée dans ActionAccueil.php
16/04/2017 22:42:51 Entrée dans AfficherPopupArticle.php
16/04/2017 23:45:16 Entrée dans ActionAccueil.php
16/04/2017 23:45:34 Entrée dans AfficherPopupArticle.php
16/04/2017 23:45:41 Entrée dans ActionEcoleDeFoot.php
16/04/2017 23:45:45 Entrée dans ActionEcoleDeFoot.php
16/04/2017 23:45:50 Entrée dans ActionEcoleDeFoot.php
16/04/2017 23:46:05 Entrée dans ActionEcoleDeFoot.php
16/04/2017 23:46:08 Entrée dans ActionEcoleDeFoot.php
16/04/2017 23:46:19 Entrée dans ActionEcoleDeFoot.php
16/04/2017 23:46:21 Entrée dans ActionEcoleDeFoot.php
16/04/2017 23:46:58 Entrée dans ActionEcoleDeFoot.php
17/04/2017 06:19:19 Entrée dans ActionAccueil.php
17/04/2017 06:19:34 Entrée dans ActionAccueil.php
17/04/2017 06:19:36 Entrée dans ActionClub.php
17/04/2017 06:19:41 Entrée dans ActionJoueurs.php
17/04/2017 06:20:53 Entrée dans ActionEvenement.php
17/04/2017 06:20:58 Entrée dans ActionAgenda.php
17/04/2017 06:21:01 Entrée dans ActionEcoleDeFoot.php
17/04/2017 06:21:12 Entrée dans ActionJoueurs.php
17/04/2017 06:21:24 Entrée dans ActionClub.php
17/04/2017 07:31:34 Entrée dans ActionClub.php
17/04/2017 09:59:40 Entrée dans ActionAccueil.php
17/04/2017 10:00:12 Entrée dans ActionJoueurs.php
17/04/2017 11:36:28 Entrée dans ActionAgenda.php
17/04/2017 11:36:30 Entrée dans ActionClub.php
17/04/2017 11:36:33 Entrée dans ActionAccueil.php
17/04/2017 11:36:35 Entrée dans ActionAccueil.php
17/04/2017 11:36:38 Entrée dans ActionJoueurs.php
17/04/2017 11:36:42 Entrée dans ActionAccueil.php
17/04/2017 11:36:44 Entrée dans ActionSponsor.php
17/04/2017 11:36:48 Entrée dans ActionEvenement.php
17/04/2017 11:36:49 Entrée dans ActionEcoleDeFoot.php
17/04/2017 11:36:51 Entrée dans AfficherPopupCompteRendu.php
17/04/2017 11:36:52 Entrée dans AfficherPopupArticle.php
17/04/2017 11:36:55 Entrée dans ActionLogin.php
17/04/2017 11:36:59 Entrée dans AfficherPopupArticle.php
17/04/2017 11:37:01 Entrée dans ActionAccueil.php
17/04/2017 11:37:03 Entrée dans ActionAgenda.php
17/04/2017 11:37:04 Entrée dans ActionClub.php
17/04/2017 11:37:09 Entrée dans AfficherPopupArticle.php
17/04/2017 11:37:10 Entrée dans ActionAccueil.php
17/04/2017 11:37:14 Entrée dans ActionSponsor.php
17/04/2017 11:37:17 Entrée dans ActionEvenement.php
17/04/2017 11:37:18 Entrée dans ActionEcoleDeFoot.php
17/04/2017 11:37:20 Entrée dans AfficherPopupCompteRendu.php
17/04/2017 11:37:23 Entrée dans AfficherPopupArticle.php
17/04/2017 11:37:24 Entrée dans ActionJoueurs.php
17/04/2017 11:37:31 Entrée dans ActionLogin.php
17/04/2017 11:37:34 Entrée dans ActionProfil.php
17/04/2017 11:37:35 Entrée dans ActionAccueil.php
17/04/2017 11:37:36 Entrée dans ActionAccueil.php
17/04/2017 11:37:38 Entrée dans ActionProfil.php
17/04/2017 11:37:38 Entrée dans ActionAccueil.php
17/04/2017 12:15:16 Entrée dans ActionAgenda.php
17/04/2017 17:13:18 Entrée dans ActionAccueil.php
17/04/2017 17:13:42 Entrée dans ActionClub.php
17/04/2017 17:16:28 Entrée dans ActionClub.php
17/04/2017 17:16:38 Entrée dans ActionJoueurs.php
17/04/2017 17:48:02 Entrée dans ActionAccueil.php
17/04/2017 17:48:07 Entrée dans ActionAccueil.php
17/04/2017 17:48:22 Entrée dans ActionClub.php
17/04/2017 17:49:24 Entrée dans ActionAccueil.php
17/04/2017 18:11:32 Entrée dans ActionJoueurs.php
17/04/2017 19:05:59 Entrée dans ActionEcoleDeFoot.php
17/04/2017 19:52:58 Entrée dans ActionSponsor.php
17/04/2017 20:46:17 Entrée dans ActionAccueil.php
17/04/2017 20:46:36 Entrée dans AfficherPopupArticle.php
17/04/2017 20:46:36 Entrée dans AfficherPopupArticle.php
17/04/2017 20:47:00 Entrée dans ActionEcoleDeFoot.php
17/04/2017 20:47:05 Entrée dans ActionAgenda.php
17/04/2017 20:47:19 Entrée dans ActionEvenement.php
17/04/2017 20:47:22 Entrée dans ActionEcoleDeFoot.php
17/04/2017 20:47:27 Entrée dans ActionEcoleDeFoot.php
17/04/2017 20:47:35 Entrée dans ActionEcoleDeFoot.php
17/04/2017 20:47:38 Entrée dans ActionEcoleDeFoot.php
17/04/2017 20:47:41 Entrée dans ActionEcoleDeFoot.php
17/04/2017 20:47:44 Entrée dans ActionEcoleDeFoot.php
17/04/2017 20:47:47 Entrée dans ActionEcoleDeFoot.php
17/04/2017 20:47:50 Entrée dans ActionEcoleDeFoot.php
17/04/2017 20:47:55 Entrée dans ActionAccueil.php
17/04/2017 20:48:02 Entrée dans AfficherPopupArticle.php
17/04/2017 20:48:16 Entrée dans AfficherPopupArticle.php
17/04/2017 20:50:53 Entrée dans ActionAccueil.php
17/04/2017 20:50:58 Entrée dans ActionAccueil.php
17/04/2017 20:51:12 Entrée dans ActionEcoleDeFoot.php
17/04/2017 20:51:19 Entrée dans ActionClub.php
17/04/2017 21:59:05 Entrée dans ActionAccueil.php
17/04/2017 21:59:11 Entrée dans AfficherPopupArticle.php
17/04/2017 21:59:16 Entrée dans AfficherPopupArticle.php
17/04/2017 22:16:38 Entrée dans AfficherPopupArticle.php
17/04/2017 22:17:07 Entrée dans ActionEcoleDeFoot.php
17/04/2017 22:17:10 Entrée dans ActionEcoleDeFoot.php
17/04/2017 22:17:24 Entrée dans ActionEcoleDeFoot.php
17/04/2017 22:17:26 Entrée dans ActionEcoleDeFoot.php
17/04/2017 22:40:30 Entrée dans ActionEcoleDeFoot.php
18/04/2017 03:18:42 Entrée dans ActionSponsor.php
18/04/2017 05:23:42 Entrée dans ActionEcoleDeFoot.php
18/04/2017 07:20:58 Entrée dans ActionAccueil.php
18/04/2017 07:21:25 Entrée dans ActionClub.php
18/04/2017 07:23:33 Entrée dans ActionClub.php
18/04/2017 09:18:08 Entrée dans ActionAccueil.php
18/04/2017 09:18:16 Entrée dans ActionAccueil.php
18/04/2017 09:18:27 Entrée dans ActionClub.php
18/04/2017 09:23:21 Entrée dans ActionEcoleDeFoot.php
18/04/2017 09:23:28 Entrée dans ActionEcoleDeFoot.php
18/04/2017 09:23:37 Entrée dans ActionEcoleDeFoot.php
18/04/2017 09:23:43 Entrée dans ActionEcoleDeFoot.php
18/04/2017 09:23:51 Entrée dans ActionEcoleDeFoot.php
18/04/2017 09:23:56 Entrée dans ActionEcoleDeFoot.php
18/04/2017 10:13:54 Entrée dans ActionEvenement.php
18/04/2017 10:56:42 Entrée dans ActionAccueil.php
18/04/2017 11:30:45 Entrée dans ActionAccueil.php
18/04/2017 16:24:37 Entrée dans ActionAccueil.php
18/04/2017 16:24:41 Entrée dans ActionClub.php
18/04/2017 16:29:02 Entrée dans ActionClub.php
18/04/2017 16:32:29 Entrée dans ActionEcoleDeFoot.php
18/04/2017 16:32:44 Entrée dans ActionEcoleDeFoot.php
18/04/2017 16:32:47 Entrée dans ActionEcoleDeFoot.php
18/04/2017 16:32:50 Entrée dans ActionEcoleDeFoot.php
18/04/2017 16:33:14 Entrée dans ActionEcoleDeFoot.php
18/04/2017 16:33:54 Entrée dans ActionEcoleDeFoot.php
18/04/2017 16:34:46 Entrée dans ActionEcoleDeFoot.php
18/04/2017 16:36:04 Entrée dans ActionEcoleDeFoot.php
18/04/2017 16:37:03 Entrée dans ActionEcoleDeFoot.php
18/04/2017 16:37:14 Entrée dans ActionEcoleDeFoot.php
18/04/2017 16:37:20 Entrée dans ActionEcoleDeFoot.php
18/04/2017 16:37:30 Entrée dans ActionJoueurs.php
18/04/2017 17:31:01 Entrée dans ActionEcoleDeFoot.php
18/04/2017 19:47:04 Entrée dans ActionAccueil.php
18/04/2017 22:59:03 Entrée dans ActionAccueil.php
18/04/2017 22:59:21 Entrée dans AfficherPopupArticle.php
18/04/2017 22:59:57 Entrée dans ActionAccueil.php
18/04/2017 23:00:02 Entrée dans ActionClub.php
18/04/2017 23:42:11 Entrée dans ActionAccueil.php
18/04/2017 23:42:16 Entrée dans AfficherPopupArticle.php
19/04/2017 08:02:49 Entrée dans ActionEcoleDeFoot.php
19/04/2017 09:59:59 Entrée dans ActionAgenda.php
19/04/2017 11:17:24 Entrée dans ActionAccueil.php
19/04/2017 11:17:52 Entrée dans ActionAccueil.php
19/04/2017 11:44:37 Entrée dans ActionJoueurs.php
19/04/2017 11:45:01 Entrée dans ActionAccueil.php
19/04/2017 11:45:12 Entrée dans AfficherPopupArticle.php
19/04/2017 19:55:53 Entrée dans ActionAccueil.php
19/04/2017 19:57:13 Entrée dans AfficherPopupArticle.php
19/04/2017 19:58:03 Entrée dans AfficherPopupArticle.php
19/04/2017 19:59:34 Entrée dans ActionAgenda.php
19/04/2017 19:59:55 Entrée dans ActionAgenda.php
19/04/2017 20:00:04 Entrée dans ActionEvenement.php
20/04/2017 06:21:32 Entrée dans ActionJoueurs.php
20/04/2017 08:24:16 Entrée dans ActionJoueurs.php
20/04/2017 09:35:42 Entrée dans ActionSponsor.php
20/04/2017 10:13:17 Entrée dans ActionAccueil.php
20/04/2017 13:46:30 Entrée dans ActionAgenda.php
20/04/2017 16:22:58 Entrée dans ActionAccueil.php
20/04/2017 18:48:40 Entrée dans ActionAccueil.php
20/04/2017 18:49:14 Entrée dans AfficherPopupArticle.php
20/04/2017 20:10:02 Entrée dans ActionAgenda.php
20/04/2017 20:36:09 Entrée dans ActionContact.php
20/04/2017 21:29:52 Entrée dans ActionAccueil.php
20/04/2017 21:30:31 Entrée dans ActionLogin.php
20/04/2017 21:30:31 Authentification de fgastrini.
20/04/2017 21:30:31 Entrée dans ActionProfil.php
20/04/2017 21:30:35 Entrée dans GestionResultats.php
20/04/2017 21:30:50 Entrée dans GestionResultats.php
20/04/2017 21:30:54 Entrée dans GestionResultats.php
20/04/2017 21:30:58 Entrée dans ActionAccueil.php
20/04/2017 21:31:47 Entrée dans AfficherPopupArticle.php
20/04/2017 21:32:11 Entrée dans AfficherPopupArticle.php
20/04/2017 21:32:28 Entrée dans AfficherPopupArticle.php
20/04/2017 21:32:42 Entrée dans AfficherPopupArticle.php
20/04/2017 21:48:18 Entrée dans ActionEcoleDeFoot.php
20/04/2017 21:50:31 Entrée dans ActionProfil.php
20/04/2017 21:50:34 Entrée dans ActionRencontre.php
20/04/2017 21:50:56 Entrée dans RechercherEquipe.php
20/04/2017 21:51:00 Entrée dans RechercherCompetitionEquipe.php
20/04/2017 21:51:48 Entrée dans ActionRencontre.php
20/04/2017 21:52:03 Entrée dans ActionAccueil.php
20/04/2017 21:52:07 Entrée dans ActionAgenda.php
20/04/2017 21:52:12 Entrée dans ActionEvenement.php
20/04/2017 21:52:37 Entrée dans ActionProfil.php
20/04/2017 21:52:41 Entrée dans ActionAccueil.php
20/04/2017 21:52:41 Entrée dans ActionAccueil.php
20/04/2017 23:51:59 Entrée dans ActionClub.php
21/04/2017 06:45:05 Entrée dans ActionAgenda.php
21/04/2017 07:44:01 Entrée dans ActionAgenda.php
21/04/2017 09:36:37 Entrée dans ActionAccueil.php
21/04/2017 09:37:54 Entrée dans ActionAccueil.php
21/04/2017 09:37:58 Entrée dans ActionClub.php
21/04/2017 09:48:02 Entrée dans ActionAccueil.php
21/04/2017 10:19:25 Entrée dans ActionClub.php
21/04/2017 12:12:20 Entrée dans ActionEvenement.php
21/04/2017 14:57:52 Entrée dans ActionAccueil.php
21/04/2017 16:25:05 Entrée dans ActionEvenement.php
21/04/2017 16:26:52 Entrée dans ActionAccueil.php
21/04/2017 16:27:04 Entrée dans ActionEvenement.php
21/04/2017 16:27:08 Entrée dans ActionAgenda.php
21/04/2017 17:40:27 Entrée dans ActionAgenda.php
21/04/2017 22:54:06 Entrée dans ActionAccueil.php
21/04/2017 22:54:25 Entrée dans AfficherPopupArticle.php
22/04/2017 07:33:02 Entrée dans ActionAccueil.php
22/04/2017 07:33:42 Entrée dans AfficherPopupArticle.php
22/04/2017 10:49:02 Entrée dans ActionAccueil.php
22/04/2017 10:55:59 Entrée dans ActionJoueurs.php
22/04/2017 12:15:52 Entrée dans ActionSponsor.php
22/04/2017 13:17:21 Entrée dans ActionClub.php
22/04/2017 14:17:37 Entrée dans ActionAccueil.php
22/04/2017 14:18:17 Entrée dans ActionJoueurs.php
22/04/2017 14:18:44 Entrée dans ActionAgenda.php
22/04/2017 15:30:48 Entrée dans ActionClub.php
22/04/2017 18:31:12 Entrée dans ActionAccueil.php
22/04/2017 18:32:20 Entrée dans AfficherPopupArticle.php
22/04/2017 21:05:12 Entrée dans ActionAccueil.php
22/04/2017 21:16:16 Entrée dans ActionEcoleDeFoot.php
22/04/2017 21:16:58 Entrée dans ActionAgenda.php
22/04/2017 21:17:06 Entrée dans ActionClub.php
22/04/2017 21:18:11 Entrée dans ActionEvenement.php
22/04/2017 21:18:34 Entrée dans ActionAgenda.php
22/04/2017 21:18:41 Entrée dans ActionAccueil.php
22/04/2017 22:46:35 Entrée dans ActionClub.php
22/04/2017 22:47:33 Entrée dans ActionClub.php
22/04/2017 22:49:51 Entrée dans ActionEvenement.php
23/04/2017 01:19:12 Entrée dans ActionAccueil.php
23/04/2017 01:48:13 Entrée dans ActionEcoleDeFoot.php
23/04/2017 09:15:43 Entrée dans ActionAccueil.php
23/04/2017 09:42:21 Entrée dans ActionAgenda.php
23/04/2017 11:33:13 Entrée dans ActionAccueil.php
23/04/2017 11:33:22 Entrée dans AfficherPopupArticle.php
23/04/2017 11:33:58 Entrée dans AfficherPopupArticle.php
23/04/2017 11:34:27 Entrée dans AfficherPopupArticle.php
23/04/2017 11:35:03 Entrée dans ActionEcoleDeFoot.php
23/04/2017 11:35:28 Entrée dans ActionAgenda.php
23/04/2017 11:35:58 Entrée dans ActionAgenda.php
23/04/2017 11:36:13 Entrée dans ActionAccueil.php
23/04/2017 11:36:35 Entrée dans AfficherPopupArticle.php
23/04/2017 11:37:01 Entrée dans ActionEcoleDeFoot.php
23/04/2017 11:37:10 Entrée dans ActionEcoleDeFoot.php
23/04/2017 11:37:14 Entrée dans ActionEcoleDeFoot.php
23/04/2017 11:37:16 Entrée dans ActionEcoleDeFoot.php
23/04/2017 11:37:34 Entrée dans ActionEcoleDeFoot.php
23/04/2017 11:37:41 Entrée dans ActionEcoleDeFoot.php
23/04/2017 11:38:11 Entrée dans ActionEcoleDeFoot.php
23/04/2017 11:38:29 Entrée dans ActionAccueil.php
23/04/2017 12:45:03 Entrée dans ActionJoueurs.php
23/04/2017 16:06:37 Entrée dans ActionAccueil.php
23/04/2017 16:07:19 Entrée dans ActionEvenement.php
23/04/2017 16:07:39 Entrée dans ActionEcoleDeFoot.php
23/04/2017 16:07:46 Entrée dans ActionEcoleDeFoot.php
23/04/2017 18:10:32 Entrée dans ActionAccueil.php
23/04/2017 18:10:47 Entrée dans AfficherPopupArticle.php
23/04/2017 18:11:33 Entrée dans AfficherPopupArticle.php
23/04/2017 18:11:45 Entrée dans ActionJoueurs.php
23/04/2017 18:12:17 Entrée dans ActionClub.php
23/04/2017 18:12:28 Entrée dans ActionSponsor.php
23/04/2017 18:12:30 Entrée dans ActionEvenement.php
23/04/2017 18:12:32 Entrée dans ActionSponsor.php
23/04/2017 20:42:23 Entrée dans ActionAccueil.php
23/04/2017 20:42:42 Entrée dans ActionEvenement.php
23/04/2017 22:48:38 Entrée dans ActionAccueil.php
23/04/2017 22:49:08 Entrée dans AfficherPopupArticle.php
23/04/2017 22:50:27 Entrée dans ActionAccueil.php
24/04/2017 08:08:59 Entrée dans ActionAccueil.php
24/04/2017 08:09:09 Entrée dans ActionAccueil.php
24/04/2017 08:09:29 Entrée dans ActionEvenement.php
24/04/2017 08:09:38 Entrée dans ActionJoueurs.php
24/04/2017 08:09:40 Entrée dans ActionAgenda.php
24/04/2017 08:09:47 Entrée dans ActionAccueil.php
24/04/2017 08:10:10 Entrée dans ActionClub.php
24/04/2017 13:56:16 Entrée dans ActionAccueil.php
24/04/2017 13:56:38 Entrée dans ActionAccueil.php
24/04/2017 13:56:43 Entrée dans ActionSponsor.php
24/04/2017 14:30:32 Entrée dans ActionEvenement.php
24/04/2017 15:26:59 Entrée dans ActionAccueil.php
24/04/2017 17:43:30 Entrée dans ActionAccueil.php
24/04/2017 18:23:06 Entrée dans ActionAccueil.php
24/04/2017 19:44:26 Entrée dans ActionAccueil.php
24/04/2017 19:44:30 Entrée dans ActionClub.php
24/04/2017 19:44:32 Entrée dans ActionJoueurs.php
24/04/2017 19:44:35 Entrée dans ActionEcoleDeFoot.php
24/04/2017 19:44:37 Entrée dans ActionAgenda.php
24/04/2017 19:44:39 Entrée dans ActionEvenement.php
24/04/2017 19:44:41 Entrée dans ActionSponsor.php
24/04/2017 21:09:59 Entrée dans ActionAccueil.php
24/04/2017 21:10:00 Entrée dans ActionAccueil.php
24/04/2017 21:10:16 Entrée dans ActionEcoleDeFoot.php
24/04/2017 21:10:20 Entrée dans ActionEcoleDeFoot.php
24/04/2017 21:10:31 Entrée dans ActionEcoleDeFoot.php
24/04/2017 21:10:38 Entrée dans ActionEcoleDeFoot.php
24/04/2017 21:10:42 Entrée dans ActionEcoleDeFoot.php
25/04/2017 04:04:25 Entrée dans ActionEcoleDeFoot.php
25/04/2017 04:04:32 Entrée dans ActionEvenement.php
25/04/2017 04:27:15 Entrée dans ActionEvenement.php
25/04/2017 08:51:53 Entrée dans ActionAccueil.php
25/04/2017 09:07:05 Entrée dans ActionAccueil.php
25/04/2017 14:20:08 Entrée dans ActionAgenda.php
25/04/2017 14:28:41 Entrée dans ActionAccueil.php
25/04/2017 14:28:51 Entrée dans ActionClub.php
25/04/2017 14:28:53 Entrée dans ActionJoueurs.php
25/04/2017 14:29:22 Entrée dans ActionAccueil.php
25/04/2017 16:06:10 Entrée dans ActionEcoleDeFoot.php
25/04/2017 16:06:16 Entrée dans ActionClub.php
25/04/2017 16:06:24 Entrée dans ActionAgenda.php
25/04/2017 16:06:30 Entrée dans ActionSponsor.php
25/04/2017 16:07:09 Entrée dans ActionJoueurs.php
25/04/2017 16:07:23 Entrée dans ActionEvenement.php
25/04/2017 16:30:24 Entrée dans ActionClub.php
25/04/2017 17:03:47 Entrée dans ActionAccueil.php
25/04/2017 17:03:54 Entrée dans ActionClub.php
25/04/2017 17:04:06 Entrée dans ActionAccueil.php
25/04/2017 20:38:58 Entrée dans ActionEcoleDeFoot.php
25/04/2017 20:39:02 Entrée dans ActionEcoleDeFoot.php
25/04/2017 20:39:05 Entrée dans ActionEcoleDeFoot.php
25/04/2017 20:39:11 Entrée dans ActionClub.php
25/04/2017 20:39:16 Entrée dans ActionEvenement.php
25/04/2017 20:39:17 Entrée dans ActionAgenda.php
25/04/2017 20:39:20 Entrée dans ActionEcoleDeFoot.php
25/04/2017 20:39:22 Entrée dans ActionEcoleDeFoot.php
25/04/2017 20:39:27 Entrée dans ActionAccueil.php
25/04/2017 20:39:44 Entrée dans AfficherPopupArticle.php
25/04/2017 20:50:14 Entrée dans ActionEvenement.php
25/04/2017 20:50:22 Entrée dans ActionAccueil.php
25/04/2017 21:24:01 Entrée dans ActionJoueurs.php
25/04/2017 22:06:58 Entrée dans ActionAccueil.php
25/04/2017 22:07:17 Entrée dans AfficherPopupArticle.php
25/04/2017 22:08:12 Entrée dans ActionJoueurs.php
25/04/2017 22:51:29 Entrée dans ActionSponsor.php
26/04/2017 00:42:24 Entrée dans ActionAccueil.php
26/04/2017 00:43:27 Entrée dans ActionAgenda.php
26/04/2017 00:43:36 Entrée dans ActionAgenda.php
26/04/2017 00:43:50 Entrée dans ActionAgenda.php
26/04/2017 00:43:54 Entrée dans ActionEcoleDeFoot.php
26/04/2017 00:43:54 Entrée dans ActionEcoleDeFoot.php
26/04/2017 00:44:23 Entrée dans ActionEcoleDeFoot.php
26/04/2017 00:44:36 Entrée dans ActionEcoleDeFoot.php
26/04/2017 01:58:48 Entrée dans ActionAccueil.php
26/04/2017 01:59:01 Entrée dans ActionClub.php
26/04/2017 01:59:12 Entrée dans ActionAgenda.php
26/04/2017 01:59:21 Entrée dans ActionJoueurs.php
26/04/2017 01:59:27 Entrée dans ActionSponsor.php
26/04/2017 01:59:46 Entrée dans ActionEvenement.php
26/04/2017 01:59:56 Entrée dans ActionEcoleDeFoot.php
26/04/2017 07:12:21 Entrée dans ActionEvenement.php
26/04/2017 07:12:44 Entrée dans ActionAccueil.php
26/04/2017 07:13:03 Entrée dans ActionClub.php
26/04/2017 07:16:03 Entrée dans ActionEcoleDeFoot.php
26/04/2017 07:16:15 Entrée dans ActionEcoleDeFoot.php
26/04/2017 07:17:33 Entrée dans ActionClub.php
26/04/2017 07:17:39 Entrée dans ActionEvenement.php
26/04/2017 07:17:42 Entrée dans ActionAgenda.php
26/04/2017 07:17:47 Entrée dans ActionEvenement.php
26/04/2017 07:31:28 Entrée dans ActionClub.php
26/04/2017 07:33:43 Entrée dans ActionAgenda.php
26/04/2017 07:34:01 Entrée dans ActionEcoleDeFoot.php
26/04/2017 07:34:06 Entrée dans ActionEcoleDeFoot.php
26/04/2017 07:35:30 Entrée dans ActionAccueil.php
26/04/2017 08:27:51 Entrée dans ActionAccueil.php
26/04/2017 08:40:48 Entrée dans ActionAccueil.php
26/04/2017 08:56:34 Entrée dans ActionEcoleDeFoot.php
26/04/2017 10:31:19 Entrée dans ActionClub.php
26/04/2017 10:42:03 Entrée dans ActionEvenement.php
26/04/2017 11:01:35 Entrée dans ActionAccueil.php
26/04/2017 11:21:25 Entrée dans ActionAccueil.php
26/04/2017 11:21:33 Entrée dans ActionEcoleDeFoot.php
26/04/2017 11:21:45 Entrée dans ActionEcoleDeFoot.php
26/04/2017 11:21:48 Entrée dans ActionEcoleDeFoot.php
26/04/2017 11:21:49 Entrée dans ActionEcoleDeFoot.php
26/04/2017 11:21:57 Entrée dans ActionAccueil.php
26/04/2017 11:22:06 Entrée dans ActionEcoleDeFoot.php
26/04/2017 11:22:18 Entrée dans ActionEcoleDeFoot.php
26/04/2017 11:22:35 Entrée dans ActionEcoleDeFoot.php
26/04/2017 11:23:19 Entrée dans ActionEcoleDeFoot.php
26/04/2017 11:23:29 Entrée dans ActionEvenement.php
26/04/2017 11:23:43 Entrée dans ActionClub.php
26/04/2017 15:48:41 Entrée dans ActionAccueil.php
26/04/2017 15:49:03 Entrée dans ActionLogin.php
26/04/2017 15:49:13 Entrée dans ActionLogin.php
26/04/2017 15:49:15 Entrée dans ActionLogin.php
26/04/2017 15:49:29 Entrée dans ActionLogin.php
26/04/2017 15:49:47 Entrée dans ActionLogin.php
26/04/2017 15:49:47 Authentification de fgastrini.
26/04/2017 15:49:47 Entrée dans ActionProfil.php
26/04/2017 15:49:51 Entrée dans GestionResultats.php
26/04/2017 15:50:24 Entrée dans GestionResultats.php
26/04/2017 15:50:30 Entrée dans ActionAccueil.php
26/04/2017 15:50:36 Entrée dans ActionAccueil.php
26/04/2017 15:50:36 Entrée dans ActionAccueil.php
26/04/2017 18:46:17 Entrée dans ActionAccueil.php
26/04/2017 18:47:16 Entrée dans ActionClub.php
26/04/2017 18:48:06 Entrée dans ActionEcoleDeFoot.php
26/04/2017 18:48:19 Entrée dans ActionEcoleDeFoot.php
26/04/2017 18:48:32 Entrée dans ActionEcoleDeFoot.php
26/04/2017 18:50:38 Entrée dans ActionAgenda.php
26/04/2017 18:51:10 Entrée dans ActionEvenement.php
26/04/2017 18:52:00 Entrée dans ActionAccueil.php
26/04/2017 18:52:19 Entrée dans AfficherPopupArticle.php
26/04/2017 18:53:14 Entrée dans AfficherPopupArticle.php
26/04/2017 18:53:40 Entrée dans AfficherPopupArticle.php
26/04/2017 18:53:53 Entrée dans ActionClub.php
26/04/2017 18:54:56 Entrée dans ActionJoueurs.php
26/04/2017 19:37:20 Entrée dans ActionAccueil.php
26/04/2017 19:38:09 Entrée dans ActionAccueil.php
26/04/2017 19:38:12 Entrée dans ActionAccueil.php
26/04/2017 19:38:42 Entrée dans ActionAccueil.php
26/04/2017 19:38:59 Entrée dans ActionAccueil.php
26/04/2017 19:39:05 Entrée dans ActionClub.php
26/04/2017 19:41:17 Entrée dans ActionAccueil.php
26/04/2017 19:41:20 Entrée dans AfficherPopupArticle.php
26/04/2017 19:41:25 Entrée dans ActionEcoleDeFoot.php
26/04/2017 19:41:26 Entrée dans ActionEcoleDeFoot.php
26/04/2017 19:41:32 Entrée dans ActionEcoleDeFoot.php
26/04/2017 19:41:40 Entrée dans ActionEcoleDeFoot.php
26/04/2017 19:42:05 Entrée dans ActionAgenda.php
26/04/2017 19:42:14 Entrée dans ActionEvenement.php
26/04/2017 19:47:49 Entrée dans ActionEvenement.php
26/04/2017 20:08:02 Entrée dans ActionAccueil.php
26/04/2017 20:22:30 Entrée dans ActionAccueil.php
26/04/2017 20:23:49 Entrée dans ActionAccueil.php
26/04/2017 21:33:34 Entrée dans ActionAccueil.php
26/04/2017 21:33:50 Entrée dans ActionJoueurs.php
26/04/2017 22:06:25 Entrée dans ActionAccueil.php
26/04/2017 22:07:19 Entrée dans AfficherPopupArticle.php
26/04/2017 22:08:55 Entrée dans ActionAccueil.php
26/04/2017 22:09:04 Entrée dans ActionAccueil.php
26/04/2017 22:09:32 Entrée dans AfficherPopupArticle.php
26/04/2017 22:10:59 Entrée dans ActionAccueil.php
26/04/2017 22:11:11 Entrée dans ActionClub.php
26/04/2017 22:12:12 Entrée dans AfficherPopupArticle.php
26/04/2017 22:12:47 Entrée dans ActionEvenement.php
26/04/2017 22:56:49 Entrée dans ActionAccueil.php
26/04/2017 22:57:49 Entrée dans AfficherPopupArticle.php
27/04/2017 09:34:34 Entrée dans ActionAccueil.php
27/04/2017 09:34:47 Entrée dans ActionEvenement.php
27/04/2017 09:34:53 Entrée dans ActionAgenda.php
27/04/2017 09:35:04 Entrée dans ActionEvenement.php
27/04/2017 09:35:08 Entrée dans ActionAccueil.php
27/04/2017 09:45:46 Entrée dans ActionAccueil.php
27/04/2017 09:45:54 Entrée dans ActionEcoleDeFoot.php
27/04/2017 09:46:01 Entrée dans ActionEcoleDeFoot.php
27/04/2017 10:18:07 Entrée dans ActionEcoleDeFoot.php
27/04/2017 12:55:55 Entrée dans ActionEvenement.php
27/04/2017 13:05:56 Entrée dans ActionAccueil.php
27/04/2017 13:06:30 Entrée dans AfficherPopupArticle.php
27/04/2017 13:07:22 Entrée dans ActionEvenement.php
27/04/2017 16:17:28 Entrée dans ActionAccueil.php
27/04/2017 16:57:57 Entrée dans ActionAccueil.php
27/04/2017 16:57:59 Entrée dans ActionAccueil.php
27/04/2017 16:58:01 Entrée dans ActionClub.php
27/04/2017 16:58:02 Entrée dans ActionJoueurs.php
27/04/2017 16:58:04 Entrée dans ActionEcoleDeFoot.php
27/04/2017 16:58:09 Entrée dans ActionClub.php
27/04/2017 16:58:09 Entrée dans ActionJoueurs.php
27/04/2017 16:58:10 Entrée dans ActionEcoleDeFoot.php
27/04/2017 18:22:15 Entrée dans ActionAccueil.php
27/04/2017 18:22:22 Entrée dans ActionEcoleDeFoot.php
27/04/2017 18:22:24 Entrée dans ActionSponsor.php
27/04/2017 19:48:53 Entrée dans ActionAccueil.php
27/04/2017 20:53:43 Entrée dans ActionAccueil.php
27/04/2017 20:54:13 Entrée dans ActionEvenement.php
27/04/2017 20:54:17 Entrée dans ActionEcoleDeFoot.php
27/04/2017 22:09:54 Entrée dans ActionAccueil.php
27/04/2017 22:10:02 Entrée dans AfficherPopupArticle.php
28/04/2017 04:50:55 Entrée dans ActionAccueil.php
28/04/2017 05:13:49 Entrée dans ActionContact.php
28/04/2017 05:51:58 Entrée dans ActionJoueurs.php
28/04/2017 06:17:58 Entrée dans ActionAccueil.php
28/04/2017 06:18:30 Entrée dans AfficherPopupArticle.php
28/04/2017 06:30:19 Entrée dans ActionAccueil.php
28/04/2017 06:30:50 Entrée dans ActionAccueil.php
28/04/2017 08:54:41 Entrée dans ActionAccueil.php
28/04/2017 08:55:13 Entrée dans ActionAgenda.php
28/04/2017 08:55:15 Entrée dans ActionEvenement.php
28/04/2017 09:16:58 Entrée dans ActionAccueil.php
28/04/2017 13:42:14 Entrée dans ActionEvenement.php
28/04/2017 13:42:58 Entrée dans ActionJoueurs.php
28/04/2017 13:43:31 Entrée dans ActionAccueil.php
28/04/2017 13:45:22 Entrée dans AfficherPopupArticle.php
28/04/2017 13:49:00 Entrée dans ActionJoueurs.php
28/04/2017 15:23:43 Entrée dans ActionAccueil.php
28/04/2017 15:24:01 Entrée dans ActionEcoleDeFoot.php
28/04/2017 15:24:05 Entrée dans ActionEcoleDeFoot.php
28/04/2017 15:24:53 Entrée dans ActionAgenda.php
28/04/2017 15:25:03 Entrée dans ActionAgenda.php
28/04/2017 15:25:06 Entrée dans ActionEvenement.php
28/04/2017 16:53:36 Entrée dans ActionJoueurs.php
28/04/2017 17:19:41 Entrée dans ActionClub.php
28/04/2017 17:27:29 Entrée dans ActionAccueil.php
28/04/2017 17:28:25 Entrée dans ActionEcoleDeFoot.php
28/04/2017 17:28:29 Entrée dans ActionEcoleDeFoot.php
28/04/2017 17:28:38 Entrée dans ActionEvenement.php
28/04/2017 17:42:38 Entrée dans ActionClub.php
28/04/2017 19:31:52 Entrée dans ActionAccueil.php
28/04/2017 19:32:07 Entrée dans ActionAccueil.php
28/04/2017 19:33:01 Entrée dans ActionEcoleDeFoot.php
28/04/2017 19:33:32 Entrée dans ActionEvenement.php
28/04/2017 19:34:11 Entrée dans ActionAccueil.php
28/04/2017 19:34:22 Entrée dans AfficherPopupArticle.php
28/04/2017 19:35:19 Entrée dans ActionAccueil.php
28/04/2017 20:00:04 Entrée dans ActionAccueil.php
28/04/2017 20:00:48 Entrée dans ActionAgenda.php
28/04/2017 20:01:33 Entrée dans ActionAgenda.php
28/04/2017 20:41:57 Entrée dans ActionAccueil.php
28/04/2017 20:42:57 Entrée dans ActionAccueil.php
28/04/2017 20:43:20 Entrée dans ActionEvenement.php
28/04/2017 21:52:30 Entrée dans ActionAccueil.php
29/04/2017 01:05:12 Entrée dans ActionJoueurs.php
29/04/2017 09:25:12 Entrée dans ActionAccueil.php
29/04/2017 09:48:44 Entrée dans ActionAccueil.php
29/04/2017 09:49:22 Entrée dans AfficherPopupArticle.php
29/04/2017 09:49:54 Entrée dans ActionAgenda.php
29/04/2017 09:50:10 Entrée dans ActionAgenda.php
29/04/2017 09:50:17 Entrée dans ActionAccueil.php
29/04/2017 09:50:24 Entrée dans ActionEcoleDeFoot.php
29/04/2017 09:50:32 Entrée dans ActionEcoleDeFoot.php
29/04/2017 09:50:49 Entrée dans ActionEcoleDeFoot.php
29/04/2017 12:36:40 Entrée dans ActionAccueil.php
29/04/2017 13:09:38 Entrée dans ActionAccueil.php
29/04/2017 13:09:55 Entrée dans ActionSponsor.php
29/04/2017 13:09:57 Entrée dans ActionAgenda.php
29/04/2017 13:10:22 Entrée dans ActionClub.php
29/04/2017 14:52:17 Entrée dans ActionAccueil.php
29/04/2017 15:55:54 Entrée dans ActionAccueil.php
29/04/2017 15:57:40 Entrée dans ActionAccueil.php
29/04/2017 15:57:47 Entrée dans ActionClub.php
29/04/2017 15:58:13 Entrée dans ActionAgenda.php
29/04/2017 15:58:26 Entrée dans ActionEvenement.php
29/04/2017 16:28:30 Entrée dans ActionAccueil.php
29/04/2017 16:29:04 Entrée dans AfficherPopupArticle.php
29/04/2017 16:29:04 Entrée dans AfficherPopupArticle.php
29/04/2017 16:29:50 Entrée dans AfficherPopupArticle.php
29/04/2017 16:30:12 Entrée dans AfficherPopupArticle.php
29/04/2017 16:31:05 Entrée dans AfficherPopupArticle.php
29/04/2017 17:32:20 Entrée dans ActionAccueil.php
29/04/2017 17:32:24 Entrée dans ActionJoueurs.php
29/04/2017 17:33:35 Entrée dans ActionClub.php
29/04/2017 17:39:51 Entrée dans ActionAccueil.php
29/04/2017 17:39:55 Entrée dans ActionClub.php
29/04/2017 17:40:21 Entrée dans ActionJoueurs.php
29/04/2017 18:28:58 Entrée dans ActionAccueil.php
29/04/2017 18:29:16 Entrée dans ActionClub.php
29/04/2017 18:29:25 Entrée dans ActionEcoleDeFoot.php
29/04/2017 18:29:33 Entrée dans ActionEcoleDeFoot.php
29/04/2017 18:30:23 Entrée dans ActionEvenement.php
29/04/2017 20:04:13 Entrée dans ActionEcoleDeFoot.php
29/04/2017 20:04:17 Entrée dans ActionEcoleDeFoot.php
29/04/2017 21:03:26 Entrée dans ActionAccueil.php
29/04/2017 21:31:15 Entrée dans ActionAccueil.php
29/04/2017 21:31:26 Entrée dans ActionJoueurs.php
29/04/2017 21:59:57 Entrée dans ActionJoueurs.php
29/04/2017 21:59:57 Entrée dans ActionJoueurs.php
29/04/2017 22:06:02 Entrée dans ActionAccueil.php
29/04/2017 22:06:42 Entrée dans ActionClub.php
29/04/2017 22:07:03 Entrée dans ActionJoueurs.php
29/04/2017 22:07:23 Entrée dans ActionEcoleDeFoot.php
29/04/2017 22:07:44 Entrée dans ActionAgenda.php
29/04/2017 22:08:05 Entrée dans ActionEvenement.php
29/04/2017 22:08:25 Entrée dans ActionSponsor.php
29/04/2017 22:52:55 Entrée dans ActionAccueil.php
29/04/2017 22:53:55 Entrée dans AfficherPopupArticle.php
29/04/2017 22:55:02 Entrée dans ActionAccueil.php
29/04/2017 22:55:07 Entrée dans AfficherPopupArticle.php
29/04/2017 23:25:58 Entrée dans ActionAccueil.php
29/04/2017 23:26:43 Entrée dans ActionAccueil.php
29/04/2017 23:51:14 Entrée dans ActionAccueil.php
30/04/2017 01:07:39 Entrée dans ActionAccueil.php
30/04/2017 01:08:12 Entrée dans ActionAgenda.php
30/04/2017 01:08:22 Entrée dans ActionEvenement.php
30/04/2017 07:22:43 Entrée dans ActionAccueil.php
30/04/2017 07:42:15 Entrée dans ActionAccueil.php
30/04/2017 07:43:07 Entrée dans ActionClub.php
30/04/2017 08:42:54 Entrée dans ActionAccueil.php
30/04/2017 09:11:10 Entrée dans ActionAccueil.php
30/04/2017 09:20:00 Entrée dans ActionAccueil.php
30/04/2017 09:25:02 Entrée dans ActionAccueil.php
30/04/2017 09:25:26 Entrée dans AfficherPopupArticle.php
30/04/2017 09:50:30 Entrée dans ActionAccueil.php
30/04/2017 10:36:52 Entrée dans ActionAccueil.php
30/04/2017 10:40:49 Entrée dans ActionAccueil.php
30/04/2017 10:41:00 Entrée dans ActionAccueil.php
30/04/2017 10:41:15 Entrée dans ActionEvenement.php
30/04/2017 10:41:49 Entrée dans ActionAccueil.php
30/04/2017 10:42:19 Entrée dans ActionJoueurs.php
30/04/2017 11:31:29 Entrée dans ActionAccueil.php
30/04/2017 11:31:45 Entrée dans ActionEcoleDeFoot.php
30/04/2017 11:31:55 Entrée dans ActionEvenement.php
30/04/2017 11:31:58 Entrée dans ActionAgenda.php
30/04/2017 11:31:59 Entrée dans ActionEvenement.php
30/04/2017 12:10:57 Entrée dans ActionEcoleDeFoot.php
30/04/2017 12:12:08 Entrée dans ActionEcoleDeFoot.php
30/04/2017 12:12:23 Entrée dans ActionEcoleDeFoot.php
30/04/2017 12:12:35 Entrée dans ActionEcoleDeFoot.php
30/04/2017 12:13:00 Entrée dans ActionEcoleDeFoot.php
30/04/2017 12:13:11 Entrée dans ActionEcoleDeFoot.php
30/04/2017 12:13:21 Entrée dans ActionEcoleDeFoot.php
30/04/2017 12:45:27 Entrée dans ActionAccueil.php
30/04/2017 14:10:40 Entrée dans ActionAccueil.php
30/04/2017 14:10:43 Entrée dans ActionAccueil.php
30/04/2017 14:11:09 Entrée dans ActionClub.php
30/04/2017 15:55:06 Entrée dans ActionAccueil.php
30/04/2017 16:56:46 Entrée dans ActionAccueil.php
30/04/2017 16:56:51 Entrée dans ActionJoueurs.php
30/04/2017 17:03:29 Entrée dans ActionAccueil.php
30/04/2017 17:31:22 Entrée dans ActionAccueil.php
30/04/2017 17:54:46 Entrée dans ActionAccueil.php
30/04/2017 17:54:50 Entrée dans ActionAccueil.php
30/04/2017 18:37:25 Entrée dans ActionAccueil.php
30/04/2017 21:30:41 Entrée dans ActionJoueurs.php
30/04/2017 22:24:43 Entrée dans ActionEcoleDeFoot.php
30/04/2017 23:17:06 Entrée dans ActionClub.php
30/04/2017 23:24:23 Entrée dans ActionEvenement.php
30/04/2017 23:41:28 Entrée dans ActionAgenda.php
30/04/2017 23:45:14 Entrée dans ActionSponsor.php
