01/05/2015 15:52:06 Entrée dans ActionAccueil.php
01/05/2015 15:52:55 Entrée dans ActionClub.php
01/05/2015 17:03:31 Entrée dans ActionAccueil.php
01/05/2015 17:04:58 Entrée dans ActionEcoleDeFoot.php
01/05/2015 17:05:23 Entrée dans ActionClub.php
01/05/2015 17:53:42 Entrée dans ActionAccueil.php
01/05/2015 17:53:52 Entrée dans ActionLogin.php
01/05/2015 17:53:52 Authentification de tsutter.
01/05/2015 17:53:52 Entrée dans ActionProfil.php
01/05/2015 17:53:55 Entrée dans ActionArticle.php
01/05/2015 17:54:39 Entrée dans ActionAccueil.php
01/05/2015 17:56:43 Entrée dans ActionArticle.php
01/05/2015 17:56:46 Entrée dans ActionAccueil.php
01/05/2015 17:56:55 Entrée dans ActionAccueil.php
01/05/2015 17:57:04 Entrée dans ActionClub.php
01/05/2015 17:57:06 Entrée dans ActionAccueil.php
01/05/2015 17:57:22 Entrée dans ActionClub.php
01/05/2015 20:44:51 Entrée dans ActionAccueil.php
01/05/2015 20:45:02 Entrée dans ActionClub.php
01/05/2015 22:54:47 Entrée dans ActionAccueil.php
01/05/2015 22:54:53 Entrée dans ActionJoueurs.php
01/05/2015 22:55:36 Entrée dans ActionAgenda.php
01/05/2015 22:55:42 Entrée dans ActionAgenda.php
02/05/2015 09:01:17 Entrée dans ActionAccueil.php
02/05/2015 09:01:26 Entrée dans ActionEcoleDeFoot.php
02/05/2015 09:02:02 Entrée dans ActionEcoleDeFoot.php
02/05/2015 09:03:23 Entrée dans ActionAgenda.php
02/05/2015 09:03:24 Entrée dans ActionAgenda.php
02/05/2015 09:03:49 Entrée dans ActionClub.php
02/05/2015 09:06:42 Entrée dans ActionClub.php
02/05/2015 09:59:31 Entrée dans ActionAccueil.php
02/05/2015 09:59:37 Entrée dans ActionClub.php
02/05/2015 11:42:59 Entrée dans ActionAccueil.php
02/05/2015 11:43:11 Entrée dans ActionAgenda.php
02/05/2015 11:43:14 Entrée dans ActionAgenda.php
02/05/2015 11:43:29 Entrée dans ActionAgenda.php
02/05/2015 11:43:30 Entrée dans ActionAgenda.php
02/05/2015 11:43:41 Entrée dans ActionEvenement.php
02/05/2015 12:07:36 Entrée dans ActionAccueil.php
02/05/2015 12:07:55 Entrée dans ActionClub.php
02/05/2015 12:37:06 Entrée dans ActionAccueil.php
02/05/2015 12:37:17 Entrée dans ActionClub.php
02/05/2015 12:57:24 Entrée dans ActionAccueil.php
02/05/2015 12:57:27 Entrée dans ActionClub.php
02/05/2015 13:47:14 Entrée dans ActionAccueil.php
02/05/2015 13:47:23 Entrée dans ActionEcoleDeFoot.php
02/05/2015 13:47:40 Entrée dans ActionEcoleDeFoot.php
02/05/2015 13:48:29 Entrée dans ActionEcoleDeFoot.php
02/05/2015 13:48:31 Entrée dans ActionEvenement.php
02/05/2015 17:47:04 Entrée dans ActionAgenda.php
02/05/2015 17:47:05 Entrée dans ActionAgenda.php
02/05/2015 17:47:20 Entrée dans ActionAgenda.php
02/05/2015 17:47:21 Entrée dans ActionAgenda.php
02/05/2015 17:47:30 Entrée dans ActionEcoleDeFoot.php
02/05/2015 17:47:38 Entrée dans ActionEcoleDeFoot.php
02/05/2015 17:47:59 Entrée dans ActionAgenda.php
02/05/2015 17:48:02 Entrée dans ActionAgenda.php
02/05/2015 18:05:46 Entrée dans ActionAccueil.php
02/05/2015 18:05:58 Entrée dans ActionAccueil.php
02/05/2015 18:06:01 Entrée dans ActionJoueurs.php
02/05/2015 18:06:05 Entrée dans ActionClub.php
02/05/2015 18:06:12 Entrée dans ActionAccueil.php
02/05/2015 18:09:48 Entrée dans ActionAccueil.php
02/05/2015 18:10:10 Entrée dans ActionEvenement.php
02/05/2015 18:10:36 Entrée dans ActionEvenement.php
02/05/2015 18:10:40 Entrée dans ActionEvenement.php
02/05/2015 18:10:43 Entrée dans ActionEvenement.php
02/05/2015 18:10:49 Entrée dans ActionAccueil.php
02/05/2015 18:10:55 Entrée dans ActionClub.php
02/05/2015 18:59:15 Entrée dans ActionAccueil.php
02/05/2015 18:59:30 Entrée dans ActionEcoleDeFoot.php
02/05/2015 18:59:49 Entrée dans ActionAccueil.php
02/05/2015 18:59:51 Entrée dans ActionEcoleDeFoot.php
02/05/2015 18:59:53 Entrée dans ActionEcoleDeFoot.php
02/05/2015 19:03:06 Entrée dans ActionAccueil.php
02/05/2015 19:03:14 Entrée dans ActionEcoleDeFoot.php
02/05/2015 19:03:18 Entrée dans ActionEcoleDeFoot.php
02/05/2015 19:04:35 Entrée dans ActionEcoleDeFoot.php
02/05/2015 19:04:40 Entrée dans ActionEcoleDeFoot.php
02/05/2015 19:16:11 Entrée dans ActionAccueil.php
02/05/2015 22:52:21 Entrée dans ActionAccueil.php
02/05/2015 22:52:30 Entrée dans ActionAccueil.php
03/05/2015 09:18:42 Entrée dans ActionAccueil.php
03/05/2015 09:18:51 Entrée dans ActionClub.php
03/05/2015 09:19:03 Entrée dans ActionEcoleDeFoot.php
03/05/2015 11:46:37 Entrée dans ActionAccueil.php
03/05/2015 11:46:43 Entrée dans ActionJoueurs.php
03/05/2015 11:46:54 Entrée dans ActionAgenda.php
03/05/2015 11:46:55 Entrée dans ActionAgenda.php
03/05/2015 12:41:39 Entrée dans ActionJoueurs.php
03/05/2015 12:56:32 Entrée dans ActionAccueil.php
03/05/2015 12:57:27 Entrée dans ActionAccueil.php
03/05/2015 12:57:43 Entrée dans ActionAccueil.php
03/05/2015 12:57:47 Entrée dans ActionEvenement.php
03/05/2015 12:57:57 Entrée dans ActionAccueil.php
03/05/2015 12:57:59 Entrée dans ActionClub.php
03/05/2015 12:58:07 Entrée dans ActionEvenement.php
03/05/2015 12:58:17 Entrée dans ActionAccueil.php
03/05/2015 16:11:15 Entrée dans ActionAgenda.php
03/05/2015 18:25:22 Entrée dans ActionAccueil.php
03/05/2015 18:25:53 Entrée dans ActionJoueurs.php
03/05/2015 18:38:21 Entrée dans ActionAccueil.php
03/05/2015 18:38:32 Entrée dans ActionEcoleDeFoot.php
03/05/2015 18:38:52 Entrée dans ActionEcoleDeFoot.php
03/05/2015 18:40:11 Entrée dans ActionEcoleDeFoot.php
03/05/2015 19:41:14 Entrée dans ActionAccueil.php
03/05/2015 19:41:22 Entrée dans ActionClub.php
03/05/2015 19:42:34 Entrée dans ActionJoueurs.php
03/05/2015 19:43:29 Entrée dans ActionEcoleDeFoot.php
03/05/2015 19:43:53 Entrée dans ActionEcoleDeFoot.php
03/05/2015 20:07:00 Entrée dans ActionAccueil.php
03/05/2015 20:07:05 Entrée dans ActionClub.php
03/05/2015 20:07:10 Entrée dans ActionJoueurs.php
03/05/2015 20:07:13 Entrée dans ActionEcoleDeFoot.php
03/05/2015 20:07:15 Entrée dans ActionAgenda.php
03/05/2015 20:07:18 Entrée dans ActionEvenement.php
03/05/2015 20:07:20 Entrée dans ActionSponsor.php
03/05/2015 20:32:50 Entrée dans ActionAccueil.php
03/05/2015 20:33:01 Entrée dans ActionAgenda.php
03/05/2015 20:33:03 Entrée dans ActionAgenda.php
03/05/2015 22:56:06 Entrée dans ActionAgenda.php
03/05/2015 22:56:07 Entrée dans ActionAgenda.php
03/05/2015 22:56:26 Entrée dans ActionAccueil.php
03/05/2015 22:56:37 Entrée dans ActionEvenement.php
03/05/2015 22:57:05 Entrée dans ActionClub.php
03/05/2015 22:58:32 Entrée dans ActionAgenda.php
03/05/2015 23:59:37 Entrée dans ActionAccueil.php
04/05/2015 07:13:46 Entrée dans ActionAccueil.php
04/05/2015 07:13:50 Entrée dans ActionClub.php
04/05/2015 07:13:52 Entrée dans ActionJoueurs.php
04/05/2015 07:13:54 Entrée dans ActionEcoleDeFoot.php
04/05/2015 07:13:56 Entrée dans ActionAgenda.php
04/05/2015 07:13:59 Entrée dans ActionEvenement.php
04/05/2015 07:14:01 Entrée dans ActionSponsor.php
04/05/2015 08:20:33 Entrée dans ActionAccueil.php
04/05/2015 08:20:33 Entrée dans ActionAccueil.php
04/05/2015 08:20:33 Entrée dans ActionAccueil.php
04/05/2015 08:20:38 Entrée dans ActionJoueurs.php
04/05/2015 08:20:49 Entrée dans ActionJoueurs.php
04/05/2015 08:20:55 Entrée dans ActionJoueurs.php
04/05/2015 08:21:36 Entrée dans ActionClub.php
04/05/2015 08:21:57 Entrée dans ActionAccueil.php
04/05/2015 08:28:42 Entrée dans ActionAgenda.php
04/05/2015 08:31:31 Entrée dans ActionAccueil.php
04/05/2015 08:31:47 Entrée dans ActionAccueil.php
04/05/2015 11:32:17 Entrée dans ActionAccueil.php
04/05/2015 11:32:21 Entrée dans ActionJoueurs.php
04/05/2015 13:19:06 Entrée dans ActionAccueil.php
04/05/2015 13:19:17 Entrée dans ActionJoueurs.php
04/05/2015 13:21:33 Entrée dans ActionEvenement.php
04/05/2015 13:21:37 Entrée dans ActionAgenda.php
04/05/2015 13:21:38 Entrée dans ActionAgenda.php
04/05/2015 14:58:39 Entrée dans ActionClub.php
04/05/2015 15:57:22 Entrée dans ActionAccueil.php
04/05/2015 15:58:11 Entrée dans ActionAccueil.php
04/05/2015 15:58:13 Entrée dans ActionAccueil.php
04/05/2015 17:29:58 Entrée dans ActionAccueil.php
04/05/2015 17:30:31 Entrée dans ActionAccueil.php
04/05/2015 17:31:29 Entrée dans ActionAccueil.php
04/05/2015 17:33:29 Entrée dans ActionAccueil.php
04/05/2015 17:33:57 Entrée dans ActionAccueil.php
04/05/2015 17:34:02 Entrée dans ActionClub.php
04/05/2015 17:34:17 Entrée dans ActionEcoleDeFoot.php
04/05/2015 17:34:42 Entrée dans ActionEcoleDeFoot.php
04/05/2015 17:35:25 Entrée dans ActionEcoleDeFoot.php
04/05/2015 17:36:49 Entrée dans ActionEcoleDeFoot.php
05/05/2015 14:15:56 Entrée dans ActionAccueil.php
05/05/2015 14:58:31 Entrée dans ActionAccueil.php
05/05/2015 15:08:14 Entrée dans ActionLogin.php
05/05/2015 15:08:14 Authentification de tsutter.
05/05/2015 15:08:14 Entrée dans ActionProfil.php
05/05/2015 15:08:17 Entrée dans ActionArticle.php
05/05/2015 15:08:21 Entrée dans ActionArticle.php
05/05/2015 15:08:21 Entrée dans ActionArticle.php
05/05/2015 15:08:23 Entrée dans ActionAccueil.php
05/05/2015 15:08:30 Entrée dans ActionProfil.php
05/05/2015 15:08:32 Entrée dans GestionResultats.php
05/05/2015 15:09:24 Entrée dans GestionResultats.php
05/05/2015 15:09:44 Entrée dans GestionResultats.php
05/05/2015 15:10:13 Entrée dans GestionResultats.php
05/05/2015 15:10:25 Entrée dans GestionResultats.php
05/05/2015 15:10:36 Entrée dans ActionAccueil.php
05/05/2015 15:19:45 Entrée dans ActionAccueil.php
05/05/2015 15:20:26 Entrée dans ActionAccueil.php
05/05/2015 15:20:28 Entrée dans ActionClub.php
05/05/2015 15:20:29 Entrée dans ActionAccueil.php
05/05/2015 15:20:49 Entrée dans ActionAccueil.php
05/05/2015 15:20:55 Entrée dans AfficherPopupArticle.php
05/05/2015 15:21:20 Entrée dans ActionAccueil.php
05/05/2015 15:21:22 Entrée dans AfficherPopupArticle.php
05/05/2015 18:07:25 Entrée dans ActionAccueil.php
05/05/2015 18:07:51 Entrée dans ActionLogin.php
05/05/2015 18:07:51 Authentification de tsutter.
05/05/2015 18:07:51 Entrée dans ActionProfil.php
05/05/2015 18:07:54 Entrée dans ActionArticle.php
05/05/2015 18:07:58 Entrée dans ActionArticle.php
05/05/2015 18:07:58 Entrée dans ActionArticle.php
05/05/2015 18:08:00 Entrée dans ActionArticle.php
05/05/2015 18:08:02 Entrée dans ActionArticle.php
05/05/2015 18:08:04 Entrée dans ActionArticle.php
05/05/2015 18:08:06 Entrée dans ActionArticle.php
05/05/2015 18:08:09 Entrée dans ActionArticle.php
05/05/2015 18:08:12 Entrée dans ActionAccueil.php
05/05/2015 20:25:25 Entrée dans ActionAccueil.php
05/05/2015 20:25:54 Entrée dans ActionLogin.php
05/05/2015 20:25:54 Authentification de fgastrini.
05/05/2015 20:25:54 Entrée dans ActionProfil.php
05/05/2015 20:26:01 Entrée dans GestionResultats.php
05/05/2015 20:26:13 Entrée dans GestionResultats.php
05/05/2015 20:26:16 Entrée dans ActionRencontre.php
05/05/2015 20:26:50 Entrée dans ActionArticle.php
05/05/2015 20:27:05 Entrée dans RechercherArticle.php
05/05/2015 20:27:29 Entrée dans ActionArticle.php
05/05/2015 20:27:35 Entrée dans ActionProfil.php
05/05/2015 20:27:40 Entrée dans ActionEquipe.php
05/05/2015 20:27:48 Entrée dans ActionMembre.php
05/05/2015 20:27:51 Entrée dans ActionRencontre.php
05/05/2015 20:27:57 Entrée dans GestionResultats.php
05/05/2015 20:27:59 Entrée dans ActionArticle.php
05/05/2015 20:28:01 Entrée dans GestionResultats.php
05/05/2015 20:28:05 Entrée dans ActionArticle.php
05/05/2015 20:28:08 Entrée dans ActionPartenaire.php
05/05/2015 20:28:11 Entrée dans ActionEquipe.php
05/05/2015 20:28:13 Entrée dans ActionAccueil.php
05/05/2015 20:29:06 Entrée dans ActionAgenda.php
05/05/2015 20:29:07 Entrée dans ActionAgenda.php
05/05/2015 20:29:10 Entrée dans ActionEvenement.php
05/05/2015 20:29:14 Entrée dans ActionSponsor.php
05/05/2015 20:29:22 Entrée dans ActionProfil.php
05/05/2015 20:29:28 Entrée dans ActionAccueil.php
05/05/2015 20:29:28 Entrée dans ActionAccueil.php
05/05/2015 21:15:19 Entrée dans ActionAccueil.php
05/05/2015 21:15:36 Entrée dans ActionClub.php
05/05/2015 21:15:51 Entrée dans ActionEcoleDeFoot.php
05/05/2015 21:16:09 Entrée dans ActionEcoleDeFoot.php
05/05/2015 21:16:13 Entrée dans ActionEcoleDeFoot.php
05/05/2015 21:16:21 Entrée dans ActionEcoleDeFoot.php
05/05/2015 21:16:22 Entrée dans ActionEcoleDeFoot.php
05/05/2015 23:07:33 Entrée dans ActionAccueil.php
05/05/2015 23:08:16 Entrée dans AfficherPopupArticle.php
05/05/2015 23:17:55 Entrée dans ActionAccueil.php
05/05/2015 23:18:09 Entrée dans ActionClub.php
05/05/2015 23:18:19 Entrée dans ActionAgenda.php
05/05/2015 23:18:29 Entrée dans ActionSponsor.php
05/05/2015 23:18:39 Entrée dans ActionJoueurs.php
05/05/2015 23:18:53 Entrée dans ActionEvenement.php
05/05/2015 23:19:03 Entrée dans ActionEcoleDeFoot.php
06/05/2015 14:57:15 Entrée dans ActionAccueil.php
06/05/2015 14:58:25 Entrée dans AfficherPopupArticle.php
06/05/2015 14:58:34 Entrée dans ActionClub.php
06/05/2015 14:58:37 Entrée dans ActionEcoleDeFoot.php
06/05/2015 14:58:57 Entrée dans ActionEcoleDeFoot.php
06/05/2015 17:02:00 Entrée dans ActionEcoleDeFoot.php
06/05/2015 17:02:30 Entrée dans ActionClub.php
06/05/2015 17:02:35 Entrée dans ActionAccueil.php
06/05/2015 17:03:02 Entrée dans AfficherPopupArticle.php
06/05/2015 17:03:22 Entrée dans AfficherPopupArticle.php
06/05/2015 17:03:42 Entrée dans AfficherPopupArticle.php
06/05/2015 18:22:34 Entrée dans ActionAccueil.php
06/05/2015 18:22:54 Entrée dans AfficherPopupArticle.php
06/05/2015 19:18:53 Entrée dans ActionAccueil.php
06/05/2015 19:25:36 Entrée dans ActionAgenda.php
06/05/2015 19:25:37 Entrée dans ActionEvenement.php
06/05/2015 19:25:37 Entrée dans ActionJoueurs.php
06/05/2015 21:02:42 Entrée dans ActionAccueil.php
06/05/2015 21:03:33 Entrée dans ActionAccueil.php
06/05/2015 21:04:02 Entrée dans ActionEcoleDeFoot.php
06/05/2015 21:04:27 Entrée dans ActionAccueil.php
06/05/2015 21:04:35 Entrée dans AfficherPopupArticle.php
06/05/2015 21:05:18 Entrée dans AfficherPopupArticle.php
06/05/2015 21:05:59 Entrée dans AfficherPopupArticle.php
06/05/2015 21:07:22 Entrée dans ActionEcoleDeFoot.php
07/05/2015 01:16:49 Entrée dans ActionAgenda.php
07/05/2015 02:22:14 Entrée dans ActionAgenda.php
07/05/2015 11:56:41 Entrée dans ActionAccueil.php
07/05/2015 11:57:08 Entrée dans ActionJoueurs.php
07/05/2015 11:57:39 Entrée dans ActionAccueil.php
07/05/2015 14:01:35 Entrée dans ActionAccueil.php
07/05/2015 14:01:42 Entrée dans ActionJoueurs.php
07/05/2015 19:35:44 Entrée dans ActionEcoleDeFoot.php
07/05/2015 19:35:53 Entrée dans ActionEcoleDeFoot.php
07/05/2015 19:39:45 Entrée dans ActionAccueil.php
07/05/2015 19:41:20 Entrée dans AfficherPopupArticle.php
07/05/2015 22:26:03 Entrée dans ActionAgenda.php
07/05/2015 22:26:05 Entrée dans ActionAgenda.php
07/05/2015 22:26:21 Entrée dans ActionAccueil.php
07/05/2015 22:26:36 Entrée dans AfficherPopupArticle.php
07/05/2015 22:27:19 Entrée dans AfficherPopupArticle.php
07/05/2015 22:30:55 Entrée dans AfficherPopupArticle.php
07/05/2015 22:31:37 Entrée dans AfficherPopupArticle.php
07/05/2015 22:32:16 Entrée dans AfficherPopupArticle.php
07/05/2015 22:32:33 Entrée dans AfficherPopupArticle.php
07/05/2015 22:32:47 Entrée dans ActionAgenda.php
07/05/2015 22:32:51 Entrée dans ActionEcoleDeFoot.php
07/05/2015 22:33:21 Entrée dans ActionAgenda.php
08/05/2015 09:43:42 Entrée dans ActionAccueil.php
08/05/2015 09:44:06 Entrée dans ActionClub.php
08/05/2015 09:44:10 Entrée dans ActionAccueil.php
08/05/2015 09:44:12 Entrée dans AfficherPopupArticle.php
08/05/2015 13:36:09 Entrée dans ActionAccueil.php
08/05/2015 13:38:25 Entrée dans ActionAccueil.php
08/05/2015 16:21:44 Entrée dans ActionAccueil.php
08/05/2015 16:21:56 Entrée dans ActionEcoleDeFoot.php
08/05/2015 16:22:05 Entrée dans ActionEcoleDeFoot.php
08/05/2015 16:54:32 Entrée dans ActionAccueil.php
08/05/2015 20:17:14 Entrée dans ActionAccueil.php
08/05/2015 20:17:40 Entrée dans ActionClub.php
08/05/2015 20:18:08 Entrée dans ActionEcoleDeFoot.php
08/05/2015 20:18:32 Entrée dans ActionEcoleDeFoot.php
08/05/2015 20:30:35 Entrée dans ActionAccueil.php
09/05/2015 00:37:48 Entrée dans ActionClub.php
09/05/2015 00:37:48 Entrée dans ActionEcoleDeFoot.php
09/05/2015 03:57:39 Entrée dans ActionSponsor.php
09/05/2015 08:38:46 Entrée dans ActionAccueil.php
09/05/2015 08:51:29 Entrée dans ActionAccueil.php
09/05/2015 09:32:57 Entrée dans ActionAccueil.php
09/05/2015 13:13:15 Entrée dans ActionAccueil.php
09/05/2015 13:14:23 Entrée dans ActionClub.php
09/05/2015 14:58:40 Entrée dans ActionAccueil.php
09/05/2015 14:58:55 Entrée dans ActionAccueil.php
09/05/2015 14:59:06 Entrée dans ActionClub.php
09/05/2015 15:35:37 Entrée dans ActionClub.php
09/05/2015 15:35:56 Entrée dans ActionEcoleDeFoot.php
09/05/2015 16:07:35 Entrée dans ActionClub.php
09/05/2015 16:07:36 Entrée dans ActionEcoleDeFoot.php
09/05/2015 16:11:05 Entrée dans ActionSponsor.php
09/05/2015 16:21:40 Entrée dans ActionClub.php
09/05/2015 16:21:40 Entrée dans ActionEcoleDeFoot.php
09/05/2015 16:29:23 Entrée dans ActionSponsor.php
09/05/2015 16:58:43 Entrée dans ActionClub.php
09/05/2015 16:58:43 Entrée dans ActionEcoleDeFoot.php
09/05/2015 17:12:26 Entrée dans ActionSponsor.php
09/05/2015 17:23:50 Entrée dans ActionClub.php
09/05/2015 17:23:50 Entrée dans ActionEcoleDeFoot.php
09/05/2015 17:25:21 Entrée dans ActionSponsor.php
09/05/2015 17:39:20 Entrée dans ActionClub.php
09/05/2015 17:39:20 Entrée dans ActionEcoleDeFoot.php
09/05/2015 17:58:34 Entrée dans ActionSponsor.php
09/05/2015 18:16:47 Entrée dans ActionClub.php
09/05/2015 18:16:47 Entrée dans ActionEcoleDeFoot.php
09/05/2015 18:25:57 Entrée dans ActionSponsor.php
09/05/2015 20:14:02 Entrée dans ActionJoueurs.php
09/05/2015 20:14:23 Entrée dans ActionEcoleDeFoot.php
09/05/2015 20:14:31 Entrée dans ActionEcoleDeFoot.php
09/05/2015 21:22:50 Entrée dans ActionAccueil.php
09/05/2015 21:26:45 Entrée dans ActionClub.php
09/05/2015 21:26:45 Entrée dans ActionEcoleDeFoot.php
09/05/2015 21:38:08 Entrée dans ActionSponsor.php
09/05/2015 21:56:13 Entrée dans ActionAccueil.php
09/05/2015 21:56:43 Entrée dans ActionClub.php
09/05/2015 21:57:09 Entrée dans ActionEcoleDeFoot.php
09/05/2015 21:57:27 Entrée dans ActionEcoleDeFoot.php
09/05/2015 22:53:36 Entrée dans ActionClub.php
09/05/2015 22:53:37 Entrée dans ActionClub.php
09/05/2015 22:53:37 Entrée dans ActionEcoleDeFoot.php
09/05/2015 23:03:56 Entrée dans ActionSponsor.php
10/05/2015 08:50:45 Entrée dans ActionAccueil.php
10/05/2015 08:51:46 Entrée dans AfficherPopupArticle.php
10/05/2015 08:52:59 Entrée dans ActionEcoleDeFoot.php
10/05/2015 08:53:11 Entrée dans ActionEcoleDeFoot.php
10/05/2015 09:51:03 Entrée dans ActionAccueil.php
10/05/2015 09:51:18 Entrée dans ActionClub.php
10/05/2015 09:51:32 Entrée dans ActionJoueurs.php
10/05/2015 09:58:19 Entrée dans ActionEcoleDeFoot.php
10/05/2015 11:20:04 Entrée dans ActionAccueil.php
10/05/2015 13:26:12 Entrée dans ActionAccueil.php
10/05/2015 13:52:43 Entrée dans ActionAccueil.php
10/05/2015 14:08:55 Entrée dans ActionAccueil.php
10/05/2015 14:09:09 Entrée dans ActionAgenda.php
10/05/2015 14:09:10 Entrée dans ActionAgenda.php
10/05/2015 14:11:19 Entrée dans ActionAccueil.php
10/05/2015 14:11:26 Entrée dans ActionAccueil.php
10/05/2015 14:11:30 Entrée dans ActionClub.php
10/05/2015 14:40:53 Entrée dans ActionAccueil.php
10/05/2015 14:41:49 Entrée dans ActionAccueil.php
10/05/2015 15:51:23 Entrée dans ActionAccueil.php
10/05/2015 15:52:05 Entrée dans ActionAccueil.php
10/05/2015 15:52:07 Entrée dans ActionClub.php
10/05/2015 18:05:25 Entrée dans ActionAccueil.php
10/05/2015 18:05:32 Entrée dans ActionAgenda.php
10/05/2015 18:05:33 Entrée dans ActionAgenda.php
10/05/2015 18:05:54 Entrée dans ActionAgenda.php
10/05/2015 18:06:24 Entrée dans ActionEvenement.php
10/05/2015 18:06:34 Entrée dans ActionAccueil.php
10/05/2015 18:07:07 Entrée dans AfficherPopupArticle.php
10/05/2015 20:12:05 Entrée dans ActionAccueil.php
10/05/2015 20:12:22 Entrée dans ActionJoueurs.php
10/05/2015 20:42:49 Entrée dans ActionAccueil.php
10/05/2015 20:43:03 Entrée dans ActionLogin.php
10/05/2015 20:43:03 Authentification de fgastrini.
10/05/2015 20:43:03 Entrée dans ActionProfil.php
10/05/2015 20:43:07 Entrée dans ActionRencontre.php
10/05/2015 20:43:10 Entrée dans GestionResultats.php
10/05/2015 20:43:23 Entrée dans GestionResultats.php
10/05/2015 20:43:40 Entrée dans ActionArticle.php
10/05/2015 20:43:58 Entrée dans ActionRencontre.php
10/05/2015 20:44:22 Entrée dans GestionResultats.php
10/05/2015 20:44:27 Entrée dans ActionAccueil.php
10/05/2015 20:45:34 Entrée dans ActionAccueil.php
10/05/2015 20:45:41 Entrée dans ActionProfil.php
10/05/2015 20:45:44 Entrée dans ActionAccueil.php
10/05/2015 20:45:45 Entrée dans ActionAccueil.php
10/05/2015 23:08:07 Entrée dans ActionAccueil.php
10/05/2015 23:08:48 Entrée dans ActionJoueurs.php
10/05/2015 23:08:59 Entrée dans ActionClub.php
10/05/2015 23:20:31 Entrée dans ActionAccueil.php
11/05/2015 01:55:48 Entrée dans ActionAgenda.php
11/05/2015 01:55:51 Entrée dans ActionClub.php
11/05/2015 01:55:55 Entrée dans ActionEcoleDeFoot.php
11/05/2015 01:55:58 Entrée dans ActionEvenement.php
11/05/2015 01:56:30 Entrée dans ActionJoueurs.php
11/05/2015 01:56:34 Entrée dans ActionSponsor.php
11/05/2015 10:31:04 Entrée dans ActionAccueil.php
11/05/2015 13:51:16 Entrée dans ActionAccueil.php
11/05/2015 13:52:37 Entrée dans ActionLogin.php
11/05/2015 13:52:42 Entrée dans ActionLogin.php
11/05/2015 13:52:42 Authentification de tsutter.
11/05/2015 13:52:42 Entrée dans ActionProfil.php
11/05/2015 13:52:42 Entrée dans ActionAccueil.php
11/05/2015 13:52:44 Entrée dans GestionResultats.php
11/05/2015 13:52:48 Entrée dans GestionResultats.php
11/05/2015 13:53:18 Entrée dans GestionResultats.php
11/05/2015 13:53:18 Entrée dans ActionAccueil.php
11/05/2015 13:53:29 Entrée dans GestionResultats.php
11/05/2015 15:34:39 Entrée dans ActionAccueil.php
11/05/2015 15:35:00 Entrée dans ActionClub.php
11/05/2015 16:09:10 Entrée dans ActionAgenda.php
11/05/2015 16:09:20 Entrée dans ActionClub.php
11/05/2015 16:09:24 Entrée dans ActionEcoleDeFoot.php
11/05/2015 16:10:30 Entrée dans ActionEvenement.php
11/05/2015 16:10:34 Entrée dans ActionJoueurs.php
11/05/2015 16:11:46 Entrée dans ActionSponsor.php
11/05/2015 20:18:06 Entrée dans ActionEcoleDeFoot.php
11/05/2015 20:18:26 Entrée dans ActionEcoleDeFoot.php
11/05/2015 20:19:20 Entrée dans ActionAccueil.php
11/05/2015 20:20:10 Entrée dans ActionAccueil.php
11/05/2015 21:22:25 Entrée dans ActionAccueil.php
11/05/2015 21:22:43 Entrée dans ActionJoueurs.php
11/05/2015 21:34:49 Entrée dans ActionAccueil.php
11/05/2015 23:03:40 Entrée dans ActionAccueil.php
11/05/2015 23:03:41 Entrée dans ActionAccueil.php
11/05/2015 23:03:52 Entrée dans ActionJoueurs.php
11/05/2015 23:04:31 Entrée dans ActionAccueil.php
11/05/2015 23:04:36 Entrée dans ActionAccueil.php
12/05/2015 08:59:48 Entrée dans ActionAccueil.php
12/05/2015 09:00:55 Entrée dans ActionAgenda.php
12/05/2015 09:00:56 Entrée dans ActionAgenda.php
12/05/2015 09:01:07 Entrée dans ActionJoueurs.php
12/05/2015 10:47:21 Entrée dans ActionAccueil.php
12/05/2015 10:47:30 Entrée dans ActionEcoleDeFoot.php
12/05/2015 10:47:47 Entrée dans ActionClub.php
12/05/2015 10:49:22 Entrée dans ActionAgenda.php
12/05/2015 10:49:24 Entrée dans ActionAgenda.php
12/05/2015 10:49:41 Entrée dans ActionAgenda.php
12/05/2015 10:50:04 Entrée dans ActionAgenda.php
12/05/2015 15:27:53 Entrée dans ActionAccueil.php
12/05/2015 15:28:03 Entrée dans ActionEcoleDeFoot.php
12/05/2015 15:28:10 Entrée dans ActionEcoleDeFoot.php
12/05/2015 15:28:11 Entrée dans ActionEcoleDeFoot.php
12/05/2015 15:28:55 Entrée dans ActionClub.php
12/05/2015 20:37:42 Entrée dans ActionJoueurs.php
12/05/2015 22:09:04 Entrée dans ActionAccueil.php
12/05/2015 22:09:05 Entrée dans ActionAccueil.php
12/05/2015 22:41:25 Entrée dans ActionEvenement.php
12/05/2015 22:41:35 Entrée dans ActionEcoleDeFoot.php
12/05/2015 22:42:02 Entrée dans ActionEcoleDeFoot.php
12/05/2015 23:43:18 Entrée dans ActionAccueil.php
12/05/2015 23:43:52 Entrée dans ActionClub.php
12/05/2015 23:44:52 Entrée dans ActionJoueurs.php
13/05/2015 00:17:23 Entrée dans ActionAgenda.php
13/05/2015 00:18:06 Entrée dans ActionAgenda.php
13/05/2015 00:18:06 Entrée dans ActionAgenda.php
13/05/2015 13:19:28 Entrée dans ActionAccueil.php
13/05/2015 13:19:53 Entrée dans ActionEvenement.php
13/05/2015 13:20:17 Entrée dans ActionSponsor.php
13/05/2015 13:20:21 Entrée dans ActionAgenda.php
13/05/2015 13:20:36 Entrée dans ActionClub.php
13/05/2015 13:20:48 Entrée dans ActionJoueurs.php
13/05/2015 13:22:14 Entrée dans ActionEcoleDeFoot.php
13/05/2015 14:12:44 Entrée dans ActionAccueil.php
13/05/2015 14:13:48 Entrée dans ActionJoueurs.php
13/05/2015 14:14:55 Entrée dans ActionEvenement.php
13/05/2015 14:52:00 Entrée dans ActionAccueil.php
13/05/2015 14:54:04 Entrée dans ActionEcoleDeFoot.php
13/05/2015 14:54:37 Entrée dans ActionEcoleDeFoot.php
13/05/2015 14:54:57 Entrée dans ActionEcoleDeFoot.php
13/05/2015 14:56:58 Entrée dans ActionEcoleDeFoot.php
13/05/2015 14:58:24 Entrée dans ActionEcoleDeFoot.php
13/05/2015 14:58:35 Entrée dans ActionEcoleDeFoot.php
13/05/2015 14:58:51 Entrée dans ActionEcoleDeFoot.php
13/05/2015 14:58:55 Entrée dans ActionEcoleDeFoot.php
13/05/2015 14:59:01 Entrée dans ActionEcoleDeFoot.php
13/05/2015 14:59:36 Entrée dans ActionAccueil.php
13/05/2015 14:59:43 Entrée dans ActionAgenda.php
13/05/2015 14:59:45 Entrée dans ActionAgenda.php
13/05/2015 15:01:29 Entrée dans ActionEvenement.php
13/05/2015 15:05:14 Entrée dans ActionAccueil.php
13/05/2015 18:32:01 Entrée dans ActionAccueil.php
13/05/2015 18:32:59 Entrée dans ActionClub.php
13/05/2015 18:33:12 Entrée dans ActionEcoleDeFoot.php
13/05/2015 18:33:26 Entrée dans ActionEcoleDeFoot.php
13/05/2015 19:09:58 Entrée dans ActionAccueil.php
13/05/2015 19:18:57 Entrée dans ActionSponsor.php
13/05/2015 20:37:20 Entrée dans ActionAccueil.php
13/05/2015 20:55:04 Entrée dans ActionAccueil.php
13/05/2015 20:55:17 Entrée dans ActionClub.php
13/05/2015 20:55:26 Entrée dans ActionEcoleDeFoot.php
13/05/2015 20:55:33 Entrée dans ActionEcoleDeFoot.php
13/05/2015 20:55:37 Entrée dans ActionEcoleDeFoot.php
14/05/2015 08:30:30 Entrée dans ActionEcoleDeFoot.php
14/05/2015 08:30:34 Entrée dans ActionEcoleDeFoot.php
14/05/2015 13:14:33 Entrée dans ActionAccueil.php
14/05/2015 13:14:58 Entrée dans ActionJoueurs.php
14/05/2015 16:55:07 Entrée dans ActionAccueil.php
14/05/2015 16:55:56 Entrée dans ActionEcoleDeFoot.php
14/05/2015 16:56:00 Entrée dans ActionEcoleDeFoot.php
14/05/2015 16:57:03 Entrée dans ActionEcoleDeFoot.php
14/05/2015 16:57:11 Entrée dans ActionEvenement.php
14/05/2015 16:57:29 Entrée dans ActionAccueil.php
14/05/2015 16:57:41 Entrée dans AfficherPopupArticle.php
14/05/2015 17:01:48 Entrée dans ActionAccueil.php
14/05/2015 17:02:48 Entrée dans AfficherPopupArticle.php
14/05/2015 17:02:57 Entrée dans AfficherPopupArticle.php
14/05/2015 17:03:09 Entrée dans ActionAgenda.php
14/05/2015 17:03:10 Entrée dans ActionAgenda.php
14/05/2015 17:03:14 Entrée dans ActionEvenement.php
14/05/2015 19:54:57 Entrée dans ActionAccueil.php
14/05/2015 19:55:07 Entrée dans AfficherPopupArticle.php
14/05/2015 19:55:24 Entrée dans AfficherPopupArticle.php
14/05/2015 22:29:01 Entrée dans ActionAccueil.php
14/05/2015 22:29:25 Entrée dans ActionJoueurs.php
14/05/2015 23:12:57 Entrée dans ActionAccueil.php
15/05/2015 01:37:41 Entrée dans ActionAccueil.php
15/05/2015 01:38:50 Entrée dans ActionEcoleDeFoot.php
15/05/2015 01:39:25 Entrée dans ActionEcoleDeFoot.php
15/05/2015 01:40:35 Entrée dans ActionAccueil.php
15/05/2015 01:41:36 Entrée dans AfficherPopupArticle.php
15/05/2015 08:32:46 Entrée dans ActionAgenda.php
15/05/2015 09:33:17 Entrée dans ActionAccueil.php
15/05/2015 09:33:18 Entrée dans ActionAgenda.php
15/05/2015 09:33:19 Entrée dans ActionClub.php
15/05/2015 09:33:21 Entrée dans ActionClub.php
15/05/2015 09:33:21 Entrée dans ActionEcoleDeFoot.php
15/05/2015 09:33:22 Entrée dans ActionEvenement.php
15/05/2015 09:33:23 Entrée dans ActionJoueurs.php
15/05/2015 09:33:23 Entrée dans ActionSponsor.php
15/05/2015 09:33:24 Entrée dans AfficherPopupArticle.php
15/05/2015 09:33:24 Entrée dans ActionAccueil.php
15/05/2015 09:33:24 Entrée dans RechercherArticle.php
15/05/2015 09:33:25 Entrée dans ActionAccueil.php
15/05/2015 09:33:26 Entrée dans ActionAccueil.php
15/05/2015 10:13:41 Entrée dans ActionClub.php
15/05/2015 11:52:42 Entrée dans ActionEvenement.php
15/05/2015 15:00:03 Entrée dans ActionAccueil.php
15/05/2015 15:00:08 Entrée dans ActionEvenement.php
15/05/2015 15:00:11 Entrée dans ActionEcoleDeFoot.php
15/05/2015 15:00:16 Entrée dans ActionClub.php
15/05/2015 15:00:18 Entrée dans ActionAccueil.php
15/05/2015 17:23:31 Entrée dans ActionEcoleDeFoot.php
15/05/2015 17:23:40 Entrée dans ActionEcoleDeFoot.php
15/05/2015 17:23:46 Entrée dans ActionClub.php
15/05/2015 17:23:50 Entrée dans ActionEvenement.php
15/05/2015 17:24:09 Entrée dans ActionAgenda.php
15/05/2015 17:24:11 Entrée dans ActionAgenda.php
16/05/2015 00:44:18 Entrée dans ActionSponsor.php
16/05/2015 09:28:47 Entrée dans ActionAccueil.php
16/05/2015 09:36:45 Entrée dans ActionClub.php
16/05/2015 10:05:00 Entrée dans ActionJoueurs.php
16/05/2015 10:15:21 Entrée dans ActionAgenda.php
16/05/2015 10:15:30 Entrée dans ActionClub.php
16/05/2015 10:15:37 Entrée dans ActionEcoleDeFoot.php
16/05/2015 10:15:41 Entrée dans ActionEvenement.php
16/05/2015 10:15:46 Entrée dans ActionJoueurs.php
16/05/2015 10:15:52 Entrée dans ActionSponsor.php
16/05/2015 13:27:15 Entrée dans ActionAccueil.php
16/05/2015 13:34:15 Entrée dans ActionAccueil.php
16/05/2015 14:23:47 Entrée dans ActionAccueil.php
16/05/2015 14:24:40 Entrée dans ActionEcoleDeFoot.php
16/05/2015 14:24:46 Entrée dans ActionEcoleDeFoot.php
16/05/2015 15:19:06 Entrée dans ActionEcoleDeFoot.php
16/05/2015 15:38:56 Entrée dans ActionAccueil.php
16/05/2015 16:59:40 Entrée dans ActionAccueil.php
16/05/2015 17:16:46 Entrée dans ActionAccueil.php
16/05/2015 17:17:52 Entrée dans ActionEvenement.php
16/05/2015 17:17:55 Entrée dans ActionAgenda.php
16/05/2015 17:17:57 Entrée dans ActionAgenda.php
16/05/2015 17:18:08 Entrée dans ActionAgenda.php
16/05/2015 17:18:27 Entrée dans ActionAccueil.php
16/05/2015 18:20:00 Entrée dans ActionEvenement.php
16/05/2015 18:52:07 Entrée dans ActionAccueil.php
17/05/2015 00:26:34 Entrée dans ActionAccueil.php
17/05/2015 01:46:43 Entrée dans ActionAccueil.php
17/05/2015 01:46:59 Entrée dans AfficherPopupArticle.php
17/05/2015 01:48:00 Entrée dans ActionJoueurs.php
17/05/2015 01:48:27 Entrée dans ActionEcoleDeFoot.php
17/05/2015 01:48:46 Entrée dans ActionEcoleDeFoot.php
17/05/2015 01:48:59 Entrée dans ActionEcoleDeFoot.php
17/05/2015 01:49:17 Entrée dans ActionEcoleDeFoot.php
17/05/2015 02:14:01 Entrée dans ActionAccueil.php
17/05/2015 03:57:08 Entrée dans ActionClub.php
17/05/2015 10:32:37 Entrée dans ActionAccueil.php
17/05/2015 10:32:45 Entrée dans ActionClub.php
17/05/2015 12:46:59 Entrée dans ActionAccueil.php
17/05/2015 13:34:21 Entrée dans ActionAccueil.php
17/05/2015 13:35:02 Entrée dans ActionClub.php
17/05/2015 13:35:08 Entrée dans ActionEcoleDeFoot.php
17/05/2015 13:35:22 Entrée dans ActionEvenement.php
17/05/2015 14:58:23 Entrée dans ActionAccueil.php
17/05/2015 14:58:44 Entrée dans ActionEcoleDeFoot.php
17/05/2015 14:58:54 Entrée dans ActionEcoleDeFoot.php
17/05/2015 15:07:54 Entrée dans ActionAccueil.php
17/05/2015 19:24:51 Entrée dans ActionAccueil.php
17/05/2015 19:25:11 Entrée dans AfficherPopupArticle.php
17/05/2015 19:25:17 Entrée dans ActionJoueurs.php
17/05/2015 19:25:30 Entrée dans ActionAgenda.php
17/05/2015 19:25:32 Entrée dans ActionAgenda.php
17/05/2015 19:25:45 Entrée dans ActionAgenda.php
17/05/2015 19:25:46 Entrée dans ActionAgenda.php
17/05/2015 19:25:52 Entrée dans ActionClub.php
17/05/2015 19:27:00 Entrée dans ActionEvenement.php
17/05/2015 19:27:06 Entrée dans ActionAccueil.php
17/05/2015 19:27:08 Entrée dans ActionAccueil.php
17/05/2015 19:28:12 Entrée dans ActionJoueurs.php
17/05/2015 19:30:22 Entrée dans ActionAgenda.php
17/05/2015 19:30:32 Entrée dans ActionClub.php
17/05/2015 19:30:47 Entrée dans ActionEcoleDeFoot.php
17/05/2015 19:30:49 Entrée dans ActionEvenement.php
17/05/2015 19:30:52 Entrée dans ActionJoueurs.php
17/05/2015 19:31:02 Entrée dans ActionSponsor.php
17/05/2015 20:05:36 Entrée dans ActionAccueil.php
17/05/2015 20:31:53 Entrée dans ActionAccueil.php
17/05/2015 23:02:00 Entrée dans ActionAccueil.php
17/05/2015 23:02:46 Entrée dans ActionClub.php
17/05/2015 23:02:59 Entrée dans ActionJoueurs.php
17/05/2015 23:03:07 Entrée dans ActionAccueil.php
18/05/2015 07:04:18 Entrée dans ActionAgenda.php
18/05/2015 11:18:42 Entrée dans ActionAccueil.php
18/05/2015 11:18:46 Entrée dans ActionJoueurs.php
18/05/2015 11:18:55 Entrée dans ActionAgenda.php
18/05/2015 11:18:57 Entrée dans ActionAgenda.php
18/05/2015 11:19:03 Entrée dans ActionSponsor.php
18/05/2015 11:19:04 Entrée dans ActionSponsor.php
18/05/2015 11:19:08 Entrée dans ActionClub.php
18/05/2015 11:19:11 Entrée dans ActionJoueurs.php
18/05/2015 13:05:58 Entrée dans ActionAccueil.php
18/05/2015 13:06:02 Entrée dans ActionClub.php
18/05/2015 13:06:04 Entrée dans ActionJoueurs.php
18/05/2015 13:06:07 Entrée dans ActionEcoleDeFoot.php
18/05/2015 13:06:09 Entrée dans ActionAgenda.php
18/05/2015 13:06:11 Entrée dans ActionEvenement.php
18/05/2015 13:06:14 Entrée dans ActionSponsor.php
18/05/2015 16:24:02 Entrée dans ActionAccueil.php
18/05/2015 16:24:12 Entrée dans ActionEcoleDeFoot.php
18/05/2015 16:24:25 Entrée dans ActionEcoleDeFoot.php
18/05/2015 16:24:33 Entrée dans ActionAgenda.php
18/05/2015 16:24:34 Entrée dans ActionAgenda.php
18/05/2015 16:24:46 Entrée dans ActionAgenda.php
18/05/2015 16:24:52 Entrée dans ActionEvenement.php
18/05/2015 20:45:15 Entrée dans ActionAccueil.php
18/05/2015 20:45:41 Entrée dans ActionClub.php
18/05/2015 20:48:02 Entrée dans ActionJoueurs.php
19/05/2015 04:49:38 Entrée dans ActionJoueurs.php
19/05/2015 05:01:43 Entrée dans ActionSponsor.php
19/05/2015 15:06:22 Entrée dans ActionAccueil.php
19/05/2015 15:47:37 Entrée dans ActionAccueil.php
19/05/2015 15:47:42 Entrée dans ActionEcoleDeFoot.php
19/05/2015 15:47:59 Entrée dans ActionEcoleDeFoot.php
19/05/2015 15:49:01 Entrée dans ActionEcoleDeFoot.php
19/05/2015 15:49:05 Entrée dans ActionEcoleDeFoot.php
19/05/2015 16:02:53 Entrée dans ActionLogin.php
19/05/2015 16:03:10 Entrée dans ActionLogin.php
19/05/2015 16:03:10 Authentification de epetot.
19/05/2015 16:03:10 Entrée dans ActionProfil.php
19/05/2015 16:03:16 Entrée dans ActionArticle.php
19/05/2015 16:03:29 Entrée dans GestionResultats.php
19/05/2015 16:04:03 Entrée dans GestionResultats.php
19/05/2015 16:04:05 Entrée dans GestionResultats.php
19/05/2015 16:04:15 Entrée dans ActionRencontre.php
19/05/2015 16:04:49 Entrée dans GestionResultats.php
19/05/2015 16:04:52 Entrée dans ActionArticle.php
19/05/2015 16:04:55 Entrée dans ActionEquipe.php
19/05/2015 16:05:02 Entrée dans ActionEquipe.php
19/05/2015 16:05:17 Entrée dans RechercherEquipe.php
19/05/2015 18:32:34 Entrée dans ActionAccueil.php
19/05/2015 18:33:53 Entrée dans ActionAccueil.php
19/05/2015 18:34:21 Entrée dans AfficherPopupArticle.php
19/05/2015 18:34:45 Entrée dans ActionAgenda.php
19/05/2015 18:34:46 Entrée dans ActionAgenda.php
19/05/2015 18:35:15 Entrée dans AfficherPopupArticle.php
19/05/2015 19:27:10 Entrée dans ActionAccueil.php
19/05/2015 23:15:44 Entrée dans ActionAccueil.php
19/05/2015 23:15:57 Entrée dans ActionJoueurs.php
19/05/2015 23:17:14 Entrée dans ActionJoueurs.php
20/05/2015 01:18:27 Entrée dans ActionAccueil.php
20/05/2015 10:07:12 Entrée dans ActionEvenement.php
20/05/2015 11:41:02 Entrée dans ActionAccueil.php
20/05/2015 11:41:26 Entrée dans AfficherPopupArticle.php
20/05/2015 11:42:35 Entrée dans ActionEcoleDeFoot.php
20/05/2015 11:42:49 Entrée dans ActionJoueurs.php
20/05/2015 13:00:26 Entrée dans ActionClub.php
20/05/2015 13:35:23 Entrée dans ActionAccueil.php
20/05/2015 22:11:28 Entrée dans ActionAccueil.php
20/05/2015 22:13:02 Entrée dans AfficherPopupArticle.php
20/05/2015 22:13:24 Entrée dans ActionJoueurs.php
20/05/2015 22:13:56 Entrée dans ActionClub.php
20/05/2015 22:14:09 Entrée dans ActionEcoleDeFoot.php
20/05/2015 22:14:28 Entrée dans ActionAgenda.php
20/05/2015 22:14:29 Entrée dans ActionAgenda.php
20/05/2015 22:14:35 Entrée dans ActionEvenement.php
20/05/2015 23:52:43 Entrée dans ActionEcoleDeFoot.php
21/05/2015 05:51:51 Entrée dans ActionAccueil.php
21/05/2015 10:57:42 Entrée dans ActionAccueil.php
21/05/2015 11:16:31 Entrée dans ActionAccueil.php
21/05/2015 11:16:44 Entrée dans ActionClub.php
21/05/2015 11:16:55 Entrée dans ActionAgenda.php
21/05/2015 11:17:04 Entrée dans ActionSponsor.php
21/05/2015 11:17:14 Entrée dans ActionJoueurs.php
21/05/2015 11:17:29 Entrée dans ActionEvenement.php
21/05/2015 11:17:39 Entrée dans ActionEcoleDeFoot.php
21/05/2015 11:51:16 Entrée dans ActionAccueil.php
21/05/2015 11:51:17 Entrée dans ActionAgenda.php
21/05/2015 11:51:18 Entrée dans ActionClub.php
21/05/2015 11:51:18 Entrée dans ActionEcoleDeFoot.php
21/05/2015 11:51:18 Entrée dans ActionEvenement.php
21/05/2015 11:51:19 Entrée dans ActionJoueurs.php
21/05/2015 11:51:19 Entrée dans ActionSponsor.php
21/05/2015 11:51:19 Entrée dans AfficherPopupArticle.php
21/05/2015 11:51:20 Entrée dans ActionAccueil.php
21/05/2015 11:51:20 Entrée dans RechercherArticle.php
21/05/2015 11:51:20 Entrée dans ActionAccueil.php
21/05/2015 11:51:21 Entrée dans ActionAccueil.php
21/05/2015 11:51:23 Entrée dans ActionProfil.php
21/05/2015 11:51:23 Entrée dans ActionAccueil.php
21/05/2015 11:51:23 Entrée dans ActionLogin.php
21/05/2015 11:51:23 Entrée dans ActionProfil.php
21/05/2015 11:51:24 Entrée dans ActionAccueil.php
21/05/2015 13:36:53 Entrée dans ActionAgenda.php
21/05/2015 13:36:56 Entrée dans ActionClub.php
21/05/2015 13:36:59 Entrée dans ActionEcoleDeFoot.php
21/05/2015 13:37:03 Entrée dans ActionEvenement.php
21/05/2015 13:37:05 Entrée dans ActionJoueurs.php
21/05/2015 13:37:09 Entrée dans ActionSponsor.php
21/05/2015 19:38:35 Entrée dans ActionAccueil.php
21/05/2015 21:54:40 Entrée dans ActionAccueil.php
21/05/2015 21:55:22 Entrée dans ActionAccueil.php
21/05/2015 21:55:51 Entrée dans AfficherPopupArticle.php
21/05/2015 21:56:34 Entrée dans ActionClub.php
21/05/2015 21:56:58 Entrée dans AfficherPopupArticle.php
21/05/2015 21:57:17 Entrée dans AfficherPopupArticle.php
21/05/2015 21:57:36 Entrée dans AfficherPopupArticle.php
21/05/2015 21:57:52 Entrée dans AfficherPopupArticle.php
21/05/2015 21:58:35 Entrée dans ActionClub.php
21/05/2015 21:59:59 Entrée dans ActionEvenement.php
21/05/2015 22:00:08 Entrée dans ActionAgenda.php
21/05/2015 22:00:10 Entrée dans ActionAgenda.php
21/05/2015 22:00:24 Entrée dans ActionEcoleDeFoot.php
21/05/2015 22:00:58 Entrée dans ActionEcoleDeFoot.php
21/05/2015 22:01:05 Entrée dans ActionEcoleDeFoot.php
21/05/2015 22:02:55 Entrée dans ActionEcoleDeFoot.php
21/05/2015 22:03:35 Entrée dans ActionEcoleDeFoot.php
21/05/2015 22:03:39 Entrée dans ActionEcoleDeFoot.php
21/05/2015 22:22:08 Entrée dans ActionEcoleDeFoot.php
21/05/2015 22:27:37 Entrée dans ActionEcoleDeFoot.php
21/05/2015 22:27:58 Entrée dans ActionEcoleDeFoot.php
22/05/2015 15:44:41 Entrée dans ActionAccueil.php
22/05/2015 15:44:46 Entrée dans ActionAccueil.php
22/05/2015 15:44:47 Entrée dans ActionClub.php
22/05/2015 15:45:25 Entrée dans ActionEvenement.php
22/05/2015 16:15:05 Entrée dans ActionEcoleDeFoot.php
22/05/2015 16:17:39 Entrée dans ActionEcoleDeFoot.php
22/05/2015 16:21:06 Entrée dans ActionAccueil.php
22/05/2015 16:21:31 Entrée dans ActionJoueurs.php
22/05/2015 16:21:36 Entrée dans ActionJoueurs.php
22/05/2015 16:27:44 Entrée dans ActionAccueil.php
23/05/2015 00:45:03 Entrée dans ActionAccueil.php
23/05/2015 00:45:15 Entrée dans ActionJoueurs.php
23/05/2015 04:26:44 Entrée dans ActionAccueil.php
23/05/2015 04:28:11 Entrée dans ActionJoueurs.php
23/05/2015 13:24:45 Entrée dans ActionAccueil.php
23/05/2015 13:24:56 Entrée dans ActionJoueurs.php
23/05/2015 13:26:04 Entrée dans ActionEcoleDeFoot.php
23/05/2015 13:26:08 Entrée dans ActionEcoleDeFoot.php
23/05/2015 13:26:19 Entrée dans ActionEcoleDeFoot.php
23/05/2015 13:26:30 Entrée dans ActionAgenda.php
23/05/2015 13:26:31 Entrée dans ActionAgenda.php
23/05/2015 13:26:40 Entrée dans ActionClub.php
23/05/2015 13:26:59 Entrée dans ActionSponsor.php
23/05/2015 13:27:01 Entrée dans ActionEvenement.php
23/05/2015 13:27:09 Entrée dans ActionAccueil.php
23/05/2015 16:48:22 Entrée dans ActionJoueurs.php
23/05/2015 16:50:33 Entrée dans ActionAccueil.php
23/05/2015 16:50:42 Entrée dans ActionEvenement.php
23/05/2015 17:03:24 Entrée dans ActionAccueil.php
23/05/2015 17:06:08 Entrée dans ActionAccueil.php
23/05/2015 17:07:31 Entrée dans ActionAccueil.php
23/05/2015 17:07:52 Entrée dans ActionJoueurs.php
23/05/2015 17:53:50 Entrée dans ActionAgenda.php
23/05/2015 17:53:51 Entrée dans ActionAgenda.php
23/05/2015 22:19:33 Entrée dans ActionAgenda.php
24/05/2015 06:44:46 Entrée dans ActionAccueil.php
24/05/2015 12:30:43 Entrée dans ActionAccueil.php
24/05/2015 14:43:53 Entrée dans ActionAccueil.php
24/05/2015 17:51:39 Entrée dans ActionAccueil.php
24/05/2015 17:52:07 Entrée dans ActionEvenement.php
24/05/2015 17:55:34 Entrée dans ActionAccueil.php
24/05/2015 19:31:49 Entrée dans ActionClub.php
24/05/2015 19:31:58 Entrée dans ActionAgenda.php
24/05/2015 19:32:00 Entrée dans ActionAgenda.php
24/05/2015 19:32:16 Entrée dans ActionAgenda.php
24/05/2015 19:32:18 Entrée dans ActionAgenda.php
24/05/2015 19:32:21 Entrée dans ActionAccueil.php
24/05/2015 19:32:31 Entrée dans AfficherPopupArticle.php
24/05/2015 19:33:38 Entrée dans AfficherPopupArticle.php
24/05/2015 19:34:16 Entrée dans ActionAccueil.php
24/05/2015 19:34:24 Entrée dans ActionClub.php
24/05/2015 19:34:37 Entrée dans AfficherPopupArticle.php
24/05/2015 19:36:12 Entrée dans AfficherPopupArticle.php
24/05/2015 19:36:13 Entrée dans AfficherPopupArticle.php
24/05/2015 19:36:35 Entrée dans ActionEcoleDeFoot.php
24/05/2015 19:36:39 Entrée dans ActionEcoleDeFoot.php
24/05/2015 21:36:32 Entrée dans ActionAccueil.php
25/05/2015 03:11:56 Entrée dans ActionAccueil.php
25/05/2015 05:32:20 Entrée dans ActionAccueil.php
25/05/2015 07:18:16 Entrée dans ActionAccueil.php
25/05/2015 08:43:57 Entrée dans ActionAccueil.php
25/05/2015 08:44:21 Entrée dans AfficherPopupArticle.php
25/05/2015 08:45:07 Entrée dans ActionClub.php
25/05/2015 10:43:20 Entrée dans ActionAccueil.php
25/05/2015 10:43:40 Entrée dans ActionEcoleDeFoot.php
25/05/2015 10:43:55 Entrée dans ActionClub.php
25/05/2015 10:44:48 Entrée dans ActionAgenda.php
25/05/2015 10:44:50 Entrée dans ActionAgenda.php
25/05/2015 10:44:53 Entrée dans ActionEvenement.php
25/05/2015 10:45:01 Entrée dans ActionClub.php
25/05/2015 10:45:04 Entrée dans ActionAccueil.php
25/05/2015 10:45:15 Entrée dans AfficherPopupArticle.php
25/05/2015 10:45:50 Entrée dans AfficherPopupArticle.php
25/05/2015 10:45:59 Entrée dans AfficherPopupArticle.php
25/05/2015 10:46:07 Entrée dans AfficherPopupArticle.php
25/05/2015 10:46:19 Entrée dans AfficherPopupArticle.php
25/05/2015 10:46:40 Entrée dans ActionAgenda.php
25/05/2015 17:50:35 Entrée dans ActionAccueil.php
25/05/2015 18:57:36 Entrée dans ActionAccueil.php
25/05/2015 21:07:41 Entrée dans ActionAccueil.php
25/05/2015 22:49:02 Entrée dans ActionAccueil.php
25/05/2015 22:49:03 Entrée dans ActionEvenement.php
25/05/2015 22:49:06 Entrée dans ActionSponsor.php
25/05/2015 22:49:07 Entrée dans ActionClub.php
25/05/2015 22:49:08 Entrée dans ActionJoueurs.php
25/05/2015 22:49:09 Entrée dans ActionEcoleDeFoot.php
25/05/2015 22:49:11 Entrée dans ActionAgenda.php
26/05/2015 11:32:39 Entrée dans ActionAccueil.php
26/05/2015 11:34:02 Entrée dans AfficherPopupArticle.php
26/05/2015 15:18:10 Entrée dans ActionEvenement.php
26/05/2015 18:24:35 Entrée dans ActionAccueil.php
26/05/2015 18:24:39 Entrée dans ActionJoueurs.php
26/05/2015 18:25:51 Entrée dans ActionAccueil.php
26/05/2015 18:25:54 Entrée dans ActionJoueurs.php
26/05/2015 18:28:19 Entrée dans ActionAccueil.php
26/05/2015 18:28:25 Entrée dans ActionJoueurs.php
26/05/2015 18:29:45 Entrée dans ActionAccueil.php
26/05/2015 21:00:58 Entrée dans ActionAccueil.php
26/05/2015 21:01:20 Entrée dans ActionAgenda.php
26/05/2015 21:01:21 Entrée dans ActionAgenda.php
26/05/2015 21:02:44 Entrée dans ActionEcoleDeFoot.php
26/05/2015 21:02:51 Entrée dans ActionEcoleDeFoot.php
26/05/2015 21:03:37 Entrée dans ActionJoueurs.php
26/05/2015 21:49:20 Entrée dans ActionEvenement.php
27/05/2015 15:40:18 Entrée dans ActionAccueil.php
27/05/2015 15:40:29 Entrée dans ActionLogin.php
27/05/2015 15:40:29 Authentification de tsutter.
27/05/2015 15:40:29 Entrée dans ActionProfil.php
27/05/2015 15:40:29 Entrée dans ActionAccueil.php
27/05/2015 15:40:32 Entrée dans ActionArticle.php
27/05/2015 15:40:57 Entrée dans ActionArticle.php
27/05/2015 15:41:02 Entrée dans ActionAccueil.php
27/05/2015 15:41:14 Entrée dans AfficherPopupArticle.php
27/05/2015 16:26:22 Entrée dans ActionAccueil.php
27/05/2015 17:10:52 Entrée dans ActionAccueil.php
27/05/2015 17:10:52 Entrée dans ActionAccueil.php
27/05/2015 22:11:12 Entrée dans ActionAccueil.php
27/05/2015 22:11:20 Entrée dans AfficherPopupArticle.php
28/05/2015 04:42:03 Entrée dans ActionClub.php
28/05/2015 05:29:15 Entrée dans ActionClub.php
28/05/2015 06:35:20 Entrée dans ActionClub.php
28/05/2015 07:58:08 Entrée dans ActionAccueil.php
28/05/2015 07:58:15 Entrée dans ActionClub.php
28/05/2015 07:58:37 Entrée dans ActionClub.php
28/05/2015 07:58:48 Entrée dans ActionClub.php
28/05/2015 11:32:39 Entrée dans ActionSponsor.php
28/05/2015 11:32:50 Entrée dans ActionEcoleDeFoot.php
28/05/2015 11:33:07 Entrée dans ActionEcoleDeFoot.php
28/05/2015 11:33:16 Entrée dans ActionEcoleDeFoot.php
28/05/2015 11:33:32 Entrée dans ActionEcoleDeFoot.php
28/05/2015 11:33:45 Entrée dans ActionJoueurs.php
28/05/2015 15:05:15 Entrée dans ActionAccueil.php
28/05/2015 15:05:16 Entrée dans ActionEvenement.php
28/05/2015 15:05:21 Entrée dans ActionSponsor.php
28/05/2015 15:05:26 Entrée dans ActionClub.php
28/05/2015 15:05:28 Entrée dans ActionJoueurs.php
28/05/2015 15:05:31 Entrée dans ActionEcoleDeFoot.php
28/05/2015 15:05:37 Entrée dans ActionAgenda.php
28/05/2015 15:46:15 Entrée dans ActionAgenda.php
28/05/2015 15:46:17 Entrée dans ActionClub.php
28/05/2015 15:46:19 Entrée dans ActionJoueurs.php
28/05/2015 15:46:24 Entrée dans AfficherPopupArticle.php
28/05/2015 15:46:43 Entrée dans ActionAccueil.php
28/05/2015 15:46:47 Entrée dans ActionAccueil.php
28/05/2015 15:46:50 Entrée dans ActionSponsor.php
28/05/2015 15:46:53 Entrée dans ActionEvenement.php
28/05/2015 15:46:55 Entrée dans ActionAccueil.php
28/05/2015 15:46:56 Entrée dans ActionEcoleDeFoot.php
28/05/2015 15:47:01 Entrée dans ActionLogin.php
28/05/2015 15:47:06 Entrée dans ActionAccueil.php
28/05/2015 15:47:08 Entrée dans ActionJoueurs.php
28/05/2015 15:47:09 Entrée dans ActionAgenda.php
28/05/2015 15:47:11 Entrée dans ActionClub.php
28/05/2015 15:47:12 Entrée dans AfficherPopupArticle.php
28/05/2015 15:47:21 Entrée dans ActionAccueil.php
28/05/2015 15:47:23 Entrée dans ActionEcoleDeFoot.php
28/05/2015 15:47:25 Entrée dans ActionEvenement.php
28/05/2015 15:47:29 Entrée dans ActionSponsor.php
28/05/2015 15:47:34 Entrée dans ActionLogin.php
28/05/2015 15:47:35 Entrée dans ActionProfil.php
28/05/2015 15:47:36 Entrée dans ActionAccueil.php
28/05/2015 15:47:40 Entrée dans ActionAccueil.php
28/05/2015 15:47:41 Entrée dans ActionProfil.php
28/05/2015 15:47:43 Entrée dans ActionAccueil.php
28/05/2015 20:15:47 Entrée dans ActionAccueil.php
28/05/2015 20:15:57 Entrée dans AfficherPopupArticle.php
28/05/2015 20:16:12 Entrée dans AfficherPopupArticle.php
28/05/2015 20:17:40 Entrée dans ActionJoueurs.php
28/05/2015 20:22:32 Entrée dans ActionJoueurs.php
28/05/2015 20:22:39 Entrée dans ActionClub.php
28/05/2015 21:08:21 Entrée dans ActionAccueil.php
28/05/2015 21:09:27 Entrée dans AfficherPopupArticle.php
28/05/2015 21:09:59 Entrée dans ActionEcoleDeFoot.php
28/05/2015 21:10:09 Entrée dans ActionEcoleDeFoot.php
28/05/2015 21:10:12 Entrée dans ActionEcoleDeFoot.php
29/05/2015 07:28:59 Entrée dans ActionAccueil.php
29/05/2015 07:29:15 Entrée dans AfficherPopupArticle.php
29/05/2015 07:30:05 Entrée dans ActionAgenda.php
29/05/2015 07:30:06 Entrée dans ActionAgenda.php
29/05/2015 07:34:11 Entrée dans AfficherPopupArticle.php
29/05/2015 13:50:22 Entrée dans ActionAccueil.php
29/05/2015 16:00:35 Entrée dans ActionAccueil.php
29/05/2015 18:13:44 Entrée dans ActionAccueil.php
29/05/2015 18:14:12 Entrée dans ActionAccueil.php
29/05/2015 18:14:21 Entrée dans ActionClub.php
29/05/2015 19:07:28 Entrée dans ActionAccueil.php
29/05/2015 19:08:04 Entrée dans AfficherPopupArticle.php
29/05/2015 19:08:23 Entrée dans AfficherPopupArticle.php
29/05/2015 19:09:17 Entrée dans ActionAgenda.php
29/05/2015 19:09:20 Entrée dans ActionAgenda.php
29/05/2015 19:09:53 Entrée dans ActionAgenda.php
29/05/2015 19:10:17 Entrée dans ActionEvenement.php
29/05/2015 19:10:26 Entrée dans ActionAccueil.php
29/05/2015 19:10:56 Entrée dans AfficherPopupArticle.php
29/05/2015 19:12:29 Entrée dans ActionEcoleDeFoot.php
29/05/2015 19:12:59 Entrée dans ActionEcoleDeFoot.php
29/05/2015 19:13:32 Entrée dans ActionEcoleDeFoot.php
30/05/2015 01:27:52 Entrée dans ActionAccueil.php
30/05/2015 01:29:07 Entrée dans AfficherPopupArticle.php
30/05/2015 01:29:15 Entrée dans AfficherPopupArticle.php
30/05/2015 01:29:36 Entrée dans AfficherPopupArticle.php
30/05/2015 01:30:20 Entrée dans ActionAccueil.php
30/05/2015 05:40:28 Entrée dans ActionJoueurs.php
30/05/2015 10:02:31 Entrée dans ActionSponsor.php
30/05/2015 10:05:33 Entrée dans ActionAccueil.php
30/05/2015 10:05:34 Entrée dans ActionEvenement.php
30/05/2015 10:05:38 Entrée dans ActionSponsor.php
30/05/2015 10:05:39 Entrée dans ActionClub.php
30/05/2015 10:05:41 Entrée dans ActionJoueurs.php
30/05/2015 10:05:42 Entrée dans ActionEcoleDeFoot.php
30/05/2015 10:05:43 Entrée dans ActionAgenda.php
30/05/2015 11:20:53 Entrée dans ActionAccueil.php
30/05/2015 11:21:02 Entrée dans ActionJoueurs.php
30/05/2015 11:21:34 Entrée dans ActionAgenda.php
30/05/2015 11:21:36 Entrée dans ActionAgenda.php
30/05/2015 12:37:20 Entrée dans ActionAccueil.php
30/05/2015 12:37:40 Entrée dans ActionEcoleDeFoot.php
30/05/2015 12:37:45 Entrée dans ActionEcoleDeFoot.php
30/05/2015 12:39:35 Entrée dans ActionAccueil.php
30/05/2015 12:39:37 Entrée dans AfficherPopupArticle.php
30/05/2015 12:40:07 Entrée dans ActionAgenda.php
30/05/2015 12:40:09 Entrée dans ActionAgenda.php
30/05/2015 12:41:10 Entrée dans ActionSponsor.php
30/05/2015 20:16:17 Entrée dans ActionAccueil.php
30/05/2015 20:16:26 Entrée dans ActionEcoleDeFoot.php
30/05/2015 20:16:39 Entrée dans ActionEcoleDeFoot.php
30/05/2015 20:17:22 Entrée dans ActionEcoleDeFoot.php
30/05/2015 20:17:29 Entrée dans ActionEcoleDeFoot.php
30/05/2015 20:17:37 Entrée dans ActionEcoleDeFoot.php
30/05/2015 20:17:40 Entrée dans ActionEcoleDeFoot.php
30/05/2015 20:18:09 Entrée dans ActionEcoleDeFoot.php
30/05/2015 20:19:27 Entrée dans ActionEcoleDeFoot.php
30/05/2015 20:19:30 Entrée dans ActionAccueil.php
30/05/2015 20:20:11 Entrée dans ActionClub.php
30/05/2015 20:20:19 Entrée dans ActionEvenement.php
30/05/2015 20:20:32 Entrée dans ActionJoueurs.php
30/05/2015 20:20:39 Entrée dans ActionAccueil.php
30/05/2015 20:20:58 Entrée dans AfficherPopupArticle.php
30/05/2015 20:55:26 Entrée dans ActionEcoleDeFoot.php
30/05/2015 20:55:29 Entrée dans ActionEcoleDeFoot.php
30/05/2015 22:48:18 Entrée dans ActionAccueil.php
30/05/2015 23:38:56 Entrée dans ActionAccueil.php
30/05/2015 23:39:18 Entrée dans ActionEcoleDeFoot.php
30/05/2015 23:39:27 Entrée dans ActionEcoleDeFoot.php
31/05/2015 11:20:42 Entrée dans ActionAccueil.php
31/05/2015 13:13:31 Entrée dans ActionAccueil.php
31/05/2015 13:14:18 Entrée dans AfficherPopupArticle.php
31/05/2015 14:29:33 Entrée dans ActionAccueil.php
31/05/2015 14:30:04 Entrée dans ActionJoueurs.php
31/05/2015 14:34:55 Entrée dans ActionAccueil.php
31/05/2015 14:35:19 Entrée dans ActionClub.php
31/05/2015 14:43:21 Entrée dans ActionJoueurs.php
31/05/2015 14:43:41 Entrée dans ActionAgenda.php
31/05/2015 14:43:42 Entrée dans ActionAgenda.php
31/05/2015 15:32:34 Entrée dans ActionAccueil.php
31/05/2015 15:33:17 Entrée dans ActionJoueurs.php
31/05/2015 19:16:39 Entrée dans ActionAccueil.php
31/05/2015 19:17:02 Entrée dans AfficherPopupArticle.php
