01/01/2016 09:14:45 Entrée dans ActionJoueurs.php
01/01/2016 09:14:49 Entrée dans ActionSponsor.php
01/01/2016 16:14:59 Entrée dans ActionAccueil.php
01/01/2016 17:20:07 Entrée dans ActionAccueil.php
01/01/2016 17:20:17 Entrée dans ActionAccueil.php
01/01/2016 17:21:46 Entrée dans AfficherPopupArticle.php
01/01/2016 18:46:44 Entrée dans ActionJoueurs.php
01/01/2016 19:18:35 Entrée dans ActionAccueil.php
01/01/2016 19:19:12 Entrée dans AfficherPopupArticle.php
01/01/2016 19:19:25 Entrée dans ActionSponsor.php
01/01/2016 19:19:29 Entrée dans ActionEvenement.php
01/01/2016 19:19:35 Entrée dans ActionEcoleDeFoot.php
01/01/2016 19:19:45 Entrée dans ActionJoueurs.php
01/01/2016 19:20:27 Entrée dans ActionAccueil.php
01/01/2016 19:21:01 Entrée dans AfficherPopupArticle.php
01/01/2016 19:21:01 Entrée dans AfficherPopupArticle.php
01/01/2016 19:21:01 Entrée dans AfficherPopupArticle.php
01/01/2016 19:21:15 Entrée dans AfficherPopupArticle.php
01/01/2016 19:21:35 Entrée dans AfficherPopupArticle.php
01/01/2016 19:21:43 Entrée dans AfficherPopupArticle.php
01/01/2016 19:21:50 Entrée dans AfficherPopupArticle.php
01/01/2016 19:21:54 Entrée dans AfficherPopupArticle.php
01/01/2016 19:21:58 Entrée dans AfficherPopupArticle.php
01/01/2016 19:22:01 Entrée dans AfficherPopupArticle.php
01/01/2016 19:22:19 Entrée dans ActionAccueil.php
01/01/2016 19:22:23 Entrée dans ActionAccueil.php
01/01/2016 19:22:25 Entrée dans ActionAccueil.php
01/01/2016 19:22:28 Entrée dans ActionClub.php
01/01/2016 19:22:39 Entrée dans ActionEcoleDeFoot.php
01/01/2016 19:23:03 Entrée dans ActionAgenda.php
01/01/2016 19:23:04 Entrée dans ActionAgenda.php
01/01/2016 19:23:17 Entrée dans ActionAgenda.php
01/01/2016 19:23:18 Entrée dans ActionAgenda.php
01/01/2016 19:23:48 Entrée dans ActionEvenement.php
01/01/2016 19:23:59 Entrée dans ActionSponsor.php
01/01/2016 19:24:12 Entrée dans ActionAgenda.php
01/01/2016 19:24:18 Entrée dans ActionClub.php
01/01/2016 19:24:43 Entrée dans ActionEcoleDeFoot.php
01/01/2016 19:24:46 Entrée dans ActionJoueurs.php
01/01/2016 19:25:39 Entrée dans ActionClub.php
01/01/2016 19:25:48 Entrée dans ActionEcoleDeFoot.php
01/01/2016 19:25:52 Entrée dans ActionEvenement.php
01/01/2016 19:25:54 Entrée dans ActionClub.php
01/01/2016 19:26:04 Entrée dans ActionAccueil.php
01/01/2016 19:31:10 Entrée dans ActionClub.php
01/01/2016 19:31:14 Entrée dans ActionClub.php
01/01/2016 19:31:18 Entrée dans ActionAccueil.php
01/01/2016 19:31:20 Entrée dans ActionEcoleDeFoot.php
01/01/2016 19:31:24 Entrée dans ActionClub.php
01/01/2016 19:31:29 Entrée dans ActionEcoleDeFoot.php
01/01/2016 19:31:31 Entrée dans ActionJoueurs.php
01/01/2016 19:31:41 Entrée dans ActionAccueil.php
01/01/2016 22:34:21 Entrée dans ActionAgenda.php
02/01/2016 06:52:31 Entrée dans ActionAccueil.php
02/01/2016 09:58:35 Entrée dans ActionAccueil.php
02/01/2016 09:59:17 Entrée dans AfficherPopupArticle.php
02/01/2016 09:59:47 Entrée dans ActionEvenement.php
02/01/2016 10:00:53 Entrée dans ActionAgenda.php
02/01/2016 10:00:55 Entrée dans ActionAgenda.php
02/01/2016 10:01:06 Entrée dans ActionEcoleDeFoot.php
02/01/2016 10:01:11 Entrée dans ActionEcoleDeFoot.php
02/01/2016 10:01:27 Entrée dans ActionEcoleDeFoot.php
02/01/2016 10:01:33 Entrée dans ActionJoueurs.php
02/01/2016 10:01:40 Entrée dans ActionClub.php
02/01/2016 10:02:10 Entrée dans ActionAgenda.php
02/01/2016 13:06:43 Entrée dans ActionAgenda.php
02/01/2016 15:35:02 Entrée dans ActionSponsor.php
02/01/2016 16:16:19 Entrée dans ActionAccueil.php
02/01/2016 16:16:21 Entrée dans ActionAccueil.php
02/01/2016 16:16:25 Entrée dans ActionJoueurs.php
02/01/2016 16:17:38 Entrée dans ActionAgenda.php
02/01/2016 16:17:40 Entrée dans ActionAgenda.php
02/01/2016 16:17:40 Entrée dans ActionAgenda.php
02/01/2016 16:17:41 Entrée dans ActionAgenda.php
02/01/2016 16:17:45 Entrée dans ActionEvenement.php
02/01/2016 16:17:45 Entrée dans ActionEvenement.php
02/01/2016 16:17:46 Entrée dans ActionEvenement.php
02/01/2016 16:22:01 Entrée dans ActionJoueurs.php
02/01/2016 16:22:01 Entrée dans ActionJoueurs.php
02/01/2016 16:28:35 Entrée dans ActionAgenda.php
02/01/2016 16:28:36 Entrée dans ActionAgenda.php
02/01/2016 16:28:39 Entrée dans ActionAccueil.php
02/01/2016 16:28:48 Entrée dans ActionClub.php
02/01/2016 16:30:01 Entrée dans ActionEcoleDeFoot.php
02/01/2016 16:30:05 Entrée dans ActionClub.php
02/01/2016 16:30:11 Entrée dans ActionEvenement.php
02/01/2016 17:55:13 Entrée dans ActionJoueurs.php
02/01/2016 17:55:18 Entrée dans ActionSponsor.php
03/01/2016 13:14:43 Entrée dans ActionAccueil.php
03/01/2016 13:15:03 Entrée dans ActionJoueurs.php
03/01/2016 13:30:02 Entrée dans ActionAgenda.php
03/01/2016 13:31:12 Entrée dans ActionAccueil.php
03/01/2016 13:32:45 Entrée dans ActionEcoleDeFoot.php
03/01/2016 13:39:24 Entrée dans ActionSponsor.php
03/01/2016 14:25:13 Entrée dans ActionAccueil.php
03/01/2016 14:29:44 Entrée dans ActionAccueil.php
03/01/2016 14:29:49 Entrée dans ActionJoueurs.php
03/01/2016 14:36:54 Entrée dans ActionEcoleDeFoot.php
03/01/2016 14:36:55 Entrée dans ActionAgenda.php
03/01/2016 14:37:08 Entrée dans ActionAgenda.php
03/01/2016 14:37:51 Entrée dans ActionAccueil.php
03/01/2016 14:39:19 Entrée dans AfficherPopupArticle.php
03/01/2016 20:42:06 Entrée dans ActionAccueil.php
04/01/2016 03:19:26 Entrée dans ActionAccueil.php
04/01/2016 03:50:12 Entrée dans ActionAccueil.php
04/01/2016 08:27:33 Entrée dans ActionAccueil.php
04/01/2016 08:27:45 Entrée dans AfficherPopupArticle.php
04/01/2016 08:28:32 Entrée dans AfficherPopupArticle.php
04/01/2016 08:29:11 Entrée dans AfficherPopupArticle.php
04/01/2016 11:37:47 Entrée dans ActionJoueurs.php
04/01/2016 11:37:50 Entrée dans ActionSponsor.php
04/01/2016 15:14:34 Entrée dans ActionAccueil.php
04/01/2016 15:15:04 Entrée dans ActionLogin.php
04/01/2016 15:15:04 Authentification de tsutter.
04/01/2016 15:15:05 Entrée dans ActionProfil.php
04/01/2016 15:15:07 Entrée dans ActionUtilisateur.php
04/01/2016 15:42:25 Entrée dans ActionAccueil.php
04/01/2016 15:42:30 Entrée dans ActionClub.php
04/01/2016 15:42:32 Entrée dans ActionJoueurs.php
04/01/2016 15:42:35 Entrée dans ActionEcoleDeFoot.php
04/01/2016 15:42:37 Entrée dans ActionAgenda.php
04/01/2016 15:42:39 Entrée dans ActionEvenement.php
04/01/2016 15:42:41 Entrée dans ActionSponsor.php
04/01/2016 16:03:01 Entrée dans ActionAccueil.php
04/01/2016 16:03:29 Entrée dans ActionEcoleDeFoot.php
04/01/2016 16:03:36 Entrée dans ActionEcoleDeFoot.php
04/01/2016 16:04:30 Entrée dans ActionJoueurs.php
04/01/2016 16:18:26 Entrée dans ActionAccueil.php
04/01/2016 18:55:24 Entrée dans ActionAccueil.php
04/01/2016 19:28:39 Entrée dans ActionEcoleDeFoot.php
04/01/2016 19:28:43 Entrée dans ActionEcoleDeFoot.php
04/01/2016 19:29:02 Entrée dans ActionEcoleDeFoot.php
04/01/2016 19:36:01 Entrée dans ActionAccueil.php
04/01/2016 19:37:14 Entrée dans ActionAccueil.php
04/01/2016 19:37:14 Entrée dans ActionAccueil.php
04/01/2016 19:37:33 Entrée dans ActionAccueil.php
04/01/2016 19:37:44 Entrée dans ActionClub.php
04/01/2016 19:38:01 Entrée dans ActionEcoleDeFoot.php
04/01/2016 19:38:20 Entrée dans ActionEcoleDeFoot.php
04/01/2016 19:38:45 Entrée dans ActionEcoleDeFoot.php
04/01/2016 20:10:43 Entrée dans ActionAccueil.php
04/01/2016 20:10:54 Entrée dans ActionJoueurs.php
04/01/2016 20:11:02 Entrée dans ActionLogin.php
04/01/2016 20:11:02 Authentification de tsutter.
04/01/2016 20:11:02 Entrée dans ActionProfil.php
04/01/2016 20:11:13 Entrée dans ActionRencontre.php
04/01/2016 20:11:37 Entrée dans RechercherEquipe.php
04/01/2016 20:11:39 Entrée dans RechercherCompetitionEquipe.php
04/01/2016 20:12:17 Entrée dans ActionCompetition.php
04/01/2016 20:12:35 Entrée dans ActionCompetition.php
04/01/2016 20:12:50 Entrée dans RechercherEquipe.php
04/01/2016 20:12:50 Entrée dans RechercherTypeCompetition.php
04/01/2016 20:13:00 Entrée dans ActionCompetition.php
04/01/2016 20:13:14 Entrée dans ActionCompetition.php
04/01/2016 20:13:28 Entrée dans RechercherEquipe.php
04/01/2016 20:13:28 Entrée dans RechercherTypeCompetition.php
04/01/2016 20:13:36 Entrée dans ActionCompetition.php
04/01/2016 20:13:42 Entrée dans ActionRencontre.php
04/01/2016 20:14:04 Entrée dans RechercherEquipe.php
04/01/2016 20:14:06 Entrée dans RechercherCompetitionEquipe.php
04/01/2016 20:14:16 Entrée dans ActionRencontre.php
04/01/2016 20:14:30 Entrée dans ActionRencontre.php
04/01/2016 20:14:58 Entrée dans ActionCompetition.php
04/01/2016 20:15:08 Entrée dans ActionCompetition.php
04/01/2016 20:15:16 Entrée dans ActionCompetition.php
04/01/2016 20:15:34 Entrée dans ActionCompetition.php
04/01/2016 20:15:43 Entrée dans ActionCompetition.php
04/01/2016 20:15:52 Entrée dans ActionCompetition.php
04/01/2016 20:16:21 Entrée dans ActionRencontre.php
04/01/2016 20:16:33 Entrée dans RechercherEquipe.php
04/01/2016 20:16:36 Entrée dans RechercherCompetitionEquipe.php
04/01/2016 20:16:54 Entrée dans ActionRencontre.php
04/01/2016 20:17:03 Entrée dans ActionRencontre.php
04/01/2016 20:18:00 Entrée dans ActionRencontre.php
04/01/2016 20:18:09 Entrée dans ActionRencontre.php
04/01/2016 20:18:51 Entrée dans ActionRencontre.php
04/01/2016 20:19:06 Entrée dans RechercherEquipe.php
04/01/2016 20:19:09 Entrée dans RechercherCompetitionEquipe.php
04/01/2016 20:19:27 Entrée dans ActionRencontre.php
04/01/2016 21:05:47 Entrée dans ActionAccueil.php
04/01/2016 21:05:58 Entrée dans AfficherPopupArticle.php
04/01/2016 21:06:09 Entrée dans AfficherPopupArticle.php
04/01/2016 21:06:34 Entrée dans AfficherPopupArticle.php
04/01/2016 21:06:57 Entrée dans AfficherPopupArticle.php
04/01/2016 21:07:19 Entrée dans AfficherPopupArticle.php
04/01/2016 22:44:05 Entrée dans ActionClub.php
04/01/2016 22:45:47 Entrée dans ActionJoueurs.php
04/01/2016 22:45:56 Entrée dans ActionJoueurs.php
05/01/2016 07:45:04 Entrée dans ActionAccueil.php
05/01/2016 07:45:13 Entrée dans ActionClub.php
05/01/2016 07:45:18 Entrée dans ActionJoueurs.php
05/01/2016 07:45:21 Entrée dans ActionEcoleDeFoot.php
05/01/2016 07:45:24 Entrée dans ActionAgenda.php
05/01/2016 07:45:27 Entrée dans ActionEvenement.php
05/01/2016 07:45:29 Entrée dans ActionSponsor.php
05/01/2016 10:04:41 Entrée dans ActionAccueil.php
05/01/2016 10:05:26 Entrée dans ActionAccueil.php
05/01/2016 10:05:55 Entrée dans ActionEcoleDeFoot.php
05/01/2016 10:06:13 Entrée dans ActionEvenement.php
05/01/2016 10:06:25 Entrée dans ActionAccueil.php
05/01/2016 10:06:45 Entrée dans ActionClub.php
05/01/2016 10:52:11 Entrée dans ActionAccueil.php
05/01/2016 10:52:53 Entrée dans ActionLogin.php
05/01/2016 10:52:53 Authentification de tsutter.
05/01/2016 10:52:53 Entrée dans ActionProfil.php
05/01/2016 10:52:55 Entrée dans ActionUtilisateur.php
05/01/2016 10:54:14 Entrée dans ActionAccueil.php
05/01/2016 11:06:56 Entrée dans RechercherEquipe.php
05/01/2016 11:07:24 Entrée dans RechercherEquipe.php
05/01/2016 15:45:31 Entrée dans ActionAccueil.php
05/01/2016 15:45:41 Entrée dans ActionLogin.php
05/01/2016 15:45:41 Authentification de tsutter.
05/01/2016 15:45:42 Entrée dans ActionProfil.php
05/01/2016 15:45:44 Entrée dans ActionUtilisateur.php
05/01/2016 15:46:00 Entrée dans RechercherEquipe.php
05/01/2016 20:48:30 Entrée dans ActionAccueil.php
05/01/2016 20:48:41 Entrée dans AfficherPopupArticle.php
05/01/2016 20:48:57 Entrée dans ActionAgenda.php
05/01/2016 20:48:58 Entrée dans ActionAgenda.php
05/01/2016 20:49:15 Entrée dans ActionAgenda.php
05/01/2016 20:49:38 Entrée dans ActionEvenement.php
05/01/2016 20:50:32 Entrée dans ActionEvenement.php
05/01/2016 20:50:45 Entrée dans ActionSponsor.php
05/01/2016 20:50:46 Entrée dans ActionAgenda.php
05/01/2016 20:50:47 Entrée dans ActionAgenda.php
05/01/2016 20:50:47 Entrée dans ActionEcoleDeFoot.php
05/01/2016 20:50:52 Entrée dans ActionJoueurs.php
05/01/2016 22:46:08 Entrée dans ActionAccueil.php
06/01/2016 02:30:55 Entrée dans ActionAccueil.php
06/01/2016 02:30:56 Entrée dans ActionClub.php
06/01/2016 02:30:56 Entrée dans ActionJoueurs.php
06/01/2016 02:30:57 Entrée dans ActionEcoleDeFoot.php
06/01/2016 02:30:57 Entrée dans ActionAgenda.php
06/01/2016 02:30:57 Entrée dans ActionEvenement.php
06/01/2016 02:30:57 Entrée dans ActionSponsor.php
06/01/2016 02:30:57 Entrée dans RechercherArticle.php
06/01/2016 09:33:04 Entrée dans ActionAccueil.php
06/01/2016 09:33:05 Entrée dans ActionAccueil.php
06/01/2016 09:33:15 Entrée dans ActionAccueil.php
06/01/2016 13:59:15 Entrée dans ActionAccueil.php
06/01/2016 13:59:26 Entrée dans ActionLogin.php
06/01/2016 13:59:26 Authentification de tsutter.
06/01/2016 13:59:26 Entrée dans ActionProfil.php
06/01/2016 13:59:29 Entrée dans ActionArticle.php
06/01/2016 14:08:37 Entrée dans ActionArticle.php
06/01/2016 14:08:40 Entrée dans RechercherArticle.php
06/01/2016 14:09:15 Entrée dans ActionArticle.php
06/01/2016 14:09:17 Entrée dans ActionAccueil.php
06/01/2016 14:09:26 Entrée dans AfficherPopupArticle.php
06/01/2016 14:19:02 Entrée dans ActionAgenda.php
06/01/2016 14:19:03 Entrée dans ActionAgenda.php
06/01/2016 14:19:07 Entrée dans ActionAgenda.php
06/01/2016 16:36:04 Entrée dans ActionAgenda.php
06/01/2016 20:23:33 Entrée dans ActionAccueil.php
06/01/2016 20:23:41 Entrée dans ActionLogin.php
06/01/2016 20:23:41 Authentification de tsutter.
06/01/2016 20:23:42 Entrée dans ActionProfil.php
06/01/2016 20:23:44 Entrée dans ActionArticle.php
06/01/2016 20:23:53 Entrée dans ActionArticle.php
06/01/2016 20:23:59 Entrée dans ActionAccueil.php
06/01/2016 20:24:04 Entrée dans ActionProfil.php
06/01/2016 20:24:06 Entrée dans ActionArticle.php
06/01/2016 20:24:14 Entrée dans ActionArticle.php
06/01/2016 20:24:17 Entrée dans ActionAccueil.php
06/01/2016 20:24:20 Entrée dans ActionProfil.php
06/01/2016 20:24:22 Entrée dans ActionArticle.php
06/01/2016 20:25:10 Entrée dans ActionArticle.php
06/01/2016 20:25:14 Entrée dans ActionAccueil.php
06/01/2016 20:25:19 Entrée dans ActionProfil.php
06/01/2016 20:25:21 Entrée dans ActionArticle.php
06/01/2016 20:25:25 Entrée dans ActionArticle.php
06/01/2016 20:25:39 Entrée dans ActionArticle.php
06/01/2016 20:25:58 Entrée dans ActionArticle.php
06/01/2016 20:26:01 Entrée dans ActionAccueil.php
06/01/2016 20:26:07 Entrée dans ActionProfil.php
06/01/2016 20:26:10 Entrée dans ActionArticle.php
06/01/2016 20:26:13 Entrée dans ActionArticle.php
06/01/2016 20:26:15 Entrée dans ActionArticle.php
06/01/2016 20:26:16 Entrée dans ActionAccueil.php
06/01/2016 20:26:23 Entrée dans ActionProfil.php
06/01/2016 20:26:25 Entrée dans ActionUtilisateur.php
06/01/2016 20:27:53 Entrée dans ActionPartenaire.php
06/01/2016 20:28:01 Entrée dans RechercherPartenaire.php
06/01/2016 20:28:12 Entrée dans ActionCompetition.php
06/01/2016 20:28:17 Entrée dans ActionCompetition.php
06/01/2016 20:28:23 Entrée dans ActionCompetition.php
06/01/2016 20:28:30 Entrée dans ActionCompetition.php
06/01/2016 20:28:46 Entrée dans RechercherEquipe.php
06/01/2016 20:28:46 Entrée dans RechercherTypeCompetition.php
06/01/2016 20:28:46 Entrée dans RechercherTypeCompetition.php
06/01/2016 20:28:46 Entrée dans RechercherEquipe.php
06/01/2016 20:28:46 Entrée dans RechercherTypeCompetition.php
06/01/2016 20:28:46 Entrée dans RechercherEquipe.php
06/01/2016 20:28:48 Entrée dans RechercherEquipe.php
06/01/2016 20:28:50 Entrée dans RechercherEquipe.php
06/01/2016 20:28:55 Entrée dans ActionCompetition.php
06/01/2016 20:28:58 Entrée dans ActionCompetition.php
06/01/2016 20:29:06 Entrée dans RechercherEquipe.php
06/01/2016 20:29:06 Entrée dans RechercherTypeCompetition.php
06/01/2016 20:29:09 Entrée dans RechercherEquipe.php
06/01/2016 20:29:11 Entrée dans ActionCompetition.php
06/01/2016 20:29:16 Entrée dans ActionCompetition.php
06/01/2016 20:29:19 Entrée dans ActionCompetition.php
06/01/2016 20:29:22 Entrée dans ActionCompetition.php
06/01/2016 20:29:29 Entrée dans ActionAccueil.php
06/01/2016 22:13:39 Entrée dans ActionAccueil.php
06/01/2016 22:14:01 Entrée dans ActionClub.php
06/01/2016 22:14:10 Entrée dans ActionEcoleDeFoot.php
06/01/2016 22:14:37 Entrée dans ActionEcoleDeFoot.php
06/01/2016 22:38:27 Entrée dans ActionAccueil.php
06/01/2016 22:38:29 Entrée dans AfficherPopupArticle.php
06/01/2016 22:38:37 Entrée dans AfficherPopupArticle.php
06/01/2016 22:38:59 Entrée dans AfficherPopupArticle.php
07/01/2016 00:08:12 Entrée dans ActionEvenement.php
07/01/2016 05:48:09 Entrée dans ActionSponsor.php
07/01/2016 07:53:59 Entrée dans ActionJoueurs.php
07/01/2016 07:54:05 Entrée dans ActionSponsor.php
07/01/2016 09:30:44 Entrée dans ActionAccueil.php
07/01/2016 09:31:10 Entrée dans ActionJoueurs.php
07/01/2016 09:31:42 Entrée dans ActionAccueil.php
07/01/2016 09:32:03 Entrée dans ActionClub.php
07/01/2016 11:20:20 Entrée dans ActionAccueil.php
07/01/2016 11:20:37 Entrée dans ActionClub.php
07/01/2016 14:56:17 Entrée dans ActionAccueil.php
07/01/2016 14:56:57 Entrée dans ActionJoueurs.php
07/01/2016 17:03:51 Entrée dans ActionClub.php
07/01/2016 17:46:57 Entrée dans ActionAccueil.php
07/01/2016 17:48:05 Entrée dans ActionEcoleDeFoot.php
07/01/2016 17:48:12 Entrée dans ActionClub.php
07/01/2016 20:00:12 Entrée dans ActionEcoleDeFoot.php
07/01/2016 21:09:56 Entrée dans ActionAccueil.php
07/01/2016 21:10:33 Entrée dans AfficherPopupArticle.php
07/01/2016 21:10:45 Entrée dans AfficherPopupArticle.php
07/01/2016 21:12:20 Entrée dans ActionLogin.php
07/01/2016 21:12:20 Authentification de fgastrini.
07/01/2016 21:12:20 Entrée dans ActionProfil.php
07/01/2016 21:12:31 Entrée dans ActionMembre.php
07/01/2016 21:12:43 Entrée dans ActionMembre.php
07/01/2016 21:13:14 Entrée dans ActionArticle.php
07/01/2016 21:13:48 Entrée dans ActionAccueil.php
07/01/2016 21:13:55 Entrée dans ActionEcoleDeFoot.php
07/01/2016 21:14:03 Entrée dans ActionEcoleDeFoot.php
07/01/2016 21:14:07 Entrée dans ActionEcoleDeFoot.php
07/01/2016 21:14:27 Entrée dans ActionProfil.php
07/01/2016 21:14:31 Entrée dans ActionArticle.php
07/01/2016 21:15:56 Entrée dans ActionProfil.php
07/01/2016 21:16:03 Entrée dans ActionAccueil.php
07/01/2016 21:16:04 Entrée dans ActionAccueil.php
08/01/2016 10:09:53 Entrée dans ActionAccueil.php
08/01/2016 10:10:58 Entrée dans ActionAccueil.php
08/01/2016 10:12:49 Entrée dans ActionLogin.php
08/01/2016 10:12:49 Authentification de fgastrini.
08/01/2016 10:12:49 Entrée dans ActionProfil.php
08/01/2016 10:13:00 Entrée dans ActionArticle.php
08/01/2016 10:15:02 Entrée dans ActionAccueil.php
08/01/2016 10:15:03 Entrée dans ActionAccueil.php
08/01/2016 12:04:11 Entrée dans ActionAccueil.php
08/01/2016 12:04:22 Entrée dans ActionLogin.php
08/01/2016 12:04:22 Authentification de tsutter.
08/01/2016 12:04:23 Entrée dans ActionProfil.php
08/01/2016 12:04:24 Entrée dans ActionArticle.php
08/01/2016 12:06:54 Entrée dans ActionAccueil.php
08/01/2016 12:46:24 Entrée dans ActionAccueil.php
08/01/2016 12:46:24 Entrée dans ActionAccueil.php
08/01/2016 12:46:53 Entrée dans ActionAccueil.php
08/01/2016 12:47:00 Entrée dans ActionAccueil.php
08/01/2016 12:47:03 Entrée dans ActionEcoleDeFoot.php
08/01/2016 12:47:08 Entrée dans ActionEvenement.php
08/01/2016 12:47:11 Entrée dans ActionAgenda.php
08/01/2016 12:47:11 Entrée dans ActionAgenda.php
08/01/2016 12:47:17 Entrée dans ActionAccueil.php
08/01/2016 14:29:59 Entrée dans ActionAccueil.php
08/01/2016 14:30:09 Entrée dans ActionLogin.php
08/01/2016 14:30:09 Authentification de tsutter.
08/01/2016 14:30:09 Entrée dans ActionProfil.php
08/01/2016 14:30:11 Entrée dans ActionUtilisateur.php
08/01/2016 14:57:06 Entrée dans ActionAccueil.php
08/01/2016 14:58:32 Entrée dans ActionAccueil.php
08/01/2016 14:58:38 Entrée dans ActionEcoleDeFoot.php
08/01/2016 14:58:50 Entrée dans ActionEcoleDeFoot.php
08/01/2016 14:59:19 Entrée dans ActionAccueil.php
08/01/2016 14:59:22 Entrée dans ActionClub.php
08/01/2016 15:30:10 Entrée dans ActionAccueil.php
08/01/2016 16:24:42 Entrée dans ActionAccueil.php
08/01/2016 16:24:58 Entrée dans ActionLogin.php
08/01/2016 16:25:08 Entrée dans ActionLogin.php
08/01/2016 16:25:08 Authentification de fgastrini.
08/01/2016 16:25:08 Entrée dans ActionProfil.php
08/01/2016 16:25:11 Entrée dans ActionArticle.php
08/01/2016 16:45:38 Entrée dans ActionArticle.php
08/01/2016 16:45:55 Entrée dans ActionArticle.php
08/01/2016 16:52:36 Entrée dans ActionArticle.php
08/01/2016 16:58:38 Entrée dans ActionArticle.php
08/01/2016 16:58:43 Entrée dans ActionAccueil.php
08/01/2016 16:59:05 Entrée dans AfficherPopupArticle.php
08/01/2016 16:59:39 Entrée dans ActionProfil.php
08/01/2016 16:59:41 Entrée dans ActionArticle.php
08/01/2016 16:59:46 Entrée dans ActionArticle.php
08/01/2016 16:59:57 Entrée dans ActionAccueil.php
08/01/2016 17:00:11 Entrée dans ActionProfil.php
08/01/2016 17:00:13 Entrée dans ActionArticle.php
08/01/2016 17:10:15 Entrée dans ActionArticle.php
08/01/2016 17:10:23 Entrée dans ActionAccueil.php
08/01/2016 17:10:41 Entrée dans AfficherPopupArticle.php
08/01/2016 17:11:09 Entrée dans AfficherPopupArticle.php
08/01/2016 17:11:14 Entrée dans AfficherPopupArticle.php
08/01/2016 17:11:41 Entrée dans ActionProfil.php
08/01/2016 17:11:45 Entrée dans ActionArticle.php
08/01/2016 17:11:51 Entrée dans RechercherArticle.php
08/01/2016 17:11:56 Entrée dans ActionArticle.php
08/01/2016 17:12:01 Entrée dans RechercherArticle.php
08/01/2016 17:12:17 Entrée dans ActionArticle.php
08/01/2016 17:12:21 Entrée dans ActionArticle.php
08/01/2016 17:15:34 Entrée dans ActionArticle.php
08/01/2016 17:15:40 Entrée dans ActionAccueil.php
08/01/2016 17:15:52 Entrée dans AfficherPopupArticle.php
08/01/2016 17:15:58 Entrée dans AfficherPopupArticle.php
08/01/2016 17:16:14 Entrée dans ActionProfil.php
08/01/2016 17:16:17 Entrée dans ActionArticle.php
08/01/2016 17:16:21 Entrée dans RechercherArticle.php
08/01/2016 17:17:14 Entrée dans ActionAccueil.php
08/01/2016 17:17:35 Entrée dans ActionLogin.php
08/01/2016 17:17:36 Authentification de fgastrini.
08/01/2016 17:17:36 Entrée dans ActionProfil.php
08/01/2016 17:17:40 Entrée dans ActionArticle.php
08/01/2016 17:17:47 Entrée dans RechercherArticle.php
08/01/2016 17:18:05 Entrée dans ActionArticle.php
08/01/2016 17:18:11 Entrée dans RechercherArticle.php
08/01/2016 17:20:00 Entrée dans ActionAccueil.php
08/01/2016 17:20:07 Entrée dans AfficherPopupArticle.php
08/01/2016 17:20:19 Entrée dans ActionProfil.php
08/01/2016 17:20:21 Entrée dans ActionArticle.php
08/01/2016 17:20:38 Entrée dans RechercherArticle.php
08/01/2016 17:20:42 Entrée dans ActionArticle.php
08/01/2016 17:20:45 Entrée dans RechercherArticle.php
08/01/2016 17:20:48 Entrée dans ActionArticle.php
08/01/2016 17:20:56 Entrée dans RechercherArticle.php
08/01/2016 17:21:34 Entrée dans ActionArticle.php
08/01/2016 17:23:50 Entrée dans RechercherArticle.php
08/01/2016 17:24:02 Entrée dans ActionArticle.php
08/01/2016 17:24:10 Entrée dans ActionArticle.php
08/01/2016 17:24:32 Entrée dans ActionArticle.php
08/01/2016 17:24:36 Entrée dans ActionArticle.php
08/01/2016 17:24:44 Entrée dans RechercherArticle.php
08/01/2016 17:26:02 Entrée dans ActionAccueil.php
08/01/2016 17:26:19 Entrée dans ActionLogin.php
08/01/2016 17:26:19 Authentification de fgastrini.
08/01/2016 17:26:19 Entrée dans ActionProfil.php
08/01/2016 17:26:26 Entrée dans ActionArticle.php
08/01/2016 17:28:15 Entrée dans RechercherArticle.php
08/01/2016 17:29:00 Entrée dans ActionArticle.php
08/01/2016 17:30:12 Entrée dans ActionArticle.php
08/01/2016 17:30:16 Entrée dans ActionAccueil.php
08/01/2016 17:30:35 Entrée dans ActionProfil.php
08/01/2016 17:30:38 Entrée dans ActionArticle.php
08/01/2016 17:30:46 Entrée dans ActionArticle.php
08/01/2016 17:32:00 Entrée dans ActionArticle.php
08/01/2016 17:32:03 Entrée dans ActionAccueil.php
08/01/2016 17:32:26 Entrée dans ActionProfil.php
08/01/2016 17:32:28 Entrée dans ActionArticle.php
08/01/2016 17:34:57 Entrée dans ActionArticle.php
08/01/2016 17:35:00 Entrée dans ActionAccueil.php
08/01/2016 17:35:14 Entrée dans ActionProfil.php
08/01/2016 17:35:17 Entrée dans ActionArticle.php
08/01/2016 17:35:24 Entrée dans ActionArticle.php
08/01/2016 17:35:26 Entrée dans ActionArticle.php
08/01/2016 17:35:30 Entrée dans ActionArticle.php
08/01/2016 17:35:34 Entrée dans ActionAccueil.php
08/01/2016 17:36:08 Entrée dans AfficherPopupArticle.php
08/01/2016 17:36:16 Entrée dans AfficherPopupArticle.php
08/01/2016 17:36:24 Entrée dans AfficherPopupArticle.php
08/01/2016 17:36:29 Entrée dans AfficherPopupArticle.php
08/01/2016 17:36:32 Entrée dans AfficherPopupArticle.php
08/01/2016 17:36:44 Entrée dans RechercherArticle.php
08/01/2016 17:37:07 Entrée dans ActionAccueil.php
08/01/2016 17:37:28 Entrée dans ActionLogin.php
08/01/2016 17:37:28 Authentification de fgastrini.
08/01/2016 17:37:28 Entrée dans ActionProfil.php
08/01/2016 17:43:58 Entrée dans ActionArticle.php
08/01/2016 17:47:45 Entrée dans ActionAccueil.php
08/01/2016 18:05:28 Entrée dans ActionArticle.php
08/01/2016 18:05:31 Entrée dans ActionAccueil.php
08/01/2016 18:06:48 Entrée dans AfficherPopupArticle.php
08/01/2016 18:06:57 Entrée dans AfficherPopupArticle.php
08/01/2016 18:07:04 Entrée dans RechercherArticle.php
08/01/2016 18:07:33 Entrée dans ActionAccueil.php
08/01/2016 18:07:52 Entrée dans ActionLogin.php
08/01/2016 18:07:52 Authentification de fgastrini.
08/01/2016 18:07:52 Entrée dans ActionProfil.php
08/01/2016 18:07:58 Entrée dans ActionAccueil.php
08/01/2016 18:08:07 Entrée dans RechercherArticle.php
08/01/2016 18:08:18 Entrée dans ActionAccueil.php
08/01/2016 18:08:29 Entrée dans AfficherPopupArticle.php
08/01/2016 18:08:50 Entrée dans AfficherPopupArticle.php
08/01/2016 20:45:47 Entrée dans ActionAccueil.php
08/01/2016 20:45:58 Entrée dans AfficherPopupArticle.php
08/01/2016 20:46:30 Entrée dans AfficherPopupArticle.php
08/01/2016 20:46:45 Entrée dans AfficherPopupArticle.php
08/01/2016 21:43:56 Entrée dans ActionAccueil.php
08/01/2016 21:44:14 Entrée dans AfficherPopupArticle.php
08/01/2016 21:45:11 Entrée dans ActionAccueil.php
08/01/2016 21:45:16 Entrée dans AfficherPopupArticle.php
08/01/2016 21:46:06 Entrée dans AfficherPopupArticle.php
08/01/2016 21:47:02 Entrée dans ActionEcoleDeFoot.php
08/01/2016 21:47:11 Entrée dans ActionEcoleDeFoot.php
08/01/2016 21:47:40 Entrée dans AfficherPopupArticle.php
08/01/2016 21:48:21 Entrée dans AfficherPopupArticle.php
08/01/2016 21:48:31 Entrée dans AfficherPopupArticle.php
08/01/2016 21:48:40 Entrée dans AfficherPopupArticle.php
08/01/2016 21:49:07 Entrée dans AfficherPopupArticle.php
08/01/2016 23:09:05 Entrée dans ActionAccueil.php
08/01/2016 23:09:27 Entrée dans AfficherPopupArticle.php
08/01/2016 23:09:49 Entrée dans ActionLogin.php
08/01/2016 23:09:49 Authentification de fgastrini.
08/01/2016 23:09:50 Entrée dans ActionProfil.php
08/01/2016 23:09:52 Entrée dans ActionArticle.php
08/01/2016 23:10:20 Entrée dans ActionArticle.php
08/01/2016 23:10:26 Entrée dans ActionAccueil.php
08/01/2016 23:10:37 Entrée dans AfficherPopupArticle.php
08/01/2016 23:10:57 Entrée dans AfficherPopupArticle.php
08/01/2016 23:11:15 Entrée dans ActionProfil.php
08/01/2016 23:11:18 Entrée dans ActionArticle.php
08/01/2016 23:12:03 Entrée dans RechercherArticle.php
08/01/2016 23:12:21 Entrée dans ActionArticle.php
08/01/2016 23:12:26 Entrée dans ActionAccueil.php
08/01/2016 23:12:46 Entrée dans AfficherPopupArticle.php
08/01/2016 23:12:58 Entrée dans AfficherPopupArticle.php
08/01/2016 23:13:10 Entrée dans ActionEvenement.php
08/01/2016 23:13:14 Entrée dans ActionProfil.php
08/01/2016 23:13:20 Entrée dans ActionAccueil.php
08/01/2016 23:13:21 Entrée dans ActionAccueil.php
09/01/2016 11:33:28 Entrée dans ActionAccueil.php
09/01/2016 11:33:39 Entrée dans ActionAccueil.php
09/01/2016 11:33:52 Entrée dans AfficherPopupArticle.php
09/01/2016 11:34:27 Entrée dans AfficherPopupArticle.php
09/01/2016 11:34:40 Entrée dans AfficherPopupArticle.php
09/01/2016 11:34:45 Entrée dans ActionClub.php
09/01/2016 11:35:03 Entrée dans ActionSponsor.php
09/01/2016 11:36:07 Entrée dans AfficherPopupArticle.php
09/01/2016 16:56:37 Entrée dans ActionAccueil.php
09/01/2016 16:56:58 Entrée dans AfficherPopupArticle.php
09/01/2016 16:57:47 Entrée dans AfficherPopupArticle.php
09/01/2016 16:58:10 Entrée dans AfficherPopupArticle.php
09/01/2016 16:58:25 Entrée dans AfficherPopupArticle.php
09/01/2016 16:58:53 Entrée dans ActionEcoleDeFoot.php
09/01/2016 16:58:59 Entrée dans ActionEcoleDeFoot.php
09/01/2016 17:01:18 Entrée dans ActionAgenda.php
09/01/2016 17:01:19 Entrée dans ActionAgenda.php
09/01/2016 17:01:22 Entrée dans ActionEvenement.php
09/01/2016 17:01:32 Entrée dans ActionJoueurs.php
09/01/2016 17:22:40 Entrée dans ActionAccueil.php
09/01/2016 18:03:23 Entrée dans ActionAccueil.php
09/01/2016 18:04:14 Entrée dans AfficherPopupArticle.php
09/01/2016 18:05:37 Entrée dans ActionAccueil.php
09/01/2016 18:06:21 Entrée dans AfficherPopupArticle.php
09/01/2016 18:07:26 Entrée dans AfficherPopupArticle.php
09/01/2016 18:08:21 Entrée dans ActionEcoleDeFoot.php
09/01/2016 18:08:38 Entrée dans ActionEvenement.php
09/01/2016 18:17:55 Entrée dans ActionAccueil.php
09/01/2016 18:18:05 Entrée dans AfficherPopupArticle.php
09/01/2016 18:18:30 Entrée dans ActionEcoleDeFoot.php
09/01/2016 18:18:32 Entrée dans ActionEcoleDeFoot.php
09/01/2016 18:19:28 Entrée dans ActionAccueil.php
09/01/2016 18:19:45 Entrée dans AfficherPopupArticle.php
09/01/2016 19:00:06 Entrée dans ActionAccueil.php
09/01/2016 19:00:20 Entrée dans AfficherPopupArticle.php
09/01/2016 19:02:43 Entrée dans AfficherPopupArticle.php
09/01/2016 19:03:23 Entrée dans AfficherPopupArticle.php
09/01/2016 19:04:50 Entrée dans AfficherPopupArticle.php
09/01/2016 19:05:05 Entrée dans AfficherPopupArticle.php
09/01/2016 19:06:19 Entrée dans AfficherPopupArticle.php
09/01/2016 19:06:53 Entrée dans ActionSponsor.php
09/01/2016 19:31:12 Entrée dans ActionAccueil.php
09/01/2016 19:31:28 Entrée dans AfficherPopupArticle.php
09/01/2016 19:32:29 Entrée dans AfficherPopupArticle.php
09/01/2016 19:33:02 Entrée dans AfficherPopupArticle.php
09/01/2016 19:33:19 Entrée dans AfficherPopupArticle.php
09/01/2016 19:33:42 Entrée dans AfficherPopupArticle.php
09/01/2016 19:33:56 Entrée dans AfficherPopupArticle.php
09/01/2016 19:34:28 Entrée dans AfficherPopupArticle.php
09/01/2016 19:34:37 Entrée dans AfficherPopupArticle.php
09/01/2016 19:34:42 Entrée dans AfficherPopupArticle.php
09/01/2016 19:34:46 Entrée dans AfficherPopupArticle.php
09/01/2016 19:35:05 Entrée dans AfficherPopupArticle.php
09/01/2016 19:35:13 Entrée dans AfficherPopupArticle.php
09/01/2016 19:35:20 Entrée dans AfficherPopupArticle.php
09/01/2016 19:35:22 Entrée dans AfficherPopupArticle.php
09/01/2016 20:17:33 Entrée dans AfficherPopupArticle.php
09/01/2016 20:45:27 Entrée dans ActionAccueil.php
09/01/2016 20:46:41 Entrée dans AfficherPopupArticle.php
09/01/2016 20:46:48 Entrée dans AfficherPopupArticle.php
09/01/2016 20:47:08 Entrée dans AfficherPopupArticle.php
09/01/2016 21:06:54 Entrée dans ActionAccueil.php
09/01/2016 21:07:21 Entrée dans AfficherPopupArticle.php
09/01/2016 21:07:36 Entrée dans AfficherPopupArticle.php
09/01/2016 21:07:50 Entrée dans AfficherPopupArticle.php
09/01/2016 21:15:29 Entrée dans ActionAccueil.php
09/01/2016 21:16:42 Entrée dans AfficherPopupArticle.php
09/01/2016 21:19:28 Entrée dans ActionAccueil.php
09/01/2016 21:19:37 Entrée dans ActionAccueil.php
09/01/2016 21:19:50 Entrée dans AfficherPopupArticle.php
09/01/2016 21:20:24 Entrée dans AfficherPopupArticle.php
09/01/2016 21:20:28 Entrée dans AfficherPopupArticle.php
09/01/2016 21:20:40 Entrée dans AfficherPopupArticle.php
09/01/2016 21:21:15 Entrée dans AfficherPopupArticle.php
09/01/2016 21:21:46 Entrée dans AfficherPopupArticle.php
09/01/2016 22:55:09 Entrée dans ActionAccueil.php
09/01/2016 22:55:11 Entrée dans ActionAccueil.php
09/01/2016 22:55:16 Entrée dans AfficherPopupArticle.php
09/01/2016 22:56:00 Entrée dans AfficherPopupArticle.php
09/01/2016 22:56:26 Entrée dans AfficherPopupArticle.php
09/01/2016 22:56:55 Entrée dans AfficherPopupArticle.php
09/01/2016 22:57:54 Entrée dans AfficherPopupArticle.php
09/01/2016 22:58:12 Entrée dans AfficherPopupArticle.php
09/01/2016 22:58:32 Entrée dans AfficherPopupArticle.php
09/01/2016 22:58:47 Entrée dans AfficherPopupArticle.php
09/01/2016 22:59:44 Entrée dans AfficherPopupArticle.php
10/01/2016 02:02:02 Entrée dans ActionEcoleDeFoot.php
10/01/2016 05:38:53 Entrée dans ActionAccueil.php
10/01/2016 15:24:10 Entrée dans ActionAccueil.php
10/01/2016 15:25:00 Entrée dans AfficherPopupArticle.php
10/01/2016 15:25:45 Entrée dans AfficherPopupArticle.php
10/01/2016 15:26:17 Entrée dans AfficherPopupArticle.php
10/01/2016 15:26:37 Entrée dans AfficherPopupArticle.php
10/01/2016 16:35:08 Entrée dans ActionAccueil.php
10/01/2016 18:27:12 Entrée dans ActionAccueil.php
10/01/2016 18:28:02 Entrée dans AfficherPopupArticle.php
10/01/2016 18:28:16 Entrée dans AfficherPopupArticle.php
10/01/2016 20:48:36 Entrée dans ActionAccueil.php
10/01/2016 20:49:26 Entrée dans AfficherPopupArticle.php
10/01/2016 20:53:29 Entrée dans ActionAccueil.php
10/01/2016 20:54:35 Entrée dans ActionLogin.php
10/01/2016 20:54:35 Authentification de rernesti.
10/01/2016 20:54:36 Entrée dans ActionProfil.php
10/01/2016 20:54:43 Entrée dans ActionArticle.php
10/01/2016 21:04:12 Entrée dans ActionArticle.php
10/01/2016 21:04:17 Entrée dans ActionAccueil.php
10/01/2016 21:14:55 Entrée dans ActionEcoleDeFoot.php
10/01/2016 21:15:06 Entrée dans ActionEcoleDeFoot.php
10/01/2016 23:34:06 Entrée dans ActionJoueurs.php
10/01/2016 23:34:10 Entrée dans ActionSponsor.php
11/01/2016 11:00:09 Entrée dans ActionAccueil.php
11/01/2016 13:49:33 Entrée dans ActionAccueil.php
11/01/2016 13:49:44 Entrée dans AfficherPopupArticle.php
11/01/2016 13:50:26 Entrée dans AfficherPopupArticle.php
11/01/2016 13:51:24 Entrée dans AfficherPopupArticle.php
11/01/2016 13:52:40 Entrée dans AfficherPopupArticle.php
11/01/2016 14:21:22 Entrée dans ActionAccueil.php
11/01/2016 14:22:44 Entrée dans ActionJoueurs.php
11/01/2016 15:30:47 Entrée dans ActionAccueil.php
11/01/2016 15:32:13 Entrée dans AfficherPopupArticle.php
11/01/2016 15:32:27 Entrée dans AfficherPopupArticle.php
11/01/2016 15:32:32 Entrée dans AfficherPopupArticle.php
11/01/2016 15:32:51 Entrée dans AfficherPopupArticle.php
11/01/2016 16:38:30 Entrée dans ActionAccueil.php
11/01/2016 17:05:19 Entrée dans ActionClub.php
11/01/2016 19:21:16 Entrée dans ActionAccueil.php
11/01/2016 19:22:01 Entrée dans AfficherPopupArticle.php
11/01/2016 19:22:29 Entrée dans AfficherPopupArticle.php
11/01/2016 19:22:49 Entrée dans ActionAgenda.php
11/01/2016 19:22:50 Entrée dans ActionAgenda.php
11/01/2016 19:28:41 Entrée dans ActionAccueil.php
11/01/2016 19:29:07 Entrée dans AfficherPopupArticle.php
12/01/2016 01:41:34 Entrée dans ActionAccueil.php
12/01/2016 01:41:35 Entrée dans ActionAgenda.php
12/01/2016 01:41:35 Entrée dans ActionClub.php
12/01/2016 01:41:36 Entrée dans ActionEcoleDeFoot.php
12/01/2016 01:41:36 Entrée dans ActionEvenement.php
12/01/2016 01:41:37 Entrée dans ActionJoueurs.php
12/01/2016 01:41:37 Entrée dans ActionSponsor.php
12/01/2016 01:41:37 Entrée dans AfficherPopupArticle.php
12/01/2016 01:41:38 Entrée dans AfficherPopupArticle.php
12/01/2016 01:41:38 Entrée dans AfficherPopupCompteRendu.php
12/01/2016 01:41:38 Entrée dans ActionAccueil.php
12/01/2016 01:41:39 Entrée dans RechercherArticle.php
12/01/2016 01:41:39 Entrée dans ActionAccueil.php
12/01/2016 01:41:40 Entrée dans ActionAccueil.php
12/01/2016 01:41:41 Entrée dans ActionProfil.php
12/01/2016 01:41:42 Entrée dans ActionAccueil.php
12/01/2016 01:41:42 Entrée dans ActionLogin.php
12/01/2016 01:41:42 Entrée dans ActionProfil.php
12/01/2016 01:41:43 Entrée dans ActionAccueil.php
12/01/2016 05:05:59 Entrée dans ActionEcoleDeFoot.php
12/01/2016 08:43:36 Entrée dans ActionAccueil.php
12/01/2016 08:43:52 Entrée dans AfficherPopupArticle.php
12/01/2016 08:44:47 Entrée dans AfficherPopupArticle.php
12/01/2016 08:44:57 Entrée dans ActionClub.php
12/01/2016 08:45:04 Entrée dans ActionEcoleDeFoot.php
12/01/2016 08:45:17 Entrée dans ActionAgenda.php
12/01/2016 08:45:19 Entrée dans ActionAgenda.php
12/01/2016 08:45:21 Entrée dans ActionEvenement.php
12/01/2016 08:45:51 Entrée dans ActionSponsor.php
12/01/2016 09:04:36 Entrée dans ActionAccueil.php
12/01/2016 09:04:36 Entrée dans ActionAccueil.php
12/01/2016 09:04:57 Entrée dans AfficherPopupArticle.php
12/01/2016 09:05:54 Entrée dans AfficherPopupArticle.php
12/01/2016 09:05:54 Entrée dans AfficherPopupArticle.php
12/01/2016 09:06:19 Entrée dans AfficherPopupArticle.php
12/01/2016 09:06:19 Entrée dans AfficherPopupArticle.php
12/01/2016 11:41:29 Entrée dans ActionAccueil.php
12/01/2016 11:41:49 Entrée dans AfficherPopupArticle.php
12/01/2016 11:42:07 Entrée dans AfficherPopupArticle.php
12/01/2016 11:42:15 Entrée dans AfficherPopupArticle.php
12/01/2016 11:42:18 Entrée dans AfficherPopupArticle.php
12/01/2016 11:42:20 Entrée dans AfficherPopupArticle.php
12/01/2016 11:42:24 Entrée dans AfficherPopupArticle.php
12/01/2016 11:42:45 Entrée dans AfficherPopupArticle.php
12/01/2016 12:59:53 Entrée dans ActionAccueil.php
12/01/2016 13:00:12 Entrée dans ActionJoueurs.php
12/01/2016 13:57:16 Entrée dans ActionSponsor.php
12/01/2016 14:57:27 Entrée dans ActionAccueil.php
12/01/2016 14:57:40 Entrée dans ActionClub.php
12/01/2016 14:57:50 Entrée dans ActionAgenda.php
12/01/2016 14:58:00 Entrée dans ActionJoueurs.php
12/01/2016 14:58:05 Entrée dans ActionSponsor.php
12/01/2016 14:58:26 Entrée dans ActionEvenement.php
12/01/2016 14:58:36 Entrée dans ActionEcoleDeFoot.php
12/01/2016 21:20:22 Entrée dans ActionAccueil.php
12/01/2016 21:20:53 Entrée dans AfficherPopupArticle.php
12/01/2016 21:21:14 Entrée dans AfficherPopupArticle.php
12/01/2016 21:21:21 Entrée dans AfficherPopupArticle.php
12/01/2016 21:21:24 Entrée dans AfficherPopupArticle.php
12/01/2016 21:21:40 Entrée dans ActionEcoleDeFoot.php
12/01/2016 21:21:44 Entrée dans ActionAgenda.php
12/01/2016 21:21:44 Entrée dans ActionAgenda.php
12/01/2016 21:21:46 Entrée dans ActionEvenement.php
12/01/2016 21:21:48 Entrée dans ActionSponsor.php
12/01/2016 22:51:58 Entrée dans ActionAccueil.php
13/01/2016 04:18:18 Entrée dans ActionJoueurs.php
13/01/2016 04:18:23 Entrée dans ActionSponsor.php
13/01/2016 12:12:37 Entrée dans ActionAccueil.php
13/01/2016 12:12:40 Entrée dans ActionAccueil.php
13/01/2016 13:13:08 Entrée dans ActionAccueil.php
13/01/2016 13:13:23 Entrée dans ActionJoueurs.php
13/01/2016 13:14:06 Entrée dans ActionClub.php
13/01/2016 13:15:20 Entrée dans ActionAgenda.php
13/01/2016 13:15:22 Entrée dans ActionAgenda.php
13/01/2016 13:15:27 Entrée dans ActionAgenda.php
13/01/2016 13:15:42 Entrée dans ActionAgenda.php
13/01/2016 13:15:44 Entrée dans ActionAgenda.php
13/01/2016 13:15:46 Entrée dans ActionAgenda.php
13/01/2016 13:15:46 Entrée dans ActionAgenda.php
13/01/2016 13:15:53 Entrée dans ActionAgenda.php
13/01/2016 13:15:57 Entrée dans ActionAgenda.php
13/01/2016 13:16:02 Entrée dans ActionAgenda.php
13/01/2016 14:37:32 Entrée dans ActionEcoleDeFoot.php
13/01/2016 14:37:32 Entrée dans ActionEcoleDeFoot.php
13/01/2016 14:38:09 Entrée dans ActionEcoleDeFoot.php
13/01/2016 14:38:10 Entrée dans ActionEcoleDeFoot.php
13/01/2016 14:38:11 Entrée dans ActionEcoleDeFoot.php
13/01/2016 14:40:26 Entrée dans ActionClub.php
13/01/2016 14:40:30 Entrée dans ActionClub.php
13/01/2016 14:40:33 Entrée dans ActionAccueil.php
13/01/2016 14:40:34 Entrée dans ActionAccueil.php
13/01/2016 14:40:34 Entrée dans ActionAccueil.php
13/01/2016 14:40:35 Entrée dans ActionAccueil.php
13/01/2016 14:40:35 Entrée dans ActionAccueil.php
13/01/2016 14:40:36 Entrée dans ActionAccueil.php
13/01/2016 14:40:38 Entrée dans ActionAccueil.php
13/01/2016 15:28:04 Entrée dans AfficherPopupArticle.php
13/01/2016 19:31:39 Entrée dans ActionAccueil.php
13/01/2016 19:32:01 Entrée dans ActionClub.php
13/01/2016 19:32:13 Entrée dans ActionJoueurs.php
14/01/2016 05:23:36 Entrée dans ActionAgenda.php
14/01/2016 07:22:31 Entrée dans ActionAccueil.php
14/01/2016 14:32:21 Entrée dans ActionAccueil.php
14/01/2016 15:09:23 Entrée dans ActionJoueurs.php
14/01/2016 15:09:27 Entrée dans ActionSponsor.php
14/01/2016 16:18:23 Entrée dans ActionEvenement.php
14/01/2016 16:37:42 Entrée dans ActionEvenement.php
14/01/2016 20:30:28 Entrée dans ActionAccueil.php
14/01/2016 20:44:22 Entrée dans ActionAccueil.php
14/01/2016 21:36:42 Entrée dans ActionAccueil.php
14/01/2016 21:37:02 Entrée dans AfficherPopupArticle.php
14/01/2016 21:37:51 Entrée dans AfficherPopupArticle.php
14/01/2016 21:38:16 Entrée dans ActionEcoleDeFoot.php
14/01/2016 21:38:24 Entrée dans ActionEcoleDeFoot.php
14/01/2016 21:38:56 Entrée dans ActionEcoleDeFoot.php
14/01/2016 21:38:58 Entrée dans ActionEcoleDeFoot.php
14/01/2016 21:39:07 Entrée dans ActionEcoleDeFoot.php
14/01/2016 21:39:28 Entrée dans ActionEvenement.php
14/01/2016 21:49:09 Entrée dans ActionAccueil.php
15/01/2016 01:48:43 Entrée dans ActionSponsor.php
15/01/2016 07:37:51 Entrée dans ActionAccueil.php
15/01/2016 08:57:30 Entrée dans ActionAccueil.php
15/01/2016 08:57:31 Entrée dans AfficherPopupArticle.php
15/01/2016 08:57:49 Entrée dans ActionEcoleDeFoot.php
15/01/2016 08:57:57 Entrée dans ActionClub.php
15/01/2016 08:59:35 Entrée dans ActionEvenement.php
15/01/2016 09:03:27 Entrée dans ActionAccueil.php
15/01/2016 09:03:34 Entrée dans ActionAccueil.php
15/01/2016 09:03:37 Entrée dans ActionClub.php
15/01/2016 09:04:32 Entrée dans ActionEcoleDeFoot.php
15/01/2016 14:31:17 Entrée dans ActionAccueil.php
15/01/2016 15:01:51 Entrée dans ActionAccueil.php
15/01/2016 15:03:24 Entrée dans AfficherPopupArticle.php
15/01/2016 15:50:12 Entrée dans ActionAccueil.php
15/01/2016 18:07:49 Entrée dans ActionAccueil.php
15/01/2016 18:08:20 Entrée dans AfficherPopupArticle.php
15/01/2016 18:09:14 Entrée dans ActionJoueurs.php
15/01/2016 19:32:49 Entrée dans ActionAccueil.php
15/01/2016 19:33:14 Entrée dans ActionJoueurs.php
16/01/2016 06:11:56 Entrée dans ActionJoueurs.php
16/01/2016 10:02:56 Entrée dans ActionAccueil.php
16/01/2016 15:14:19 Entrée dans ActionAccueil.php
16/01/2016 17:01:55 Entrée dans ActionAccueil.php
16/01/2016 17:01:55 Entrée dans ActionAccueil.php
16/01/2016 21:23:10 Entrée dans ActionAccueil.php
16/01/2016 21:23:31 Entrée dans AfficherPopupArticle.php
16/01/2016 21:25:37 Entrée dans ActionEcoleDeFoot.php
16/01/2016 21:25:41 Entrée dans ActionAccueil.php
16/01/2016 21:25:50 Entrée dans ActionEcoleDeFoot.php
16/01/2016 21:25:56 Entrée dans ActionEcoleDeFoot.php
16/01/2016 21:25:58 Entrée dans ActionEcoleDeFoot.php
16/01/2016 21:26:03 Entrée dans ActionEcoleDeFoot.php
16/01/2016 21:26:24 Entrée dans ActionEcoleDeFoot.php
16/01/2016 21:26:44 Entrée dans ActionEcoleDeFoot.php
16/01/2016 21:27:31 Entrée dans ActionEcoleDeFoot.php
16/01/2016 21:27:52 Entrée dans ActionAgenda.php
16/01/2016 21:27:54 Entrée dans ActionAgenda.php
16/01/2016 21:27:58 Entrée dans ActionAccueil.php
16/01/2016 23:31:48 Entrée dans ActionAccueil.php
17/01/2016 00:05:48 Entrée dans ActionAccueil.php
17/01/2016 07:13:12 Entrée dans ActionSponsor.php
17/01/2016 09:57:08 Entrée dans ActionAccueil.php
17/01/2016 09:58:23 Entrée dans AfficherPopupArticle.php
17/01/2016 09:58:48 Entrée dans AfficherPopupArticle.php
17/01/2016 09:59:08 Entrée dans ActionEcoleDeFoot.php
17/01/2016 09:59:20 Entrée dans ActionEcoleDeFoot.php
17/01/2016 10:01:05 Entrée dans ActionEvenement.php
17/01/2016 10:01:16 Entrée dans ActionAgenda.php
17/01/2016 10:01:17 Entrée dans ActionAgenda.php
17/01/2016 10:01:20 Entrée dans ActionJoueurs.php
17/01/2016 10:01:22 Entrée dans ActionClub.php
17/01/2016 11:17:01 Entrée dans ActionAccueil.php
17/01/2016 11:43:58 Entrée dans ActionAccueil.php
17/01/2016 11:55:25 Entrée dans ActionAccueil.php
17/01/2016 11:55:53 Entrée dans ActionJoueurs.php
17/01/2016 11:57:14 Entrée dans ActionClub.php
17/01/2016 12:02:37 Entrée dans ActionEcoleDeFoot.php
17/01/2016 12:03:31 Entrée dans ActionAgenda.php
17/01/2016 12:03:33 Entrée dans ActionAgenda.php
17/01/2016 12:04:57 Entrée dans ActionEvenement.php
17/01/2016 12:06:22 Entrée dans ActionSponsor.php
17/01/2016 12:38:51 Entrée dans ActionAccueil.php
17/01/2016 13:43:27 Entrée dans ActionAccueil.php
17/01/2016 16:22:45 Entrée dans ActionAccueil.php
17/01/2016 17:56:55 Entrée dans ActionAccueil.php
17/01/2016 17:57:19 Entrée dans ActionAccueil.php
17/01/2016 17:57:23 Entrée dans ActionClub.php
17/01/2016 19:52:08 Entrée dans ActionAccueil.php
17/01/2016 19:52:42 Entrée dans AfficherPopupArticle.php
17/01/2016 19:53:13 Entrée dans AfficherPopupArticle.php
17/01/2016 19:53:54 Entrée dans AfficherPopupArticle.php
17/01/2016 19:54:25 Entrée dans AfficherPopupArticle.php
17/01/2016 20:08:11 Entrée dans ActionAccueil.php
17/01/2016 20:24:03 Entrée dans ActionAccueil.php
17/01/2016 21:29:24 Entrée dans ActionAccueil.php
17/01/2016 21:29:37 Entrée dans ActionClub.php
17/01/2016 21:29:48 Entrée dans ActionAgenda.php
17/01/2016 21:29:58 Entrée dans ActionSponsor.php
17/01/2016 21:30:08 Entrée dans ActionJoueurs.php
17/01/2016 21:30:22 Entrée dans ActionEvenement.php
17/01/2016 21:30:33 Entrée dans ActionEcoleDeFoot.php
17/01/2016 22:08:56 Entrée dans ActionAccueil.php
17/01/2016 22:10:42 Entrée dans ActionLogin.php
17/01/2016 22:10:42 Authentification de rernesti.
17/01/2016 22:10:42 Entrée dans ActionProfil.php
17/01/2016 22:10:56 Entrée dans ActionArticle.php
17/01/2016 22:14:18 Entrée dans ActionAccueil.php
17/01/2016 22:14:18 Entrée dans ActionAccueil.php
18/01/2016 02:33:01 Entrée dans ActionEvenement.php
18/01/2016 05:17:17 Entrée dans ActionAccueil.php
18/01/2016 05:17:22 Entrée dans ActionClub.php
18/01/2016 05:17:24 Entrée dans ActionJoueurs.php
18/01/2016 05:17:26 Entrée dans ActionEcoleDeFoot.php
18/01/2016 05:17:28 Entrée dans ActionAgenda.php
18/01/2016 05:17:31 Entrée dans ActionEvenement.php
18/01/2016 05:17:33 Entrée dans ActionSponsor.php
18/01/2016 12:36:01 Entrée dans ActionAccueil.php
18/01/2016 12:37:03 Entrée dans AfficherPopupArticle.php
18/01/2016 16:12:47 Entrée dans ActionAccueil.php
18/01/2016 16:12:52 Entrée dans AfficherPopupArticle.php
18/01/2016 16:13:23 Entrée dans AfficherPopupArticle.php
18/01/2016 16:13:49 Entrée dans ActionClub.php
18/01/2016 16:14:29 Entrée dans AfficherPopupArticle.php
18/01/2016 16:14:29 Entrée dans ActionEvenement.php
18/01/2016 16:14:48 Entrée dans AfficherPopupArticle.php
18/01/2016 16:16:45 Entrée dans AfficherPopupArticle.php
18/01/2016 18:24:50 Entrée dans ActionAccueil.php
18/01/2016 20:49:08 Entrée dans ActionAccueil.php
18/01/2016 21:29:47 Entrée dans ActionEcoleDeFoot.php
18/01/2016 21:29:51 Entrée dans ActionEcoleDeFoot.php
18/01/2016 21:29:56 Entrée dans ActionAccueil.php
18/01/2016 21:30:18 Entrée dans AfficherPopupArticle.php
18/01/2016 21:31:08 Entrée dans AfficherPopupArticle.php
18/01/2016 21:32:59 Entrée dans AfficherPopupArticle.php
18/01/2016 21:55:10 Entrée dans ActionJoueurs.php
18/01/2016 22:45:29 Entrée dans ActionAccueil.php
18/01/2016 22:48:31 Entrée dans ActionAccueil.php
18/01/2016 22:50:12 Entrée dans AfficherPopupArticle.php
18/01/2016 22:52:05 Entrée dans ActionAccueil.php
18/01/2016 22:52:39 Entrée dans AfficherPopupArticle.php
19/01/2016 02:26:14 Entrée dans ActionJoueurs.php
19/01/2016 02:26:18 Entrée dans ActionSponsor.php
19/01/2016 06:55:05 Entrée dans ActionAccueil.php
19/01/2016 09:04:13 Entrée dans ActionAccueil.php
19/01/2016 12:12:38 Entrée dans ActionEcoleDeFoot.php
19/01/2016 12:15:22 Entrée dans ActionClub.php
19/01/2016 12:18:49 Entrée dans ActionAgenda.php
19/01/2016 12:19:19 Entrée dans ActionSponsor.php
19/01/2016 12:22:18 Entrée dans ActionJoueurs.php
19/01/2016 12:23:23 Entrée dans ActionEvenement.php
19/01/2016 12:51:32 Entrée dans ActionSponsor.php
19/01/2016 14:36:46 Entrée dans ActionAgenda.php
19/01/2016 16:01:14 Entrée dans ActionAccueil.php
19/01/2016 16:03:13 Entrée dans AfficherPopupArticle.php
19/01/2016 18:00:41 Entrée dans ActionAccueil.php
19/01/2016 18:26:17 Entrée dans ActionAccueil.php
19/01/2016 18:27:12 Entrée dans AfficherPopupArticle.php
19/01/2016 18:30:57 Entrée dans ActionAccueil.php
19/01/2016 18:31:04 Entrée dans AfficherPopupArticle.php
19/01/2016 19:42:48 Entrée dans ActionAccueil.php
19/01/2016 19:42:48 Entrée dans ActionAccueil.php
19/01/2016 19:43:29 Entrée dans ActionAccueil.php
19/01/2016 19:43:29 Entrée dans ActionAccueil.php
19/01/2016 21:55:46 Entrée dans ActionAccueil.php
19/01/2016 23:36:45 Entrée dans ActionAccueil.php
19/01/2016 23:38:32 Entrée dans ActionEcoleDeFoot.php
19/01/2016 23:38:52 Entrée dans ActionEvenement.php
19/01/2016 23:39:21 Entrée dans ActionClub.php
19/01/2016 23:39:29 Entrée dans ActionJoueurs.php
19/01/2016 23:39:46 Entrée dans ActionEcoleDeFoot.php
19/01/2016 23:39:50 Entrée dans ActionEcoleDeFoot.php
19/01/2016 23:39:54 Entrée dans ActionEcoleDeFoot.php
19/01/2016 23:39:59 Entrée dans ActionEcoleDeFoot.php
19/01/2016 23:40:03 Entrée dans ActionEcoleDeFoot.php
19/01/2016 23:40:24 Entrée dans ActionAccueil.php
19/01/2016 23:41:15 Entrée dans ActionEcoleDeFoot.php
19/01/2016 23:41:19 Entrée dans ActionAgenda.php
19/01/2016 23:41:20 Entrée dans ActionAgenda.php
19/01/2016 23:41:44 Entrée dans ActionAgenda.php
19/01/2016 23:41:46 Entrée dans ActionAgenda.php
19/01/2016 23:41:50 Entrée dans ActionEcoleDeFoot.php
19/01/2016 23:41:54 Entrée dans ActionEcoleDeFoot.php
19/01/2016 23:42:19 Entrée dans ActionEcoleDeFoot.php
19/01/2016 23:42:24 Entrée dans ActionEcoleDeFoot.php
20/01/2016 02:59:01 Entrée dans ActionAccueil.php
20/01/2016 02:59:04 Entrée dans ActionClub.php
20/01/2016 02:59:07 Entrée dans ActionJoueurs.php
20/01/2016 02:59:09 Entrée dans ActionEcoleDeFoot.php
20/01/2016 02:59:11 Entrée dans ActionAgenda.php
20/01/2016 02:59:13 Entrée dans ActionEvenement.php
20/01/2016 02:59:15 Entrée dans ActionSponsor.php
20/01/2016 08:18:04 Entrée dans ActionAccueil.php
20/01/2016 11:06:30 Entrée dans ActionAccueil.php
20/01/2016 12:26:27 Entrée dans ActionAccueil.php
20/01/2016 12:26:27 Entrée dans ActionAccueil.php
20/01/2016 12:26:34 Entrée dans AfficherPopupArticle.php
20/01/2016 12:26:35 Entrée dans AfficherPopupArticle.php
20/01/2016 12:27:30 Entrée dans ActionLogin.php
20/01/2016 12:43:43 Entrée dans ActionAccueil.php
20/01/2016 12:44:13 Entrée dans ActionLogin.php
20/01/2016 12:44:14 Authentification de aissadi.
20/01/2016 12:44:14 Entrée dans ActionProfil.php
20/01/2016 12:44:20 Entrée dans ActionArticle.php
20/01/2016 12:44:57 Entrée dans RechercherArticle.php
20/01/2016 12:45:23 Entrée dans GestionResultats.php
20/01/2016 12:45:39 Entrée dans ActionAccueil.php
20/01/2016 12:46:22 Entrée dans ActionJoueurs.php
20/01/2016 14:26:25 Entrée dans ActionAccueil.php
20/01/2016 14:26:35 Entrée dans ActionLogin.php
20/01/2016 14:26:36 Authentification de tsutter.
20/01/2016 14:26:36 Entrée dans ActionProfil.php
20/01/2016 14:26:38 Entrée dans ActionRencontre.php
20/01/2016 14:26:48 Entrée dans RechercherEquipe.php
20/01/2016 14:26:49 Entrée dans RechercherCompetitionEquipe.php
20/01/2016 14:26:51 Entrée dans RechercherCompetitionEquipe.php
20/01/2016 14:26:57 Entrée dans ActionRencontre.php
20/01/2016 14:27:41 Entrée dans RechercherEquipe.php
20/01/2016 14:27:44 Entrée dans RechercherCompetitionEquipe.php
20/01/2016 14:28:02 Entrée dans ActionRencontre.php
20/01/2016 14:28:14 Entrée dans RechercherEquipe.php
20/01/2016 14:28:16 Entrée dans RechercherCompetitionEquipe.php
20/01/2016 14:28:27 Entrée dans ActionRencontre.php
20/01/2016 14:28:39 Entrée dans RechercherEquipe.php
20/01/2016 14:28:41 Entrée dans RechercherCompetitionEquipe.php
20/01/2016 14:28:50 Entrée dans ActionRencontre.php
20/01/2016 14:29:08 Entrée dans RechercherEquipe.php
20/01/2016 14:29:10 Entrée dans RechercherCompetitionEquipe.php
20/01/2016 14:29:20 Entrée dans ActionRencontre.php
20/01/2016 14:31:35 Entrée dans RechercherEquipe.php
20/01/2016 14:31:38 Entrée dans RechercherCompetitionEquipe.php
20/01/2016 14:32:08 Entrée dans ActionRencontre.php
20/01/2016 14:32:26 Entrée dans ActionRencontre.php
20/01/2016 15:01:59 Entrée dans ActionAccueil.php
20/01/2016 18:24:40 Entrée dans ActionAccueil.php
20/01/2016 18:24:53 Entrée dans ActionAccueil.php
20/01/2016 19:53:08 Entrée dans ActionAccueil.php
20/01/2016 19:54:47 Entrée dans AfficherPopupArticle.php
20/01/2016 19:55:05 Entrée dans AfficherPopupArticle.php
20/01/2016 19:57:04 Entrée dans AfficherPopupArticle.php
21/01/2016 12:22:05 Entrée dans ActionAccueil.php
21/01/2016 14:10:54 Entrée dans ActionAccueil.php
21/01/2016 14:12:19 Entrée dans AfficherPopupArticle.php
21/01/2016 14:12:23 Entrée dans AfficherPopupArticle.php
21/01/2016 14:12:24 Entrée dans AfficherPopupArticle.php
21/01/2016 14:12:28 Entrée dans AfficherPopupArticle.php
21/01/2016 14:12:28 Entrée dans AfficherPopupArticle.php
21/01/2016 14:12:31 Entrée dans AfficherPopupArticle.php
21/01/2016 14:13:23 Entrée dans AfficherPopupArticle.php
21/01/2016 14:13:44 Entrée dans AfficherPopupArticle.php
21/01/2016 14:13:57 Entrée dans AfficherPopupArticle.php
21/01/2016 17:08:28 Entrée dans ActionAccueil.php
21/01/2016 18:24:18 Entrée dans ActionAccueil.php
21/01/2016 18:24:30 Entrée dans ActionJoueurs.php
21/01/2016 18:24:50 Entrée dans ActionClub.php
21/01/2016 18:45:17 Entrée dans ActionAccueil.php
21/01/2016 18:45:47 Entrée dans ActionClub.php
21/01/2016 23:24:28 Entrée dans ActionAccueil.php
21/01/2016 23:25:11 Entrée dans ActionJoueurs.php
21/01/2016 23:26:53 Entrée dans ActionAccueil.php
22/01/2016 03:11:20 Entrée dans ActionSponsor.php
22/01/2016 12:14:22 Entrée dans ActionJoueurs.php
22/01/2016 12:14:26 Entrée dans ActionSponsor.php
22/01/2016 13:55:07 Entrée dans ActionAccueil.php
22/01/2016 13:55:21 Entrée dans AfficherPopupArticle.php
22/01/2016 13:55:39 Entrée dans AfficherPopupArticle.php
22/01/2016 16:29:42 Entrée dans ActionAccueil.php
22/01/2016 16:30:54 Entrée dans ActionJoueurs.php
22/01/2016 17:29:03 Entrée dans ActionAccueil.php
22/01/2016 17:29:32 Entrée dans ActionJoueurs.php
22/01/2016 19:32:36 Entrée dans ActionAccueil.php
22/01/2016 19:39:12 Entrée dans ActionAccueil.php
23/01/2016 03:40:57 Entrée dans ActionAccueil.php
23/01/2016 09:30:15 Entrée dans ActionAccueil.php
23/01/2016 09:30:40 Entrée dans AfficherPopupArticle.php
23/01/2016 09:30:58 Entrée dans ActionClub.php
23/01/2016 09:43:44 Entrée dans ActionAccueil.php
23/01/2016 10:24:53 Entrée dans ActionAccueil.php
23/01/2016 10:25:29 Entrée dans ActionEcoleDeFoot.php
23/01/2016 10:25:34 Entrée dans ActionEcoleDeFoot.php
23/01/2016 10:26:07 Entrée dans ActionAgenda.php
23/01/2016 10:26:09 Entrée dans ActionAgenda.php
23/01/2016 10:26:29 Entrée dans ActionEvenement.php
23/01/2016 10:26:47 Entrée dans ActionClub.php
23/01/2016 12:00:10 Entrée dans ActionAccueil.php
23/01/2016 13:38:24 Entrée dans ActionAccueil.php
23/01/2016 16:10:51 Entrée dans ActionAccueil.php
23/01/2016 16:11:09 Entrée dans ActionJoueurs.php
23/01/2016 16:11:13 Entrée dans ActionSponsor.php
23/01/2016 16:12:37 Entrée dans ActionClub.php
23/01/2016 16:13:02 Entrée dans ActionEcoleDeFoot.php
23/01/2016 16:13:36 Entrée dans ActionAccueil.php
23/01/2016 16:13:56 Entrée dans ActionClub.php
23/01/2016 16:15:44 Entrée dans ActionClub.php
23/01/2016 16:16:24 Entrée dans ActionClub.php
23/01/2016 17:05:22 Entrée dans ActionAccueil.php
23/01/2016 17:22:59 Entrée dans ActionAccueil.php
23/01/2016 17:24:02 Entrée dans ActionAgenda.php
23/01/2016 17:24:12 Entrée dans ActionAgenda.php
23/01/2016 17:24:36 Entrée dans ActionAgenda.php
23/01/2016 17:25:05 Entrée dans ActionClub.php
23/01/2016 17:29:15 Entrée dans ActionEvenement.php
23/01/2016 17:29:15 Entrée dans ActionEvenement.php
23/01/2016 17:30:14 Entrée dans ActionJoueurs.php
23/01/2016 23:33:39 Entrée dans ActionAccueil.php
24/01/2016 10:47:42 Entrée dans ActionAccueil.php
24/01/2016 10:48:54 Entrée dans ActionJoueurs.php
24/01/2016 11:05:10 Entrée dans ActionAccueil.php
24/01/2016 11:06:08 Entrée dans ActionJoueurs.php
24/01/2016 13:10:17 Entrée dans ActionAccueil.php
24/01/2016 13:10:31 Entrée dans AfficherPopupArticle.php
24/01/2016 13:10:31 Entrée dans AfficherPopupArticle.php
24/01/2016 13:10:45 Entrée dans AfficherPopupArticle.php
24/01/2016 13:11:37 Entrée dans ActionClub.php
24/01/2016 13:11:48 Entrée dans ActionAgenda.php
24/01/2016 13:11:57 Entrée dans ActionAgenda.php
24/01/2016 13:11:57 Entrée dans ActionAgenda.php
24/01/2016 13:12:00 Entrée dans ActionAgenda.php
24/01/2016 13:12:39 Entrée dans ActionAgenda.php
24/01/2016 13:12:42 Entrée dans ActionAgenda.php
24/01/2016 13:12:42 Entrée dans ActionAgenda.php
24/01/2016 13:12:43 Entrée dans ActionAgenda.php
24/01/2016 13:12:43 Entrée dans ActionAgenda.php
24/01/2016 13:12:43 Entrée dans ActionAgenda.php
24/01/2016 13:12:43 Entrée dans ActionAgenda.php
24/01/2016 13:12:43 Entrée dans ActionAgenda.php
24/01/2016 13:12:44 Entrée dans ActionAgenda.php
24/01/2016 13:12:44 Entrée dans ActionAgenda.php
24/01/2016 13:12:44 Entrée dans ActionAgenda.php
24/01/2016 13:12:44 Entrée dans ActionAgenda.php
24/01/2016 13:12:44 Entrée dans ActionAgenda.php
24/01/2016 13:12:45 Entrée dans ActionAgenda.php
24/01/2016 13:12:45 Entrée dans ActionAgenda.php
24/01/2016 13:13:19 Entrée dans ActionAccueil.php
24/01/2016 13:13:40 Entrée dans AfficherPopupArticle.php
24/01/2016 13:14:29 Entrée dans AfficherPopupArticle.php
24/01/2016 13:16:06 Entrée dans AfficherPopupArticle.php
24/01/2016 13:16:11 Entrée dans AfficherPopupArticle.php
24/01/2016 13:16:16 Entrée dans AfficherPopupArticle.php
24/01/2016 13:16:20 Entrée dans AfficherPopupArticle.php
24/01/2016 13:16:26 Entrée dans AfficherPopupArticle.php
24/01/2016 13:16:41 Entrée dans ActionAccueil.php
24/01/2016 13:16:48 Entrée dans ActionEcoleDeFoot.php
24/01/2016 13:16:52 Entrée dans ActionEcoleDeFoot.php
24/01/2016 13:17:25 Entrée dans AfficherPopupArticle.php
24/01/2016 13:17:43 Entrée dans ActionEcoleDeFoot.php
24/01/2016 13:17:55 Entrée dans ActionEcoleDeFoot.php
24/01/2016 13:17:56 Entrée dans ActionEcoleDeFoot.php
24/01/2016 13:19:32 Entrée dans ActionClub.php
24/01/2016 13:20:01 Entrée dans ActionClub.php
24/01/2016 13:20:05 Entrée dans ActionAccueil.php
24/01/2016 13:20:24 Entrée dans ActionClub.php
24/01/2016 13:30:55 Entrée dans ActionAccueil.php
24/01/2016 14:06:27 Entrée dans ActionAgenda.php
24/01/2016 14:19:49 Entrée dans ActionAccueil.php
24/01/2016 14:20:19 Entrée dans ActionJoueurs.php
24/01/2016 14:20:59 Entrée dans ActionAccueil.php
24/01/2016 14:21:27 Entrée dans ActionAgenda.php
24/01/2016 14:21:29 Entrée dans ActionAgenda.php
24/01/2016 14:38:13 Entrée dans ActionAgenda.php
24/01/2016 14:46:17 Entrée dans ActionAccueil.php
24/01/2016 14:46:37 Entrée dans ActionClub.php
24/01/2016 14:46:57 Entrée dans ActionJoueurs.php
24/01/2016 14:48:44 Entrée dans ActionAgenda.php
24/01/2016 15:06:46 Entrée dans ActionAgenda.php
24/01/2016 15:29:02 Entrée dans ActionAgenda.php
24/01/2016 15:42:09 Entrée dans ActionEcoleDeFoot.php
24/01/2016 15:42:15 Entrée dans ActionEcoleDeFoot.php
24/01/2016 15:42:47 Entrée dans ActionClub.php
24/01/2016 15:42:49 Entrée dans ActionClub.php
24/01/2016 15:42:49 Entrée dans ActionClub.php
24/01/2016 15:42:50 Entrée dans ActionClub.php
24/01/2016 15:42:51 Entrée dans ActionEcoleDeFoot.php
24/01/2016 15:43:07 Entrée dans ActionEcoleDeFoot.php
24/01/2016 15:43:12 Entrée dans ActionEcoleDeFoot.php
24/01/2016 15:43:24 Entrée dans ActionAccueil.php
24/01/2016 15:43:27 Entrée dans ActionAccueil.php
24/01/2016 15:43:54 Entrée dans AfficherPopupArticle.php
24/01/2016 15:49:37 Entrée dans ActionAgenda.php
24/01/2016 16:27:32 Entrée dans ActionAgenda.php
24/01/2016 16:28:14 Entrée dans ActionAgenda.php
24/01/2016 16:35:14 Entrée dans ActionSponsor.php
24/01/2016 16:48:20 Entrée dans ActionAccueil.php
24/01/2016 16:59:25 Entrée dans ActionAgenda.php
24/01/2016 20:07:46 Entrée dans ActionEcoleDeFoot.php
24/01/2016 20:08:09 Entrée dans ActionEcoleDeFoot.php
24/01/2016 20:08:49 Entrée dans ActionEcoleDeFoot.php
24/01/2016 20:09:03 Entrée dans ActionEcoleDeFoot.php
24/01/2016 20:10:24 Entrée dans ActionEcoleDeFoot.php
25/01/2016 00:01:28 Entrée dans ActionAccueil.php
25/01/2016 00:17:14 Entrée dans ActionSponsor.php
25/01/2016 00:17:31 Entrée dans ActionEvenement.php
25/01/2016 00:17:43 Entrée dans ActionEcoleDeFoot.php
25/01/2016 00:17:45 Entrée dans ActionAgenda.php
25/01/2016 01:45:22 Entrée dans ActionJoueurs.php
25/01/2016 01:45:25 Entrée dans ActionSponsor.php
25/01/2016 04:31:33 Entrée dans ActionAccueil.php
25/01/2016 06:06:13 Entrée dans ActionSponsor.php
25/01/2016 10:22:47 Entrée dans ActionAccueil.php
25/01/2016 10:23:20 Entrée dans ActionJoueurs.php
25/01/2016 10:23:51 Entrée dans ActionJoueurs.php
25/01/2016 10:24:09 Entrée dans ActionAgenda.php
25/01/2016 10:24:10 Entrée dans ActionAgenda.php
25/01/2016 10:24:15 Entrée dans ActionClub.php
25/01/2016 10:36:32 Entrée dans ActionAccueil.php
25/01/2016 10:37:38 Entrée dans AfficherPopupArticle.php
25/01/2016 10:38:27 Entrée dans ActionAccueil.php
25/01/2016 10:38:34 Entrée dans AfficherPopupArticle.php
25/01/2016 13:03:59 Entrée dans ActionAgenda.php
25/01/2016 13:10:44 Entrée dans ActionAccueil.php
25/01/2016 13:11:19 Entrée dans AfficherPopupArticle.php
25/01/2016 13:11:34 Entrée dans ActionEvenement.php
25/01/2016 13:20:07 Entrée dans ActionAccueil.php
25/01/2016 14:41:09 Entrée dans ActionAccueil.php
25/01/2016 14:41:17 Entrée dans ActionEcoleDeFoot.php
25/01/2016 14:41:28 Entrée dans ActionClub.php
25/01/2016 14:41:31 Entrée dans ActionEvenement.php
25/01/2016 19:13:32 Entrée dans ActionClub.php
25/01/2016 20:59:22 Entrée dans ActionAccueil.php
25/01/2016 23:01:29 Entrée dans ActionAccueil.php
26/01/2016 04:41:15 Entrée dans ActionAgenda.php
26/01/2016 04:59:24 Entrée dans ActionAccueil.php
26/01/2016 06:14:13 Entrée dans ActionEcoleDeFoot.php
26/01/2016 06:56:53 Entrée dans ActionAccueil.php
26/01/2016 15:51:34 Entrée dans ActionAgenda.php
26/01/2016 21:29:56 Entrée dans ActionAccueil.php
26/01/2016 21:30:23 Entrée dans ActionJoueurs.php
26/01/2016 21:30:27 Entrée dans ActionClub.php
26/01/2016 21:30:31 Entrée dans ActionJoueurs.php
26/01/2016 21:31:01 Entrée dans ActionEcoleDeFoot.php
26/01/2016 21:31:07 Entrée dans ActionEcoleDeFoot.php
26/01/2016 21:31:10 Entrée dans ActionAgenda.php
26/01/2016 21:31:10 Entrée dans ActionAgenda.php
26/01/2016 21:31:22 Entrée dans ActionEvenement.php
26/01/2016 21:31:32 Entrée dans ActionClub.php
27/01/2016 04:17:59 Entrée dans ActionAccueil.php
27/01/2016 06:49:05 Entrée dans ActionAccueil.php
27/01/2016 06:50:11 Entrée dans ActionEvenement.php
27/01/2016 09:17:25 Entrée dans ActionSponsor.php
27/01/2016 09:18:47 Entrée dans ActionAccueil.php
27/01/2016 09:19:16 Entrée dans ActionEvenement.php
27/01/2016 09:21:29 Entrée dans ActionAccueil.php
27/01/2016 09:21:45 Entrée dans ActionClub.php
27/01/2016 10:21:59 Entrée dans ActionJoueurs.php
27/01/2016 10:22:03 Entrée dans ActionSponsor.php
27/01/2016 12:04:51 Entrée dans ActionAccueil.php
27/01/2016 12:05:08 Entrée dans AfficherPopupArticle.php
27/01/2016 12:05:22 Entrée dans ActionEcoleDeFoot.php
27/01/2016 12:05:34 Entrée dans ActionEcoleDeFoot.php
27/01/2016 12:05:46 Entrée dans ActionEcoleDeFoot.php
27/01/2016 12:05:48 Entrée dans ActionAccueil.php
27/01/2016 12:06:09 Entrée dans AfficherPopupArticle.php
27/01/2016 12:06:24 Entrée dans ActionAgenda.php
27/01/2016 12:06:24 Entrée dans ActionAgenda.php
27/01/2016 12:07:17 Entrée dans ActionEvenement.php
27/01/2016 12:07:54 Entrée dans AfficherPopupArticle.php
27/01/2016 12:08:06 Entrée dans ActionEcoleDeFoot.php
27/01/2016 12:08:08 Entrée dans ActionEcoleDeFoot.php
27/01/2016 12:08:46 Entrée dans ActionAgenda.php
27/01/2016 12:08:46 Entrée dans ActionAgenda.php
27/01/2016 14:51:04 Entrée dans ActionAccueil.php
27/01/2016 14:51:17 Entrée dans ActionEvenement.php
27/01/2016 14:51:33 Entrée dans ActionSponsor.php
27/01/2016 14:53:33 Entrée dans ActionAccueil.php
27/01/2016 14:54:30 Entrée dans ActionEcoleDeFoot.php
27/01/2016 14:54:43 Entrée dans ActionEcoleDeFoot.php
27/01/2016 16:15:43 Entrée dans ActionAccueil.php
27/01/2016 16:15:44 Entrée dans ActionAccueil.php
27/01/2016 16:15:52 Entrée dans AfficherPopupArticle.php
27/01/2016 16:33:46 Entrée dans ActionAccueil.php
27/01/2016 16:34:35 Entrée dans ActionClub.php
27/01/2016 16:35:02 Entrée dans ActionEcoleDeFoot.php
27/01/2016 16:35:35 Entrée dans ActionAccueil.php
27/01/2016 16:35:42 Entrée dans ActionClub.php
27/01/2016 17:57:36 Entrée dans ActionEvenement.php
27/01/2016 20:49:18 Entrée dans ActionAccueil.php
28/01/2016 06:40:42 Entrée dans ActionJoueurs.php
28/01/2016 07:47:20 Entrée dans ActionAccueil.php
28/01/2016 17:48:48 Entrée dans ActionAccueil.php
28/01/2016 17:49:23 Entrée dans ActionJoueurs.php
28/01/2016 17:50:18 Entrée dans ActionClub.php
28/01/2016 18:41:52 Entrée dans ActionEcoleDeFoot.php
28/01/2016 18:42:10 Entrée dans ActionEcoleDeFoot.php
28/01/2016 18:42:53 Entrée dans ActionEcoleDeFoot.php
28/01/2016 18:43:01 Entrée dans ActionEcoleDeFoot.php
28/01/2016 18:43:27 Entrée dans ActionEcoleDeFoot.php
28/01/2016 18:43:37 Entrée dans ActionEcoleDeFoot.php
28/01/2016 22:55:20 Entrée dans ActionAccueil.php
28/01/2016 22:56:52 Entrée dans AfficherPopupArticle.php
28/01/2016 22:57:35 Entrée dans ActionEcoleDeFoot.php
28/01/2016 22:57:41 Entrée dans ActionEcoleDeFoot.php
28/01/2016 22:58:07 Entrée dans ActionAgenda.php
28/01/2016 22:58:08 Entrée dans ActionAgenda.php
28/01/2016 22:58:28 Entrée dans ActionAccueil.php
28/01/2016 22:58:37 Entrée dans AfficherPopupArticle.php
28/01/2016 22:58:58 Entrée dans AfficherPopupArticle.php
28/01/2016 22:59:25 Entrée dans AfficherPopupArticle.php
28/01/2016 22:59:42 Entrée dans ActionClub.php
28/01/2016 22:59:56 Entrée dans ActionEcoleDeFoot.php
28/01/2016 22:59:59 Entrée dans ActionAgenda.php
28/01/2016 23:00:01 Entrée dans ActionAgenda.php
28/01/2016 23:00:03 Entrée dans ActionEvenement.php
28/01/2016 23:00:07 Entrée dans ActionSponsor.php
28/01/2016 23:00:19 Entrée dans ActionAgenda.php
28/01/2016 23:00:21 Entrée dans ActionAgenda.php
28/01/2016 23:00:40 Entrée dans ActionAgenda.php
28/01/2016 23:00:44 Entrée dans ActionAgenda.php
28/01/2016 23:01:00 Entrée dans ActionEvenement.php
28/01/2016 23:01:20 Entrée dans ActionSponsor.php
28/01/2016 23:01:25 Entrée dans ActionAccueil.php
28/01/2016 23:02:46 Entrée dans AfficherPopupArticle.php
28/01/2016 23:02:59 Entrée dans AfficherPopupArticle.php
28/01/2016 23:05:41 Entrée dans AfficherPopupArticle.php
28/01/2016 23:23:22 Entrée dans ActionEvenement.php
29/01/2016 00:47:04 Entrée dans ActionJoueurs.php
29/01/2016 03:00:58 Entrée dans ActionClub.php
29/01/2016 10:51:31 Entrée dans ActionClub.php
29/01/2016 13:04:49 Entrée dans AfficherPopupArticle.php
29/01/2016 13:45:01 Entrée dans ActionAccueil.php
29/01/2016 13:45:16 Entrée dans AfficherPopupArticle.php
29/01/2016 13:45:37 Entrée dans AfficherPopupArticle.php
29/01/2016 15:47:58 Entrée dans ActionAccueil.php
29/01/2016 16:02:39 Entrée dans ActionAccueil.php
29/01/2016 16:02:58 Entrée dans ActionLogin.php
29/01/2016 16:02:58 Authentification de fgastrini.
29/01/2016 16:02:58 Entrée dans ActionProfil.php
29/01/2016 16:03:02 Entrée dans ActionRencontre.php
29/01/2016 16:04:40 Entrée dans RechercherEquipe.php
29/01/2016 16:04:44 Entrée dans RechercherCompetitionEquipe.php
29/01/2016 16:05:08 Entrée dans ActionRencontre.php
29/01/2016 16:05:19 Entrée dans ActionAccueil.php
29/01/2016 16:05:54 Entrée dans ActionEcoleDeFoot.php
29/01/2016 16:05:57 Entrée dans ActionEcoleDeFoot.php
29/01/2016 16:07:49 Entrée dans ActionProfil.php
29/01/2016 16:07:53 Entrée dans ActionArticle.php
29/01/2016 16:08:40 Entrée dans GestionResultats.php
29/01/2016 16:08:44 Entrée dans ActionProfil.php
29/01/2016 16:08:48 Entrée dans ActionAccueil.php
29/01/2016 16:08:49 Entrée dans ActionAccueil.php
29/01/2016 22:51:59 Entrée dans ActionAccueil.php
29/01/2016 22:52:14 Entrée dans ActionJoueurs.php
29/01/2016 23:24:07 Entrée dans ActionAccueil.php
30/01/2016 06:42:00 Entrée dans ActionAccueil.php
30/01/2016 06:42:17 Entrée dans AfficherPopupArticle.php
30/01/2016 06:43:19 Entrée dans AfficherPopupArticle.php
30/01/2016 06:44:41 Entrée dans ActionEcoleDeFoot.php
30/01/2016 06:44:49 Entrée dans ActionEcoleDeFoot.php
30/01/2016 06:45:11 Entrée dans ActionEcoleDeFoot.php
30/01/2016 06:45:23 Entrée dans ActionEcoleDeFoot.php
30/01/2016 07:44:17 Entrée dans ActionAccueil.php
30/01/2016 07:44:19 Entrée dans ActionAccueil.php
30/01/2016 07:45:07 Entrée dans ActionAccueil.php
30/01/2016 07:46:13 Entrée dans ActionEcoleDeFoot.php
30/01/2016 07:46:21 Entrée dans ActionSponsor.php
30/01/2016 07:46:28 Entrée dans ActionEcoleDeFoot.php
30/01/2016 07:46:36 Entrée dans ActionEcoleDeFoot.php
30/01/2016 08:12:48 Entrée dans ActionAccueil.php
30/01/2016 08:13:12 Entrée dans ActionAgenda.php
30/01/2016 08:13:13 Entrée dans ActionAgenda.php
30/01/2016 08:52:38 Entrée dans ActionAccueil.php
30/01/2016 08:52:58 Entrée dans ActionJoueurs.php
30/01/2016 08:52:59 Entrée dans ActionJoueurs.php
30/01/2016 10:16:38 Entrée dans ActionAccueil.php
30/01/2016 10:19:36 Entrée dans ActionAccueil.php
30/01/2016 10:24:29 Entrée dans AfficherPopupArticle.php
30/01/2016 10:24:52 Entrée dans ActionAccueil.php
30/01/2016 10:29:40 Entrée dans AfficherPopupArticle.php
30/01/2016 10:35:56 Entrée dans ActionAccueil.php
30/01/2016 10:36:00 Entrée dans ActionEcoleDeFoot.php
30/01/2016 10:36:10 Entrée dans ActionEcoleDeFoot.php
30/01/2016 10:36:27 Entrée dans ActionAgenda.php
30/01/2016 10:36:27 Entrée dans ActionAgenda.php
30/01/2016 10:36:42 Entrée dans ActionAgenda.php
30/01/2016 10:36:44 Entrée dans ActionAgenda.php
30/01/2016 10:36:46 Entrée dans ActionAgenda.php
30/01/2016 10:36:48 Entrée dans ActionAgenda.php
30/01/2016 10:36:59 Entrée dans ActionEvenement.php
30/01/2016 10:37:05 Entrée dans ActionClub.php
30/01/2016 10:37:09 Entrée dans ActionAccueil.php
30/01/2016 10:37:32 Entrée dans ActionEcoleDeFoot.php
30/01/2016 10:37:35 Entrée dans ActionEvenement.php
30/01/2016 10:37:37 Entrée dans ActionAccueil.php
30/01/2016 10:38:21 Entrée dans ActionAccueil.php
30/01/2016 10:38:25 Entrée dans ActionEcoleDeFoot.php
30/01/2016 10:38:34 Entrée dans ActionEcoleDeFoot.php
30/01/2016 10:38:44 Entrée dans ActionEcoleDeFoot.php
30/01/2016 10:39:15 Entrée dans ActionEcoleDeFoot.php
30/01/2016 10:39:18 Entrée dans ActionAgenda.php
30/01/2016 10:39:18 Entrée dans ActionAgenda.php
30/01/2016 10:39:30 Entrée dans ActionAgenda.php
30/01/2016 10:39:32 Entrée dans ActionAgenda.php
30/01/2016 10:39:34 Entrée dans ActionAgenda.php
30/01/2016 10:39:35 Entrée dans ActionAgenda.php
30/01/2016 10:39:37 Entrée dans ActionAgenda.php
30/01/2016 10:39:41 Entrée dans ActionAgenda.php
30/01/2016 10:39:42 Entrée dans ActionAgenda.php
30/01/2016 10:40:51 Entrée dans ActionAccueil.php
30/01/2016 10:41:03 Entrée dans ActionEcoleDeFoot.php
30/01/2016 10:41:05 Entrée dans ActionEcoleDeFoot.php
30/01/2016 10:41:25 Entrée dans ActionAccueil.php
30/01/2016 10:48:14 Entrée dans ActionAccueil.php
30/01/2016 10:48:23 Entrée dans ActionEvenement.php
30/01/2016 10:48:24 Entrée dans ActionAgenda.php
30/01/2016 10:48:24 Entrée dans ActionAgenda.php
30/01/2016 10:48:33 Entrée dans ActionJoueurs.php
30/01/2016 10:48:40 Entrée dans ActionClub.php
30/01/2016 10:48:42 Entrée dans ActionAccueil.php
30/01/2016 10:49:06 Entrée dans ActionAccueil.php
30/01/2016 10:49:09 Entrée dans ActionClub.php
30/01/2016 10:49:12 Entrée dans ActionJoueurs.php
30/01/2016 10:49:13 Entrée dans ActionEcoleDeFoot.php
30/01/2016 10:49:16 Entrée dans ActionAgenda.php
30/01/2016 10:49:16 Entrée dans ActionAgenda.php
30/01/2016 11:10:48 Entrée dans ActionAccueil.php
30/01/2016 11:11:18 Entrée dans ActionClub.php
30/01/2016 11:11:19 Entrée dans ActionJoueurs.php
30/01/2016 11:11:27 Entrée dans ActionJoueurs.php
30/01/2016 11:11:35 Entrée dans ActionJoueurs.php
30/01/2016 11:41:48 Entrée dans ActionAccueil.php
30/01/2016 11:42:06 Entrée dans ActionAgenda.php
30/01/2016 11:42:07 Entrée dans ActionAgenda.php
30/01/2016 11:43:09 Entrée dans ActionEvenement.php
30/01/2016 11:43:17 Entrée dans ActionAgenda.php
30/01/2016 11:43:17 Entrée dans ActionAgenda.php
30/01/2016 11:43:32 Entrée dans ActionAgenda.php
30/01/2016 12:19:08 Entrée dans ActionAccueil.php
30/01/2016 13:29:46 Entrée dans ActionAccueil.php
30/01/2016 13:29:51 Entrée dans ActionAgenda.php
30/01/2016 13:29:52 Entrée dans ActionAgenda.php
30/01/2016 13:30:30 Entrée dans ActionClub.php
30/01/2016 13:30:39 Entrée dans ActionEcoleDeFoot.php
30/01/2016 13:30:49 Entrée dans ActionAccueil.php
30/01/2016 13:30:51 Entrée dans ActionEcoleDeFoot.php
30/01/2016 13:30:53 Entrée dans ActionEcoleDeFoot.php
30/01/2016 13:34:41 Entrée dans ActionAccueil.php
30/01/2016 13:34:54 Entrée dans ActionJoueurs.php
30/01/2016 13:35:24 Entrée dans ActionAgenda.php
30/01/2016 13:35:24 Entrée dans ActionAgenda.php
30/01/2016 13:35:52 Entrée dans ActionClub.php
30/01/2016 13:36:04 Entrée dans ActionAccueil.php
30/01/2016 13:36:17 Entrée dans ActionAgenda.php
30/01/2016 13:36:19 Entrée dans ActionAgenda.php
30/01/2016 13:45:56 Entrée dans ActionAgenda.php
30/01/2016 13:46:01 Entrée dans ActionAgenda.php
30/01/2016 18:44:58 Entrée dans ActionAccueil.php
30/01/2016 18:45:44 Entrée dans AfficherPopupArticle.php
30/01/2016 18:46:08 Entrée dans AfficherPopupArticle.php
30/01/2016 18:46:47 Entrée dans ActionAgenda.php
30/01/2016 18:46:48 Entrée dans ActionAgenda.php
30/01/2016 18:47:08 Entrée dans ActionSponsor.php
30/01/2016 19:41:20 Entrée dans ActionAccueil.php
30/01/2016 19:41:34 Entrée dans AfficherPopupArticle.php
30/01/2016 19:42:03 Entrée dans AfficherPopupArticle.php
30/01/2016 19:48:25 Entrée dans ActionAccueil.php
30/01/2016 19:49:55 Entrée dans AfficherPopupArticle.php
30/01/2016 20:39:47 Entrée dans ActionAccueil.php
30/01/2016 21:41:07 Entrée dans ActionAccueil.php
30/01/2016 21:41:48 Entrée dans ActionEcoleDeFoot.php
30/01/2016 21:41:53 Entrée dans ActionJoueurs.php
30/01/2016 23:24:16 Entrée dans ActionAccueil.php
30/01/2016 23:25:11 Entrée dans AfficherPopupArticle.php
30/01/2016 23:26:05 Entrée dans AfficherPopupArticle.php
30/01/2016 23:26:33 Entrée dans ActionEcoleDeFoot.php
30/01/2016 23:26:49 Entrée dans ActionEcoleDeFoot.php
30/01/2016 23:26:57 Entrée dans ActionEcoleDeFoot.php
30/01/2016 23:27:00 Entrée dans ActionEcoleDeFoot.php
31/01/2016 00:24:40 Entrée dans ActionAccueil.php
31/01/2016 02:15:37 Entrée dans ActionEvenement.php
31/01/2016 02:20:00 Entrée dans ActionAccueil.php
31/01/2016 09:24:56 Entrée dans ActionAccueil.php
31/01/2016 09:25:13 Entrée dans AfficherPopupArticle.php
31/01/2016 17:56:41 Entrée dans ActionAccueil.php
31/01/2016 17:56:49 Entrée dans ActionEvenement.php
31/01/2016 18:31:47 Entrée dans ActionAccueil.php
31/01/2016 21:20:29 Entrée dans ActionEcoleDeFoot.php
31/01/2016 21:20:37 Entrée dans ActionEcoleDeFoot.php
31/01/2016 21:20:56 Entrée dans ActionEcoleDeFoot.php
31/01/2016 21:37:53 Entrée dans ActionClub.php
31/01/2016 22:36:26 Entrée dans ActionAccueil.php
31/01/2016 23:42:01 Entrée dans ActionAccueil.php
