01/04/2015 02:30:24 Entrée dans ActionJoueurs.php
01/04/2015 15:42:21 Entrée dans ActionAccueil.php
01/04/2015 16:33:06 Entrée dans ActionAccueil.php
01/04/2015 19:14:32 Entrée dans ActionJoueurs.php
01/04/2015 23:13:30 Entrée dans ActionJoueurs.php
01/04/2015 23:15:16 Entrée dans ActionAccueil.php
02/04/2015 10:45:02 Entrée dans ActionAccueil.php
02/04/2015 10:46:19 Entrée dans ActionClub.php
02/04/2015 10:46:29 Entrée dans ActionEcoleDeFoot.php
02/04/2015 10:46:36 Entrée dans ActionEcoleDeFoot.php
02/04/2015 10:47:04 Entrée dans ActionAccueil.php
02/04/2015 10:47:08 Entrée dans ActionClub.php
02/04/2015 10:47:12 Entrée dans ActionEcoleDeFoot.php
02/04/2015 10:47:17 Entrée dans ActionEcoleDeFoot.php
02/04/2015 10:48:08 Entrée dans ActionEvenement.php
02/04/2015 10:48:11 Entrée dans ActionAgenda.php
02/04/2015 10:48:11 Entrée dans ActionAgenda.php
02/04/2015 10:48:15 Entrée dans ActionAccueil.php
02/04/2015 10:48:24 Entrée dans AfficherPopupArticle.php
02/04/2015 10:48:31 Entrée dans ActionAccueil.php
02/04/2015 10:48:31 Entrée dans ActionEcoleDeFoot.php
02/04/2015 10:48:32 Entrée dans ActionEcoleDeFoot.php
02/04/2015 10:48:38 Entrée dans AfficherPopupArticle.php
02/04/2015 10:48:54 Entrée dans ActionEcoleDeFoot.php
02/04/2015 10:48:56 Entrée dans ActionEcoleDeFoot.php
02/04/2015 10:48:58 Entrée dans ActionEcoleDeFoot.php
02/04/2015 10:49:02 Entrée dans ActionEcoleDeFoot.php
02/04/2015 10:49:28 Entrée dans ActionEcoleDeFoot.php
02/04/2015 10:57:33 Entrée dans ActionAccueil.php
02/04/2015 10:57:52 Entrée dans AfficherPopupArticle.php
02/04/2015 10:58:26 Entrée dans ActionLogin.php
02/04/2015 10:58:26 Authentification de aissadi.
02/04/2015 10:58:27 Entrée dans ActionProfil.php
02/04/2015 10:58:31 Entrée dans ActionEquipe.php
02/04/2015 10:58:45 Entrée dans ActionEquipe.php
02/04/2015 10:58:54 Entrée dans RechercherEquipe.php
02/04/2015 10:59:02 Entrée dans ActionEquipe.php
02/04/2015 10:59:10 Entrée dans ActionProfil.php
02/04/2015 10:59:16 Entrée dans ActionRencontre.php
02/04/2015 10:59:35 Entrée dans ActionAccueil.php
02/04/2015 11:00:40 Entrée dans ActionLogin.php
02/04/2015 11:00:40 Authentification de aissadi.
02/04/2015 11:00:40 Entrée dans ActionProfil.php
02/04/2015 11:00:44 Entrée dans ActionMembre.php
02/04/2015 11:00:59 Entrée dans ActionMembre.php
02/04/2015 11:01:06 Entrée dans RechercherMembre.php
02/04/2015 11:01:29 Entrée dans RechercherMembre.php
02/04/2015 11:01:42 Entrée dans RechercherMembre.php
02/04/2015 11:02:14 Entrée dans RechercherMembre.php
02/04/2015 11:02:29 Entrée dans RechercherMembre.php
02/04/2015 11:02:46 Entrée dans RechercherMembre.php
02/04/2015 11:03:34 Entrée dans RechercherMembre.php
02/04/2015 11:04:49 Entrée dans ActionPartenaire.php
02/04/2015 11:05:11 Entrée dans RechercherPartenaire.php
02/04/2015 11:05:56 Entrée dans RechercherPartenaire.php
02/04/2015 11:06:19 Entrée dans ActionRencontre.php
02/04/2015 11:06:27 Entrée dans ActionRencontre.php
02/04/2015 11:06:34 Entrée dans ActionRencontre.php
02/04/2015 11:13:39 Entrée dans ActionAccueil.php
02/04/2015 13:09:10 Entrée dans ActionAccueil.php
02/04/2015 13:09:25 Entrée dans ActionClub.php
02/04/2015 13:10:33 Entrée dans ActionClub.php
02/04/2015 13:10:34 Entrée dans ActionEcoleDeFoot.php
02/04/2015 13:10:49 Entrée dans ActionEcoleDeFoot.php
02/04/2015 13:10:53 Entrée dans ActionEcoleDeFoot.php
02/04/2015 13:10:57 Entrée dans ActionEcoleDeFoot.php
02/04/2015 16:19:08 Entrée dans ActionAccueil.php
02/04/2015 16:19:17 Entrée dans ActionEcoleDeFoot.php
02/04/2015 16:19:20 Entrée dans ActionEcoleDeFoot.php
02/04/2015 16:21:45 Entrée dans ActionAccueil.php
02/04/2015 16:22:11 Entrée dans ActionClub.php
02/04/2015 16:22:21 Entrée dans ActionAccueil.php
02/04/2015 20:19:11 Entrée dans ActionAccueil.php
02/04/2015 20:20:45 Entrée dans ActionJoueurs.php
02/04/2015 20:21:47 Entrée dans ActionJoueurs.php
02/04/2015 21:05:54 Entrée dans ActionSponsor.php
02/04/2015 22:32:26 Entrée dans ActionAccueil.php
02/04/2015 22:33:03 Entrée dans ActionJoueurs.php
02/04/2015 22:33:31 Entrée dans ActionJoueurs.php
03/04/2015 10:13:06 Entrée dans ActionAccueil.php
03/04/2015 10:42:44 Entrée dans ActionAgenda.php
03/04/2015 11:15:55 Entrée dans ActionAccueil.php
03/04/2015 12:28:37 Entrée dans ActionAccueil.php
03/04/2015 12:28:53 Entrée dans ActionJoueurs.php
03/04/2015 12:29:20 Entrée dans ActionSponsor.php
03/04/2015 12:29:34 Entrée dans ActionEvenement.php
03/04/2015 12:29:44 Entrée dans ActionClub.php
03/04/2015 12:30:16 Entrée dans ActionAgenda.php
03/04/2015 12:31:07 Entrée dans ActionEcoleDeFoot.php
03/04/2015 16:42:49 Entrée dans ActionAccueil.php
03/04/2015 16:43:06 Entrée dans AfficherPopupArticle.php
03/04/2015 16:43:20 Entrée dans AfficherPopupArticle.php
03/04/2015 16:43:33 Entrée dans ActionJoueurs.php
03/04/2015 16:44:42 Entrée dans ActionJoueurs.php
03/04/2015 16:44:48 Entrée dans ActionAccueil.php
03/04/2015 16:44:58 Entrée dans ActionClub.php
03/04/2015 16:45:11 Entrée dans ActionSponsor.php
03/04/2015 16:45:17 Entrée dans ActionClub.php
03/04/2015 17:23:53 Entrée dans ActionAccueil.php
03/04/2015 19:15:40 Entrée dans ActionAccueil.php
03/04/2015 19:15:44 Entrée dans ActionClub.php
03/04/2015 19:15:47 Entrée dans ActionJoueurs.php
03/04/2015 19:15:50 Entrée dans ActionEcoleDeFoot.php
03/04/2015 19:15:52 Entrée dans ActionAgenda.php
03/04/2015 19:15:55 Entrée dans ActionEvenement.php
03/04/2015 19:15:57 Entrée dans ActionSponsor.php
03/04/2015 19:59:09 Entrée dans ActionAccueil.php
03/04/2015 19:59:23 Entrée dans ActionClub.php
03/04/2015 19:59:33 Entrée dans ActionAgenda.php
03/04/2015 19:59:42 Entrée dans ActionSponsor.php
03/04/2015 19:59:52 Entrée dans ActionJoueurs.php
03/04/2015 20:00:07 Entrée dans ActionEvenement.php
03/04/2015 20:00:17 Entrée dans ActionEcoleDeFoot.php
03/04/2015 21:40:55 Entrée dans ActionAgenda.php
04/04/2015 11:40:35 Entrée dans ActionAccueil.php
04/04/2015 12:51:59 Entrée dans ActionAccueil.php
04/04/2015 15:56:22 Entrée dans ActionAccueil.php
04/04/2015 15:56:22 Entrée dans ActionAccueil.php
04/04/2015 15:57:28 Entrée dans ActionLogin.php
04/04/2015 15:57:28 Authentification de aissadi.
04/04/2015 15:57:29 Entrée dans ActionProfil.php
04/04/2015 15:57:33 Entrée dans ActionMembre.php
04/04/2015 15:59:36 Entrée dans GestionResultats.php
05/04/2015 13:11:00 Entrée dans ActionClub.php
05/04/2015 13:48:01 Entrée dans ActionAccueil.php
05/04/2015 13:48:23 Entrée dans ActionJoueurs.php
05/04/2015 15:16:09 Entrée dans ActionAccueil.php
05/04/2015 15:16:42 Entrée dans ActionClub.php
05/04/2015 15:17:47 Entrée dans ActionClub.php
05/04/2015 15:17:52 Entrée dans ActionClub.php
05/04/2015 15:17:54 Entrée dans ActionAccueil.php
05/04/2015 15:18:04 Entrée dans ActionEcoleDeFoot.php
05/04/2015 15:18:13 Entrée dans ActionEcoleDeFoot.php
05/04/2015 15:18:52 Entrée dans ActionSponsor.php
05/04/2015 15:18:55 Entrée dans ActionEcoleDeFoot.php
05/04/2015 15:18:56 Entrée dans ActionClub.php
05/04/2015 15:23:14 Entrée dans ActionEcoleDeFoot.php
05/04/2015 16:05:43 Entrée dans ActionAccueil.php
05/04/2015 16:06:04 Entrée dans ActionJoueurs.php
05/04/2015 21:04:07 Entrée dans ActionAccueil.php
05/04/2015 21:52:19 Entrée dans ActionJoueurs.php
06/04/2015 01:14:13 Entrée dans ActionEcoleDeFoot.php
06/04/2015 01:47:12 Entrée dans ActionAccueil.php
06/04/2015 01:47:26 Entrée dans ActionClub.php
06/04/2015 01:47:33 Entrée dans ActionJoueurs.php
06/04/2015 01:47:39 Entrée dans ActionEcoleDeFoot.php
06/04/2015 01:47:48 Entrée dans ActionAgenda.php
06/04/2015 01:47:56 Entrée dans ActionEvenement.php
06/04/2015 01:48:04 Entrée dans ActionSponsor.php
06/04/2015 08:37:41 Entrée dans ActionAccueil.php
06/04/2015 08:37:45 Entrée dans ActionClub.php
06/04/2015 08:37:47 Entrée dans ActionJoueurs.php
06/04/2015 08:37:50 Entrée dans ActionEcoleDeFoot.php
06/04/2015 08:37:52 Entrée dans ActionAgenda.php
06/04/2015 08:37:54 Entrée dans ActionEvenement.php
06/04/2015 08:37:56 Entrée dans ActionSponsor.php
06/04/2015 08:56:54 Entrée dans ActionClub.php
06/04/2015 11:13:30 Entrée dans ActionAccueil.php
06/04/2015 11:13:49 Entrée dans ActionEvenement.php
06/04/2015 11:14:09 Entrée dans ActionAccueil.php
06/04/2015 11:16:45 Entrée dans ActionEcoleDeFoot.php
06/04/2015 11:17:07 Entrée dans ActionEcoleDeFoot.php
06/04/2015 11:58:53 Entrée dans ActionAccueil.php
06/04/2015 11:59:00 Entrée dans ActionAgenda.php
06/04/2015 11:59:00 Entrée dans ActionAgenda.php
06/04/2015 11:59:03 Entrée dans ActionEvenement.php
06/04/2015 11:59:36 Entrée dans ActionEcoleDeFoot.php
06/04/2015 11:59:47 Entrée dans ActionEcoleDeFoot.php
06/04/2015 12:00:50 Entrée dans ActionJoueurs.php
06/04/2015 12:08:52 Entrée dans ActionEcoleDeFoot.php
06/04/2015 12:08:55 Entrée dans ActionEcoleDeFoot.php
06/04/2015 12:09:09 Entrée dans ActionEcoleDeFoot.php
06/04/2015 12:09:33 Entrée dans ActionJoueurs.php
06/04/2015 12:09:40 Entrée dans ActionEcoleDeFoot.php
06/04/2015 12:09:43 Entrée dans ActionEcoleDeFoot.php
06/04/2015 12:09:53 Entrée dans ActionEcoleDeFoot.php
06/04/2015 12:13:17 Entrée dans ActionEcoleDeFoot.php
06/04/2015 12:13:18 Entrée dans ActionEcoleDeFoot.php
06/04/2015 12:13:49 Entrée dans ActionEcoleDeFoot.php
06/04/2015 12:13:52 Entrée dans ActionEcoleDeFoot.php
06/04/2015 12:13:54 Entrée dans ActionEcoleDeFoot.php
06/04/2015 12:13:58 Entrée dans ActionEcoleDeFoot.php
06/04/2015 12:14:00 Entrée dans ActionEcoleDeFoot.php
06/04/2015 12:14:16 Entrée dans ActionAgenda.php
06/04/2015 12:14:17 Entrée dans ActionAgenda.php
06/04/2015 12:14:23 Entrée dans ActionAgenda.php
06/04/2015 12:14:25 Entrée dans ActionAgenda.php
06/04/2015 12:14:28 Entrée dans ActionEvenement.php
06/04/2015 12:15:01 Entrée dans ActionAgenda.php
06/04/2015 12:15:02 Entrée dans ActionAgenda.php
06/04/2015 14:02:34 Entrée dans ActionAccueil.php
06/04/2015 14:04:15 Entrée dans AfficherPopupArticle.php
06/04/2015 14:04:45 Entrée dans ActionAgenda.php
06/04/2015 14:04:46 Entrée dans ActionAgenda.php
06/04/2015 14:04:50 Entrée dans ActionAccueil.php
06/04/2015 14:04:52 Entrée dans ActionClub.php
06/04/2015 14:07:03 Entrée dans ActionAccueil.php
06/04/2015 14:07:05 Entrée dans ActionJoueurs.php
06/04/2015 14:08:33 Entrée dans ActionEcoleDeFoot.php
06/04/2015 14:08:47 Entrée dans ActionEcoleDeFoot.php
06/04/2015 14:09:44 Entrée dans ActionAgenda.php
06/04/2015 14:09:45 Entrée dans ActionAgenda.php
06/04/2015 14:09:48 Entrée dans ActionEvenement.php
06/04/2015 14:11:15 Entrée dans ActionSponsor.php
06/04/2015 15:54:16 Entrée dans ActionAgenda.php
06/04/2015 15:55:17 Entrée dans ActionAgenda.php
06/04/2015 18:14:47 Entrée dans ActionAgenda.php
06/04/2015 19:35:27 Entrée dans ActionAccueil.php
06/04/2015 20:10:51 Entrée dans ActionClub.php
06/04/2015 21:57:51 Entrée dans ActionAccueil.php
06/04/2015 21:58:16 Entrée dans AfficherPopupArticle.php
06/04/2015 21:59:17 Entrée dans ActionAccueil.php
06/04/2015 21:59:18 Entrée dans ActionClub.php
06/04/2015 21:59:34 Entrée dans ActionEvenement.php
06/04/2015 22:04:59 Entrée dans ActionEcoleDeFoot.php
06/04/2015 22:05:03 Entrée dans ActionEcoleDeFoot.php
07/04/2015 00:03:41 Entrée dans ActionAccueil.php
07/04/2015 00:04:11 Entrée dans ActionJoueurs.php
07/04/2015 00:05:02 Entrée dans ActionEvenement.php
07/04/2015 00:05:08 Entrée dans ActionAgenda.php
07/04/2015 00:05:10 Entrée dans ActionAgenda.php
07/04/2015 02:05:55 Entrée dans ActionAccueil.php
07/04/2015 03:59:16 Entrée dans ActionSponsor.php
07/04/2015 10:12:59 Entrée dans ActionEvenement.php
07/04/2015 13:32:25 Entrée dans ActionEcoleDeFoot.php
07/04/2015 15:17:49 Entrée dans ActionLogin.php
07/04/2015 15:18:21 Entrée dans ActionLogin.php
07/04/2015 15:18:39 Entrée dans ActionLogin.php
07/04/2015 15:18:39 Authentification de epetot.
07/04/2015 15:18:40 Entrée dans ActionProfil.php
07/04/2015 15:18:43 Entrée dans GestionResultats.php
07/04/2015 15:19:43 Entrée dans GestionResultats.php
07/04/2015 15:20:00 Entrée dans ActionEquipe.php
07/04/2015 15:20:12 Entrée dans ActionArticle.php
07/04/2015 15:20:18 Entrée dans RechercherArticle.php
07/04/2015 15:20:23 Entrée dans ActionAccueil.php
07/04/2015 15:20:45 Entrée dans ActionEcoleDeFoot.php
07/04/2015 15:20:54 Entrée dans ActionEcoleDeFoot.php
07/04/2015 15:21:30 Entrée dans ActionEcoleDeFoot.php
07/04/2015 15:22:00 Entrée dans ActionEcoleDeFoot.php
07/04/2015 15:22:10 Entrée dans ActionEcoleDeFoot.php
07/04/2015 15:22:29 Entrée dans ActionAgenda.php
07/04/2015 15:22:29 Entrée dans ActionAgenda.php
07/04/2015 15:22:38 Entrée dans ActionAccueil.php
07/04/2015 15:22:39 Entrée dans ActionAccueil.php
07/04/2015 15:49:35 Entrée dans ActionAccueil.php
07/04/2015 15:50:14 Entrée dans ActionEvenement.php
07/04/2015 15:50:47 Entrée dans ActionJoueurs.php
07/04/2015 15:50:54 Entrée dans ActionAgenda.php
07/04/2015 15:50:56 Entrée dans ActionAgenda.php
07/04/2015 16:37:29 Entrée dans ActionAccueil.php
07/04/2015 16:37:30 Entrée dans ActionAccueil.php
07/04/2015 16:37:41 Entrée dans ActionClub.php
07/04/2015 21:42:10 Entrée dans ActionClub.php
08/04/2015 08:43:30 Entrée dans ActionAccueil.php
08/04/2015 12:05:20 Entrée dans ActionAccueil.php
08/04/2015 12:05:32 Entrée dans ActionAccueil.php
08/04/2015 12:05:34 Entrée dans ActionClub.php
08/04/2015 12:38:52 Entrée dans ActionAccueil.php
08/04/2015 12:53:30 Entrée dans ActionAccueil.php
08/04/2015 12:53:49 Entrée dans ActionAccueil.php
08/04/2015 12:54:18 Entrée dans ActionJoueurs.php
08/04/2015 13:22:23 Entrée dans ActionAccueil.php
08/04/2015 13:22:52 Entrée dans ActionAccueil.php
08/04/2015 13:22:55 Entrée dans ActionClub.php
08/04/2015 13:23:39 Entrée dans ActionEcoleDeFoot.php
08/04/2015 13:24:09 Entrée dans ActionClub.php
08/04/2015 13:24:25 Entrée dans ActionEcoleDeFoot.php
08/04/2015 13:24:27 Entrée dans ActionEcoleDeFoot.php
08/04/2015 13:24:34 Entrée dans ActionEcoleDeFoot.php
08/04/2015 13:24:50 Entrée dans ActionEcoleDeFoot.php
08/04/2015 13:25:39 Entrée dans ActionEcoleDeFoot.php
08/04/2015 13:30:58 Entrée dans ActionEcoleDeFoot.php
08/04/2015 15:14:05 Entrée dans ActionAccueil.php
08/04/2015 15:14:12 Entrée dans ActionClub.php
08/04/2015 15:18:29 Entrée dans ActionAccueil.php
08/04/2015 15:18:47 Entrée dans AfficherPopupArticle.php
08/04/2015 15:19:10 Entrée dans AfficherPopupArticle.php
08/04/2015 15:19:33 Entrée dans ActionAccueil.php
08/04/2015 15:19:38 Entrée dans ActionAccueil.php
08/04/2015 15:19:41 Entrée dans ActionClub.php
08/04/2015 15:20:07 Entrée dans ActionJoueurs.php
08/04/2015 15:20:42 Entrée dans ActionLogin.php
08/04/2015 15:20:42 Authentification de epetot.
08/04/2015 15:20:43 Entrée dans ActionProfil.php
08/04/2015 15:20:53 Entrée dans ActionPartenaire.php
08/04/2015 15:21:08 Entrée dans ActionArticle.php
08/04/2015 15:21:13 Entrée dans ActionMembre.php
08/04/2015 15:21:42 Entrée dans ActionAccueil.php
08/04/2015 15:21:45 Entrée dans ActionClub.php
08/04/2015 15:22:00 Entrée dans ActionJoueurs.php
08/04/2015 15:22:15 Entrée dans ActionAccueil.php
08/04/2015 16:46:18 Entrée dans ActionAccueil.php
08/04/2015 16:47:36 Entrée dans ActionJoueurs.php
08/04/2015 16:49:50 Entrée dans ActionClub.php
08/04/2015 17:38:54 Entrée dans ActionAccueil.php
08/04/2015 17:38:54 Entrée dans ActionAccueil.php
08/04/2015 17:38:55 Entrée dans ActionClub.php
08/04/2015 17:38:55 Entrée dans ActionClub.php
08/04/2015 17:38:55 Entrée dans ActionJoueurs.php
08/04/2015 17:38:55 Entrée dans ActionJoueurs.php
08/04/2015 17:38:55 Entrée dans ActionEcoleDeFoot.php
08/04/2015 17:38:55 Entrée dans ActionEcoleDeFoot.php
08/04/2015 17:38:55 Entrée dans ActionAgenda.php
08/04/2015 17:38:55 Entrée dans ActionAgenda.php
08/04/2015 17:38:56 Entrée dans ActionEvenement.php
08/04/2015 17:38:56 Entrée dans ActionEvenement.php
08/04/2015 17:38:56 Entrée dans ActionSponsor.php
08/04/2015 17:38:56 Entrée dans ActionSponsor.php
08/04/2015 21:42:28 Entrée dans ActionAgenda.php
09/04/2015 08:54:59 Entrée dans ActionAccueil.php
09/04/2015 10:21:08 Entrée dans ActionEvenement.php
09/04/2015 10:21:16 Entrée dans ActionAccueil.php
09/04/2015 11:42:05 Entrée dans ActionAccueil.php
09/04/2015 13:26:51 Entrée dans ActionAccueil.php
09/04/2015 14:40:36 Entrée dans ActionAccueil.php
09/04/2015 14:41:06 Entrée dans ActionEvenement.php
09/04/2015 14:41:15 Entrée dans ActionAgenda.php
09/04/2015 14:41:17 Entrée dans ActionAgenda.php
09/04/2015 14:41:24 Entrée dans ActionAccueil.php
09/04/2015 14:41:33 Entrée dans ActionAgenda.php
09/04/2015 15:36:37 Entrée dans ActionAccueil.php
09/04/2015 15:36:39 Entrée dans ActionClub.php
09/04/2015 19:31:33 Entrée dans ActionAccueil.php
09/04/2015 19:32:24 Entrée dans ActionEcoleDeFoot.php
09/04/2015 19:32:31 Entrée dans ActionEcoleDeFoot.php
09/04/2015 19:34:57 Entrée dans ActionEcoleDeFoot.php
09/04/2015 19:35:47 Entrée dans ActionEvenement.php
09/04/2015 19:37:02 Entrée dans ActionClub.php
09/04/2015 19:37:42 Entrée dans ActionEcoleDeFoot.php
09/04/2015 19:37:47 Entrée dans ActionEcoleDeFoot.php
09/04/2015 20:44:49 Entrée dans ActionAccueil.php
09/04/2015 20:45:01 Entrée dans ActionLogin.php
09/04/2015 20:45:02 Authentification de tsutter.
09/04/2015 20:45:02 Entrée dans ActionProfil.php
09/04/2015 20:45:05 Entrée dans GestionResultats.php
09/04/2015 20:45:12 Entrée dans ActionArticle.php
09/04/2015 20:45:13 Entrée dans ActionRencontre.php
09/04/2015 20:45:16 Entrée dans ActionRencontre.php
09/04/2015 20:45:20 Entrée dans GestionResultats.php
09/04/2015 20:45:28 Entrée dans ActionEquipe.php
09/04/2015 20:45:34 Entrée dans ActionUtilisateur.php
09/04/2015 20:45:44 Entrée dans GestionResultats.php
09/04/2015 22:25:06 Entrée dans ActionAccueil.php
09/04/2015 22:25:16 Entrée dans ActionLogin.php
09/04/2015 22:25:16 Authentification de tsutter.
09/04/2015 22:25:16 Entrée dans ActionProfil.php
09/04/2015 22:25:18 Entrée dans GestionResultats.php
09/04/2015 22:25:41 Entrée dans GestionResultats.php
09/04/2015 22:25:49 Entrée dans ActionAccueil.php
09/04/2015 22:30:09 Entrée dans ActionEvenement.php
10/04/2015 09:45:07 Entrée dans ActionAccueil.php
10/04/2015 10:41:41 Entrée dans ActionAccueil.php
10/04/2015 10:42:40 Entrée dans ActionJoueurs.php
10/04/2015 10:42:58 Entrée dans ActionAgenda.php
10/04/2015 10:42:59 Entrée dans ActionAgenda.php
10/04/2015 14:48:14 Entrée dans ActionAccueil.php
10/04/2015 14:48:38 Entrée dans ActionLogin.php
10/04/2015 14:48:38 Authentification de aissadi.
10/04/2015 14:48:39 Entrée dans ActionProfil.php
10/04/2015 14:48:46 Entrée dans GestionResultats.php
10/04/2015 14:49:02 Entrée dans ActionRencontre.php
10/04/2015 14:50:01 Entrée dans GestionResultats.php
10/04/2015 14:50:16 Entrée dans ActionEquipe.php
10/04/2015 14:50:26 Entrée dans ActionEquipe.php
10/04/2015 14:50:37 Entrée dans GestionResultats.php
10/04/2015 14:50:40 Entrée dans GestionResultats.php
10/04/2015 14:50:47 Entrée dans GestionResultats.php
10/04/2015 14:50:50 Entrée dans GestionResultats.php
10/04/2015 14:50:54 Entrée dans GestionResultats.php
10/04/2015 14:51:00 Entrée dans ActionRencontre.php
10/04/2015 14:53:27 Entrée dans ActionArticle.php
10/04/2015 14:54:41 Entrée dans ActionEquipe.php
10/04/2015 14:54:48 Entrée dans ActionEquipe.php
10/04/2015 14:55:01 Entrée dans ActionMembre.php
10/04/2015 14:55:05 Entrée dans ActionEquipe.php
10/04/2015 14:55:20 Entrée dans ActionMembre.php
10/04/2015 14:55:23 Entrée dans ActionMembre.php
10/04/2015 14:55:25 Entrée dans ActionEquipe.php
10/04/2015 14:55:33 Entrée dans ActionEquipe.php
10/04/2015 14:55:43 Entrée dans ActionMembre.php
10/04/2015 14:55:58 Entrée dans ActionMembre.php
10/04/2015 14:56:46 Entrée dans ActionAccueil.php
10/04/2015 14:58:53 Entrée dans ActionJoueurs.php
10/04/2015 19:43:33 Entrée dans ActionAccueil.php
11/04/2015 00:04:24 Entrée dans ActionEcoleDeFoot.php
11/04/2015 00:04:27 Entrée dans ActionEcoleDeFoot.php
11/04/2015 01:20:11 Entrée dans ActionClub.php
11/04/2015 02:23:45 Entrée dans ActionAccueil.php
11/04/2015 02:42:04 Entrée dans ActionAccueil.php
11/04/2015 07:47:12 Entrée dans ActionAccueil.php
11/04/2015 07:48:18 Entrée dans AfficherPopupArticle.php
11/04/2015 07:48:39 Entrée dans ActionEcoleDeFoot.php
11/04/2015 07:48:44 Entrée dans ActionEvenement.php
11/04/2015 10:26:20 Entrée dans ActionAccueil.php
11/04/2015 10:27:00 Entrée dans ActionClub.php
11/04/2015 12:17:39 Entrée dans ActionAccueil.php
11/04/2015 12:17:41 Entrée dans ActionEvenement.php
11/04/2015 12:19:51 Entrée dans ActionEvenement.php
11/04/2015 12:25:54 Entrée dans ActionEvenement.php
11/04/2015 12:31:13 Entrée dans ActionEvenement.php
11/04/2015 12:31:24 Entrée dans ActionAccueil.php
11/04/2015 12:31:40 Entrée dans ActionLogin.php
11/04/2015 12:31:40 Authentification de tsutter.
11/04/2015 12:31:40 Entrée dans ActionProfil.php
11/04/2015 12:35:19 Entrée dans ActionArticle.php
11/04/2015 12:35:49 Entrée dans ActionArticle.php
11/04/2015 12:35:51 Entrée dans ActionAccueil.php
11/04/2015 12:35:51 Entrée dans ActionAccueil.php
11/04/2015 12:35:54 Entrée dans AfficherPopupArticle.php
11/04/2015 14:11:19 Entrée dans ActionAccueil.php
11/04/2015 14:11:31 Entrée dans ActionAccueil.php
11/04/2015 14:11:35 Entrée dans ActionClub.php
11/04/2015 17:03:44 Entrée dans ActionAccueil.php
11/04/2015 18:02:14 Entrée dans ActionAccueil.php
11/04/2015 18:03:07 Entrée dans AfficherPopupArticle.php
11/04/2015 18:21:58 Entrée dans ActionAccueil.php
11/04/2015 18:22:18 Entrée dans ActionAgenda.php
11/04/2015 18:22:19 Entrée dans ActionAgenda.php
11/04/2015 18:22:20 Entrée dans ActionAccueil.php
11/04/2015 18:22:24 Entrée dans ActionAgenda.php
11/04/2015 18:24:33 Entrée dans ActionAccueil.php
11/04/2015 18:24:33 Entrée dans ActionAccueil.php
11/04/2015 18:25:07 Entrée dans ActionEcoleDeFoot.php
11/04/2015 18:25:11 Entrée dans ActionEcoleDeFoot.php
11/04/2015 18:25:11 Entrée dans ActionEcoleDeFoot.php
11/04/2015 18:25:59 Entrée dans ActionEcoleDeFoot.php
11/04/2015 18:26:15 Entrée dans ActionAccueil.php
11/04/2015 18:26:18 Entrée dans AfficherPopupArticle.php
11/04/2015 18:26:19 Entrée dans AfficherPopupArticle.php
11/04/2015 18:26:41 Entrée dans AfficherPopupArticle.php
11/04/2015 18:27:38 Entrée dans AfficherPopupArticle.php
11/04/2015 18:27:51 Entrée dans ActionAgenda.php
11/04/2015 18:27:51 Entrée dans ActionAgenda.php
11/04/2015 18:27:52 Entrée dans ActionAgenda.php
11/04/2015 18:59:04 Entrée dans ActionAccueil.php
11/04/2015 20:40:33 Entrée dans ActionAccueil.php
11/04/2015 20:41:26 Entrée dans AfficherPopupArticle.php
11/04/2015 20:41:35 Entrée dans ActionEvenement.php
11/04/2015 20:42:00 Entrée dans ActionAgenda.php
11/04/2015 20:42:02 Entrée dans ActionAgenda.php
11/04/2015 20:42:30 Entrée dans ActionEvenement.php
11/04/2015 20:43:14 Entrée dans ActionEcoleDeFoot.php
11/04/2015 20:43:22 Entrée dans ActionEcoleDeFoot.php
11/04/2015 20:44:06 Entrée dans ActionAccueil.php
11/04/2015 20:44:13 Entrée dans AfficherPopupArticle.php
11/04/2015 21:57:24 Entrée dans ActionAccueil.php
11/04/2015 21:57:41 Entrée dans ActionClub.php
11/04/2015 21:58:10 Entrée dans ActionEcoleDeFoot.php
11/04/2015 21:58:20 Entrée dans ActionEcoleDeFoot.php
11/04/2015 21:58:58 Entrée dans ActionEcoleDeFoot.php
11/04/2015 21:59:23 Entrée dans ActionEcoleDeFoot.php
11/04/2015 22:00:33 Entrée dans ActionEcoleDeFoot.php
11/04/2015 22:00:38 Entrée dans ActionEcoleDeFoot.php
11/04/2015 22:03:10 Entrée dans ActionEcoleDeFoot.php
11/04/2015 22:42:26 Entrée dans ActionAccueil.php
11/04/2015 22:42:38 Entrée dans ActionEvenement.php
11/04/2015 22:42:42 Entrée dans ActionClub.php
11/04/2015 22:42:46 Entrée dans ActionJoueurs.php
12/04/2015 00:09:18 Entrée dans ActionAccueil.php
12/04/2015 00:10:53 Entrée dans ActionAgenda.php
12/04/2015 00:10:54 Entrée dans ActionAgenda.php
12/04/2015 00:11:01 Entrée dans ActionEvenement.php
12/04/2015 00:13:54 Entrée dans ActionAccueil.php
12/04/2015 00:14:09 Entrée dans AfficherPopupArticle.php
12/04/2015 00:14:23 Entrée dans ActionJoueurs.php
12/04/2015 00:16:48 Entrée dans ActionAccueil.php
12/04/2015 00:16:52 Entrée dans ActionClub.php
12/04/2015 00:16:56 Entrée dans ActionEcoleDeFoot.php
12/04/2015 00:17:20 Entrée dans ActionEcoleDeFoot.php
12/04/2015 00:17:32 Entrée dans ActionEcoleDeFoot.php
12/04/2015 00:17:34 Entrée dans ActionEcoleDeFoot.php
12/04/2015 08:24:09 Entrée dans ActionAccueil.php
12/04/2015 08:24:19 Entrée dans AfficherPopupArticle.php
12/04/2015 08:24:45 Entrée dans AfficherPopupArticle.php
12/04/2015 08:25:55 Entrée dans AfficherPopupArticle.php
12/04/2015 09:47:11 Entrée dans ActionAccueil.php
12/04/2015 09:47:22 Entrée dans ActionAgenda.php
12/04/2015 09:47:23 Entrée dans ActionAgenda.php
12/04/2015 09:47:36 Entrée dans ActionAccueil.php
12/04/2015 09:48:16 Entrée dans ActionEcoleDeFoot.php
12/04/2015 09:48:19 Entrée dans ActionAgenda.php
12/04/2015 09:48:19 Entrée dans ActionAgenda.php
12/04/2015 09:48:20 Entrée dans ActionEvenement.php
12/04/2015 10:09:34 Entrée dans ActionAccueil.php
12/04/2015 12:15:06 Entrée dans ActionAccueil.php
12/04/2015 12:38:02 Entrée dans ActionAccueil.php
12/04/2015 12:38:38 Entrée dans AfficherPopupArticle.php
12/04/2015 12:44:00 Entrée dans ActionAccueil.php
12/04/2015 12:44:47 Entrée dans ActionJoueurs.php
12/04/2015 12:44:53 Entrée dans ActionAgenda.php
12/04/2015 12:44:55 Entrée dans ActionAgenda.php
12/04/2015 12:46:05 Entrée dans ActionAgenda.php
12/04/2015 12:46:06 Entrée dans ActionAgenda.php
12/04/2015 12:46:10 Entrée dans ActionEcoleDeFoot.php
12/04/2015 12:46:14 Entrée dans ActionEcoleDeFoot.php
12/04/2015 12:46:16 Entrée dans ActionEcoleDeFoot.php
12/04/2015 12:47:43 Entrée dans ActionAccueil.php
12/04/2015 12:48:12 Entrée dans ActionJoueurs.php
12/04/2015 13:05:18 Entrée dans ActionAccueil.php
12/04/2015 13:05:31 Entrée dans ActionJoueurs.php
12/04/2015 13:05:55 Entrée dans ActionClub.php
12/04/2015 13:46:55 Entrée dans ActionAccueil.php
12/04/2015 14:19:57 Entrée dans ActionEcoleDeFoot.php
12/04/2015 14:20:00 Entrée dans ActionEcoleDeFoot.php
12/04/2015 14:20:05 Entrée dans ActionAgenda.php
12/04/2015 14:20:06 Entrée dans ActionAgenda.php
12/04/2015 14:20:32 Entrée dans ActionAgenda.php
12/04/2015 18:41:38 Entrée dans ActionAccueil.php
12/04/2015 18:42:14 Entrée dans ActionEcoleDeFoot.php
12/04/2015 18:42:21 Entrée dans ActionEcoleDeFoot.php
13/04/2015 00:12:39 Entrée dans ActionAccueil.php
13/04/2015 00:12:40 Entrée dans ActionAgenda.php
13/04/2015 00:12:41 Entrée dans ActionClub.php
13/04/2015 00:12:42 Entrée dans ActionEcoleDeFoot.php
13/04/2015 00:12:42 Entrée dans ActionEvenement.php
13/04/2015 00:12:42 Entrée dans ActionJoueurs.php
13/04/2015 00:12:43 Entrée dans ActionSponsor.php
13/04/2015 05:08:04 Entrée dans ActionAccueil.php
13/04/2015 07:28:51 Entrée dans ActionAccueil.php
13/04/2015 11:34:28 Entrée dans ActionAccueil.php
13/04/2015 11:34:48 Entrée dans AfficherPopupArticle.php
13/04/2015 11:56:48 Entrée dans ActionAccueil.php
13/04/2015 20:09:14 Entrée dans ActionAccueil.php
13/04/2015 20:10:01 Entrée dans ActionJoueurs.php
14/04/2015 02:05:30 Entrée dans ActionAccueil.php
14/04/2015 02:06:12 Entrée dans ActionClub.php
14/04/2015 02:06:50 Entrée dans ActionJoueurs.php
14/04/2015 02:06:50 Entrée dans ActionJoueurs.php
14/04/2015 02:09:36 Entrée dans ActionAccueil.php
14/04/2015 05:53:35 Entrée dans ActionEvenement.php
14/04/2015 05:53:49 Entrée dans ActionAccueil.php
14/04/2015 11:47:50 Entrée dans ActionAccueil.php
14/04/2015 11:47:54 Entrée dans ActionClub.php
14/04/2015 11:48:22 Entrée dans ActionEcoleDeFoot.php
14/04/2015 11:48:25 Entrée dans ActionEcoleDeFoot.php
14/04/2015 11:48:31 Entrée dans ActionClub.php
14/04/2015 11:48:50 Entrée dans ActionEcoleDeFoot.php
14/04/2015 11:48:58 Entrée dans ActionLogin.php
14/04/2015 11:48:58 Authentification de tsutter.
14/04/2015 11:48:58 Entrée dans ActionProfil.php
14/04/2015 11:48:59 Entrée dans ActionAccueil.php
14/04/2015 11:49:03 Entrée dans ActionMembre.php
14/04/2015 11:49:08 Entrée dans ActionMembre.php
14/04/2015 11:49:12 Entrée dans RechercherMembre.php
14/04/2015 11:49:20 Entrée dans ActionUtilisateur.php
14/04/2015 11:49:25 Entrée dans RechercherEquipe.php
14/04/2015 11:50:14 Entrée dans ActionAccueil.php
14/04/2015 11:50:17 Entrée dans ActionClub.php
14/04/2015 11:50:39 Entrée dans ActionSponsor.php
14/04/2015 11:50:42 Entrée dans ActionAccueil.php
14/04/2015 12:48:31 Entrée dans ActionAccueil.php
14/04/2015 14:38:50 Entrée dans ActionAccueil.php
14/04/2015 14:39:34 Entrée dans ActionClub.php
14/04/2015 14:40:02 Entrée dans ActionJoueurs.php
14/04/2015 14:41:15 Entrée dans ActionSponsor.php
14/04/2015 14:41:17 Entrée dans ActionEvenement.php
14/04/2015 14:41:38 Entrée dans ActionAgenda.php
14/04/2015 14:41:39 Entrée dans ActionAgenda.php
14/04/2015 15:40:56 Entrée dans ActionAccueil.php
14/04/2015 16:09:29 Entrée dans ActionAccueil.php
14/04/2015 16:10:09 Entrée dans AfficherPopupArticle.php
14/04/2015 16:10:24 Entrée dans ActionClub.php
14/04/2015 16:10:32 Entrée dans ActionJoueurs.php
14/04/2015 16:10:43 Entrée dans ActionClub.php
14/04/2015 17:53:19 Entrée dans ActionAccueil.php
14/04/2015 17:54:40 Entrée dans ActionClub.php
14/04/2015 17:56:17 Entrée dans ActionEcoleDeFoot.php
14/04/2015 17:56:31 Entrée dans ActionEcoleDeFoot.php
14/04/2015 23:54:45 Entrée dans ActionAccueil.php
14/04/2015 23:54:45 Entrée dans ActionAgenda.php
14/04/2015 23:54:46 Entrée dans ActionClub.php
14/04/2015 23:54:46 Entrée dans ActionEcoleDeFoot.php
14/04/2015 23:54:46 Entrée dans ActionEvenement.php
14/04/2015 23:54:46 Entrée dans ActionJoueurs.php
14/04/2015 23:54:47 Entrée dans ActionSponsor.php
14/04/2015 23:54:47 Entrée dans AfficherPopupArticle.php
14/04/2015 23:54:47 Entrée dans ActionAccueil.php
14/04/2015 23:54:47 Entrée dans RechercherArticle.php
14/04/2015 23:54:48 Entrée dans ActionAccueil.php
14/04/2015 23:54:48 Entrée dans ActionAccueil.php
14/04/2015 23:54:50 Entrée dans ActionProfil.php
14/04/2015 23:54:50 Entrée dans ActionAccueil.php
14/04/2015 23:54:50 Entrée dans ActionLogin.php
14/04/2015 23:54:50 Entrée dans ActionProfil.php
14/04/2015 23:54:50 Entrée dans ActionAccueil.php
15/04/2015 08:27:47 Entrée dans ActionAccueil.php
15/04/2015 08:27:59 Entrée dans ActionEvenement.php
15/04/2015 11:41:26 Entrée dans ActionAccueil.php
15/04/2015 12:10:59 Entrée dans ActionAccueil.php
15/04/2015 12:11:27 Entrée dans ActionAccueil.php
15/04/2015 12:11:34 Entrée dans ActionJoueurs.php
15/04/2015 17:20:33 Entrée dans ActionAccueil.php
15/04/2015 17:20:44 Entrée dans AfficherPopupArticle.php
15/04/2015 17:21:00 Entrée dans AfficherPopupArticle.php
15/04/2015 22:57:59 Entrée dans ActionAccueil.php
15/04/2015 22:58:40 Entrée dans AfficherPopupArticle.php
15/04/2015 22:59:05 Entrée dans AfficherPopupArticle.php
15/04/2015 23:00:29 Entrée dans AfficherPopupArticle.php
15/04/2015 23:01:55 Entrée dans AfficherPopupArticle.php
16/04/2015 06:59:27 Entrée dans ActionAccueil.php
16/04/2015 07:00:33 Entrée dans ActionEcoleDeFoot.php
16/04/2015 07:00:43 Entrée dans ActionEcoleDeFoot.php
16/04/2015 09:33:43 Entrée dans ActionAccueil.php
16/04/2015 11:22:12 Entrée dans ActionAccueil.php
16/04/2015 11:34:22 Entrée dans ActionAccueil.php
16/04/2015 15:34:22 Entrée dans ActionEvenement.php
16/04/2015 15:34:24 Entrée dans ActionAccueil.php
16/04/2015 15:34:28 Entrée dans ActionAccueil.php
16/04/2015 15:35:29 Entrée dans ActionLogin.php
16/04/2015 15:35:29 Authentification de aissadi.
16/04/2015 15:35:30 Entrée dans ActionProfil.php
16/04/2015 15:35:38 Entrée dans ActionArticle.php
16/04/2015 15:35:57 Entrée dans GestionResultats.php
16/04/2015 15:36:11 Entrée dans GestionResultats.php
16/04/2015 15:36:26 Entrée dans ActionAccueil.php
16/04/2015 15:37:59 Entrée dans AfficherPopupArticle.php
16/04/2015 15:38:32 Entrée dans AfficherPopupArticle.php
16/04/2015 17:13:38 Entrée dans ActionAccueil.php
16/04/2015 17:14:11 Entrée dans AfficherPopupArticle.php
16/04/2015 17:31:00 Entrée dans ActionEcoleDeFoot.php
16/04/2015 17:31:17 Entrée dans ActionEcoleDeFoot.php
16/04/2015 17:31:50 Entrée dans ActionEcoleDeFoot.php
16/04/2015 17:31:56 Entrée dans ActionEcoleDeFoot.php
16/04/2015 19:42:38 Entrée dans ActionClub.php
16/04/2015 22:18:03 Entrée dans ActionAccueil.php
16/04/2015 22:18:38 Entrée dans ActionLogin.php
16/04/2015 22:18:38 Authentification de fgastrini.
16/04/2015 22:18:38 Entrée dans ActionProfil.php
16/04/2015 22:18:50 Entrée dans ActionRencontre.php
16/04/2015 22:18:56 Entrée dans GestionResultats.php
16/04/2015 22:19:12 Entrée dans GestionResultats.php
16/04/2015 22:19:24 Entrée dans ActionEquipe.php
16/04/2015 22:19:43 Entrée dans ActionMembre.php
16/04/2015 22:19:59 Entrée dans ActionRencontre.php
16/04/2015 22:20:08 Entrée dans ActionRencontre.php
16/04/2015 22:20:16 Entrée dans ActionArticle.php
16/04/2015 22:20:36 Entrée dans RechercherArticle.php
16/04/2015 22:20:46 Entrée dans ActionArticle.php
16/04/2015 22:20:48 Entrée dans ActionPartenaire.php
16/04/2015 22:21:25 Entrée dans ActionAccueil.php
16/04/2015 22:22:36 Entrée dans ActionAgenda.php
16/04/2015 22:22:46 Entrée dans ActionAgenda.php
16/04/2015 22:22:47 Entrée dans ActionAgenda.php
16/04/2015 22:22:55 Entrée dans ActionEvenement.php
16/04/2015 22:23:12 Entrée dans ActionEcoleDeFoot.php
16/04/2015 22:23:17 Entrée dans ActionEcoleDeFoot.php
16/04/2015 22:23:53 Entrée dans ActionProfil.php
16/04/2015 22:23:58 Entrée dans ActionArticle.php
16/04/2015 22:24:38 Entrée dans ActionAccueil.php
16/04/2015 22:24:38 Entrée dans ActionAccueil.php
16/04/2015 22:24:52 Entrée dans AfficherPopupArticle.php
17/04/2015 01:39:12 Entrée dans ActionAccueil.php
17/04/2015 01:39:22 Entrée dans AfficherPopupArticle.php
17/04/2015 01:39:28 Entrée dans AfficherPopupArticle.php
17/04/2015 01:39:34 Entrée dans AfficherPopupArticle.php
17/04/2015 01:39:48 Entrée dans AfficherPopupArticle.php
17/04/2015 01:40:23 Entrée dans AfficherPopupArticle.php
17/04/2015 01:40:35 Entrée dans AfficherPopupArticle.php
17/04/2015 01:40:45 Entrée dans AfficherPopupArticle.php
17/04/2015 01:41:02 Entrée dans ActionEcoleDeFoot.php
17/04/2015 01:41:37 Entrée dans ActionEcoleDeFoot.php
17/04/2015 01:41:39 Entrée dans ActionEcoleDeFoot.php
17/04/2015 01:41:46 Entrée dans ActionEcoleDeFoot.php
17/04/2015 01:41:51 Entrée dans ActionEvenement.php
17/04/2015 01:42:07 Entrée dans ActionJoueurs.php
17/04/2015 01:43:26 Entrée dans ActionClub.php
17/04/2015 01:45:49 Entrée dans ActionJoueurs.php
17/04/2015 11:16:23 Entrée dans ActionAccueil.php
17/04/2015 11:16:37 Entrée dans ActionEcoleDeFoot.php
17/04/2015 11:16:44 Entrée dans ActionClub.php
17/04/2015 11:16:49 Entrée dans ActionEvenement.php
17/04/2015 11:16:54 Entrée dans ActionSponsor.php
17/04/2015 14:20:04 Entrée dans ActionAccueil.php
17/04/2015 14:20:54 Entrée dans ActionJoueurs.php
17/04/2015 14:20:58 Entrée dans ActionClub.php
17/04/2015 14:21:05 Entrée dans ActionAccueil.php
17/04/2015 14:21:20 Entrée dans AfficherPopupArticle.php
17/04/2015 14:21:44 Entrée dans AfficherPopupArticle.php
17/04/2015 14:33:15 Entrée dans ActionAccueil.php
17/04/2015 17:54:23 Entrée dans ActionJoueurs.php
17/04/2015 17:58:36 Entrée dans ActionAgenda.php
17/04/2015 17:59:01 Entrée dans ActionAgenda.php
17/04/2015 18:33:59 Entrée dans ActionAccueil.php
17/04/2015 22:32:13 Entrée dans ActionAccueil.php
17/04/2015 22:33:06 Entrée dans ActionClub.php
17/04/2015 22:33:25 Entrée dans ActionEvenement.php
17/04/2015 22:33:33 Entrée dans ActionJoueurs.php
17/04/2015 22:33:40 Entrée dans ActionClub.php
17/04/2015 22:33:51 Entrée dans ActionClub.php
17/04/2015 22:34:01 Entrée dans ActionAccueil.php
17/04/2015 22:34:45 Entrée dans ActionAccueil.php
17/04/2015 22:34:46 Entrée dans ActionAccueil.php
17/04/2015 22:34:51 Entrée dans ActionAccueil.php
17/04/2015 22:34:57 Entrée dans ActionAccueil.php
17/04/2015 22:35:16 Entrée dans ActionAccueil.php
17/04/2015 22:43:42 Entrée dans ActionAccueil.php
17/04/2015 22:44:29 Entrée dans AfficherPopupArticle.php
18/04/2015 12:01:44 Entrée dans ActionAccueil.php
18/04/2015 12:04:06 Entrée dans ActionJoueurs.php
18/04/2015 12:04:55 Entrée dans ActionAccueil.php
18/04/2015 12:04:59 Entrée dans ActionAccueil.php
18/04/2015 12:05:22 Entrée dans ActionJoueurs.php
18/04/2015 18:57:40 Entrée dans ActionAccueil.php
18/04/2015 18:58:58 Entrée dans AfficherPopupArticle.php
18/04/2015 18:59:46 Entrée dans AfficherPopupArticle.php
18/04/2015 20:00:50 Entrée dans ActionAccueil.php
18/04/2015 20:00:57 Entrée dans AfficherPopupArticle.php
19/04/2015 00:47:55 Entrée dans ActionAccueil.php
19/04/2015 03:20:51 Entrée dans ActionJoueurs.php
19/04/2015 08:06:00 Entrée dans ActionAccueil.php
19/04/2015 08:06:07 Entrée dans AfficherPopupArticle.php
19/04/2015 10:23:02 Entrée dans ActionAccueil.php
19/04/2015 10:23:10 Entrée dans AfficherPopupArticle.php
19/04/2015 13:50:50 Entrée dans ActionAccueil.php
19/04/2015 13:50:57 Entrée dans AfficherPopupArticle.php
20/04/2015 05:48:45 Entrée dans ActionAccueil.php
20/04/2015 05:48:50 Entrée dans ActionClub.php
20/04/2015 05:48:52 Entrée dans ActionJoueurs.php
20/04/2015 05:48:54 Entrée dans ActionEcoleDeFoot.php
20/04/2015 05:48:56 Entrée dans ActionAgenda.php
20/04/2015 05:48:59 Entrée dans ActionEvenement.php
20/04/2015 05:49:01 Entrée dans ActionSponsor.php
20/04/2015 07:49:19 Entrée dans ActionAccueil.php
20/04/2015 07:49:32 Entrée dans ActionClub.php
20/04/2015 07:49:42 Entrée dans ActionAgenda.php
20/04/2015 07:49:52 Entrée dans ActionSponsor.php
20/04/2015 07:50:02 Entrée dans ActionJoueurs.php
20/04/2015 07:50:17 Entrée dans ActionEvenement.php
20/04/2015 07:50:27 Entrée dans ActionEcoleDeFoot.php
20/04/2015 13:39:37 Entrée dans ActionAccueil.php
20/04/2015 13:49:59 Entrée dans ActionAccueil.php
20/04/2015 13:50:10 Entrée dans AfficherPopupArticle.php
20/04/2015 13:50:44 Entrée dans AfficherPopupArticle.php
20/04/2015 13:50:59 Entrée dans AfficherPopupArticle.php
20/04/2015 13:51:27 Entrée dans AfficherPopupArticle.php
20/04/2015 14:19:22 Entrée dans ActionEvenement.php
20/04/2015 14:54:10 Entrée dans ActionAccueil.php
20/04/2015 14:54:49 Entrée dans ActionJoueurs.php
20/04/2015 14:55:50 Entrée dans ActionClub.php
20/04/2015 14:55:56 Entrée dans ActionAccueil.php
20/04/2015 14:55:58 Entrée dans ActionJoueurs.php
20/04/2015 14:56:08 Entrée dans ActionEcoleDeFoot.php
20/04/2015 14:56:18 Entrée dans ActionAgenda.php
20/04/2015 14:56:19 Entrée dans ActionAgenda.php
20/04/2015 14:56:28 Entrée dans ActionEvenement.php
20/04/2015 14:56:30 Entrée dans ActionSponsor.php
20/04/2015 17:36:21 Entrée dans ActionAccueil.php
20/04/2015 17:37:58 Entrée dans ActionAccueil.php
20/04/2015 17:38:08 Entrée dans ActionClub.php
20/04/2015 17:38:18 Entrée dans ActionJoueurs.php
20/04/2015 17:38:36 Entrée dans ActionJoueurs.php
20/04/2015 17:38:48 Entrée dans ActionAgenda.php
20/04/2015 17:38:50 Entrée dans ActionAgenda.php
20/04/2015 17:39:23 Entrée dans ActionEvenement.php
20/04/2015 17:39:28 Entrée dans ActionSponsor.php
20/04/2015 17:39:59 Entrée dans ActionAccueil.php
20/04/2015 17:40:23 Entrée dans AfficherPopupArticle.php
20/04/2015 17:40:39 Entrée dans AfficherPopupArticle.php
20/04/2015 17:41:02 Entrée dans AfficherPopupArticle.php
20/04/2015 17:41:15 Entrée dans AfficherPopupArticle.php
20/04/2015 17:41:24 Entrée dans AfficherPopupArticle.php
20/04/2015 17:41:36 Entrée dans ActionClub.php
20/04/2015 17:41:41 Entrée dans ActionJoueurs.php
21/04/2015 05:14:08 Entrée dans ActionAgenda.php
21/04/2015 05:14:10 Entrée dans ActionClub.php
21/04/2015 05:14:11 Entrée dans ActionEvenement.php
21/04/2015 05:14:12 Entrée dans ActionJoueurs.php
21/04/2015 05:14:13 Entrée dans ActionEcoleDeFoot.php
21/04/2015 05:14:15 Entrée dans ActionSponsor.php
21/04/2015 05:14:15 Entrée dans ActionAccueil.php
21/04/2015 10:14:24 Entrée dans ActionAccueil.php
21/04/2015 10:15:23 Entrée dans AfficherPopupArticle.php
21/04/2015 10:16:52 Entrée dans AfficherPopupArticle.php
21/04/2015 10:17:43 Entrée dans ActionAccueil.php
21/04/2015 11:22:49 Entrée dans ActionEvenement.php
21/04/2015 11:23:39 Entrée dans ActionEcoleDeFoot.php
21/04/2015 11:24:05 Entrée dans ActionEcoleDeFoot.php
21/04/2015 11:28:37 Entrée dans ActionAgenda.php
21/04/2015 11:28:38 Entrée dans ActionAgenda.php
21/04/2015 11:29:05 Entrée dans ActionAccueil.php
21/04/2015 11:29:50 Entrée dans AfficherPopupArticle.php
21/04/2015 11:30:29 Entrée dans AfficherPopupArticle.php
21/04/2015 11:30:41 Entrée dans ActionClub.php
21/04/2015 11:30:58 Entrée dans ActionJoueurs.php
21/04/2015 11:31:31 Entrée dans ActionEcoleDeFoot.php
21/04/2015 11:44:09 Entrée dans ActionJoueurs.php
21/04/2015 12:54:16 Entrée dans ActionAccueil.php
21/04/2015 12:54:59 Entrée dans ActionClub.php
21/04/2015 12:55:46 Entrée dans ActionEcoleDeFoot.php
21/04/2015 12:55:52 Entrée dans ActionEcoleDeFoot.php
21/04/2015 12:56:54 Entrée dans ActionEvenement.php
21/04/2015 12:57:09 Entrée dans ActionSponsor.php
21/04/2015 12:57:24 Entrée dans ActionClub.php
21/04/2015 12:57:30 Entrée dans ActionEcoleDeFoot.php
21/04/2015 12:57:34 Entrée dans ActionEcoleDeFoot.php
21/04/2015 12:57:45 Entrée dans ActionEcoleDeFoot.php
21/04/2015 12:57:53 Entrée dans ActionEcoleDeFoot.php
21/04/2015 12:58:06 Entrée dans ActionEcoleDeFoot.php
21/04/2015 15:13:07 Entrée dans ActionAccueil.php
21/04/2015 15:14:06 Entrée dans AfficherPopupArticle.php
21/04/2015 16:35:46 Entrée dans ActionJoueurs.php
21/04/2015 16:41:54 Entrée dans ActionAccueil.php
21/04/2015 16:42:16 Entrée dans AfficherPopupArticle.php
21/04/2015 16:42:37 Entrée dans AfficherPopupArticle.php
21/04/2015 16:43:32 Entrée dans AfficherPopupArticle.php
21/04/2015 16:43:52 Entrée dans AfficherPopupArticle.php
21/04/2015 16:44:10 Entrée dans AfficherPopupArticle.php
21/04/2015 16:48:41 Entrée dans AfficherPopupArticle.php
21/04/2015 16:49:18 Entrée dans AfficherPopupArticle.php
21/04/2015 16:49:23 Entrée dans AfficherPopupArticle.php
21/04/2015 16:52:04 Entrée dans ActionAgenda.php
21/04/2015 16:52:06 Entrée dans ActionAgenda.php
21/04/2015 16:52:23 Entrée dans ActionAgenda.php
21/04/2015 16:52:28 Entrée dans ActionAgenda.php
21/04/2015 16:52:30 Entrée dans ActionAgenda.php
21/04/2015 16:52:43 Entrée dans ActionAgenda.php
21/04/2015 16:52:44 Entrée dans ActionAgenda.php
21/04/2015 16:52:46 Entrée dans ActionClub.php
21/04/2015 16:53:00 Entrée dans ActionAccueil.php
21/04/2015 17:13:43 Entrée dans ActionAccueil.php
21/04/2015 17:13:52 Entrée dans AfficherPopupArticle.php
21/04/2015 19:40:56 Entrée dans ActionAccueil.php
21/04/2015 19:41:28 Entrée dans AfficherPopupArticle.php
21/04/2015 19:41:42 Entrée dans AfficherPopupArticle.php
21/04/2015 20:33:06 Entrée dans ActionAccueil.php
21/04/2015 21:12:07 Entrée dans ActionAccueil.php
21/04/2015 21:12:36 Entrée dans AfficherPopupArticle.php
21/04/2015 21:20:22 Entrée dans ActionAccueil.php
21/04/2015 21:20:26 Entrée dans AfficherPopupArticle.php
21/04/2015 21:35:49 Entrée dans ActionAccueil.php
21/04/2015 21:35:53 Entrée dans AfficherPopupArticle.php
21/04/2015 22:07:45 Entrée dans AfficherPopupArticle.php
21/04/2015 22:08:50 Entrée dans AfficherPopupArticle.php
21/04/2015 22:42:12 Entrée dans ActionAccueil.php
21/04/2015 22:42:57 Entrée dans ActionAccueil.php
21/04/2015 22:43:03 Entrée dans AfficherPopupArticle.php
21/04/2015 22:43:32 Entrée dans ActionEvenement.php
21/04/2015 22:43:42 Entrée dans AfficherPopupArticle.php
21/04/2015 22:44:08 Entrée dans AfficherPopupArticle.php
21/04/2015 22:44:11 Entrée dans AfficherPopupArticle.php
21/04/2015 22:44:50 Entrée dans ActionEcoleDeFoot.php
21/04/2015 22:45:19 Entrée dans ActionEcoleDeFoot.php
21/04/2015 22:46:28 Entrée dans ActionClub.php
21/04/2015 22:46:32 Entrée dans ActionAccueil.php
21/04/2015 22:46:36 Entrée dans ActionAgenda.php
21/04/2015 22:46:36 Entrée dans ActionAgenda.php
21/04/2015 22:46:45 Entrée dans ActionEvenement.php
21/04/2015 23:20:09 Entrée dans ActionAccueil.php
22/04/2015 07:17:45 Entrée dans ActionEcoleDeFoot.php
22/04/2015 10:48:52 Entrée dans ActionAccueil.php
22/04/2015 12:50:50 Entrée dans ActionAccueil.php
22/04/2015 12:50:51 Entrée dans ActionClub.php
22/04/2015 12:50:51 Entrée dans ActionJoueurs.php
22/04/2015 12:50:51 Entrée dans ActionEcoleDeFoot.php
22/04/2015 12:50:51 Entrée dans ActionAgenda.php
22/04/2015 12:50:52 Entrée dans ActionEvenement.php
22/04/2015 12:50:52 Entrée dans ActionSponsor.php
22/04/2015 16:55:45 Entrée dans ActionAccueil.php
22/04/2015 16:55:58 Entrée dans AfficherPopupArticle.php
22/04/2015 16:57:15 Entrée dans ActionAccueil.php
22/04/2015 18:12:38 Entrée dans ActionAccueil.php
22/04/2015 18:13:04 Entrée dans ActionEvenement.php
22/04/2015 18:14:58 Entrée dans ActionAccueil.php
22/04/2015 18:15:02 Entrée dans AfficherPopupArticle.php
22/04/2015 18:15:25 Entrée dans ActionEvenement.php
22/04/2015 18:15:58 Entrée dans ActionEvenement.php
22/04/2015 18:44:11 Entrée dans ActionAccueil.php
22/04/2015 18:44:16 Entrée dans ActionEvenement.php
22/04/2015 18:45:21 Entrée dans AfficherPopupArticle.php
22/04/2015 18:46:24 Entrée dans AfficherPopupArticle.php
22/04/2015 18:47:59 Entrée dans ActionAccueil.php
22/04/2015 18:48:43 Entrée dans AfficherPopupArticle.php
22/04/2015 18:48:59 Entrée dans AfficherPopupArticle.php
22/04/2015 19:50:17 Entrée dans ActionAccueil.php
22/04/2015 19:51:08 Entrée dans AfficherPopupArticle.php
22/04/2015 19:51:28 Entrée dans ActionEcoleDeFoot.php
22/04/2015 19:51:53 Entrée dans ActionEcoleDeFoot.php
22/04/2015 19:52:53 Entrée dans ActionEcoleDeFoot.php
22/04/2015 19:53:33 Entrée dans ActionEcoleDeFoot.php
22/04/2015 19:54:24 Entrée dans ActionEcoleDeFoot.php
22/04/2015 19:54:47 Entrée dans ActionEcoleDeFoot.php
22/04/2015 20:02:06 Entrée dans ActionAccueil.php
22/04/2015 20:28:33 Entrée dans ActionAccueil.php
22/04/2015 20:28:40 Entrée dans ActionAccueil.php
22/04/2015 20:29:08 Entrée dans ActionAccueil.php
22/04/2015 20:29:44 Entrée dans ActionClub.php
23/04/2015 04:06:52 Entrée dans ActionSponsor.php
23/04/2015 06:28:29 Entrée dans ActionClub.php
23/04/2015 10:53:50 Entrée dans ActionAccueil.php
23/04/2015 10:54:21 Entrée dans ActionClub.php
23/04/2015 11:39:02 Entrée dans ActionAccueil.php
23/04/2015 11:39:57 Entrée dans AfficherPopupArticle.php
23/04/2015 11:44:43 Entrée dans ActionAccueil.php
23/04/2015 11:54:19 Entrée dans ActionAccueil.php
23/04/2015 11:54:26 Entrée dans AfficherPopupArticle.php
23/04/2015 13:29:05 Entrée dans ActionEcoleDeFoot.php
23/04/2015 14:29:10 Entrée dans ActionAccueil.php
23/04/2015 14:29:47 Entrée dans ActionEcoleDeFoot.php
23/04/2015 14:29:56 Entrée dans ActionEcoleDeFoot.php
23/04/2015 14:42:25 Entrée dans ActionAccueil.php
23/04/2015 14:42:49 Entrée dans AfficherPopupArticle.php
23/04/2015 18:17:09 Entrée dans ActionAccueil.php
23/04/2015 19:03:43 Entrée dans ActionAccueil.php
23/04/2015 19:03:55 Entrée dans AfficherPopupArticle.php
23/04/2015 20:57:37 Entrée dans ActionAccueil.php
23/04/2015 20:57:59 Entrée dans AfficherPopupArticle.php
23/04/2015 21:06:34 Entrée dans AfficherPopupArticle.php
23/04/2015 21:28:14 Entrée dans ActionAccueil.php
23/04/2015 21:29:31 Entrée dans AfficherPopupArticle.php
23/04/2015 22:35:17 Entrée dans ActionAccueil.php
23/04/2015 22:35:31 Entrée dans AfficherPopupArticle.php
23/04/2015 22:37:16 Entrée dans AfficherPopupArticle.php
23/04/2015 22:40:28 Entrée dans ActionAccueil.php
23/04/2015 22:41:05 Entrée dans ActionEcoleDeFoot.php
23/04/2015 22:41:59 Entrée dans ActionEcoleDeFoot.php
24/04/2015 01:12:17 Entrée dans ActionAccueil.php
24/04/2015 01:12:35 Entrée dans AfficherPopupArticle.php
24/04/2015 07:19:32 Entrée dans ActionAccueil.php
24/04/2015 07:19:36 Entrée dans ActionAgenda.php
24/04/2015 07:19:40 Entrée dans ActionClub.php
24/04/2015 07:19:43 Entrée dans ActionEcoleDeFoot.php
24/04/2015 07:19:47 Entrée dans ActionEvenement.php
24/04/2015 07:19:50 Entrée dans ActionJoueurs.php
24/04/2015 07:19:54 Entrée dans ActionSponsor.php
24/04/2015 07:59:45 Entrée dans ActionAccueil.php
24/04/2015 08:02:22 Entrée dans AfficherPopupArticle.php
24/04/2015 08:03:00 Entrée dans AfficherPopupArticle.php
24/04/2015 08:03:55 Entrée dans ActionEcoleDeFoot.php
24/04/2015 08:04:17 Entrée dans ActionEcoleDeFoot.php
24/04/2015 08:05:21 Entrée dans ActionAgenda.php
24/04/2015 08:05:22 Entrée dans ActionAgenda.php
24/04/2015 08:05:51 Entrée dans ActionAccueil.php
24/04/2015 08:06:02 Entrée dans AfficherPopupArticle.php
24/04/2015 08:06:36 Entrée dans AfficherPopupArticle.php
24/04/2015 10:10:32 Entrée dans ActionAccueil.php
24/04/2015 10:10:38 Entrée dans ActionSponsor.php
24/04/2015 10:10:38 Entrée dans ActionClub.php
24/04/2015 10:10:39 Entrée dans ActionJoueurs.php
24/04/2015 10:10:39 Entrée dans ActionEcoleDeFoot.php
24/04/2015 10:10:39 Entrée dans ActionAgenda.php
24/04/2015 10:10:39 Entrée dans ActionEvenement.php
24/04/2015 10:22:30 Entrée dans ActionAgenda.php
24/04/2015 10:22:41 Entrée dans ActionAgenda.php
24/04/2015 10:41:46 Entrée dans ActionAccueil.php
24/04/2015 10:41:58 Entrée dans AfficherPopupArticle.php
24/04/2015 10:42:06 Entrée dans AfficherPopupArticle.php
24/04/2015 10:45:39 Entrée dans ActionAccueil.php
24/04/2015 10:45:44 Entrée dans AfficherPopupArticle.php
24/04/2015 10:56:07 Entrée dans ActionAccueil.php
24/04/2015 10:56:19 Entrée dans AfficherPopupArticle.php
24/04/2015 10:56:44 Entrée dans AfficherPopupArticle.php
24/04/2015 10:57:16 Entrée dans AfficherPopupArticle.php
24/04/2015 10:57:58 Entrée dans ActionEcoleDeFoot.php
24/04/2015 10:58:11 Entrée dans ActionEcoleDeFoot.php
24/04/2015 10:58:40 Entrée dans ActionEcoleDeFoot.php
24/04/2015 10:58:53 Entrée dans ActionEcoleDeFoot.php
24/04/2015 10:59:19 Entrée dans ActionEcoleDeFoot.php
24/04/2015 10:59:34 Entrée dans ActionEcoleDeFoot.php
24/04/2015 10:59:43 Entrée dans ActionEvenement.php
24/04/2015 10:59:57 Entrée dans ActionClub.php
24/04/2015 11:00:03 Entrée dans ActionClub.php
24/04/2015 11:00:37 Entrée dans ActionAgenda.php
24/04/2015 11:00:39 Entrée dans ActionAgenda.php
24/04/2015 11:00:55 Entrée dans ActionAccueil.php
24/04/2015 11:01:10 Entrée dans AfficherPopupArticle.php
24/04/2015 11:01:22 Entrée dans AfficherPopupArticle.php
24/04/2015 11:01:59 Entrée dans AfficherPopupArticle.php
24/04/2015 11:02:13 Entrée dans AfficherPopupArticle.php
24/04/2015 11:48:12 Entrée dans ActionAccueil.php
24/04/2015 11:48:21 Entrée dans AfficherPopupArticle.php
24/04/2015 11:48:43 Entrée dans AfficherPopupArticle.php
24/04/2015 12:14:13 Entrée dans ActionAccueil.php
24/04/2015 12:18:19 Entrée dans ActionAccueil.php
24/04/2015 12:18:39 Entrée dans AfficherPopupArticle.php
24/04/2015 12:21:20 Entrée dans ActionSponsor.php
24/04/2015 12:21:26 Entrée dans ActionEvenement.php
24/04/2015 12:21:33 Entrée dans ActionEcoleDeFoot.php
24/04/2015 12:22:40 Entrée dans ActionEcoleDeFoot.php
24/04/2015 12:23:20 Entrée dans ActionEcoleDeFoot.php
24/04/2015 12:46:05 Entrée dans ActionAccueil.php
24/04/2015 12:46:32 Entrée dans ActionAgenda.php
24/04/2015 12:46:33 Entrée dans ActionAgenda.php
24/04/2015 12:46:42 Entrée dans ActionEvenement.php
24/04/2015 12:54:27 Entrée dans ActionAccueil.php
24/04/2015 12:54:53 Entrée dans AfficherPopupArticle.php
24/04/2015 13:12:35 Entrée dans ActionAccueil.php
24/04/2015 13:12:37 Entrée dans ActionAgenda.php
24/04/2015 13:12:40 Entrée dans ActionClub.php
24/04/2015 13:12:43 Entrée dans ActionEcoleDeFoot.php
24/04/2015 13:12:46 Entrée dans ActionEvenement.php
24/04/2015 13:12:48 Entrée dans ActionJoueurs.php
24/04/2015 13:12:51 Entrée dans ActionSponsor.php
24/04/2015 13:14:54 Entrée dans ActionAccueil.php
24/04/2015 13:15:06 Entrée dans AfficherPopupArticle.php
24/04/2015 13:15:44 Entrée dans AfficherPopupArticle.php
24/04/2015 13:30:08 Entrée dans AfficherPopupArticle.php
24/04/2015 13:31:25 Entrée dans ActionAccueil.php
24/04/2015 13:31:28 Entrée dans AfficherPopupArticle.php
24/04/2015 13:32:44 Entrée dans AfficherPopupArticle.php
24/04/2015 13:34:24 Entrée dans AfficherPopupArticle.php
24/04/2015 13:35:10 Entrée dans AfficherPopupArticle.php
24/04/2015 13:44:02 Entrée dans ActionAccueil.php
24/04/2015 13:44:10 Entrée dans ActionEvenement.php
24/04/2015 14:27:38 Entrée dans ActionAccueil.php
24/04/2015 14:27:55 Entrée dans AfficherPopupArticle.php
24/04/2015 14:49:43 Entrée dans ActionAccueil.php
24/04/2015 14:49:46 Entrée dans AfficherPopupArticle.php
24/04/2015 15:45:17 Entrée dans ActionAccueil.php
24/04/2015 15:46:06 Entrée dans ActionEcoleDeFoot.php
24/04/2015 15:46:25 Entrée dans ActionEcoleDeFoot.php
24/04/2015 15:47:17 Entrée dans ActionEcoleDeFoot.php
24/04/2015 15:47:37 Entrée dans ActionJoueurs.php
24/04/2015 15:47:51 Entrée dans ActionEcoleDeFoot.php
24/04/2015 15:48:00 Entrée dans ActionEcoleDeFoot.php
24/04/2015 15:48:09 Entrée dans ActionAgenda.php
24/04/2015 15:48:10 Entrée dans ActionAgenda.php
24/04/2015 16:34:16 Entrée dans ActionAccueil.php
24/04/2015 16:35:00 Entrée dans AfficherPopupArticle.php
24/04/2015 16:35:37 Entrée dans AfficherPopupArticle.php
24/04/2015 16:51:24 Entrée dans ActionAccueil.php
24/04/2015 16:51:28 Entrée dans AfficherPopupArticle.php
24/04/2015 16:51:40 Entrée dans AfficherPopupArticle.php
24/04/2015 16:52:04 Entrée dans ActionEcoleDeFoot.php
24/04/2015 16:52:13 Entrée dans ActionEcoleDeFoot.php
24/04/2015 16:52:21 Entrée dans ActionAccueil.php
24/04/2015 16:52:42 Entrée dans ActionAgenda.php
24/04/2015 16:52:43 Entrée dans ActionAgenda.php
24/04/2015 16:52:53 Entrée dans ActionEvenement.php
24/04/2015 17:56:32 Entrée dans ActionClub.php
24/04/2015 18:21:28 Entrée dans ActionSponsor.php
24/04/2015 18:30:15 Entrée dans ActionEvenement.php
24/04/2015 20:36:01 Entrée dans ActionAccueil.php
24/04/2015 20:36:58 Entrée dans AfficherPopupArticle.php
24/04/2015 21:45:30 Entrée dans ActionAccueil.php
24/04/2015 21:45:41 Entrée dans AfficherPopupArticle.php
25/04/2015 00:03:34 Entrée dans ActionSponsor.php
25/04/2015 06:33:47 Entrée dans ActionAccueil.php
25/04/2015 06:34:26 Entrée dans ActionEvenement.php
25/04/2015 06:37:04 Entrée dans ActionAccueil.php
25/04/2015 07:55:12 Entrée dans ActionAccueil.php
25/04/2015 07:55:33 Entrée dans AfficherPopupArticle.php
25/04/2015 07:58:17 Entrée dans AfficherPopupArticle.php
25/04/2015 08:21:22 Entrée dans ActionAccueil.php
25/04/2015 08:21:23 Entrée dans ActionClub.php
25/04/2015 08:21:24 Entrée dans ActionAgenda.php
25/04/2015 08:21:25 Entrée dans ActionSponsor.php
25/04/2015 08:21:26 Entrée dans ActionJoueurs.php
25/04/2015 08:21:27 Entrée dans ActionEcoleDeFoot.php
25/04/2015 08:21:28 Entrée dans ActionEvenement.php
25/04/2015 09:13:20 Entrée dans ActionAccueil.php
25/04/2015 09:14:20 Entrée dans ActionAccueil.php
25/04/2015 09:14:23 Entrée dans ActionClub.php
25/04/2015 09:39:36 Entrée dans ActionAccueil.php
25/04/2015 09:39:58 Entrée dans ActionEcoleDeFoot.php
25/04/2015 09:40:24 Entrée dans ActionSponsor.php
25/04/2015 09:40:35 Entrée dans ActionClub.php
25/04/2015 09:45:34 Entrée dans ActionClub.php
25/04/2015 09:45:42 Entrée dans ActionAgenda.php
25/04/2015 09:45:43 Entrée dans ActionAgenda.php
25/04/2015 09:45:45 Entrée dans ActionEcoleDeFoot.php
25/04/2015 09:45:48 Entrée dans ActionJoueurs.php
25/04/2015 09:46:31 Entrée dans ActionAccueil.php
25/04/2015 10:34:21 Entrée dans ActionAccueil.php
25/04/2015 10:34:29 Entrée dans AfficherPopupArticle.php
25/04/2015 11:31:29 Entrée dans ActionAccueil.php
25/04/2015 11:32:56 Entrée dans ActionAccueil.php
25/04/2015 11:33:31 Entrée dans AfficherPopupArticle.php
25/04/2015 11:44:18 Entrée dans ActionAccueil.php
25/04/2015 11:44:43 Entrée dans AfficherPopupArticle.php
25/04/2015 12:02:06 Entrée dans ActionAccueil.php
25/04/2015 12:02:09 Entrée dans AfficherPopupArticle.php
25/04/2015 12:10:02 Entrée dans ActionAccueil.php
25/04/2015 12:10:40 Entrée dans AfficherPopupArticle.php
25/04/2015 12:33:31 Entrée dans ActionAccueil.php
25/04/2015 12:33:37 Entrée dans AfficherPopupArticle.php
25/04/2015 12:47:26 Entrée dans ActionAccueil.php
25/04/2015 13:11:23 Entrée dans ActionJoueurs.php
25/04/2015 13:34:08 Entrée dans ActionAccueil.php
25/04/2015 13:47:33 Entrée dans ActionAccueil.php
25/04/2015 13:47:42 Entrée dans AfficherPopupArticle.php
25/04/2015 13:49:36 Entrée dans ActionAccueil.php
25/04/2015 13:49:49 Entrée dans AfficherPopupArticle.php
25/04/2015 14:49:58 Entrée dans ActionAccueil.php
25/04/2015 14:50:44 Entrée dans ActionAccueil.php
25/04/2015 14:50:47 Entrée dans AfficherPopupArticle.php
25/04/2015 14:57:59 Entrée dans ActionAccueil.php
25/04/2015 14:58:01 Entrée dans AfficherPopupArticle.php
25/04/2015 15:07:00 Entrée dans ActionAccueil.php
25/04/2015 15:07:04 Entrée dans AfficherPopupArticle.php
25/04/2015 16:35:05 Entrée dans ActionAccueil.php
25/04/2015 16:35:44 Entrée dans AfficherPopupArticle.php
25/04/2015 17:19:23 Entrée dans ActionAccueil.php
25/04/2015 17:20:34 Entrée dans AfficherPopupArticle.php
25/04/2015 17:26:41 Entrée dans ActionAccueil.php
25/04/2015 17:26:46 Entrée dans AfficherPopupArticle.php
25/04/2015 17:58:40 Entrée dans ActionAccueil.php
25/04/2015 18:23:41 Entrée dans ActionAccueil.php
25/04/2015 18:24:12 Entrée dans AfficherPopupArticle.php
25/04/2015 18:25:00 Entrée dans ActionAgenda.php
25/04/2015 18:25:04 Entrée dans ActionAgenda.php
25/04/2015 18:25:42 Entrée dans ActionAgenda.php
25/04/2015 18:25:42 Entrée dans ActionEvenement.php
25/04/2015 18:25:43 Entrée dans ActionEvenement.php
25/04/2015 18:25:44 Entrée dans ActionEvenement.php
25/04/2015 18:25:44 Entrée dans ActionEvenement.php
25/04/2015 18:31:56 Entrée dans ActionAccueil.php
25/04/2015 18:32:02 Entrée dans ActionAccueil.php
25/04/2015 18:32:05 Entrée dans AfficherPopupArticle.php
25/04/2015 18:32:15 Entrée dans AfficherPopupArticle.php
25/04/2015 18:55:21 Entrée dans ActionAccueil.php
25/04/2015 18:55:52 Entrée dans ActionAccueil.php
25/04/2015 18:56:06 Entrée dans ActionAccueil.php
25/04/2015 18:56:17 Entrée dans AfficherPopupArticle.php
25/04/2015 18:56:19 Entrée dans ActionEvenement.php
25/04/2015 19:37:37 Entrée dans ActionAccueil.php
25/04/2015 19:37:44 Entrée dans AfficherPopupArticle.php
25/04/2015 19:38:26 Entrée dans ActionEvenement.php
25/04/2015 20:24:26 Entrée dans ActionAccueil.php
25/04/2015 20:25:16 Entrée dans AfficherPopupArticle.php
25/04/2015 20:25:50 Entrée dans ActionAccueil.php
25/04/2015 20:25:56 Entrée dans ActionClub.php
25/04/2015 20:44:57 Entrée dans ActionAccueil.php
25/04/2015 20:45:24 Entrée dans AfficherPopupArticle.php
25/04/2015 20:59:06 Entrée dans ActionAccueil.php
25/04/2015 21:27:31 Entrée dans ActionEvenement.php
25/04/2015 21:30:30 Entrée dans ActionEvenement.php
25/04/2015 21:32:21 Entrée dans ActionAccueil.php
25/04/2015 21:32:42 Entrée dans AfficherPopupArticle.php
25/04/2015 21:46:00 Entrée dans ActionAccueil.php
25/04/2015 21:46:27 Entrée dans AfficherPopupArticle.php
25/04/2015 22:07:39 Entrée dans ActionAccueil.php
25/04/2015 22:08:10 Entrée dans AfficherPopupArticle.php
25/04/2015 23:02:11 Entrée dans ActionAccueil.php
25/04/2015 23:02:21 Entrée dans AfficherPopupArticle.php
25/04/2015 23:31:40 Entrée dans ActionAccueil.php
25/04/2015 23:32:00 Entrée dans AfficherPopupArticle.php
26/04/2015 01:08:06 Entrée dans ActionAgenda.php
26/04/2015 02:54:49 Entrée dans ActionAccueil.php
26/04/2015 06:29:47 Entrée dans ActionAccueil.php
26/04/2015 06:29:52 Entrée dans AfficherPopupArticle.php
26/04/2015 07:00:06 Entrée dans ActionAccueil.php
26/04/2015 07:00:30 Entrée dans ActionClub.php
26/04/2015 07:05:49 Entrée dans ActionAccueil.php
26/04/2015 07:05:59 Entrée dans ActionAccueil.php
26/04/2015 07:06:00 Entrée dans ActionClub.php
26/04/2015 07:06:01 Entrée dans ActionAccueil.php
26/04/2015 07:07:49 Entrée dans AfficherPopupArticle.php
26/04/2015 07:08:22 Entrée dans ActionClub.php
26/04/2015 07:08:47 Entrée dans ActionClub.php
26/04/2015 07:10:50 Entrée dans ActionAccueil.php
26/04/2015 07:11:15 Entrée dans AfficherPopupArticle.php
26/04/2015 07:31:17 Entrée dans ActionAccueil.php
26/04/2015 07:32:58 Entrée dans ActionEvenement.php
26/04/2015 07:32:58 Entrée dans ActionEvenement.php
26/04/2015 07:43:58 Entrée dans ActionAccueil.php
26/04/2015 07:44:22 Entrée dans AfficherPopupArticle.php
26/04/2015 07:44:40 Entrée dans ActionAccueil.php
26/04/2015 07:44:57 Entrée dans ActionEvenement.php
26/04/2015 07:47:33 Entrée dans ActionAccueil.php
26/04/2015 07:47:41 Entrée dans AfficherPopupArticle.php
26/04/2015 07:49:07 Entrée dans AfficherPopupArticle.php
26/04/2015 07:49:45 Entrée dans ActionAgenda.php
26/04/2015 07:49:47 Entrée dans ActionAgenda.php
26/04/2015 07:49:56 Entrée dans ActionAgenda.php
26/04/2015 07:49:56 Entrée dans ActionAgenda.php
26/04/2015 07:49:57 Entrée dans ActionEvenement.php
26/04/2015 07:53:07 Entrée dans ActionAccueil.php
26/04/2015 07:53:10 Entrée dans ActionAccueil.php
26/04/2015 07:53:14 Entrée dans ActionClub.php
26/04/2015 08:27:08 Entrée dans ActionAccueil.php
26/04/2015 08:28:40 Entrée dans AfficherPopupArticle.php
26/04/2015 08:57:56 Entrée dans ActionAccueil.php
26/04/2015 08:58:50 Entrée dans ActionClub.php
26/04/2015 10:59:54 Entrée dans ActionAccueil.php
26/04/2015 11:00:50 Entrée dans AfficherPopupArticle.php
26/04/2015 11:01:42 Entrée dans AfficherPopupArticle.php
26/04/2015 11:01:48 Entrée dans ActionAccueil.php
26/04/2015 11:02:21 Entrée dans AfficherPopupArticle.php
26/04/2015 11:03:20 Entrée dans AfficherPopupArticle.php
26/04/2015 14:59:57 Entrée dans ActionAccueil.php
26/04/2015 15:00:04 Entrée dans AfficherPopupArticle.php
26/04/2015 15:17:59 Entrée dans ActionAccueil.php
26/04/2015 15:18:42 Entrée dans ActionClub.php
26/04/2015 15:39:48 Entrée dans ActionAccueil.php
26/04/2015 15:39:53 Entrée dans ActionClub.php
26/04/2015 15:39:57 Entrée dans ActionAccueil.php
26/04/2015 15:40:13 Entrée dans ActionEcoleDeFoot.php
26/04/2015 15:40:15 Entrée dans ActionEcoleDeFoot.php
26/04/2015 18:11:01 Entrée dans ActionAccueil.php
26/04/2015 18:11:59 Entrée dans AfficherPopupArticle.php
26/04/2015 18:41:16 Entrée dans ActionAccueil.php
26/04/2015 18:42:38 Entrée dans AfficherPopupArticle.php
26/04/2015 18:43:22 Entrée dans ActionEcoleDeFoot.php
26/04/2015 18:43:27 Entrée dans ActionEcoleDeFoot.php
26/04/2015 18:44:24 Entrée dans ActionEvenement.php
26/04/2015 18:44:28 Entrée dans ActionAccueil.php
26/04/2015 21:29:10 Entrée dans ActionAccueil.php
26/04/2015 21:29:14 Entrée dans ActionAccueil.php
26/04/2015 21:29:28 Entrée dans AfficherPopupArticle.php
26/04/2015 21:30:50 Entrée dans AfficherPopupArticle.php
26/04/2015 21:38:09 Entrée dans ActionAccueil.php
26/04/2015 21:38:20 Entrée dans ActionJoueurs.php
26/04/2015 21:42:12 Entrée dans ActionJoueurs.php
26/04/2015 21:42:15 Entrée dans ActionAgenda.php
26/04/2015 21:42:16 Entrée dans ActionAgenda.php
27/04/2015 01:31:27 Entrée dans ActionEcoleDeFoot.php
27/04/2015 01:47:19 Entrée dans ActionSponsor.php
27/04/2015 01:56:43 Entrée dans ActionEvenement.php
27/04/2015 07:51:41 Entrée dans ActionAccueil.php
27/04/2015 07:52:17 Entrée dans AfficherPopupArticle.php
27/04/2015 08:44:41 Entrée dans ActionAccueil.php
27/04/2015 08:45:25 Entrée dans ActionEvenement.php
27/04/2015 08:45:59 Entrée dans ActionClub.php
27/04/2015 09:23:02 Entrée dans ActionAccueil.php
27/04/2015 09:23:13 Entrée dans AfficherPopupArticle.php
27/04/2015 09:44:17 Entrée dans ActionAccueil.php
27/04/2015 09:49:13 Entrée dans ActionAccueil.php
27/04/2015 09:52:48 Entrée dans ActionAccueil.php
27/04/2015 09:53:33 Entrée dans ActionClub.php
27/04/2015 09:54:09 Entrée dans ActionJoueurs.php
27/04/2015 09:54:41 Entrée dans ActionClub.php
27/04/2015 09:56:42 Entrée dans ActionAccueil.php
27/04/2015 10:19:25 Entrée dans ActionAccueil.php
27/04/2015 10:19:52 Entrée dans ActionAccueil.php
27/04/2015 10:30:08 Entrée dans ActionAccueil.php
27/04/2015 10:30:32 Entrée dans AfficherPopupArticle.php
27/04/2015 10:30:48 Entrée dans AfficherPopupArticle.php
27/04/2015 10:31:51 Entrée dans AfficherPopupArticle.php
27/04/2015 10:32:03 Entrée dans AfficherPopupArticle.php
27/04/2015 10:32:41 Entrée dans AfficherPopupArticle.php
27/04/2015 10:32:55 Entrée dans ActionClub.php
27/04/2015 10:33:29 Entrée dans ActionEvenement.php
27/04/2015 10:34:54 Entrée dans ActionEvenement.php
27/04/2015 10:35:02 Entrée dans ActionClub.php
27/04/2015 10:35:42 Entrée dans ActionAccueil.php
27/04/2015 10:36:21 Entrée dans ActionSponsor.php
27/04/2015 10:36:23 Entrée dans ActionEvenement.php
27/04/2015 10:54:15 Entrée dans ActionAccueil.php
27/04/2015 10:54:28 Entrée dans AfficherPopupArticle.php
27/04/2015 11:06:25 Entrée dans ActionAccueil.php
27/04/2015 11:06:25 Entrée dans ActionAccueil.php
27/04/2015 11:07:12 Entrée dans AfficherPopupArticle.php
27/04/2015 12:28:15 Entrée dans ActionAccueil.php
27/04/2015 12:28:27 Entrée dans AfficherPopupArticle.php
27/04/2015 12:44:15 Entrée dans ActionAccueil.php
27/04/2015 12:44:21 Entrée dans AfficherPopupArticle.php
27/04/2015 13:06:32 Entrée dans ActionAccueil.php
27/04/2015 13:15:56 Entrée dans ActionAccueil.php
27/04/2015 13:16:21 Entrée dans AfficherPopupArticle.php
27/04/2015 13:17:29 Entrée dans ActionClub.php
27/04/2015 13:17:45 Entrée dans ActionEcoleDeFoot.php
27/04/2015 13:18:04 Entrée dans ActionEcoleDeFoot.php
27/04/2015 14:20:56 Entrée dans ActionEvenement.php
27/04/2015 14:22:51 Entrée dans ActionAccueil.php
27/04/2015 14:23:32 Entrée dans AfficherPopupArticle.php
27/04/2015 14:24:33 Entrée dans AfficherPopupArticle.php
27/04/2015 14:26:31 Entrée dans AfficherPopupArticle.php
27/04/2015 14:27:23 Entrée dans ActionEcoleDeFoot.php
27/04/2015 14:27:32 Entrée dans ActionEcoleDeFoot.php
27/04/2015 14:28:59 Entrée dans ActionEcoleDeFoot.php
27/04/2015 14:29:48 Entrée dans ActionEcoleDeFoot.php
27/04/2015 14:30:27 Entrée dans ActionAgenda.php
27/04/2015 14:30:29 Entrée dans ActionAgenda.php
27/04/2015 14:56:28 Entrée dans ActionAccueil.php
27/04/2015 14:57:51 Entrée dans ActionAgenda.php
27/04/2015 14:57:52 Entrée dans ActionAgenda.php
27/04/2015 15:05:15 Entrée dans ActionClub.php
27/04/2015 15:05:17 Entrée dans ActionJoueurs.php
27/04/2015 15:05:33 Entrée dans ActionEcoleDeFoot.php
27/04/2015 15:06:01 Entrée dans ActionEcoleDeFoot.php
27/04/2015 15:06:03 Entrée dans ActionEcoleDeFoot.php
27/04/2015 15:06:05 Entrée dans ActionEcoleDeFoot.php
27/04/2015 15:06:16 Entrée dans ActionEcoleDeFoot.php
27/04/2015 15:09:08 Entrée dans ActionEvenement.php
27/04/2015 15:09:19 Entrée dans ActionEvenement.php
27/04/2015 15:09:22 Entrée dans ActionAgenda.php
27/04/2015 15:09:23 Entrée dans ActionAgenda.php
27/04/2015 15:09:32 Entrée dans ActionAgenda.php
27/04/2015 15:09:39 Entrée dans ActionJoueurs.php
27/04/2015 15:09:59 Entrée dans ActionAccueil.php
27/04/2015 15:10:10 Entrée dans AfficherPopupArticle.php
27/04/2015 15:10:24 Entrée dans AfficherPopupArticle.php
27/04/2015 15:10:34 Entrée dans AfficherPopupArticle.php
27/04/2015 15:10:39 Entrée dans AfficherPopupArticle.php
27/04/2015 15:23:15 Entrée dans ActionAccueil.php
27/04/2015 15:24:09 Entrée dans ActionAgenda.php
27/04/2015 15:24:10 Entrée dans ActionAgenda.php
27/04/2015 15:24:10 Entrée dans ActionEvenement.php
27/04/2015 15:24:11 Entrée dans ActionEvenement.php
27/04/2015 15:34:20 Entrée dans ActionAccueil.php
27/04/2015 15:34:49 Entrée dans AfficherPopupArticle.php
27/04/2015 15:35:01 Entrée dans ActionAccueil.php
27/04/2015 15:35:06 Entrée dans ActionEvenement.php
27/04/2015 16:03:43 Entrée dans ActionAccueil.php
27/04/2015 16:03:55 Entrée dans ActionAccueil.php
27/04/2015 16:03:55 Entrée dans AfficherPopupArticle.php
27/04/2015 16:50:29 Entrée dans ActionAccueil.php
27/04/2015 16:51:38 Entrée dans ActionAccueil.php
27/04/2015 16:51:57 Entrée dans ActionAccueil.php
27/04/2015 16:52:00 Entrée dans ActionClub.php
27/04/2015 16:52:20 Entrée dans ActionAgenda.php
27/04/2015 16:52:21 Entrée dans ActionAgenda.php
27/04/2015 16:52:56 Entrée dans ActionClub.php
27/04/2015 16:53:04 Entrée dans ActionAccueil.php
27/04/2015 16:53:38 Entrée dans AfficherPopupArticle.php
27/04/2015 16:53:58 Entrée dans AfficherPopupArticle.php
27/04/2015 16:54:19 Entrée dans ActionJoueurs.php
27/04/2015 16:54:37 Entrée dans ActionEvenement.php
27/04/2015 17:42:46 Entrée dans ActionAccueil.php
27/04/2015 17:42:47 Entrée dans ActionAccueil.php
27/04/2015 17:42:47 Entrée dans ActionAccueil.php
27/04/2015 17:42:47 Entrée dans ActionAccueil.php
27/04/2015 17:42:47 Entrée dans ActionAccueil.php
27/04/2015 17:42:47 Entrée dans ActionAccueil.php
27/04/2015 17:42:47 Entrée dans ActionAccueil.php
27/04/2015 17:42:47 Entrée dans ActionAccueil.php
27/04/2015 17:42:47 Entrée dans ActionAccueil.php
27/04/2015 17:42:47 Entrée dans ActionAccueil.php
27/04/2015 18:10:12 Entrée dans ActionAccueil.php
27/04/2015 18:48:33 Entrée dans ActionAccueil.php
27/04/2015 18:48:57 Entrée dans AfficherPopupArticle.php
27/04/2015 19:06:36 Entrée dans ActionAccueil.php
27/04/2015 19:07:11 Entrée dans AfficherPopupArticle.php
27/04/2015 19:07:21 Entrée dans ActionEvenement.php
27/04/2015 19:36:53 Entrée dans ActionAccueil.php
27/04/2015 19:37:13 Entrée dans ActionClub.php
27/04/2015 19:39:13 Entrée dans ActionEvenement.php
27/04/2015 19:39:16 Entrée dans ActionEcoleDeFoot.php
27/04/2015 19:39:34 Entrée dans ActionEcoleDeFoot.php
27/04/2015 19:39:58 Entrée dans ActionEcoleDeFoot.php
27/04/2015 19:40:16 Entrée dans ActionEcoleDeFoot.php
27/04/2015 19:40:35 Entrée dans ActionAgenda.php
27/04/2015 19:40:36 Entrée dans ActionAgenda.php
27/04/2015 19:41:12 Entrée dans ActionJoueurs.php
27/04/2015 20:03:17 Entrée dans ActionAgenda.php
27/04/2015 20:03:18 Entrée dans ActionAgenda.php
27/04/2015 20:03:30 Entrée dans ActionEvenement.php
27/04/2015 20:04:40 Entrée dans ActionAccueil.php
27/04/2015 20:05:06 Entrée dans AfficherPopupArticle.php
27/04/2015 20:05:49 Entrée dans ActionAccueil.php
27/04/2015 20:18:00 Entrée dans ActionAccueil.php
27/04/2015 20:19:09 Entrée dans AfficherPopupArticle.php
27/04/2015 20:24:48 Entrée dans ActionAccueil.php
27/04/2015 20:24:59 Entrée dans ActionAccueil.php
27/04/2015 20:25:29 Entrée dans AfficherPopupArticle.php
27/04/2015 20:52:31 Entrée dans ActionAccueil.php
27/04/2015 20:52:46 Entrée dans AfficherPopupArticle.php
27/04/2015 21:27:52 Entrée dans ActionAccueil.php
27/04/2015 21:28:10 Entrée dans AfficherPopupArticle.php
27/04/2015 21:33:10 Entrée dans ActionAccueil.php
27/04/2015 21:33:47 Entrée dans AfficherPopupArticle.php
27/04/2015 21:33:56 Entrée dans AfficherPopupArticle.php
27/04/2015 22:04:38 Entrée dans ActionAccueil.php
27/04/2015 22:05:43 Entrée dans AfficherPopupArticle.php
27/04/2015 23:05:32 Entrée dans ActionAccueil.php
27/04/2015 23:05:38 Entrée dans ActionAccueil.php
27/04/2015 23:05:40 Entrée dans ActionClub.php
27/04/2015 23:50:58 Entrée dans ActionAccueil.php
28/04/2015 06:44:11 Entrée dans ActionSponsor.php
28/04/2015 10:25:32 Entrée dans ActionAccueil.php
28/04/2015 10:25:41 Entrée dans AfficherPopupArticle.php
28/04/2015 10:28:07 Entrée dans ActionAccueil.php
28/04/2015 10:28:12 Entrée dans ActionClub.php
28/04/2015 10:28:31 Entrée dans ActionEvenement.php
28/04/2015 10:29:14 Entrée dans ActionEcoleDeFoot.php
28/04/2015 10:29:25 Entrée dans ActionClub.php
28/04/2015 10:29:33 Entrée dans ActionAgenda.php
28/04/2015 10:29:34 Entrée dans ActionAgenda.php
28/04/2015 10:38:33 Entrée dans ActionAccueil.php
28/04/2015 10:39:01 Entrée dans ActionClub.php
28/04/2015 10:39:27 Entrée dans ActionEvenement.php
28/04/2015 11:26:32 Entrée dans ActionAccueil.php
28/04/2015 11:27:16 Entrée dans AfficherPopupArticle.php
28/04/2015 11:27:30 Entrée dans AfficherPopupArticle.php
28/04/2015 11:27:38 Entrée dans ActionAgenda.php
28/04/2015 11:27:39 Entrée dans ActionAgenda.php
28/04/2015 12:04:44 Entrée dans ActionAccueil.php
28/04/2015 12:12:28 Entrée dans ActionAccueil.php
28/04/2015 12:12:37 Entrée dans AfficherPopupArticle.php
28/04/2015 12:12:42 Entrée dans AfficherPopupArticle.php
28/04/2015 13:01:51 Entrée dans ActionClub.php
28/04/2015 13:12:19 Entrée dans ActionAccueil.php
28/04/2015 13:12:37 Entrée dans AfficherPopupArticle.php
28/04/2015 13:12:51 Entrée dans AfficherPopupArticle.php
28/04/2015 13:15:46 Entrée dans ActionAccueil.php
28/04/2015 13:15:55 Entrée dans AfficherPopupArticle.php
28/04/2015 15:56:46 Entrée dans ActionAccueil.php
28/04/2015 15:57:16 Entrée dans AfficherPopupArticle.php
28/04/2015 15:58:30 Entrée dans ActionEvenement.php
28/04/2015 17:32:18 Entrée dans ActionAccueil.php
28/04/2015 17:32:33 Entrée dans AfficherPopupArticle.php
28/04/2015 17:32:58 Entrée dans ActionEvenement.php
28/04/2015 17:33:31 Entrée dans ActionEcoleDeFoot.php
28/04/2015 17:33:32 Entrée dans ActionEcoleDeFoot.php
28/04/2015 17:33:51 Entrée dans ActionEcoleDeFoot.php
28/04/2015 17:49:34 Entrée dans ActionAccueil.php
28/04/2015 17:49:36 Entrée dans ActionAccueil.php
28/04/2015 17:49:42 Entrée dans AfficherPopupArticle.php
28/04/2015 17:53:08 Entrée dans ActionAgenda.php
28/04/2015 17:53:10 Entrée dans ActionAgenda.php
28/04/2015 18:08:14 Entrée dans ActionAccueil.php
28/04/2015 18:08:21 Entrée dans ActionEvenement.php
28/04/2015 18:18:39 Entrée dans ActionAccueil.php
28/04/2015 19:41:43 Entrée dans ActionAccueil.php
28/04/2015 19:56:17 Entrée dans ActionAccueil.php
28/04/2015 19:56:23 Entrée dans ActionEcoleDeFoot.php
28/04/2015 19:56:33 Entrée dans ActionEcoleDeFoot.php
28/04/2015 23:03:36 Entrée dans ActionAccueil.php
29/04/2015 01:58:45 Entrée dans ActionAccueil.php
29/04/2015 04:07:58 Entrée dans ActionAccueil.php
29/04/2015 09:07:47 Entrée dans ActionAccueil.php
29/04/2015 09:08:39 Entrée dans AfficherPopupArticle.php
29/04/2015 09:28:37 Entrée dans ActionAccueil.php
29/04/2015 09:28:48 Entrée dans AfficherPopupArticle.php
29/04/2015 12:51:52 Entrée dans ActionAccueil.php
29/04/2015 12:52:30 Entrée dans AfficherPopupArticle.php
29/04/2015 12:52:38 Entrée dans AfficherPopupArticle.php
29/04/2015 12:52:59 Entrée dans ActionAgenda.php
29/04/2015 12:53:01 Entrée dans ActionAgenda.php
29/04/2015 14:04:42 Entrée dans ActionAccueil.php
29/04/2015 14:05:27 Entrée dans ActionAgenda.php
29/04/2015 14:05:30 Entrée dans ActionAgenda.php
29/04/2015 14:05:53 Entrée dans ActionAgenda.php
29/04/2015 14:06:02 Entrée dans ActionAgenda.php
29/04/2015 14:06:06 Entrée dans ActionEvenement.php
29/04/2015 14:06:12 Entrée dans ActionClub.php
29/04/2015 14:06:16 Entrée dans ActionJoueurs.php
29/04/2015 14:06:38 Entrée dans ActionEcoleDeFoot.php
29/04/2015 15:48:43 Entrée dans ActionAccueil.php
29/04/2015 15:48:57 Entrée dans ActionAccueil.php
29/04/2015 17:08:26 Entrée dans ActionJoueurs.php
29/04/2015 19:35:30 Entrée dans ActionAccueil.php
29/04/2015 19:40:46 Entrée dans ActionAccueil.php
29/04/2015 19:41:22 Entrée dans ActionAccueil.php
29/04/2015 19:41:33 Entrée dans AfficherPopupArticle.php
29/04/2015 21:01:25 Entrée dans ActionAccueil.php
29/04/2015 21:01:40 Entrée dans AfficherPopupArticle.php
29/04/2015 22:54:35 Entrée dans ActionEcoleDeFoot.php
29/04/2015 22:54:42 Entrée dans ActionEcoleDeFoot.php
30/04/2015 05:14:40 Entrée dans ActionAgenda.php
30/04/2015 06:23:11 Entrée dans ActionAgenda.php
30/04/2015 06:23:11 Entrée dans ActionAgenda.php
30/04/2015 06:46:41 Entrée dans ActionAccueil.php
30/04/2015 06:46:55 Entrée dans ActionClub.php
30/04/2015 06:47:36 Entrée dans ActionEcoleDeFoot.php
30/04/2015 06:50:14 Entrée dans ActionEcoleDeFoot.php
30/04/2015 07:39:01 Entrée dans ActionClub.php
30/04/2015 12:41:42 Entrée dans ActionAccueil.php
30/04/2015 12:42:03 Entrée dans ActionJoueurs.php
30/04/2015 12:42:32 Entrée dans ActionClub.php
30/04/2015 12:43:56 Entrée dans ActionJoueurs.php
30/04/2015 15:26:39 Entrée dans ActionAccueil.php
30/04/2015 15:26:52 Entrée dans ActionJoueurs.php
30/04/2015 15:33:36 Entrée dans ActionAccueil.php
30/04/2015 15:35:00 Entrée dans ActionEcoleDeFoot.php
30/04/2015 15:35:15 Entrée dans ActionEcoleDeFoot.php
30/04/2015 15:35:45 Entrée dans ActionAgenda.php
30/04/2015 15:35:46 Entrée dans ActionAgenda.php
30/04/2015 18:40:16 Entrée dans ActionAccueil.php
30/04/2015 20:01:25 Entrée dans ActionJoueurs.php
30/04/2015 20:44:34 Entrée dans ActionAccueil.php
30/04/2015 20:56:52 Entrée dans ActionAccueil.php
30/04/2015 21:02:13 Entrée dans ActionAgenda.php
30/04/2015 21:02:25 Entrée dans ActionEcoleDeFoot.php
30/04/2015 21:02:33 Entrée dans ActionEcoleDeFoot.php
30/04/2015 21:27:02 Entrée dans ActionAccueil.php
30/04/2015 21:27:12 Entrée dans ActionEcoleDeFoot.php
30/04/2015 21:27:24 Entrée dans ActionEcoleDeFoot.php
30/04/2015 21:27:58 Entrée dans ActionAgenda.php
30/04/2015 21:27:59 Entrée dans ActionAgenda.php
30/04/2015 22:02:50 Entrée dans ActionAccueil.php
30/04/2015 22:03:28 Entrée dans ActionLogin.php
30/04/2015 22:03:28 Authentification de fgastrini.
30/04/2015 22:03:28 Entrée dans ActionProfil.php
30/04/2015 22:03:41 Entrée dans ActionRencontre.php
30/04/2015 22:04:15 Entrée dans GestionResultats.php
30/04/2015 22:04:35 Entrée dans GestionResultats.php
30/04/2015 22:04:45 Entrée dans ActionArticle.php
30/04/2015 22:04:56 Entrée dans ActionEquipe.php
30/04/2015 22:04:58 Entrée dans ActionMembre.php
30/04/2015 22:05:02 Entrée dans ActionRencontre.php
30/04/2015 22:05:19 Entrée dans ActionArticle.php
30/04/2015 22:05:25 Entrée dans ActionPartenaire.php
30/04/2015 22:05:29 Entrée dans ActionProfil.php
30/04/2015 22:05:43 Entrée dans ActionAccueil.php
30/04/2015 22:05:43 Entrée dans ActionAccueil.php
30/04/2015 22:06:08 Entrée dans AfficherPopupArticle.php
30/04/2015 22:06:12 Entrée dans AfficherPopupArticle.php
30/04/2015 23:52:34 Entrée dans ActionAccueil.php
30/04/2015 23:52:55 Entrée dans ActionJoueurs.php
