01/07/2015 00:01:18 Entrée dans ActionAccueil.php
01/07/2015 00:01:42 Entrée dans AfficherPopupArticle.php
01/07/2015 00:02:15 Entrée dans AfficherPopupArticle.php
01/07/2015 00:03:26 Entrée dans AfficherPopupArticle.php
01/07/2015 00:03:38 Entrée dans AfficherPopupArticle.php
01/07/2015 00:04:18 Entrée dans AfficherPopupArticle.php
01/07/2015 00:04:34 Entrée dans ActionEcoleDeFoot.php
01/07/2015 00:04:53 Entrée dans ActionEcoleDeFoot.php
01/07/2015 00:05:07 Entrée dans ActionEvenement.php
01/07/2015 00:05:15 Entrée dans ActionAgenda.php
01/07/2015 00:05:17 Entrée dans ActionAgenda.php
01/07/2015 00:05:27 Entrée dans ActionAgenda.php
01/07/2015 00:05:30 Entrée dans ActionAgenda.php
01/07/2015 00:05:31 Entrée dans ActionClub.php
01/07/2015 14:24:59 Entrée dans ActionAccueil.php
01/07/2015 14:25:32 Entrée dans AfficherPopupArticle.php
01/07/2015 14:26:10 Entrée dans AfficherPopupArticle.php
01/07/2015 14:27:04 Entrée dans ActionAccueil.php
01/07/2015 14:27:22 Entrée dans AfficherPopupArticle.php
02/07/2015 12:18:00 Entrée dans ActionAccueil.php
02/07/2015 12:18:12 Entrée dans AfficherPopupArticle.php
02/07/2015 12:18:21 Entrée dans AfficherPopupArticle.php
02/07/2015 12:18:28 Entrée dans AfficherPopupArticle.php
02/07/2015 12:18:41 Entrée dans AfficherPopupArticle.php
02/07/2015 12:18:53 Entrée dans AfficherPopupArticle.php
02/07/2015 12:19:51 Entrée dans ActionClub.php
02/07/2015 12:21:26 Entrée dans ActionEcoleDeFoot.php
02/07/2015 12:21:35 Entrée dans ActionEcoleDeFoot.php
02/07/2015 12:22:22 Entrée dans ActionEcoleDeFoot.php
02/07/2015 12:23:47 Entrée dans ActionEcoleDeFoot.php
02/07/2015 12:57:08 Entrée dans ActionAgenda.php
02/07/2015 14:45:22 Entrée dans ActionEvenement.php
02/07/2015 23:45:28 Entrée dans ActionAccueil.php
02/07/2015 23:45:53 Entrée dans AfficherPopupArticle.php
02/07/2015 23:46:08 Entrée dans AfficherPopupArticle.php
02/07/2015 23:46:19 Entrée dans AfficherPopupArticle.php
02/07/2015 23:46:49 Entrée dans ActionEvenement.php
02/07/2015 23:46:54 Entrée dans ActionEcoleDeFoot.php
02/07/2015 23:47:10 Entrée dans ActionJoueurs.php
02/07/2015 23:47:24 Entrée dans ActionAccueil.php
02/07/2015 23:47:26 Entrée dans AfficherPopupArticle.php
02/07/2015 23:47:45 Entrée dans AfficherPopupArticle.php
02/07/2015 23:48:00 Entrée dans ActionClub.php
03/07/2015 01:53:28 Entrée dans ActionJoueurs.php
03/07/2015 02:31:59 Entrée dans ActionAccueil.php
03/07/2015 02:32:39 Entrée dans ActionJoueurs.php
03/07/2015 02:33:12 Entrée dans ActionAccueil.php
03/07/2015 02:33:14 Entrée dans ActionAgenda.php
03/07/2015 02:33:15 Entrée dans ActionAgenda.php
03/07/2015 02:33:17 Entrée dans ActionEvenement.php
03/07/2015 07:36:01 Entrée dans ActionAccueil.php
03/07/2015 07:36:42 Entrée dans AfficherPopupArticle.php
03/07/2015 07:37:06 Entrée dans ActionJoueurs.php
03/07/2015 09:48:13 Entrée dans ActionAccueil.php
03/07/2015 09:48:22 Entrée dans AfficherPopupArticle.php
03/07/2015 11:07:21 Entrée dans ActionAccueil.php
03/07/2015 11:07:47 Entrée dans ActionJoueurs.php
03/07/2015 11:07:47 Entrée dans ActionEcoleDeFoot.php
03/07/2015 11:07:47 Entrée dans ActionEvenement.php
03/07/2015 11:07:47 Entrée dans ActionSponsor.php
03/07/2015 11:07:47 Entrée dans ActionClub.php
03/07/2015 11:07:47 Entrée dans ActionAgenda.php
03/07/2015 11:42:17 Entrée dans ActionAccueil.php
03/07/2015 11:43:15 Entrée dans ActionEcoleDeFoot.php
03/07/2015 11:43:37 Entrée dans ActionEcoleDeFoot.php
03/07/2015 11:44:07 Entrée dans ActionJoueurs.php
03/07/2015 11:44:12 Entrée dans ActionClub.php
03/07/2015 18:03:17 Entrée dans ActionAccueil.php
03/07/2015 18:28:57 Entrée dans ActionAccueil.php
03/07/2015 18:29:01 Entrée dans ActionClub.php
03/07/2015 18:29:04 Entrée dans ActionJoueurs.php
03/07/2015 18:29:06 Entrée dans ActionEcoleDeFoot.php
03/07/2015 18:29:09 Entrée dans ActionAgenda.php
03/07/2015 18:29:12 Entrée dans ActionEvenement.php
03/07/2015 18:29:14 Entrée dans ActionSponsor.php
03/07/2015 22:20:08 Entrée dans ActionClub.php
04/07/2015 01:51:15 Entrée dans ActionAccueil.php
04/07/2015 01:51:37 Entrée dans ActionClub.php
04/07/2015 01:51:46 Entrée dans ActionJoueurs.php
04/07/2015 01:52:02 Entrée dans ActionEcoleDeFoot.php
04/07/2015 01:52:18 Entrée dans ActionAgenda.php
04/07/2015 01:52:37 Entrée dans ActionEvenement.php
04/07/2015 01:52:55 Entrée dans ActionSponsor.php
04/07/2015 01:56:37 Entrée dans ActionAccueil.php
04/07/2015 13:49:39 Entrée dans ActionSponsor.php
04/07/2015 13:51:16 Entrée dans ActionAccueil.php
04/07/2015 13:51:36 Entrée dans AfficherPopupArticle.php
04/07/2015 13:51:57 Entrée dans AfficherPopupArticle.php
04/07/2015 13:52:02 Entrée dans AfficherPopupArticle.php
04/07/2015 13:52:11 Entrée dans AfficherPopupArticle.php
04/07/2015 13:53:05 Entrée dans AfficherPopupArticle.php
04/07/2015 14:06:35 Entrée dans ActionEcoleDeFoot.php
04/07/2015 19:53:15 Entrée dans ActionAccueil.php
04/07/2015 19:53:16 Entrée dans ActionAgenda.php
04/07/2015 19:53:17 Entrée dans ActionClub.php
04/07/2015 19:53:19 Entrée dans ActionEcoleDeFoot.php
04/07/2015 19:53:21 Entrée dans ActionEvenement.php
04/07/2015 19:53:22 Entrée dans ActionJoueurs.php
04/07/2015 19:53:23 Entrée dans ActionSponsor.php
04/07/2015 20:50:08 Entrée dans ActionClub.php
05/07/2015 02:16:26 Entrée dans ActionAccueil.php
05/07/2015 03:58:48 Entrée dans ActionAccueil.php
05/07/2015 11:26:27 Entrée dans ActionAccueil.php
05/07/2015 11:26:52 Entrée dans ActionEcoleDeFoot.php
05/07/2015 11:26:57 Entrée dans ActionEcoleDeFoot.php
05/07/2015 15:49:37 Entrée dans ActionAccueil.php
05/07/2015 15:50:28 Entrée dans AfficherPopupArticle.php
05/07/2015 19:16:27 Entrée dans ActionAccueil.php
05/07/2015 19:16:57 Entrée dans AfficherPopupArticle.php
05/07/2015 19:21:51 Entrée dans AfficherPopupArticle.php
05/07/2015 19:21:59 Entrée dans ActionJoueurs.php
05/07/2015 19:22:27 Entrée dans ActionAccueil.php
05/07/2015 19:22:48 Entrée dans ActionClub.php
05/07/2015 19:27:04 Entrée dans ActionSponsor.php
05/07/2015 19:27:06 Entrée dans ActionEvenement.php
05/07/2015 19:27:08 Entrée dans ActionAgenda.php
05/07/2015 19:27:09 Entrée dans ActionAgenda.php
05/07/2015 19:27:11 Entrée dans ActionJoueurs.php
05/07/2015 20:16:36 Entrée dans ActionAccueil.php
05/07/2015 20:18:31 Entrée dans AfficherPopupArticle.php
05/07/2015 20:19:01 Entrée dans AfficherPopupArticle.php
05/07/2015 20:53:48 Entrée dans ActionAccueil.php
05/07/2015 20:54:54 Entrée dans ActionEcoleDeFoot.php
05/07/2015 21:18:03 Entrée dans ActionAccueil.php
05/07/2015 21:18:44 Entrée dans ActionAccueil.php
05/07/2015 21:19:25 Entrée dans ActionJoueurs.php
05/07/2015 21:46:36 Entrée dans ActionAccueil.php
05/07/2015 22:47:34 Entrée dans ActionAccueil.php
05/07/2015 22:47:40 Entrée dans AfficherPopupArticle.php
05/07/2015 22:48:35 Entrée dans ActionAccueil.php
05/07/2015 22:48:41 Entrée dans ActionClub.php
05/07/2015 22:49:07 Entrée dans ActionJoueurs.php
05/07/2015 22:49:33 Entrée dans ActionEcoleDeFoot.php
05/07/2015 22:49:43 Entrée dans ActionAgenda.php
05/07/2015 22:49:45 Entrée dans ActionAgenda.php
05/07/2015 22:49:47 Entrée dans ActionEvenement.php
05/07/2015 22:49:54 Entrée dans ActionSponsor.php
05/07/2015 22:50:00 Entrée dans ActionAccueil.php
05/07/2015 22:50:31 Entrée dans AfficherPopupArticle.php
06/07/2015 01:37:05 Entrée dans ActionAccueil.php
06/07/2015 05:19:24 Entrée dans ActionAccueil.php
06/07/2015 08:32:54 Entrée dans ActionAccueil.php
06/07/2015 10:15:23 Entrée dans ActionAccueil.php
06/07/2015 10:15:29 Entrée dans ActionAccueil.php
06/07/2015 10:15:57 Entrée dans ActionClub.php
06/07/2015 12:31:51 Entrée dans ActionAgenda.php
06/07/2015 14:44:29 Entrée dans ActionAccueil.php
06/07/2015 14:44:39 Entrée dans ActionAccueil.php
06/07/2015 14:45:13 Entrée dans ActionJoueurs.php
06/07/2015 14:45:16 Entrée dans ActionClub.php
06/07/2015 17:46:04 Entrée dans ActionAccueil.php
06/07/2015 17:59:36 Entrée dans ActionAccueil.php
06/07/2015 17:59:38 Entrée dans ActionAgenda.php
06/07/2015 17:59:40 Entrée dans ActionClub.php
06/07/2015 17:59:41 Entrée dans ActionEcoleDeFoot.php
06/07/2015 17:59:42 Entrée dans ActionEvenement.php
06/07/2015 17:59:43 Entrée dans ActionJoueurs.php
06/07/2015 17:59:54 Entrée dans ActionSponsor.php
06/07/2015 21:43:55 Entrée dans ActionAccueil.php
06/07/2015 21:44:12 Entrée dans ActionEcoleDeFoot.php
06/07/2015 21:44:18 Entrée dans ActionAgenda.php
06/07/2015 21:44:20 Entrée dans ActionAgenda.php
06/07/2015 21:44:22 Entrée dans ActionEvenement.php
06/07/2015 21:44:24 Entrée dans ActionSponsor.php
06/07/2015 21:45:15 Entrée dans ActionJoueurs.php
06/07/2015 21:57:42 Entrée dans ActionAccueil.php
07/07/2015 00:13:59 Entrée dans ActionAccueil.php
07/07/2015 00:14:37 Entrée dans ActionJoueurs.php
07/07/2015 11:43:43 Entrée dans ActionAccueil.php
07/07/2015 11:44:06 Entrée dans ActionJoueurs.php
07/07/2015 12:31:56 Entrée dans ActionAccueil.php
07/07/2015 12:32:46 Entrée dans ActionJoueurs.php
07/07/2015 12:32:48 Entrée dans ActionJoueurs.php
07/07/2015 12:34:40 Entrée dans ActionAccueil.php
07/07/2015 12:34:51 Entrée dans ActionClub.php
07/07/2015 13:38:56 Entrée dans ActionAccueil.php
07/07/2015 13:39:08 Entrée dans ActionClub.php
07/07/2015 13:39:14 Entrée dans ActionJoueurs.php
07/07/2015 13:39:21 Entrée dans ActionEcoleDeFoot.php
07/07/2015 13:39:27 Entrée dans ActionAgenda.php
07/07/2015 13:39:34 Entrée dans ActionEvenement.php
07/07/2015 13:39:40 Entrée dans ActionSponsor.php
07/07/2015 15:25:25 Entrée dans ActionAccueil.php
08/07/2015 04:09:17 Entrée dans ActionAccueil.php
08/07/2015 04:09:31 Entrée dans ActionClub.php
08/07/2015 04:09:40 Entrée dans ActionAgenda.php
08/07/2015 04:09:50 Entrée dans ActionJoueurs.php
08/07/2015 04:09:55 Entrée dans ActionSponsor.php
08/07/2015 04:10:15 Entrée dans ActionEvenement.php
08/07/2015 04:10:25 Entrée dans ActionEcoleDeFoot.php
08/07/2015 05:24:38 Entrée dans ActionEvenement.php
08/07/2015 10:58:30 Entrée dans ActionAccueil.php
08/07/2015 10:59:30 Entrée dans AfficherPopupArticle.php
08/07/2015 11:00:07 Entrée dans ActionEcoleDeFoot.php
08/07/2015 11:00:11 Entrée dans ActionEcoleDeFoot.php
08/07/2015 11:08:55 Entrée dans ActionEcoleDeFoot.php
08/07/2015 11:09:03 Entrée dans ActionEcoleDeFoot.php
08/07/2015 11:09:57 Entrée dans ActionEcoleDeFoot.php
08/07/2015 14:02:22 Entrée dans ActionAccueil.php
08/07/2015 20:40:16 Entrée dans ActionAccueil.php
08/07/2015 21:24:02 Entrée dans ActionAccueil.php
08/07/2015 21:37:16 Entrée dans ActionAccueil.php
08/07/2015 21:37:44 Entrée dans AfficherPopupArticle.php
08/07/2015 21:38:05 Entrée dans ActionEcoleDeFoot.php
08/07/2015 21:38:14 Entrée dans ActionEcoleDeFoot.php
08/07/2015 23:11:11 Entrée dans ActionAgenda.php
09/07/2015 14:49:20 Entrée dans ActionAccueil.php
09/07/2015 15:02:08 Entrée dans ActionAccueil.php
09/07/2015 15:02:19 Entrée dans AfficherPopupArticle.php
09/07/2015 15:02:45 Entrée dans ActionJoueurs.php
09/07/2015 15:03:16 Entrée dans ActionAccueil.php
09/07/2015 15:44:47 Entrée dans ActionAccueil.php
09/07/2015 15:44:59 Entrée dans ActionJoueurs.php
09/07/2015 20:09:16 Entrée dans ActionAccueil.php
09/07/2015 20:09:20 Entrée dans ActionClub.php
10/07/2015 00:24:21 Entrée dans ActionAccueil.php
10/07/2015 00:24:36 Entrée dans ActionJoueurs.php
10/07/2015 05:51:44 Entrée dans ActionClub.php
10/07/2015 09:01:22 Entrée dans ActionSponsor.php
10/07/2015 11:53:26 Entrée dans ActionAccueil.php
10/07/2015 11:54:16 Entrée dans ActionClub.php
10/07/2015 18:14:07 Entrée dans ActionAccueil.php
10/07/2015 18:14:14 Entrée dans ActionClub.php
11/07/2015 01:55:01 Entrée dans ActionAgenda.php
11/07/2015 02:08:02 Entrée dans ActionAccueil.php
11/07/2015 11:41:52 Entrée dans ActionAccueil.php
11/07/2015 11:47:49 Entrée dans ActionAccueil.php
11/07/2015 13:19:54 Entrée dans ActionAccueil.php
11/07/2015 16:01:45 Entrée dans ActionEcoleDeFoot.php
11/07/2015 21:06:19 Entrée dans ActionClub.php
11/07/2015 22:36:37 Entrée dans ActionAgenda.php
12/07/2015 11:06:48 Entrée dans ActionAccueil.php
12/07/2015 11:07:20 Entrée dans AfficherPopupArticle.php
12/07/2015 11:07:44 Entrée dans ActionAccueil.php
12/07/2015 22:16:18 Entrée dans ActionAccueil.php
12/07/2015 22:16:31 Entrée dans AfficherPopupArticle.php
13/07/2015 05:57:47 Entrée dans ActionAccueil.php
13/07/2015 07:13:16 Entrée dans ActionAccueil.php
13/07/2015 07:13:58 Entrée dans AfficherPopupArticle.php
13/07/2015 07:15:14 Entrée dans AfficherPopupArticle.php
13/07/2015 07:15:32 Entrée dans ActionJoueurs.php
13/07/2015 07:18:27 Entrée dans ActionAccueil.php
13/07/2015 07:18:49 Entrée dans ActionEcoleDeFoot.php
13/07/2015 07:20:04 Entrée dans ActionEcoleDeFoot.php
13/07/2015 07:20:07 Entrée dans ActionEcoleDeFoot.php
13/07/2015 07:20:37 Entrée dans ActionEcoleDeFoot.php
13/07/2015 08:09:48 Entrée dans ActionAccueil.php
13/07/2015 10:34:28 Entrée dans ActionAccueil.php
13/07/2015 10:35:17 Entrée dans AfficherPopupArticle.php
13/07/2015 10:35:41 Entrée dans AfficherPopupArticle.php
13/07/2015 10:36:07 Entrée dans ActionJoueurs.php
13/07/2015 11:29:53 Entrée dans ActionAccueil.php
13/07/2015 11:29:57 Entrée dans ActionClub.php
13/07/2015 11:29:59 Entrée dans ActionJoueurs.php
13/07/2015 11:30:02 Entrée dans ActionEcoleDeFoot.php
13/07/2015 11:30:04 Entrée dans ActionAgenda.php
13/07/2015 11:30:07 Entrée dans ActionEvenement.php
13/07/2015 11:30:09 Entrée dans ActionSponsor.php
13/07/2015 16:15:03 Entrée dans ActionAccueil.php
13/07/2015 16:16:03 Entrée dans ActionAccueil.php
13/07/2015 16:16:08 Entrée dans ActionClub.php
13/07/2015 22:05:48 Entrée dans ActionAccueil.php
13/07/2015 22:07:08 Entrée dans ActionJoueurs.php
14/07/2015 14:17:25 Entrée dans ActionAccueil.php
14/07/2015 14:17:37 Entrée dans AfficherPopupArticle.php
14/07/2015 14:18:00 Entrée dans AfficherPopupArticle.php
14/07/2015 14:19:31 Entrée dans ActionJoueurs.php
14/07/2015 19:57:12 Entrée dans ActionAccueil.php
14/07/2015 19:57:26 Entrée dans ActionClub.php
14/07/2015 19:58:39 Entrée dans ActionJoueurs.php
14/07/2015 22:06:46 Entrée dans ActionAccueil.php
15/07/2015 09:50:23 Entrée dans ActionAccueil.php
15/07/2015 09:50:43 Entrée dans AfficherPopupArticle.php
15/07/2015 09:51:30 Entrée dans ActionJoueurs.php
15/07/2015 13:19:02 Entrée dans ActionClub.php
15/07/2015 13:31:02 Entrée dans ActionAccueil.php
15/07/2015 13:31:05 Entrée dans ActionAgenda.php
15/07/2015 13:31:07 Entrée dans ActionClub.php
15/07/2015 13:31:09 Entrée dans ActionEcoleDeFoot.php
15/07/2015 13:31:10 Entrée dans ActionEvenement.php
15/07/2015 13:31:11 Entrée dans ActionJoueurs.php
15/07/2015 13:31:13 Entrée dans ActionSponsor.php
15/07/2015 13:56:03 Entrée dans ActionAccueil.php
15/07/2015 13:56:05 Entrée dans ActionAccueil.php
15/07/2015 15:47:22 Entrée dans ActionAccueil.php
15/07/2015 15:47:47 Entrée dans ActionJoueurs.php
15/07/2015 15:47:53 Entrée dans ActionEcoleDeFoot.php
15/07/2015 15:47:55 Entrée dans ActionAgenda.php
15/07/2015 15:47:56 Entrée dans ActionAgenda.php
15/07/2015 23:38:39 Entrée dans ActionAccueil.php
15/07/2015 23:38:57 Entrée dans ActionClub.php
16/07/2015 00:10:09 Entrée dans ActionAccueil.php
16/07/2015 00:11:36 Entrée dans ActionAccueil.php
16/07/2015 00:38:28 Entrée dans ActionAccueil.php
16/07/2015 00:49:38 Entrée dans ActionAgenda.php
16/07/2015 00:49:47 Entrée dans ActionClub.php
16/07/2015 00:49:53 Entrée dans ActionEcoleDeFoot.php
16/07/2015 00:49:58 Entrée dans ActionEvenement.php
16/07/2015 00:50:03 Entrée dans ActionJoueurs.php
16/07/2015 00:50:10 Entrée dans ActionSponsor.php
16/07/2015 05:25:50 Entrée dans ActionAccueil.php
16/07/2015 05:27:38 Entrée dans ActionAgenda.php
16/07/2015 05:27:39 Entrée dans ActionAgenda.php
16/07/2015 05:28:03 Entrée dans ActionAgenda.php
16/07/2015 05:28:13 Entrée dans ActionClub.php
16/07/2015 07:29:15 Entrée dans ActionAccueil.php
16/07/2015 07:30:13 Entrée dans ActionJoueurs.php
16/07/2015 07:30:42 Entrée dans ActionSponsor.php
16/07/2015 07:31:17 Entrée dans ActionClub.php
16/07/2015 07:37:41 Entrée dans ActionAccueil.php
16/07/2015 09:37:16 Entrée dans ActionAgenda.php
16/07/2015 13:21:51 Entrée dans ActionAccueil.php
16/07/2015 16:19:11 Entrée dans ActionAccueil.php
16/07/2015 20:10:39 Entrée dans ActionAccueil.php
16/07/2015 20:11:27 Entrée dans ActionAccueil.php
16/07/2015 20:11:43 Entrée dans ActionAccueil.php
16/07/2015 20:12:04 Entrée dans ActionJoueurs.php
16/07/2015 20:12:27 Entrée dans ActionAgenda.php
16/07/2015 20:12:28 Entrée dans ActionAgenda.php
17/07/2015 02:39:21 Entrée dans ActionAccueil.php
17/07/2015 02:39:22 Entrée dans ActionAgenda.php
17/07/2015 02:39:25 Entrée dans ActionClub.php
17/07/2015 02:39:27 Entrée dans ActionEcoleDeFoot.php
17/07/2015 02:39:28 Entrée dans ActionEvenement.php
17/07/2015 02:39:29 Entrée dans ActionJoueurs.php
17/07/2015 02:39:31 Entrée dans ActionSponsor.php
17/07/2015 06:05:10 Entrée dans ActionAgenda.php
17/07/2015 07:03:08 Entrée dans ActionAgenda.php
17/07/2015 09:51:05 Entrée dans ActionAccueil.php
17/07/2015 09:52:32 Entrée dans ActionAccueil.php
17/07/2015 09:52:38 Entrée dans ActionJoueurs.php
17/07/2015 13:20:43 Entrée dans ActionAccueil.php
17/07/2015 13:21:03 Entrée dans ActionLogin.php
17/07/2015 13:21:03 Authentification de aissadi.
17/07/2015 13:21:03 Entrée dans ActionProfil.php
17/07/2015 13:21:09 Entrée dans ActionAccueil.php
17/07/2015 13:21:30 Entrée dans ActionEcoleDeFoot.php
17/07/2015 13:21:44 Entrée dans ActionAgenda.php
17/07/2015 13:21:46 Entrée dans ActionAgenda.php
17/07/2015 13:21:51 Entrée dans ActionAgenda.php
17/07/2015 13:22:03 Entrée dans ActionEcoleDeFoot.php
17/07/2015 13:22:09 Entrée dans ActionEcoleDeFoot.php
17/07/2015 13:23:03 Entrée dans ActionJoueurs.php
17/07/2015 13:23:27 Entrée dans ActionSponsor.php
17/07/2015 13:23:29 Entrée dans ActionEvenement.php
17/07/2015 13:23:33 Entrée dans ActionAgenda.php
17/07/2015 13:23:35 Entrée dans ActionAgenda.php
17/07/2015 13:23:48 Entrée dans ActionAgenda.php
17/07/2015 13:23:54 Entrée dans ActionJoueurs.php
17/07/2015 13:23:58 Entrée dans ActionEcoleDeFoot.php
17/07/2015 15:31:02 Entrée dans ActionAccueil.php
17/07/2015 15:32:25 Entrée dans ActionClub.php
17/07/2015 15:33:13 Entrée dans ActionEcoleDeFoot.php
17/07/2015 16:35:41 Entrée dans ActionAccueil.php
17/07/2015 17:15:46 Entrée dans ActionAccueil.php
17/07/2015 17:16:03 Entrée dans AfficherPopupArticle.php
17/07/2015 17:16:08 Entrée dans ActionJoueurs.php
17/07/2015 17:18:21 Entrée dans ActionAgenda.php
17/07/2015 17:18:22 Entrée dans ActionAgenda.php
17/07/2015 17:18:25 Entrée dans ActionJoueurs.php
17/07/2015 17:18:29 Entrée dans ActionClub.php
17/07/2015 17:19:16 Entrée dans ActionJoueurs.php
17/07/2015 19:40:02 Entrée dans ActionAccueil.php
17/07/2015 19:42:50 Entrée dans ActionAccueil.php
18/07/2015 10:04:23 Entrée dans ActionAccueil.php
18/07/2015 11:32:35 Entrée dans ActionJoueurs.php
18/07/2015 12:16:21 Entrée dans ActionAccueil.php
18/07/2015 12:17:16 Entrée dans ActionClub.php
18/07/2015 12:17:39 Entrée dans ActionJoueurs.php
18/07/2015 12:18:05 Entrée dans ActionEcoleDeFoot.php
18/07/2015 12:18:28 Entrée dans ActionAgenda.php
18/07/2015 12:18:52 Entrée dans ActionEvenement.php
18/07/2015 12:19:15 Entrée dans ActionSponsor.php
18/07/2015 13:01:55 Entrée dans ActionAccueil.php
18/07/2015 13:02:20 Entrée dans AfficherPopupArticle.php
18/07/2015 13:02:27 Entrée dans ActionEvenement.php
18/07/2015 13:02:35 Entrée dans ActionJoueurs.php
18/07/2015 18:49:40 Entrée dans ActionAgenda.php
19/07/2015 00:29:32 Entrée dans ActionAgenda.php
19/07/2015 05:20:48 Entrée dans ActionAccueil.php
19/07/2015 08:44:15 Entrée dans ActionAccueil.php
19/07/2015 10:26:44 Entrée dans ActionEvenement.php
19/07/2015 10:35:18 Entrée dans ActionAccueil.php
19/07/2015 10:35:49 Entrée dans AfficherPopupArticle.php
19/07/2015 10:35:56 Entrée dans AfficherPopupArticle.php
19/07/2015 10:36:00 Entrée dans AfficherPopupArticle.php
19/07/2015 10:36:17 Entrée dans AfficherPopupArticle.php
19/07/2015 13:36:53 Entrée dans ActionAccueil.php
19/07/2015 14:50:22 Entrée dans ActionAccueil.php
19/07/2015 14:51:16 Entrée dans ActionClub.php
19/07/2015 18:15:00 Entrée dans ActionAccueil.php
19/07/2015 20:51:29 Entrée dans ActionAccueil.php
20/07/2015 03:34:28 Entrée dans ActionAccueil.php
20/07/2015 08:46:01 Entrée dans ActionAccueil.php
20/07/2015 08:46:43 Entrée dans ActionClub.php
20/07/2015 13:21:23 Entrée dans ActionAccueil.php
20/07/2015 16:47:29 Entrée dans ActionAccueil.php
20/07/2015 16:48:12 Entrée dans ActionEcoleDeFoot.php
20/07/2015 16:48:19 Entrée dans ActionEcoleDeFoot.php
20/07/2015 19:35:18 Entrée dans ActionAccueil.php
20/07/2015 22:10:44 Entrée dans ActionAccueil.php
21/07/2015 00:30:22 Entrée dans ActionAccueil.php
21/07/2015 00:30:39 Entrée dans AfficherPopupArticle.php
21/07/2015 00:30:51 Entrée dans AfficherPopupArticle.php
21/07/2015 00:31:00 Entrée dans AfficherPopupArticle.php
21/07/2015 00:31:15 Entrée dans AfficherPopupArticle.php
21/07/2015 00:31:39 Entrée dans ActionEcoleDeFoot.php
21/07/2015 00:31:46 Entrée dans ActionEcoleDeFoot.php
21/07/2015 00:31:57 Entrée dans ActionAccueil.php
21/07/2015 00:32:05 Entrée dans AfficherPopupArticle.php
21/07/2015 00:32:21 Entrée dans ActionClub.php
21/07/2015 01:23:53 Entrée dans ActionEcoleDeFoot.php
21/07/2015 01:23:56 Entrée dans ActionEcoleDeFoot.php
21/07/2015 01:24:06 Entrée dans ActionAccueil.php
21/07/2015 01:24:17 Entrée dans AfficherPopupArticle.php
21/07/2015 01:24:25 Entrée dans AfficherPopupArticle.php
21/07/2015 01:34:17 Entrée dans AfficherPopupArticle.php
21/07/2015 01:34:28 Entrée dans AfficherPopupArticle.php
21/07/2015 01:34:39 Entrée dans ActionAccueil.php
21/07/2015 01:34:42 Entrée dans ActionClub.php
21/07/2015 02:51:50 Entrée dans ActionAccueil.php
21/07/2015 10:44:13 Entrée dans ActionAccueil.php
21/07/2015 18:36:26 Entrée dans ActionEcoleDeFoot.php
21/07/2015 18:37:03 Entrée dans ActionEvenement.php
21/07/2015 18:37:06 Entrée dans ActionSponsor.php
21/07/2015 18:37:12 Entrée dans ActionAccueil.php
21/07/2015 18:37:18 Entrée dans AfficherPopupArticle.php
21/07/2015 18:37:28 Entrée dans ActionAgenda.php
21/07/2015 18:37:30 Entrée dans ActionAgenda.php
21/07/2015 18:37:31 Entrée dans ActionEcoleDeFoot.php
21/07/2015 18:37:34 Entrée dans ActionEcoleDeFoot.php
21/07/2015 18:37:36 Entrée dans ActionEcoleDeFoot.php
21/07/2015 18:38:29 Entrée dans ActionEcoleDeFoot.php
21/07/2015 18:38:32 Entrée dans ActionEcoleDeFoot.php
21/07/2015 19:34:56 Entrée dans ActionAgenda.php
21/07/2015 21:36:38 Entrée dans ActionAccueil.php
21/07/2015 21:36:47 Entrée dans AfficherPopupArticle.php
21/07/2015 21:37:48 Entrée dans ActionEcoleDeFoot.php
21/07/2015 23:20:12 Entrée dans ActionAccueil.php
21/07/2015 23:20:17 Entrée dans ActionAgenda.php
21/07/2015 23:20:20 Entrée dans ActionEvenement.php
21/07/2015 23:20:23 Entrée dans ActionSponsor.php
21/07/2015 23:20:37 Entrée dans ActionClub.php
21/07/2015 23:20:40 Entrée dans ActionJoueurs.php
21/07/2015 23:20:51 Entrée dans ActionEcoleDeFoot.php
22/07/2015 01:26:20 Entrée dans ActionAccueil.php
22/07/2015 01:52:49 Entrée dans ActionEcoleDeFoot.php
22/07/2015 05:23:26 Entrée dans ActionAccueil.php
22/07/2015 05:23:46 Entrée dans ActionAccueil.php
22/07/2015 10:21:58 Entrée dans ActionEcoleDeFoot.php
22/07/2015 10:26:33 Entrée dans ActionAgenda.php
22/07/2015 11:22:49 Entrée dans ActionEcoleDeFoot.php
22/07/2015 11:22:56 Entrée dans ActionEcoleDeFoot.php
22/07/2015 11:23:04 Entrée dans ActionEcoleDeFoot.php
22/07/2015 11:23:18 Entrée dans ActionAccueil.php
22/07/2015 14:10:49 Entrée dans ActionAccueil.php
22/07/2015 21:16:07 Entrée dans ActionAccueil.php
22/07/2015 21:16:14 Entrée dans ActionAccueil.php
23/07/2015 09:57:38 Entrée dans ActionAccueil.php
23/07/2015 17:57:17 Entrée dans ActionAccueil.php
24/07/2015 05:27:54 Entrée dans ActionAccueil.php
24/07/2015 05:28:20 Entrée dans AfficherPopupArticle.php
24/07/2015 05:28:38 Entrée dans AfficherPopupArticle.php
24/07/2015 06:58:43 Entrée dans ActionAccueil.php
24/07/2015 06:58:47 Entrée dans ActionClub.php
24/07/2015 06:58:52 Entrée dans ActionJoueurs.php
24/07/2015 06:58:57 Entrée dans ActionEcoleDeFoot.php
24/07/2015 16:10:27 Entrée dans ActionAccueil.php
24/07/2015 16:11:02 Entrée dans ActionJoueurs.php
24/07/2015 16:13:14 Entrée dans ActionAccueil.php
24/07/2015 17:25:41 Entrée dans ActionAccueil.php
24/07/2015 17:25:46 Entrée dans ActionJoueurs.php
24/07/2015 17:26:12 Entrée dans ActionAccueil.php
24/07/2015 17:26:16 Entrée dans AfficherPopupArticle.php
24/07/2015 17:41:03 Entrée dans ActionAccueil.php
24/07/2015 17:42:37 Entrée dans AfficherPopupArticle.php
24/07/2015 18:15:02 Entrée dans ActionAccueil.php
25/07/2015 01:15:41 Entrée dans ActionEvenement.php
25/07/2015 03:05:58 Entrée dans ActionEcoleDeFoot.php
25/07/2015 04:49:30 Entrée dans ActionAccueil.php
25/07/2015 08:01:16 Entrée dans ActionAccueil.php
25/07/2015 08:40:40 Entrée dans ActionAccueil.php
25/07/2015 12:56:27 Entrée dans ActionAccueil.php
25/07/2015 12:57:13 Entrée dans ActionJoueurs.php
25/07/2015 12:57:36 Entrée dans ActionAccueil.php
25/07/2015 12:57:38 Entrée dans ActionClub.php
25/07/2015 12:58:24 Entrée dans ActionSponsor.php
25/07/2015 12:58:28 Entrée dans ActionEvenement.php
25/07/2015 12:58:32 Entrée dans ActionAgenda.php
25/07/2015 12:58:33 Entrée dans ActionAgenda.php
25/07/2015 12:58:35 Entrée dans ActionEcoleDeFoot.php
25/07/2015 12:58:39 Entrée dans ActionJoueurs.php
25/07/2015 12:58:48 Entrée dans ActionClub.php
25/07/2015 13:54:09 Entrée dans ActionAccueil.php
25/07/2015 13:54:36 Entrée dans ActionJoueurs.php
25/07/2015 15:51:56 Entrée dans ActionAccueil.php
25/07/2015 16:02:03 Entrée dans ActionAccueil.php
26/07/2015 08:31:22 Entrée dans ActionAccueil.php
26/07/2015 15:32:48 Entrée dans ActionJoueurs.php
26/07/2015 21:10:50 Entrée dans ActionAccueil.php
26/07/2015 21:16:34 Entrée dans ActionAgenda.php
26/07/2015 21:17:00 Entrée dans ActionAgenda.php
27/07/2015 15:31:24 Entrée dans ActionAgenda.php
27/07/2015 16:26:42 Entrée dans ActionAccueil.php
27/07/2015 16:26:53 Entrée dans ActionJoueurs.php
27/07/2015 16:27:19 Entrée dans ActionAccueil.php
27/07/2015 16:27:25 Entrée dans AfficherPopupArticle.php
27/07/2015 17:15:59 Entrée dans ActionAccueil.php
27/07/2015 17:16:08 Entrée dans ActionJoueurs.php
27/07/2015 17:16:12 Entrée dans ActionAccueil.php
27/07/2015 17:16:35 Entrée dans AfficherPopupArticle.php
27/07/2015 17:16:56 Entrée dans AfficherPopupArticle.php
27/07/2015 19:31:20 Entrée dans ActionAccueil.php
27/07/2015 20:47:16 Entrée dans ActionAccueil.php
27/07/2015 20:47:21 Entrée dans ActionClub.php
27/07/2015 20:47:23 Entrée dans ActionJoueurs.php
27/07/2015 20:47:25 Entrée dans ActionEcoleDeFoot.php
27/07/2015 20:47:27 Entrée dans ActionAgenda.php
27/07/2015 20:47:30 Entrée dans ActionEvenement.php
27/07/2015 20:47:32 Entrée dans ActionSponsor.php
27/07/2015 21:34:21 Entrée dans ActionClub.php
28/07/2015 02:13:50 Entrée dans ActionJoueurs.php
28/07/2015 13:34:00 Entrée dans ActionAccueil.php
28/07/2015 13:34:34 Entrée dans AfficherPopupArticle.php
28/07/2015 13:34:55 Entrée dans AfficherPopupArticle.php
28/07/2015 13:35:12 Entrée dans ActionClub.php
28/07/2015 13:35:47 Entrée dans ActionJoueurs.php
28/07/2015 13:35:58 Entrée dans ActionEcoleDeFoot.php
28/07/2015 13:36:00 Entrée dans ActionEcoleDeFoot.php
28/07/2015 13:36:02 Entrée dans ActionEcoleDeFoot.php
28/07/2015 13:36:15 Entrée dans ActionAccueil.php
28/07/2015 13:36:33 Entrée dans ActionAgenda.php
28/07/2015 13:36:34 Entrée dans ActionAgenda.php
28/07/2015 13:36:39 Entrée dans ActionEvenement.php
28/07/2015 13:36:39 Entrée dans ActionEvenement.php
28/07/2015 13:37:04 Entrée dans ActionAccueil.php
28/07/2015 13:37:04 Entrée dans ActionAccueil.php
28/07/2015 14:34:07 Entrée dans ActionAccueil.php
28/07/2015 14:34:24 Entrée dans AfficherPopupArticle.php
28/07/2015 14:34:55 Entrée dans ActionJoueurs.php
28/07/2015 18:39:30 Entrée dans ActionAccueil.php
28/07/2015 23:31:29 Entrée dans ActionAccueil.php
28/07/2015 23:31:49 Entrée dans AfficherPopupArticle.php
28/07/2015 23:32:01 Entrée dans AfficherPopupArticle.php
28/07/2015 23:32:22 Entrée dans AfficherPopupArticle.php
28/07/2015 23:32:50 Entrée dans AfficherPopupArticle.php
28/07/2015 23:33:01 Entrée dans AfficherPopupArticle.php
29/07/2015 05:26:33 Entrée dans ActionAccueil.php
29/07/2015 05:26:54 Entrée dans AfficherPopupArticle.php
29/07/2015 10:58:14 Entrée dans ActionAccueil.php
29/07/2015 10:58:27 Entrée dans AfficherPopupArticle.php
29/07/2015 10:58:58 Entrée dans ActionJoueurs.php
29/07/2015 11:00:26 Entrée dans ActionAccueil.php
29/07/2015 19:33:05 Entrée dans ActionAccueil.php
29/07/2015 19:33:27 Entrée dans ActionClub.php
30/07/2015 06:36:44 Entrée dans ActionClub.php
30/07/2015 08:08:06 Entrée dans ActionEvenement.php
30/07/2015 10:08:37 Entrée dans ActionAccueil.php
30/07/2015 10:08:52 Entrée dans AfficherPopupArticle.php
30/07/2015 10:09:10 Entrée dans AfficherPopupArticle.php
30/07/2015 10:09:19 Entrée dans ActionJoueurs.php
30/07/2015 11:19:59 Entrée dans ActionJoueurs.php
30/07/2015 15:49:18 Entrée dans ActionSponsor.php
30/07/2015 15:49:49 Entrée dans ActionAccueil.php
30/07/2015 15:50:14 Entrée dans ActionJoueurs.php
30/07/2015 15:50:33 Entrée dans ActionClub.php
30/07/2015 15:50:38 Entrée dans ActionEcoleDeFoot.php
30/07/2015 15:51:04 Entrée dans ActionEvenement.php
30/07/2015 15:51:16 Entrée dans ActionClub.php
30/07/2015 15:52:26 Entrée dans ActionSponsor.php
30/07/2015 15:52:33 Entrée dans ActionClub.php
30/07/2015 16:24:05 Entrée dans ActionAccueil.php
30/07/2015 16:24:19 Entrée dans ActionEvenement.php
30/07/2015 16:53:29 Entrée dans ActionAccueil.php
30/07/2015 16:54:16 Entrée dans ActionJoueurs.php
30/07/2015 16:55:03 Entrée dans ActionSponsor.php
30/07/2015 18:44:27 Entrée dans ActionAccueil.php
30/07/2015 18:44:38 Entrée dans ActionJoueurs.php
30/07/2015 18:44:53 Entrée dans ActionAgenda.php
30/07/2015 18:44:55 Entrée dans ActionAgenda.php
30/07/2015 18:44:57 Entrée dans ActionEvenement.php
30/07/2015 18:45:01 Entrée dans ActionClub.php
30/07/2015 18:45:39 Entrée dans ActionAccueil.php
30/07/2015 22:58:50 Entrée dans ActionAccueil.php
31/07/2015 05:58:18 Entrée dans ActionAccueil.php
31/07/2015 05:58:19 Entrée dans ActionAccueil.php
31/07/2015 05:58:19 Entrée dans ActionClub.php
31/07/2015 05:58:19 Entrée dans ActionJoueurs.php
31/07/2015 05:58:20 Entrée dans ActionEcoleDeFoot.php
31/07/2015 05:58:20 Entrée dans ActionAgenda.php
31/07/2015 05:58:20 Entrée dans ActionEvenement.php
31/07/2015 05:58:20 Entrée dans ActionSponsor.php
31/07/2015 10:04:49 Entrée dans ActionAccueil.php
31/07/2015 11:57:10 Entrée dans ActionAccueil.php
31/07/2015 11:57:32 Entrée dans AfficherPopupArticle.php
31/07/2015 11:57:53 Entrée dans AfficherPopupArticle.php
31/07/2015 11:58:41 Entrée dans ActionEcoleDeFoot.php
31/07/2015 11:59:30 Entrée dans ActionEcoleDeFoot.php
31/07/2015 11:59:39 Entrée dans ActionEcoleDeFoot.php
31/07/2015 11:59:44 Entrée dans ActionEcoleDeFoot.php
31/07/2015 13:13:10 Entrée dans ActionAccueil.php
31/07/2015 13:49:34 Entrée dans ActionAccueil.php
31/07/2015 13:50:02 Entrée dans ActionJoueurs.php
31/07/2015 18:40:33 Entrée dans ActionAccueil.php
31/07/2015 18:40:45 Entrée dans ActionJoueurs.php
31/07/2015 18:40:58 Entrée dans ActionClub.php
31/07/2015 18:41:20 Entrée dans ActionJoueurs.php
31/07/2015 18:42:36 Entrée dans ActionEvenement.php
31/07/2015 18:42:38 Entrée dans ActionAccueil.php
31/07/2015 18:43:48 Entrée dans AfficherPopupArticle.php
31/07/2015 18:43:56 Entrée dans AfficherPopupArticle.php
