01/03/2019 00:02:54 Entrée dans ActionEcoleDeFoot.php
01/03/2019 01:36:43 Entrée dans ActionAccueil.php
01/03/2019 02:38:49 Entrée dans ActionClub.php
01/03/2019 05:23:21 Entrée dans ActionAccueil.php
01/03/2019 08:29:59 Entrée dans ActionClub.php
01/03/2019 10:34:16 Entrée dans ActionClub.php
01/03/2019 11:46:40 Entrée dans ActionSponsor.php
01/03/2019 17:37:07 Entrée dans ActionAccueil.php
01/03/2019 17:37:42 Entrée dans ActionAccueil.php
01/03/2019 17:53:05 Entrée dans ActionAccueil.php
01/03/2019 19:08:52 Entrée dans ActionEvenement.php
02/03/2019 06:28:06 Entrée dans ActionJoueurs.php
02/03/2019 08:44:31 Entrée dans ActionAccueil.php
02/03/2019 08:46:58 Entrée dans ActionAccueil.php
02/03/2019 12:20:22 Entrée dans ActionAccueil.php
02/03/2019 12:20:26 Entrée dans ActionLogin.php
02/03/2019 12:20:26 Authentification de tsutter.
02/03/2019 12:20:26 Entrée dans ActionProfil.php
02/03/2019 12:20:29 Entrée dans ActionArticle.php
02/03/2019 12:21:24 Entrée dans ActionArticle.php
02/03/2019 12:21:27 Entrée dans ActionAccueil.php
02/03/2019 13:26:51 Entrée dans ActionAccueil.php
02/03/2019 19:02:32 Entrée dans ActionAccueil.php
02/03/2019 20:46:45 Entrée dans ActionAccueil.php
02/03/2019 20:46:55 Entrée dans ActionClub.php
02/03/2019 22:01:06 Entrée dans ActionAccueil.php
02/03/2019 22:01:48 Entrée dans ActionEcoleDeFoot.php
02/03/2019 22:02:35 Entrée dans ActionEvenement.php
03/03/2019 06:30:34 Entrée dans ActionAccueil.php
03/03/2019 09:40:38 Entrée dans ActionAccueil.php
03/03/2019 09:40:49 Entrée dans ActionClub.php
03/03/2019 10:16:12 Entrée dans ActionAccueil.php
03/03/2019 10:28:33 Entrée dans ActionContact.php
03/03/2019 10:37:06 Entrée dans ActionAccueil.php
03/03/2019 11:55:39 Entrée dans ActionClub.php
03/03/2019 12:14:23 Entrée dans ActionAccueil.php
03/03/2019 12:15:19 Entrée dans ActionEvenement.php
03/03/2019 12:15:28 Entrée dans ActionClub.php
03/03/2019 21:29:45 Entrée dans ActionContact.php
03/03/2019 21:29:45 Entrée dans ActionContact.php
03/03/2019 21:37:36 Entrée dans ActionAccueil.php
03/03/2019 21:37:43 Entrée dans ActionClub.php
03/03/2019 21:37:45 Entrée dans ActionJoueurs.php
03/03/2019 21:37:48 Entrée dans ActionEcoleDeFoot.php
03/03/2019 21:37:50 Entrée dans ActionEvenement.php
03/03/2019 21:37:52 Entrée dans ActionSponsor.php
03/03/2019 21:37:55 Entrée dans ActionAgenda.php
03/03/2019 21:37:57 Entrée dans ActionAccueil.php
03/03/2019 21:42:45 Entrée dans ActionContact.php
03/03/2019 22:21:31 Entrée dans ActionAccueil.php
03/03/2019 22:21:39 Entrée dans ActionClub.php
03/03/2019 22:37:14 Entrée dans ActionEvenement.php
03/03/2019 22:42:22 Entrée dans ActionAccueil.php
04/03/2019 03:00:15 Entrée dans ActionEcoleDeFoot.php
04/03/2019 12:09:09 Entrée dans ActionContact.php
04/03/2019 12:09:09 Entrée dans ActionContact.php
04/03/2019 12:09:24 Entrée dans ActionContact.php
04/03/2019 12:09:25 Entrée dans ActionContact.php
04/03/2019 12:09:35 Entrée dans ActionContact.php
04/03/2019 12:09:36 Entrée dans ActionContact.php
04/03/2019 12:10:49 Entrée dans ActionContact.php
04/03/2019 12:10:49 Entrée dans ActionContact.php
04/03/2019 12:25:56 Entrée dans ActionJoueurs.php
04/03/2019 12:27:47 Entrée dans ActionAgenda.php
04/03/2019 12:27:58 Entrée dans ActionAgenda.php
04/03/2019 12:29:21 Entrée dans ActionAccueil.php
04/03/2019 12:29:27 Entrée dans ActionJoueurs.php
04/03/2019 12:29:39 Entrée dans ActionAgenda.php
04/03/2019 12:29:47 Entrée dans ActionAgenda.php
04/03/2019 12:54:57 Entrée dans ActionAccueil.php
04/03/2019 13:38:56 Entrée dans ActionAccueil.php
05/03/2019 04:05:25 Entrée dans ActionSponsor.php
05/03/2019 04:43:37 Entrée dans ActionClub.php
05/03/2019 04:43:42 Entrée dans ActionSponsor.php
05/03/2019 04:43:48 Entrée dans ActionClub.php
05/03/2019 07:23:31 Entrée dans ActionAccueil.php
05/03/2019 09:51:19 Entrée dans ActionAccueil.php
05/03/2019 10:39:53 Entrée dans ActionAccueil.php
05/03/2019 18:05:00 Entrée dans ActionAccueil.php
05/03/2019 18:06:19 Entrée dans ActionEvenement.php
05/03/2019 18:06:36 Entrée dans ActionEcoleDeFoot.php
05/03/2019 18:07:41 Entrée dans ActionClub.php
05/03/2019 18:11:52 Entrée dans ActionAgenda.php
05/03/2019 18:12:16 Entrée dans ActionAgenda.php
05/03/2019 20:56:00 Entrée dans ActionEvenement.php
05/03/2019 21:43:17 Entrée dans ActionAgenda.php
05/03/2019 23:46:39 Entrée dans ActionAccueil.php
05/03/2019 23:46:47 Entrée dans ActionEvenement.php
05/03/2019 23:48:14 Entrée dans ActionAccueil.php
05/03/2019 23:48:45 Entrée dans ActionEvenement.php
06/03/2019 04:33:43 Entrée dans ActionAgenda.php
06/03/2019 08:28:57 Entrée dans ActionAgenda.php
06/03/2019 10:34:33 Entrée dans ActionSponsor.php
06/03/2019 11:41:26 Entrée dans ActionClub.php
06/03/2019 13:44:27 Entrée dans ActionAccueil.php
06/03/2019 13:48:20 Entrée dans ActionClub.php
06/03/2019 13:52:55 Entrée dans ActionAccueil.php
06/03/2019 13:53:43 Entrée dans ActionEcoleDeFoot.php
06/03/2019 16:42:53 Entrée dans ActionAccueil.php
06/03/2019 22:22:58 Entrée dans ActionAccueil.php
06/03/2019 23:22:41 Entrée dans ActionAgenda.php
07/03/2019 08:33:46 Entrée dans ActionAccueil.php
07/03/2019 08:34:25 Entrée dans ActionClub.php
07/03/2019 08:35:41 Entrée dans ActionAccueil.php
07/03/2019 08:35:47 Entrée dans ActionJoueurs.php
07/03/2019 08:35:47 Entrée dans ActionAccueil.php
07/03/2019 08:36:36 Entrée dans ActionAccueil.php
07/03/2019 08:36:40 Entrée dans ActionAccueil.php
07/03/2019 08:36:59 Entrée dans ActionClub.php
07/03/2019 13:14:13 Entrée dans ActionAgenda.php
07/03/2019 14:40:16 Entrée dans ActionContact.php
07/03/2019 15:09:26 Entrée dans ActionEcoleDeFoot.php
07/03/2019 15:55:56 Entrée dans ActionAccueil.php
07/03/2019 15:56:43 Entrée dans ActionEcoleDeFoot.php
07/03/2019 16:49:31 Entrée dans ActionSponsor.php
07/03/2019 18:25:58 Entrée dans ActionAccueil.php
07/03/2019 18:26:06 Entrée dans ActionEcoleDeFoot.php
07/03/2019 18:26:57 Entrée dans ActionAgenda.php
07/03/2019 18:27:21 Entrée dans ActionAgenda.php
07/03/2019 18:27:31 Entrée dans ActionClub.php
07/03/2019 18:29:04 Entrée dans ActionEcoleDeFoot.php
07/03/2019 18:41:27 Entrée dans ActionJoueurs.php
07/03/2019 21:00:08 Entrée dans ActionAccueil.php
07/03/2019 21:01:01 Entrée dans ActionEcoleDeFoot.php
08/03/2019 02:46:16 Entrée dans ActionAgenda.php
08/03/2019 08:25:44 Entrée dans ActionSponsor.php
08/03/2019 08:25:49 Entrée dans ActionAgenda.php
08/03/2019 13:01:34 Entrée dans ActionAgenda.php
08/03/2019 13:19:18 Entrée dans ActionAccueil.php
08/03/2019 13:19:19 Entrée dans ActionEcoleDeFoot.php
08/03/2019 13:19:19 Entrée dans ActionClub.php
08/03/2019 13:19:20 Entrée dans ActionAgenda.php
08/03/2019 13:19:21 Entrée dans ActionEvenement.php
08/03/2019 13:19:21 Entrée dans ActionJoueurs.php
08/03/2019 13:19:22 Entrée dans ActionSponsor.php
08/03/2019 13:19:24 Entrée dans ActionAccueil.php
08/03/2019 13:19:24 Entrée dans ActionEcoleDeFoot.php
08/03/2019 13:19:25 Entrée dans ActionClub.php
08/03/2019 13:19:25 Entrée dans ActionAgenda.php
08/03/2019 13:19:26 Entrée dans ActionEvenement.php
08/03/2019 13:19:27 Entrée dans ActionJoueurs.php
08/03/2019 13:19:28 Entrée dans ActionSponsor.php
08/03/2019 15:07:51 Entrée dans ActionAccueil.php
08/03/2019 17:21:34 Entrée dans ActionAccueil.php
08/03/2019 18:01:35 Entrée dans ActionAccueil.php
08/03/2019 18:01:54 Entrée dans ActionEvenement.php
08/03/2019 18:02:39 Entrée dans ActionEcoleDeFoot.php
08/03/2019 18:03:09 Entrée dans ActionSponsor.php
08/03/2019 18:16:23 Entrée dans ActionClub.php
08/03/2019 19:06:40 Entrée dans ActionAccueil.php
08/03/2019 19:08:42 Entrée dans ActionAccueil.php
08/03/2019 20:10:23 Entrée dans ActionAccueil.php
08/03/2019 20:10:27 Entrée dans ActionLogin.php
08/03/2019 20:10:27 Authentification de tsutter.
08/03/2019 20:10:27 Entrée dans ActionProfil.php
08/03/2019 20:10:31 Entrée dans ActionPartenaire.php
08/03/2019 20:10:47 Entrée dans RechercherPartenaire.php
09/03/2019 01:05:22 Entrée dans ActionJoueurs.php
09/03/2019 03:43:52 Entrée dans ActionEvenement.php
09/03/2019 06:43:36 Entrée dans ActionJoueurs.php
09/03/2019 08:39:53 Entrée dans ActionAccueil.php
09/03/2019 08:40:41 Entrée dans ActionAgenda.php
09/03/2019 12:02:34 Entrée dans ActionAccueil.php
09/03/2019 18:55:18 Entrée dans ActionAccueil.php
09/03/2019 20:02:31 Entrée dans ActionAccueil.php
09/03/2019 20:03:05 Entrée dans ActionClub.php
09/03/2019 20:15:59 Entrée dans ActionAgenda.php
09/03/2019 20:19:42 Entrée dans ActionAccueil.php
09/03/2019 20:19:49 Entrée dans ActionClub.php
09/03/2019 20:20:49 Entrée dans ActionAccueil.php
09/03/2019 20:20:54 Entrée dans ActionSponsor.php
09/03/2019 20:20:56 Entrée dans ActionEvenement.php
09/03/2019 20:21:03 Entrée dans ActionClub.php
09/03/2019 20:26:06 Entrée dans ActionAccueil.php
09/03/2019 20:33:59 Entrée dans ActionClub.php
09/03/2019 21:20:26 Entrée dans ActionAccueil.php
09/03/2019 22:40:25 Entrée dans ActionLogin.php
09/03/2019 22:40:25 Authentification de tsutter.
09/03/2019 22:40:25 Entrée dans ActionProfil.php
09/03/2019 22:40:27 Entrée dans ActionPartenaire.php
09/03/2019 22:40:29 Entrée dans ActionAccueil.php
09/03/2019 22:41:50 Entrée dans RechercherPartenaire.php
09/03/2019 22:41:58 Entrée dans ActionPartenaire.php
09/03/2019 22:42:37 Entrée dans ActionSponsor.php
09/03/2019 22:54:53 Entrée dans ActionPartenaire.php
10/03/2019 14:52:30 Entrée dans ActionAccueil.php
