01/08/2018 01:09:07 Entrée dans ActionSponsor.php
01/08/2018 15:58:15 Entrée dans ActionClub.php
01/08/2018 17:25:39 Entrée dans ActionAccueil.php
01/08/2018 18:24:13 Entrée dans ActionAccueil.php
01/08/2018 18:24:40 Entrée dans ActionJoueurs.php
01/08/2018 18:24:52 Entrée dans ActionJoueurs.php
01/08/2018 21:18:51 Entrée dans ActionAccueil.php
01/08/2018 21:23:12 Entrée dans ActionAccueil.php
01/08/2018 21:23:34 Entrée dans ActionJoueurs.php
01/08/2018 23:49:16 Entrée dans ActionAccueil.php
02/08/2018 00:21:11 Entrée dans ActionAccueil.php
02/08/2018 12:25:09 Entrée dans ActionAccueil.php
02/08/2018 12:38:07 Entrée dans ActionAccueil.php
02/08/2018 12:45:05 Entrée dans ActionClub.php
02/08/2018 12:45:07 Entrée dans ActionJoueurs.php
02/08/2018 12:45:11 Entrée dans ActionEcoleDeFoot.php
02/08/2018 15:01:37 Entrée dans ActionEvenement.php
03/08/2018 01:09:23 Entrée dans ActionSponsor.php
03/08/2018 14:45:09 Entrée dans ActionAccueil.php
03/08/2018 16:41:26 Entrée dans ActionClub.php
03/08/2018 16:55:07 Entrée dans ActionAccueil.php
03/08/2018 16:55:30 Entrée dans ActionEcoleDeFoot.php
03/08/2018 16:56:34 Entrée dans ActionClub.php
03/08/2018 16:58:50 Entrée dans ActionJoueurs.php
03/08/2018 16:59:08 Entrée dans ActionAgenda.php
03/08/2018 16:59:14 Entrée dans ActionAgenda.php
03/08/2018 16:59:17 Entrée dans ActionAgenda.php
03/08/2018 16:59:21 Entrée dans ActionClub.php
03/08/2018 16:59:23 Entrée dans ActionSponsor.php
03/08/2018 18:54:39 Entrée dans ActionContact.php
03/08/2018 23:13:06 Entrée dans ActionAccueil.php
03/08/2018 23:13:09 Entrée dans ActionClub.php
03/08/2018 23:13:11 Entrée dans ActionJoueurs.php
03/08/2018 23:13:11 Entrée dans ActionEcoleDeFoot.php
03/08/2018 23:13:13 Entrée dans ActionAgenda.php
04/08/2018 01:29:37 Entrée dans ActionAccueil.php
04/08/2018 02:23:00 Entrée dans ActionAgenda.php
04/08/2018 03:21:02 Entrée dans ActionAccueil.php
04/08/2018 03:21:02 Entrée dans ActionClub.php
04/08/2018 03:21:04 Entrée dans ActionJoueurs.php
04/08/2018 03:21:04 Entrée dans ActionEcoleDeFoot.php
04/08/2018 03:21:05 Entrée dans ActionAgenda.php
04/08/2018 03:21:11 Entrée dans ActionAccueil.php
04/08/2018 03:21:11 Entrée dans ActionClub.php
04/08/2018 03:21:12 Entrée dans ActionJoueurs.php
04/08/2018 03:21:14 Entrée dans ActionEcoleDeFoot.php
04/08/2018 03:21:14 Entrée dans ActionAgenda.php
04/08/2018 04:08:50 Entrée dans ActionAccueil.php
04/08/2018 04:09:08 Entrée dans ActionJoueurs.php
04/08/2018 09:39:00 Entrée dans ActionEcoleDeFoot.php
04/08/2018 09:39:06 Entrée dans ActionClub.php
04/08/2018 09:39:12 Entrée dans ActionAgenda.php
04/08/2018 09:39:18 Entrée dans ActionSponsor.php
04/08/2018 09:39:24 Entrée dans ActionJoueurs.php
04/08/2018 09:39:30 Entrée dans ActionEvenement.php
04/08/2018 12:01:45 Entrée dans ActionAccueil.php
04/08/2018 12:34:07 Entrée dans ActionSponsor.php
04/08/2018 16:18:42 Entrée dans ActionAccueil.php
04/08/2018 16:46:47 Entrée dans ActionAccueil.php
04/08/2018 16:46:50 Entrée dans ActionClub.php
04/08/2018 16:46:52 Entrée dans ActionJoueurs.php
04/08/2018 16:46:56 Entrée dans ActionEcoleDeFoot.php
04/08/2018 16:49:15 Entrée dans ActionAccueil.php
04/08/2018 16:49:15 Entrée dans ActionAccueil.php
04/08/2018 16:49:55 Entrée dans ActionJoueurs.php
04/08/2018 19:39:48 Entrée dans ActionAccueil.php
05/08/2018 01:29:11 Entrée dans ActionEcoleDeFoot.php
05/08/2018 01:49:53 Entrée dans ActionEvenement.php
05/08/2018 09:03:35 Entrée dans ActionClub.php
05/08/2018 13:34:56 Entrée dans ActionAccueil.php
05/08/2018 13:44:24 Entrée dans ActionAccueil.php
06/08/2018 03:37:12 Entrée dans ActionAccueil.php
06/08/2018 04:04:29 Entrée dans ActionJoueurs.php
06/08/2018 05:48:54 Entrée dans ActionAccueil.php
06/08/2018 17:35:36 Entrée dans ActionEvenement.php
06/08/2018 18:17:49 Entrée dans ActionAgenda.php
06/08/2018 18:17:59 Entrée dans ActionAgenda.php
06/08/2018 18:18:00 Entrée dans ActionAgenda.php
06/08/2018 18:18:02 Entrée dans ActionAccueil.php
06/08/2018 18:18:11 Entrée dans ActionClub.php
06/08/2018 18:18:12 Entrée dans ActionJoueurs.php
06/08/2018 18:18:12 Entrée dans ActionEcoleDeFoot.php
06/08/2018 18:18:13 Entrée dans ActionEvenement.php
06/08/2018 18:18:14 Entrée dans ActionSponsor.php
06/08/2018 22:02:45 Entrée dans ActionAccueil.php
06/08/2018 22:05:25 Entrée dans ActionJoueurs.php
06/08/2018 22:55:18 Entrée dans ActionJoueurs.php
07/08/2018 03:01:50 Entrée dans ActionClub.php
07/08/2018 08:43:54 Entrée dans ActionEcoleDeFoot.php
07/08/2018 09:37:56 Entrée dans ActionAgenda.php
07/08/2018 10:18:41 Entrée dans ActionAccueil.php
07/08/2018 10:18:48 Entrée dans ActionEcoleDeFoot.php
07/08/2018 14:49:40 Entrée dans ActionAccueil.php
07/08/2018 14:50:03 Entrée dans ActionJoueurs.php
07/08/2018 14:50:35 Entrée dans ActionAccueil.php
07/08/2018 14:50:41 Entrée dans ActionEvenement.php
07/08/2018 14:50:42 Entrée dans ActionAgenda.php
07/08/2018 14:50:47 Entrée dans ActionAgenda.php
07/08/2018 21:02:54 Entrée dans ActionAgenda.php
07/08/2018 21:02:55 Entrée dans ActionAgenda.php
07/08/2018 21:02:56 Entrée dans ActionAgenda.php
07/08/2018 21:02:57 Entrée dans ActionAccueil.php
07/08/2018 21:02:57 Entrée dans ActionAgenda.php
07/08/2018 21:02:58 Entrée dans ActionAgenda.php
07/08/2018 21:02:59 Entrée dans ActionClub.php
07/08/2018 21:03:00 Entrée dans ActionAgenda.php
07/08/2018 21:03:02 Entrée dans ActionJoueurs.php
07/08/2018 21:03:02 Entrée dans ActionEcoleDeFoot.php
07/08/2018 21:03:03 Entrée dans ActionEvenement.php
07/08/2018 21:03:04 Entrée dans ActionSponsor.php
07/08/2018 21:03:09 Entrée dans ActionAccueil.php
07/08/2018 21:03:09 Entrée dans ActionClub.php
07/08/2018 21:03:10 Entrée dans ActionJoueurs.php
07/08/2018 21:03:11 Entrée dans ActionEcoleDeFoot.php
07/08/2018 21:03:11 Entrée dans ActionEvenement.php
07/08/2018 21:03:12 Entrée dans ActionSponsor.php
07/08/2018 21:39:42 Entrée dans ActionAccueil.php
07/08/2018 21:40:29 Entrée dans ActionAccueil.php
07/08/2018 21:42:14 Entrée dans ActionAccueil.php
07/08/2018 21:42:39 Entrée dans ActionJoueurs.php
07/08/2018 23:04:09 Entrée dans ActionSponsor.php
07/08/2018 23:16:41 Entrée dans ActionAccueil.php
08/08/2018 00:37:31 Entrée dans ActionEvenement.php
08/08/2018 03:37:25 Entrée dans ActionJoueurs.php
08/08/2018 03:49:26 Entrée dans ActionAccueil.php
08/08/2018 05:37:56 Entrée dans ActionEcoleDeFoot.php
08/08/2018 10:58:27 Entrée dans ActionAccueil.php
08/08/2018 11:20:31 Entrée dans ActionAccueil.php
08/08/2018 11:20:35 Entrée dans ActionAccueil.php
08/08/2018 11:20:35 Entrée dans ActionAccueil.php
08/08/2018 11:20:35 Entrée dans ActionAccueil.php
08/08/2018 11:20:35 Entrée dans ActionAccueil.php
08/08/2018 11:20:36 Entrée dans ActionAccueil.php
08/08/2018 12:26:05 Entrée dans ActionAccueil.php
08/08/2018 14:20:05 Entrée dans ActionAccueil.php
08/08/2018 14:20:48 Entrée dans ActionEcoleDeFoot.php
08/08/2018 14:21:03 Entrée dans ActionJoueurs.php
08/08/2018 15:01:57 Entrée dans ActionAccueil.php
08/08/2018 17:12:16 Entrée dans ActionAccueil.php
08/08/2018 17:12:58 Entrée dans ActionJoueurs.php
08/08/2018 17:13:18 Entrée dans ActionEvenement.php
08/08/2018 17:13:46 Entrée dans ActionAgenda.php
08/08/2018 17:14:10 Entrée dans ActionAgenda.php
08/08/2018 17:37:54 Entrée dans ActionAccueil.php
08/08/2018 20:10:18 Entrée dans ActionEcoleDeFoot.php
08/08/2018 22:00:54 Entrée dans ActionAccueil.php
09/08/2018 06:48:48 Entrée dans ActionAccueil.php
09/08/2018 11:48:54 Entrée dans ActionAccueil.php
09/08/2018 11:49:41 Entrée dans ActionJoueurs.php
09/08/2018 19:41:57 Entrée dans ActionJoueurs.php
09/08/2018 19:42:06 Entrée dans ActionClub.php
09/08/2018 19:42:12 Entrée dans ActionEcoleDeFoot.php
09/08/2018 19:42:54 Entrée dans ActionAgenda.php
09/08/2018 19:42:57 Entrée dans ActionEvenement.php
09/08/2018 19:43:04 Entrée dans ActionSponsor.php
09/08/2018 19:43:07 Entrée dans ActionEvenement.php
09/08/2018 19:43:10 Entrée dans ActionSponsor.php
09/08/2018 19:46:26 Entrée dans ActionClub.php
10/08/2018 12:02:51 Entrée dans ActionAccueil.php
10/08/2018 16:51:59 Entrée dans ActionAccueil.php
11/08/2018 04:57:17 Entrée dans ActionAccueil.php
11/08/2018 04:58:27 Entrée dans ActionJoueurs.php
11/08/2018 16:41:56 Entrée dans ActionAccueil.php
11/08/2018 16:42:22 Entrée dans ActionEcoleDeFoot.php
12/08/2018 01:17:23 Entrée dans ActionClub.php
12/08/2018 01:56:09 Entrée dans ActionSponsor.php
12/08/2018 10:13:50 Entrée dans ActionAccueil.php
12/08/2018 15:03:49 Entrée dans ActionAccueil.php
12/08/2018 15:04:07 Entrée dans ActionClub.php
12/08/2018 17:22:35 Entrée dans ActionAccueil.php
12/08/2018 17:22:38 Entrée dans ActionClub.php
12/08/2018 17:22:42 Entrée dans ActionAgenda.php
12/08/2018 17:22:44 Entrée dans ActionJoueurs.php
12/08/2018 17:22:45 Entrée dans ActionSponsor.php
12/08/2018 17:22:48 Entrée dans ActionEvenement.php
12/08/2018 19:26:38 Entrée dans ActionAccueil.php
12/08/2018 21:20:28 Entrée dans ActionAccueil.php
12/08/2018 21:20:45 Entrée dans ActionClub.php
12/08/2018 21:20:49 Entrée dans ActionJoueurs.php
13/08/2018 01:25:01 Entrée dans ActionClub.php
13/08/2018 10:05:42 Entrée dans ActionClub.php
13/08/2018 10:05:44 Entrée dans ActionJoueurs.php
13/08/2018 10:05:55 Entrée dans ActionEcoleDeFoot.php
13/08/2018 10:05:57 Entrée dans ActionEvenement.php
13/08/2018 12:28:44 Entrée dans ActionAccueil.php
13/08/2018 13:20:06 Entrée dans ActionAccueil.php
13/08/2018 13:20:10 Entrée dans ActionClub.php
13/08/2018 13:20:12 Entrée dans ActionJoueurs.php
13/08/2018 13:20:14 Entrée dans ActionEcoleDeFoot.php
13/08/2018 13:20:16 Entrée dans ActionAgenda.php
13/08/2018 13:20:19 Entrée dans ActionEvenement.php
13/08/2018 13:20:22 Entrée dans ActionSponsor.php
13/08/2018 13:32:59 Entrée dans ActionAccueil.php
13/08/2018 13:33:30 Entrée dans RechercherArticle.php
13/08/2018 13:33:34 Entrée dans ActionAccueil.php
13/08/2018 13:33:41 Entrée dans ActionClub.php
13/08/2018 13:33:49 Entrée dans ActionJoueurs.php
13/08/2018 13:33:58 Entrée dans ActionEcoleDeFoot.php
13/08/2018 13:34:07 Entrée dans ActionAgenda.php
13/08/2018 15:52:08 Entrée dans ActionAccueil.php
13/08/2018 15:53:44 Entrée dans ActionAccueil.php
13/08/2018 15:53:56 Entrée dans ActionEcoleDeFoot.php
13/08/2018 16:32:40 Entrée dans ActionAccueil.php
13/08/2018 16:34:22 Entrée dans ActionAccueil.php
13/08/2018 17:12:01 Entrée dans ActionAccueil.php
13/08/2018 17:12:04 Entrée dans ActionClub.php
13/08/2018 17:12:06 Entrée dans ActionJoueurs.php
13/08/2018 17:12:08 Entrée dans ActionEcoleDeFoot.php
13/08/2018 17:33:54 Entrée dans ActionAccueil.php
13/08/2018 17:34:06 Entrée dans ActionJoueurs.php
13/08/2018 17:34:13 Entrée dans ActionClub.php
13/08/2018 18:29:06 Entrée dans ActionAccueil.php
13/08/2018 20:23:05 Entrée dans ActionAccueil.php
13/08/2018 20:23:13 Entrée dans ActionAgenda.php
13/08/2018 20:23:40 Entrée dans ActionAgenda.php
13/08/2018 20:24:28 Entrée dans ActionClub.php
13/08/2018 20:25:08 Entrée dans ActionAgenda.php
13/08/2018 20:25:20 Entrée dans ActionAgenda.php
13/08/2018 20:25:46 Entrée dans ActionAgenda.php
13/08/2018 20:26:12 Entrée dans ActionJoueurs.php
14/08/2018 07:51:36 Entrée dans ActionAccueil.php
14/08/2018 07:52:11 Entrée dans ActionEcoleDeFoot.php
14/08/2018 07:53:57 Entrée dans ActionJoueurs.php
14/08/2018 07:54:21 Entrée dans ActionJoueurs.php
14/08/2018 07:54:28 Entrée dans ActionClub.php
14/08/2018 08:27:52 Entrée dans ActionEvenement.php
14/08/2018 11:09:48 Entrée dans ActionAccueil.php
14/08/2018 11:10:29 Entrée dans ActionAccueil.php
14/08/2018 11:34:24 Entrée dans ActionAccueil.php
14/08/2018 11:34:57 Entrée dans ActionJoueurs.php
14/08/2018 11:54:39 Entrée dans ActionAccueil.php
14/08/2018 12:01:15 Entrée dans ActionAccueil.php
14/08/2018 15:59:25 Entrée dans ActionAccueil.php
14/08/2018 15:59:35 Entrée dans ActionJoueurs.php
14/08/2018 15:59:45 Entrée dans ActionClub.php
14/08/2018 16:43:40 Entrée dans ActionEcoleDeFoot.php
14/08/2018 20:33:49 Entrée dans ActionAccueil.php
14/08/2018 20:33:53 Entrée dans ActionLogin.php
14/08/2018 20:33:54 Authentification de tsutter.
14/08/2018 20:33:54 Entrée dans ActionProfil.php
14/08/2018 20:33:56 Entrée dans ActionArticle.php
14/08/2018 20:34:58 Entrée dans ActionArticle.php
14/08/2018 20:35:58 Entrée dans ActionArticle.php
14/08/2018 20:36:20 Entrée dans ActionArticle.php
14/08/2018 20:36:30 Entrée dans ActionArticle.php
14/08/2018 20:37:36 Entrée dans ActionArticle.php
14/08/2018 20:37:44 Entrée dans ActionArticle.php
14/08/2018 20:37:58 Entrée dans ActionArticle.php
14/08/2018 20:38:12 Entrée dans ActionArticle.php
14/08/2018 20:38:55 Entrée dans ActionArticle.php
14/08/2018 20:39:00 Entrée dans ActionAccueil.php
14/08/2018 22:10:34 Entrée dans ActionContact.php
15/08/2018 02:59:31 Entrée dans ActionAccueil.php
15/08/2018 03:00:12 Entrée dans ActionJoueurs.php
15/08/2018 03:00:47 Entrée dans ActionClub.php
15/08/2018 03:03:41 Entrée dans ActionAgenda.php
15/08/2018 03:03:42 Entrée dans ActionAgenda.php
15/08/2018 03:03:44 Entrée dans ActionClub.php
15/08/2018 03:03:51 Entrée dans ActionEvenement.php
15/08/2018 04:19:56 Entrée dans ActionJoueurs.php
15/08/2018 05:28:11 Entrée dans ActionEcoleDeFoot.php
15/08/2018 07:31:17 Entrée dans ActionAgenda.php
15/08/2018 09:48:02 Entrée dans ActionAccueil.php
15/08/2018 09:59:14 Entrée dans ActionClub.php
15/08/2018 09:59:17 Entrée dans ActionClub.php
15/08/2018 09:59:27 Entrée dans ActionJoueurs.php
15/08/2018 10:34:00 Entrée dans ActionJoueurs.php
15/08/2018 10:34:09 Entrée dans ActionEcoleDeFoot.php
15/08/2018 10:34:14 Entrée dans ActionClub.php
15/08/2018 10:34:40 Entrée dans ActionJoueurs.php
15/08/2018 10:34:51 Entrée dans ActionEcoleDeFoot.php
15/08/2018 10:34:51 Entrée dans ActionEcoleDeFoot.php
15/08/2018 10:35:03 Entrée dans ActionEcoleDeFoot.php
15/08/2018 11:19:57 Entrée dans ActionAccueil.php
15/08/2018 12:06:33 Entrée dans ActionAccueil.php
15/08/2018 13:58:07 Entrée dans ActionAccueil.php
15/08/2018 13:58:45 Entrée dans ActionEvenement.php
15/08/2018 13:59:17 Entrée dans ActionJoueurs.php
15/08/2018 13:59:44 Entrée dans ActionEcoleDeFoot.php
15/08/2018 15:36:54 Entrée dans ActionJoueurs.php
15/08/2018 16:35:23 Entrée dans ActionAccueil.php
15/08/2018 16:36:46 Entrée dans ActionJoueurs.php
15/08/2018 17:27:19 Entrée dans ActionClub.php
15/08/2018 17:27:39 Entrée dans ActionEcoleDeFoot.php
15/08/2018 17:28:00 Entrée dans ActionEvenement.php
15/08/2018 17:28:03 Entrée dans ActionAgenda.php
15/08/2018 19:10:25 Entrée dans ActionClub.php
15/08/2018 19:13:43 Entrée dans ActionAccueil.php
15/08/2018 19:13:50 Entrée dans ActionLogin.php
15/08/2018 19:13:50 Authentification de tsutter.
15/08/2018 19:13:50 Entrée dans ActionProfil.php
15/08/2018 19:13:56 Entrée dans ActionPartenaire.php
15/08/2018 19:16:07 Entrée dans ActionAccueil.php
15/08/2018 19:16:12 Entrée dans ActionSponsor.php
15/08/2018 21:29:55 Entrée dans ActionAccueil.php
15/08/2018 21:30:19 Entrée dans ActionClub.php
15/08/2018 21:30:30 Entrée dans ActionEcoleDeFoot.php
16/08/2018 01:10:16 Entrée dans ActionAccueil.php
16/08/2018 05:00:27 Entrée dans ActionClub.php
16/08/2018 08:04:26 Entrée dans ActionEvenement.php
16/08/2018 08:43:27 Entrée dans ActionEvenement.php
16/08/2018 11:04:17 Entrée dans ActionAgenda.php
16/08/2018 12:14:00 Entrée dans ActionClub.php
16/08/2018 12:14:00 Entrée dans ActionAccueil.php
16/08/2018 12:14:00 Entrée dans ActionEcoleDeFoot.php
16/08/2018 12:16:00 Entrée dans ActionEvenement.php
16/08/2018 12:16:01 Entrée dans ActionAgenda.php
16/08/2018 12:16:01 Entrée dans ActionJoueurs.php
16/08/2018 12:51:46 Entrée dans ActionSponsor.php
16/08/2018 13:03:48 Entrée dans ActionClub.php
16/08/2018 15:22:15 Entrée dans ActionAccueil.php
16/08/2018 15:22:18 Entrée dans ActionAccueil.php
16/08/2018 15:22:20 Entrée dans ActionAccueil.php
16/08/2018 15:22:25 Entrée dans ActionAccueil.php
16/08/2018 15:26:15 Entrée dans ActionAccueil.php
16/08/2018 15:26:15 Entrée dans ActionAccueil.php
16/08/2018 15:26:15 Entrée dans ActionAccueil.php
16/08/2018 16:28:00 Entrée dans ActionAccueil.php
16/08/2018 16:28:00 Entrée dans ActionAccueil.php
16/08/2018 16:28:02 Entrée dans ActionAccueil.php
16/08/2018 16:29:08 Entrée dans ActionClub.php
16/08/2018 16:29:38 Entrée dans ActionAgenda.php
16/08/2018 16:29:44 Entrée dans ActionEcoleDeFoot.php
16/08/2018 16:31:04 Entrée dans ActionAgenda.php
16/08/2018 16:31:05 Entrée dans ActionEcoleDeFoot.php
16/08/2018 16:35:22 Entrée dans ActionAccueil.php
16/08/2018 17:35:09 Entrée dans ActionJoueurs.php
16/08/2018 19:54:17 Entrée dans ActionAccueil.php
16/08/2018 19:54:47 Entrée dans ActionEcoleDeFoot.php
16/08/2018 19:55:56 Entrée dans ActionClub.php
16/08/2018 21:14:56 Entrée dans ActionEcoleDeFoot.php
17/08/2018 01:06:32 Entrée dans ActionAccueil.php
17/08/2018 02:47:38 Entrée dans ActionEvenement.php
17/08/2018 03:48:27 Entrée dans ActionJoueurs.php
17/08/2018 16:20:59 Entrée dans ActionAccueil.php
17/08/2018 16:21:35 Entrée dans ActionEcoleDeFoot.php
17/08/2018 17:07:38 Entrée dans ActionAccueil.php
17/08/2018 18:14:35 Entrée dans ActionAccueil.php
17/08/2018 21:45:14 Entrée dans ActionEvenement.php
17/08/2018 21:51:37 Entrée dans ActionAccueil.php
17/08/2018 22:23:58 Entrée dans ActionSponsor.php
18/08/2018 01:38:13 Entrée dans ActionEcoleDeFoot.php
18/08/2018 02:48:23 Entrée dans ActionJoueurs.php
18/08/2018 02:56:06 Entrée dans ActionJoueurs.php
18/08/2018 03:12:05 Entrée dans ActionAccueil.php
18/08/2018 03:46:58 Entrée dans ActionEvenement.php
18/08/2018 06:36:53 Entrée dans ActionAccueil.php
18/08/2018 10:33:49 Entrée dans ActionAgenda.php
18/08/2018 10:55:02 Entrée dans ActionAccueil.php
18/08/2018 10:55:42 Entrée dans ActionAgenda.php
18/08/2018 10:55:58 Entrée dans ActionAccueil.php
18/08/2018 10:56:03 Entrée dans ActionEcoleDeFoot.php
18/08/2018 14:27:48 Entrée dans ActionAccueil.php
18/08/2018 14:27:53 Entrée dans ActionEcoleDeFoot.php
18/08/2018 14:27:53 Entrée dans ActionSponsor.php
18/08/2018 14:27:53 Entrée dans ActionJoueurs.php
18/08/2018 14:27:53 Entrée dans ActionClub.php
18/08/2018 14:27:54 Entrée dans ActionAgenda.php
18/08/2018 14:28:02 Entrée dans ActionEvenement.php
18/08/2018 19:23:44 Entrée dans ActionClub.php
18/08/2018 19:23:44 Entrée dans ActionAccueil.php
18/08/2018 19:23:44 Entrée dans ActionEcoleDeFoot.php
18/08/2018 19:23:48 Entrée dans ActionEvenement.php
18/08/2018 19:23:49 Entrée dans ActionAgenda.php
18/08/2018 19:23:49 Entrée dans ActionJoueurs.php
18/08/2018 21:34:35 Entrée dans ActionAccueil.php
18/08/2018 21:46:16 Entrée dans ActionAgenda.php
19/08/2018 01:36:01 Entrée dans ActionJoueurs.php
19/08/2018 11:14:11 Entrée dans ActionEcoleDeFoot.php
19/08/2018 11:19:02 Entrée dans ActionAccueil.php
19/08/2018 11:50:37 Entrée dans ActionSponsor.php
19/08/2018 14:05:23 Entrée dans ActionAgenda.php
19/08/2018 15:37:43 Entrée dans ActionAccueil.php
19/08/2018 15:39:18 Entrée dans ActionEcoleDeFoot.php
19/08/2018 15:39:21 Entrée dans ActionEcoleDeFoot.php
19/08/2018 23:20:44 Entrée dans ActionEvenement.php
20/08/2018 00:25:13 Entrée dans ActionAccueil.php
20/08/2018 00:25:16 Entrée dans ActionClub.php
20/08/2018 00:25:18 Entrée dans ActionJoueurs.php
20/08/2018 00:25:20 Entrée dans ActionEcoleDeFoot.php
20/08/2018 01:41:43 Entrée dans ActionJoueurs.php
20/08/2018 06:19:48 Entrée dans ActionSponsor.php
20/08/2018 07:09:04 Entrée dans ActionAccueil.php
20/08/2018 09:01:52 Entrée dans ActionAccueil.php
20/08/2018 09:02:46 Entrée dans ActionClub.php
20/08/2018 09:02:52 Entrée dans ActionJoueurs.php
20/08/2018 09:02:54 Entrée dans ActionEcoleDeFoot.php
20/08/2018 09:02:57 Entrée dans ActionAgenda.php
20/08/2018 09:03:00 Entrée dans ActionEvenement.php
20/08/2018 09:03:04 Entrée dans ActionSponsor.php
20/08/2018 13:54:09 Entrée dans ActionAccueil.php
20/08/2018 13:54:55 Entrée dans ActionAccueil.php
20/08/2018 14:58:38 Entrée dans ActionAccueil.php
20/08/2018 14:59:27 Entrée dans ActionJoueurs.php
20/08/2018 14:59:37 Entrée dans ActionClub.php
20/08/2018 16:50:59 Entrée dans ActionAccueil.php
20/08/2018 17:57:14 Entrée dans ActionAccueil.php
20/08/2018 21:14:47 Entrée dans ActionClub.php
20/08/2018 22:56:38 Entrée dans ActionAccueil.php
20/08/2018 22:57:08 Entrée dans ActionJoueurs.php
20/08/2018 22:58:36 Entrée dans ActionClub.php
20/08/2018 23:02:15 Entrée dans ActionJoueurs.php
21/08/2018 00:07:46 Entrée dans ActionEvenement.php
21/08/2018 05:35:46 Entrée dans ActionAgenda.php
21/08/2018 06:38:03 Entrée dans ActionJoueurs.php
21/08/2018 11:34:49 Entrée dans ActionAgenda.php
21/08/2018 14:46:54 Entrée dans ActionAccueil.php
21/08/2018 20:19:40 Entrée dans ActionAgenda.php
21/08/2018 22:09:20 Entrée dans ActionAccueil.php
21/08/2018 22:11:44 Entrée dans ActionAgenda.php
21/08/2018 22:12:01 Entrée dans ActionAgenda.php
21/08/2018 22:12:25 Entrée dans ActionAgenda.php
21/08/2018 22:12:46 Entrée dans ActionAgenda.php
21/08/2018 22:13:23 Entrée dans ActionEcoleDeFoot.php
22/08/2018 00:12:01 Entrée dans ActionEvenement.php
22/08/2018 00:49:19 Entrée dans ActionAccueil.php
22/08/2018 00:49:22 Entrée dans ActionClub.php
22/08/2018 08:47:49 Entrée dans ActionSponsor.php
22/08/2018 09:34:33 Entrée dans ActionSponsor.php
22/08/2018 09:37:57 Entrée dans ActionAccueil.php
22/08/2018 09:38:08 Entrée dans ActionAgenda.php
22/08/2018 09:38:21 Entrée dans ActionClub.php
22/08/2018 09:38:42 Entrée dans ActionClub.php
22/08/2018 11:09:08 Entrée dans ActionAccueil.php
22/08/2018 11:09:47 Entrée dans ActionJoueurs.php
22/08/2018 11:09:48 Entrée dans ActionAgenda.php
22/08/2018 11:09:48 Entrée dans ActionEvenement.php
22/08/2018 11:11:28 Entrée dans ActionSponsor.php
22/08/2018 11:12:43 Entrée dans ActionClub.php
22/08/2018 11:12:43 Entrée dans ActionAccueil.php
22/08/2018 11:12:43 Entrée dans ActionEcoleDeFoot.php
22/08/2018 12:29:49 Entrée dans ActionJoueurs.php
22/08/2018 13:42:55 Entrée dans ActionAgenda.php
22/08/2018 16:29:28 Entrée dans ActionJoueurs.php
22/08/2018 16:38:18 Entrée dans ActionAgenda.php
22/08/2018 18:12:40 Entrée dans ActionAccueil.php
22/08/2018 18:15:44 Entrée dans ActionJoueurs.php
22/08/2018 19:38:59 Entrée dans ActionClub.php
22/08/2018 20:19:44 Entrée dans ActionAccueil.php
23/08/2018 00:38:46 Entrée dans ActionAccueil.php
23/08/2018 00:38:49 Entrée dans ActionClub.php
23/08/2018 12:32:57 Entrée dans ActionAccueil.php
23/08/2018 12:32:57 Entrée dans ActionAccueil.php
23/08/2018 13:56:01 Entrée dans ActionAccueil.php
23/08/2018 13:56:41 Entrée dans ActionAgenda.php
23/08/2018 13:56:47 Entrée dans ActionAgenda.php
23/08/2018 13:56:50 Entrée dans ActionAgenda.php
23/08/2018 14:56:22 Entrée dans ActionAccueil.php
23/08/2018 16:10:59 Entrée dans ActionAccueil.php
23/08/2018 16:11:27 Entrée dans ActionEcoleDeFoot.php
23/08/2018 16:13:03 Entrée dans ActionAgenda.php
23/08/2018 16:13:19 Entrée dans ActionAgenda.php
23/08/2018 16:13:24 Entrée dans ActionAgenda.php
23/08/2018 16:13:37 Entrée dans ActionEvenement.php
23/08/2018 16:13:51 Entrée dans ActionClub.php
23/08/2018 16:15:47 Entrée dans ActionJoueurs.php
23/08/2018 16:16:33 Entrée dans ActionSponsor.php
23/08/2018 22:00:02 Entrée dans ActionAccueil.php
23/08/2018 23:55:55 Entrée dans ActionClub.php
24/08/2018 03:11:16 Entrée dans ActionEvenement.php
24/08/2018 04:57:48 Entrée dans ActionClub.php
24/08/2018 11:23:32 Entrée dans ActionAccueil.php
24/08/2018 11:23:58 Entrée dans ActionClub.php
24/08/2018 11:36:57 Entrée dans ActionAccueil.php
24/08/2018 11:37:35 Entrée dans ActionAccueil.php
24/08/2018 11:38:25 Entrée dans ActionJoueurs.php
24/08/2018 11:39:02 Entrée dans ActionClub.php
24/08/2018 11:39:11 Entrée dans ActionAgenda.php
24/08/2018 11:53:48 Entrée dans ActionAccueil.php
24/08/2018 12:18:36 Entrée dans ActionAccueil.php
24/08/2018 12:18:52 Entrée dans ActionAccueil.php
24/08/2018 15:07:58 Entrée dans ActionAccueil.php
24/08/2018 15:07:59 Entrée dans ActionClub.php
24/08/2018 15:08:01 Entrée dans ActionJoueurs.php
24/08/2018 15:08:02 Entrée dans ActionEcoleDeFoot.php
24/08/2018 15:08:04 Entrée dans ActionAgenda.php
24/08/2018 15:08:06 Entrée dans ActionEvenement.php
24/08/2018 15:26:08 Entrée dans ActionSponsor.php
24/08/2018 16:28:43 Entrée dans ActionClub.php
24/08/2018 16:36:41 Entrée dans ActionAccueil.php
24/08/2018 19:05:03 Entrée dans ActionAccueil.php
24/08/2018 19:05:28 Entrée dans ActionJoueurs.php
24/08/2018 21:37:08 Entrée dans ActionAccueil.php
25/08/2018 07:33:05 Entrée dans ActionSponsor.php
25/08/2018 09:58:41 Entrée dans ActionAccueil.php
25/08/2018 09:59:27 Entrée dans ActionAccueil.php
25/08/2018 09:59:33 Entrée dans ActionClub.php
25/08/2018 09:59:35 Entrée dans ActionClub.php
25/08/2018 10:59:53 Entrée dans ActionAccueil.php
25/08/2018 11:06:30 Entrée dans ActionJoueurs.php
25/08/2018 11:06:43 Entrée dans ActionJoueurs.php
25/08/2018 13:24:02 Entrée dans ActionAccueil.php
25/08/2018 13:24:37 Entrée dans ActionJoueurs.php
25/08/2018 13:25:06 Entrée dans ActionClub.php
25/08/2018 13:26:00 Entrée dans ActionEcoleDeFoot.php
25/08/2018 15:14:45 Entrée dans ActionAccueil.php
25/08/2018 18:18:18 Entrée dans ActionAccueil.php
25/08/2018 18:18:46 Entrée dans ActionJoueurs.php
25/08/2018 21:03:07 Entrée dans ActionAccueil.php
25/08/2018 21:03:31 Entrée dans ActionJoueurs.php
25/08/2018 21:03:51 Entrée dans ActionClub.php
25/08/2018 21:04:03 Entrée dans ActionEvenement.php
25/08/2018 21:10:59 Entrée dans ActionSponsor.php
25/08/2018 21:11:03 Entrée dans ActionEvenement.php
25/08/2018 21:11:16 Entrée dans ActionJoueurs.php
25/08/2018 21:30:35 Entrée dans ActionAccueil.php
25/08/2018 21:43:32 Entrée dans ActionAccueil.php
26/08/2018 05:28:54 Entrée dans ActionAccueil.php
26/08/2018 05:29:08 Entrée dans ActionJoueurs.php
26/08/2018 07:24:50 Entrée dans ActionAccueil.php
26/08/2018 07:24:52 Entrée dans ActionClub.php
26/08/2018 07:24:55 Entrée dans ActionJoueurs.php
26/08/2018 07:24:58 Entrée dans ActionEcoleDeFoot.php
26/08/2018 14:07:31 Entrée dans ActionAccueil.php
26/08/2018 14:22:36 Entrée dans ActionAccueil.php
26/08/2018 14:23:23 Entrée dans ActionAccueil.php
26/08/2018 14:23:30 Entrée dans ActionClub.php
26/08/2018 17:57:31 Entrée dans ActionAccueil.php
26/08/2018 17:58:00 Entrée dans ActionAgenda.php
26/08/2018 17:58:13 Entrée dans ActionAgenda.php
26/08/2018 18:35:54 Entrée dans ActionAccueil.php
26/08/2018 19:27:25 Entrée dans ActionEcoleDeFoot.php
26/08/2018 19:27:34 Entrée dans ActionSponsor.php
26/08/2018 20:21:36 Entrée dans ActionAccueil.php
26/08/2018 20:21:52 Entrée dans ActionJoueurs.php
26/08/2018 20:38:52 Entrée dans ActionClub.php
27/08/2018 10:03:08 Entrée dans ActionClub.php
27/08/2018 11:50:00 Entrée dans ActionClub.php
27/08/2018 12:54:01 Entrée dans ActionAccueil.php
27/08/2018 12:56:10 Entrée dans ActionEcoleDeFoot.php
27/08/2018 14:03:03 Entrée dans ActionAccueil.php
27/08/2018 14:33:53 Entrée dans ActionAccueil.php
27/08/2018 14:34:12 Entrée dans ActionJoueurs.php
27/08/2018 15:30:12 Entrée dans ActionAccueil.php
27/08/2018 15:30:16 Entrée dans ActionClub.php
27/08/2018 15:30:19 Entrée dans ActionJoueurs.php
27/08/2018 15:30:21 Entrée dans ActionEcoleDeFoot.php
27/08/2018 15:30:23 Entrée dans ActionAgenda.php
27/08/2018 15:30:26 Entrée dans ActionEvenement.php
27/08/2018 15:30:28 Entrée dans ActionSponsor.php
27/08/2018 17:23:30 Entrée dans ActionAccueil.php
27/08/2018 17:23:41 Entrée dans ActionClub.php
27/08/2018 17:23:56 Entrée dans ActionEcoleDeFoot.php
27/08/2018 17:24:29 Entrée dans ActionAgenda.php
27/08/2018 17:24:37 Entrée dans ActionAccueil.php
27/08/2018 19:27:47 Entrée dans ActionAccueil.php
27/08/2018 19:41:57 Entrée dans ActionAccueil.php
27/08/2018 21:46:22 Entrée dans ActionJoueurs.php
27/08/2018 21:48:26 Entrée dans ActionAccueil.php
27/08/2018 21:48:41 Entrée dans ActionLogin.php
27/08/2018 21:48:41 Authentification de tsutter.
27/08/2018 21:48:42 Entrée dans ActionProfil.php
27/08/2018 21:48:44 Entrée dans ActionArticle.php
27/08/2018 21:56:43 Entrée dans ActionArticle.php
27/08/2018 21:57:03 Entrée dans ActionArticle.php
27/08/2018 21:57:26 Entrée dans ActionArticle.php
27/08/2018 21:57:55 Entrée dans ActionArticle.php
27/08/2018 21:58:08 Entrée dans ActionArticle.php
27/08/2018 22:02:29 Entrée dans ActionArticle.php
27/08/2018 22:02:34 Entrée dans ActionAccueil.php
27/08/2018 22:12:25 Entrée dans ActionAccueil.php
27/08/2018 22:14:13 Entrée dans ActionJoueurs.php
27/08/2018 22:14:38 Entrée dans ActionClub.php
28/08/2018 02:37:36 Entrée dans ActionJoueurs.php
28/08/2018 02:41:07 Entrée dans ActionAccueil.php
28/08/2018 02:41:54 Entrée dans ActionJoueurs.php
28/08/2018 02:42:25 Entrée dans ActionAgenda.php
28/08/2018 02:43:05 Entrée dans ActionEvenement.php
28/08/2018 02:43:16 Entrée dans ActionClub.php
28/08/2018 02:44:38 Entrée dans ActionEcoleDeFoot.php
28/08/2018 02:44:56 Entrée dans ActionJoueurs.php
28/08/2018 02:45:53 Entrée dans ActionClub.php
28/08/2018 04:47:29 Entrée dans ActionClub.php
28/08/2018 05:36:59 Entrée dans ActionJoueurs.php
28/08/2018 09:11:09 Entrée dans ActionAccueil.php
28/08/2018 12:15:49 Entrée dans ActionAccueil.php
28/08/2018 16:19:23 Entrée dans ActionAccueil.php
28/08/2018 16:19:59 Entrée dans ActionEcoleDeFoot.php
28/08/2018 16:21:53 Entrée dans ActionClub.php
28/08/2018 16:30:17 Entrée dans ActionAgenda.php
28/08/2018 17:40:44 Entrée dans ActionEcoleDeFoot.php
28/08/2018 17:58:18 Entrée dans ActionAccueil.php
28/08/2018 18:09:55 Entrée dans ActionAccueil.php
28/08/2018 18:09:57 Entrée dans ActionLogin.php
28/08/2018 18:09:57 Authentification de tsutter.
28/08/2018 18:09:57 Entrée dans ActionProfil.php
28/08/2018 18:10:00 Entrée dans ActionPartenaire.php
28/08/2018 18:11:11 Entrée dans RechercherPartenaire.php
28/08/2018 18:16:17 Entrée dans ActionPartenaire.php
28/08/2018 18:16:22 Entrée dans RechercherPartenaire.php
28/08/2018 18:16:30 Entrée dans ActionPartenaire.php
28/08/2018 18:16:33 Entrée dans RechercherPartenaire.php
28/08/2018 18:27:27 Entrée dans ActionAccueil.php
28/08/2018 18:27:27 Entrée dans ActionAccueil.php
28/08/2018 18:27:27 Entrée dans ActionAccueil.php
29/08/2018 01:22:44 Entrée dans ActionAccueil.php
29/08/2018 02:36:08 Entrée dans ActionAccueil.php
29/08/2018 02:36:10 Entrée dans ActionClub.php
29/08/2018 02:36:11 Entrée dans ActionJoueurs.php
29/08/2018 02:36:12 Entrée dans ActionEcoleDeFoot.php
29/08/2018 07:54:32 Entrée dans ActionJoueurs.php
29/08/2018 09:22:52 Entrée dans ActionClub.php
29/08/2018 10:26:51 Entrée dans ActionMembre.php
29/08/2018 10:26:52 Entrée dans ActionAccueil.php
29/08/2018 10:27:07 Entrée dans ActionLogin.php
29/08/2018 10:27:07 Authentification de aissadi.
29/08/2018 10:27:07 Entrée dans ActionProfil.php
29/08/2018 10:27:28 Entrée dans ActionMembre.php
29/08/2018 10:28:07 Entrée dans ActionMembre.php
29/08/2018 10:28:38 Entrée dans ActionMembre.php
29/08/2018 10:32:46 Entrée dans ActionMembre.php
29/08/2018 10:34:22 Entrée dans ActionMembre.php
29/08/2018 10:36:10 Entrée dans ActionMembre.php
29/08/2018 10:37:46 Entrée dans ActionMembre.php
29/08/2018 10:38:50 Entrée dans ActionMembre.php
29/08/2018 10:39:50 Entrée dans ActionMembre.php
29/08/2018 10:40:59 Entrée dans ActionMembre.php
29/08/2018 10:41:57 Entrée dans ActionMembre.php
29/08/2018 10:42:59 Entrée dans ActionMembre.php
29/08/2018 10:44:41 Entrée dans ActionMembre.php
29/08/2018 10:44:59 Entrée dans ActionMembre.php
29/08/2018 10:45:26 Entrée dans ActionMembre.php
29/08/2018 10:52:36 Entrée dans RechercherMembre.php
29/08/2018 10:53:50 Entrée dans ActionMembre.php
29/08/2018 10:54:48 Entrée dans RechercherMembre.php
29/08/2018 10:55:23 Entrée dans ActionMembre.php
29/08/2018 10:56:03 Entrée dans RechercherMembre.php
29/08/2018 10:56:26 Entrée dans ActionMembre.php
29/08/2018 10:57:03 Entrée dans RechercherMembre.php
29/08/2018 10:57:32 Entrée dans ActionMembre.php
29/08/2018 10:57:43 Entrée dans RechercherMembre.php
29/08/2018 10:58:37 Entrée dans ActionMembre.php
29/08/2018 10:59:21 Entrée dans RechercherMembre.php
29/08/2018 10:59:46 Entrée dans ActionMembre.php
29/08/2018 11:00:04 Entrée dans RechercherMembre.php
29/08/2018 11:00:42 Entrée dans ActionMembre.php
29/08/2018 11:01:24 Entrée dans RechercherMembre.php
29/08/2018 11:01:55 Entrée dans ActionMembre.php
29/08/2018 11:21:34 Entrée dans RechercherMembre.php
29/08/2018 11:22:08 Entrée dans ActionMembre.php
29/08/2018 11:22:31 Entrée dans RechercherMembre.php
29/08/2018 11:22:54 Entrée dans ActionMembre.php
29/08/2018 11:34:33 Entrée dans ActionMembre.php
29/08/2018 11:57:33 Entrée dans ActionAccueil.php
29/08/2018 11:58:21 Entrée dans ActionEcoleDeFoot.php
29/08/2018 12:23:48 Entrée dans ActionMembre.php
29/08/2018 12:23:55 Entrée dans ActionAccueil.php
29/08/2018 12:28:38 Entrée dans ActionEcoleDeFoot.php
29/08/2018 14:46:50 Entrée dans ActionAccueil.php
29/08/2018 14:49:00 Entrée dans ActionEcoleDeFoot.php
29/08/2018 14:49:07 Entrée dans ActionEcoleDeFoot.php
29/08/2018 14:49:09 Entrée dans ActionJoueurs.php
29/08/2018 14:52:33 Entrée dans ActionAgenda.php
29/08/2018 15:11:12 Entrée dans ActionAccueil.php
29/08/2018 15:14:31 Entrée dans ActionEcoleDeFoot.php
29/08/2018 15:15:03 Entrée dans ActionAgenda.php
29/08/2018 15:15:16 Entrée dans ActionAgenda.php
29/08/2018 15:15:30 Entrée dans ActionAgenda.php
29/08/2018 15:15:33 Entrée dans ActionAgenda.php
29/08/2018 17:45:10 Entrée dans ActionAccueil.php
29/08/2018 17:45:13 Entrée dans ActionSponsor.php
29/08/2018 17:50:00 Entrée dans ActionSponsor.php
29/08/2018 17:51:12 Entrée dans ActionSponsor.php
29/08/2018 17:51:19 Entrée dans ActionLogin.php
29/08/2018 17:51:19 Authentification de tsutter.
29/08/2018 17:51:19 Entrée dans ActionProfil.php
29/08/2018 17:51:22 Entrée dans ActionPartenaire.php
29/08/2018 17:51:37 Entrée dans ActionAccueil.php
29/08/2018 17:51:40 Entrée dans ActionSponsor.php
29/08/2018 17:51:49 Entrée dans ActionPartenaire.php
29/08/2018 17:51:54 Entrée dans ActionPartenaire.php
29/08/2018 17:51:58 Entrée dans ActionPartenaire.php
29/08/2018 17:52:04 Entrée dans ActionPartenaire.php
29/08/2018 17:52:07 Entrée dans ActionPartenaire.php
29/08/2018 17:52:11 Entrée dans ActionPartenaire.php
29/08/2018 17:53:21 Entrée dans ActionPartenaire.php
29/08/2018 17:53:25 Entrée dans RechercherPartenaire.php
29/08/2018 17:53:30 Entrée dans ActionSponsor.php
29/08/2018 17:54:19 Entrée dans ActionSponsor.php
29/08/2018 17:54:33 Entrée dans ActionPartenaire.php
29/08/2018 17:54:50 Entrée dans ActionPartenaire.php
29/08/2018 17:55:12 Entrée dans ActionPartenaire.php
29/08/2018 17:55:20 Entrée dans ActionSponsor.php
29/08/2018 17:56:51 Entrée dans ActionAccueil.php
29/08/2018 17:57:56 Entrée dans ActionSponsor.php
29/08/2018 17:57:57 Entrée dans ActionAccueil.php
29/08/2018 18:26:31 Entrée dans ActionAccueil.php
29/08/2018 18:27:04 Entrée dans ActionAgenda.php
29/08/2018 18:27:35 Entrée dans ActionEcoleDeFoot.php
29/08/2018 19:53:57 Entrée dans ActionAccueil.php
29/08/2018 20:31:42 Entrée dans ActionAgenda.php
29/08/2018 21:41:18 Entrée dans ActionAccueil.php
29/08/2018 21:42:03 Entrée dans ActionEcoleDeFoot.php
29/08/2018 21:42:51 Entrée dans ActionAgenda.php
29/08/2018 21:43:07 Entrée dans ActionAgenda.php
29/08/2018 21:43:14 Entrée dans ActionEvenement.php
29/08/2018 21:43:17 Entrée dans ActionEvenement.php
29/08/2018 21:43:20 Entrée dans ActionEcoleDeFoot.php
29/08/2018 21:43:38 Entrée dans ActionAccueil.php
30/08/2018 01:56:38 Entrée dans ActionAccueil.php
30/08/2018 01:57:44 Entrée dans ActionJoueurs.php
30/08/2018 01:58:13 Entrée dans ActionClub.php
30/08/2018 01:59:29 Entrée dans ActionEcoleDeFoot.php
30/08/2018 01:59:35 Entrée dans ActionEvenement.php
30/08/2018 01:59:46 Entrée dans ActionAgenda.php
30/08/2018 08:16:29 Entrée dans ActionAccueil.php
30/08/2018 08:16:43 Entrée dans ActionAgenda.php
30/08/2018 08:17:10 Entrée dans ActionEvenement.php
30/08/2018 08:17:28 Entrée dans ActionEcoleDeFoot.php
30/08/2018 08:17:56 Entrée dans ActionJoueurs.php
30/08/2018 08:18:24 Entrée dans ActionClub.php
30/08/2018 08:18:29 Entrée dans ActionJoueurs.php
30/08/2018 13:10:59 Entrée dans ActionAccueil.php
30/08/2018 13:11:22 Entrée dans ActionEcoleDeFoot.php
30/08/2018 13:40:45 Entrée dans ActionAccueil.php
30/08/2018 13:41:24 Entrée dans ActionJoueurs.php
30/08/2018 13:41:35 Entrée dans ActionClub.php
30/08/2018 13:44:30 Entrée dans ActionAgenda.php
30/08/2018 13:44:40 Entrée dans ActionJoueurs.php
30/08/2018 14:07:56 Entrée dans ActionAccueil.php
30/08/2018 14:08:44 Entrée dans ActionEcoleDeFoot.php
30/08/2018 15:58:25 Entrée dans ActionClub.php
30/08/2018 17:36:26 Entrée dans ActionSponsor.php
30/08/2018 17:46:32 Entrée dans ActionAccueil.php
30/08/2018 17:46:57 Entrée dans ActionEcoleDeFoot.php
30/08/2018 17:47:45 Entrée dans ActionEvenement.php
30/08/2018 18:33:33 Entrée dans ActionAccueil.php
30/08/2018 18:34:08 Entrée dans ActionJoueurs.php
30/08/2018 19:08:31 Entrée dans ActionClub.php
30/08/2018 21:24:17 Entrée dans ActionEvenement.php
31/08/2018 03:57:57 Entrée dans ActionJoueurs.php
31/08/2018 06:43:07 Entrée dans ActionAccueil.php
31/08/2018 13:27:38 Entrée dans ActionAccueil.php
31/08/2018 15:10:28 Entrée dans ActionAccueil.php
31/08/2018 15:11:36 Entrée dans ActionClub.php
31/08/2018 15:13:13 Entrée dans ActionAgenda.php
31/08/2018 16:01:30 Entrée dans ActionAccueil.php
31/08/2018 20:21:57 Entrée dans ActionAccueil.php
31/08/2018 20:39:53 Entrée dans ActionEvenement.php
31/08/2018 22:36:45 Entrée dans ActionAccueil.php
31/08/2018 22:37:06 Entrée dans ActionJoueurs.php
31/08/2018 22:37:08 Entrée dans ActionAccueil.php
31/08/2018 23:37:23 Entrée dans ActionJoueurs.php
31/08/2018 23:37:40 Entrée dans ActionClub.php
